[2023-09-05T15:24:59.788+0000] {taskinstance.py:1159} INFO - Dependencies all met for dep_context=non-requeueable deps ti=<TaskInstance: tasks_relations.say_hello scheduled__2023-02-13T00:00:00+00:00 [queued]>
[2023-09-05T15:24:59.803+0000] {taskinstance.py:1159} INFO - Dependencies all met for dep_context=requeueable deps ti=<TaskInstance: tasks_relations.say_hello scheduled__2023-02-13T00:00:00+00:00 [queued]>
[2023-09-05T15:24:59.804+0000] {taskinstance.py:1361} INFO - Starting attempt 1 of 1
[2023-09-05T15:24:59.844+0000] {taskinstance.py:1382} INFO - Executing <Task(_PythonDecoratedOperator): say_hello> on 2023-02-13 00:00:00+00:00
[2023-09-05T15:24:59.868+0000] {standard_task_runner.py:84} INFO - Running: ['***', 'tasks', 'run', 'tasks_relations', 'say_hello', 'scheduled__2023-02-13T00:00:00+00:00', '--job-id', '137', '--raw', '--subdir', 'DAGS_FOLDER/tasks_relations.py', '--cfg-path', '/tmp/tmpkziaw9v2']
[2023-09-05T15:24:59.882+0000] {standard_task_runner.py:85} INFO - Job 137: Subtask say_hello
[2023-09-05T15:24:59.857+0000] {standard_task_runner.py:57} INFO - Started process 353 to run task
[2023-09-05T15:25:00.025+0000] {task_command.py:415} INFO - Running <TaskInstance: tasks_relations.say_hello scheduled__2023-02-13T00:00:00+00:00 [running]> on host ca474790e981
[2023-09-05T15:25:00.226+0000] {taskinstance.py:1660} INFO - Exporting env vars: AIRFLOW_CTX_DAG_OWNER='***' AIRFLOW_CTX_DAG_ID='tasks_relations' AIRFLOW_CTX_TASK_ID='say_hello' AIRFLOW_CTX_EXECUTION_DATE='2023-02-13T00:00:00+00:00' AIRFLOW_CTX_TRY_NUMBER='1' AIRFLOW_CTX_DAG_RUN_ID='scheduled__2023-02-13T00:00:00+00:00'
[2023-09-05T15:25:00.234+0000] {logging_mixin.py:151} INFO - hello ***
[2023-09-05T15:25:00.235+0000] {python.py:194} INFO - Done. Returned value was: None
[2023-09-05T15:25:00.269+0000] {taskinstance.py:1400} INFO - Marking task as SUCCESS. dag_id=tasks_relations, task_id=say_hello, execution_date=20230213T000000, start_date=20230905T152459, end_date=20230905T152500
[2023-09-05T15:25:00.355+0000] {local_task_job_runner.py:228} INFO - Task exited with return code 0
[2023-09-05T15:25:00.405+0000] {taskinstance.py:2784} INFO - 0 downstream tasks scheduled from follow-on schedule check
[2023-09-12T17:34:10.837+0000] {taskinstance.py:1159} INFO - Dependencies all met for dep_context=non-requeueable deps ti=<TaskInstance: tasks_relations.say_hello scheduled__2023-02-13T00:00:00+00:00 [queued]>
[2023-09-12T17:34:10.865+0000] {taskinstance.py:1159} INFO - Dependencies all met for dep_context=requeueable deps ti=<TaskInstance: tasks_relations.say_hello scheduled__2023-02-13T00:00:00+00:00 [queued]>
[2023-09-12T17:34:10.872+0000] {taskinstance.py:1361} INFO - Starting attempt 1 of 1
[2023-09-12T17:34:10.926+0000] {taskinstance.py:1382} INFO - Executing <Task(_PythonDecoratedOperator): say_hello> on 2023-02-13 00:00:00+00:00
[2023-09-12T17:34:10.986+0000] {standard_task_runner.py:57} INFO - Started process 827 to run task
[2023-09-12T17:34:11.008+0000] {standard_task_runner.py:84} INFO - Running: ['***', 'tasks', 'run', 'tasks_relations', 'say_hello', 'scheduled__2023-02-13T00:00:00+00:00', '--job-id', '355', '--raw', '--subdir', 'DAGS_FOLDER/2_tasks_relations.py', '--cfg-path', '/tmp/tmp2fkk92xl']
[2023-09-12T17:34:11.028+0000] {standard_task_runner.py:85} INFO - Job 355: Subtask say_hello
[2023-09-12T17:34:11.333+0000] {task_command.py:415} INFO - Running <TaskInstance: tasks_relations.say_hello scheduled__2023-02-13T00:00:00+00:00 [running]> on host 0ab7970e0956
[2023-09-12T17:34:11.632+0000] {taskinstance.py:1660} INFO - Exporting env vars: AIRFLOW_CTX_DAG_OWNER='***' AIRFLOW_CTX_DAG_ID='tasks_relations' AIRFLOW_CTX_TASK_ID='say_hello' AIRFLOW_CTX_EXECUTION_DATE='2023-02-13T00:00:00+00:00' AIRFLOW_CTX_TRY_NUMBER='1' AIRFLOW_CTX_DAG_RUN_ID='scheduled__2023-02-13T00:00:00+00:00'
[2023-09-12T17:34:11.635+0000] {logging_mixin.py:151} INFO - hello world
[2023-09-12T17:34:11.638+0000] {python.py:194} INFO - Done. Returned value was: None
[2023-09-12T17:34:11.667+0000] {taskinstance.py:1400} INFO - Marking task as SUCCESS. dag_id=tasks_relations, task_id=say_hello, execution_date=20230213T000000, start_date=20230912T173410, end_date=20230912T173411
[2023-09-12T17:34:11.741+0000] {local_task_job_runner.py:228} INFO - Task exited with return code 0
[2023-09-12T17:34:11.882+0000] {taskinstance.py:2784} INFO - 1 downstream tasks scheduled from follow-on schedule check
