[2023-09-05T15:30:04.171+0000] {taskinstance.py:1159} INFO - Dependencies all met for dep_context=non-requeueable deps ti=<TaskInstance: tasks_relations.say_bye scheduled__2023-07-12T00:00:00+00:00 [queued]>
[2023-09-05T15:30:04.234+0000] {taskinstance.py:1159} INFO - Dependencies all met for dep_context=requeueable deps ti=<TaskInstance: tasks_relations.say_bye scheduled__2023-07-12T00:00:00+00:00 [queued]>
[2023-09-05T15:30:04.237+0000] {taskinstance.py:1361} INFO - Starting attempt 1 of 1
[2023-09-05T15:30:04.493+0000] {taskinstance.py:1382} INFO - Executing <Task(_PythonDecoratedOperator): say_bye> on 2023-07-12 00:00:00+00:00
[2023-09-05T15:30:04.506+0000] {standard_task_runner.py:57} INFO - Started process 1526 to run task
[2023-09-05T15:30:04.541+0000] {standard_task_runner.py:84} INFO - Running: ['***', 'tasks', 'run', 'tasks_relations', 'say_bye', 'scheduled__2023-07-12T00:00:00+00:00', '--job-id', '685', '--raw', '--subdir', 'DAGS_FOLDER/tasks_relations.py', '--cfg-path', '/tmp/tmpb_g45mik']
[2023-09-05T15:30:04.569+0000] {standard_task_runner.py:85} INFO - Job 685: Subtask say_bye
[2023-09-05T15:30:05.036+0000] {task_command.py:415} INFO - Running <TaskInstance: tasks_relations.say_bye scheduled__2023-07-12T00:00:00+00:00 [running]> on host ca474790e981
[2023-09-05T15:30:05.650+0000] {taskinstance.py:1660} INFO - Exporting env vars: AIRFLOW_CTX_DAG_OWNER='***' AIRFLOW_CTX_DAG_ID='tasks_relations' AIRFLOW_CTX_TASK_ID='say_bye' AIRFLOW_CTX_EXECUTION_DATE='2023-07-12T00:00:00+00:00' AIRFLOW_CTX_TRY_NUMBER='1' AIRFLOW_CTX_DAG_RUN_ID='scheduled__2023-07-12T00:00:00+00:00'
[2023-09-05T15:30:05.653+0000] {logging_mixin.py:151} INFO - goodbye world
[2023-09-05T15:30:05.654+0000] {python.py:194} INFO - Done. Returned value was: None
[2023-09-05T15:30:05.722+0000] {taskinstance.py:1400} INFO - Marking task as SUCCESS. dag_id=tasks_relations, task_id=say_bye, execution_date=20230712T000000, start_date=20230905T153004, end_date=20230905T153005
[2023-09-05T15:30:05.904+0000] {local_task_job_runner.py:228} INFO - Task exited with return code 0
[2023-09-05T15:30:06.019+0000] {taskinstance.py:2784} INFO - 2 downstream tasks scheduled from follow-on schedule check
[2023-09-12T17:36:56.902+0000] {taskinstance.py:1159} INFO - Dependencies all met for dep_context=non-requeueable deps ti=<TaskInstance: tasks_relations.say_bye scheduled__2023-07-12T00:00:00+00:00 [queued]>
[2023-09-12T17:36:56.911+0000] {taskinstance.py:1159} INFO - Dependencies all met for dep_context=requeueable deps ti=<TaskInstance: tasks_relations.say_bye scheduled__2023-07-12T00:00:00+00:00 [queued]>
[2023-09-12T17:36:56.912+0000] {taskinstance.py:1361} INFO - Starting attempt 1 of 1
[2023-09-12T17:36:56.928+0000] {taskinstance.py:1382} INFO - Executing <Task(_PythonDecoratedOperator): say_bye> on 2023-07-12 00:00:00+00:00
[2023-09-12T17:36:56.935+0000] {standard_task_runner.py:57} INFO - Started process 2949 to run task
[2023-09-12T17:36:56.941+0000] {standard_task_runner.py:84} INFO - Running: ['***', 'tasks', 'run', 'tasks_relations', 'say_bye', 'scheduled__2023-07-12T00:00:00+00:00', '--job-id', '1400', '--raw', '--subdir', 'DAGS_FOLDER/2_tasks_relations.py', '--cfg-path', '/tmp/tmp3a0zqo8c']
[2023-09-12T17:36:56.948+0000] {standard_task_runner.py:85} INFO - Job 1400: Subtask say_bye
[2023-09-12T17:36:57.059+0000] {task_command.py:415} INFO - Running <TaskInstance: tasks_relations.say_bye scheduled__2023-07-12T00:00:00+00:00 [running]> on host 0ab7970e0956
[2023-09-12T17:36:57.202+0000] {taskinstance.py:1660} INFO - Exporting env vars: AIRFLOW_CTX_DAG_OWNER='***' AIRFLOW_CTX_DAG_ID='tasks_relations' AIRFLOW_CTX_TASK_ID='say_bye' AIRFLOW_CTX_EXECUTION_DATE='2023-07-12T00:00:00+00:00' AIRFLOW_CTX_TRY_NUMBER='1' AIRFLOW_CTX_DAG_RUN_ID='scheduled__2023-07-12T00:00:00+00:00'
[2023-09-12T17:36:57.203+0000] {logging_mixin.py:151} INFO - goodbye world
[2023-09-12T17:36:57.204+0000] {python.py:194} INFO - Done. Returned value was: None
[2023-09-12T17:36:57.219+0000] {taskinstance.py:1400} INFO - Marking task as SUCCESS. dag_id=tasks_relations, task_id=say_bye, execution_date=20230712T000000, start_date=20230912T173656, end_date=20230912T173657
[2023-09-12T17:36:57.281+0000] {local_task_job_runner.py:228} INFO - Task exited with return code 0
[2023-09-12T17:36:57.341+0000] {taskinstance.py:2784} INFO - 2 downstream tasks scheduled from follow-on schedule check
