[2023-09-05T15:25:22.419+0000] {taskinstance.py:1159} INFO - Dependencies all met for dep_context=non-requeueable deps ti=<TaskInstance: tasks_relations.say_hello scheduled__2023-03-07T00:00:00+00:00 [queued]>
[2023-09-05T15:25:22.472+0000] {taskinstance.py:1159} INFO - Dependencies all met for dep_context=requeueable deps ti=<TaskInstance: tasks_relations.say_hello scheduled__2023-03-07T00:00:00+00:00 [queued]>
[2023-09-05T15:25:22.474+0000] {taskinstance.py:1361} INFO - Starting attempt 1 of 1
[2023-09-05T15:25:22.568+0000] {taskinstance.py:1382} INFO - Executing <Task(_PythonDecoratedOperator): say_hello> on 2023-03-07 00:00:00+00:00
[2023-09-05T15:25:22.587+0000] {standard_task_runner.py:57} INFO - Started process 489 to run task
[2023-09-05T15:25:22.675+0000] {standard_task_runner.py:84} INFO - Running: ['***', 'tasks', 'run', 'tasks_relations', 'say_hello', 'scheduled__2023-03-07T00:00:00+00:00', '--job-id', '204', '--raw', '--subdir', 'DAGS_FOLDER/tasks_relations.py', '--cfg-path', '/tmp/tmpsswe785y']
[2023-09-05T15:25:22.684+0000] {standard_task_runner.py:85} INFO - Job 204: Subtask say_hello
[2023-09-05T15:25:22.964+0000] {task_command.py:415} INFO - Running <TaskInstance: tasks_relations.say_hello scheduled__2023-03-07T00:00:00+00:00 [running]> on host ca474790e981
[2023-09-05T15:25:23.466+0000] {taskinstance.py:1660} INFO - Exporting env vars: AIRFLOW_CTX_DAG_OWNER='***' AIRFLOW_CTX_DAG_ID='tasks_relations' AIRFLOW_CTX_TASK_ID='say_hello' AIRFLOW_CTX_EXECUTION_DATE='2023-03-07T00:00:00+00:00' AIRFLOW_CTX_TRY_NUMBER='1' AIRFLOW_CTX_DAG_RUN_ID='scheduled__2023-03-07T00:00:00+00:00'
[2023-09-05T15:25:23.473+0000] {logging_mixin.py:151} INFO - hello ***
[2023-09-05T15:25:23.483+0000] {python.py:194} INFO - Done. Returned value was: None
[2023-09-05T15:25:23.579+0000] {taskinstance.py:1400} INFO - Marking task as SUCCESS. dag_id=tasks_relations, task_id=say_hello, execution_date=20230307T000000, start_date=20230905T152522, end_date=20230905T152523
[2023-09-05T15:25:23.789+0000] {local_task_job_runner.py:228} INFO - Task exited with return code 0
[2023-09-05T15:25:24.230+0000] {taskinstance.py:2784} INFO - 0 downstream tasks scheduled from follow-on schedule check
[2023-09-12T17:34:41.060+0000] {taskinstance.py:1159} INFO - Dependencies all met for dep_context=non-requeueable deps ti=<TaskInstance: tasks_relations.say_hello scheduled__2023-03-07T00:00:00+00:00 [queued]>
[2023-09-12T17:34:41.067+0000] {taskinstance.py:1159} INFO - Dependencies all met for dep_context=requeueable deps ti=<TaskInstance: tasks_relations.say_hello scheduled__2023-03-07T00:00:00+00:00 [queued]>
[2023-09-12T17:34:41.067+0000] {taskinstance.py:1361} INFO - Starting attempt 1 of 1
[2023-09-12T17:34:41.077+0000] {taskinstance.py:1382} INFO - Executing <Task(_PythonDecoratedOperator): say_hello> on 2023-03-07 00:00:00+00:00
[2023-09-12T17:34:41.080+0000] {standard_task_runner.py:57} INFO - Started process 1236 to run task
[2023-09-12T17:34:41.085+0000] {standard_task_runner.py:84} INFO - Running: ['***', 'tasks', 'run', 'tasks_relations', 'say_hello', 'scheduled__2023-03-07T00:00:00+00:00', '--job-id', '560', '--raw', '--subdir', 'DAGS_FOLDER/2_tasks_relations.py', '--cfg-path', '/tmp/tmp5spav1p6']
[2023-09-12T17:34:41.086+0000] {standard_task_runner.py:85} INFO - Job 560: Subtask say_hello
[2023-09-12T17:34:41.122+0000] {task_command.py:415} INFO - Running <TaskInstance: tasks_relations.say_hello scheduled__2023-03-07T00:00:00+00:00 [running]> on host 0ab7970e0956
[2023-09-12T17:34:41.172+0000] {taskinstance.py:1660} INFO - Exporting env vars: AIRFLOW_CTX_DAG_OWNER='***' AIRFLOW_CTX_DAG_ID='tasks_relations' AIRFLOW_CTX_TASK_ID='say_hello' AIRFLOW_CTX_EXECUTION_DATE='2023-03-07T00:00:00+00:00' AIRFLOW_CTX_TRY_NUMBER='1' AIRFLOW_CTX_DAG_RUN_ID='scheduled__2023-03-07T00:00:00+00:00'
[2023-09-12T17:34:41.174+0000] {logging_mixin.py:151} INFO - hello world
[2023-09-12T17:34:41.175+0000] {python.py:194} INFO - Done. Returned value was: None
[2023-09-12T17:34:41.181+0000] {taskinstance.py:1400} INFO - Marking task as SUCCESS. dag_id=tasks_relations, task_id=say_hello, execution_date=20230307T000000, start_date=20230912T173441, end_date=20230912T173441
[2023-09-12T17:34:41.215+0000] {local_task_job_runner.py:228} INFO - Task exited with return code 0
[2023-09-12T17:34:41.233+0000] {taskinstance.py:2784} INFO - 1 downstream tasks scheduled from follow-on schedule check
