[2023-09-05T15:30:51.876+0000] {taskinstance.py:1159} INFO - Dependencies all met for dep_context=non-requeueable deps ti=<TaskInstance: tasks_relations.say_bye scheduled__2023-08-03T00:00:00+00:00 [queued]>
[2023-09-05T15:30:51.913+0000] {taskinstance.py:1159} INFO - Dependencies all met for dep_context=requeueable deps ti=<TaskInstance: tasks_relations.say_bye scheduled__2023-08-03T00:00:00+00:00 [queued]>
[2023-09-05T15:30:51.921+0000] {taskinstance.py:1361} INFO - Starting attempt 1 of 1
[2023-09-05T15:30:52.009+0000] {taskinstance.py:1382} INFO - Executing <Task(_PythonDecoratedOperator): say_bye> on 2023-08-03 00:00:00+00:00
[2023-09-05T15:30:52.054+0000] {standard_task_runner.py:57} INFO - Started process 1801 to run task
[2023-09-05T15:30:52.125+0000] {standard_task_runner.py:84} INFO - Running: ['***', 'tasks', 'run', 'tasks_relations', 'say_bye', 'scheduled__2023-08-03T00:00:00+00:00', '--job-id', '820', '--raw', '--subdir', 'DAGS_FOLDER/tasks_relations.py', '--cfg-path', '/tmp/tmpiv075y2g']
[2023-09-05T15:30:52.140+0000] {standard_task_runner.py:85} INFO - Job 820: Subtask say_bye
[2023-09-05T15:30:52.384+0000] {task_command.py:415} INFO - Running <TaskInstance: tasks_relations.say_bye scheduled__2023-08-03T00:00:00+00:00 [running]> on host ca474790e981
[2023-09-05T15:30:53.107+0000] {taskinstance.py:1660} INFO - Exporting env vars: AIRFLOW_CTX_DAG_OWNER='***' AIRFLOW_CTX_DAG_ID='tasks_relations' AIRFLOW_CTX_TASK_ID='say_bye' AIRFLOW_CTX_EXECUTION_DATE='2023-08-03T00:00:00+00:00' AIRFLOW_CTX_TRY_NUMBER='1' AIRFLOW_CTX_DAG_RUN_ID='scheduled__2023-08-03T00:00:00+00:00'
[2023-09-05T15:30:53.112+0000] {logging_mixin.py:151} INFO - goodbye world
[2023-09-05T15:30:53.114+0000] {python.py:194} INFO - Done. Returned value was: None
[2023-09-05T15:30:53.165+0000] {taskinstance.py:1400} INFO - Marking task as SUCCESS. dag_id=tasks_relations, task_id=say_bye, execution_date=20230803T000000, start_date=20230905T153051, end_date=20230905T153053
[2023-09-05T15:30:53.336+0000] {local_task_job_runner.py:228} INFO - Task exited with return code 0
[2023-09-05T15:30:53.413+0000] {taskinstance.py:2784} INFO - 2 downstream tasks scheduled from follow-on schedule check
[2023-09-12T17:37:22.116+0000] {taskinstance.py:1159} INFO - Dependencies all met for dep_context=non-requeueable deps ti=<TaskInstance: tasks_relations.say_bye scheduled__2023-08-03T00:00:00+00:00 [queued]>
[2023-09-12T17:37:22.135+0000] {taskinstance.py:1159} INFO - Dependencies all met for dep_context=requeueable deps ti=<TaskInstance: tasks_relations.say_bye scheduled__2023-08-03T00:00:00+00:00 [queued]>
[2023-09-12T17:37:22.135+0000] {taskinstance.py:1361} INFO - Starting attempt 1 of 1
[2023-09-12T17:37:22.166+0000] {taskinstance.py:1382} INFO - Executing <Task(_PythonDecoratedOperator): say_bye> on 2023-08-03 00:00:00+00:00
[2023-09-12T17:37:22.173+0000] {standard_task_runner.py:57} INFO - Started process 3242 to run task
[2023-09-12T17:37:22.184+0000] {standard_task_runner.py:84} INFO - Running: ['***', 'tasks', 'run', 'tasks_relations', 'say_bye', 'scheduled__2023-08-03T00:00:00+00:00', '--job-id', '1541', '--raw', '--subdir', 'DAGS_FOLDER/2_tasks_relations.py', '--cfg-path', '/tmp/tmps2tl1u9f']
[2023-09-12T17:37:22.186+0000] {standard_task_runner.py:85} INFO - Job 1541: Subtask say_bye
[2023-09-12T17:37:22.288+0000] {task_command.py:415} INFO - Running <TaskInstance: tasks_relations.say_bye scheduled__2023-08-03T00:00:00+00:00 [running]> on host 0ab7970e0956
[2023-09-12T17:37:22.527+0000] {taskinstance.py:1660} INFO - Exporting env vars: AIRFLOW_CTX_DAG_OWNER='***' AIRFLOW_CTX_DAG_ID='tasks_relations' AIRFLOW_CTX_TASK_ID='say_bye' AIRFLOW_CTX_EXECUTION_DATE='2023-08-03T00:00:00+00:00' AIRFLOW_CTX_TRY_NUMBER='1' AIRFLOW_CTX_DAG_RUN_ID='scheduled__2023-08-03T00:00:00+00:00'
[2023-09-12T17:37:22.528+0000] {logging_mixin.py:151} INFO - goodbye world
[2023-09-12T17:37:22.528+0000] {python.py:194} INFO - Done. Returned value was: None
[2023-09-12T17:37:22.577+0000] {taskinstance.py:1400} INFO - Marking task as SUCCESS. dag_id=tasks_relations, task_id=say_bye, execution_date=20230803T000000, start_date=20230912T173722, end_date=20230912T173722
[2023-09-12T17:37:22.650+0000] {local_task_job_runner.py:228} INFO - Task exited with return code 0
[2023-09-12T17:37:22.704+0000] {taskinstance.py:2784} INFO - 2 downstream tasks scheduled from follow-on schedule check
