[2023-09-05T15:28:51.798+0000] {taskinstance.py:1159} INFO - Dependencies all met for dep_context=non-requeueable deps ti=<TaskInstance: tasks_relations.or_that_way scheduled__2023-05-31T00:00:00+00:00 [queued]>
[2023-09-05T15:28:52.074+0000] {taskinstance.py:1159} INFO - Dependencies all met for dep_context=requeueable deps ti=<TaskInstance: tasks_relations.or_that_way scheduled__2023-05-31T00:00:00+00:00 [queued]>
[2023-09-05T15:28:52.090+0000] {taskinstance.py:1361} INFO - Starting attempt 1 of 1
[2023-09-05T15:28:52.343+0000] {taskinstance.py:1382} INFO - Executing <Task(_PythonDecoratedOperator): or_that_way> on 2023-05-31 00:00:00+00:00
[2023-09-05T15:28:52.397+0000] {standard_task_runner.py:57} INFO - Started process 1167 to run task
[2023-09-05T15:28:52.453+0000] {standard_task_runner.py:84} INFO - Running: ['***', 'tasks', 'run', 'tasks_relations', 'or_that_way', 'scheduled__2023-05-31T00:00:00+00:00', '--job-id', '513', '--raw', '--subdir', 'DAGS_FOLDER/tasks_relations.py', '--cfg-path', '/tmp/tmp2wt5t80r']
[2023-09-05T15:28:52.540+0000] {standard_task_runner.py:85} INFO - Job 513: Subtask or_that_way
[2023-09-05T15:28:53.344+0000] {task_command.py:415} INFO - Running <TaskInstance: tasks_relations.or_that_way scheduled__2023-05-31T00:00:00+00:00 [running]> on host ca474790e981
[2023-09-05T15:28:54.304+0000] {taskinstance.py:1660} INFO - Exporting env vars: AIRFLOW_CTX_DAG_OWNER='***' AIRFLOW_CTX_DAG_ID='tasks_relations' AIRFLOW_CTX_TASK_ID='or_that_way' AIRFLOW_CTX_EXECUTION_DATE='2023-05-31T00:00:00+00:00' AIRFLOW_CTX_TRY_NUMBER='1' AIRFLOW_CTX_DAG_RUN_ID='scheduled__2023-05-31T00:00:00+00:00'
[2023-09-05T15:28:54.325+0000] {logging_mixin.py:151} INFO - NO NO, THAT WAY WAY!!!
[2023-09-05T15:28:54.332+0000] {python.py:194} INFO - Done. Returned value was: None
[2023-09-05T15:28:54.551+0000] {taskinstance.py:1400} INFO - Marking task as SUCCESS. dag_id=tasks_relations, task_id=or_that_way, execution_date=20230531T000000, start_date=20230905T152851, end_date=20230905T152854
[2023-09-05T15:28:55.253+0000] {local_task_job_runner.py:228} INFO - Task exited with return code 0
[2023-09-05T15:28:55.574+0000] {taskinstance.py:2784} INFO - 0 downstream tasks scheduled from follow-on schedule check
[2023-09-12T17:36:18.858+0000] {taskinstance.py:1159} INFO - Dependencies all met for dep_context=non-requeueable deps ti=<TaskInstance: tasks_relations.or_that_way scheduled__2023-05-31T00:00:00+00:00 [queued]>
[2023-09-12T17:36:18.901+0000] {taskinstance.py:1159} INFO - Dependencies all met for dep_context=requeueable deps ti=<TaskInstance: tasks_relations.or_that_way scheduled__2023-05-31T00:00:00+00:00 [queued]>
[2023-09-12T17:36:18.903+0000] {taskinstance.py:1361} INFO - Starting attempt 1 of 1
[2023-09-12T17:36:18.971+0000] {taskinstance.py:1382} INFO - Executing <Task(_PythonDecoratedOperator): or_that_way> on 2023-05-31 00:00:00+00:00
[2023-09-12T17:36:18.993+0000] {standard_task_runner.py:57} INFO - Started process 2551 to run task
[2023-09-12T17:36:19.015+0000] {standard_task_runner.py:84} INFO - Running: ['***', 'tasks', 'run', 'tasks_relations', 'or_that_way', 'scheduled__2023-05-31T00:00:00+00:00', '--job-id', '1198', '--raw', '--subdir', 'DAGS_FOLDER/2_tasks_relations.py', '--cfg-path', '/tmp/tmpllnngowg']
[2023-09-12T17:36:19.031+0000] {standard_task_runner.py:85} INFO - Job 1198: Subtask or_that_way
[2023-09-12T17:36:19.182+0000] {task_command.py:415} INFO - Running <TaskInstance: tasks_relations.or_that_way scheduled__2023-05-31T00:00:00+00:00 [running]> on host 0ab7970e0956
[2023-09-12T17:36:19.391+0000] {taskinstance.py:1660} INFO - Exporting env vars: AIRFLOW_CTX_DAG_OWNER='***' AIRFLOW_CTX_DAG_ID='tasks_relations' AIRFLOW_CTX_TASK_ID='or_that_way' AIRFLOW_CTX_EXECUTION_DATE='2023-05-31T00:00:00+00:00' AIRFLOW_CTX_TRY_NUMBER='1' AIRFLOW_CTX_DAG_RUN_ID='scheduled__2023-05-31T00:00:00+00:00'
[2023-09-12T17:36:19.395+0000] {logging_mixin.py:151} INFO - NO NO, THAT WAY WAY!!!
[2023-09-12T17:36:19.398+0000] {python.py:194} INFO - Done. Returned value was: None
[2023-09-12T17:36:19.420+0000] {taskinstance.py:1400} INFO - Marking task as SUCCESS. dag_id=tasks_relations, task_id=or_that_way, execution_date=20230531T000000, start_date=20230912T173618, end_date=20230912T173619
[2023-09-12T17:36:19.525+0000] {local_task_job_runner.py:228} INFO - Task exited with return code 0
[2023-09-12T17:36:19.553+0000] {taskinstance.py:2784} INFO - 0 downstream tasks scheduled from follow-on schedule check
