[2023-09-05T15:29:07.972+0000] {taskinstance.py:1159} INFO - Dependencies all met for dep_context=non-requeueable deps ti=<TaskInstance: tasks_relations.this_way scheduled__2023-06-14T00:00:00+00:00 [queued]>
[2023-09-05T15:29:08.054+0000] {taskinstance.py:1159} INFO - Dependencies all met for dep_context=requeueable deps ti=<TaskInstance: tasks_relations.this_way scheduled__2023-06-14T00:00:00+00:00 [queued]>
[2023-09-05T15:29:08.056+0000] {taskinstance.py:1361} INFO - Starting attempt 1 of 1
[2023-09-05T15:29:08.124+0000] {taskinstance.py:1382} INFO - Executing <Task(_PythonDecoratedOperator): this_way> on 2023-06-14 00:00:00+00:00
[2023-09-05T15:29:08.158+0000] {standard_task_runner.py:57} INFO - Started process 1237 to run task
[2023-09-05T15:29:08.196+0000] {standard_task_runner.py:84} INFO - Running: ['***', 'tasks', 'run', 'tasks_relations', 'this_way', 'scheduled__2023-06-14T00:00:00+00:00', '--job-id', '553', '--raw', '--subdir', 'DAGS_FOLDER/tasks_relations.py', '--cfg-path', '/tmp/tmp_qu9mprl']
[2023-09-05T15:29:08.308+0000] {standard_task_runner.py:85} INFO - Job 553: Subtask this_way
[2023-09-05T15:29:08.943+0000] {task_command.py:415} INFO - Running <TaskInstance: tasks_relations.this_way scheduled__2023-06-14T00:00:00+00:00 [running]> on host ca474790e981
[2023-09-05T15:29:09.228+0000] {taskinstance.py:1660} INFO - Exporting env vars: AIRFLOW_CTX_DAG_OWNER='***' AIRFLOW_CTX_DAG_ID='tasks_relations' AIRFLOW_CTX_TASK_ID='this_way' AIRFLOW_CTX_EXECUTION_DATE='2023-06-14T00:00:00+00:00' AIRFLOW_CTX_TRY_NUMBER='1' AIRFLOW_CTX_DAG_RUN_ID='scheduled__2023-06-14T00:00:00+00:00'
[2023-09-05T15:29:09.234+0000] {logging_mixin.py:151} INFO - THIS WAY!!!
[2023-09-05T15:29:09.240+0000] {python.py:194} INFO - Done. Returned value was: None
[2023-09-05T15:29:09.340+0000] {taskinstance.py:1400} INFO - Marking task as SUCCESS. dag_id=tasks_relations, task_id=this_way, execution_date=20230614T000000, start_date=20230905T152908, end_date=20230905T152909
[2023-09-05T15:29:09.410+0000] {local_task_job_runner.py:228} INFO - Task exited with return code 0
[2023-09-05T15:29:09.504+0000] {taskinstance.py:2784} INFO - 0 downstream tasks scheduled from follow-on schedule check
[2023-09-12T17:36:38.063+0000] {taskinstance.py:1159} INFO - Dependencies all met for dep_context=non-requeueable deps ti=<TaskInstance: tasks_relations.this_way scheduled__2023-06-14T00:00:00+00:00 [queued]>
[2023-09-12T17:36:38.093+0000] {taskinstance.py:1159} INFO - Dependencies all met for dep_context=requeueable deps ti=<TaskInstance: tasks_relations.this_way scheduled__2023-06-14T00:00:00+00:00 [queued]>
[2023-09-12T17:36:38.100+0000] {taskinstance.py:1361} INFO - Starting attempt 1 of 1
[2023-09-12T17:36:38.147+0000] {taskinstance.py:1382} INFO - Executing <Task(_PythonDecoratedOperator): this_way> on 2023-06-14 00:00:00+00:00
[2023-09-12T17:36:38.179+0000] {standard_task_runner.py:57} INFO - Started process 2716 to run task
[2023-09-12T17:36:38.194+0000] {standard_task_runner.py:84} INFO - Running: ['***', 'tasks', 'run', 'tasks_relations', 'this_way', 'scheduled__2023-06-14T00:00:00+00:00', '--job-id', '1289', '--raw', '--subdir', 'DAGS_FOLDER/2_tasks_relations.py', '--cfg-path', '/tmp/tmpd2hw46y3']
[2023-09-12T17:36:38.200+0000] {standard_task_runner.py:85} INFO - Job 1289: Subtask this_way
[2023-09-12T17:36:38.438+0000] {task_command.py:415} INFO - Running <TaskInstance: tasks_relations.this_way scheduled__2023-06-14T00:00:00+00:00 [running]> on host 0ab7970e0956
[2023-09-12T17:36:38.564+0000] {taskinstance.py:1660} INFO - Exporting env vars: AIRFLOW_CTX_DAG_OWNER='***' AIRFLOW_CTX_DAG_ID='tasks_relations' AIRFLOW_CTX_TASK_ID='this_way' AIRFLOW_CTX_EXECUTION_DATE='2023-06-14T00:00:00+00:00' AIRFLOW_CTX_TRY_NUMBER='1' AIRFLOW_CTX_DAG_RUN_ID='scheduled__2023-06-14T00:00:00+00:00'
[2023-09-12T17:36:38.565+0000] {logging_mixin.py:151} INFO - THIS WAY!!!
[2023-09-12T17:36:38.566+0000] {python.py:194} INFO - Done. Returned value was: None
[2023-09-12T17:36:38.573+0000] {taskinstance.py:1400} INFO - Marking task as SUCCESS. dag_id=tasks_relations, task_id=this_way, execution_date=20230614T000000, start_date=20230912T173638, end_date=20230912T173638
[2023-09-12T17:36:38.621+0000] {local_task_job_runner.py:228} INFO - Task exited with return code 0
[2023-09-12T17:36:38.637+0000] {taskinstance.py:2784} INFO - 1 downstream tasks scheduled from follow-on schedule check
