[2023-09-05T15:29:45.072+0000] {taskinstance.py:1159} INFO - Dependencies all met for dep_context=non-requeueable deps ti=<TaskInstance: tasks_relations.or_that_way scheduled__2023-06-28T00:00:00+00:00 [queued]>
[2023-09-05T15:29:45.158+0000] {taskinstance.py:1159} INFO - Dependencies all met for dep_context=requeueable deps ti=<TaskInstance: tasks_relations.or_that_way scheduled__2023-06-28T00:00:00+00:00 [queued]>
[2023-09-05T15:29:45.162+0000] {taskinstance.py:1361} INFO - Starting attempt 1 of 1
[2023-09-05T15:29:45.252+0000] {taskinstance.py:1382} INFO - Executing <Task(_PythonDecoratedOperator): or_that_way> on 2023-06-28 00:00:00+00:00
[2023-09-05T15:29:45.272+0000] {standard_task_runner.py:57} INFO - Started process 1407 to run task
[2023-09-05T15:29:45.303+0000] {standard_task_runner.py:84} INFO - Running: ['***', 'tasks', 'run', 'tasks_relations', 'or_that_way', 'scheduled__2023-06-28T00:00:00+00:00', '--job-id', '632', '--raw', '--subdir', 'DAGS_FOLDER/tasks_relations.py', '--cfg-path', '/tmp/tmpxaak5ck1']
[2023-09-05T15:29:45.309+0000] {standard_task_runner.py:85} INFO - Job 632: Subtask or_that_way
[2023-09-05T15:29:45.670+0000] {task_command.py:415} INFO - Running <TaskInstance: tasks_relations.or_that_way scheduled__2023-06-28T00:00:00+00:00 [running]> on host ca474790e981
[2023-09-05T15:29:45.890+0000] {taskinstance.py:1660} INFO - Exporting env vars: AIRFLOW_CTX_DAG_OWNER='***' AIRFLOW_CTX_DAG_ID='tasks_relations' AIRFLOW_CTX_TASK_ID='or_that_way' AIRFLOW_CTX_EXECUTION_DATE='2023-06-28T00:00:00+00:00' AIRFLOW_CTX_TRY_NUMBER='1' AIRFLOW_CTX_DAG_RUN_ID='scheduled__2023-06-28T00:00:00+00:00'
[2023-09-05T15:29:45.897+0000] {logging_mixin.py:151} INFO - NO NO, THAT WAY WAY!!!
[2023-09-05T15:29:45.906+0000] {python.py:194} INFO - Done. Returned value was: None
[2023-09-05T15:29:45.945+0000] {taskinstance.py:1400} INFO - Marking task as SUCCESS. dag_id=tasks_relations, task_id=or_that_way, execution_date=20230628T000000, start_date=20230905T152945, end_date=20230905T152945
[2023-09-05T15:29:46.011+0000] {local_task_job_runner.py:228} INFO - Task exited with return code 0
[2023-09-05T15:29:46.068+0000] {taskinstance.py:2784} INFO - 0 downstream tasks scheduled from follow-on schedule check
[2023-09-12T17:36:53.296+0000] {taskinstance.py:1159} INFO - Dependencies all met for dep_context=non-requeueable deps ti=<TaskInstance: tasks_relations.or_that_way scheduled__2023-06-28T00:00:00+00:00 [queued]>
[2023-09-12T17:36:53.338+0000] {taskinstance.py:1159} INFO - Dependencies all met for dep_context=requeueable deps ti=<TaskInstance: tasks_relations.or_that_way scheduled__2023-06-28T00:00:00+00:00 [queued]>
[2023-09-12T17:36:53.342+0000] {taskinstance.py:1361} INFO - Starting attempt 1 of 1
[2023-09-12T17:36:53.409+0000] {taskinstance.py:1382} INFO - Executing <Task(_PythonDecoratedOperator): or_that_way> on 2023-06-28 00:00:00+00:00
[2023-09-12T17:36:53.414+0000] {standard_task_runner.py:57} INFO - Started process 2903 to run task
[2023-09-12T17:36:53.420+0000] {standard_task_runner.py:84} INFO - Running: ['***', 'tasks', 'run', 'tasks_relations', 'or_that_way', 'scheduled__2023-06-28T00:00:00+00:00', '--job-id', '1374', '--raw', '--subdir', 'DAGS_FOLDER/2_tasks_relations.py', '--cfg-path', '/tmp/tmpgz4v558l']
[2023-09-12T17:36:53.433+0000] {standard_task_runner.py:85} INFO - Job 1374: Subtask or_that_way
[2023-09-12T17:36:53.616+0000] {task_command.py:415} INFO - Running <TaskInstance: tasks_relations.or_that_way scheduled__2023-06-28T00:00:00+00:00 [running]> on host 0ab7970e0956
[2023-09-12T17:36:54.037+0000] {taskinstance.py:1660} INFO - Exporting env vars: AIRFLOW_CTX_DAG_OWNER='***' AIRFLOW_CTX_DAG_ID='tasks_relations' AIRFLOW_CTX_TASK_ID='or_that_way' AIRFLOW_CTX_EXECUTION_DATE='2023-06-28T00:00:00+00:00' AIRFLOW_CTX_TRY_NUMBER='1' AIRFLOW_CTX_DAG_RUN_ID='scheduled__2023-06-28T00:00:00+00:00'
[2023-09-12T17:36:54.038+0000] {logging_mixin.py:151} INFO - NO NO, THAT WAY WAY!!!
[2023-09-12T17:36:54.039+0000] {python.py:194} INFO - Done. Returned value was: None
[2023-09-12T17:36:54.069+0000] {taskinstance.py:1400} INFO - Marking task as SUCCESS. dag_id=tasks_relations, task_id=or_that_way, execution_date=20230628T000000, start_date=20230912T173653, end_date=20230912T173654
[2023-09-12T17:36:54.154+0000] {local_task_job_runner.py:228} INFO - Task exited with return code 0
[2023-09-12T17:36:54.326+0000] {taskinstance.py:2784} INFO - 0 downstream tasks scheduled from follow-on schedule check
