[2023-09-05T15:30:31.881+0000] {taskinstance.py:1159} INFO - Dependencies all met for dep_context=non-requeueable deps ti=<TaskInstance: tasks_relations.say_bye scheduled__2023-07-28T00:00:00+00:00 [queued]>
[2023-09-05T15:30:31.936+0000] {taskinstance.py:1159} INFO - Dependencies all met for dep_context=requeueable deps ti=<TaskInstance: tasks_relations.say_bye scheduled__2023-07-28T00:00:00+00:00 [queued]>
[2023-09-05T15:30:31.947+0000] {taskinstance.py:1361} INFO - Starting attempt 1 of 1
[2023-09-05T15:30:32.075+0000] {taskinstance.py:1382} INFO - Executing <Task(_PythonDecoratedOperator): say_bye> on 2023-07-28 00:00:00+00:00
[2023-09-05T15:30:32.115+0000] {standard_task_runner.py:57} INFO - Started process 1691 to run task
[2023-09-05T15:30:32.173+0000] {standard_task_runner.py:84} INFO - Running: ['***', 'tasks', 'run', 'tasks_relations', 'say_bye', 'scheduled__2023-07-28T00:00:00+00:00', '--job-id', '765', '--raw', '--subdir', 'DAGS_FOLDER/tasks_relations.py', '--cfg-path', '/tmp/tmph4z1f3w7']
[2023-09-05T15:30:32.198+0000] {standard_task_runner.py:85} INFO - Job 765: Subtask say_bye
[2023-09-05T15:30:32.457+0000] {task_command.py:415} INFO - Running <TaskInstance: tasks_relations.say_bye scheduled__2023-07-28T00:00:00+00:00 [running]> on host ca474790e981
[2023-09-05T15:30:32.917+0000] {taskinstance.py:1660} INFO - Exporting env vars: AIRFLOW_CTX_DAG_OWNER='***' AIRFLOW_CTX_DAG_ID='tasks_relations' AIRFLOW_CTX_TASK_ID='say_bye' AIRFLOW_CTX_EXECUTION_DATE='2023-07-28T00:00:00+00:00' AIRFLOW_CTX_TRY_NUMBER='1' AIRFLOW_CTX_DAG_RUN_ID='scheduled__2023-07-28T00:00:00+00:00'
[2023-09-05T15:30:32.925+0000] {logging_mixin.py:151} INFO - goodbye world
[2023-09-05T15:30:32.942+0000] {python.py:194} INFO - Done. Returned value was: None
[2023-09-05T15:30:33.033+0000] {taskinstance.py:1400} INFO - Marking task as SUCCESS. dag_id=tasks_relations, task_id=say_bye, execution_date=20230728T000000, start_date=20230905T153031, end_date=20230905T153033
[2023-09-05T15:30:33.186+0000] {local_task_job_runner.py:228} INFO - Task exited with return code 0
[2023-09-05T15:30:33.254+0000] {taskinstance.py:2784} INFO - 2 downstream tasks scheduled from follow-on schedule check
[2023-09-12T17:37:11.122+0000] {taskinstance.py:1159} INFO - Dependencies all met for dep_context=non-requeueable deps ti=<TaskInstance: tasks_relations.say_bye scheduled__2023-07-28T00:00:00+00:00 [queued]>
[2023-09-12T17:37:11.156+0000] {taskinstance.py:1159} INFO - Dependencies all met for dep_context=requeueable deps ti=<TaskInstance: tasks_relations.say_bye scheduled__2023-07-28T00:00:00+00:00 [queued]>
[2023-09-12T17:37:11.161+0000] {taskinstance.py:1361} INFO - Starting attempt 1 of 1
[2023-09-12T17:37:11.224+0000] {taskinstance.py:1382} INFO - Executing <Task(_PythonDecoratedOperator): say_bye> on 2023-07-28 00:00:00+00:00
[2023-09-12T17:37:11.251+0000] {standard_task_runner.py:57} INFO - Started process 3126 to run task
[2023-09-12T17:37:11.292+0000] {standard_task_runner.py:84} INFO - Running: ['***', 'tasks', 'run', 'tasks_relations', 'say_bye', 'scheduled__2023-07-28T00:00:00+00:00', '--job-id', '1483', '--raw', '--subdir', 'DAGS_FOLDER/2_tasks_relations.py', '--cfg-path', '/tmp/tmpooqvb4vm']
[2023-09-12T17:37:11.302+0000] {standard_task_runner.py:85} INFO - Job 1483: Subtask say_bye
[2023-09-12T17:37:11.497+0000] {task_command.py:415} INFO - Running <TaskInstance: tasks_relations.say_bye scheduled__2023-07-28T00:00:00+00:00 [running]> on host 0ab7970e0956
[2023-09-12T17:37:11.778+0000] {taskinstance.py:1660} INFO - Exporting env vars: AIRFLOW_CTX_DAG_OWNER='***' AIRFLOW_CTX_DAG_ID='tasks_relations' AIRFLOW_CTX_TASK_ID='say_bye' AIRFLOW_CTX_EXECUTION_DATE='2023-07-28T00:00:00+00:00' AIRFLOW_CTX_TRY_NUMBER='1' AIRFLOW_CTX_DAG_RUN_ID='scheduled__2023-07-28T00:00:00+00:00'
[2023-09-12T17:37:11.780+0000] {logging_mixin.py:151} INFO - goodbye world
[2023-09-12T17:37:11.781+0000] {python.py:194} INFO - Done. Returned value was: None
[2023-09-12T17:37:11.790+0000] {taskinstance.py:1400} INFO - Marking task as SUCCESS. dag_id=tasks_relations, task_id=say_bye, execution_date=20230728T000000, start_date=20230912T173711, end_date=20230912T173711
[2023-09-12T17:37:11.859+0000] {local_task_job_runner.py:228} INFO - Task exited with return code 0
[2023-09-12T17:37:11.947+0000] {taskinstance.py:2784} INFO - 0 downstream tasks scheduled from follow-on schedule check
