[2023-09-05T15:29:02.441+0000] {taskinstance.py:1159} INFO - Dependencies all met for dep_context=non-requeueable deps ti=<TaskInstance: tasks_relations.this_way scheduled__2023-06-07T00:00:00+00:00 [queued]>
[2023-09-05T15:29:02.523+0000] {taskinstance.py:1159} INFO - Dependencies all met for dep_context=requeueable deps ti=<TaskInstance: tasks_relations.this_way scheduled__2023-06-07T00:00:00+00:00 [queued]>
[2023-09-05T15:29:02.543+0000] {taskinstance.py:1361} INFO - Starting attempt 1 of 1
[2023-09-05T15:29:02.704+0000] {taskinstance.py:1382} INFO - Executing <Task(_PythonDecoratedOperator): this_way> on 2023-06-07 00:00:00+00:00
[2023-09-05T15:29:02.799+0000] {standard_task_runner.py:57} INFO - Started process 1215 to run task
[2023-09-05T15:29:02.905+0000] {standard_task_runner.py:84} INFO - Running: ['***', 'tasks', 'run', 'tasks_relations', 'this_way', 'scheduled__2023-06-07T00:00:00+00:00', '--job-id', '540', '--raw', '--subdir', 'DAGS_FOLDER/tasks_relations.py', '--cfg-path', '/tmp/tmpa155jpy7']
[2023-09-05T15:29:03.036+0000] {standard_task_runner.py:85} INFO - Job 540: Subtask this_way
[2023-09-05T15:29:03.652+0000] {task_command.py:415} INFO - Running <TaskInstance: tasks_relations.this_way scheduled__2023-06-07T00:00:00+00:00 [running]> on host ca474790e981
[2023-09-05T15:29:04.278+0000] {taskinstance.py:1660} INFO - Exporting env vars: AIRFLOW_CTX_DAG_OWNER='***' AIRFLOW_CTX_DAG_ID='tasks_relations' AIRFLOW_CTX_TASK_ID='this_way' AIRFLOW_CTX_EXECUTION_DATE='2023-06-07T00:00:00+00:00' AIRFLOW_CTX_TRY_NUMBER='1' AIRFLOW_CTX_DAG_RUN_ID='scheduled__2023-06-07T00:00:00+00:00'
[2023-09-05T15:29:04.305+0000] {logging_mixin.py:151} INFO - THIS WAY!!!
[2023-09-05T15:29:04.315+0000] {python.py:194} INFO - Done. Returned value was: None
[2023-09-05T15:29:04.441+0000] {taskinstance.py:1400} INFO - Marking task as SUCCESS. dag_id=tasks_relations, task_id=this_way, execution_date=20230607T000000, start_date=20230905T152902, end_date=20230905T152904
[2023-09-05T15:29:04.976+0000] {local_task_job_runner.py:228} INFO - Task exited with return code 0
[2023-09-05T15:29:05.239+0000] {taskinstance.py:2784} INFO - 0 downstream tasks scheduled from follow-on schedule check
[2023-09-12T17:36:21.618+0000] {taskinstance.py:1159} INFO - Dependencies all met for dep_context=non-requeueable deps ti=<TaskInstance: tasks_relations.this_way scheduled__2023-06-07T00:00:00+00:00 [queued]>
[2023-09-12T17:36:21.658+0000] {taskinstance.py:1159} INFO - Dependencies all met for dep_context=requeueable deps ti=<TaskInstance: tasks_relations.this_way scheduled__2023-06-07T00:00:00+00:00 [queued]>
[2023-09-12T17:36:21.658+0000] {taskinstance.py:1361} INFO - Starting attempt 1 of 1
[2023-09-12T17:36:21.674+0000] {taskinstance.py:1382} INFO - Executing <Task(_PythonDecoratedOperator): this_way> on 2023-06-07 00:00:00+00:00
[2023-09-12T17:36:21.687+0000] {standard_task_runner.py:57} INFO - Started process 2591 to run task
[2023-09-12T17:36:21.739+0000] {standard_task_runner.py:84} INFO - Running: ['***', 'tasks', 'run', 'tasks_relations', 'this_way', 'scheduled__2023-06-07T00:00:00+00:00', '--job-id', '1225', '--raw', '--subdir', 'DAGS_FOLDER/2_tasks_relations.py', '--cfg-path', '/tmp/tmpqu_x6oip']
[2023-09-12T17:36:21.747+0000] {standard_task_runner.py:85} INFO - Job 1225: Subtask this_way
[2023-09-12T17:36:21.963+0000] {task_command.py:415} INFO - Running <TaskInstance: tasks_relations.this_way scheduled__2023-06-07T00:00:00+00:00 [running]> on host 0ab7970e0956
[2023-09-12T17:36:22.261+0000] {taskinstance.py:1660} INFO - Exporting env vars: AIRFLOW_CTX_DAG_OWNER='***' AIRFLOW_CTX_DAG_ID='tasks_relations' AIRFLOW_CTX_TASK_ID='this_way' AIRFLOW_CTX_EXECUTION_DATE='2023-06-07T00:00:00+00:00' AIRFLOW_CTX_TRY_NUMBER='1' AIRFLOW_CTX_DAG_RUN_ID='scheduled__2023-06-07T00:00:00+00:00'
[2023-09-12T17:36:22.266+0000] {logging_mixin.py:151} INFO - THIS WAY!!!
[2023-09-12T17:36:22.271+0000] {python.py:194} INFO - Done. Returned value was: None
[2023-09-12T17:36:22.293+0000] {taskinstance.py:1400} INFO - Marking task as SUCCESS. dag_id=tasks_relations, task_id=this_way, execution_date=20230607T000000, start_date=20230912T173621, end_date=20230912T173622
[2023-09-12T17:36:22.354+0000] {local_task_job_runner.py:228} INFO - Task exited with return code 0
[2023-09-12T17:36:22.411+0000] {taskinstance.py:2784} INFO - 0 downstream tasks scheduled from follow-on schedule check
