[2023-09-05T15:30:27.896+0000] {taskinstance.py:1159} INFO - Dependencies all met for dep_context=non-requeueable deps ti=<TaskInstance: tasks_relations.this_way scheduled__2023-07-20T00:00:00+00:00 [queued]>
[2023-09-05T15:30:28.009+0000] {taskinstance.py:1159} INFO - Dependencies all met for dep_context=requeueable deps ti=<TaskInstance: tasks_relations.this_way scheduled__2023-07-20T00:00:00+00:00 [queued]>
[2023-09-05T15:30:28.023+0000] {taskinstance.py:1361} INFO - Starting attempt 1 of 1
[2023-09-05T15:30:28.248+0000] {taskinstance.py:1382} INFO - Executing <Task(_PythonDecoratedOperator): this_way> on 2023-07-20 00:00:00+00:00
[2023-09-05T15:30:28.257+0000] {standard_task_runner.py:57} INFO - Started process 1672 to run task
[2023-09-05T15:30:28.347+0000] {standard_task_runner.py:84} INFO - Running: ['***', 'tasks', 'run', 'tasks_relations', 'this_way', 'scheduled__2023-07-20T00:00:00+00:00', '--job-id', '761', '--raw', '--subdir', 'DAGS_FOLDER/tasks_relations.py', '--cfg-path', '/tmp/tmp_eto7i7y']
[2023-09-05T15:30:28.376+0000] {standard_task_runner.py:85} INFO - Job 761: Subtask this_way
[2023-09-05T15:30:28.904+0000] {task_command.py:415} INFO - Running <TaskInstance: tasks_relations.this_way scheduled__2023-07-20T00:00:00+00:00 [running]> on host ca474790e981
[2023-09-05T15:30:29.472+0000] {taskinstance.py:1660} INFO - Exporting env vars: AIRFLOW_CTX_DAG_OWNER='***' AIRFLOW_CTX_DAG_ID='tasks_relations' AIRFLOW_CTX_TASK_ID='this_way' AIRFLOW_CTX_EXECUTION_DATE='2023-07-20T00:00:00+00:00' AIRFLOW_CTX_TRY_NUMBER='1' AIRFLOW_CTX_DAG_RUN_ID='scheduled__2023-07-20T00:00:00+00:00'
[2023-09-05T15:30:29.480+0000] {logging_mixin.py:151} INFO - THIS WAY!!!
[2023-09-05T15:30:29.486+0000] {python.py:194} INFO - Done. Returned value was: None
[2023-09-05T15:30:29.590+0000] {taskinstance.py:1400} INFO - Marking task as SUCCESS. dag_id=tasks_relations, task_id=this_way, execution_date=20230720T000000, start_date=20230905T153027, end_date=20230905T153029
[2023-09-05T15:30:29.850+0000] {local_task_job_runner.py:228} INFO - Task exited with return code 0
[2023-09-05T15:30:29.929+0000] {taskinstance.py:2784} INFO - 0 downstream tasks scheduled from follow-on schedule check
[2023-09-12T17:37:10.862+0000] {taskinstance.py:1159} INFO - Dependencies all met for dep_context=non-requeueable deps ti=<TaskInstance: tasks_relations.this_way scheduled__2023-07-20T00:00:00+00:00 [queued]>
[2023-09-12T17:37:10.885+0000] {taskinstance.py:1159} INFO - Dependencies all met for dep_context=requeueable deps ti=<TaskInstance: tasks_relations.this_way scheduled__2023-07-20T00:00:00+00:00 [queued]>
[2023-09-12T17:37:10.888+0000] {taskinstance.py:1361} INFO - Starting attempt 1 of 1
[2023-09-12T17:37:10.926+0000] {taskinstance.py:1382} INFO - Executing <Task(_PythonDecoratedOperator): this_way> on 2023-07-20 00:00:00+00:00
[2023-09-12T17:37:10.942+0000] {standard_task_runner.py:57} INFO - Started process 3122 to run task
[2023-09-12T17:37:10.968+0000] {standard_task_runner.py:84} INFO - Running: ['***', 'tasks', 'run', 'tasks_relations', 'this_way', 'scheduled__2023-07-20T00:00:00+00:00', '--job-id', '1480', '--raw', '--subdir', 'DAGS_FOLDER/2_tasks_relations.py', '--cfg-path', '/tmp/tmpsneulu6c']
[2023-09-12T17:37:10.987+0000] {standard_task_runner.py:85} INFO - Job 1480: Subtask this_way
[2023-09-12T17:37:11.171+0000] {task_command.py:415} INFO - Running <TaskInstance: tasks_relations.this_way scheduled__2023-07-20T00:00:00+00:00 [running]> on host 0ab7970e0956
[2023-09-12T17:37:11.486+0000] {taskinstance.py:1660} INFO - Exporting env vars: AIRFLOW_CTX_DAG_OWNER='***' AIRFLOW_CTX_DAG_ID='tasks_relations' AIRFLOW_CTX_TASK_ID='this_way' AIRFLOW_CTX_EXECUTION_DATE='2023-07-20T00:00:00+00:00' AIRFLOW_CTX_TRY_NUMBER='1' AIRFLOW_CTX_DAG_RUN_ID='scheduled__2023-07-20T00:00:00+00:00'
[2023-09-12T17:37:11.493+0000] {logging_mixin.py:151} INFO - THIS WAY!!!
[2023-09-12T17:37:11.494+0000] {python.py:194} INFO - Done. Returned value was: None
[2023-09-12T17:37:11.525+0000] {taskinstance.py:1400} INFO - Marking task as SUCCESS. dag_id=tasks_relations, task_id=this_way, execution_date=20230720T000000, start_date=20230912T173710, end_date=20230912T173711
[2023-09-12T17:37:11.593+0000] {local_task_job_runner.py:228} INFO - Task exited with return code 0
[2023-09-12T17:37:11.638+0000] {taskinstance.py:2784} INFO - 0 downstream tasks scheduled from follow-on schedule check
