[2023-09-05T15:26:47.729+0000] {taskinstance.py:1159} INFO - Dependencies all met for dep_context=non-requeueable deps ti=<TaskInstance: tasks_relations.say_hello scheduled__2023-05-04T00:00:00+00:00 [queued]>
[2023-09-05T15:26:47.827+0000] {taskinstance.py:1159} INFO - Dependencies all met for dep_context=requeueable deps ti=<TaskInstance: tasks_relations.say_hello scheduled__2023-05-04T00:00:00+00:00 [queued]>
[2023-09-05T15:26:47.833+0000] {taskinstance.py:1361} INFO - Starting attempt 1 of 1
[2023-09-05T15:26:47.998+0000] {taskinstance.py:1382} INFO - Executing <Task(_PythonDecoratedOperator): say_hello> on 2023-05-04 00:00:00+00:00
[2023-09-05T15:26:48.029+0000] {standard_task_runner.py:57} INFO - Started process 871 to run task
[2023-09-05T15:26:48.090+0000] {standard_task_runner.py:84} INFO - Running: ['***', 'tasks', 'run', 'tasks_relations', 'say_hello', 'scheduled__2023-05-04T00:00:00+00:00', '--job-id', '384', '--raw', '--subdir', 'DAGS_FOLDER/tasks_relations.py', '--cfg-path', '/tmp/tmpk8wenqn1']
[2023-09-05T15:26:48.120+0000] {standard_task_runner.py:85} INFO - Job 384: Subtask say_hello
[2023-09-05T15:26:48.568+0000] {task_command.py:415} INFO - Running <TaskInstance: tasks_relations.say_hello scheduled__2023-05-04T00:00:00+00:00 [running]> on host ca474790e981
[2023-09-05T15:26:49.540+0000] {taskinstance.py:1660} INFO - Exporting env vars: AIRFLOW_CTX_DAG_OWNER='***' AIRFLOW_CTX_DAG_ID='tasks_relations' AIRFLOW_CTX_TASK_ID='say_hello' AIRFLOW_CTX_EXECUTION_DATE='2023-05-04T00:00:00+00:00' AIRFLOW_CTX_TRY_NUMBER='1' AIRFLOW_CTX_DAG_RUN_ID='scheduled__2023-05-04T00:00:00+00:00'
[2023-09-05T15:26:49.548+0000] {logging_mixin.py:151} INFO - hello ***
[2023-09-05T15:26:49.556+0000] {python.py:194} INFO - Done. Returned value was: None
[2023-09-05T15:26:49.714+0000] {taskinstance.py:1400} INFO - Marking task as SUCCESS. dag_id=tasks_relations, task_id=say_hello, execution_date=20230504T000000, start_date=20230905T152647, end_date=20230905T152649
[2023-09-05T15:26:49.961+0000] {local_task_job_runner.py:228} INFO - Task exited with return code 0
[2023-09-05T15:26:50.366+0000] {taskinstance.py:2784} INFO - 0 downstream tasks scheduled from follow-on schedule check
[2023-09-12T17:35:42.962+0000] {taskinstance.py:1159} INFO - Dependencies all met for dep_context=non-requeueable deps ti=<TaskInstance: tasks_relations.say_hello scheduled__2023-05-04T00:00:00+00:00 [queued]>
[2023-09-12T17:35:42.995+0000] {taskinstance.py:1159} INFO - Dependencies all met for dep_context=requeueable deps ti=<TaskInstance: tasks_relations.say_hello scheduled__2023-05-04T00:00:00+00:00 [queued]>
[2023-09-12T17:35:42.999+0000] {taskinstance.py:1361} INFO - Starting attempt 1 of 1
[2023-09-12T17:35:43.198+0000] {taskinstance.py:1382} INFO - Executing <Task(_PythonDecoratedOperator): say_hello> on 2023-05-04 00:00:00+00:00
[2023-09-12T17:35:43.213+0000] {standard_task_runner.py:57} INFO - Started process 2080 to run task
[2023-09-12T17:35:43.268+0000] {standard_task_runner.py:84} INFO - Running: ['***', 'tasks', 'run', 'tasks_relations', 'say_hello', 'scheduled__2023-05-04T00:00:00+00:00', '--job-id', '969', '--raw', '--subdir', 'DAGS_FOLDER/2_tasks_relations.py', '--cfg-path', '/tmp/tmpbgr1chnq']
[2023-09-12T17:35:43.273+0000] {standard_task_runner.py:85} INFO - Job 969: Subtask say_hello
[2023-09-12T17:35:43.496+0000] {task_command.py:415} INFO - Running <TaskInstance: tasks_relations.say_hello scheduled__2023-05-04T00:00:00+00:00 [running]> on host 0ab7970e0956
[2023-09-12T17:35:43.791+0000] {taskinstance.py:1660} INFO - Exporting env vars: AIRFLOW_CTX_DAG_OWNER='***' AIRFLOW_CTX_DAG_ID='tasks_relations' AIRFLOW_CTX_TASK_ID='say_hello' AIRFLOW_CTX_EXECUTION_DATE='2023-05-04T00:00:00+00:00' AIRFLOW_CTX_TRY_NUMBER='1' AIRFLOW_CTX_DAG_RUN_ID='scheduled__2023-05-04T00:00:00+00:00'
[2023-09-12T17:35:43.793+0000] {logging_mixin.py:151} INFO - hello world
[2023-09-12T17:35:43.794+0000] {python.py:194} INFO - Done. Returned value was: None
[2023-09-12T17:35:43.818+0000] {taskinstance.py:1400} INFO - Marking task as SUCCESS. dag_id=tasks_relations, task_id=say_hello, execution_date=20230504T000000, start_date=20230912T173542, end_date=20230912T173543
[2023-09-12T17:35:43.887+0000] {local_task_job_runner.py:228} INFO - Task exited with return code 0
[2023-09-12T17:35:43.925+0000] {taskinstance.py:2784} INFO - 1 downstream tasks scheduled from follow-on schedule check
