[2023-09-05T15:25:12.964+0000] {taskinstance.py:1159} INFO - Dependencies all met for dep_context=non-requeueable deps ti=<TaskInstance: tasks_relations.say_bye scheduled__2023-02-23T00:00:00+00:00 [queued]>
[2023-09-05T15:25:12.974+0000] {taskinstance.py:1159} INFO - Dependencies all met for dep_context=requeueable deps ti=<TaskInstance: tasks_relations.say_bye scheduled__2023-02-23T00:00:00+00:00 [queued]>
[2023-09-05T15:25:12.975+0000] {taskinstance.py:1361} INFO - Starting attempt 1 of 1
[2023-09-05T15:25:13.053+0000] {taskinstance.py:1382} INFO - Executing <Task(_PythonDecoratedOperator): say_bye> on 2023-02-23 00:00:00+00:00
[2023-09-05T15:25:13.082+0000] {standard_task_runner.py:84} INFO - Running: ['***', 'tasks', 'run', 'tasks_relations', 'say_bye', 'scheduled__2023-02-23T00:00:00+00:00', '--job-id', '183', '--raw', '--subdir', 'DAGS_FOLDER/tasks_relations.py', '--cfg-path', '/tmp/tmp7coljn91']
[2023-09-05T15:25:13.090+0000] {standard_task_runner.py:85} INFO - Job 183: Subtask say_bye
[2023-09-05T15:25:13.066+0000] {standard_task_runner.py:57} INFO - Started process 440 to run task
[2023-09-05T15:25:13.254+0000] {task_command.py:415} INFO - Running <TaskInstance: tasks_relations.say_bye scheduled__2023-02-23T00:00:00+00:00 [running]> on host ca474790e981
[2023-09-05T15:25:13.425+0000] {taskinstance.py:1660} INFO - Exporting env vars: AIRFLOW_CTX_DAG_OWNER='***' AIRFLOW_CTX_DAG_ID='tasks_relations' AIRFLOW_CTX_TASK_ID='say_bye' AIRFLOW_CTX_EXECUTION_DATE='2023-02-23T00:00:00+00:00' AIRFLOW_CTX_TRY_NUMBER='1' AIRFLOW_CTX_DAG_RUN_ID='scheduled__2023-02-23T00:00:00+00:00'
[2023-09-05T15:25:13.428+0000] {logging_mixin.py:151} INFO - goodbye ***
[2023-09-05T15:25:13.429+0000] {python.py:194} INFO - Done. Returned value was: None
[2023-09-05T15:25:13.459+0000] {taskinstance.py:1400} INFO - Marking task as SUCCESS. dag_id=tasks_relations, task_id=say_bye, execution_date=20230223T000000, start_date=20230905T152512, end_date=20230905T152513
[2023-09-05T15:25:13.531+0000] {local_task_job_runner.py:228} INFO - Task exited with return code 0
[2023-09-05T15:25:13.552+0000] {taskinstance.py:2784} INFO - 0 downstream tasks scheduled from follow-on schedule check
[2023-09-12T17:34:30.566+0000] {taskinstance.py:1159} INFO - Dependencies all met for dep_context=non-requeueable deps ti=<TaskInstance: tasks_relations.say_bye scheduled__2023-02-23T00:00:00+00:00 [queued]>
[2023-09-12T17:34:30.588+0000] {taskinstance.py:1159} INFO - Dependencies all met for dep_context=requeueable deps ti=<TaskInstance: tasks_relations.say_bye scheduled__2023-02-23T00:00:00+00:00 [queued]>
[2023-09-12T17:34:30.588+0000] {taskinstance.py:1361} INFO - Starting attempt 1 of 1
[2023-09-12T17:34:30.638+0000] {taskinstance.py:1382} INFO - Executing <Task(_PythonDecoratedOperator): say_bye> on 2023-02-23 00:00:00+00:00
[2023-09-12T17:34:30.679+0000] {standard_task_runner.py:57} INFO - Started process 1096 to run task
[2023-09-12T17:34:30.703+0000] {standard_task_runner.py:84} INFO - Running: ['***', 'tasks', 'run', 'tasks_relations', 'say_bye', 'scheduled__2023-02-23T00:00:00+00:00', '--job-id', '485', '--raw', '--subdir', 'DAGS_FOLDER/2_tasks_relations.py', '--cfg-path', '/tmp/tmpzyaencrk']
[2023-09-12T17:34:30.705+0000] {standard_task_runner.py:85} INFO - Job 485: Subtask say_bye
[2023-09-12T17:34:30.900+0000] {task_command.py:415} INFO - Running <TaskInstance: tasks_relations.say_bye scheduled__2023-02-23T00:00:00+00:00 [running]> on host 0ab7970e0956
[2023-09-12T17:34:31.247+0000] {taskinstance.py:1660} INFO - Exporting env vars: AIRFLOW_CTX_DAG_OWNER='***' AIRFLOW_CTX_DAG_ID='tasks_relations' AIRFLOW_CTX_TASK_ID='say_bye' AIRFLOW_CTX_EXECUTION_DATE='2023-02-23T00:00:00+00:00' AIRFLOW_CTX_TRY_NUMBER='1' AIRFLOW_CTX_DAG_RUN_ID='scheduled__2023-02-23T00:00:00+00:00'
[2023-09-12T17:34:31.250+0000] {logging_mixin.py:151} INFO - goodbye world
[2023-09-12T17:34:31.251+0000] {python.py:194} INFO - Done. Returned value was: None
[2023-09-12T17:34:31.313+0000] {taskinstance.py:1400} INFO - Marking task as SUCCESS. dag_id=tasks_relations, task_id=say_bye, execution_date=20230223T000000, start_date=20230912T173430, end_date=20230912T173431
[2023-09-12T17:34:31.488+0000] {local_task_job_runner.py:228} INFO - Task exited with return code 0
[2023-09-12T17:34:31.535+0000] {taskinstance.py:2784} INFO - 2 downstream tasks scheduled from follow-on schedule check
