[2023-09-05T15:29:29.926+0000] {taskinstance.py:1159} INFO - Dependencies all met for dep_context=non-requeueable deps ti=<TaskInstance: tasks_relations.say_hello scheduled__2023-06-29T00:00:00+00:00 [queued]>
[2023-09-05T15:29:31.024+0000] {taskinstance.py:1159} INFO - Dependencies all met for dep_context=requeueable deps ti=<TaskInstance: tasks_relations.say_hello scheduled__2023-06-29T00:00:00+00:00 [queued]>
[2023-09-05T15:29:31.215+0000] {taskinstance.py:1361} INFO - Starting attempt 1 of 1
[2023-09-05T15:29:31.757+0000] {taskinstance.py:1382} INFO - Executing <Task(_PythonDecoratedOperator): say_hello> on 2023-06-29 00:00:00+00:00
[2023-09-05T15:29:31.827+0000] {standard_task_runner.py:57} INFO - Started process 1341 to run task
[2023-09-05T15:29:31.881+0000] {standard_task_runner.py:84} INFO - Running: ['***', 'tasks', 'run', 'tasks_relations', 'say_hello', 'scheduled__2023-06-29T00:00:00+00:00', '--job-id', '597', '--raw', '--subdir', 'DAGS_FOLDER/tasks_relations.py', '--cfg-path', '/tmp/tmpzk_tz27w']
[2023-09-05T15:29:31.932+0000] {standard_task_runner.py:85} INFO - Job 597: Subtask say_hello
[2023-09-05T15:29:32.344+0000] {task_command.py:415} INFO - Running <TaskInstance: tasks_relations.say_hello scheduled__2023-06-29T00:00:00+00:00 [running]> on host ca474790e981
[2023-09-05T15:29:33.072+0000] {taskinstance.py:1660} INFO - Exporting env vars: AIRFLOW_CTX_DAG_OWNER='***' AIRFLOW_CTX_DAG_ID='tasks_relations' AIRFLOW_CTX_TASK_ID='say_hello' AIRFLOW_CTX_EXECUTION_DATE='2023-06-29T00:00:00+00:00' AIRFLOW_CTX_TRY_NUMBER='1' AIRFLOW_CTX_DAG_RUN_ID='scheduled__2023-06-29T00:00:00+00:00'
[2023-09-05T15:29:33.078+0000] {logging_mixin.py:151} INFO - hello world
[2023-09-05T15:29:33.083+0000] {python.py:194} INFO - Done. Returned value was: None
[2023-09-05T15:29:33.188+0000] {taskinstance.py:1400} INFO - Marking task as SUCCESS. dag_id=tasks_relations, task_id=say_hello, execution_date=20230629T000000, start_date=20230905T152930, end_date=20230905T152933
[2023-09-05T15:29:33.351+0000] {local_task_job_runner.py:228} INFO - Task exited with return code 0
[2023-09-05T15:29:33.492+0000] {taskinstance.py:2784} INFO - 1 downstream tasks scheduled from follow-on schedule check
[2023-09-12T17:36:49.404+0000] {taskinstance.py:1159} INFO - Dependencies all met for dep_context=non-requeueable deps ti=<TaskInstance: tasks_relations.say_hello scheduled__2023-06-29T00:00:00+00:00 [queued]>
[2023-09-12T17:36:49.420+0000] {taskinstance.py:1159} INFO - Dependencies all met for dep_context=requeueable deps ti=<TaskInstance: tasks_relations.say_hello scheduled__2023-06-29T00:00:00+00:00 [queued]>
[2023-09-12T17:36:49.421+0000] {taskinstance.py:1361} INFO - Starting attempt 1 of 1
[2023-09-12T17:36:49.453+0000] {taskinstance.py:1382} INFO - Executing <Task(_PythonDecoratedOperator): say_hello> on 2023-06-29 00:00:00+00:00
[2023-09-12T17:36:49.461+0000] {standard_task_runner.py:57} INFO - Started process 2845 to run task
[2023-09-12T17:36:49.495+0000] {standard_task_runner.py:84} INFO - Running: ['***', 'tasks', 'run', 'tasks_relations', 'say_hello', 'scheduled__2023-06-29T00:00:00+00:00', '--job-id', '1347', '--raw', '--subdir', 'DAGS_FOLDER/2_tasks_relations.py', '--cfg-path', '/tmp/tmpbg_7vcgz']
[2023-09-12T17:36:49.501+0000] {standard_task_runner.py:85} INFO - Job 1347: Subtask say_hello
[2023-09-12T17:36:49.634+0000] {task_command.py:415} INFO - Running <TaskInstance: tasks_relations.say_hello scheduled__2023-06-29T00:00:00+00:00 [running]> on host 0ab7970e0956
[2023-09-12T17:36:49.808+0000] {taskinstance.py:1660} INFO - Exporting env vars: AIRFLOW_CTX_DAG_OWNER='***' AIRFLOW_CTX_DAG_ID='tasks_relations' AIRFLOW_CTX_TASK_ID='say_hello' AIRFLOW_CTX_EXECUTION_DATE='2023-06-29T00:00:00+00:00' AIRFLOW_CTX_TRY_NUMBER='1' AIRFLOW_CTX_DAG_RUN_ID='scheduled__2023-06-29T00:00:00+00:00'
[2023-09-12T17:36:49.811+0000] {logging_mixin.py:151} INFO - hello world
[2023-09-12T17:36:49.812+0000] {python.py:194} INFO - Done. Returned value was: None
[2023-09-12T17:36:49.826+0000] {taskinstance.py:1400} INFO - Marking task as SUCCESS. dag_id=tasks_relations, task_id=say_hello, execution_date=20230629T000000, start_date=20230912T173649, end_date=20230912T173649
[2023-09-12T17:36:49.882+0000] {local_task_job_runner.py:228} INFO - Task exited with return code 0
[2023-09-12T17:36:49.960+0000] {taskinstance.py:2784} INFO - 1 downstream tasks scheduled from follow-on schedule check
