[2023-09-05T15:29:41.715+0000] {taskinstance.py:1159} INFO - Dependencies all met for dep_context=non-requeueable deps ti=<TaskInstance: tasks_relations.this_way scheduled__2023-06-24T00:00:00+00:00 [queued]>
[2023-09-05T15:29:41.796+0000] {taskinstance.py:1159} INFO - Dependencies all met for dep_context=requeueable deps ti=<TaskInstance: tasks_relations.this_way scheduled__2023-06-24T00:00:00+00:00 [queued]>
[2023-09-05T15:29:41.802+0000] {taskinstance.py:1361} INFO - Starting attempt 1 of 1
[2023-09-05T15:29:41.968+0000] {taskinstance.py:1382} INFO - Executing <Task(_PythonDecoratedOperator): this_way> on 2023-06-24 00:00:00+00:00
[2023-09-05T15:29:42.027+0000] {standard_task_runner.py:57} INFO - Started process 1391 to run task
[2023-09-05T15:29:42.073+0000] {standard_task_runner.py:84} INFO - Running: ['***', 'tasks', 'run', 'tasks_relations', 'this_way', 'scheduled__2023-06-24T00:00:00+00:00', '--job-id', '622', '--raw', '--subdir', 'DAGS_FOLDER/tasks_relations.py', '--cfg-path', '/tmp/tmp2ipbk582']
[2023-09-05T15:29:42.091+0000] {standard_task_runner.py:85} INFO - Job 622: Subtask this_way
[2023-09-05T15:29:42.486+0000] {task_command.py:415} INFO - Running <TaskInstance: tasks_relations.this_way scheduled__2023-06-24T00:00:00+00:00 [running]> on host ca474790e981
[2023-09-05T15:29:43.110+0000] {taskinstance.py:1660} INFO - Exporting env vars: AIRFLOW_CTX_DAG_OWNER='***' AIRFLOW_CTX_DAG_ID='tasks_relations' AIRFLOW_CTX_TASK_ID='this_way' AIRFLOW_CTX_EXECUTION_DATE='2023-06-24T00:00:00+00:00' AIRFLOW_CTX_TRY_NUMBER='1' AIRFLOW_CTX_DAG_RUN_ID='scheduled__2023-06-24T00:00:00+00:00'
[2023-09-05T15:29:43.125+0000] {logging_mixin.py:151} INFO - THIS WAY!!!
[2023-09-05T15:29:43.128+0000] {python.py:194} INFO - Done. Returned value was: None
[2023-09-05T15:29:43.230+0000] {taskinstance.py:1400} INFO - Marking task as SUCCESS. dag_id=tasks_relations, task_id=this_way, execution_date=20230624T000000, start_date=20230905T152941, end_date=20230905T152943
[2023-09-05T15:29:43.422+0000] {local_task_job_runner.py:228} INFO - Task exited with return code 0
[2023-09-05T15:29:43.559+0000] {taskinstance.py:2784} INFO - 0 downstream tasks scheduled from follow-on schedule check
[2023-09-12T17:36:43.341+0000] {taskinstance.py:1159} INFO - Dependencies all met for dep_context=non-requeueable deps ti=<TaskInstance: tasks_relations.this_way scheduled__2023-06-24T00:00:00+00:00 [queued]>
[2023-09-12T17:36:43.377+0000] {taskinstance.py:1159} INFO - Dependencies all met for dep_context=requeueable deps ti=<TaskInstance: tasks_relations.this_way scheduled__2023-06-24T00:00:00+00:00 [queued]>
[2023-09-12T17:36:43.382+0000] {taskinstance.py:1361} INFO - Starting attempt 1 of 1
[2023-09-12T17:36:43.399+0000] {taskinstance.py:1382} INFO - Executing <Task(_PythonDecoratedOperator): this_way> on 2023-06-24 00:00:00+00:00
[2023-09-12T17:36:43.423+0000] {standard_task_runner.py:57} INFO - Started process 2789 to run task
[2023-09-12T17:36:43.439+0000] {standard_task_runner.py:84} INFO - Running: ['***', 'tasks', 'run', 'tasks_relations', 'this_way', 'scheduled__2023-06-24T00:00:00+00:00', '--job-id', '1320', '--raw', '--subdir', 'DAGS_FOLDER/2_tasks_relations.py', '--cfg-path', '/tmp/tmpi6w67gtl']
[2023-09-12T17:36:43.459+0000] {standard_task_runner.py:85} INFO - Job 1320: Subtask this_way
[2023-09-12T17:36:43.589+0000] {task_command.py:415} INFO - Running <TaskInstance: tasks_relations.this_way scheduled__2023-06-24T00:00:00+00:00 [running]> on host 0ab7970e0956
[2023-09-12T17:36:43.904+0000] {taskinstance.py:1660} INFO - Exporting env vars: AIRFLOW_CTX_DAG_OWNER='***' AIRFLOW_CTX_DAG_ID='tasks_relations' AIRFLOW_CTX_TASK_ID='this_way' AIRFLOW_CTX_EXECUTION_DATE='2023-06-24T00:00:00+00:00' AIRFLOW_CTX_TRY_NUMBER='1' AIRFLOW_CTX_DAG_RUN_ID='scheduled__2023-06-24T00:00:00+00:00'
[2023-09-12T17:36:43.907+0000] {logging_mixin.py:151} INFO - THIS WAY!!!
[2023-09-12T17:36:43.907+0000] {python.py:194} INFO - Done. Returned value was: None
[2023-09-12T17:36:43.932+0000] {taskinstance.py:1400} INFO - Marking task as SUCCESS. dag_id=tasks_relations, task_id=this_way, execution_date=20230624T000000, start_date=20230912T173643, end_date=20230912T173643
[2023-09-12T17:36:43.987+0000] {local_task_job_runner.py:228} INFO - Task exited with return code 0
[2023-09-12T17:36:44.016+0000] {taskinstance.py:2784} INFO - 1 downstream tasks scheduled from follow-on schedule check
