[2023-09-05T15:28:09.185+0000] {taskinstance.py:1159} INFO - Dependencies all met for dep_context=non-requeueable deps ti=<TaskInstance: tasks_relations.or_that_way scheduled__2023-05-27T00:00:00+00:00 [queued]>
[2023-09-05T15:28:09.256+0000] {taskinstance.py:1159} INFO - Dependencies all met for dep_context=requeueable deps ti=<TaskInstance: tasks_relations.or_that_way scheduled__2023-05-27T00:00:00+00:00 [queued]>
[2023-09-05T15:28:09.276+0000] {taskinstance.py:1361} INFO - Starting attempt 1 of 1
[2023-09-05T15:28:09.498+0000] {taskinstance.py:1382} INFO - Executing <Task(_PythonDecoratedOperator): or_that_way> on 2023-05-27 00:00:00+00:00
[2023-09-05T15:28:09.551+0000] {standard_task_runner.py:57} INFO - Started process 1057 to run task
[2023-09-05T15:28:09.558+0000] {standard_task_runner.py:84} INFO - Running: ['***', 'tasks', 'run', 'tasks_relations', 'or_that_way', 'scheduled__2023-05-27T00:00:00+00:00', '--job-id', '466', '--raw', '--subdir', 'DAGS_FOLDER/tasks_relations.py', '--cfg-path', '/tmp/tmpjb71h0rg']
[2023-09-05T15:28:09.581+0000] {standard_task_runner.py:85} INFO - Job 466: Subtask or_that_way
[2023-09-05T15:28:10.296+0000] {task_command.py:415} INFO - Running <TaskInstance: tasks_relations.or_that_way scheduled__2023-05-27T00:00:00+00:00 [running]> on host ca474790e981
[2023-09-05T15:28:10.832+0000] {taskinstance.py:1660} INFO - Exporting env vars: AIRFLOW_CTX_DAG_OWNER='***' AIRFLOW_CTX_DAG_ID='tasks_relations' AIRFLOW_CTX_TASK_ID='or_that_way' AIRFLOW_CTX_EXECUTION_DATE='2023-05-27T00:00:00+00:00' AIRFLOW_CTX_TRY_NUMBER='1' AIRFLOW_CTX_DAG_RUN_ID='scheduled__2023-05-27T00:00:00+00:00'
[2023-09-05T15:28:10.836+0000] {logging_mixin.py:151} INFO - NO NO, THAT WAY WAY!!!
[2023-09-05T15:28:10.838+0000] {python.py:194} INFO - Done. Returned value was: None
[2023-09-05T15:28:10.864+0000] {taskinstance.py:1400} INFO - Marking task as SUCCESS. dag_id=tasks_relations, task_id=or_that_way, execution_date=20230527T000000, start_date=20230905T152809, end_date=20230905T152810
[2023-09-05T15:28:10.943+0000] {local_task_job_runner.py:228} INFO - Task exited with return code 0
[2023-09-05T15:28:10.986+0000] {taskinstance.py:2784} INFO - 0 downstream tasks scheduled from follow-on schedule check
[2023-09-12T17:36:15.616+0000] {taskinstance.py:1159} INFO - Dependencies all met for dep_context=non-requeueable deps ti=<TaskInstance: tasks_relations.or_that_way scheduled__2023-05-27T00:00:00+00:00 [queued]>
[2023-09-12T17:36:15.646+0000] {taskinstance.py:1159} INFO - Dependencies all met for dep_context=requeueable deps ti=<TaskInstance: tasks_relations.or_that_way scheduled__2023-05-27T00:00:00+00:00 [queued]>
[2023-09-12T17:36:15.649+0000] {taskinstance.py:1361} INFO - Starting attempt 1 of 1
[2023-09-12T17:36:15.726+0000] {taskinstance.py:1382} INFO - Executing <Task(_PythonDecoratedOperator): or_that_way> on 2023-05-27 00:00:00+00:00
[2023-09-12T17:36:15.737+0000] {standard_task_runner.py:57} INFO - Started process 2504 to run task
[2023-09-12T17:36:15.805+0000] {standard_task_runner.py:84} INFO - Running: ['***', 'tasks', 'run', 'tasks_relations', 'or_that_way', 'scheduled__2023-05-27T00:00:00+00:00', '--job-id', '1179', '--raw', '--subdir', 'DAGS_FOLDER/2_tasks_relations.py', '--cfg-path', '/tmp/tmpiljn9q9k']
[2023-09-12T17:36:15.812+0000] {standard_task_runner.py:85} INFO - Job 1179: Subtask or_that_way
[2023-09-12T17:36:16.007+0000] {task_command.py:415} INFO - Running <TaskInstance: tasks_relations.or_that_way scheduled__2023-05-27T00:00:00+00:00 [running]> on host 0ab7970e0956
[2023-09-12T17:36:16.365+0000] {taskinstance.py:1660} INFO - Exporting env vars: AIRFLOW_CTX_DAG_OWNER='***' AIRFLOW_CTX_DAG_ID='tasks_relations' AIRFLOW_CTX_TASK_ID='or_that_way' AIRFLOW_CTX_EXECUTION_DATE='2023-05-27T00:00:00+00:00' AIRFLOW_CTX_TRY_NUMBER='1' AIRFLOW_CTX_DAG_RUN_ID='scheduled__2023-05-27T00:00:00+00:00'
[2023-09-12T17:36:16.369+0000] {logging_mixin.py:151} INFO - NO NO, THAT WAY WAY!!!
[2023-09-12T17:36:16.369+0000] {python.py:194} INFO - Done. Returned value was: None
[2023-09-12T17:36:16.386+0000] {taskinstance.py:1400} INFO - Marking task as SUCCESS. dag_id=tasks_relations, task_id=or_that_way, execution_date=20230527T000000, start_date=20230912T173615, end_date=20230912T173616
[2023-09-12T17:36:16.452+0000] {local_task_job_runner.py:228} INFO - Task exited with return code 0
[2023-09-12T17:36:16.493+0000] {taskinstance.py:2784} INFO - 0 downstream tasks scheduled from follow-on schedule check
