[2023-09-05T15:30:26.472+0000] {taskinstance.py:1159} INFO - Dependencies all met for dep_context=non-requeueable deps ti=<TaskInstance: tasks_relations.say_bye scheduled__2023-07-24T00:00:00+00:00 [queued]>
[2023-09-05T15:30:26.507+0000] {taskinstance.py:1159} INFO - Dependencies all met for dep_context=requeueable deps ti=<TaskInstance: tasks_relations.say_bye scheduled__2023-07-24T00:00:00+00:00 [queued]>
[2023-09-05T15:30:26.509+0000] {taskinstance.py:1361} INFO - Starting attempt 1 of 1
[2023-09-05T15:30:26.549+0000] {taskinstance.py:1382} INFO - Executing <Task(_PythonDecoratedOperator): say_bye> on 2023-07-24 00:00:00+00:00
[2023-09-05T15:30:26.569+0000] {standard_task_runner.py:57} INFO - Started process 1660 to run task
[2023-09-05T15:30:26.610+0000] {standard_task_runner.py:84} INFO - Running: ['***', 'tasks', 'run', 'tasks_relations', 'say_bye', 'scheduled__2023-07-24T00:00:00+00:00', '--job-id', '753', '--raw', '--subdir', 'DAGS_FOLDER/tasks_relations.py', '--cfg-path', '/tmp/tmp8kqrx4oz']
[2023-09-05T15:30:26.619+0000] {standard_task_runner.py:85} INFO - Job 753: Subtask say_bye
[2023-09-05T15:30:27.010+0000] {task_command.py:415} INFO - Running <TaskInstance: tasks_relations.say_bye scheduled__2023-07-24T00:00:00+00:00 [running]> on host ca474790e981
[2023-09-05T15:30:27.347+0000] {taskinstance.py:1660} INFO - Exporting env vars: AIRFLOW_CTX_DAG_OWNER='***' AIRFLOW_CTX_DAG_ID='tasks_relations' AIRFLOW_CTX_TASK_ID='say_bye' AIRFLOW_CTX_EXECUTION_DATE='2023-07-24T00:00:00+00:00' AIRFLOW_CTX_TRY_NUMBER='1' AIRFLOW_CTX_DAG_RUN_ID='scheduled__2023-07-24T00:00:00+00:00'
[2023-09-05T15:30:27.350+0000] {logging_mixin.py:151} INFO - goodbye world
[2023-09-05T15:30:27.351+0000] {python.py:194} INFO - Done. Returned value was: None
[2023-09-05T15:30:27.376+0000] {taskinstance.py:1400} INFO - Marking task as SUCCESS. dag_id=tasks_relations, task_id=say_bye, execution_date=20230724T000000, start_date=20230905T153026, end_date=20230905T153027
[2023-09-05T15:30:27.636+0000] {local_task_job_runner.py:228} INFO - Task exited with return code 0
[2023-09-05T15:30:27.847+0000] {taskinstance.py:2784} INFO - 0 downstream tasks scheduled from follow-on schedule check
[2023-09-12T17:37:11.207+0000] {taskinstance.py:1159} INFO - Dependencies all met for dep_context=non-requeueable deps ti=<TaskInstance: tasks_relations.say_bye scheduled__2023-07-24T00:00:00+00:00 [queued]>
[2023-09-12T17:37:11.251+0000] {taskinstance.py:1159} INFO - Dependencies all met for dep_context=requeueable deps ti=<TaskInstance: tasks_relations.say_bye scheduled__2023-07-24T00:00:00+00:00 [queued]>
[2023-09-12T17:37:11.252+0000] {taskinstance.py:1361} INFO - Starting attempt 1 of 1
[2023-09-12T17:37:11.293+0000] {taskinstance.py:1382} INFO - Executing <Task(_PythonDecoratedOperator): say_bye> on 2023-07-24 00:00:00+00:00
[2023-09-12T17:37:11.315+0000] {standard_task_runner.py:57} INFO - Started process 3130 to run task
[2023-09-12T17:37:11.333+0000] {standard_task_runner.py:84} INFO - Running: ['***', 'tasks', 'run', 'tasks_relations', 'say_bye', 'scheduled__2023-07-24T00:00:00+00:00', '--job-id', '1489', '--raw', '--subdir', 'DAGS_FOLDER/2_tasks_relations.py', '--cfg-path', '/tmp/tmpr0jdoy73']
[2023-09-12T17:37:11.337+0000] {standard_task_runner.py:85} INFO - Job 1489: Subtask say_bye
[2023-09-12T17:37:11.550+0000] {task_command.py:415} INFO - Running <TaskInstance: tasks_relations.say_bye scheduled__2023-07-24T00:00:00+00:00 [running]> on host 0ab7970e0956
[2023-09-12T17:37:11.847+0000] {taskinstance.py:1660} INFO - Exporting env vars: AIRFLOW_CTX_DAG_OWNER='***' AIRFLOW_CTX_DAG_ID='tasks_relations' AIRFLOW_CTX_TASK_ID='say_bye' AIRFLOW_CTX_EXECUTION_DATE='2023-07-24T00:00:00+00:00' AIRFLOW_CTX_TRY_NUMBER='1' AIRFLOW_CTX_DAG_RUN_ID='scheduled__2023-07-24T00:00:00+00:00'
[2023-09-12T17:37:11.858+0000] {logging_mixin.py:151} INFO - goodbye world
[2023-09-12T17:37:11.863+0000] {python.py:194} INFO - Done. Returned value was: None
[2023-09-12T17:37:11.923+0000] {taskinstance.py:1400} INFO - Marking task as SUCCESS. dag_id=tasks_relations, task_id=say_bye, execution_date=20230724T000000, start_date=20230912T173711, end_date=20230912T173711
[2023-09-12T17:37:12.009+0000] {local_task_job_runner.py:228} INFO - Task exited with return code 0
[2023-09-12T17:37:12.083+0000] {taskinstance.py:2784} INFO - 2 downstream tasks scheduled from follow-on schedule check
