[2023-09-05T15:29:35.302+0000] {taskinstance.py:1159} INFO - Dependencies all met for dep_context=non-requeueable deps ti=<TaskInstance: tasks_relations.this_way scheduled__2023-06-19T00:00:00+00:00 [queued]>
[2023-09-05T15:29:35.419+0000] {taskinstance.py:1159} INFO - Dependencies all met for dep_context=requeueable deps ti=<TaskInstance: tasks_relations.this_way scheduled__2023-06-19T00:00:00+00:00 [queued]>
[2023-09-05T15:29:35.449+0000] {taskinstance.py:1361} INFO - Starting attempt 1 of 1
[2023-09-05T15:29:35.647+0000] {taskinstance.py:1382} INFO - Executing <Task(_PythonDecoratedOperator): this_way> on 2023-06-19 00:00:00+00:00
[2023-09-05T15:29:35.694+0000] {standard_task_runner.py:57} INFO - Started process 1364 to run task
[2023-09-05T15:29:35.702+0000] {standard_task_runner.py:84} INFO - Running: ['***', 'tasks', 'run', 'tasks_relations', 'this_way', 'scheduled__2023-06-19T00:00:00+00:00', '--job-id', '607', '--raw', '--subdir', 'DAGS_FOLDER/tasks_relations.py', '--cfg-path', '/tmp/tmp8rzauhum']
[2023-09-05T15:29:35.719+0000] {standard_task_runner.py:85} INFO - Job 607: Subtask this_way
[2023-09-05T15:29:36.333+0000] {task_command.py:415} INFO - Running <TaskInstance: tasks_relations.this_way scheduled__2023-06-19T00:00:00+00:00 [running]> on host ca474790e981
[2023-09-05T15:29:37.108+0000] {taskinstance.py:1660} INFO - Exporting env vars: AIRFLOW_CTX_DAG_OWNER='***' AIRFLOW_CTX_DAG_ID='tasks_relations' AIRFLOW_CTX_TASK_ID='this_way' AIRFLOW_CTX_EXECUTION_DATE='2023-06-19T00:00:00+00:00' AIRFLOW_CTX_TRY_NUMBER='1' AIRFLOW_CTX_DAG_RUN_ID='scheduled__2023-06-19T00:00:00+00:00'
[2023-09-05T15:29:37.115+0000] {logging_mixin.py:151} INFO - THIS WAY!!!
[2023-09-05T15:29:37.118+0000] {python.py:194} INFO - Done. Returned value was: None
[2023-09-05T15:29:37.175+0000] {taskinstance.py:1400} INFO - Marking task as SUCCESS. dag_id=tasks_relations, task_id=this_way, execution_date=20230619T000000, start_date=20230905T152935, end_date=20230905T152937
[2023-09-05T15:29:37.289+0000] {local_task_job_runner.py:228} INFO - Task exited with return code 0
[2023-09-05T15:29:37.426+0000] {taskinstance.py:2784} INFO - 0 downstream tasks scheduled from follow-on schedule check
[2023-09-12T17:36:40.224+0000] {taskinstance.py:1159} INFO - Dependencies all met for dep_context=non-requeueable deps ti=<TaskInstance: tasks_relations.this_way scheduled__2023-06-19T00:00:00+00:00 [queued]>
[2023-09-12T17:36:40.281+0000] {taskinstance.py:1159} INFO - Dependencies all met for dep_context=requeueable deps ti=<TaskInstance: tasks_relations.this_way scheduled__2023-06-19T00:00:00+00:00 [queued]>
[2023-09-12T17:36:40.283+0000] {taskinstance.py:1361} INFO - Starting attempt 1 of 1
[2023-09-12T17:36:40.349+0000] {taskinstance.py:1382} INFO - Executing <Task(_PythonDecoratedOperator): this_way> on 2023-06-19 00:00:00+00:00
[2023-09-12T17:36:40.367+0000] {standard_task_runner.py:57} INFO - Started process 2745 to run task
[2023-09-12T17:36:40.396+0000] {standard_task_runner.py:84} INFO - Running: ['***', 'tasks', 'run', 'tasks_relations', 'this_way', 'scheduled__2023-06-19T00:00:00+00:00', '--job-id', '1293', '--raw', '--subdir', 'DAGS_FOLDER/2_tasks_relations.py', '--cfg-path', '/tmp/tmp5q15dsz_']
[2023-09-12T17:36:40.410+0000] {standard_task_runner.py:85} INFO - Job 1293: Subtask this_way
[2023-09-12T17:36:40.617+0000] {task_command.py:415} INFO - Running <TaskInstance: tasks_relations.this_way scheduled__2023-06-19T00:00:00+00:00 [running]> on host 0ab7970e0956
[2023-09-12T17:36:41.010+0000] {taskinstance.py:1660} INFO - Exporting env vars: AIRFLOW_CTX_DAG_OWNER='***' AIRFLOW_CTX_DAG_ID='tasks_relations' AIRFLOW_CTX_TASK_ID='this_way' AIRFLOW_CTX_EXECUTION_DATE='2023-06-19T00:00:00+00:00' AIRFLOW_CTX_TRY_NUMBER='1' AIRFLOW_CTX_DAG_RUN_ID='scheduled__2023-06-19T00:00:00+00:00'
[2023-09-12T17:36:41.016+0000] {logging_mixin.py:151} INFO - THIS WAY!!!
[2023-09-12T17:36:41.016+0000] {python.py:194} INFO - Done. Returned value was: None
[2023-09-12T17:36:41.102+0000] {taskinstance.py:1400} INFO - Marking task as SUCCESS. dag_id=tasks_relations, task_id=this_way, execution_date=20230619T000000, start_date=20230912T173640, end_date=20230912T173641
[2023-09-12T17:36:41.230+0000] {local_task_job_runner.py:228} INFO - Task exited with return code 0
[2023-09-12T17:36:41.318+0000] {taskinstance.py:2784} INFO - 0 downstream tasks scheduled from follow-on schedule check
