[2023-09-05T15:30:38.198+0000] {taskinstance.py:1159} INFO - Dependencies all met for dep_context=non-requeueable deps ti=<TaskInstance: tasks_relations.this_way scheduled__2023-07-30T00:00:00+00:00 [queued]>
[2023-09-05T15:30:38.357+0000] {taskinstance.py:1159} INFO - Dependencies all met for dep_context=requeueable deps ti=<TaskInstance: tasks_relations.this_way scheduled__2023-07-30T00:00:00+00:00 [queued]>
[2023-09-05T15:30:38.364+0000] {taskinstance.py:1361} INFO - Starting attempt 1 of 1
[2023-09-05T15:30:38.531+0000] {taskinstance.py:1382} INFO - Executing <Task(_PythonDecoratedOperator): this_way> on 2023-07-30 00:00:00+00:00
[2023-09-05T15:30:38.578+0000] {standard_task_runner.py:57} INFO - Started process 1734 to run task
[2023-09-05T15:30:38.632+0000] {standard_task_runner.py:84} INFO - Running: ['***', 'tasks', 'run', 'tasks_relations', 'this_way', 'scheduled__2023-07-30T00:00:00+00:00', '--job-id', '791', '--raw', '--subdir', 'DAGS_FOLDER/tasks_relations.py', '--cfg-path', '/tmp/tmpqo41fof2']
[2023-09-05T15:30:38.647+0000] {standard_task_runner.py:85} INFO - Job 791: Subtask this_way
[2023-09-05T15:30:38.926+0000] {task_command.py:415} INFO - Running <TaskInstance: tasks_relations.this_way scheduled__2023-07-30T00:00:00+00:00 [running]> on host ca474790e981
[2023-09-05T15:30:39.313+0000] {taskinstance.py:1660} INFO - Exporting env vars: AIRFLOW_CTX_DAG_OWNER='***' AIRFLOW_CTX_DAG_ID='tasks_relations' AIRFLOW_CTX_TASK_ID='this_way' AIRFLOW_CTX_EXECUTION_DATE='2023-07-30T00:00:00+00:00' AIRFLOW_CTX_TRY_NUMBER='1' AIRFLOW_CTX_DAG_RUN_ID='scheduled__2023-07-30T00:00:00+00:00'
[2023-09-05T15:30:39.315+0000] {logging_mixin.py:151} INFO - THIS WAY!!!
[2023-09-05T15:30:39.316+0000] {python.py:194} INFO - Done. Returned value was: None
[2023-09-05T15:30:39.362+0000] {taskinstance.py:1400} INFO - Marking task as SUCCESS. dag_id=tasks_relations, task_id=this_way, execution_date=20230730T000000, start_date=20230905T153038, end_date=20230905T153039
[2023-09-05T15:30:39.495+0000] {local_task_job_runner.py:228} INFO - Task exited with return code 0
[2023-09-05T15:30:39.623+0000] {taskinstance.py:2784} INFO - 0 downstream tasks scheduled from follow-on schedule check
[2023-09-12T17:37:24.354+0000] {taskinstance.py:1159} INFO - Dependencies all met for dep_context=non-requeueable deps ti=<TaskInstance: tasks_relations.this_way scheduled__2023-07-30T00:00:00+00:00 [queued]>
[2023-09-12T17:37:24.383+0000] {taskinstance.py:1159} INFO - Dependencies all met for dep_context=requeueable deps ti=<TaskInstance: tasks_relations.this_way scheduled__2023-07-30T00:00:00+00:00 [queued]>
[2023-09-12T17:37:24.390+0000] {taskinstance.py:1361} INFO - Starting attempt 1 of 1
[2023-09-12T17:37:24.431+0000] {taskinstance.py:1382} INFO - Executing <Task(_PythonDecoratedOperator): this_way> on 2023-07-30 00:00:00+00:00
[2023-09-12T17:37:24.438+0000] {standard_task_runner.py:57} INFO - Started process 3270 to run task
[2023-09-12T17:37:24.489+0000] {standard_task_runner.py:84} INFO - Running: ['***', 'tasks', 'run', 'tasks_relations', 'this_way', 'scheduled__2023-07-30T00:00:00+00:00', '--job-id', '1553', '--raw', '--subdir', 'DAGS_FOLDER/2_tasks_relations.py', '--cfg-path', '/tmp/tmpxgtiwizw']
[2023-09-12T17:37:24.533+0000] {standard_task_runner.py:85} INFO - Job 1553: Subtask this_way
[2023-09-12T17:37:24.831+0000] {task_command.py:415} INFO - Running <TaskInstance: tasks_relations.this_way scheduled__2023-07-30T00:00:00+00:00 [running]> on host 0ab7970e0956
[2023-09-12T17:37:25.188+0000] {taskinstance.py:1660} INFO - Exporting env vars: AIRFLOW_CTX_DAG_OWNER='***' AIRFLOW_CTX_DAG_ID='tasks_relations' AIRFLOW_CTX_TASK_ID='this_way' AIRFLOW_CTX_EXECUTION_DATE='2023-07-30T00:00:00+00:00' AIRFLOW_CTX_TRY_NUMBER='1' AIRFLOW_CTX_DAG_RUN_ID='scheduled__2023-07-30T00:00:00+00:00'
[2023-09-12T17:37:25.193+0000] {logging_mixin.py:151} INFO - THIS WAY!!!
[2023-09-12T17:37:25.200+0000] {python.py:194} INFO - Done. Returned value was: None
[2023-09-12T17:37:25.309+0000] {taskinstance.py:1400} INFO - Marking task as SUCCESS. dag_id=tasks_relations, task_id=this_way, execution_date=20230730T000000, start_date=20230912T173724, end_date=20230912T173725
[2023-09-12T17:37:25.526+0000] {local_task_job_runner.py:228} INFO - Task exited with return code 0
[2023-09-12T17:37:25.616+0000] {taskinstance.py:2784} INFO - 0 downstream tasks scheduled from follow-on schedule check
