[2023-09-05T15:28:50.615+0000] {taskinstance.py:1159} INFO - Dependencies all met for dep_context=non-requeueable deps ti=<TaskInstance: tasks_relations.say_hello scheduled__2023-06-12T00:00:00+00:00 [queued]>
[2023-09-05T15:28:50.996+0000] {taskinstance.py:1159} INFO - Dependencies all met for dep_context=requeueable deps ti=<TaskInstance: tasks_relations.say_hello scheduled__2023-06-12T00:00:00+00:00 [queued]>
[2023-09-05T15:28:51.057+0000] {taskinstance.py:1361} INFO - Starting attempt 1 of 1
[2023-09-05T15:28:51.535+0000] {taskinstance.py:1382} INFO - Executing <Task(_PythonDecoratedOperator): say_hello> on 2023-06-12 00:00:00+00:00
[2023-09-05T15:28:51.898+0000] {standard_task_runner.py:84} INFO - Running: ['***', 'tasks', 'run', 'tasks_relations', 'say_hello', 'scheduled__2023-06-12T00:00:00+00:00', '--job-id', '511', '--raw', '--subdir', 'DAGS_FOLDER/tasks_relations.py', '--cfg-path', '/tmp/tmp64en5xxz']
[2023-09-05T15:28:51.929+0000] {standard_task_runner.py:85} INFO - Job 511: Subtask say_hello
[2023-09-05T15:28:51.879+0000] {standard_task_runner.py:57} INFO - Started process 1166 to run task
[2023-09-05T15:28:52.917+0000] {task_command.py:415} INFO - Running <TaskInstance: tasks_relations.say_hello scheduled__2023-06-12T00:00:00+00:00 [running]> on host ca474790e981
[2023-09-05T15:28:54.383+0000] {taskinstance.py:1660} INFO - Exporting env vars: AIRFLOW_CTX_DAG_OWNER='***' AIRFLOW_CTX_DAG_ID='tasks_relations' AIRFLOW_CTX_TASK_ID='say_hello' AIRFLOW_CTX_EXECUTION_DATE='2023-06-12T00:00:00+00:00' AIRFLOW_CTX_TRY_NUMBER='1' AIRFLOW_CTX_DAG_RUN_ID='scheduled__2023-06-12T00:00:00+00:00'
[2023-09-05T15:28:54.425+0000] {logging_mixin.py:151} INFO - hello world
[2023-09-05T15:28:54.430+0000] {python.py:194} INFO - Done. Returned value was: None
[2023-09-05T15:28:54.507+0000] {taskinstance.py:1400} INFO - Marking task as SUCCESS. dag_id=tasks_relations, task_id=say_hello, execution_date=20230612T000000, start_date=20230905T152850, end_date=20230905T152854
[2023-09-05T15:28:54.763+0000] {local_task_job_runner.py:228} INFO - Task exited with return code 0
[2023-09-05T15:28:55.423+0000] {taskinstance.py:2784} INFO - 1 downstream tasks scheduled from follow-on schedule check
[2023-09-12T17:36:31.197+0000] {taskinstance.py:1159} INFO - Dependencies all met for dep_context=non-requeueable deps ti=<TaskInstance: tasks_relations.say_hello scheduled__2023-06-12T00:00:00+00:00 [queued]>
[2023-09-12T17:36:31.214+0000] {taskinstance.py:1159} INFO - Dependencies all met for dep_context=requeueable deps ti=<TaskInstance: tasks_relations.say_hello scheduled__2023-06-12T00:00:00+00:00 [queued]>
[2023-09-12T17:36:31.217+0000] {taskinstance.py:1361} INFO - Starting attempt 1 of 1
[2023-09-12T17:36:31.240+0000] {taskinstance.py:1382} INFO - Executing <Task(_PythonDecoratedOperator): say_hello> on 2023-06-12 00:00:00+00:00
[2023-09-12T17:36:31.248+0000] {standard_task_runner.py:57} INFO - Started process 2643 to run task
[2023-09-12T17:36:31.261+0000] {standard_task_runner.py:84} INFO - Running: ['***', 'tasks', 'run', 'tasks_relations', 'say_hello', 'scheduled__2023-06-12T00:00:00+00:00', '--job-id', '1250', '--raw', '--subdir', 'DAGS_FOLDER/2_tasks_relations.py', '--cfg-path', '/tmp/tmpb6dttve9']
[2023-09-12T17:36:31.267+0000] {standard_task_runner.py:85} INFO - Job 1250: Subtask say_hello
[2023-09-12T17:36:31.431+0000] {task_command.py:415} INFO - Running <TaskInstance: tasks_relations.say_hello scheduled__2023-06-12T00:00:00+00:00 [running]> on host 0ab7970e0956
[2023-09-12T17:36:31.702+0000] {taskinstance.py:1660} INFO - Exporting env vars: AIRFLOW_CTX_DAG_OWNER='***' AIRFLOW_CTX_DAG_ID='tasks_relations' AIRFLOW_CTX_TASK_ID='say_hello' AIRFLOW_CTX_EXECUTION_DATE='2023-06-12T00:00:00+00:00' AIRFLOW_CTX_TRY_NUMBER='1' AIRFLOW_CTX_DAG_RUN_ID='scheduled__2023-06-12T00:00:00+00:00'
[2023-09-12T17:36:31.703+0000] {logging_mixin.py:151} INFO - hello world
[2023-09-12T17:36:31.705+0000] {python.py:194} INFO - Done. Returned value was: None
[2023-09-12T17:36:31.726+0000] {taskinstance.py:1400} INFO - Marking task as SUCCESS. dag_id=tasks_relations, task_id=say_hello, execution_date=20230612T000000, start_date=20230912T173631, end_date=20230912T173631
[2023-09-12T17:36:31.796+0000] {local_task_job_runner.py:228} INFO - Task exited with return code 0
[2023-09-12T17:36:31.875+0000] {taskinstance.py:2784} INFO - 1 downstream tasks scheduled from follow-on schedule check
