[2023-09-05T15:26:33.924+0000] {taskinstance.py:1159} INFO - Dependencies all met for dep_context=non-requeueable deps ti=<TaskInstance: tasks_relations.say_bye scheduled__2023-04-23T00:00:00+00:00 [queued]>
[2023-09-05T15:26:33.975+0000] {taskinstance.py:1159} INFO - Dependencies all met for dep_context=requeueable deps ti=<TaskInstance: tasks_relations.say_bye scheduled__2023-04-23T00:00:00+00:00 [queued]>
[2023-09-05T15:26:33.981+0000] {taskinstance.py:1361} INFO - Starting attempt 1 of 1
[2023-09-05T15:26:34.077+0000] {taskinstance.py:1382} INFO - Executing <Task(_PythonDecoratedOperator): say_bye> on 2023-04-23 00:00:00+00:00
[2023-09-05T15:26:34.111+0000] {standard_task_runner.py:57} INFO - Started process 815 to run task
[2023-09-05T15:26:34.134+0000] {standard_task_runner.py:84} INFO - Running: ['***', 'tasks', 'run', 'tasks_relations', 'say_bye', 'scheduled__2023-04-23T00:00:00+00:00', '--job-id', '360', '--raw', '--subdir', 'DAGS_FOLDER/tasks_relations.py', '--cfg-path', '/tmp/tmp1s4yx6ue']
[2023-09-05T15:26:34.201+0000] {standard_task_runner.py:85} INFO - Job 360: Subtask say_bye
[2023-09-05T15:26:34.443+0000] {task_command.py:415} INFO - Running <TaskInstance: tasks_relations.say_bye scheduled__2023-04-23T00:00:00+00:00 [running]> on host ca474790e981
[2023-09-05T15:26:34.726+0000] {taskinstance.py:1660} INFO - Exporting env vars: AIRFLOW_CTX_DAG_OWNER='***' AIRFLOW_CTX_DAG_ID='tasks_relations' AIRFLOW_CTX_TASK_ID='say_bye' AIRFLOW_CTX_EXECUTION_DATE='2023-04-23T00:00:00+00:00' AIRFLOW_CTX_TRY_NUMBER='1' AIRFLOW_CTX_DAG_RUN_ID='scheduled__2023-04-23T00:00:00+00:00'
[2023-09-05T15:26:34.740+0000] {logging_mixin.py:151} INFO - goodbye ***
[2023-09-05T15:26:34.756+0000] {python.py:194} INFO - Done. Returned value was: None
[2023-09-05T15:26:34.807+0000] {taskinstance.py:1400} INFO - Marking task as SUCCESS. dag_id=tasks_relations, task_id=say_bye, execution_date=20230423T000000, start_date=20230905T152633, end_date=20230905T152634
[2023-09-05T15:26:34.893+0000] {local_task_job_runner.py:228} INFO - Task exited with return code 0
[2023-09-05T15:26:34.955+0000] {taskinstance.py:2784} INFO - 0 downstream tasks scheduled from follow-on schedule check
[2023-09-12T17:35:29.266+0000] {taskinstance.py:1159} INFO - Dependencies all met for dep_context=non-requeueable deps ti=<TaskInstance: tasks_relations.say_bye scheduled__2023-04-23T00:00:00+00:00 [queued]>
[2023-09-12T17:35:29.287+0000] {taskinstance.py:1159} INFO - Dependencies all met for dep_context=requeueable deps ti=<TaskInstance: tasks_relations.say_bye scheduled__2023-04-23T00:00:00+00:00 [queued]>
[2023-09-12T17:35:29.288+0000] {taskinstance.py:1361} INFO - Starting attempt 1 of 1
[2023-09-12T17:35:29.313+0000] {taskinstance.py:1382} INFO - Executing <Task(_PythonDecoratedOperator): say_bye> on 2023-04-23 00:00:00+00:00
[2023-09-12T17:35:29.322+0000] {standard_task_runner.py:57} INFO - Started process 1915 to run task
[2023-09-12T17:35:29.356+0000] {standard_task_runner.py:84} INFO - Running: ['***', 'tasks', 'run', 'tasks_relations', 'say_bye', 'scheduled__2023-04-23T00:00:00+00:00', '--job-id', '889', '--raw', '--subdir', 'DAGS_FOLDER/2_tasks_relations.py', '--cfg-path', '/tmp/tmpwujtrsg8']
[2023-09-12T17:35:29.368+0000] {standard_task_runner.py:85} INFO - Job 889: Subtask say_bye
[2023-09-12T17:35:29.558+0000] {task_command.py:415} INFO - Running <TaskInstance: tasks_relations.say_bye scheduled__2023-04-23T00:00:00+00:00 [running]> on host 0ab7970e0956
[2023-09-12T17:35:29.823+0000] {taskinstance.py:1660} INFO - Exporting env vars: AIRFLOW_CTX_DAG_OWNER='***' AIRFLOW_CTX_DAG_ID='tasks_relations' AIRFLOW_CTX_TASK_ID='say_bye' AIRFLOW_CTX_EXECUTION_DATE='2023-04-23T00:00:00+00:00' AIRFLOW_CTX_TRY_NUMBER='1' AIRFLOW_CTX_DAG_RUN_ID='scheduled__2023-04-23T00:00:00+00:00'
[2023-09-12T17:35:29.825+0000] {logging_mixin.py:151} INFO - goodbye world
[2023-09-12T17:35:29.825+0000] {python.py:194} INFO - Done. Returned value was: None
[2023-09-12T17:35:29.848+0000] {taskinstance.py:1400} INFO - Marking task as SUCCESS. dag_id=tasks_relations, task_id=say_bye, execution_date=20230423T000000, start_date=20230912T173529, end_date=20230912T173529
[2023-09-12T17:35:29.896+0000] {local_task_job_runner.py:228} INFO - Task exited with return code 0
[2023-09-12T17:35:29.932+0000] {taskinstance.py:2784} INFO - 2 downstream tasks scheduled from follow-on schedule check
