[2023-09-05T15:28:39.494+0000] {taskinstance.py:1159} INFO - Dependencies all met for dep_context=non-requeueable deps ti=<TaskInstance: tasks_relations.say_hello scheduled__2023-06-09T00:00:00+00:00 [queued]>
[2023-09-05T15:28:39.658+0000] {taskinstance.py:1159} INFO - Dependencies all met for dep_context=requeueable deps ti=<TaskInstance: tasks_relations.say_hello scheduled__2023-06-09T00:00:00+00:00 [queued]>
[2023-09-05T15:28:39.689+0000] {taskinstance.py:1361} INFO - Starting attempt 1 of 1
[2023-09-05T15:28:40.280+0000] {taskinstance.py:1382} INFO - Executing <Task(_PythonDecoratedOperator): say_hello> on 2023-06-09 00:00:00+00:00
[2023-09-05T15:28:40.371+0000] {standard_task_runner.py:57} INFO - Started process 1134 to run task
[2023-09-05T15:28:40.407+0000] {standard_task_runner.py:84} INFO - Running: ['***', 'tasks', 'run', 'tasks_relations', 'say_hello', 'scheduled__2023-06-09T00:00:00+00:00', '--job-id', '503', '--raw', '--subdir', 'DAGS_FOLDER/tasks_relations.py', '--cfg-path', '/tmp/tmp4juqlv32']
[2023-09-05T15:28:40.449+0000] {standard_task_runner.py:85} INFO - Job 503: Subtask say_hello
[2023-09-05T15:28:45.259+0000] {task_command.py:415} INFO - Running <TaskInstance: tasks_relations.say_hello scheduled__2023-06-09T00:00:00+00:00 [running]> on host ca474790e981
[2023-09-05T15:28:46.519+0000] {taskinstance.py:1660} INFO - Exporting env vars: AIRFLOW_CTX_DAG_OWNER='***' AIRFLOW_CTX_DAG_ID='tasks_relations' AIRFLOW_CTX_TASK_ID='say_hello' AIRFLOW_CTX_EXECUTION_DATE='2023-06-09T00:00:00+00:00' AIRFLOW_CTX_TRY_NUMBER='1' AIRFLOW_CTX_DAG_RUN_ID='scheduled__2023-06-09T00:00:00+00:00'
[2023-09-05T15:28:46.556+0000] {logging_mixin.py:151} INFO - hello world
[2023-09-05T15:28:46.605+0000] {python.py:194} INFO - Done. Returned value was: None
[2023-09-05T15:28:46.684+0000] {taskinstance.py:1400} INFO - Marking task as SUCCESS. dag_id=tasks_relations, task_id=say_hello, execution_date=20230609T000000, start_date=20230905T152839, end_date=20230905T152846
[2023-09-05T15:28:47.261+0000] {local_task_job_runner.py:228} INFO - Task exited with return code 0
[2023-09-05T15:28:48.016+0000] {taskinstance.py:2784} INFO - 1 downstream tasks scheduled from follow-on schedule check
[2023-09-12T17:36:17.178+0000] {taskinstance.py:1159} INFO - Dependencies all met for dep_context=non-requeueable deps ti=<TaskInstance: tasks_relations.say_hello scheduled__2023-06-09T00:00:00+00:00 [queued]>
[2023-09-12T17:36:17.219+0000] {taskinstance.py:1159} INFO - Dependencies all met for dep_context=requeueable deps ti=<TaskInstance: tasks_relations.say_hello scheduled__2023-06-09T00:00:00+00:00 [queued]>
[2023-09-12T17:36:17.222+0000] {taskinstance.py:1361} INFO - Starting attempt 1 of 1
[2023-09-12T17:36:17.270+0000] {taskinstance.py:1382} INFO - Executing <Task(_PythonDecoratedOperator): say_hello> on 2023-06-09 00:00:00+00:00
[2023-09-12T17:36:17.287+0000] {standard_task_runner.py:57} INFO - Started process 2525 to run task
[2023-09-12T17:36:17.309+0000] {standard_task_runner.py:84} INFO - Running: ['***', 'tasks', 'run', 'tasks_relations', 'say_hello', 'scheduled__2023-06-09T00:00:00+00:00', '--job-id', '1189', '--raw', '--subdir', 'DAGS_FOLDER/2_tasks_relations.py', '--cfg-path', '/tmp/tmpwmnv_97d']
[2023-09-12T17:36:17.314+0000] {standard_task_runner.py:85} INFO - Job 1189: Subtask say_hello
[2023-09-12T17:36:17.445+0000] {task_command.py:415} INFO - Running <TaskInstance: tasks_relations.say_hello scheduled__2023-06-09T00:00:00+00:00 [running]> on host 0ab7970e0956
[2023-09-12T17:36:17.664+0000] {taskinstance.py:1660} INFO - Exporting env vars: AIRFLOW_CTX_DAG_OWNER='***' AIRFLOW_CTX_DAG_ID='tasks_relations' AIRFLOW_CTX_TASK_ID='say_hello' AIRFLOW_CTX_EXECUTION_DATE='2023-06-09T00:00:00+00:00' AIRFLOW_CTX_TRY_NUMBER='1' AIRFLOW_CTX_DAG_RUN_ID='scheduled__2023-06-09T00:00:00+00:00'
[2023-09-12T17:36:17.668+0000] {logging_mixin.py:151} INFO - hello world
[2023-09-12T17:36:17.676+0000] {python.py:194} INFO - Done. Returned value was: None
[2023-09-12T17:36:17.717+0000] {taskinstance.py:1400} INFO - Marking task as SUCCESS. dag_id=tasks_relations, task_id=say_hello, execution_date=20230609T000000, start_date=20230912T173617, end_date=20230912T173617
[2023-09-12T17:36:17.808+0000] {local_task_job_runner.py:228} INFO - Task exited with return code 0
[2023-09-12T17:36:17.860+0000] {taskinstance.py:2784} INFO - 1 downstream tasks scheduled from follow-on schedule check
