[2023-09-05T15:26:36.627+0000] {taskinstance.py:1159} INFO - Dependencies all met for dep_context=non-requeueable deps ti=<TaskInstance: tasks_relations.say_bye scheduled__2023-04-26T00:00:00+00:00 [queued]>
[2023-09-05T15:26:36.637+0000] {taskinstance.py:1159} INFO - Dependencies all met for dep_context=requeueable deps ti=<TaskInstance: tasks_relations.say_bye scheduled__2023-04-26T00:00:00+00:00 [queued]>
[2023-09-05T15:26:36.638+0000] {taskinstance.py:1361} INFO - Starting attempt 1 of 1
[2023-09-05T15:26:36.675+0000] {taskinstance.py:1382} INFO - Executing <Task(_PythonDecoratedOperator): say_bye> on 2023-04-26 00:00:00+00:00
[2023-09-05T15:26:36.689+0000] {standard_task_runner.py:57} INFO - Started process 828 to run task
[2023-09-05T15:26:36.743+0000] {standard_task_runner.py:84} INFO - Running: ['***', 'tasks', 'run', 'tasks_relations', 'say_bye', 'scheduled__2023-04-26T00:00:00+00:00', '--job-id', '367', '--raw', '--subdir', 'DAGS_FOLDER/tasks_relations.py', '--cfg-path', '/tmp/tmpscvyq6uw']
[2023-09-05T15:26:36.752+0000] {standard_task_runner.py:85} INFO - Job 367: Subtask say_bye
[2023-09-05T15:26:36.972+0000] {task_command.py:415} INFO - Running <TaskInstance: tasks_relations.say_bye scheduled__2023-04-26T00:00:00+00:00 [running]> on host ca474790e981
[2023-09-05T15:26:37.237+0000] {taskinstance.py:1660} INFO - Exporting env vars: AIRFLOW_CTX_DAG_OWNER='***' AIRFLOW_CTX_DAG_ID='tasks_relations' AIRFLOW_CTX_TASK_ID='say_bye' AIRFLOW_CTX_EXECUTION_DATE='2023-04-26T00:00:00+00:00' AIRFLOW_CTX_TRY_NUMBER='1' AIRFLOW_CTX_DAG_RUN_ID='scheduled__2023-04-26T00:00:00+00:00'
[2023-09-05T15:26:37.240+0000] {logging_mixin.py:151} INFO - goodbye ***
[2023-09-05T15:26:37.252+0000] {python.py:194} INFO - Done. Returned value was: None
[2023-09-05T15:26:37.362+0000] {taskinstance.py:1400} INFO - Marking task as SUCCESS. dag_id=tasks_relations, task_id=say_bye, execution_date=20230426T000000, start_date=20230905T152636, end_date=20230905T152637
[2023-09-05T15:26:37.494+0000] {local_task_job_runner.py:228} INFO - Task exited with return code 0
[2023-09-05T15:26:37.558+0000] {taskinstance.py:2784} INFO - 0 downstream tasks scheduled from follow-on schedule check
[2023-09-12T17:35:40.495+0000] {taskinstance.py:1159} INFO - Dependencies all met for dep_context=non-requeueable deps ti=<TaskInstance: tasks_relations.say_bye scheduled__2023-04-26T00:00:00+00:00 [queued]>
[2023-09-12T17:35:40.536+0000] {taskinstance.py:1159} INFO - Dependencies all met for dep_context=requeueable deps ti=<TaskInstance: tasks_relations.say_bye scheduled__2023-04-26T00:00:00+00:00 [queued]>
[2023-09-12T17:35:40.540+0000] {taskinstance.py:1361} INFO - Starting attempt 1 of 1
[2023-09-12T17:35:40.605+0000] {taskinstance.py:1382} INFO - Executing <Task(_PythonDecoratedOperator): say_bye> on 2023-04-26 00:00:00+00:00
[2023-09-12T17:35:40.627+0000] {standard_task_runner.py:57} INFO - Started process 2046 to run task
[2023-09-12T17:35:40.675+0000] {standard_task_runner.py:84} INFO - Running: ['***', 'tasks', 'run', 'tasks_relations', 'say_bye', 'scheduled__2023-04-26T00:00:00+00:00', '--job-id', '952', '--raw', '--subdir', 'DAGS_FOLDER/2_tasks_relations.py', '--cfg-path', '/tmp/tmpd99f_zyg']
[2023-09-12T17:35:40.682+0000] {standard_task_runner.py:85} INFO - Job 952: Subtask say_bye
[2023-09-12T17:35:40.932+0000] {task_command.py:415} INFO - Running <TaskInstance: tasks_relations.say_bye scheduled__2023-04-26T00:00:00+00:00 [running]> on host 0ab7970e0956
[2023-09-12T17:35:41.214+0000] {taskinstance.py:1660} INFO - Exporting env vars: AIRFLOW_CTX_DAG_OWNER='***' AIRFLOW_CTX_DAG_ID='tasks_relations' AIRFLOW_CTX_TASK_ID='say_bye' AIRFLOW_CTX_EXECUTION_DATE='2023-04-26T00:00:00+00:00' AIRFLOW_CTX_TRY_NUMBER='1' AIRFLOW_CTX_DAG_RUN_ID='scheduled__2023-04-26T00:00:00+00:00'
[2023-09-12T17:35:41.221+0000] {logging_mixin.py:151} INFO - goodbye world
[2023-09-12T17:35:41.235+0000] {python.py:194} INFO - Done. Returned value was: None
[2023-09-12T17:35:41.255+0000] {taskinstance.py:1400} INFO - Marking task as SUCCESS. dag_id=tasks_relations, task_id=say_bye, execution_date=20230426T000000, start_date=20230912T173540, end_date=20230912T173541
[2023-09-12T17:35:41.312+0000] {local_task_job_runner.py:228} INFO - Task exited with return code 0
[2023-09-12T17:35:41.372+0000] {taskinstance.py:2784} INFO - 2 downstream tasks scheduled from follow-on schedule check
