[2023-09-05T15:30:09.605+0000] {taskinstance.py:1159} INFO - Dependencies all met for dep_context=non-requeueable deps ti=<TaskInstance: tasks_relations.or_that_way scheduled__2023-07-10T00:00:00+00:00 [queued]>
[2023-09-05T15:30:09.645+0000] {taskinstance.py:1159} INFO - Dependencies all met for dep_context=requeueable deps ti=<TaskInstance: tasks_relations.or_that_way scheduled__2023-07-10T00:00:00+00:00 [queued]>
[2023-09-05T15:30:09.649+0000] {taskinstance.py:1361} INFO - Starting attempt 1 of 1
[2023-09-05T15:30:09.722+0000] {taskinstance.py:1382} INFO - Executing <Task(_PythonDecoratedOperator): or_that_way> on 2023-07-10 00:00:00+00:00
[2023-09-05T15:30:09.753+0000] {standard_task_runner.py:57} INFO - Started process 1562 to run task
[2023-09-05T15:30:09.798+0000] {standard_task_runner.py:84} INFO - Running: ['***', 'tasks', 'run', 'tasks_relations', 'or_that_way', 'scheduled__2023-07-10T00:00:00+00:00', '--job-id', '704', '--raw', '--subdir', 'DAGS_FOLDER/tasks_relations.py', '--cfg-path', '/tmp/tmp46hkyiqf']
[2023-09-05T15:30:09.805+0000] {standard_task_runner.py:85} INFO - Job 704: Subtask or_that_way
[2023-09-05T15:30:10.130+0000] {task_command.py:415} INFO - Running <TaskInstance: tasks_relations.or_that_way scheduled__2023-07-10T00:00:00+00:00 [running]> on host ca474790e981
[2023-09-05T15:30:10.699+0000] {taskinstance.py:1660} INFO - Exporting env vars: AIRFLOW_CTX_DAG_OWNER='***' AIRFLOW_CTX_DAG_ID='tasks_relations' AIRFLOW_CTX_TASK_ID='or_that_way' AIRFLOW_CTX_EXECUTION_DATE='2023-07-10T00:00:00+00:00' AIRFLOW_CTX_TRY_NUMBER='1' AIRFLOW_CTX_DAG_RUN_ID='scheduled__2023-07-10T00:00:00+00:00'
[2023-09-05T15:30:10.702+0000] {logging_mixin.py:151} INFO - NO NO, THAT WAY WAY!!!
[2023-09-05T15:30:10.703+0000] {python.py:194} INFO - Done. Returned value was: None
[2023-09-05T15:30:10.801+0000] {taskinstance.py:1400} INFO - Marking task as SUCCESS. dag_id=tasks_relations, task_id=or_that_way, execution_date=20230710T000000, start_date=20230905T153009, end_date=20230905T153010
[2023-09-05T15:30:11.075+0000] {local_task_job_runner.py:228} INFO - Task exited with return code 0
[2023-09-05T15:30:11.164+0000] {taskinstance.py:2784} INFO - 0 downstream tasks scheduled from follow-on schedule check
[2023-09-12T17:36:58.424+0000] {taskinstance.py:1159} INFO - Dependencies all met for dep_context=non-requeueable deps ti=<TaskInstance: tasks_relations.or_that_way scheduled__2023-07-10T00:00:00+00:00 [queued]>
[2023-09-12T17:36:58.465+0000] {taskinstance.py:1159} INFO - Dependencies all met for dep_context=requeueable deps ti=<TaskInstance: tasks_relations.or_that_way scheduled__2023-07-10T00:00:00+00:00 [queued]>
[2023-09-12T17:36:58.473+0000] {taskinstance.py:1361} INFO - Starting attempt 1 of 1
[2023-09-12T17:36:58.511+0000] {taskinstance.py:1382} INFO - Executing <Task(_PythonDecoratedOperator): or_that_way> on 2023-07-10 00:00:00+00:00
[2023-09-12T17:36:58.524+0000] {standard_task_runner.py:57} INFO - Started process 2978 to run task
[2023-09-12T17:36:58.558+0000] {standard_task_runner.py:84} INFO - Running: ['***', 'tasks', 'run', 'tasks_relations', 'or_that_way', 'scheduled__2023-07-10T00:00:00+00:00', '--job-id', '1413', '--raw', '--subdir', 'DAGS_FOLDER/2_tasks_relations.py', '--cfg-path', '/tmp/tmpvzz8ne3b']
[2023-09-12T17:36:58.565+0000] {standard_task_runner.py:85} INFO - Job 1413: Subtask or_that_way
[2023-09-12T17:36:58.808+0000] {task_command.py:415} INFO - Running <TaskInstance: tasks_relations.or_that_way scheduled__2023-07-10T00:00:00+00:00 [running]> on host 0ab7970e0956
[2023-09-12T17:36:59.164+0000] {taskinstance.py:1660} INFO - Exporting env vars: AIRFLOW_CTX_DAG_OWNER='***' AIRFLOW_CTX_DAG_ID='tasks_relations' AIRFLOW_CTX_TASK_ID='or_that_way' AIRFLOW_CTX_EXECUTION_DATE='2023-07-10T00:00:00+00:00' AIRFLOW_CTX_TRY_NUMBER='1' AIRFLOW_CTX_DAG_RUN_ID='scheduled__2023-07-10T00:00:00+00:00'
[2023-09-12T17:36:59.170+0000] {logging_mixin.py:151} INFO - NO NO, THAT WAY WAY!!!
[2023-09-12T17:36:59.173+0000] {python.py:194} INFO - Done. Returned value was: None
[2023-09-12T17:36:59.198+0000] {taskinstance.py:1400} INFO - Marking task as SUCCESS. dag_id=tasks_relations, task_id=or_that_way, execution_date=20230710T000000, start_date=20230912T173658, end_date=20230912T173659
[2023-09-12T17:36:59.230+0000] {local_task_job_runner.py:228} INFO - Task exited with return code 0
[2023-09-12T17:36:59.281+0000] {taskinstance.py:2784} INFO - 0 downstream tasks scheduled from follow-on schedule check
