[2023-09-05T15:31:17.966+0000] {taskinstance.py:1159} INFO - Dependencies all met for dep_context=non-requeueable deps ti=<TaskInstance: tasks_relations.say_hello scheduled__2023-08-22T00:00:00+00:00 [queued]>
[2023-09-05T15:31:18.026+0000] {taskinstance.py:1159} INFO - Dependencies all met for dep_context=requeueable deps ti=<TaskInstance: tasks_relations.say_hello scheduled__2023-08-22T00:00:00+00:00 [queued]>
[2023-09-05T15:31:18.029+0000] {taskinstance.py:1361} INFO - Starting attempt 1 of 1
[2023-09-05T15:31:18.189+0000] {taskinstance.py:1382} INFO - Executing <Task(_PythonDecoratedOperator): say_hello> on 2023-08-22 00:00:00+00:00
[2023-09-05T15:31:18.197+0000] {standard_task_runner.py:57} INFO - Started process 1945 to run task
[2023-09-05T15:31:18.272+0000] {standard_task_runner.py:84} INFO - Running: ['***', 'tasks', 'run', 'tasks_relations', 'say_hello', 'scheduled__2023-08-22T00:00:00+00:00', '--job-id', '890', '--raw', '--subdir', 'DAGS_FOLDER/tasks_relations.py', '--cfg-path', '/tmp/tmp2odvnmb1']
[2023-09-05T15:31:18.278+0000] {standard_task_runner.py:85} INFO - Job 890: Subtask say_hello
[2023-09-05T15:31:18.661+0000] {task_command.py:415} INFO - Running <TaskInstance: tasks_relations.say_hello scheduled__2023-08-22T00:00:00+00:00 [running]> on host ca474790e981
[2023-09-05T15:31:19.100+0000] {taskinstance.py:1660} INFO - Exporting env vars: AIRFLOW_CTX_DAG_OWNER='***' AIRFLOW_CTX_DAG_ID='tasks_relations' AIRFLOW_CTX_TASK_ID='say_hello' AIRFLOW_CTX_EXECUTION_DATE='2023-08-22T00:00:00+00:00' AIRFLOW_CTX_TRY_NUMBER='1' AIRFLOW_CTX_DAG_RUN_ID='scheduled__2023-08-22T00:00:00+00:00'
[2023-09-05T15:31:19.110+0000] {logging_mixin.py:151} INFO - hello world
[2023-09-05T15:31:19.112+0000] {python.py:194} INFO - Done. Returned value was: None
[2023-09-05T15:31:19.241+0000] {taskinstance.py:1400} INFO - Marking task as SUCCESS. dag_id=tasks_relations, task_id=say_hello, execution_date=20230822T000000, start_date=20230905T153117, end_date=20230905T153119
[2023-09-05T15:31:19.474+0000] {local_task_job_runner.py:228} INFO - Task exited with return code 0
[2023-09-05T15:31:19.675+0000] {taskinstance.py:2784} INFO - 1 downstream tasks scheduled from follow-on schedule check
[2023-09-12T17:37:45.115+0000] {taskinstance.py:1159} INFO - Dependencies all met for dep_context=non-requeueable deps ti=<TaskInstance: tasks_relations.say_hello scheduled__2023-08-22T00:00:00+00:00 [queued]>
[2023-09-12T17:37:45.139+0000] {taskinstance.py:1159} INFO - Dependencies all met for dep_context=requeueable deps ti=<TaskInstance: tasks_relations.say_hello scheduled__2023-08-22T00:00:00+00:00 [queued]>
[2023-09-12T17:37:45.144+0000] {taskinstance.py:1361} INFO - Starting attempt 1 of 1
[2023-09-12T17:37:45.220+0000] {taskinstance.py:1382} INFO - Executing <Task(_PythonDecoratedOperator): say_hello> on 2023-08-22 00:00:00+00:00
[2023-09-12T17:37:45.232+0000] {standard_task_runner.py:57} INFO - Started process 3492 to run task
[2023-09-12T17:37:45.238+0000] {standard_task_runner.py:84} INFO - Running: ['***', 'tasks', 'run', 'tasks_relations', 'say_hello', 'scheduled__2023-08-22T00:00:00+00:00', '--job-id', '1666', '--raw', '--subdir', 'DAGS_FOLDER/2_tasks_relations.py', '--cfg-path', '/tmp/tmpc5bfcl67']
[2023-09-12T17:37:45.240+0000] {standard_task_runner.py:85} INFO - Job 1666: Subtask say_hello
[2023-09-12T17:37:45.426+0000] {task_command.py:415} INFO - Running <TaskInstance: tasks_relations.say_hello scheduled__2023-08-22T00:00:00+00:00 [running]> on host 0ab7970e0956
[2023-09-12T17:37:45.648+0000] {taskinstance.py:1660} INFO - Exporting env vars: AIRFLOW_CTX_DAG_OWNER='***' AIRFLOW_CTX_DAG_ID='tasks_relations' AIRFLOW_CTX_TASK_ID='say_hello' AIRFLOW_CTX_EXECUTION_DATE='2023-08-22T00:00:00+00:00' AIRFLOW_CTX_TRY_NUMBER='1' AIRFLOW_CTX_DAG_RUN_ID='scheduled__2023-08-22T00:00:00+00:00'
[2023-09-12T17:37:45.652+0000] {logging_mixin.py:151} INFO - hello world
[2023-09-12T17:37:45.652+0000] {python.py:194} INFO - Done. Returned value was: None
[2023-09-12T17:37:45.663+0000] {taskinstance.py:1400} INFO - Marking task as SUCCESS. dag_id=tasks_relations, task_id=say_hello, execution_date=20230822T000000, start_date=20230912T173745, end_date=20230912T173745
[2023-09-12T17:37:45.744+0000] {local_task_job_runner.py:228} INFO - Task exited with return code 0
[2023-09-12T17:37:45.800+0000] {taskinstance.py:2784} INFO - 1 downstream tasks scheduled from follow-on schedule check
