[2023-09-05T15:30:22.034+0000] {taskinstance.py:1159} INFO - Dependencies all met for dep_context=non-requeueable deps ti=<TaskInstance: tasks_relations.say_bye scheduled__2023-07-19T00:00:00+00:00 [queued]>
[2023-09-05T15:30:22.120+0000] {taskinstance.py:1159} INFO - Dependencies all met for dep_context=requeueable deps ti=<TaskInstance: tasks_relations.say_bye scheduled__2023-07-19T00:00:00+00:00 [queued]>
[2023-09-05T15:30:22.129+0000] {taskinstance.py:1361} INFO - Starting attempt 1 of 1
[2023-09-05T15:30:22.215+0000] {taskinstance.py:1382} INFO - Executing <Task(_PythonDecoratedOperator): say_bye> on 2023-07-19 00:00:00+00:00
[2023-09-05T15:30:22.264+0000] {standard_task_runner.py:57} INFO - Started process 1634 to run task
[2023-09-05T15:30:22.458+0000] {standard_task_runner.py:84} INFO - Running: ['***', 'tasks', 'run', 'tasks_relations', 'say_bye', 'scheduled__2023-07-19T00:00:00+00:00', '--job-id', '741', '--raw', '--subdir', 'DAGS_FOLDER/tasks_relations.py', '--cfg-path', '/tmp/tmpmod8dzet']
[2023-09-05T15:30:22.512+0000] {standard_task_runner.py:85} INFO - Job 741: Subtask say_bye
[2023-09-05T15:30:23.330+0000] {task_command.py:415} INFO - Running <TaskInstance: tasks_relations.say_bye scheduled__2023-07-19T00:00:00+00:00 [running]> on host ca474790e981
[2023-09-05T15:30:24.161+0000] {taskinstance.py:1660} INFO - Exporting env vars: AIRFLOW_CTX_DAG_OWNER='***' AIRFLOW_CTX_DAG_ID='tasks_relations' AIRFLOW_CTX_TASK_ID='say_bye' AIRFLOW_CTX_EXECUTION_DATE='2023-07-19T00:00:00+00:00' AIRFLOW_CTX_TRY_NUMBER='1' AIRFLOW_CTX_DAG_RUN_ID='scheduled__2023-07-19T00:00:00+00:00'
[2023-09-05T15:30:24.176+0000] {logging_mixin.py:151} INFO - goodbye world
[2023-09-05T15:30:24.205+0000] {python.py:194} INFO - Done. Returned value was: None
[2023-09-05T15:30:24.281+0000] {taskinstance.py:1400} INFO - Marking task as SUCCESS. dag_id=tasks_relations, task_id=say_bye, execution_date=20230719T000000, start_date=20230905T153022, end_date=20230905T153024
[2023-09-05T15:30:24.582+0000] {local_task_job_runner.py:228} INFO - Task exited with return code 0
[2023-09-05T15:30:24.894+0000] {taskinstance.py:2784} INFO - 2 downstream tasks scheduled from follow-on schedule check
[2023-09-12T17:37:08.795+0000] {taskinstance.py:1159} INFO - Dependencies all met for dep_context=non-requeueable deps ti=<TaskInstance: tasks_relations.say_bye scheduled__2023-07-19T00:00:00+00:00 [queued]>
[2023-09-12T17:37:08.834+0000] {taskinstance.py:1159} INFO - Dependencies all met for dep_context=requeueable deps ti=<TaskInstance: tasks_relations.say_bye scheduled__2023-07-19T00:00:00+00:00 [queued]>
[2023-09-12T17:37:08.834+0000] {taskinstance.py:1361} INFO - Starting attempt 1 of 1
[2023-09-12T17:37:08.856+0000] {taskinstance.py:1382} INFO - Executing <Task(_PythonDecoratedOperator): say_bye> on 2023-07-19 00:00:00+00:00
[2023-09-12T17:37:08.860+0000] {standard_task_runner.py:57} INFO - Started process 3093 to run task
[2023-09-12T17:37:08.867+0000] {standard_task_runner.py:84} INFO - Running: ['***', 'tasks', 'run', 'tasks_relations', 'say_bye', 'scheduled__2023-07-19T00:00:00+00:00', '--job-id', '1467', '--raw', '--subdir', 'DAGS_FOLDER/2_tasks_relations.py', '--cfg-path', '/tmp/tmph9yn6o2s']
[2023-09-12T17:37:08.868+0000] {standard_task_runner.py:85} INFO - Job 1467: Subtask say_bye
[2023-09-12T17:37:09.038+0000] {task_command.py:415} INFO - Running <TaskInstance: tasks_relations.say_bye scheduled__2023-07-19T00:00:00+00:00 [running]> on host 0ab7970e0956
[2023-09-12T17:37:09.328+0000] {taskinstance.py:1660} INFO - Exporting env vars: AIRFLOW_CTX_DAG_OWNER='***' AIRFLOW_CTX_DAG_ID='tasks_relations' AIRFLOW_CTX_TASK_ID='say_bye' AIRFLOW_CTX_EXECUTION_DATE='2023-07-19T00:00:00+00:00' AIRFLOW_CTX_TRY_NUMBER='1' AIRFLOW_CTX_DAG_RUN_ID='scheduled__2023-07-19T00:00:00+00:00'
[2023-09-12T17:37:09.329+0000] {logging_mixin.py:151} INFO - goodbye world
[2023-09-12T17:37:09.329+0000] {python.py:194} INFO - Done. Returned value was: None
[2023-09-12T17:37:09.371+0000] {taskinstance.py:1400} INFO - Marking task as SUCCESS. dag_id=tasks_relations, task_id=say_bye, execution_date=20230719T000000, start_date=20230912T173708, end_date=20230912T173709
[2023-09-12T17:37:09.480+0000] {local_task_job_runner.py:228} INFO - Task exited with return code 0
[2023-09-12T17:37:09.525+0000] {taskinstance.py:2784} INFO - 2 downstream tasks scheduled from follow-on schedule check
