[2023-09-05T15:30:03.365+0000] {taskinstance.py:1159} INFO - Dependencies all met for dep_context=non-requeueable deps ti=<TaskInstance: tasks_relations.say_hello scheduled__2023-07-17T00:00:00+00:00 [queued]>
[2023-09-05T15:30:03.384+0000] {taskinstance.py:1159} INFO - Dependencies all met for dep_context=requeueable deps ti=<TaskInstance: tasks_relations.say_hello scheduled__2023-07-17T00:00:00+00:00 [queued]>
[2023-09-05T15:30:03.386+0000] {taskinstance.py:1361} INFO - Starting attempt 1 of 1
[2023-09-05T15:30:03.609+0000] {taskinstance.py:1382} INFO - Executing <Task(_PythonDecoratedOperator): say_hello> on 2023-07-17 00:00:00+00:00
[2023-09-05T15:30:03.660+0000] {standard_task_runner.py:57} INFO - Started process 1520 to run task
[2023-09-05T15:30:03.724+0000] {standard_task_runner.py:84} INFO - Running: ['***', 'tasks', 'run', 'tasks_relations', 'say_hello', 'scheduled__2023-07-17T00:00:00+00:00', '--job-id', '683', '--raw', '--subdir', 'DAGS_FOLDER/tasks_relations.py', '--cfg-path', '/tmp/tmpfgjge5zv']
[2023-09-05T15:30:03.748+0000] {standard_task_runner.py:85} INFO - Job 683: Subtask say_hello
[2023-09-05T15:30:04.212+0000] {task_command.py:415} INFO - Running <TaskInstance: tasks_relations.say_hello scheduled__2023-07-17T00:00:00+00:00 [running]> on host ca474790e981
[2023-09-05T15:30:04.895+0000] {taskinstance.py:1660} INFO - Exporting env vars: AIRFLOW_CTX_DAG_OWNER='***' AIRFLOW_CTX_DAG_ID='tasks_relations' AIRFLOW_CTX_TASK_ID='say_hello' AIRFLOW_CTX_EXECUTION_DATE='2023-07-17T00:00:00+00:00' AIRFLOW_CTX_TRY_NUMBER='1' AIRFLOW_CTX_DAG_RUN_ID='scheduled__2023-07-17T00:00:00+00:00'
[2023-09-05T15:30:04.898+0000] {logging_mixin.py:151} INFO - hello world
[2023-09-05T15:30:04.900+0000] {python.py:194} INFO - Done. Returned value was: None
[2023-09-05T15:30:04.996+0000] {taskinstance.py:1400} INFO - Marking task as SUCCESS. dag_id=tasks_relations, task_id=say_hello, execution_date=20230717T000000, start_date=20230905T153003, end_date=20230905T153004
[2023-09-05T15:30:05.209+0000] {local_task_job_runner.py:228} INFO - Task exited with return code 0
[2023-09-05T15:30:05.386+0000] {taskinstance.py:2784} INFO - 1 downstream tasks scheduled from follow-on schedule check
[2023-09-12T17:37:06.503+0000] {taskinstance.py:1159} INFO - Dependencies all met for dep_context=non-requeueable deps ti=<TaskInstance: tasks_relations.say_hello scheduled__2023-07-17T00:00:00+00:00 [queued]>
[2023-09-12T17:37:06.527+0000] {taskinstance.py:1159} INFO - Dependencies all met for dep_context=requeueable deps ti=<TaskInstance: tasks_relations.say_hello scheduled__2023-07-17T00:00:00+00:00 [queued]>
[2023-09-12T17:37:06.533+0000] {taskinstance.py:1361} INFO - Starting attempt 1 of 1
[2023-09-12T17:37:06.578+0000] {taskinstance.py:1382} INFO - Executing <Task(_PythonDecoratedOperator): say_hello> on 2023-07-17 00:00:00+00:00
[2023-09-12T17:37:06.585+0000] {standard_task_runner.py:57} INFO - Started process 3057 to run task
[2023-09-12T17:37:06.629+0000] {standard_task_runner.py:84} INFO - Running: ['***', 'tasks', 'run', 'tasks_relations', 'say_hello', 'scheduled__2023-07-17T00:00:00+00:00', '--job-id', '1450', '--raw', '--subdir', 'DAGS_FOLDER/2_tasks_relations.py', '--cfg-path', '/tmp/tmpqy6qifa3']
[2023-09-12T17:37:06.638+0000] {standard_task_runner.py:85} INFO - Job 1450: Subtask say_hello
[2023-09-12T17:37:06.824+0000] {task_command.py:415} INFO - Running <TaskInstance: tasks_relations.say_hello scheduled__2023-07-17T00:00:00+00:00 [running]> on host 0ab7970e0956
[2023-09-12T17:37:07.109+0000] {taskinstance.py:1660} INFO - Exporting env vars: AIRFLOW_CTX_DAG_OWNER='***' AIRFLOW_CTX_DAG_ID='tasks_relations' AIRFLOW_CTX_TASK_ID='say_hello' AIRFLOW_CTX_EXECUTION_DATE='2023-07-17T00:00:00+00:00' AIRFLOW_CTX_TRY_NUMBER='1' AIRFLOW_CTX_DAG_RUN_ID='scheduled__2023-07-17T00:00:00+00:00'
[2023-09-12T17:37:07.115+0000] {logging_mixin.py:151} INFO - hello world
[2023-09-12T17:37:07.116+0000] {python.py:194} INFO - Done. Returned value was: None
[2023-09-12T17:37:07.132+0000] {taskinstance.py:1400} INFO - Marking task as SUCCESS. dag_id=tasks_relations, task_id=say_hello, execution_date=20230717T000000, start_date=20230912T173706, end_date=20230912T173707
[2023-09-12T17:37:07.225+0000] {local_task_job_runner.py:228} INFO - Task exited with return code 0
[2023-09-12T17:37:07.276+0000] {taskinstance.py:2784} INFO - 1 downstream tasks scheduled from follow-on schedule check
