[2023-09-05T15:25:12.858+0000] {taskinstance.py:1159} INFO - Dependencies all met for dep_context=non-requeueable deps ti=<TaskInstance: tasks_relations.say_bye scheduled__2023-02-24T00:00:00+00:00 [queued]>
[2023-09-05T15:25:12.882+0000] {taskinstance.py:1159} INFO - Dependencies all met for dep_context=requeueable deps ti=<TaskInstance: tasks_relations.say_bye scheduled__2023-02-24T00:00:00+00:00 [queued]>
[2023-09-05T15:25:12.890+0000] {taskinstance.py:1361} INFO - Starting attempt 1 of 1
[2023-09-05T15:25:12.937+0000] {taskinstance.py:1382} INFO - Executing <Task(_PythonDecoratedOperator): say_bye> on 2023-02-24 00:00:00+00:00
[2023-09-05T15:25:12.950+0000] {standard_task_runner.py:57} INFO - Started process 439 to run task
[2023-09-05T15:25:12.960+0000] {standard_task_runner.py:84} INFO - Running: ['***', 'tasks', 'run', 'tasks_relations', 'say_bye', 'scheduled__2023-02-24T00:00:00+00:00', '--job-id', '182', '--raw', '--subdir', 'DAGS_FOLDER/tasks_relations.py', '--cfg-path', '/tmp/tmp4achh41o']
[2023-09-05T15:25:12.963+0000] {standard_task_runner.py:85} INFO - Job 182: Subtask say_bye
[2023-09-05T15:25:13.166+0000] {task_command.py:415} INFO - Running <TaskInstance: tasks_relations.say_bye scheduled__2023-02-24T00:00:00+00:00 [running]> on host ca474790e981
[2023-09-05T15:25:13.327+0000] {taskinstance.py:1660} INFO - Exporting env vars: AIRFLOW_CTX_DAG_OWNER='***' AIRFLOW_CTX_DAG_ID='tasks_relations' AIRFLOW_CTX_TASK_ID='say_bye' AIRFLOW_CTX_EXECUTION_DATE='2023-02-24T00:00:00+00:00' AIRFLOW_CTX_TRY_NUMBER='1' AIRFLOW_CTX_DAG_RUN_ID='scheduled__2023-02-24T00:00:00+00:00'
[2023-09-05T15:25:13.331+0000] {logging_mixin.py:151} INFO - goodbye ***
[2023-09-05T15:25:13.331+0000] {python.py:194} INFO - Done. Returned value was: None
[2023-09-05T15:25:13.384+0000] {taskinstance.py:1400} INFO - Marking task as SUCCESS. dag_id=tasks_relations, task_id=say_bye, execution_date=20230224T000000, start_date=20230905T152512, end_date=20230905T152513
[2023-09-05T15:25:13.453+0000] {local_task_job_runner.py:228} INFO - Task exited with return code 0
[2023-09-05T15:25:13.552+0000] {taskinstance.py:2784} INFO - 0 downstream tasks scheduled from follow-on schedule check
[2023-09-12T17:34:31.079+0000] {taskinstance.py:1159} INFO - Dependencies all met for dep_context=non-requeueable deps ti=<TaskInstance: tasks_relations.say_bye scheduled__2023-02-24T00:00:00+00:00 [queued]>
[2023-09-12T17:34:31.146+0000] {taskinstance.py:1159} INFO - Dependencies all met for dep_context=requeueable deps ti=<TaskInstance: tasks_relations.say_bye scheduled__2023-02-24T00:00:00+00:00 [queued]>
[2023-09-12T17:34:31.154+0000] {taskinstance.py:1361} INFO - Starting attempt 1 of 1
[2023-09-12T17:34:31.215+0000] {taskinstance.py:1382} INFO - Executing <Task(_PythonDecoratedOperator): say_bye> on 2023-02-24 00:00:00+00:00
[2023-09-12T17:34:31.220+0000] {standard_task_runner.py:57} INFO - Started process 1101 to run task
[2023-09-12T17:34:31.242+0000] {standard_task_runner.py:84} INFO - Running: ['***', 'tasks', 'run', 'tasks_relations', 'say_bye', 'scheduled__2023-02-24T00:00:00+00:00', '--job-id', '490', '--raw', '--subdir', 'DAGS_FOLDER/2_tasks_relations.py', '--cfg-path', '/tmp/tmpi39su3mr']
[2023-09-12T17:34:31.257+0000] {standard_task_runner.py:85} INFO - Job 490: Subtask say_bye
[2023-09-12T17:34:31.483+0000] {task_command.py:415} INFO - Running <TaskInstance: tasks_relations.say_bye scheduled__2023-02-24T00:00:00+00:00 [running]> on host 0ab7970e0956
[2023-09-12T17:34:31.870+0000] {taskinstance.py:1660} INFO - Exporting env vars: AIRFLOW_CTX_DAG_OWNER='***' AIRFLOW_CTX_DAG_ID='tasks_relations' AIRFLOW_CTX_TASK_ID='say_bye' AIRFLOW_CTX_EXECUTION_DATE='2023-02-24T00:00:00+00:00' AIRFLOW_CTX_TRY_NUMBER='1' AIRFLOW_CTX_DAG_RUN_ID='scheduled__2023-02-24T00:00:00+00:00'
[2023-09-12T17:34:31.875+0000] {logging_mixin.py:151} INFO - goodbye world
[2023-09-12T17:34:31.875+0000] {python.py:194} INFO - Done. Returned value was: None
[2023-09-12T17:34:31.910+0000] {taskinstance.py:1400} INFO - Marking task as SUCCESS. dag_id=tasks_relations, task_id=say_bye, execution_date=20230224T000000, start_date=20230912T173431, end_date=20230912T173431
[2023-09-12T17:34:32.009+0000] {local_task_job_runner.py:228} INFO - Task exited with return code 0
[2023-09-12T17:34:32.145+0000] {taskinstance.py:2784} INFO - 2 downstream tasks scheduled from follow-on schedule check
