[2023-09-05T15:29:07.996+0000] {taskinstance.py:1159} INFO - Dependencies all met for dep_context=non-requeueable deps ti=<TaskInstance: tasks_relations.or_that_way scheduled__2023-06-14T00:00:00+00:00 [queued]>
[2023-09-05T15:29:08.071+0000] {taskinstance.py:1159} INFO - Dependencies all met for dep_context=requeueable deps ti=<TaskInstance: tasks_relations.or_that_way scheduled__2023-06-14T00:00:00+00:00 [queued]>
[2023-09-05T15:29:08.073+0000] {taskinstance.py:1361} INFO - Starting attempt 1 of 1
[2023-09-05T15:29:08.286+0000] {taskinstance.py:1382} INFO - Executing <Task(_PythonDecoratedOperator): or_that_way> on 2023-06-14 00:00:00+00:00
[2023-09-05T15:29:08.325+0000] {standard_task_runner.py:57} INFO - Started process 1238 to run task
[2023-09-05T15:29:08.354+0000] {standard_task_runner.py:84} INFO - Running: ['***', 'tasks', 'run', 'tasks_relations', 'or_that_way', 'scheduled__2023-06-14T00:00:00+00:00', '--job-id', '552', '--raw', '--subdir', 'DAGS_FOLDER/tasks_relations.py', '--cfg-path', '/tmp/tmpt_1m2zae']
[2023-09-05T15:29:08.364+0000] {standard_task_runner.py:85} INFO - Job 552: Subtask or_that_way
[2023-09-05T15:29:08.700+0000] {task_command.py:415} INFO - Running <TaskInstance: tasks_relations.or_that_way scheduled__2023-06-14T00:00:00+00:00 [running]> on host ca474790e981
[2023-09-05T15:29:09.149+0000] {taskinstance.py:1660} INFO - Exporting env vars: AIRFLOW_CTX_DAG_OWNER='***' AIRFLOW_CTX_DAG_ID='tasks_relations' AIRFLOW_CTX_TASK_ID='or_that_way' AIRFLOW_CTX_EXECUTION_DATE='2023-06-14T00:00:00+00:00' AIRFLOW_CTX_TRY_NUMBER='1' AIRFLOW_CTX_DAG_RUN_ID='scheduled__2023-06-14T00:00:00+00:00'
[2023-09-05T15:29:09.152+0000] {logging_mixin.py:151} INFO - NO NO, THAT WAY WAY!!!
[2023-09-05T15:29:09.164+0000] {python.py:194} INFO - Done. Returned value was: None
[2023-09-05T15:29:09.236+0000] {taskinstance.py:1400} INFO - Marking task as SUCCESS. dag_id=tasks_relations, task_id=or_that_way, execution_date=20230614T000000, start_date=20230905T152908, end_date=20230905T152909
[2023-09-05T15:29:09.404+0000] {local_task_job_runner.py:228} INFO - Task exited with return code 0
[2023-09-05T15:29:09.453+0000] {taskinstance.py:2784} INFO - 0 downstream tasks scheduled from follow-on schedule check
[2023-09-12T17:36:38.069+0000] {taskinstance.py:1159} INFO - Dependencies all met for dep_context=non-requeueable deps ti=<TaskInstance: tasks_relations.or_that_way scheduled__2023-06-14T00:00:00+00:00 [queued]>
[2023-09-12T17:36:38.105+0000] {taskinstance.py:1159} INFO - Dependencies all met for dep_context=requeueable deps ti=<TaskInstance: tasks_relations.or_that_way scheduled__2023-06-14T00:00:00+00:00 [queued]>
[2023-09-12T17:36:38.106+0000] {taskinstance.py:1361} INFO - Starting attempt 1 of 1
[2023-09-12T17:36:38.154+0000] {taskinstance.py:1382} INFO - Executing <Task(_PythonDecoratedOperator): or_that_way> on 2023-06-14 00:00:00+00:00
[2023-09-12T17:36:38.182+0000] {standard_task_runner.py:57} INFO - Started process 2717 to run task
[2023-09-12T17:36:38.214+0000] {standard_task_runner.py:84} INFO - Running: ['***', 'tasks', 'run', 'tasks_relations', 'or_that_way', 'scheduled__2023-06-14T00:00:00+00:00', '--job-id', '1287', '--raw', '--subdir', 'DAGS_FOLDER/2_tasks_relations.py', '--cfg-path', '/tmp/tmpgn2vfcw0']
[2023-09-12T17:36:38.228+0000] {standard_task_runner.py:85} INFO - Job 1287: Subtask or_that_way
[2023-09-12T17:36:38.402+0000] {task_command.py:415} INFO - Running <TaskInstance: tasks_relations.or_that_way scheduled__2023-06-14T00:00:00+00:00 [running]> on host 0ab7970e0956
[2023-09-12T17:36:38.557+0000] {taskinstance.py:1660} INFO - Exporting env vars: AIRFLOW_CTX_DAG_OWNER='***' AIRFLOW_CTX_DAG_ID='tasks_relations' AIRFLOW_CTX_TASK_ID='or_that_way' AIRFLOW_CTX_EXECUTION_DATE='2023-06-14T00:00:00+00:00' AIRFLOW_CTX_TRY_NUMBER='1' AIRFLOW_CTX_DAG_RUN_ID='scheduled__2023-06-14T00:00:00+00:00'
[2023-09-12T17:36:38.559+0000] {logging_mixin.py:151} INFO - NO NO, THAT WAY WAY!!!
[2023-09-12T17:36:38.561+0000] {python.py:194} INFO - Done. Returned value was: None
[2023-09-12T17:36:38.571+0000] {taskinstance.py:1400} INFO - Marking task as SUCCESS. dag_id=tasks_relations, task_id=or_that_way, execution_date=20230614T000000, start_date=20230912T173638, end_date=20230912T173638
[2023-09-12T17:36:38.624+0000] {local_task_job_runner.py:228} INFO - Task exited with return code 0
[2023-09-12T17:36:38.644+0000] {taskinstance.py:2784} INFO - 0 downstream tasks scheduled from follow-on schedule check
