[2023-09-05T15:30:37.886+0000] {taskinstance.py:1159} INFO - Dependencies all met for dep_context=non-requeueable deps ti=<TaskInstance: tasks_relations.or_that_way scheduled__2023-07-29T00:00:00+00:00 [queued]>
[2023-09-05T15:30:37.985+0000] {taskinstance.py:1159} INFO - Dependencies all met for dep_context=requeueable deps ti=<TaskInstance: tasks_relations.or_that_way scheduled__2023-07-29T00:00:00+00:00 [queued]>
[2023-09-05T15:30:37.997+0000] {taskinstance.py:1361} INFO - Starting attempt 1 of 1
[2023-09-05T15:30:38.102+0000] {taskinstance.py:1382} INFO - Executing <Task(_PythonDecoratedOperator): or_that_way> on 2023-07-29 00:00:00+00:00
[2023-09-05T15:30:38.127+0000] {standard_task_runner.py:57} INFO - Started process 1729 to run task
[2023-09-05T15:30:38.283+0000] {standard_task_runner.py:84} INFO - Running: ['***', 'tasks', 'run', 'tasks_relations', 'or_that_way', 'scheduled__2023-07-29T00:00:00+00:00', '--job-id', '787', '--raw', '--subdir', 'DAGS_FOLDER/tasks_relations.py', '--cfg-path', '/tmp/tmp0b2_xjv8']
[2023-09-05T15:30:38.337+0000] {standard_task_runner.py:85} INFO - Job 787: Subtask or_that_way
[2023-09-05T15:30:38.743+0000] {task_command.py:415} INFO - Running <TaskInstance: tasks_relations.or_that_way scheduled__2023-07-29T00:00:00+00:00 [running]> on host ca474790e981
[2023-09-05T15:30:39.077+0000] {taskinstance.py:1660} INFO - Exporting env vars: AIRFLOW_CTX_DAG_OWNER='***' AIRFLOW_CTX_DAG_ID='tasks_relations' AIRFLOW_CTX_TASK_ID='or_that_way' AIRFLOW_CTX_EXECUTION_DATE='2023-07-29T00:00:00+00:00' AIRFLOW_CTX_TRY_NUMBER='1' AIRFLOW_CTX_DAG_RUN_ID='scheduled__2023-07-29T00:00:00+00:00'
[2023-09-05T15:30:39.080+0000] {logging_mixin.py:151} INFO - NO NO, THAT WAY WAY!!!
[2023-09-05T15:30:39.082+0000] {python.py:194} INFO - Done. Returned value was: None
[2023-09-05T15:30:39.121+0000] {taskinstance.py:1400} INFO - Marking task as SUCCESS. dag_id=tasks_relations, task_id=or_that_way, execution_date=20230729T000000, start_date=20230905T153037, end_date=20230905T153039
[2023-09-05T15:30:39.229+0000] {local_task_job_runner.py:228} INFO - Task exited with return code 0
[2023-09-05T15:30:39.295+0000] {taskinstance.py:2784} INFO - 0 downstream tasks scheduled from follow-on schedule check
[2023-09-12T17:37:16.455+0000] {taskinstance.py:1159} INFO - Dependencies all met for dep_context=non-requeueable deps ti=<TaskInstance: tasks_relations.or_that_way scheduled__2023-07-29T00:00:00+00:00 [queued]>
[2023-09-12T17:37:16.478+0000] {taskinstance.py:1159} INFO - Dependencies all met for dep_context=requeueable deps ti=<TaskInstance: tasks_relations.or_that_way scheduled__2023-07-29T00:00:00+00:00 [queued]>
[2023-09-12T17:37:16.484+0000] {taskinstance.py:1361} INFO - Starting attempt 1 of 1
[2023-09-12T17:37:16.538+0000] {taskinstance.py:1382} INFO - Executing <Task(_PythonDecoratedOperator): or_that_way> on 2023-07-29 00:00:00+00:00
[2023-09-12T17:37:16.574+0000] {standard_task_runner.py:57} INFO - Started process 3206 to run task
[2023-09-12T17:37:16.626+0000] {standard_task_runner.py:84} INFO - Running: ['***', 'tasks', 'run', 'tasks_relations', 'or_that_way', 'scheduled__2023-07-29T00:00:00+00:00', '--job-id', '1526', '--raw', '--subdir', 'DAGS_FOLDER/2_tasks_relations.py', '--cfg-path', '/tmp/tmpxxsidx_e']
[2023-09-12T17:37:16.632+0000] {standard_task_runner.py:85} INFO - Job 1526: Subtask or_that_way
[2023-09-12T17:37:16.947+0000] {task_command.py:415} INFO - Running <TaskInstance: tasks_relations.or_that_way scheduled__2023-07-29T00:00:00+00:00 [running]> on host 0ab7970e0956
[2023-09-12T17:37:17.281+0000] {taskinstance.py:1660} INFO - Exporting env vars: AIRFLOW_CTX_DAG_OWNER='***' AIRFLOW_CTX_DAG_ID='tasks_relations' AIRFLOW_CTX_TASK_ID='or_that_way' AIRFLOW_CTX_EXECUTION_DATE='2023-07-29T00:00:00+00:00' AIRFLOW_CTX_TRY_NUMBER='1' AIRFLOW_CTX_DAG_RUN_ID='scheduled__2023-07-29T00:00:00+00:00'
[2023-09-12T17:37:17.284+0000] {logging_mixin.py:151} INFO - NO NO, THAT WAY WAY!!!
[2023-09-12T17:37:17.287+0000] {python.py:194} INFO - Done. Returned value was: None
[2023-09-12T17:37:17.307+0000] {taskinstance.py:1400} INFO - Marking task as SUCCESS. dag_id=tasks_relations, task_id=or_that_way, execution_date=20230729T000000, start_date=20230912T173716, end_date=20230912T173717
[2023-09-12T17:37:17.351+0000] {local_task_job_runner.py:228} INFO - Task exited with return code 0
[2023-09-12T17:37:17.383+0000] {taskinstance.py:2784} INFO - 1 downstream tasks scheduled from follow-on schedule check
