[2023-09-05T15:29:42.339+0000] {taskinstance.py:1159} INFO - Dependencies all met for dep_context=non-requeueable deps ti=<TaskInstance: tasks_relations.this_way scheduled__2023-06-26T00:00:00+00:00 [queued]>
[2023-09-05T15:29:42.393+0000] {taskinstance.py:1159} INFO - Dependencies all met for dep_context=requeueable deps ti=<TaskInstance: tasks_relations.this_way scheduled__2023-06-26T00:00:00+00:00 [queued]>
[2023-09-05T15:29:42.399+0000] {taskinstance.py:1361} INFO - Starting attempt 1 of 1
[2023-09-05T15:29:42.511+0000] {taskinstance.py:1382} INFO - Executing <Task(_PythonDecoratedOperator): this_way> on 2023-06-26 00:00:00+00:00
[2023-09-05T15:29:42.547+0000] {standard_task_runner.py:57} INFO - Started process 1396 to run task
[2023-09-05T15:29:42.595+0000] {standard_task_runner.py:84} INFO - Running: ['***', 'tasks', 'run', 'tasks_relations', 'this_way', 'scheduled__2023-06-26T00:00:00+00:00', '--job-id', '624', '--raw', '--subdir', 'DAGS_FOLDER/tasks_relations.py', '--cfg-path', '/tmp/tmpatqlqso3']
[2023-09-05T15:29:42.604+0000] {standard_task_runner.py:85} INFO - Job 624: Subtask this_way
[2023-09-05T15:29:42.978+0000] {task_command.py:415} INFO - Running <TaskInstance: tasks_relations.this_way scheduled__2023-06-26T00:00:00+00:00 [running]> on host ca474790e981
[2023-09-05T15:29:43.471+0000] {taskinstance.py:1660} INFO - Exporting env vars: AIRFLOW_CTX_DAG_OWNER='***' AIRFLOW_CTX_DAG_ID='tasks_relations' AIRFLOW_CTX_TASK_ID='this_way' AIRFLOW_CTX_EXECUTION_DATE='2023-06-26T00:00:00+00:00' AIRFLOW_CTX_TRY_NUMBER='1' AIRFLOW_CTX_DAG_RUN_ID='scheduled__2023-06-26T00:00:00+00:00'
[2023-09-05T15:29:43.496+0000] {logging_mixin.py:151} INFO - THIS WAY!!!
[2023-09-05T15:29:43.500+0000] {python.py:194} INFO - Done. Returned value was: None
[2023-09-05T15:29:43.596+0000] {taskinstance.py:1400} INFO - Marking task as SUCCESS. dag_id=tasks_relations, task_id=this_way, execution_date=20230626T000000, start_date=20230905T152942, end_date=20230905T152943
[2023-09-05T15:29:43.959+0000] {local_task_job_runner.py:228} INFO - Task exited with return code 0
[2023-09-05T15:29:44.179+0000] {taskinstance.py:2784} INFO - 0 downstream tasks scheduled from follow-on schedule check
[2023-09-12T17:36:42.757+0000] {taskinstance.py:1159} INFO - Dependencies all met for dep_context=non-requeueable deps ti=<TaskInstance: tasks_relations.this_way scheduled__2023-06-26T00:00:00+00:00 [queued]>
[2023-09-12T17:36:42.776+0000] {taskinstance.py:1159} INFO - Dependencies all met for dep_context=requeueable deps ti=<TaskInstance: tasks_relations.this_way scheduled__2023-06-26T00:00:00+00:00 [queued]>
[2023-09-12T17:36:42.790+0000] {taskinstance.py:1361} INFO - Starting attempt 1 of 1
[2023-09-12T17:36:42.822+0000] {taskinstance.py:1382} INFO - Executing <Task(_PythonDecoratedOperator): this_way> on 2023-06-26 00:00:00+00:00
[2023-09-12T17:36:42.837+0000] {standard_task_runner.py:57} INFO - Started process 2779 to run task
[2023-09-12T17:36:42.872+0000] {standard_task_runner.py:84} INFO - Running: ['***', 'tasks', 'run', 'tasks_relations', 'this_way', 'scheduled__2023-06-26T00:00:00+00:00', '--job-id', '1310', '--raw', '--subdir', 'DAGS_FOLDER/2_tasks_relations.py', '--cfg-path', '/tmp/tmp3bl_uyyt']
[2023-09-12T17:36:42.882+0000] {standard_task_runner.py:85} INFO - Job 1310: Subtask this_way
[2023-09-12T17:36:43.068+0000] {task_command.py:415} INFO - Running <TaskInstance: tasks_relations.this_way scheduled__2023-06-26T00:00:00+00:00 [running]> on host 0ab7970e0956
[2023-09-12T17:36:43.300+0000] {taskinstance.py:1660} INFO - Exporting env vars: AIRFLOW_CTX_DAG_OWNER='***' AIRFLOW_CTX_DAG_ID='tasks_relations' AIRFLOW_CTX_TASK_ID='this_way' AIRFLOW_CTX_EXECUTION_DATE='2023-06-26T00:00:00+00:00' AIRFLOW_CTX_TRY_NUMBER='1' AIRFLOW_CTX_DAG_RUN_ID='scheduled__2023-06-26T00:00:00+00:00'
[2023-09-12T17:36:43.303+0000] {logging_mixin.py:151} INFO - THIS WAY!!!
[2023-09-12T17:36:43.311+0000] {python.py:194} INFO - Done. Returned value was: None
[2023-09-12T17:36:43.338+0000] {taskinstance.py:1400} INFO - Marking task as SUCCESS. dag_id=tasks_relations, task_id=this_way, execution_date=20230626T000000, start_date=20230912T173642, end_date=20230912T173643
[2023-09-12T17:36:43.400+0000] {local_task_job_runner.py:228} INFO - Task exited with return code 0
[2023-09-12T17:36:43.437+0000] {taskinstance.py:2784} INFO - 0 downstream tasks scheduled from follow-on schedule check
