[2023-09-05T15:26:22.048+0000] {taskinstance.py:1159} INFO - Dependencies all met for dep_context=non-requeueable deps ti=<TaskInstance: tasks_relations.say_hello scheduled__2023-04-19T00:00:00+00:00 [queued]>
[2023-09-05T15:26:22.075+0000] {taskinstance.py:1159} INFO - Dependencies all met for dep_context=requeueable deps ti=<TaskInstance: tasks_relations.say_hello scheduled__2023-04-19T00:00:00+00:00 [queued]>
[2023-09-05T15:26:22.081+0000] {taskinstance.py:1361} INFO - Starting attempt 1 of 1
[2023-09-05T15:26:22.186+0000] {taskinstance.py:1382} INFO - Executing <Task(_PythonDecoratedOperator): say_hello> on 2023-04-19 00:00:00+00:00
[2023-09-05T15:26:22.203+0000] {standard_task_runner.py:57} INFO - Started process 763 to run task
[2023-09-05T15:26:22.251+0000] {standard_task_runner.py:84} INFO - Running: ['***', 'tasks', 'run', 'tasks_relations', 'say_hello', 'scheduled__2023-04-19T00:00:00+00:00', '--job-id', '335', '--raw', '--subdir', 'DAGS_FOLDER/tasks_relations.py', '--cfg-path', '/tmp/tmpvqw6lpg0']
[2023-09-05T15:26:22.272+0000] {standard_task_runner.py:85} INFO - Job 335: Subtask say_hello
[2023-09-05T15:26:22.833+0000] {task_command.py:415} INFO - Running <TaskInstance: tasks_relations.say_hello scheduled__2023-04-19T00:00:00+00:00 [running]> on host ca474790e981
[2023-09-05T15:26:23.286+0000] {taskinstance.py:1660} INFO - Exporting env vars: AIRFLOW_CTX_DAG_OWNER='***' AIRFLOW_CTX_DAG_ID='tasks_relations' AIRFLOW_CTX_TASK_ID='say_hello' AIRFLOW_CTX_EXECUTION_DATE='2023-04-19T00:00:00+00:00' AIRFLOW_CTX_TRY_NUMBER='1' AIRFLOW_CTX_DAG_RUN_ID='scheduled__2023-04-19T00:00:00+00:00'
[2023-09-05T15:26:23.293+0000] {logging_mixin.py:151} INFO - hello ***
[2023-09-05T15:26:23.305+0000] {python.py:194} INFO - Done. Returned value was: None
[2023-09-05T15:26:23.510+0000] {taskinstance.py:1400} INFO - Marking task as SUCCESS. dag_id=tasks_relations, task_id=say_hello, execution_date=20230419T000000, start_date=20230905T152622, end_date=20230905T152623
[2023-09-05T15:26:23.750+0000] {local_task_job_runner.py:228} INFO - Task exited with return code 0
[2023-09-05T15:26:24.000+0000] {taskinstance.py:2784} INFO - 1 downstream tasks scheduled from follow-on schedule check
[2023-09-12T17:35:23.169+0000] {taskinstance.py:1159} INFO - Dependencies all met for dep_context=non-requeueable deps ti=<TaskInstance: tasks_relations.say_hello scheduled__2023-04-19T00:00:00+00:00 [queued]>
[2023-09-12T17:35:23.204+0000] {taskinstance.py:1159} INFO - Dependencies all met for dep_context=requeueable deps ti=<TaskInstance: tasks_relations.say_hello scheduled__2023-04-19T00:00:00+00:00 [queued]>
[2023-09-12T17:35:23.208+0000] {taskinstance.py:1361} INFO - Starting attempt 1 of 1
[2023-09-12T17:35:23.242+0000] {taskinstance.py:1382} INFO - Executing <Task(_PythonDecoratedOperator): say_hello> on 2023-04-19 00:00:00+00:00
[2023-09-12T17:35:23.263+0000] {standard_task_runner.py:84} INFO - Running: ['***', 'tasks', 'run', 'tasks_relations', 'say_hello', 'scheduled__2023-04-19T00:00:00+00:00', '--job-id', '849', '--raw', '--subdir', 'DAGS_FOLDER/2_tasks_relations.py', '--cfg-path', '/tmp/tmptyazo8zr']
[2023-09-12T17:35:23.266+0000] {standard_task_runner.py:85} INFO - Job 849: Subtask say_hello
[2023-09-12T17:35:23.254+0000] {standard_task_runner.py:57} INFO - Started process 1830 to run task
[2023-09-12T17:35:23.406+0000] {task_command.py:415} INFO - Running <TaskInstance: tasks_relations.say_hello scheduled__2023-04-19T00:00:00+00:00 [running]> on host 0ab7970e0956
[2023-09-12T17:35:23.603+0000] {taskinstance.py:1660} INFO - Exporting env vars: AIRFLOW_CTX_DAG_OWNER='***' AIRFLOW_CTX_DAG_ID='tasks_relations' AIRFLOW_CTX_TASK_ID='say_hello' AIRFLOW_CTX_EXECUTION_DATE='2023-04-19T00:00:00+00:00' AIRFLOW_CTX_TRY_NUMBER='1' AIRFLOW_CTX_DAG_RUN_ID='scheduled__2023-04-19T00:00:00+00:00'
[2023-09-12T17:35:23.606+0000] {logging_mixin.py:151} INFO - hello world
[2023-09-12T17:35:23.608+0000] {python.py:194} INFO - Done. Returned value was: None
[2023-09-12T17:35:23.638+0000] {taskinstance.py:1400} INFO - Marking task as SUCCESS. dag_id=tasks_relations, task_id=say_hello, execution_date=20230419T000000, start_date=20230912T173523, end_date=20230912T173523
[2023-09-12T17:35:23.696+0000] {local_task_job_runner.py:228} INFO - Task exited with return code 0
[2023-09-12T17:35:23.746+0000] {taskinstance.py:2784} INFO - 1 downstream tasks scheduled from follow-on schedule check
