[2023-09-05T15:24:20.611+0000] {taskinstance.py:1159} INFO - Dependencies all met for dep_context=non-requeueable deps ti=<TaskInstance: tasks_relations.say_bye scheduled__2023-01-01T00:00:00+00:00 [queued]>
[2023-09-05T15:24:20.656+0000] {taskinstance.py:1159} INFO - Dependencies all met for dep_context=requeueable deps ti=<TaskInstance: tasks_relations.say_bye scheduled__2023-01-01T00:00:00+00:00 [queued]>
[2023-09-05T15:24:20.659+0000] {taskinstance.py:1361} INFO - Starting attempt 1 of 1
[2023-09-05T15:24:20.711+0000] {taskinstance.py:1382} INFO - Executing <Task(_PythonDecoratedOperator): say_bye> on 2023-01-01 00:00:00+00:00
[2023-09-05T15:24:20.768+0000] {standard_task_runner.py:57} INFO - Started process 131 to run task
[2023-09-05T15:24:20.815+0000] {standard_task_runner.py:84} INFO - Running: ['***', 'tasks', 'run', 'tasks_relations', 'say_bye', 'scheduled__2023-01-01T00:00:00+00:00', '--job-id', '28', '--raw', '--subdir', 'DAGS_FOLDER/tasks_relations.py', '--cfg-path', '/tmp/tmpvuiuj0po']
[2023-09-05T15:24:20.827+0000] {standard_task_runner.py:85} INFO - Job 28: Subtask say_bye
[2023-09-05T15:24:21.299+0000] {task_command.py:415} INFO - Running <TaskInstance: tasks_relations.say_bye scheduled__2023-01-01T00:00:00+00:00 [running]> on host ca474790e981
[2023-09-05T15:24:21.847+0000] {taskinstance.py:1660} INFO - Exporting env vars: AIRFLOW_CTX_DAG_OWNER='***' AIRFLOW_CTX_DAG_ID='tasks_relations' AIRFLOW_CTX_TASK_ID='say_bye' AIRFLOW_CTX_EXECUTION_DATE='2023-01-01T00:00:00+00:00' AIRFLOW_CTX_TRY_NUMBER='1' AIRFLOW_CTX_DAG_RUN_ID='scheduled__2023-01-01T00:00:00+00:00'
[2023-09-05T15:24:21.858+0000] {logging_mixin.py:151} INFO - goodbye ***
[2023-09-05T15:24:21.873+0000] {python.py:194} INFO - Done. Returned value was: None
[2023-09-05T15:24:21.925+0000] {taskinstance.py:1400} INFO - Marking task as SUCCESS. dag_id=tasks_relations, task_id=say_bye, execution_date=20230101T000000, start_date=20230905T152420, end_date=20230905T152421
[2023-09-05T15:24:22.186+0000] {local_task_job_runner.py:228} INFO - Task exited with return code 0
[2023-09-05T15:24:22.422+0000] {taskinstance.py:2784} INFO - 0 downstream tasks scheduled from follow-on schedule check
[2023-09-12T17:32:57.604+0000] {taskinstance.py:1159} INFO - Dependencies all met for dep_context=non-requeueable deps ti=<TaskInstance: tasks_relations.say_bye scheduled__2023-01-01T00:00:00+00:00 [queued]>
[2023-09-12T17:32:57.697+0000] {taskinstance.py:1159} INFO - Dependencies all met for dep_context=requeueable deps ti=<TaskInstance: tasks_relations.say_bye scheduled__2023-01-01T00:00:00+00:00 [queued]>
[2023-09-12T17:32:57.708+0000] {taskinstance.py:1361} INFO - Starting attempt 1 of 1
[2023-09-12T17:32:57.785+0000] {taskinstance.py:1382} INFO - Executing <Task(_PythonDecoratedOperator): say_bye> on 2023-01-01 00:00:00+00:00
[2023-09-12T17:32:57.833+0000] {standard_task_runner.py:84} INFO - Running: ['***', 'tasks', 'run', 'tasks_relations', 'say_bye', 'scheduled__2023-01-01T00:00:00+00:00', '--job-id', '84', '--raw', '--subdir', 'DAGS_FOLDER/2_tasks_relations.py', '--cfg-path', '/tmp/tmpigvdbmz5']
[2023-09-12T17:32:57.837+0000] {standard_task_runner.py:85} INFO - Job 84: Subtask say_bye
[2023-09-12T17:32:57.818+0000] {standard_task_runner.py:57} INFO - Started process 276 to run task
[2023-09-12T17:32:58.056+0000] {task_command.py:415} INFO - Running <TaskInstance: tasks_relations.say_bye scheduled__2023-01-01T00:00:00+00:00 [running]> on host 0ab7970e0956
[2023-09-12T17:32:58.718+0000] {taskinstance.py:1660} INFO - Exporting env vars: AIRFLOW_CTX_DAG_OWNER='***' AIRFLOW_CTX_DAG_ID='tasks_relations' AIRFLOW_CTX_TASK_ID='say_bye' AIRFLOW_CTX_EXECUTION_DATE='2023-01-01T00:00:00+00:00' AIRFLOW_CTX_TRY_NUMBER='1' AIRFLOW_CTX_DAG_RUN_ID='scheduled__2023-01-01T00:00:00+00:00'
[2023-09-12T17:32:58.742+0000] {logging_mixin.py:151} INFO - goodbye world
[2023-09-12T17:32:58.747+0000] {python.py:194} INFO - Done. Returned value was: None
[2023-09-12T17:32:58.838+0000] {taskinstance.py:1400} INFO - Marking task as SUCCESS. dag_id=tasks_relations, task_id=say_bye, execution_date=20230101T000000, start_date=20230912T173257, end_date=20230912T173258
[2023-09-12T17:32:59.050+0000] {local_task_job_runner.py:228} INFO - Task exited with return code 0
[2023-09-12T17:32:59.286+0000] {taskinstance.py:2784} INFO - 0 downstream tasks scheduled from follow-on schedule check
