[2023-09-05T15:30:32.307+0000] {taskinstance.py:1159} INFO - Dependencies all met for dep_context=non-requeueable deps ti=<TaskInstance: tasks_relations.or_that_way scheduled__2023-07-20T00:00:00+00:00 [queued]>
[2023-09-05T15:30:32.365+0000] {taskinstance.py:1159} INFO - Dependencies all met for dep_context=requeueable deps ti=<TaskInstance: tasks_relations.or_that_way scheduled__2023-07-20T00:00:00+00:00 [queued]>
[2023-09-05T15:30:32.366+0000] {taskinstance.py:1361} INFO - Starting attempt 1 of 1
[2023-09-05T15:30:32.395+0000] {taskinstance.py:1382} INFO - Executing <Task(_PythonDecoratedOperator): or_that_way> on 2023-07-20 00:00:00+00:00
[2023-09-05T15:30:32.437+0000] {standard_task_runner.py:57} INFO - Started process 1693 to run task
[2023-09-05T15:30:32.470+0000] {standard_task_runner.py:84} INFO - Running: ['***', 'tasks', 'run', 'tasks_relations', 'or_that_way', 'scheduled__2023-07-20T00:00:00+00:00', '--job-id', '768', '--raw', '--subdir', 'DAGS_FOLDER/tasks_relations.py', '--cfg-path', '/tmp/tmpm2nnyecw']
[2023-09-05T15:30:32.482+0000] {standard_task_runner.py:85} INFO - Job 768: Subtask or_that_way
[2023-09-05T15:30:32.778+0000] {task_command.py:415} INFO - Running <TaskInstance: tasks_relations.or_that_way scheduled__2023-07-20T00:00:00+00:00 [running]> on host ca474790e981
[2023-09-05T15:30:33.136+0000] {taskinstance.py:1660} INFO - Exporting env vars: AIRFLOW_CTX_DAG_OWNER='***' AIRFLOW_CTX_DAG_ID='tasks_relations' AIRFLOW_CTX_TASK_ID='or_that_way' AIRFLOW_CTX_EXECUTION_DATE='2023-07-20T00:00:00+00:00' AIRFLOW_CTX_TRY_NUMBER='1' AIRFLOW_CTX_DAG_RUN_ID='scheduled__2023-07-20T00:00:00+00:00'
[2023-09-05T15:30:33.141+0000] {logging_mixin.py:151} INFO - NO NO, THAT WAY WAY!!!
[2023-09-05T15:30:33.143+0000] {python.py:194} INFO - Done. Returned value was: None
[2023-09-05T15:30:33.209+0000] {taskinstance.py:1400} INFO - Marking task as SUCCESS. dag_id=tasks_relations, task_id=or_that_way, execution_date=20230720T000000, start_date=20230905T153032, end_date=20230905T153033
[2023-09-05T15:30:33.423+0000] {local_task_job_runner.py:228} INFO - Task exited with return code 0
[2023-09-05T15:30:33.481+0000] {taskinstance.py:2784} INFO - 0 downstream tasks scheduled from follow-on schedule check
[2023-09-12T17:37:11.147+0000] {taskinstance.py:1159} INFO - Dependencies all met for dep_context=non-requeueable deps ti=<TaskInstance: tasks_relations.or_that_way scheduled__2023-07-20T00:00:00+00:00 [queued]>
[2023-09-12T17:37:11.177+0000] {taskinstance.py:1159} INFO - Dependencies all met for dep_context=requeueable deps ti=<TaskInstance: tasks_relations.or_that_way scheduled__2023-07-20T00:00:00+00:00 [queued]>
[2023-09-12T17:37:11.178+0000] {taskinstance.py:1361} INFO - Starting attempt 1 of 1
[2023-09-12T17:37:11.222+0000] {taskinstance.py:1382} INFO - Executing <Task(_PythonDecoratedOperator): or_that_way> on 2023-07-20 00:00:00+00:00
[2023-09-12T17:37:11.249+0000] {standard_task_runner.py:57} INFO - Started process 3125 to run task
[2023-09-12T17:37:11.274+0000] {standard_task_runner.py:84} INFO - Running: ['***', 'tasks', 'run', 'tasks_relations', 'or_that_way', 'scheduled__2023-07-20T00:00:00+00:00', '--job-id', '1486', '--raw', '--subdir', 'DAGS_FOLDER/2_tasks_relations.py', '--cfg-path', '/tmp/tmpunhetlka']
[2023-09-12T17:37:11.297+0000] {standard_task_runner.py:85} INFO - Job 1486: Subtask or_that_way
[2023-09-12T17:37:11.455+0000] {task_command.py:415} INFO - Running <TaskInstance: tasks_relations.or_that_way scheduled__2023-07-20T00:00:00+00:00 [running]> on host 0ab7970e0956
[2023-09-12T17:37:11.727+0000] {taskinstance.py:1660} INFO - Exporting env vars: AIRFLOW_CTX_DAG_OWNER='***' AIRFLOW_CTX_DAG_ID='tasks_relations' AIRFLOW_CTX_TASK_ID='or_that_way' AIRFLOW_CTX_EXECUTION_DATE='2023-07-20T00:00:00+00:00' AIRFLOW_CTX_TRY_NUMBER='1' AIRFLOW_CTX_DAG_RUN_ID='scheduled__2023-07-20T00:00:00+00:00'
[2023-09-12T17:37:11.730+0000] {logging_mixin.py:151} INFO - NO NO, THAT WAY WAY!!!
[2023-09-12T17:37:11.734+0000] {python.py:194} INFO - Done. Returned value was: None
[2023-09-12T17:37:11.758+0000] {taskinstance.py:1400} INFO - Marking task as SUCCESS. dag_id=tasks_relations, task_id=or_that_way, execution_date=20230720T000000, start_date=20230912T173711, end_date=20230912T173711
[2023-09-12T17:37:11.856+0000] {local_task_job_runner.py:228} INFO - Task exited with return code 0
[2023-09-12T17:37:11.939+0000] {taskinstance.py:2784} INFO - 1 downstream tasks scheduled from follow-on schedule check
