[2023-09-05T15:25:43.169+0000] {taskinstance.py:1159} INFO - Dependencies all met for dep_context=non-requeueable deps ti=<TaskInstance: tasks_relations.say_hello scheduled__2023-03-21T00:00:00+00:00 [queued]>
[2023-09-05T15:25:43.360+0000] {taskinstance.py:1159} INFO - Dependencies all met for dep_context=requeueable deps ti=<TaskInstance: tasks_relations.say_hello scheduled__2023-03-21T00:00:00+00:00 [queued]>
[2023-09-05T15:25:43.366+0000] {taskinstance.py:1361} INFO - Starting attempt 1 of 1
[2023-09-05T15:25:43.555+0000] {taskinstance.py:1382} INFO - Executing <Task(_PythonDecoratedOperator): say_hello> on 2023-03-21 00:00:00+00:00
[2023-09-05T15:25:43.567+0000] {standard_task_runner.py:57} INFO - Started process 592 to run task
[2023-09-05T15:25:43.644+0000] {standard_task_runner.py:84} INFO - Running: ['***', 'tasks', 'run', 'tasks_relations', 'say_hello', 'scheduled__2023-03-21T00:00:00+00:00', '--job-id', '252', '--raw', '--subdir', 'DAGS_FOLDER/tasks_relations.py', '--cfg-path', '/tmp/tmpyv8aimuv']
[2023-09-05T15:25:43.653+0000] {standard_task_runner.py:85} INFO - Job 252: Subtask say_hello
[2023-09-05T15:25:44.030+0000] {task_command.py:415} INFO - Running <TaskInstance: tasks_relations.say_hello scheduled__2023-03-21T00:00:00+00:00 [running]> on host ca474790e981
[2023-09-05T15:25:44.407+0000] {taskinstance.py:1660} INFO - Exporting env vars: AIRFLOW_CTX_DAG_OWNER='***' AIRFLOW_CTX_DAG_ID='tasks_relations' AIRFLOW_CTX_TASK_ID='say_hello' AIRFLOW_CTX_EXECUTION_DATE='2023-03-21T00:00:00+00:00' AIRFLOW_CTX_TRY_NUMBER='1' AIRFLOW_CTX_DAG_RUN_ID='scheduled__2023-03-21T00:00:00+00:00'
[2023-09-05T15:25:44.416+0000] {logging_mixin.py:151} INFO - hello ***
[2023-09-05T15:25:44.419+0000] {python.py:194} INFO - Done. Returned value was: None
[2023-09-05T15:25:44.445+0000] {taskinstance.py:1400} INFO - Marking task as SUCCESS. dag_id=tasks_relations, task_id=say_hello, execution_date=20230321T000000, start_date=20230905T152543, end_date=20230905T152544
[2023-09-05T15:25:44.561+0000] {local_task_job_runner.py:228} INFO - Task exited with return code 0
[2023-09-05T15:25:44.666+0000] {taskinstance.py:2784} INFO - 1 downstream tasks scheduled from follow-on schedule check
[2023-09-12T17:34:49.566+0000] {taskinstance.py:1159} INFO - Dependencies all met for dep_context=non-requeueable deps ti=<TaskInstance: tasks_relations.say_hello scheduled__2023-03-21T00:00:00+00:00 [queued]>
[2023-09-12T17:34:49.592+0000] {taskinstance.py:1159} INFO - Dependencies all met for dep_context=requeueable deps ti=<TaskInstance: tasks_relations.say_hello scheduled__2023-03-21T00:00:00+00:00 [queued]>
[2023-09-12T17:34:49.593+0000] {taskinstance.py:1361} INFO - Starting attempt 1 of 1
[2023-09-12T17:34:49.614+0000] {taskinstance.py:1382} INFO - Executing <Task(_PythonDecoratedOperator): say_hello> on 2023-03-21 00:00:00+00:00
[2023-09-12T17:34:49.643+0000] {standard_task_runner.py:57} INFO - Started process 1372 to run task
[2023-09-12T17:34:49.677+0000] {standard_task_runner.py:84} INFO - Running: ['***', 'tasks', 'run', 'tasks_relations', 'say_hello', 'scheduled__2023-03-21T00:00:00+00:00', '--job-id', '621', '--raw', '--subdir', 'DAGS_FOLDER/2_tasks_relations.py', '--cfg-path', '/tmp/tmpff17agx6']
[2023-09-12T17:34:49.692+0000] {standard_task_runner.py:85} INFO - Job 621: Subtask say_hello
[2023-09-12T17:34:49.938+0000] {task_command.py:415} INFO - Running <TaskInstance: tasks_relations.say_hello scheduled__2023-03-21T00:00:00+00:00 [running]> on host 0ab7970e0956
[2023-09-12T17:34:50.246+0000] {taskinstance.py:1660} INFO - Exporting env vars: AIRFLOW_CTX_DAG_OWNER='***' AIRFLOW_CTX_DAG_ID='tasks_relations' AIRFLOW_CTX_TASK_ID='say_hello' AIRFLOW_CTX_EXECUTION_DATE='2023-03-21T00:00:00+00:00' AIRFLOW_CTX_TRY_NUMBER='1' AIRFLOW_CTX_DAG_RUN_ID='scheduled__2023-03-21T00:00:00+00:00'
[2023-09-12T17:34:50.249+0000] {logging_mixin.py:151} INFO - hello world
[2023-09-12T17:34:50.259+0000] {python.py:194} INFO - Done. Returned value was: None
[2023-09-12T17:34:50.289+0000] {taskinstance.py:1400} INFO - Marking task as SUCCESS. dag_id=tasks_relations, task_id=say_hello, execution_date=20230321T000000, start_date=20230912T173449, end_date=20230912T173450
[2023-09-12T17:34:50.451+0000] {local_task_job_runner.py:228} INFO - Task exited with return code 0
[2023-09-12T17:34:50.492+0000] {taskinstance.py:2784} INFO - 1 downstream tasks scheduled from follow-on schedule check
