[2023-09-05T15:30:09.004+0000] {taskinstance.py:1159} INFO - Dependencies all met for dep_context=non-requeueable deps ti=<TaskInstance: tasks_relations.this_way scheduled__2023-07-10T00:00:00+00:00 [queued]>
[2023-09-05T15:30:09.040+0000] {taskinstance.py:1159} INFO - Dependencies all met for dep_context=requeueable deps ti=<TaskInstance: tasks_relations.this_way scheduled__2023-07-10T00:00:00+00:00 [queued]>
[2023-09-05T15:30:09.042+0000] {taskinstance.py:1361} INFO - Starting attempt 1 of 1
[2023-09-05T15:30:09.092+0000] {taskinstance.py:1382} INFO - Executing <Task(_PythonDecoratedOperator): this_way> on 2023-07-10 00:00:00+00:00
[2023-09-05T15:30:09.119+0000] {standard_task_runner.py:57} INFO - Started process 1558 to run task
[2023-09-05T15:30:09.151+0000] {standard_task_runner.py:84} INFO - Running: ['***', 'tasks', 'run', 'tasks_relations', 'this_way', 'scheduled__2023-07-10T00:00:00+00:00', '--job-id', '702', '--raw', '--subdir', 'DAGS_FOLDER/tasks_relations.py', '--cfg-path', '/tmp/tmpulj25gtc']
[2023-09-05T15:30:09.173+0000] {standard_task_runner.py:85} INFO - Job 702: Subtask this_way
[2023-09-05T15:30:09.459+0000] {task_command.py:415} INFO - Running <TaskInstance: tasks_relations.this_way scheduled__2023-07-10T00:00:00+00:00 [running]> on host ca474790e981
[2023-09-05T15:30:09.866+0000] {taskinstance.py:1660} INFO - Exporting env vars: AIRFLOW_CTX_DAG_OWNER='***' AIRFLOW_CTX_DAG_ID='tasks_relations' AIRFLOW_CTX_TASK_ID='this_way' AIRFLOW_CTX_EXECUTION_DATE='2023-07-10T00:00:00+00:00' AIRFLOW_CTX_TRY_NUMBER='1' AIRFLOW_CTX_DAG_RUN_ID='scheduled__2023-07-10T00:00:00+00:00'
[2023-09-05T15:30:09.876+0000] {logging_mixin.py:151} INFO - THIS WAY!!!
[2023-09-05T15:30:09.895+0000] {python.py:194} INFO - Done. Returned value was: None
[2023-09-05T15:30:09.970+0000] {taskinstance.py:1400} INFO - Marking task as SUCCESS. dag_id=tasks_relations, task_id=this_way, execution_date=20230710T000000, start_date=20230905T153009, end_date=20230905T153009
[2023-09-05T15:30:10.255+0000] {local_task_job_runner.py:228} INFO - Task exited with return code 0
[2023-09-05T15:30:10.362+0000] {taskinstance.py:2784} INFO - 0 downstream tasks scheduled from follow-on schedule check
[2023-09-12T17:36:58.274+0000] {taskinstance.py:1159} INFO - Dependencies all met for dep_context=non-requeueable deps ti=<TaskInstance: tasks_relations.this_way scheduled__2023-07-10T00:00:00+00:00 [queued]>
[2023-09-12T17:36:58.310+0000] {taskinstance.py:1159} INFO - Dependencies all met for dep_context=requeueable deps ti=<TaskInstance: tasks_relations.this_way scheduled__2023-07-10T00:00:00+00:00 [queued]>
[2023-09-12T17:36:58.313+0000] {taskinstance.py:1361} INFO - Starting attempt 1 of 1
[2023-09-12T17:36:58.350+0000] {taskinstance.py:1382} INFO - Executing <Task(_PythonDecoratedOperator): this_way> on 2023-07-10 00:00:00+00:00
[2023-09-12T17:36:58.368+0000] {standard_task_runner.py:57} INFO - Started process 2973 to run task
[2023-09-12T17:36:58.391+0000] {standard_task_runner.py:84} INFO - Running: ['***', 'tasks', 'run', 'tasks_relations', 'this_way', 'scheduled__2023-07-10T00:00:00+00:00', '--job-id', '1407', '--raw', '--subdir', 'DAGS_FOLDER/2_tasks_relations.py', '--cfg-path', '/tmp/tmp_1dvucgk']
[2023-09-12T17:36:58.392+0000] {standard_task_runner.py:85} INFO - Job 1407: Subtask this_way
[2023-09-12T17:36:58.514+0000] {task_command.py:415} INFO - Running <TaskInstance: tasks_relations.this_way scheduled__2023-07-10T00:00:00+00:00 [running]> on host 0ab7970e0956
[2023-09-12T17:36:58.825+0000] {taskinstance.py:1660} INFO - Exporting env vars: AIRFLOW_CTX_DAG_OWNER='***' AIRFLOW_CTX_DAG_ID='tasks_relations' AIRFLOW_CTX_TASK_ID='this_way' AIRFLOW_CTX_EXECUTION_DATE='2023-07-10T00:00:00+00:00' AIRFLOW_CTX_TRY_NUMBER='1' AIRFLOW_CTX_DAG_RUN_ID='scheduled__2023-07-10T00:00:00+00:00'
[2023-09-12T17:36:58.828+0000] {logging_mixin.py:151} INFO - THIS WAY!!!
[2023-09-12T17:36:58.835+0000] {python.py:194} INFO - Done. Returned value was: None
[2023-09-12T17:36:58.865+0000] {taskinstance.py:1400} INFO - Marking task as SUCCESS. dag_id=tasks_relations, task_id=this_way, execution_date=20230710T000000, start_date=20230912T173658, end_date=20230912T173658
[2023-09-12T17:36:58.926+0000] {local_task_job_runner.py:228} INFO - Task exited with return code 0
[2023-09-12T17:36:58.961+0000] {taskinstance.py:2784} INFO - 0 downstream tasks scheduled from follow-on schedule check
