[2023-09-05T15:28:38.633+0000] {taskinstance.py:1159} INFO - Dependencies all met for dep_context=non-requeueable deps ti=<TaskInstance: tasks_relations.say_hello scheduled__2023-06-07T00:00:00+00:00 [queued]>
[2023-09-05T15:28:38.899+0000] {taskinstance.py:1159} INFO - Dependencies all met for dep_context=requeueable deps ti=<TaskInstance: tasks_relations.say_hello scheduled__2023-06-07T00:00:00+00:00 [queued]>
[2023-09-05T15:28:38.905+0000] {taskinstance.py:1361} INFO - Starting attempt 1 of 1
[2023-09-05T15:28:38.967+0000] {taskinstance.py:1382} INFO - Executing <Task(_PythonDecoratedOperator): say_hello> on 2023-06-07 00:00:00+00:00
[2023-09-05T15:28:39.195+0000] {standard_task_runner.py:57} INFO - Started process 1133 to run task
[2023-09-05T15:28:39.220+0000] {standard_task_runner.py:84} INFO - Running: ['***', 'tasks', 'run', 'tasks_relations', 'say_hello', 'scheduled__2023-06-07T00:00:00+00:00', '--job-id', '502', '--raw', '--subdir', 'DAGS_FOLDER/tasks_relations.py', '--cfg-path', '/tmp/tmpj8iyg760']
[2023-09-05T15:28:39.262+0000] {standard_task_runner.py:85} INFO - Job 502: Subtask say_hello
[2023-09-05T15:28:40.865+0000] {task_command.py:415} INFO - Running <TaskInstance: tasks_relations.say_hello scheduled__2023-06-07T00:00:00+00:00 [running]> on host ca474790e981
[2023-09-05T15:28:45.385+0000] {taskinstance.py:1660} INFO - Exporting env vars: AIRFLOW_CTX_DAG_OWNER='***' AIRFLOW_CTX_DAG_ID='tasks_relations' AIRFLOW_CTX_TASK_ID='say_hello' AIRFLOW_CTX_EXECUTION_DATE='2023-06-07T00:00:00+00:00' AIRFLOW_CTX_TRY_NUMBER='1' AIRFLOW_CTX_DAG_RUN_ID='scheduled__2023-06-07T00:00:00+00:00'
[2023-09-05T15:28:45.403+0000] {logging_mixin.py:151} INFO - hello world
[2023-09-05T15:28:45.439+0000] {python.py:194} INFO - Done. Returned value was: None
[2023-09-05T15:28:45.686+0000] {taskinstance.py:1400} INFO - Marking task as SUCCESS. dag_id=tasks_relations, task_id=say_hello, execution_date=20230607T000000, start_date=20230905T152838, end_date=20230905T152845
[2023-09-05T15:28:46.524+0000] {local_task_job_runner.py:228} INFO - Task exited with return code 0
[2023-09-05T15:28:47.916+0000] {taskinstance.py:2784} INFO - 0 downstream tasks scheduled from follow-on schedule check
[2023-09-12T17:36:16.314+0000] {taskinstance.py:1159} INFO - Dependencies all met for dep_context=non-requeueable deps ti=<TaskInstance: tasks_relations.say_hello scheduled__2023-06-07T00:00:00+00:00 [queued]>
[2023-09-12T17:36:16.356+0000] {taskinstance.py:1159} INFO - Dependencies all met for dep_context=requeueable deps ti=<TaskInstance: tasks_relations.say_hello scheduled__2023-06-07T00:00:00+00:00 [queued]>
[2023-09-12T17:36:16.360+0000] {taskinstance.py:1361} INFO - Starting attempt 1 of 1
[2023-09-12T17:36:16.473+0000] {taskinstance.py:1382} INFO - Executing <Task(_PythonDecoratedOperator): say_hello> on 2023-06-07 00:00:00+00:00
[2023-09-12T17:36:16.478+0000] {standard_task_runner.py:57} INFO - Started process 2513 to run task
[2023-09-12T17:36:16.511+0000] {standard_task_runner.py:84} INFO - Running: ['***', 'tasks', 'run', 'tasks_relations', 'say_hello', 'scheduled__2023-06-07T00:00:00+00:00', '--job-id', '1183', '--raw', '--subdir', 'DAGS_FOLDER/2_tasks_relations.py', '--cfg-path', '/tmp/tmprchpof3z']
[2023-09-12T17:36:16.522+0000] {standard_task_runner.py:85} INFO - Job 1183: Subtask say_hello
[2023-09-12T17:36:16.744+0000] {task_command.py:415} INFO - Running <TaskInstance: tasks_relations.say_hello scheduled__2023-06-07T00:00:00+00:00 [running]> on host 0ab7970e0956
[2023-09-12T17:36:17.008+0000] {taskinstance.py:1660} INFO - Exporting env vars: AIRFLOW_CTX_DAG_OWNER='***' AIRFLOW_CTX_DAG_ID='tasks_relations' AIRFLOW_CTX_TASK_ID='say_hello' AIRFLOW_CTX_EXECUTION_DATE='2023-06-07T00:00:00+00:00' AIRFLOW_CTX_TRY_NUMBER='1' AIRFLOW_CTX_DAG_RUN_ID='scheduled__2023-06-07T00:00:00+00:00'
[2023-09-12T17:36:17.014+0000] {logging_mixin.py:151} INFO - hello world
[2023-09-12T17:36:17.019+0000] {python.py:194} INFO - Done. Returned value was: None
[2023-09-12T17:36:17.035+0000] {taskinstance.py:1400} INFO - Marking task as SUCCESS. dag_id=tasks_relations, task_id=say_hello, execution_date=20230607T000000, start_date=20230912T173616, end_date=20230912T173617
[2023-09-12T17:36:17.112+0000] {local_task_job_runner.py:228} INFO - Task exited with return code 0
[2023-09-12T17:36:17.166+0000] {taskinstance.py:2784} INFO - 1 downstream tasks scheduled from follow-on schedule check
