[2023-09-05T15:29:45.191+0000] {taskinstance.py:1159} INFO - Dependencies all met for dep_context=non-requeueable deps ti=<TaskInstance: tasks_relations.or_that_way scheduled__2023-06-30T00:00:00+00:00 [queued]>
[2023-09-05T15:29:45.248+0000] {taskinstance.py:1159} INFO - Dependencies all met for dep_context=requeueable deps ti=<TaskInstance: tasks_relations.or_that_way scheduled__2023-06-30T00:00:00+00:00 [queued]>
[2023-09-05T15:29:45.253+0000] {taskinstance.py:1361} INFO - Starting attempt 1 of 1
[2023-09-05T15:29:45.296+0000] {taskinstance.py:1382} INFO - Executing <Task(_PythonDecoratedOperator): or_that_way> on 2023-06-30 00:00:00+00:00
[2023-09-05T15:29:45.334+0000] {standard_task_runner.py:57} INFO - Started process 1408 to run task
[2023-09-05T15:29:45.370+0000] {standard_task_runner.py:84} INFO - Running: ['***', 'tasks', 'run', 'tasks_relations', 'or_that_way', 'scheduled__2023-06-30T00:00:00+00:00', '--job-id', '634', '--raw', '--subdir', 'DAGS_FOLDER/tasks_relations.py', '--cfg-path', '/tmp/tmpbtxzel0y']
[2023-09-05T15:29:45.373+0000] {standard_task_runner.py:85} INFO - Job 634: Subtask or_that_way
[2023-09-05T15:29:45.627+0000] {task_command.py:415} INFO - Running <TaskInstance: tasks_relations.or_that_way scheduled__2023-06-30T00:00:00+00:00 [running]> on host ca474790e981
[2023-09-05T15:29:46.040+0000] {taskinstance.py:1660} INFO - Exporting env vars: AIRFLOW_CTX_DAG_OWNER='***' AIRFLOW_CTX_DAG_ID='tasks_relations' AIRFLOW_CTX_TASK_ID='or_that_way' AIRFLOW_CTX_EXECUTION_DATE='2023-06-30T00:00:00+00:00' AIRFLOW_CTX_TRY_NUMBER='1' AIRFLOW_CTX_DAG_RUN_ID='scheduled__2023-06-30T00:00:00+00:00'
[2023-09-05T15:29:46.048+0000] {logging_mixin.py:151} INFO - NO NO, THAT WAY WAY!!!
[2023-09-05T15:29:46.049+0000] {python.py:194} INFO - Done. Returned value was: None
[2023-09-05T15:29:46.095+0000] {taskinstance.py:1400} INFO - Marking task as SUCCESS. dag_id=tasks_relations, task_id=or_that_way, execution_date=20230630T000000, start_date=20230905T152945, end_date=20230905T152946
[2023-09-05T15:29:46.202+0000] {local_task_job_runner.py:228} INFO - Task exited with return code 0
[2023-09-05T15:29:46.260+0000] {taskinstance.py:2784} INFO - 0 downstream tasks scheduled from follow-on schedule check
[2023-09-12T17:36:54.531+0000] {taskinstance.py:1159} INFO - Dependencies all met for dep_context=non-requeueable deps ti=<TaskInstance: tasks_relations.or_that_way scheduled__2023-06-30T00:00:00+00:00 [queued]>
[2023-09-12T17:36:54.586+0000] {taskinstance.py:1159} INFO - Dependencies all met for dep_context=requeueable deps ti=<TaskInstance: tasks_relations.or_that_way scheduled__2023-06-30T00:00:00+00:00 [queued]>
[2023-09-12T17:36:54.591+0000] {taskinstance.py:1361} INFO - Starting attempt 1 of 1
[2023-09-12T17:36:54.745+0000] {taskinstance.py:1382} INFO - Executing <Task(_PythonDecoratedOperator): or_that_way> on 2023-06-30 00:00:00+00:00
[2023-09-12T17:36:54.761+0000] {standard_task_runner.py:57} INFO - Started process 2919 to run task
[2023-09-12T17:36:54.765+0000] {standard_task_runner.py:84} INFO - Running: ['***', 'tasks', 'run', 'tasks_relations', 'or_that_way', 'scheduled__2023-06-30T00:00:00+00:00', '--job-id', '1382', '--raw', '--subdir', 'DAGS_FOLDER/2_tasks_relations.py', '--cfg-path', '/tmp/tmpwahps8hd']
[2023-09-12T17:36:54.768+0000] {standard_task_runner.py:85} INFO - Job 1382: Subtask or_that_way
[2023-09-12T17:36:54.947+0000] {task_command.py:415} INFO - Running <TaskInstance: tasks_relations.or_that_way scheduled__2023-06-30T00:00:00+00:00 [running]> on host 0ab7970e0956
[2023-09-12T17:36:55.211+0000] {taskinstance.py:1660} INFO - Exporting env vars: AIRFLOW_CTX_DAG_OWNER='***' AIRFLOW_CTX_DAG_ID='tasks_relations' AIRFLOW_CTX_TASK_ID='or_that_way' AIRFLOW_CTX_EXECUTION_DATE='2023-06-30T00:00:00+00:00' AIRFLOW_CTX_TRY_NUMBER='1' AIRFLOW_CTX_DAG_RUN_ID='scheduled__2023-06-30T00:00:00+00:00'
[2023-09-12T17:36:55.214+0000] {logging_mixin.py:151} INFO - NO NO, THAT WAY WAY!!!
[2023-09-12T17:36:55.215+0000] {python.py:194} INFO - Done. Returned value was: None
[2023-09-12T17:36:55.232+0000] {taskinstance.py:1400} INFO - Marking task as SUCCESS. dag_id=tasks_relations, task_id=or_that_way, execution_date=20230630T000000, start_date=20230912T173654, end_date=20230912T173655
[2023-09-12T17:36:55.328+0000] {local_task_job_runner.py:228} INFO - Task exited with return code 0
[2023-09-12T17:36:55.438+0000] {taskinstance.py:2784} INFO - 0 downstream tasks scheduled from follow-on schedule check
