[2023-09-05T15:31:24.369+0000] {taskinstance.py:1159} INFO - Dependencies all met for dep_context=non-requeueable deps ti=<TaskInstance: tasks_relations.say_hello scheduled__2023-08-31T00:00:00+00:00 [queued]>
[2023-09-05T15:31:24.450+0000] {taskinstance.py:1159} INFO - Dependencies all met for dep_context=requeueable deps ti=<TaskInstance: tasks_relations.say_hello scheduled__2023-08-31T00:00:00+00:00 [queued]>
[2023-09-05T15:31:24.453+0000] {taskinstance.py:1361} INFO - Starting attempt 1 of 1
[2023-09-05T15:31:24.623+0000] {taskinstance.py:1382} INFO - Executing <Task(_PythonDecoratedOperator): say_hello> on 2023-08-31 00:00:00+00:00
[2023-09-05T15:31:24.661+0000] {standard_task_runner.py:57} INFO - Started process 1994 to run task
[2023-09-05T15:31:24.708+0000] {standard_task_runner.py:84} INFO - Running: ['***', 'tasks', 'run', 'tasks_relations', 'say_hello', 'scheduled__2023-08-31T00:00:00+00:00', '--job-id', '912', '--raw', '--subdir', 'DAGS_FOLDER/tasks_relations.py', '--cfg-path', '/tmp/tmpkr9rny97']
[2023-09-05T15:31:24.730+0000] {standard_task_runner.py:85} INFO - Job 912: Subtask say_hello
[2023-09-05T15:31:25.174+0000] {task_command.py:415} INFO - Running <TaskInstance: tasks_relations.say_hello scheduled__2023-08-31T00:00:00+00:00 [running]> on host ca474790e981
[2023-09-05T15:31:25.798+0000] {taskinstance.py:1660} INFO - Exporting env vars: AIRFLOW_CTX_DAG_OWNER='***' AIRFLOW_CTX_DAG_ID='tasks_relations' AIRFLOW_CTX_TASK_ID='say_hello' AIRFLOW_CTX_EXECUTION_DATE='2023-08-31T00:00:00+00:00' AIRFLOW_CTX_TRY_NUMBER='1' AIRFLOW_CTX_DAG_RUN_ID='scheduled__2023-08-31T00:00:00+00:00'
[2023-09-05T15:31:25.847+0000] {logging_mixin.py:151} INFO - hello world
[2023-09-05T15:31:25.851+0000] {python.py:194} INFO - Done. Returned value was: None
[2023-09-05T15:31:25.929+0000] {taskinstance.py:1400} INFO - Marking task as SUCCESS. dag_id=tasks_relations, task_id=say_hello, execution_date=20230831T000000, start_date=20230905T153124, end_date=20230905T153125
[2023-09-05T15:31:26.190+0000] {local_task_job_runner.py:228} INFO - Task exited with return code 0
[2023-09-05T15:31:26.458+0000] {taskinstance.py:2784} INFO - 1 downstream tasks scheduled from follow-on schedule check
[2023-09-12T17:37:49.121+0000] {taskinstance.py:1159} INFO - Dependencies all met for dep_context=non-requeueable deps ti=<TaskInstance: tasks_relations.say_hello scheduled__2023-08-31T00:00:00+00:00 [queued]>
[2023-09-12T17:37:49.157+0000] {taskinstance.py:1159} INFO - Dependencies all met for dep_context=requeueable deps ti=<TaskInstance: tasks_relations.say_hello scheduled__2023-08-31T00:00:00+00:00 [queued]>
[2023-09-12T17:37:49.168+0000] {taskinstance.py:1361} INFO - Starting attempt 1 of 1
[2023-09-12T17:37:49.197+0000] {taskinstance.py:1382} INFO - Executing <Task(_PythonDecoratedOperator): say_hello> on 2023-08-31 00:00:00+00:00
[2023-09-12T17:37:49.222+0000] {standard_task_runner.py:57} INFO - Started process 3558 to run task
[2023-09-12T17:37:49.259+0000] {standard_task_runner.py:84} INFO - Running: ['***', 'tasks', 'run', 'tasks_relations', 'say_hello', 'scheduled__2023-08-31T00:00:00+00:00', '--job-id', '1693', '--raw', '--subdir', 'DAGS_FOLDER/2_tasks_relations.py', '--cfg-path', '/tmp/tmp947u3_rf']
[2023-09-12T17:37:49.269+0000] {standard_task_runner.py:85} INFO - Job 1693: Subtask say_hello
[2023-09-12T17:37:49.487+0000] {task_command.py:415} INFO - Running <TaskInstance: tasks_relations.say_hello scheduled__2023-08-31T00:00:00+00:00 [running]> on host 0ab7970e0956
[2023-09-12T17:37:49.855+0000] {taskinstance.py:1660} INFO - Exporting env vars: AIRFLOW_CTX_DAG_OWNER='***' AIRFLOW_CTX_DAG_ID='tasks_relations' AIRFLOW_CTX_TASK_ID='say_hello' AIRFLOW_CTX_EXECUTION_DATE='2023-08-31T00:00:00+00:00' AIRFLOW_CTX_TRY_NUMBER='1' AIRFLOW_CTX_DAG_RUN_ID='scheduled__2023-08-31T00:00:00+00:00'
[2023-09-12T17:37:49.862+0000] {logging_mixin.py:151} INFO - hello world
[2023-09-12T17:37:49.864+0000] {python.py:194} INFO - Done. Returned value was: None
[2023-09-12T17:37:49.886+0000] {taskinstance.py:1400} INFO - Marking task as SUCCESS. dag_id=tasks_relations, task_id=say_hello, execution_date=20230831T000000, start_date=20230912T173749, end_date=20230912T173749
[2023-09-12T17:37:50.037+0000] {local_task_job_runner.py:228} INFO - Task exited with return code 0
[2023-09-12T17:37:50.189+0000] {taskinstance.py:2784} INFO - 0 downstream tasks scheduled from follow-on schedule check
