[2023-09-05T15:29:33.061+0000] {taskinstance.py:1159} INFO - Dependencies all met for dep_context=non-requeueable deps ti=<TaskInstance: tasks_relations.say_hello scheduled__2023-06-30T00:00:00+00:00 [queued]>
[2023-09-05T15:29:33.124+0000] {taskinstance.py:1159} INFO - Dependencies all met for dep_context=requeueable deps ti=<TaskInstance: tasks_relations.say_hello scheduled__2023-06-30T00:00:00+00:00 [queued]>
[2023-09-05T15:29:33.127+0000] {taskinstance.py:1361} INFO - Starting attempt 1 of 1
[2023-09-05T15:29:33.200+0000] {taskinstance.py:1382} INFO - Executing <Task(_PythonDecoratedOperator): say_hello> on 2023-06-30 00:00:00+00:00
[2023-09-05T15:29:33.249+0000] {standard_task_runner.py:57} INFO - Started process 1350 to run task
[2023-09-05T15:29:33.279+0000] {standard_task_runner.py:84} INFO - Running: ['***', 'tasks', 'run', 'tasks_relations', 'say_hello', 'scheduled__2023-06-30T00:00:00+00:00', '--job-id', '602', '--raw', '--subdir', 'DAGS_FOLDER/tasks_relations.py', '--cfg-path', '/tmp/tmpaj8m_vs6']
[2023-09-05T15:29:33.297+0000] {standard_task_runner.py:85} INFO - Job 602: Subtask say_hello
[2023-09-05T15:29:33.653+0000] {task_command.py:415} INFO - Running <TaskInstance: tasks_relations.say_hello scheduled__2023-06-30T00:00:00+00:00 [running]> on host ca474790e981
[2023-09-05T15:29:34.056+0000] {taskinstance.py:1660} INFO - Exporting env vars: AIRFLOW_CTX_DAG_OWNER='***' AIRFLOW_CTX_DAG_ID='tasks_relations' AIRFLOW_CTX_TASK_ID='say_hello' AIRFLOW_CTX_EXECUTION_DATE='2023-06-30T00:00:00+00:00' AIRFLOW_CTX_TRY_NUMBER='1' AIRFLOW_CTX_DAG_RUN_ID='scheduled__2023-06-30T00:00:00+00:00'
[2023-09-05T15:29:34.069+0000] {logging_mixin.py:151} INFO - hello world
[2023-09-05T15:29:34.078+0000] {python.py:194} INFO - Done. Returned value was: None
[2023-09-05T15:29:34.129+0000] {taskinstance.py:1400} INFO - Marking task as SUCCESS. dag_id=tasks_relations, task_id=say_hello, execution_date=20230630T000000, start_date=20230905T152933, end_date=20230905T152934
[2023-09-05T15:29:34.231+0000] {local_task_job_runner.py:228} INFO - Task exited with return code 0
[2023-09-05T15:29:34.443+0000] {taskinstance.py:2784} INFO - 1 downstream tasks scheduled from follow-on schedule check
[2023-09-12T17:36:49.439+0000] {taskinstance.py:1159} INFO - Dependencies all met for dep_context=non-requeueable deps ti=<TaskInstance: tasks_relations.say_hello scheduled__2023-06-30T00:00:00+00:00 [queued]>
[2023-09-12T17:36:49.451+0000] {taskinstance.py:1159} INFO - Dependencies all met for dep_context=requeueable deps ti=<TaskInstance: tasks_relations.say_hello scheduled__2023-06-30T00:00:00+00:00 [queued]>
[2023-09-12T17:36:49.452+0000] {taskinstance.py:1361} INFO - Starting attempt 1 of 1
[2023-09-12T17:36:49.481+0000] {taskinstance.py:1382} INFO - Executing <Task(_PythonDecoratedOperator): say_hello> on 2023-06-30 00:00:00+00:00
[2023-09-12T17:36:49.485+0000] {standard_task_runner.py:57} INFO - Started process 2846 to run task
[2023-09-12T17:36:49.504+0000] {standard_task_runner.py:84} INFO - Running: ['***', 'tasks', 'run', 'tasks_relations', 'say_hello', 'scheduled__2023-06-30T00:00:00+00:00', '--job-id', '1348', '--raw', '--subdir', 'DAGS_FOLDER/2_tasks_relations.py', '--cfg-path', '/tmp/tmpmmfs1n4q']
[2023-09-12T17:36:49.518+0000] {standard_task_runner.py:85} INFO - Job 1348: Subtask say_hello
[2023-09-12T17:36:49.617+0000] {task_command.py:415} INFO - Running <TaskInstance: tasks_relations.say_hello scheduled__2023-06-30T00:00:00+00:00 [running]> on host 0ab7970e0956
[2023-09-12T17:36:49.773+0000] {taskinstance.py:1660} INFO - Exporting env vars: AIRFLOW_CTX_DAG_OWNER='***' AIRFLOW_CTX_DAG_ID='tasks_relations' AIRFLOW_CTX_TASK_ID='say_hello' AIRFLOW_CTX_EXECUTION_DATE='2023-06-30T00:00:00+00:00' AIRFLOW_CTX_TRY_NUMBER='1' AIRFLOW_CTX_DAG_RUN_ID='scheduled__2023-06-30T00:00:00+00:00'
[2023-09-12T17:36:49.774+0000] {logging_mixin.py:151} INFO - hello world
[2023-09-12T17:36:49.775+0000] {python.py:194} INFO - Done. Returned value was: None
[2023-09-12T17:36:49.793+0000] {taskinstance.py:1400} INFO - Marking task as SUCCESS. dag_id=tasks_relations, task_id=say_hello, execution_date=20230630T000000, start_date=20230912T173649, end_date=20230912T173649
[2023-09-12T17:36:49.871+0000] {local_task_job_runner.py:228} INFO - Task exited with return code 0
[2023-09-12T17:36:49.899+0000] {taskinstance.py:2784} INFO - 1 downstream tasks scheduled from follow-on schedule check
