[2023-09-05T15:26:38.989+0000] {taskinstance.py:1159} INFO - Dependencies all met for dep_context=non-requeueable deps ti=<TaskInstance: tasks_relations.say_bye scheduled__2023-05-02T00:00:00+00:00 [queued]>
[2023-09-05T15:26:39.017+0000] {taskinstance.py:1159} INFO - Dependencies all met for dep_context=requeueable deps ti=<TaskInstance: tasks_relations.say_bye scheduled__2023-05-02T00:00:00+00:00 [queued]>
[2023-09-05T15:26:39.025+0000] {taskinstance.py:1361} INFO - Starting attempt 1 of 1
[2023-09-05T15:26:39.046+0000] {taskinstance.py:1382} INFO - Executing <Task(_PythonDecoratedOperator): say_bye> on 2023-05-02 00:00:00+00:00
[2023-09-05T15:26:39.054+0000] {standard_task_runner.py:57} INFO - Started process 837 to run task
[2023-09-05T15:26:39.062+0000] {standard_task_runner.py:84} INFO - Running: ['***', 'tasks', 'run', 'tasks_relations', 'say_bye', 'scheduled__2023-05-02T00:00:00+00:00', '--job-id', '374', '--raw', '--subdir', 'DAGS_FOLDER/tasks_relations.py', '--cfg-path', '/tmp/tmp81h9gikr']
[2023-09-05T15:26:39.079+0000] {standard_task_runner.py:85} INFO - Job 374: Subtask say_bye
[2023-09-05T15:26:39.226+0000] {task_command.py:415} INFO - Running <TaskInstance: tasks_relations.say_bye scheduled__2023-05-02T00:00:00+00:00 [running]> on host ca474790e981
[2023-09-05T15:26:39.376+0000] {taskinstance.py:1660} INFO - Exporting env vars: AIRFLOW_CTX_DAG_OWNER='***' AIRFLOW_CTX_DAG_ID='tasks_relations' AIRFLOW_CTX_TASK_ID='say_bye' AIRFLOW_CTX_EXECUTION_DATE='2023-05-02T00:00:00+00:00' AIRFLOW_CTX_TRY_NUMBER='1' AIRFLOW_CTX_DAG_RUN_ID='scheduled__2023-05-02T00:00:00+00:00'
[2023-09-05T15:26:39.379+0000] {logging_mixin.py:151} INFO - goodbye ***
[2023-09-05T15:26:39.380+0000] {python.py:194} INFO - Done. Returned value was: None
[2023-09-05T15:26:39.397+0000] {taskinstance.py:1400} INFO - Marking task as SUCCESS. dag_id=tasks_relations, task_id=say_bye, execution_date=20230502T000000, start_date=20230905T152638, end_date=20230905T152639
[2023-09-05T15:26:39.428+0000] {local_task_job_runner.py:228} INFO - Task exited with return code 0
[2023-09-05T15:26:39.464+0000] {taskinstance.py:2784} INFO - 0 downstream tasks scheduled from follow-on schedule check
[2023-09-12T17:35:44.843+0000] {taskinstance.py:1159} INFO - Dependencies all met for dep_context=non-requeueable deps ti=<TaskInstance: tasks_relations.say_bye scheduled__2023-05-02T00:00:00+00:00 [queued]>
[2023-09-12T17:35:44.873+0000] {taskinstance.py:1159} INFO - Dependencies all met for dep_context=requeueable deps ti=<TaskInstance: tasks_relations.say_bye scheduled__2023-05-02T00:00:00+00:00 [queued]>
[2023-09-12T17:35:44.876+0000] {taskinstance.py:1361} INFO - Starting attempt 1 of 1
[2023-09-12T17:35:44.941+0000] {taskinstance.py:1382} INFO - Executing <Task(_PythonDecoratedOperator): say_bye> on 2023-05-02 00:00:00+00:00
[2023-09-12T17:35:44.949+0000] {standard_task_runner.py:57} INFO - Started process 2104 to run task
[2023-09-12T17:35:45.002+0000] {standard_task_runner.py:84} INFO - Running: ['***', 'tasks', 'run', 'tasks_relations', 'say_bye', 'scheduled__2023-05-02T00:00:00+00:00', '--job-id', '983', '--raw', '--subdir', 'DAGS_FOLDER/2_tasks_relations.py', '--cfg-path', '/tmp/tmpkp5u4577']
[2023-09-12T17:35:45.017+0000] {standard_task_runner.py:85} INFO - Job 983: Subtask say_bye
[2023-09-12T17:35:45.164+0000] {task_command.py:415} INFO - Running <TaskInstance: tasks_relations.say_bye scheduled__2023-05-02T00:00:00+00:00 [running]> on host 0ab7970e0956
[2023-09-12T17:35:45.409+0000] {taskinstance.py:1660} INFO - Exporting env vars: AIRFLOW_CTX_DAG_OWNER='***' AIRFLOW_CTX_DAG_ID='tasks_relations' AIRFLOW_CTX_TASK_ID='say_bye' AIRFLOW_CTX_EXECUTION_DATE='2023-05-02T00:00:00+00:00' AIRFLOW_CTX_TRY_NUMBER='1' AIRFLOW_CTX_DAG_RUN_ID='scheduled__2023-05-02T00:00:00+00:00'
[2023-09-12T17:35:45.418+0000] {logging_mixin.py:151} INFO - goodbye world
[2023-09-12T17:35:45.423+0000] {python.py:194} INFO - Done. Returned value was: None
[2023-09-12T17:35:45.455+0000] {taskinstance.py:1400} INFO - Marking task as SUCCESS. dag_id=tasks_relations, task_id=say_bye, execution_date=20230502T000000, start_date=20230912T173544, end_date=20230912T173545
[2023-09-12T17:35:45.521+0000] {local_task_job_runner.py:228} INFO - Task exited with return code 0
[2023-09-12T17:35:45.588+0000] {taskinstance.py:2784} INFO - 2 downstream tasks scheduled from follow-on schedule check
