[2023-09-05T15:24:21.086+0000] {taskinstance.py:1159} INFO - Dependencies all met for dep_context=non-requeueable deps ti=<TaskInstance: tasks_relations.say_hello scheduled__2023-01-13T00:00:00+00:00 [queued]>
[2023-09-05T15:24:21.152+0000] {taskinstance.py:1159} INFO - Dependencies all met for dep_context=requeueable deps ti=<TaskInstance: tasks_relations.say_hello scheduled__2023-01-13T00:00:00+00:00 [queued]>
[2023-09-05T15:24:21.153+0000] {taskinstance.py:1361} INFO - Starting attempt 1 of 1
[2023-09-05T15:24:21.260+0000] {taskinstance.py:1382} INFO - Executing <Task(_PythonDecoratedOperator): say_hello> on 2023-01-13 00:00:00+00:00
[2023-09-05T15:24:21.311+0000] {standard_task_runner.py:57} INFO - Started process 137 to run task
[2023-09-05T15:24:21.388+0000] {standard_task_runner.py:84} INFO - Running: ['***', 'tasks', 'run', 'tasks_relations', 'say_hello', 'scheduled__2023-01-13T00:00:00+00:00', '--job-id', '31', '--raw', '--subdir', 'DAGS_FOLDER/tasks_relations.py', '--cfg-path', '/tmp/tmpwooci70e']
[2023-09-05T15:24:21.411+0000] {standard_task_runner.py:85} INFO - Job 31: Subtask say_hello
[2023-09-05T15:24:21.955+0000] {task_command.py:415} INFO - Running <TaskInstance: tasks_relations.say_hello scheduled__2023-01-13T00:00:00+00:00 [running]> on host ca474790e981
[2023-09-05T15:24:22.381+0000] {taskinstance.py:1660} INFO - Exporting env vars: AIRFLOW_CTX_DAG_OWNER='***' AIRFLOW_CTX_DAG_ID='tasks_relations' AIRFLOW_CTX_TASK_ID='say_hello' AIRFLOW_CTX_EXECUTION_DATE='2023-01-13T00:00:00+00:00' AIRFLOW_CTX_TRY_NUMBER='1' AIRFLOW_CTX_DAG_RUN_ID='scheduled__2023-01-13T00:00:00+00:00'
[2023-09-05T15:24:22.389+0000] {logging_mixin.py:151} INFO - hello ***
[2023-09-05T15:24:22.390+0000] {python.py:194} INFO - Done. Returned value was: None
[2023-09-05T15:24:22.472+0000] {taskinstance.py:1400} INFO - Marking task as SUCCESS. dag_id=tasks_relations, task_id=say_hello, execution_date=20230113T000000, start_date=20230905T152421, end_date=20230905T152422
[2023-09-05T15:24:22.705+0000] {local_task_job_runner.py:228} INFO - Task exited with return code 0
[2023-09-05T15:24:22.855+0000] {taskinstance.py:2784} INFO - 0 downstream tasks scheduled from follow-on schedule check
[2023-09-12T17:32:58.611+0000] {taskinstance.py:1159} INFO - Dependencies all met for dep_context=non-requeueable deps ti=<TaskInstance: tasks_relations.say_hello scheduled__2023-01-13T00:00:00+00:00 [queued]>
[2023-09-12T17:32:58.620+0000] {taskinstance.py:1159} INFO - Dependencies all met for dep_context=requeueable deps ti=<TaskInstance: tasks_relations.say_hello scheduled__2023-01-13T00:00:00+00:00 [queued]>
[2023-09-12T17:32:58.621+0000] {taskinstance.py:1361} INFO - Starting attempt 1 of 1
[2023-09-12T17:32:58.750+0000] {taskinstance.py:1382} INFO - Executing <Task(_PythonDecoratedOperator): say_hello> on 2023-01-13 00:00:00+00:00
[2023-09-12T17:32:58.756+0000] {standard_task_runner.py:57} INFO - Started process 285 to run task
[2023-09-12T17:32:58.785+0000] {standard_task_runner.py:84} INFO - Running: ['***', 'tasks', 'run', 'tasks_relations', 'say_hello', 'scheduled__2023-01-13T00:00:00+00:00', '--job-id', '89', '--raw', '--subdir', 'DAGS_FOLDER/2_tasks_relations.py', '--cfg-path', '/tmp/tmpdqf9b25n']
[2023-09-12T17:32:58.790+0000] {standard_task_runner.py:85} INFO - Job 89: Subtask say_hello
[2023-09-12T17:32:58.963+0000] {task_command.py:415} INFO - Running <TaskInstance: tasks_relations.say_hello scheduled__2023-01-13T00:00:00+00:00 [running]> on host 0ab7970e0956
[2023-09-12T17:32:59.509+0000] {taskinstance.py:1660} INFO - Exporting env vars: AIRFLOW_CTX_DAG_OWNER='***' AIRFLOW_CTX_DAG_ID='tasks_relations' AIRFLOW_CTX_TASK_ID='say_hello' AIRFLOW_CTX_EXECUTION_DATE='2023-01-13T00:00:00+00:00' AIRFLOW_CTX_TRY_NUMBER='1' AIRFLOW_CTX_DAG_RUN_ID='scheduled__2023-01-13T00:00:00+00:00'
[2023-09-12T17:32:59.527+0000] {logging_mixin.py:151} INFO - hello world
[2023-09-12T17:32:59.554+0000] {python.py:194} INFO - Done. Returned value was: None
[2023-09-12T17:32:59.608+0000] {taskinstance.py:1400} INFO - Marking task as SUCCESS. dag_id=tasks_relations, task_id=say_hello, execution_date=20230113T000000, start_date=20230912T173258, end_date=20230912T173259
[2023-09-12T17:32:59.743+0000] {local_task_job_runner.py:228} INFO - Task exited with return code 0
[2023-09-12T17:32:59.895+0000] {taskinstance.py:2784} INFO - 1 downstream tasks scheduled from follow-on schedule check
