[2023-09-05T15:24:42.006+0000] {taskinstance.py:1159} INFO - Dependencies all met for dep_context=non-requeueable deps ti=<TaskInstance: tasks_relations.say_hello scheduled__2023-01-30T00:00:00+00:00 [queued]>
[2023-09-05T15:24:42.027+0000] {taskinstance.py:1159} INFO - Dependencies all met for dep_context=requeueable deps ti=<TaskInstance: tasks_relations.say_hello scheduled__2023-01-30T00:00:00+00:00 [queued]>
[2023-09-05T15:24:42.028+0000] {taskinstance.py:1361} INFO - Starting attempt 1 of 1
[2023-09-05T15:24:42.057+0000] {taskinstance.py:1382} INFO - Executing <Task(_PythonDecoratedOperator): say_hello> on 2023-01-30 00:00:00+00:00
[2023-09-05T15:24:42.088+0000] {standard_task_runner.py:57} INFO - Started process 249 to run task
[2023-09-05T15:24:42.101+0000] {standard_task_runner.py:84} INFO - Running: ['***', 'tasks', 'run', 'tasks_relations', 'say_hello', 'scheduled__2023-01-30T00:00:00+00:00', '--job-id', '90', '--raw', '--subdir', 'DAGS_FOLDER/tasks_relations.py', '--cfg-path', '/tmp/tmpurw5h5cv']
[2023-09-05T15:24:42.105+0000] {standard_task_runner.py:85} INFO - Job 90: Subtask say_hello
[2023-09-05T15:24:42.286+0000] {task_command.py:415} INFO - Running <TaskInstance: tasks_relations.say_hello scheduled__2023-01-30T00:00:00+00:00 [running]> on host ca474790e981
[2023-09-05T15:24:42.496+0000] {taskinstance.py:1660} INFO - Exporting env vars: AIRFLOW_CTX_DAG_OWNER='***' AIRFLOW_CTX_DAG_ID='tasks_relations' AIRFLOW_CTX_TASK_ID='say_hello' AIRFLOW_CTX_EXECUTION_DATE='2023-01-30T00:00:00+00:00' AIRFLOW_CTX_TRY_NUMBER='1' AIRFLOW_CTX_DAG_RUN_ID='scheduled__2023-01-30T00:00:00+00:00'
[2023-09-05T15:24:42.500+0000] {logging_mixin.py:151} INFO - hello ***
[2023-09-05T15:24:42.501+0000] {python.py:194} INFO - Done. Returned value was: None
[2023-09-05T15:24:42.537+0000] {taskinstance.py:1400} INFO - Marking task as SUCCESS. dag_id=tasks_relations, task_id=say_hello, execution_date=20230130T000000, start_date=20230905T152442, end_date=20230905T152442
[2023-09-05T15:24:42.619+0000] {local_task_job_runner.py:228} INFO - Task exited with return code 0
[2023-09-05T15:24:42.662+0000] {taskinstance.py:2784} INFO - 0 downstream tasks scheduled from follow-on schedule check
[2023-09-12T17:33:33.332+0000] {taskinstance.py:1159} INFO - Dependencies all met for dep_context=non-requeueable deps ti=<TaskInstance: tasks_relations.say_hello scheduled__2023-01-30T00:00:00+00:00 [queued]>
[2023-09-12T17:33:33.429+0000] {taskinstance.py:1159} INFO - Dependencies all met for dep_context=requeueable deps ti=<TaskInstance: tasks_relations.say_hello scheduled__2023-01-30T00:00:00+00:00 [queued]>
[2023-09-12T17:33:33.438+0000] {taskinstance.py:1361} INFO - Starting attempt 1 of 1
[2023-09-12T17:33:33.645+0000] {taskinstance.py:1382} INFO - Executing <Task(_PythonDecoratedOperator): say_hello> on 2023-01-30 00:00:00+00:00
[2023-09-12T17:33:33.675+0000] {standard_task_runner.py:57} INFO - Started process 552 to run task
[2023-09-12T17:33:33.738+0000] {standard_task_runner.py:84} INFO - Running: ['***', 'tasks', 'run', 'tasks_relations', 'say_hello', 'scheduled__2023-01-30T00:00:00+00:00', '--job-id', '218', '--raw', '--subdir', 'DAGS_FOLDER/2_tasks_relations.py', '--cfg-path', '/tmp/tmpilv_q8pz']
[2023-09-12T17:33:33.758+0000] {standard_task_runner.py:85} INFO - Job 218: Subtask say_hello
[2023-09-12T17:33:34.113+0000] {task_command.py:415} INFO - Running <TaskInstance: tasks_relations.say_hello scheduled__2023-01-30T00:00:00+00:00 [running]> on host 0ab7970e0956
[2023-09-12T17:33:35.169+0000] {taskinstance.py:1660} INFO - Exporting env vars: AIRFLOW_CTX_DAG_OWNER='***' AIRFLOW_CTX_DAG_ID='tasks_relations' AIRFLOW_CTX_TASK_ID='say_hello' AIRFLOW_CTX_EXECUTION_DATE='2023-01-30T00:00:00+00:00' AIRFLOW_CTX_TRY_NUMBER='1' AIRFLOW_CTX_DAG_RUN_ID='scheduled__2023-01-30T00:00:00+00:00'
[2023-09-12T17:33:35.294+0000] {logging_mixin.py:151} INFO - hello world
[2023-09-12T17:33:35.316+0000] {python.py:194} INFO - Done. Returned value was: None
[2023-09-12T17:33:35.716+0000] {taskinstance.py:1400} INFO - Marking task as SUCCESS. dag_id=tasks_relations, task_id=say_hello, execution_date=20230130T000000, start_date=20230912T173333, end_date=20230912T173335
[2023-09-12T17:33:36.051+0000] {local_task_job_runner.py:228} INFO - Task exited with return code 0
[2023-09-12T17:33:36.482+0000] {taskinstance.py:2784} INFO - 1 downstream tasks scheduled from follow-on schedule check
