[2023-09-05T15:30:38.904+0000] {taskinstance.py:1159} INFO - Dependencies all met for dep_context=non-requeueable deps ti=<TaskInstance: tasks_relations.this_way scheduled__2023-08-01T00:00:00+00:00 [queued]>
[2023-09-05T15:30:38.961+0000] {taskinstance.py:1159} INFO - Dependencies all met for dep_context=requeueable deps ti=<TaskInstance: tasks_relations.this_way scheduled__2023-08-01T00:00:00+00:00 [queued]>
[2023-09-05T15:30:38.962+0000] {taskinstance.py:1361} INFO - Starting attempt 1 of 1
[2023-09-05T15:30:38.978+0000] {taskinstance.py:1382} INFO - Executing <Task(_PythonDecoratedOperator): this_way> on 2023-08-01 00:00:00+00:00
[2023-09-05T15:30:38.988+0000] {standard_task_runner.py:57} INFO - Started process 1739 to run task
[2023-09-05T15:30:39.010+0000] {standard_task_runner.py:84} INFO - Running: ['***', 'tasks', 'run', 'tasks_relations', 'this_way', 'scheduled__2023-08-01T00:00:00+00:00', '--job-id', '796', '--raw', '--subdir', 'DAGS_FOLDER/tasks_relations.py', '--cfg-path', '/tmp/tmp2_hsj_ku']
[2023-09-05T15:30:39.014+0000] {standard_task_runner.py:85} INFO - Job 796: Subtask this_way
[2023-09-05T15:30:39.320+0000] {task_command.py:415} INFO - Running <TaskInstance: tasks_relations.this_way scheduled__2023-08-01T00:00:00+00:00 [running]> on host ca474790e981
[2023-09-05T15:30:39.724+0000] {taskinstance.py:1660} INFO - Exporting env vars: AIRFLOW_CTX_DAG_OWNER='***' AIRFLOW_CTX_DAG_ID='tasks_relations' AIRFLOW_CTX_TASK_ID='this_way' AIRFLOW_CTX_EXECUTION_DATE='2023-08-01T00:00:00+00:00' AIRFLOW_CTX_TRY_NUMBER='1' AIRFLOW_CTX_DAG_RUN_ID='scheduled__2023-08-01T00:00:00+00:00'
[2023-09-05T15:30:39.734+0000] {logging_mixin.py:151} INFO - THIS WAY!!!
[2023-09-05T15:30:39.737+0000] {python.py:194} INFO - Done. Returned value was: None
[2023-09-05T15:30:39.775+0000] {taskinstance.py:1400} INFO - Marking task as SUCCESS. dag_id=tasks_relations, task_id=this_way, execution_date=20230801T000000, start_date=20230905T153038, end_date=20230905T153039
[2023-09-05T15:30:39.844+0000] {local_task_job_runner.py:228} INFO - Task exited with return code 0
[2023-09-05T15:30:39.877+0000] {taskinstance.py:2784} INFO - 0 downstream tasks scheduled from follow-on schedule check
[2023-09-12T17:37:25.062+0000] {taskinstance.py:1159} INFO - Dependencies all met for dep_context=non-requeueable deps ti=<TaskInstance: tasks_relations.this_way scheduled__2023-08-01T00:00:00+00:00 [queued]>
[2023-09-12T17:37:25.101+0000] {taskinstance.py:1159} INFO - Dependencies all met for dep_context=requeueable deps ti=<TaskInstance: tasks_relations.this_way scheduled__2023-08-01T00:00:00+00:00 [queued]>
[2023-09-12T17:37:25.105+0000] {taskinstance.py:1361} INFO - Starting attempt 1 of 1
[2023-09-12T17:37:25.129+0000] {taskinstance.py:1382} INFO - Executing <Task(_PythonDecoratedOperator): this_way> on 2023-08-01 00:00:00+00:00
[2023-09-12T17:37:25.168+0000] {standard_task_runner.py:57} INFO - Started process 3278 to run task
[2023-09-12T17:37:25.204+0000] {standard_task_runner.py:84} INFO - Running: ['***', 'tasks', 'run', 'tasks_relations', 'this_way', 'scheduled__2023-08-01T00:00:00+00:00', '--job-id', '1559', '--raw', '--subdir', 'DAGS_FOLDER/2_tasks_relations.py', '--cfg-path', '/tmp/tmpj3wp7b5q']
[2023-09-12T17:37:25.209+0000] {standard_task_runner.py:85} INFO - Job 1559: Subtask this_way
[2023-09-12T17:37:25.520+0000] {task_command.py:415} INFO - Running <TaskInstance: tasks_relations.this_way scheduled__2023-08-01T00:00:00+00:00 [running]> on host 0ab7970e0956
[2023-09-12T17:37:25.930+0000] {taskinstance.py:1660} INFO - Exporting env vars: AIRFLOW_CTX_DAG_OWNER='***' AIRFLOW_CTX_DAG_ID='tasks_relations' AIRFLOW_CTX_TASK_ID='this_way' AIRFLOW_CTX_EXECUTION_DATE='2023-08-01T00:00:00+00:00' AIRFLOW_CTX_TRY_NUMBER='1' AIRFLOW_CTX_DAG_RUN_ID='scheduled__2023-08-01T00:00:00+00:00'
[2023-09-12T17:37:25.934+0000] {logging_mixin.py:151} INFO - THIS WAY!!!
[2023-09-12T17:37:25.935+0000] {python.py:194} INFO - Done. Returned value was: None
[2023-09-12T17:37:25.950+0000] {taskinstance.py:1400} INFO - Marking task as SUCCESS. dag_id=tasks_relations, task_id=this_way, execution_date=20230801T000000, start_date=20230912T173725, end_date=20230912T173725
[2023-09-12T17:37:26.068+0000] {local_task_job_runner.py:228} INFO - Task exited with return code 0
[2023-09-12T17:37:26.106+0000] {taskinstance.py:2784} INFO - 1 downstream tasks scheduled from follow-on schedule check
