[2023-09-05T15:24:42.235+0000] {taskinstance.py:1159} INFO - Dependencies all met for dep_context=non-requeueable deps ti=<TaskInstance: tasks_relations.say_hello scheduled__2023-01-29T00:00:00+00:00 [queued]>
[2023-09-05T15:24:42.251+0000] {taskinstance.py:1159} INFO - Dependencies all met for dep_context=requeueable deps ti=<TaskInstance: tasks_relations.say_hello scheduled__2023-01-29T00:00:00+00:00 [queued]>
[2023-09-05T15:24:42.265+0000] {taskinstance.py:1361} INFO - Starting attempt 1 of 1
[2023-09-05T15:24:42.321+0000] {taskinstance.py:1382} INFO - Executing <Task(_PythonDecoratedOperator): say_hello> on 2023-01-29 00:00:00+00:00
[2023-09-05T15:24:42.339+0000] {standard_task_runner.py:57} INFO - Started process 250 to run task
[2023-09-05T15:24:42.360+0000] {standard_task_runner.py:84} INFO - Running: ['***', 'tasks', 'run', 'tasks_relations', 'say_hello', 'scheduled__2023-01-29T00:00:00+00:00', '--job-id', '92', '--raw', '--subdir', 'DAGS_FOLDER/tasks_relations.py', '--cfg-path', '/tmp/tmp1y5hzcfk']
[2023-09-05T15:24:42.363+0000] {standard_task_runner.py:85} INFO - Job 92: Subtask say_hello
[2023-09-05T15:24:42.522+0000] {task_command.py:415} INFO - Running <TaskInstance: tasks_relations.say_hello scheduled__2023-01-29T00:00:00+00:00 [running]> on host ca474790e981
[2023-09-05T15:24:42.680+0000] {taskinstance.py:1660} INFO - Exporting env vars: AIRFLOW_CTX_DAG_OWNER='***' AIRFLOW_CTX_DAG_ID='tasks_relations' AIRFLOW_CTX_TASK_ID='say_hello' AIRFLOW_CTX_EXECUTION_DATE='2023-01-29T00:00:00+00:00' AIRFLOW_CTX_TRY_NUMBER='1' AIRFLOW_CTX_DAG_RUN_ID='scheduled__2023-01-29T00:00:00+00:00'
[2023-09-05T15:24:42.686+0000] {logging_mixin.py:151} INFO - hello ***
[2023-09-05T15:24:42.689+0000] {python.py:194} INFO - Done. Returned value was: None
[2023-09-05T15:24:42.712+0000] {taskinstance.py:1400} INFO - Marking task as SUCCESS. dag_id=tasks_relations, task_id=say_hello, execution_date=20230129T000000, start_date=20230905T152442, end_date=20230905T152442
[2023-09-05T15:24:42.776+0000] {local_task_job_runner.py:228} INFO - Task exited with return code 0
[2023-09-05T15:24:42.860+0000] {taskinstance.py:2784} INFO - 1 downstream tasks scheduled from follow-on schedule check
[2023-09-12T17:33:31.026+0000] {taskinstance.py:1159} INFO - Dependencies all met for dep_context=non-requeueable deps ti=<TaskInstance: tasks_relations.say_hello scheduled__2023-01-29T00:00:00+00:00 [queued]>
[2023-09-12T17:33:31.111+0000] {taskinstance.py:1159} INFO - Dependencies all met for dep_context=requeueable deps ti=<TaskInstance: tasks_relations.say_hello scheduled__2023-01-29T00:00:00+00:00 [queued]>
[2023-09-12T17:33:31.114+0000] {taskinstance.py:1361} INFO - Starting attempt 1 of 1
[2023-09-12T17:33:31.198+0000] {taskinstance.py:1382} INFO - Executing <Task(_PythonDecoratedOperator): say_hello> on 2023-01-29 00:00:00+00:00
[2023-09-12T17:33:31.240+0000] {standard_task_runner.py:57} INFO - Started process 540 to run task
[2023-09-12T17:33:31.351+0000] {standard_task_runner.py:84} INFO - Running: ['***', 'tasks', 'run', 'tasks_relations', 'say_hello', 'scheduled__2023-01-29T00:00:00+00:00', '--job-id', '212', '--raw', '--subdir', 'DAGS_FOLDER/2_tasks_relations.py', '--cfg-path', '/tmp/tmp30j6q476']
[2023-09-12T17:33:31.394+0000] {standard_task_runner.py:85} INFO - Job 212: Subtask say_hello
[2023-09-12T17:33:32.151+0000] {task_command.py:415} INFO - Running <TaskInstance: tasks_relations.say_hello scheduled__2023-01-29T00:00:00+00:00 [running]> on host 0ab7970e0956
[2023-09-12T17:33:32.698+0000] {taskinstance.py:1660} INFO - Exporting env vars: AIRFLOW_CTX_DAG_OWNER='***' AIRFLOW_CTX_DAG_ID='tasks_relations' AIRFLOW_CTX_TASK_ID='say_hello' AIRFLOW_CTX_EXECUTION_DATE='2023-01-29T00:00:00+00:00' AIRFLOW_CTX_TRY_NUMBER='1' AIRFLOW_CTX_DAG_RUN_ID='scheduled__2023-01-29T00:00:00+00:00'
[2023-09-12T17:33:32.702+0000] {logging_mixin.py:151} INFO - hello world
[2023-09-12T17:33:32.708+0000] {python.py:194} INFO - Done. Returned value was: None
[2023-09-12T17:33:32.745+0000] {taskinstance.py:1400} INFO - Marking task as SUCCESS. dag_id=tasks_relations, task_id=say_hello, execution_date=20230129T000000, start_date=20230912T173331, end_date=20230912T173332
[2023-09-12T17:33:32.801+0000] {local_task_job_runner.py:228} INFO - Task exited with return code 0
[2023-09-12T17:33:33.150+0000] {taskinstance.py:2784} INFO - 1 downstream tasks scheduled from follow-on schedule check
