[2023-09-05T15:29:44.951+0000] {taskinstance.py:1159} INFO - Dependencies all met for dep_context=non-requeueable deps ti=<TaskInstance: tasks_relations.this_way scheduled__2023-06-29T00:00:00+00:00 [queued]>
[2023-09-05T15:29:44.966+0000] {taskinstance.py:1159} INFO - Dependencies all met for dep_context=requeueable deps ti=<TaskInstance: tasks_relations.this_way scheduled__2023-06-29T00:00:00+00:00 [queued]>
[2023-09-05T15:29:44.968+0000] {taskinstance.py:1361} INFO - Starting attempt 1 of 1
[2023-09-05T15:29:44.987+0000] {taskinstance.py:1382} INFO - Executing <Task(_PythonDecoratedOperator): this_way> on 2023-06-29 00:00:00+00:00
[2023-09-05T15:29:45.019+0000] {standard_task_runner.py:57} INFO - Started process 1406 to run task
[2023-09-05T15:29:45.045+0000] {standard_task_runner.py:84} INFO - Running: ['***', 'tasks', 'run', 'tasks_relations', 'this_way', 'scheduled__2023-06-29T00:00:00+00:00', '--job-id', '631', '--raw', '--subdir', 'DAGS_FOLDER/tasks_relations.py', '--cfg-path', '/tmp/tmp2zi2a400']
[2023-09-05T15:29:45.047+0000] {standard_task_runner.py:85} INFO - Job 631: Subtask this_way
[2023-09-05T15:29:45.332+0000] {task_command.py:415} INFO - Running <TaskInstance: tasks_relations.this_way scheduled__2023-06-29T00:00:00+00:00 [running]> on host ca474790e981
[2023-09-05T15:29:45.828+0000] {taskinstance.py:1660} INFO - Exporting env vars: AIRFLOW_CTX_DAG_OWNER='***' AIRFLOW_CTX_DAG_ID='tasks_relations' AIRFLOW_CTX_TASK_ID='this_way' AIRFLOW_CTX_EXECUTION_DATE='2023-06-29T00:00:00+00:00' AIRFLOW_CTX_TRY_NUMBER='1' AIRFLOW_CTX_DAG_RUN_ID='scheduled__2023-06-29T00:00:00+00:00'
[2023-09-05T15:29:45.831+0000] {logging_mixin.py:151} INFO - THIS WAY!!!
[2023-09-05T15:29:45.832+0000] {python.py:194} INFO - Done. Returned value was: None
[2023-09-05T15:29:45.898+0000] {taskinstance.py:1400} INFO - Marking task as SUCCESS. dag_id=tasks_relations, task_id=this_way, execution_date=20230629T000000, start_date=20230905T152944, end_date=20230905T152945
[2023-09-05T15:29:45.993+0000] {local_task_job_runner.py:228} INFO - Task exited with return code 0
[2023-09-05T15:29:46.033+0000] {taskinstance.py:2784} INFO - 0 downstream tasks scheduled from follow-on schedule check
[2023-09-12T17:36:53.956+0000] {taskinstance.py:1159} INFO - Dependencies all met for dep_context=non-requeueable deps ti=<TaskInstance: tasks_relations.this_way scheduled__2023-06-29T00:00:00+00:00 [queued]>
[2023-09-12T17:36:53.973+0000] {taskinstance.py:1159} INFO - Dependencies all met for dep_context=requeueable deps ti=<TaskInstance: tasks_relations.this_way scheduled__2023-06-29T00:00:00+00:00 [queued]>
[2023-09-12T17:36:53.975+0000] {taskinstance.py:1361} INFO - Starting attempt 1 of 1
[2023-09-12T17:36:54.044+0000] {taskinstance.py:1382} INFO - Executing <Task(_PythonDecoratedOperator): this_way> on 2023-06-29 00:00:00+00:00
[2023-09-12T17:36:54.071+0000] {standard_task_runner.py:57} INFO - Started process 2912 to run task
[2023-09-12T17:36:54.107+0000] {standard_task_runner.py:84} INFO - Running: ['***', 'tasks', 'run', 'tasks_relations', 'this_way', 'scheduled__2023-06-29T00:00:00+00:00', '--job-id', '1379', '--raw', '--subdir', 'DAGS_FOLDER/2_tasks_relations.py', '--cfg-path', '/tmp/tmpwed7tg7e']
[2023-09-12T17:36:54.108+0000] {standard_task_runner.py:85} INFO - Job 1379: Subtask this_way
[2023-09-12T17:36:54.248+0000] {task_command.py:415} INFO - Running <TaskInstance: tasks_relations.this_way scheduled__2023-06-29T00:00:00+00:00 [running]> on host 0ab7970e0956
[2023-09-12T17:36:54.696+0000] {taskinstance.py:1660} INFO - Exporting env vars: AIRFLOW_CTX_DAG_OWNER='***' AIRFLOW_CTX_DAG_ID='tasks_relations' AIRFLOW_CTX_TASK_ID='this_way' AIRFLOW_CTX_EXECUTION_DATE='2023-06-29T00:00:00+00:00' AIRFLOW_CTX_TRY_NUMBER='1' AIRFLOW_CTX_DAG_RUN_ID='scheduled__2023-06-29T00:00:00+00:00'
[2023-09-12T17:36:54.700+0000] {logging_mixin.py:151} INFO - THIS WAY!!!
[2023-09-12T17:36:54.700+0000] {python.py:194} INFO - Done. Returned value was: None
[2023-09-12T17:36:54.726+0000] {taskinstance.py:1400} INFO - Marking task as SUCCESS. dag_id=tasks_relations, task_id=this_way, execution_date=20230629T000000, start_date=20230912T173653, end_date=20230912T173654
[2023-09-12T17:36:54.882+0000] {local_task_job_runner.py:228} INFO - Task exited with return code 0
[2023-09-12T17:36:54.912+0000] {taskinstance.py:2784} INFO - 1 downstream tasks scheduled from follow-on schedule check
