[2023-09-05T15:27:49.173+0000] {taskinstance.py:1159} INFO - Dependencies all met for dep_context=non-requeueable deps ti=<TaskInstance: tasks_relations.this_way scheduled__2023-05-15T00:00:00+00:00 [queued]>
[2023-09-05T15:27:49.332+0000] {taskinstance.py:1159} INFO - Dependencies all met for dep_context=requeueable deps ti=<TaskInstance: tasks_relations.this_way scheduled__2023-05-15T00:00:00+00:00 [queued]>
[2023-09-05T15:27:49.342+0000] {taskinstance.py:1361} INFO - Starting attempt 1 of 1
[2023-09-05T15:27:49.520+0000] {taskinstance.py:1382} INFO - Executing <Task(_PythonDecoratedOperator): this_way> on 2023-05-15 00:00:00+00:00
[2023-09-05T15:27:49.635+0000] {standard_task_runner.py:57} INFO - Started process 975 to run task
[2023-09-05T15:27:49.831+0000] {standard_task_runner.py:84} INFO - Running: ['***', 'tasks', 'run', 'tasks_relations', 'this_way', 'scheduled__2023-05-15T00:00:00+00:00', '--job-id', '425', '--raw', '--subdir', 'DAGS_FOLDER/tasks_relations.py', '--cfg-path', '/tmp/tmp5nx6f9de']
[2023-09-05T15:27:49.873+0000] {standard_task_runner.py:85} INFO - Job 425: Subtask this_way
[2023-09-05T15:27:50.964+0000] {task_command.py:415} INFO - Running <TaskInstance: tasks_relations.this_way scheduled__2023-05-15T00:00:00+00:00 [running]> on host ca474790e981
[2023-09-05T15:27:51.865+0000] {taskinstance.py:1660} INFO - Exporting env vars: AIRFLOW_CTX_DAG_OWNER='***' AIRFLOW_CTX_DAG_ID='tasks_relations' AIRFLOW_CTX_TASK_ID='this_way' AIRFLOW_CTX_EXECUTION_DATE='2023-05-15T00:00:00+00:00' AIRFLOW_CTX_TRY_NUMBER='1' AIRFLOW_CTX_DAG_RUN_ID='scheduled__2023-05-15T00:00:00+00:00'
[2023-09-05T15:27:52.078+0000] {logging_mixin.py:151} INFO - THIS WAY!!!
[2023-09-05T15:27:52.128+0000] {python.py:194} INFO - Done. Returned value was: None
[2023-09-05T15:27:52.196+0000] {taskinstance.py:1400} INFO - Marking task as SUCCESS. dag_id=tasks_relations, task_id=this_way, execution_date=20230515T000000, start_date=20230905T152749, end_date=20230905T152752
[2023-09-05T15:27:52.639+0000] {local_task_job_runner.py:228} INFO - Task exited with return code 0
[2023-09-05T15:27:52.941+0000] {taskinstance.py:2784} INFO - 0 downstream tasks scheduled from follow-on schedule check
[2023-09-12T17:36:02.868+0000] {taskinstance.py:1159} INFO - Dependencies all met for dep_context=non-requeueable deps ti=<TaskInstance: tasks_relations.this_way scheduled__2023-05-15T00:00:00+00:00 [queued]>
[2023-09-12T17:36:02.908+0000] {taskinstance.py:1159} INFO - Dependencies all met for dep_context=requeueable deps ti=<TaskInstance: tasks_relations.this_way scheduled__2023-05-15T00:00:00+00:00 [queued]>
[2023-09-12T17:36:02.910+0000] {taskinstance.py:1361} INFO - Starting attempt 1 of 1
[2023-09-12T17:36:02.936+0000] {taskinstance.py:1382} INFO - Executing <Task(_PythonDecoratedOperator): this_way> on 2023-05-15 00:00:00+00:00
[2023-09-12T17:36:02.947+0000] {standard_task_runner.py:57} INFO - Started process 2337 to run task
[2023-09-12T17:36:02.970+0000] {standard_task_runner.py:84} INFO - Running: ['***', 'tasks', 'run', 'tasks_relations', 'this_way', 'scheduled__2023-05-15T00:00:00+00:00', '--job-id', '1097', '--raw', '--subdir', 'DAGS_FOLDER/2_tasks_relations.py', '--cfg-path', '/tmp/tmpt_5q3snb']
[2023-09-12T17:36:02.973+0000] {standard_task_runner.py:85} INFO - Job 1097: Subtask this_way
[2023-09-12T17:36:03.119+0000] {task_command.py:415} INFO - Running <TaskInstance: tasks_relations.this_way scheduled__2023-05-15T00:00:00+00:00 [running]> on host 0ab7970e0956
[2023-09-12T17:36:03.349+0000] {taskinstance.py:1660} INFO - Exporting env vars: AIRFLOW_CTX_DAG_OWNER='***' AIRFLOW_CTX_DAG_ID='tasks_relations' AIRFLOW_CTX_TASK_ID='this_way' AIRFLOW_CTX_EXECUTION_DATE='2023-05-15T00:00:00+00:00' AIRFLOW_CTX_TRY_NUMBER='1' AIRFLOW_CTX_DAG_RUN_ID='scheduled__2023-05-15T00:00:00+00:00'
[2023-09-12T17:36:03.352+0000] {logging_mixin.py:151} INFO - THIS WAY!!!
[2023-09-12T17:36:03.352+0000] {python.py:194} INFO - Done. Returned value was: None
[2023-09-12T17:36:03.404+0000] {taskinstance.py:1400} INFO - Marking task as SUCCESS. dag_id=tasks_relations, task_id=this_way, execution_date=20230515T000000, start_date=20230912T173602, end_date=20230912T173603
[2023-09-12T17:36:03.463+0000] {local_task_job_runner.py:228} INFO - Task exited with return code 0
[2023-09-12T17:36:03.495+0000] {taskinstance.py:2784} INFO - 0 downstream tasks scheduled from follow-on schedule check
