[2023-09-05T15:25:28.179+0000] {taskinstance.py:1159} INFO - Dependencies all met for dep_context=non-requeueable deps ti=<TaskInstance: tasks_relations.say_hello scheduled__2023-03-14T00:00:00+00:00 [queued]>
[2023-09-05T15:25:28.284+0000] {taskinstance.py:1159} INFO - Dependencies all met for dep_context=requeueable deps ti=<TaskInstance: tasks_relations.say_hello scheduled__2023-03-14T00:00:00+00:00 [queued]>
[2023-09-05T15:25:28.286+0000] {taskinstance.py:1361} INFO - Starting attempt 1 of 1
[2023-09-05T15:25:28.411+0000] {taskinstance.py:1382} INFO - Executing <Task(_PythonDecoratedOperator): say_hello> on 2023-03-14 00:00:00+00:00
[2023-09-05T15:25:28.445+0000] {standard_task_runner.py:57} INFO - Started process 526 to run task
[2023-09-05T15:25:28.490+0000] {standard_task_runner.py:84} INFO - Running: ['***', 'tasks', 'run', 'tasks_relations', 'say_hello', 'scheduled__2023-03-14T00:00:00+00:00', '--job-id', '224', '--raw', '--subdir', 'DAGS_FOLDER/tasks_relations.py', '--cfg-path', '/tmp/tmpik9x4aob']
[2023-09-05T15:25:28.502+0000] {standard_task_runner.py:85} INFO - Job 224: Subtask say_hello
[2023-09-05T15:25:28.924+0000] {task_command.py:415} INFO - Running <TaskInstance: tasks_relations.say_hello scheduled__2023-03-14T00:00:00+00:00 [running]> on host ca474790e981
[2023-09-05T15:25:29.478+0000] {taskinstance.py:1660} INFO - Exporting env vars: AIRFLOW_CTX_DAG_OWNER='***' AIRFLOW_CTX_DAG_ID='tasks_relations' AIRFLOW_CTX_TASK_ID='say_hello' AIRFLOW_CTX_EXECUTION_DATE='2023-03-14T00:00:00+00:00' AIRFLOW_CTX_TRY_NUMBER='1' AIRFLOW_CTX_DAG_RUN_ID='scheduled__2023-03-14T00:00:00+00:00'
[2023-09-05T15:25:29.491+0000] {logging_mixin.py:151} INFO - hello ***
[2023-09-05T15:25:29.500+0000] {python.py:194} INFO - Done. Returned value was: None
[2023-09-05T15:25:29.603+0000] {taskinstance.py:1400} INFO - Marking task as SUCCESS. dag_id=tasks_relations, task_id=say_hello, execution_date=20230314T000000, start_date=20230905T152528, end_date=20230905T152529
[2023-09-05T15:25:29.781+0000] {local_task_job_runner.py:228} INFO - Task exited with return code 0
[2023-09-05T15:25:29.968+0000] {taskinstance.py:2784} INFO - 1 downstream tasks scheduled from follow-on schedule check
[2023-09-12T17:34:46.229+0000] {taskinstance.py:1159} INFO - Dependencies all met for dep_context=non-requeueable deps ti=<TaskInstance: tasks_relations.say_hello scheduled__2023-03-14T00:00:00+00:00 [queued]>
[2023-09-12T17:34:46.260+0000] {taskinstance.py:1159} INFO - Dependencies all met for dep_context=requeueable deps ti=<TaskInstance: tasks_relations.say_hello scheduled__2023-03-14T00:00:00+00:00 [queued]>
[2023-09-12T17:34:46.266+0000] {taskinstance.py:1361} INFO - Starting attempt 1 of 1
[2023-09-12T17:34:46.311+0000] {taskinstance.py:1382} INFO - Executing <Task(_PythonDecoratedOperator): say_hello> on 2023-03-14 00:00:00+00:00
[2023-09-12T17:34:46.323+0000] {standard_task_runner.py:57} INFO - Started process 1317 to run task
[2023-09-12T17:34:46.341+0000] {standard_task_runner.py:84} INFO - Running: ['***', 'tasks', 'run', 'tasks_relations', 'say_hello', 'scheduled__2023-03-14T00:00:00+00:00', '--job-id', '596', '--raw', '--subdir', 'DAGS_FOLDER/2_tasks_relations.py', '--cfg-path', '/tmp/tmpvbg9fs1h']
[2023-09-12T17:34:46.344+0000] {standard_task_runner.py:85} INFO - Job 596: Subtask say_hello
[2023-09-12T17:34:46.504+0000] {task_command.py:415} INFO - Running <TaskInstance: tasks_relations.say_hello scheduled__2023-03-14T00:00:00+00:00 [running]> on host 0ab7970e0956
[2023-09-12T17:34:46.809+0000] {taskinstance.py:1660} INFO - Exporting env vars: AIRFLOW_CTX_DAG_OWNER='***' AIRFLOW_CTX_DAG_ID='tasks_relations' AIRFLOW_CTX_TASK_ID='say_hello' AIRFLOW_CTX_EXECUTION_DATE='2023-03-14T00:00:00+00:00' AIRFLOW_CTX_TRY_NUMBER='1' AIRFLOW_CTX_DAG_RUN_ID='scheduled__2023-03-14T00:00:00+00:00'
[2023-09-12T17:34:46.811+0000] {logging_mixin.py:151} INFO - hello world
[2023-09-12T17:34:46.811+0000] {python.py:194} INFO - Done. Returned value was: None
[2023-09-12T17:34:46.831+0000] {taskinstance.py:1400} INFO - Marking task as SUCCESS. dag_id=tasks_relations, task_id=say_hello, execution_date=20230314T000000, start_date=20230912T173446, end_date=20230912T173446
[2023-09-12T17:34:46.913+0000] {local_task_job_runner.py:228} INFO - Task exited with return code 0
[2023-09-12T17:34:46.972+0000] {taskinstance.py:2784} INFO - 0 downstream tasks scheduled from follow-on schedule check
