[2023-09-05T15:30:10.267+0000] {taskinstance.py:1159} INFO - Dependencies all met for dep_context=non-requeueable deps ti=<TaskInstance: tasks_relations.this_way scheduled__2023-07-12T00:00:00+00:00 [queued]>
[2023-09-05T15:30:10.361+0000] {taskinstance.py:1159} INFO - Dependencies all met for dep_context=requeueable deps ti=<TaskInstance: tasks_relations.this_way scheduled__2023-07-12T00:00:00+00:00 [queued]>
[2023-09-05T15:30:10.365+0000] {taskinstance.py:1361} INFO - Starting attempt 1 of 1
[2023-09-05T15:30:10.483+0000] {taskinstance.py:1382} INFO - Executing <Task(_PythonDecoratedOperator): this_way> on 2023-07-12 00:00:00+00:00
[2023-09-05T15:30:10.545+0000] {standard_task_runner.py:57} INFO - Started process 1565 to run task
[2023-09-05T15:30:10.595+0000] {standard_task_runner.py:84} INFO - Running: ['***', 'tasks', 'run', 'tasks_relations', 'this_way', 'scheduled__2023-07-12T00:00:00+00:00', '--job-id', '706', '--raw', '--subdir', 'DAGS_FOLDER/tasks_relations.py', '--cfg-path', '/tmp/tmpil2rgaox']
[2023-09-05T15:30:10.605+0000] {standard_task_runner.py:85} INFO - Job 706: Subtask this_way
[2023-09-05T15:30:10.969+0000] {task_command.py:415} INFO - Running <TaskInstance: tasks_relations.this_way scheduled__2023-07-12T00:00:00+00:00 [running]> on host ca474790e981
[2023-09-05T15:30:11.354+0000] {taskinstance.py:1660} INFO - Exporting env vars: AIRFLOW_CTX_DAG_OWNER='***' AIRFLOW_CTX_DAG_ID='tasks_relations' AIRFLOW_CTX_TASK_ID='this_way' AIRFLOW_CTX_EXECUTION_DATE='2023-07-12T00:00:00+00:00' AIRFLOW_CTX_TRY_NUMBER='1' AIRFLOW_CTX_DAG_RUN_ID='scheduled__2023-07-12T00:00:00+00:00'
[2023-09-05T15:30:11.363+0000] {logging_mixin.py:151} INFO - THIS WAY!!!
[2023-09-05T15:30:11.365+0000] {python.py:194} INFO - Done. Returned value was: None
[2023-09-05T15:30:11.434+0000] {taskinstance.py:1400} INFO - Marking task as SUCCESS. dag_id=tasks_relations, task_id=this_way, execution_date=20230712T000000, start_date=20230905T153010, end_date=20230905T153011
[2023-09-05T15:30:11.587+0000] {local_task_job_runner.py:228} INFO - Task exited with return code 0
[2023-09-05T15:30:11.645+0000] {taskinstance.py:2784} INFO - 0 downstream tasks scheduled from follow-on schedule check
[2023-09-12T17:36:58.706+0000] {taskinstance.py:1159} INFO - Dependencies all met for dep_context=non-requeueable deps ti=<TaskInstance: tasks_relations.this_way scheduled__2023-07-12T00:00:00+00:00 [queued]>
[2023-09-12T17:36:58.741+0000] {taskinstance.py:1159} INFO - Dependencies all met for dep_context=requeueable deps ti=<TaskInstance: tasks_relations.this_way scheduled__2023-07-12T00:00:00+00:00 [queued]>
[2023-09-12T17:36:58.742+0000] {taskinstance.py:1361} INFO - Starting attempt 1 of 1
[2023-09-12T17:36:58.794+0000] {taskinstance.py:1382} INFO - Executing <Task(_PythonDecoratedOperator): this_way> on 2023-07-12 00:00:00+00:00
[2023-09-12T17:36:58.819+0000] {standard_task_runner.py:57} INFO - Started process 2980 to run task
[2023-09-12T17:36:58.845+0000] {standard_task_runner.py:84} INFO - Running: ['***', 'tasks', 'run', 'tasks_relations', 'this_way', 'scheduled__2023-07-12T00:00:00+00:00', '--job-id', '1415', '--raw', '--subdir', 'DAGS_FOLDER/2_tasks_relations.py', '--cfg-path', '/tmp/tmpdqc5gfck']
[2023-09-12T17:36:58.857+0000] {standard_task_runner.py:85} INFO - Job 1415: Subtask this_way
[2023-09-12T17:36:59.148+0000] {task_command.py:415} INFO - Running <TaskInstance: tasks_relations.this_way scheduled__2023-07-12T00:00:00+00:00 [running]> on host 0ab7970e0956
[2023-09-12T17:36:59.281+0000] {taskinstance.py:1660} INFO - Exporting env vars: AIRFLOW_CTX_DAG_OWNER='***' AIRFLOW_CTX_DAG_ID='tasks_relations' AIRFLOW_CTX_TASK_ID='this_way' AIRFLOW_CTX_EXECUTION_DATE='2023-07-12T00:00:00+00:00' AIRFLOW_CTX_TRY_NUMBER='1' AIRFLOW_CTX_DAG_RUN_ID='scheduled__2023-07-12T00:00:00+00:00'
[2023-09-12T17:36:59.294+0000] {logging_mixin.py:151} INFO - THIS WAY!!!
[2023-09-12T17:36:59.294+0000] {python.py:194} INFO - Done. Returned value was: None
[2023-09-12T17:36:59.307+0000] {taskinstance.py:1400} INFO - Marking task as SUCCESS. dag_id=tasks_relations, task_id=this_way, execution_date=20230712T000000, start_date=20230912T173658, end_date=20230912T173659
[2023-09-12T17:36:59.392+0000] {local_task_job_runner.py:228} INFO - Task exited with return code 0
[2023-09-12T17:36:59.419+0000] {taskinstance.py:2784} INFO - 0 downstream tasks scheduled from follow-on schedule check
