[2023-09-05T15:27:54.398+0000] {taskinstance.py:1159} INFO - Dependencies all met for dep_context=non-requeueable deps ti=<TaskInstance: tasks_relations.say_bye scheduled__2023-05-24T00:00:00+00:00 [queued]>
[2023-09-05T15:27:54.539+0000] {taskinstance.py:1159} INFO - Dependencies all met for dep_context=requeueable deps ti=<TaskInstance: tasks_relations.say_bye scheduled__2023-05-24T00:00:00+00:00 [queued]>
[2023-09-05T15:27:54.548+0000] {taskinstance.py:1361} INFO - Starting attempt 1 of 1
[2023-09-05T15:27:54.636+0000] {taskinstance.py:1382} INFO - Executing <Task(_PythonDecoratedOperator): say_bye> on 2023-05-24 00:00:00+00:00
[2023-09-05T15:27:54.688+0000] {standard_task_runner.py:84} INFO - Running: ['***', 'tasks', 'run', 'tasks_relations', 'say_bye', 'scheduled__2023-05-24T00:00:00+00:00', '--job-id', '437', '--raw', '--subdir', 'DAGS_FOLDER/tasks_relations.py', '--cfg-path', '/tmp/tmpiinziey8']
[2023-09-05T15:27:54.724+0000] {standard_task_runner.py:85} INFO - Job 437: Subtask say_bye
[2023-09-05T15:27:54.722+0000] {standard_task_runner.py:57} INFO - Started process 995 to run task
[2023-09-05T15:27:56.042+0000] {task_command.py:415} INFO - Running <TaskInstance: tasks_relations.say_bye scheduled__2023-05-24T00:00:00+00:00 [running]> on host ca474790e981
[2023-09-05T15:27:56.599+0000] {taskinstance.py:1660} INFO - Exporting env vars: AIRFLOW_CTX_DAG_OWNER='***' AIRFLOW_CTX_DAG_ID='tasks_relations' AIRFLOW_CTX_TASK_ID='say_bye' AIRFLOW_CTX_EXECUTION_DATE='2023-05-24T00:00:00+00:00' AIRFLOW_CTX_TRY_NUMBER='1' AIRFLOW_CTX_DAG_RUN_ID='scheduled__2023-05-24T00:00:00+00:00'
[2023-09-05T15:27:56.629+0000] {logging_mixin.py:151} INFO - goodbye world
[2023-09-05T15:27:56.633+0000] {python.py:194} INFO - Done. Returned value was: None
[2023-09-05T15:27:56.892+0000] {taskinstance.py:1400} INFO - Marking task as SUCCESS. dag_id=tasks_relations, task_id=say_bye, execution_date=20230524T000000, start_date=20230905T152754, end_date=20230905T152756
[2023-09-05T15:27:57.509+0000] {local_task_job_runner.py:228} INFO - Task exited with return code 0
[2023-09-05T15:27:57.648+0000] {taskinstance.py:2784} INFO - 0 downstream tasks scheduled from follow-on schedule check
[2023-09-12T17:36:03.197+0000] {taskinstance.py:1159} INFO - Dependencies all met for dep_context=non-requeueable deps ti=<TaskInstance: tasks_relations.say_bye scheduled__2023-05-24T00:00:00+00:00 [queued]>
[2023-09-12T17:36:03.215+0000] {taskinstance.py:1159} INFO - Dependencies all met for dep_context=requeueable deps ti=<TaskInstance: tasks_relations.say_bye scheduled__2023-05-24T00:00:00+00:00 [queued]>
[2023-09-12T17:36:03.227+0000] {taskinstance.py:1361} INFO - Starting attempt 1 of 1
[2023-09-12T17:36:03.286+0000] {taskinstance.py:1382} INFO - Executing <Task(_PythonDecoratedOperator): say_bye> on 2023-05-24 00:00:00+00:00
[2023-09-12T17:36:03.308+0000] {standard_task_runner.py:57} INFO - Started process 2346 to run task
[2023-09-12T17:36:03.347+0000] {standard_task_runner.py:84} INFO - Running: ['***', 'tasks', 'run', 'tasks_relations', 'say_bye', 'scheduled__2023-05-24T00:00:00+00:00', '--job-id', '1106', '--raw', '--subdir', 'DAGS_FOLDER/2_tasks_relations.py', '--cfg-path', '/tmp/tmphlfmzoc0']
[2023-09-12T17:36:03.362+0000] {standard_task_runner.py:85} INFO - Job 1106: Subtask say_bye
[2023-09-12T17:36:03.577+0000] {task_command.py:415} INFO - Running <TaskInstance: tasks_relations.say_bye scheduled__2023-05-24T00:00:00+00:00 [running]> on host 0ab7970e0956
[2023-09-12T17:36:03.828+0000] {taskinstance.py:1660} INFO - Exporting env vars: AIRFLOW_CTX_DAG_OWNER='***' AIRFLOW_CTX_DAG_ID='tasks_relations' AIRFLOW_CTX_TASK_ID='say_bye' AIRFLOW_CTX_EXECUTION_DATE='2023-05-24T00:00:00+00:00' AIRFLOW_CTX_TRY_NUMBER='1' AIRFLOW_CTX_DAG_RUN_ID='scheduled__2023-05-24T00:00:00+00:00'
[2023-09-12T17:36:03.831+0000] {logging_mixin.py:151} INFO - goodbye world
[2023-09-12T17:36:03.840+0000] {python.py:194} INFO - Done. Returned value was: None
[2023-09-12T17:36:03.898+0000] {taskinstance.py:1400} INFO - Marking task as SUCCESS. dag_id=tasks_relations, task_id=say_bye, execution_date=20230524T000000, start_date=20230912T173603, end_date=20230912T173603
[2023-09-12T17:36:03.970+0000] {local_task_job_runner.py:228} INFO - Task exited with return code 0
[2023-09-12T17:36:04.055+0000] {taskinstance.py:2784} INFO - 2 downstream tasks scheduled from follow-on schedule check
