[2023-09-05T15:27:46.436+0000] {taskinstance.py:1159} INFO - Dependencies all met for dep_context=non-requeueable deps ti=<TaskInstance: tasks_relations.say_hello scheduled__2023-05-25T00:00:00+00:00 [queued]>
[2023-09-05T15:27:46.641+0000] {taskinstance.py:1159} INFO - Dependencies all met for dep_context=requeueable deps ti=<TaskInstance: tasks_relations.say_hello scheduled__2023-05-25T00:00:00+00:00 [queued]>
[2023-09-05T15:27:46.664+0000] {taskinstance.py:1361} INFO - Starting attempt 1 of 1
[2023-09-05T15:27:46.765+0000] {taskinstance.py:1382} INFO - Executing <Task(_PythonDecoratedOperator): say_hello> on 2023-05-25 00:00:00+00:00
[2023-09-05T15:27:46.820+0000] {standard_task_runner.py:57} INFO - Started process 965 to run task
[2023-09-05T15:27:46.928+0000] {standard_task_runner.py:84} INFO - Running: ['***', 'tasks', 'run', 'tasks_relations', 'say_hello', 'scheduled__2023-05-25T00:00:00+00:00', '--job-id', '422', '--raw', '--subdir', 'DAGS_FOLDER/tasks_relations.py', '--cfg-path', '/tmp/tmpvqetnwpz']
[2023-09-05T15:27:46.985+0000] {standard_task_runner.py:85} INFO - Job 422: Subtask say_hello
[2023-09-05T15:27:47.695+0000] {task_command.py:415} INFO - Running <TaskInstance: tasks_relations.say_hello scheduled__2023-05-25T00:00:00+00:00 [running]> on host ca474790e981
[2023-09-05T15:27:48.958+0000] {taskinstance.py:1660} INFO - Exporting env vars: AIRFLOW_CTX_DAG_OWNER='***' AIRFLOW_CTX_DAG_ID='tasks_relations' AIRFLOW_CTX_TASK_ID='say_hello' AIRFLOW_CTX_EXECUTION_DATE='2023-05-25T00:00:00+00:00' AIRFLOW_CTX_TRY_NUMBER='1' AIRFLOW_CTX_DAG_RUN_ID='scheduled__2023-05-25T00:00:00+00:00'
[2023-09-05T15:27:48.975+0000] {logging_mixin.py:151} INFO - hello world
[2023-09-05T15:27:49.023+0000] {python.py:194} INFO - Done. Returned value was: None
[2023-09-05T15:27:49.218+0000] {taskinstance.py:1400} INFO - Marking task as SUCCESS. dag_id=tasks_relations, task_id=say_hello, execution_date=20230525T000000, start_date=20230905T152746, end_date=20230905T152749
[2023-09-05T15:27:49.885+0000] {local_task_job_runner.py:228} INFO - Task exited with return code 0
[2023-09-05T15:27:50.193+0000] {taskinstance.py:2784} INFO - 0 downstream tasks scheduled from follow-on schedule check
[2023-09-12T17:36:02.793+0000] {taskinstance.py:1159} INFO - Dependencies all met for dep_context=non-requeueable deps ti=<TaskInstance: tasks_relations.say_hello scheduled__2023-05-25T00:00:00+00:00 [queued]>
[2023-09-12T17:36:02.826+0000] {taskinstance.py:1159} INFO - Dependencies all met for dep_context=requeueable deps ti=<TaskInstance: tasks_relations.say_hello scheduled__2023-05-25T00:00:00+00:00 [queued]>
[2023-09-12T17:36:02.826+0000] {taskinstance.py:1361} INFO - Starting attempt 1 of 1
[2023-09-12T17:36:02.863+0000] {taskinstance.py:1382} INFO - Executing <Task(_PythonDecoratedOperator): say_hello> on 2023-05-25 00:00:00+00:00
[2023-09-12T17:36:02.882+0000] {standard_task_runner.py:57} INFO - Started process 2335 to run task
[2023-09-12T17:36:02.915+0000] {standard_task_runner.py:84} INFO - Running: ['***', 'tasks', 'run', 'tasks_relations', 'say_hello', 'scheduled__2023-05-25T00:00:00+00:00', '--job-id', '1095', '--raw', '--subdir', 'DAGS_FOLDER/2_tasks_relations.py', '--cfg-path', '/tmp/tmpb6vfvhyb']
[2023-09-12T17:36:02.918+0000] {standard_task_runner.py:85} INFO - Job 1095: Subtask say_hello
[2023-09-12T17:36:03.063+0000] {task_command.py:415} INFO - Running <TaskInstance: tasks_relations.say_hello scheduled__2023-05-25T00:00:00+00:00 [running]> on host 0ab7970e0956
[2023-09-12T17:36:03.383+0000] {taskinstance.py:1660} INFO - Exporting env vars: AIRFLOW_CTX_DAG_OWNER='***' AIRFLOW_CTX_DAG_ID='tasks_relations' AIRFLOW_CTX_TASK_ID='say_hello' AIRFLOW_CTX_EXECUTION_DATE='2023-05-25T00:00:00+00:00' AIRFLOW_CTX_TRY_NUMBER='1' AIRFLOW_CTX_DAG_RUN_ID='scheduled__2023-05-25T00:00:00+00:00'
[2023-09-12T17:36:03.400+0000] {logging_mixin.py:151} INFO - hello world
[2023-09-12T17:36:03.406+0000] {python.py:194} INFO - Done. Returned value was: None
[2023-09-12T17:36:03.447+0000] {taskinstance.py:1400} INFO - Marking task as SUCCESS. dag_id=tasks_relations, task_id=say_hello, execution_date=20230525T000000, start_date=20230912T173602, end_date=20230912T173603
[2023-09-12T17:36:03.533+0000] {local_task_job_runner.py:228} INFO - Task exited with return code 0
[2023-09-12T17:36:03.589+0000] {taskinstance.py:2784} INFO - 1 downstream tasks scheduled from follow-on schedule check
