[2023-09-05T15:27:30.304+0000] {taskinstance.py:1159} INFO - Dependencies all met for dep_context=non-requeueable deps ti=<TaskInstance: tasks_relations.say_hello scheduled__2023-05-19T00:00:00+00:00 [queued]>
[2023-09-05T15:27:30.385+0000] {taskinstance.py:1159} INFO - Dependencies all met for dep_context=requeueable deps ti=<TaskInstance: tasks_relations.say_hello scheduled__2023-05-19T00:00:00+00:00 [queued]>
[2023-09-05T15:27:30.387+0000] {taskinstance.py:1361} INFO - Starting attempt 1 of 1
[2023-09-05T15:27:31.096+0000] {taskinstance.py:1382} INFO - Executing <Task(_PythonDecoratedOperator): say_hello> on 2023-05-19 00:00:00+00:00
[2023-09-05T15:27:31.320+0000] {standard_task_runner.py:57} INFO - Started process 923 to run task
[2023-09-05T15:27:31.397+0000] {standard_task_runner.py:84} INFO - Running: ['***', 'tasks', 'run', 'tasks_relations', 'say_hello', 'scheduled__2023-05-19T00:00:00+00:00', '--job-id', '401', '--raw', '--subdir', 'DAGS_FOLDER/tasks_relations.py', '--cfg-path', '/tmp/tmp9i9_9yzo']
[2023-09-05T15:27:31.413+0000] {standard_task_runner.py:85} INFO - Job 401: Subtask say_hello
[2023-09-05T15:27:32.577+0000] {task_command.py:415} INFO - Running <TaskInstance: tasks_relations.say_hello scheduled__2023-05-19T00:00:00+00:00 [running]> on host ca474790e981
[2023-09-05T15:27:33.320+0000] {taskinstance.py:1660} INFO - Exporting env vars: AIRFLOW_CTX_DAG_OWNER='***' AIRFLOW_CTX_DAG_ID='tasks_relations' AIRFLOW_CTX_TASK_ID='say_hello' AIRFLOW_CTX_EXECUTION_DATE='2023-05-19T00:00:00+00:00' AIRFLOW_CTX_TRY_NUMBER='1' AIRFLOW_CTX_DAG_RUN_ID='scheduled__2023-05-19T00:00:00+00:00'
[2023-09-05T15:27:33.397+0000] {logging_mixin.py:151} INFO - hello world
[2023-09-05T15:27:33.426+0000] {python.py:194} INFO - Done. Returned value was: None
[2023-09-05T15:27:33.825+0000] {taskinstance.py:1400} INFO - Marking task as SUCCESS. dag_id=tasks_relations, task_id=say_hello, execution_date=20230519T000000, start_date=20230905T152730, end_date=20230905T152733
[2023-09-05T15:27:34.517+0000] {local_task_job_runner.py:228} INFO - Task exited with return code 0
[2023-09-05T15:27:35.263+0000] {taskinstance.py:2784} INFO - 0 downstream tasks scheduled from follow-on schedule check
[2023-09-12T17:35:59.356+0000] {taskinstance.py:1159} INFO - Dependencies all met for dep_context=non-requeueable deps ti=<TaskInstance: tasks_relations.say_hello scheduled__2023-05-19T00:00:00+00:00 [queued]>
[2023-09-12T17:35:59.394+0000] {taskinstance.py:1159} INFO - Dependencies all met for dep_context=requeueable deps ti=<TaskInstance: tasks_relations.say_hello scheduled__2023-05-19T00:00:00+00:00 [queued]>
[2023-09-12T17:35:59.403+0000] {taskinstance.py:1361} INFO - Starting attempt 1 of 1
[2023-09-12T17:35:59.483+0000] {taskinstance.py:1382} INFO - Executing <Task(_PythonDecoratedOperator): say_hello> on 2023-05-19 00:00:00+00:00
[2023-09-12T17:35:59.514+0000] {standard_task_runner.py:57} INFO - Started process 2293 to run task
[2023-09-12T17:35:59.519+0000] {standard_task_runner.py:84} INFO - Running: ['***', 'tasks', 'run', 'tasks_relations', 'say_hello', 'scheduled__2023-05-19T00:00:00+00:00', '--job-id', '1077', '--raw', '--subdir', 'DAGS_FOLDER/2_tasks_relations.py', '--cfg-path', '/tmp/tmpx0fe0w9h']
[2023-09-12T17:35:59.535+0000] {standard_task_runner.py:85} INFO - Job 1077: Subtask say_hello
[2023-09-12T17:35:59.715+0000] {task_command.py:415} INFO - Running <TaskInstance: tasks_relations.say_hello scheduled__2023-05-19T00:00:00+00:00 [running]> on host 0ab7970e0956
[2023-09-12T17:35:59.937+0000] {taskinstance.py:1660} INFO - Exporting env vars: AIRFLOW_CTX_DAG_OWNER='***' AIRFLOW_CTX_DAG_ID='tasks_relations' AIRFLOW_CTX_TASK_ID='say_hello' AIRFLOW_CTX_EXECUTION_DATE='2023-05-19T00:00:00+00:00' AIRFLOW_CTX_TRY_NUMBER='1' AIRFLOW_CTX_DAG_RUN_ID='scheduled__2023-05-19T00:00:00+00:00'
[2023-09-12T17:35:59.941+0000] {logging_mixin.py:151} INFO - hello world
[2023-09-12T17:35:59.943+0000] {python.py:194} INFO - Done. Returned value was: None
[2023-09-12T17:35:59.964+0000] {taskinstance.py:1400} INFO - Marking task as SUCCESS. dag_id=tasks_relations, task_id=say_hello, execution_date=20230519T000000, start_date=20230912T173559, end_date=20230912T173559
[2023-09-12T17:36:00.043+0000] {local_task_job_runner.py:228} INFO - Task exited with return code 0
[2023-09-12T17:36:00.115+0000] {taskinstance.py:2784} INFO - 1 downstream tasks scheduled from follow-on schedule check
