[2023-09-05T15:30:36.514+0000] {taskinstance.py:1159} INFO - Dependencies all met for dep_context=non-requeueable deps ti=<TaskInstance: tasks_relations.this_way scheduled__2023-07-25T00:00:00+00:00 [queued]>
[2023-09-05T15:30:36.625+0000] {taskinstance.py:1159} INFO - Dependencies all met for dep_context=requeueable deps ti=<TaskInstance: tasks_relations.this_way scheduled__2023-07-25T00:00:00+00:00 [queued]>
[2023-09-05T15:30:36.627+0000] {taskinstance.py:1361} INFO - Starting attempt 1 of 1
[2023-09-05T15:30:36.717+0000] {taskinstance.py:1382} INFO - Executing <Task(_PythonDecoratedOperator): this_way> on 2023-07-25 00:00:00+00:00
[2023-09-05T15:30:36.736+0000] {standard_task_runner.py:57} INFO - Started process 1723 to run task
[2023-09-05T15:30:36.812+0000] {standard_task_runner.py:84} INFO - Running: ['***', 'tasks', 'run', 'tasks_relations', 'this_way', 'scheduled__2023-07-25T00:00:00+00:00', '--job-id', '781', '--raw', '--subdir', 'DAGS_FOLDER/tasks_relations.py', '--cfg-path', '/tmp/tmp4cdxqvti']
[2023-09-05T15:30:36.829+0000] {standard_task_runner.py:85} INFO - Job 781: Subtask this_way
[2023-09-05T15:30:36.989+0000] {task_command.py:415} INFO - Running <TaskInstance: tasks_relations.this_way scheduled__2023-07-25T00:00:00+00:00 [running]> on host ca474790e981
[2023-09-05T15:30:37.395+0000] {taskinstance.py:1660} INFO - Exporting env vars: AIRFLOW_CTX_DAG_OWNER='***' AIRFLOW_CTX_DAG_ID='tasks_relations' AIRFLOW_CTX_TASK_ID='this_way' AIRFLOW_CTX_EXECUTION_DATE='2023-07-25T00:00:00+00:00' AIRFLOW_CTX_TRY_NUMBER='1' AIRFLOW_CTX_DAG_RUN_ID='scheduled__2023-07-25T00:00:00+00:00'
[2023-09-05T15:30:37.410+0000] {logging_mixin.py:151} INFO - THIS WAY!!!
[2023-09-05T15:30:37.412+0000] {python.py:194} INFO - Done. Returned value was: None
[2023-09-05T15:30:37.483+0000] {taskinstance.py:1400} INFO - Marking task as SUCCESS. dag_id=tasks_relations, task_id=this_way, execution_date=20230725T000000, start_date=20230905T153036, end_date=20230905T153037
[2023-09-05T15:30:37.627+0000] {local_task_job_runner.py:228} INFO - Task exited with return code 0
[2023-09-05T15:30:37.666+0000] {taskinstance.py:2784} INFO - 0 downstream tasks scheduled from follow-on schedule check
[2023-09-12T17:37:13.840+0000] {taskinstance.py:1159} INFO - Dependencies all met for dep_context=non-requeueable deps ti=<TaskInstance: tasks_relations.this_way scheduled__2023-07-25T00:00:00+00:00 [queued]>
[2023-09-12T17:37:13.891+0000] {taskinstance.py:1159} INFO - Dependencies all met for dep_context=requeueable deps ti=<TaskInstance: tasks_relations.this_way scheduled__2023-07-25T00:00:00+00:00 [queued]>
[2023-09-12T17:37:13.892+0000] {taskinstance.py:1361} INFO - Starting attempt 1 of 1
[2023-09-12T17:37:13.942+0000] {taskinstance.py:1382} INFO - Executing <Task(_PythonDecoratedOperator): this_way> on 2023-07-25 00:00:00+00:00
[2023-09-12T17:37:13.971+0000] {standard_task_runner.py:57} INFO - Started process 3169 to run task
[2023-09-12T17:37:14.003+0000] {standard_task_runner.py:84} INFO - Running: ['***', 'tasks', 'run', 'tasks_relations', 'this_way', 'scheduled__2023-07-25T00:00:00+00:00', '--job-id', '1510', '--raw', '--subdir', 'DAGS_FOLDER/2_tasks_relations.py', '--cfg-path', '/tmp/tmpisfr6gdn']
[2023-09-12T17:37:14.020+0000] {standard_task_runner.py:85} INFO - Job 1510: Subtask this_way
[2023-09-12T17:37:14.199+0000] {task_command.py:415} INFO - Running <TaskInstance: tasks_relations.this_way scheduled__2023-07-25T00:00:00+00:00 [running]> on host 0ab7970e0956
[2023-09-12T17:37:14.325+0000] {taskinstance.py:1660} INFO - Exporting env vars: AIRFLOW_CTX_DAG_OWNER='***' AIRFLOW_CTX_DAG_ID='tasks_relations' AIRFLOW_CTX_TASK_ID='this_way' AIRFLOW_CTX_EXECUTION_DATE='2023-07-25T00:00:00+00:00' AIRFLOW_CTX_TRY_NUMBER='1' AIRFLOW_CTX_DAG_RUN_ID='scheduled__2023-07-25T00:00:00+00:00'
[2023-09-12T17:37:14.327+0000] {logging_mixin.py:151} INFO - THIS WAY!!!
[2023-09-12T17:37:14.328+0000] {python.py:194} INFO - Done. Returned value was: None
[2023-09-12T17:37:14.335+0000] {taskinstance.py:1400} INFO - Marking task as SUCCESS. dag_id=tasks_relations, task_id=this_way, execution_date=20230725T000000, start_date=20230912T173713, end_date=20230912T173714
[2023-09-12T17:37:14.369+0000] {local_task_job_runner.py:228} INFO - Task exited with return code 0
[2023-09-12T17:37:14.383+0000] {taskinstance.py:2784} INFO - 0 downstream tasks scheduled from follow-on schedule check
