[2023-09-05T15:29:06.812+0000] {taskinstance.py:1159} INFO - Dependencies all met for dep_context=non-requeueable deps ti=<TaskInstance: tasks_relations.this_way scheduled__2023-06-10T00:00:00+00:00 [queued]>
[2023-09-05T15:29:06.871+0000] {taskinstance.py:1159} INFO - Dependencies all met for dep_context=requeueable deps ti=<TaskInstance: tasks_relations.this_way scheduled__2023-06-10T00:00:00+00:00 [queued]>
[2023-09-05T15:29:06.878+0000] {taskinstance.py:1361} INFO - Starting attempt 1 of 1
[2023-09-05T15:29:06.985+0000] {taskinstance.py:1382} INFO - Executing <Task(_PythonDecoratedOperator): this_way> on 2023-06-10 00:00:00+00:00
[2023-09-05T15:29:06.992+0000] {standard_task_runner.py:57} INFO - Started process 1229 to run task
[2023-09-05T15:29:07.014+0000] {standard_task_runner.py:84} INFO - Running: ['***', 'tasks', 'run', 'tasks_relations', 'this_way', 'scheduled__2023-06-10T00:00:00+00:00', '--job-id', '545', '--raw', '--subdir', 'DAGS_FOLDER/tasks_relations.py', '--cfg-path', '/tmp/tmpxfa6zt9b']
[2023-09-05T15:29:07.019+0000] {standard_task_runner.py:85} INFO - Job 545: Subtask this_way
[2023-09-05T15:29:07.549+0000] {task_command.py:415} INFO - Running <TaskInstance: tasks_relations.this_way scheduled__2023-06-10T00:00:00+00:00 [running]> on host ca474790e981
[2023-09-05T15:29:08.115+0000] {taskinstance.py:1660} INFO - Exporting env vars: AIRFLOW_CTX_DAG_OWNER='***' AIRFLOW_CTX_DAG_ID='tasks_relations' AIRFLOW_CTX_TASK_ID='this_way' AIRFLOW_CTX_EXECUTION_DATE='2023-06-10T00:00:00+00:00' AIRFLOW_CTX_TRY_NUMBER='1' AIRFLOW_CTX_DAG_RUN_ID='scheduled__2023-06-10T00:00:00+00:00'
[2023-09-05T15:29:08.165+0000] {logging_mixin.py:151} INFO - THIS WAY!!!
[2023-09-05T15:29:08.199+0000] {python.py:194} INFO - Done. Returned value was: None
[2023-09-05T15:29:08.314+0000] {taskinstance.py:1400} INFO - Marking task as SUCCESS. dag_id=tasks_relations, task_id=this_way, execution_date=20230610T000000, start_date=20230905T152906, end_date=20230905T152908
[2023-09-05T15:29:08.462+0000] {local_task_job_runner.py:228} INFO - Task exited with return code 0
[2023-09-05T15:29:08.519+0000] {taskinstance.py:2784} INFO - 0 downstream tasks scheduled from follow-on schedule check
[2023-09-12T17:36:21.466+0000] {taskinstance.py:1159} INFO - Dependencies all met for dep_context=non-requeueable deps ti=<TaskInstance: tasks_relations.this_way scheduled__2023-06-10T00:00:00+00:00 [queued]>
[2023-09-12T17:36:21.508+0000] {taskinstance.py:1159} INFO - Dependencies all met for dep_context=requeueable deps ti=<TaskInstance: tasks_relations.this_way scheduled__2023-06-10T00:00:00+00:00 [queued]>
[2023-09-12T17:36:21.519+0000] {taskinstance.py:1361} INFO - Starting attempt 1 of 1
[2023-09-12T17:36:21.595+0000] {taskinstance.py:1382} INFO - Executing <Task(_PythonDecoratedOperator): this_way> on 2023-06-10 00:00:00+00:00
[2023-09-12T17:36:21.612+0000] {standard_task_runner.py:57} INFO - Started process 2587 to run task
[2023-09-12T17:36:21.640+0000] {standard_task_runner.py:84} INFO - Running: ['***', 'tasks', 'run', 'tasks_relations', 'this_way', 'scheduled__2023-06-10T00:00:00+00:00', '--job-id', '1220', '--raw', '--subdir', 'DAGS_FOLDER/2_tasks_relations.py', '--cfg-path', '/tmp/tmpjuoub87u']
[2023-09-12T17:36:21.651+0000] {standard_task_runner.py:85} INFO - Job 1220: Subtask this_way
[2023-09-12T17:36:21.858+0000] {task_command.py:415} INFO - Running <TaskInstance: tasks_relations.this_way scheduled__2023-06-10T00:00:00+00:00 [running]> on host 0ab7970e0956
[2023-09-12T17:36:22.185+0000] {taskinstance.py:1660} INFO - Exporting env vars: AIRFLOW_CTX_DAG_OWNER='***' AIRFLOW_CTX_DAG_ID='tasks_relations' AIRFLOW_CTX_TASK_ID='this_way' AIRFLOW_CTX_EXECUTION_DATE='2023-06-10T00:00:00+00:00' AIRFLOW_CTX_TRY_NUMBER='1' AIRFLOW_CTX_DAG_RUN_ID='scheduled__2023-06-10T00:00:00+00:00'
[2023-09-12T17:36:22.187+0000] {logging_mixin.py:151} INFO - THIS WAY!!!
[2023-09-12T17:36:22.191+0000] {python.py:194} INFO - Done. Returned value was: None
[2023-09-12T17:36:22.212+0000] {taskinstance.py:1400} INFO - Marking task as SUCCESS. dag_id=tasks_relations, task_id=this_way, execution_date=20230610T000000, start_date=20230912T173621, end_date=20230912T173622
[2023-09-12T17:36:22.277+0000] {local_task_job_runner.py:228} INFO - Task exited with return code 0
[2023-09-12T17:36:22.342+0000] {taskinstance.py:2784} INFO - 0 downstream tasks scheduled from follow-on schedule check
