[2023-09-05T15:29:24.503+0000] {taskinstance.py:1159} INFO - Dependencies all met for dep_context=non-requeueable deps ti=<TaskInstance: tasks_relations.say_hello scheduled__2023-06-23T00:00:00+00:00 [queued]>
[2023-09-05T15:29:24.584+0000] {taskinstance.py:1159} INFO - Dependencies all met for dep_context=requeueable deps ti=<TaskInstance: tasks_relations.say_hello scheduled__2023-06-23T00:00:00+00:00 [queued]>
[2023-09-05T15:29:24.605+0000] {taskinstance.py:1361} INFO - Starting attempt 1 of 1
[2023-09-05T15:29:24.657+0000] {taskinstance.py:1382} INFO - Executing <Task(_PythonDecoratedOperator): say_hello> on 2023-06-23 00:00:00+00:00
[2023-09-05T15:29:24.699+0000] {standard_task_runner.py:57} INFO - Started process 1311 to run task
[2023-09-05T15:29:24.817+0000] {standard_task_runner.py:84} INFO - Running: ['***', 'tasks', 'run', 'tasks_relations', 'say_hello', 'scheduled__2023-06-23T00:00:00+00:00', '--job-id', '582', '--raw', '--subdir', 'DAGS_FOLDER/tasks_relations.py', '--cfg-path', '/tmp/tmpayozsqm9']
[2023-09-05T15:29:24.835+0000] {standard_task_runner.py:85} INFO - Job 582: Subtask say_hello
[2023-09-05T15:29:25.358+0000] {task_command.py:415} INFO - Running <TaskInstance: tasks_relations.say_hello scheduled__2023-06-23T00:00:00+00:00 [running]> on host ca474790e981
[2023-09-05T15:29:26.195+0000] {taskinstance.py:1660} INFO - Exporting env vars: AIRFLOW_CTX_DAG_OWNER='***' AIRFLOW_CTX_DAG_ID='tasks_relations' AIRFLOW_CTX_TASK_ID='say_hello' AIRFLOW_CTX_EXECUTION_DATE='2023-06-23T00:00:00+00:00' AIRFLOW_CTX_TRY_NUMBER='1' AIRFLOW_CTX_DAG_RUN_ID='scheduled__2023-06-23T00:00:00+00:00'
[2023-09-05T15:29:26.197+0000] {logging_mixin.py:151} INFO - hello world
[2023-09-05T15:29:26.199+0000] {python.py:194} INFO - Done. Returned value was: None
[2023-09-05T15:29:26.300+0000] {taskinstance.py:1400} INFO - Marking task as SUCCESS. dag_id=tasks_relations, task_id=say_hello, execution_date=20230623T000000, start_date=20230905T152924, end_date=20230905T152926
[2023-09-05T15:29:26.694+0000] {local_task_job_runner.py:228} INFO - Task exited with return code 0
[2023-09-05T15:29:27.006+0000] {taskinstance.py:2784} INFO - 1 downstream tasks scheduled from follow-on schedule check
[2023-09-12T17:36:37.240+0000] {taskinstance.py:1159} INFO - Dependencies all met for dep_context=non-requeueable deps ti=<TaskInstance: tasks_relations.say_hello scheduled__2023-06-23T00:00:00+00:00 [queued]>
[2023-09-12T17:36:37.293+0000] {taskinstance.py:1159} INFO - Dependencies all met for dep_context=requeueable deps ti=<TaskInstance: tasks_relations.say_hello scheduled__2023-06-23T00:00:00+00:00 [queued]>
[2023-09-12T17:36:37.314+0000] {taskinstance.py:1361} INFO - Starting attempt 1 of 1
[2023-09-12T17:36:37.387+0000] {taskinstance.py:1382} INFO - Executing <Task(_PythonDecoratedOperator): say_hello> on 2023-06-23 00:00:00+00:00
[2023-09-12T17:36:37.474+0000] {standard_task_runner.py:57} INFO - Started process 2711 to run task
[2023-09-12T17:36:37.511+0000] {standard_task_runner.py:84} INFO - Running: ['***', 'tasks', 'run', 'tasks_relations', 'say_hello', 'scheduled__2023-06-23T00:00:00+00:00', '--job-id', '1283', '--raw', '--subdir', 'DAGS_FOLDER/2_tasks_relations.py', '--cfg-path', '/tmp/tmpt285m9i8']
[2023-09-12T17:36:37.541+0000] {standard_task_runner.py:85} INFO - Job 1283: Subtask say_hello
[2023-09-12T17:36:37.930+0000] {task_command.py:415} INFO - Running <TaskInstance: tasks_relations.say_hello scheduled__2023-06-23T00:00:00+00:00 [running]> on host 0ab7970e0956
[2023-09-12T17:36:38.227+0000] {taskinstance.py:1660} INFO - Exporting env vars: AIRFLOW_CTX_DAG_OWNER='***' AIRFLOW_CTX_DAG_ID='tasks_relations' AIRFLOW_CTX_TASK_ID='say_hello' AIRFLOW_CTX_EXECUTION_DATE='2023-06-23T00:00:00+00:00' AIRFLOW_CTX_TRY_NUMBER='1' AIRFLOW_CTX_DAG_RUN_ID='scheduled__2023-06-23T00:00:00+00:00'
[2023-09-12T17:36:38.230+0000] {logging_mixin.py:151} INFO - hello world
[2023-09-12T17:36:38.231+0000] {python.py:194} INFO - Done. Returned value was: None
[2023-09-12T17:36:38.266+0000] {taskinstance.py:1400} INFO - Marking task as SUCCESS. dag_id=tasks_relations, task_id=say_hello, execution_date=20230623T000000, start_date=20230912T173637, end_date=20230912T173638
[2023-09-12T17:36:38.327+0000] {local_task_job_runner.py:228} INFO - Task exited with return code 0
[2023-09-12T17:36:38.391+0000] {taskinstance.py:2784} INFO - 1 downstream tasks scheduled from follow-on schedule check
