[2023-09-05T15:29:33.382+0000] {taskinstance.py:1159} INFO - Dependencies all met for dep_context=non-requeueable deps ti=<TaskInstance: tasks_relations.this_way scheduled__2023-06-17T00:00:00+00:00 [queued]>
[2023-09-05T15:29:33.437+0000] {taskinstance.py:1159} INFO - Dependencies all met for dep_context=requeueable deps ti=<TaskInstance: tasks_relations.this_way scheduled__2023-06-17T00:00:00+00:00 [queued]>
[2023-09-05T15:29:33.439+0000] {taskinstance.py:1361} INFO - Starting attempt 1 of 1
[2023-09-05T15:29:33.507+0000] {taskinstance.py:1382} INFO - Executing <Task(_PythonDecoratedOperator): this_way> on 2023-06-17 00:00:00+00:00
[2023-09-05T15:29:33.543+0000] {standard_task_runner.py:57} INFO - Started process 1353 to run task
[2023-09-05T15:29:33.564+0000] {standard_task_runner.py:84} INFO - Running: ['***', 'tasks', 'run', 'tasks_relations', 'this_way', 'scheduled__2023-06-17T00:00:00+00:00', '--job-id', '604', '--raw', '--subdir', 'DAGS_FOLDER/tasks_relations.py', '--cfg-path', '/tmp/tmpplkx98n7']
[2023-09-05T15:29:33.587+0000] {standard_task_runner.py:85} INFO - Job 604: Subtask this_way
[2023-09-05T15:29:34.132+0000] {task_command.py:415} INFO - Running <TaskInstance: tasks_relations.this_way scheduled__2023-06-17T00:00:00+00:00 [running]> on host ca474790e981
[2023-09-05T15:29:34.982+0000] {taskinstance.py:1660} INFO - Exporting env vars: AIRFLOW_CTX_DAG_OWNER='***' AIRFLOW_CTX_DAG_ID='tasks_relations' AIRFLOW_CTX_TASK_ID='this_way' AIRFLOW_CTX_EXECUTION_DATE='2023-06-17T00:00:00+00:00' AIRFLOW_CTX_TRY_NUMBER='1' AIRFLOW_CTX_DAG_RUN_ID='scheduled__2023-06-17T00:00:00+00:00'
[2023-09-05T15:29:35.002+0000] {logging_mixin.py:151} INFO - THIS WAY!!!
[2023-09-05T15:29:35.007+0000] {python.py:194} INFO - Done. Returned value was: None
[2023-09-05T15:29:35.098+0000] {taskinstance.py:1400} INFO - Marking task as SUCCESS. dag_id=tasks_relations, task_id=this_way, execution_date=20230617T000000, start_date=20230905T152933, end_date=20230905T152935
[2023-09-05T15:29:35.197+0000] {local_task_job_runner.py:228} INFO - Task exited with return code 0
[2023-09-05T15:29:35.307+0000] {taskinstance.py:2784} INFO - 0 downstream tasks scheduled from follow-on schedule check
[2023-09-12T17:36:40.441+0000] {taskinstance.py:1159} INFO - Dependencies all met for dep_context=non-requeueable deps ti=<TaskInstance: tasks_relations.this_way scheduled__2023-06-17T00:00:00+00:00 [queued]>
[2023-09-12T17:36:40.496+0000] {taskinstance.py:1159} INFO - Dependencies all met for dep_context=requeueable deps ti=<TaskInstance: tasks_relations.this_way scheduled__2023-06-17T00:00:00+00:00 [queued]>
[2023-09-12T17:36:40.500+0000] {taskinstance.py:1361} INFO - Starting attempt 1 of 1
[2023-09-12T17:36:40.554+0000] {taskinstance.py:1382} INFO - Executing <Task(_PythonDecoratedOperator): this_way> on 2023-06-17 00:00:00+00:00
[2023-09-12T17:36:40.597+0000] {standard_task_runner.py:57} INFO - Started process 2757 to run task
[2023-09-12T17:36:40.639+0000] {standard_task_runner.py:84} INFO - Running: ['***', 'tasks', 'run', 'tasks_relations', 'this_way', 'scheduled__2023-06-17T00:00:00+00:00', '--job-id', '1303', '--raw', '--subdir', 'DAGS_FOLDER/2_tasks_relations.py', '--cfg-path', '/tmp/tmptc9xrnjm']
[2023-09-12T17:36:40.645+0000] {standard_task_runner.py:85} INFO - Job 1303: Subtask this_way
[2023-09-12T17:36:40.939+0000] {task_command.py:415} INFO - Running <TaskInstance: tasks_relations.this_way scheduled__2023-06-17T00:00:00+00:00 [running]> on host 0ab7970e0956
[2023-09-12T17:36:41.308+0000] {taskinstance.py:1660} INFO - Exporting env vars: AIRFLOW_CTX_DAG_OWNER='***' AIRFLOW_CTX_DAG_ID='tasks_relations' AIRFLOW_CTX_TASK_ID='this_way' AIRFLOW_CTX_EXECUTION_DATE='2023-06-17T00:00:00+00:00' AIRFLOW_CTX_TRY_NUMBER='1' AIRFLOW_CTX_DAG_RUN_ID='scheduled__2023-06-17T00:00:00+00:00'
[2023-09-12T17:36:41.314+0000] {logging_mixin.py:151} INFO - THIS WAY!!!
[2023-09-12T17:36:41.316+0000] {python.py:194} INFO - Done. Returned value was: None
[2023-09-12T17:36:41.352+0000] {taskinstance.py:1400} INFO - Marking task as SUCCESS. dag_id=tasks_relations, task_id=this_way, execution_date=20230617T000000, start_date=20230912T173640, end_date=20230912T173641
[2023-09-12T17:36:41.555+0000] {local_task_job_runner.py:228} INFO - Task exited with return code 0
[2023-09-12T17:36:41.617+0000] {taskinstance.py:2784} INFO - 1 downstream tasks scheduled from follow-on schedule check
