[2023-09-05T15:30:03.852+0000] {taskinstance.py:1159} INFO - Dependencies all met for dep_context=non-requeueable deps ti=<TaskInstance: tasks_relations.this_way scheduled__2023-07-04T00:00:00+00:00 [queued]>
[2023-09-05T15:30:03.888+0000] {taskinstance.py:1159} INFO - Dependencies all met for dep_context=requeueable deps ti=<TaskInstance: tasks_relations.this_way scheduled__2023-07-04T00:00:00+00:00 [queued]>
[2023-09-05T15:30:03.889+0000] {taskinstance.py:1361} INFO - Starting attempt 1 of 1
[2023-09-05T15:30:03.951+0000] {taskinstance.py:1382} INFO - Executing <Task(_PythonDecoratedOperator): this_way> on 2023-07-04 00:00:00+00:00
[2023-09-05T15:30:03.969+0000] {standard_task_runner.py:57} INFO - Started process 1523 to run task
[2023-09-05T15:30:04.019+0000] {standard_task_runner.py:84} INFO - Running: ['***', 'tasks', 'run', 'tasks_relations', 'this_way', 'scheduled__2023-07-04T00:00:00+00:00', '--job-id', '684', '--raw', '--subdir', 'DAGS_FOLDER/tasks_relations.py', '--cfg-path', '/tmp/tmpti0_k5s8']
[2023-09-05T15:30:04.034+0000] {standard_task_runner.py:85} INFO - Job 684: Subtask this_way
[2023-09-05T15:30:04.211+0000] {task_command.py:415} INFO - Running <TaskInstance: tasks_relations.this_way scheduled__2023-07-04T00:00:00+00:00 [running]> on host ca474790e981
[2023-09-05T15:30:04.877+0000] {taskinstance.py:1660} INFO - Exporting env vars: AIRFLOW_CTX_DAG_OWNER='***' AIRFLOW_CTX_DAG_ID='tasks_relations' AIRFLOW_CTX_TASK_ID='this_way' AIRFLOW_CTX_EXECUTION_DATE='2023-07-04T00:00:00+00:00' AIRFLOW_CTX_TRY_NUMBER='1' AIRFLOW_CTX_DAG_RUN_ID='scheduled__2023-07-04T00:00:00+00:00'
[2023-09-05T15:30:04.942+0000] {logging_mixin.py:151} INFO - THIS WAY!!!
[2023-09-05T15:30:04.954+0000] {python.py:194} INFO - Done. Returned value was: None
[2023-09-05T15:30:05.133+0000] {taskinstance.py:1400} INFO - Marking task as SUCCESS. dag_id=tasks_relations, task_id=this_way, execution_date=20230704T000000, start_date=20230905T153003, end_date=20230905T153005
[2023-09-05T15:30:05.348+0000] {local_task_job_runner.py:228} INFO - Task exited with return code 0
[2023-09-05T15:30:05.415+0000] {taskinstance.py:2784} INFO - 0 downstream tasks scheduled from follow-on schedule check
[2023-09-12T17:36:56.667+0000] {taskinstance.py:1159} INFO - Dependencies all met for dep_context=non-requeueable deps ti=<TaskInstance: tasks_relations.this_way scheduled__2023-07-04T00:00:00+00:00 [queued]>
[2023-09-12T17:36:56.696+0000] {taskinstance.py:1159} INFO - Dependencies all met for dep_context=requeueable deps ti=<TaskInstance: tasks_relations.this_way scheduled__2023-07-04T00:00:00+00:00 [queued]>
[2023-09-12T17:36:56.699+0000] {taskinstance.py:1361} INFO - Starting attempt 1 of 1
[2023-09-12T17:36:56.719+0000] {taskinstance.py:1382} INFO - Executing <Task(_PythonDecoratedOperator): this_way> on 2023-07-04 00:00:00+00:00
[2023-09-12T17:36:56.735+0000] {standard_task_runner.py:57} INFO - Started process 2946 to run task
[2023-09-12T17:36:56.742+0000] {standard_task_runner.py:84} INFO - Running: ['***', 'tasks', 'run', 'tasks_relations', 'this_way', 'scheduled__2023-07-04T00:00:00+00:00', '--job-id', '1397', '--raw', '--subdir', 'DAGS_FOLDER/2_tasks_relations.py', '--cfg-path', '/tmp/tmpz4br6uc8']
[2023-09-12T17:36:56.745+0000] {standard_task_runner.py:85} INFO - Job 1397: Subtask this_way
[2023-09-12T17:36:56.855+0000] {task_command.py:415} INFO - Running <TaskInstance: tasks_relations.this_way scheduled__2023-07-04T00:00:00+00:00 [running]> on host 0ab7970e0956
[2023-09-12T17:36:57.015+0000] {taskinstance.py:1660} INFO - Exporting env vars: AIRFLOW_CTX_DAG_OWNER='***' AIRFLOW_CTX_DAG_ID='tasks_relations' AIRFLOW_CTX_TASK_ID='this_way' AIRFLOW_CTX_EXECUTION_DATE='2023-07-04T00:00:00+00:00' AIRFLOW_CTX_TRY_NUMBER='1' AIRFLOW_CTX_DAG_RUN_ID='scheduled__2023-07-04T00:00:00+00:00'
[2023-09-12T17:36:57.019+0000] {logging_mixin.py:151} INFO - THIS WAY!!!
[2023-09-12T17:36:57.026+0000] {python.py:194} INFO - Done. Returned value was: None
[2023-09-12T17:36:57.045+0000] {taskinstance.py:1400} INFO - Marking task as SUCCESS. dag_id=tasks_relations, task_id=this_way, execution_date=20230704T000000, start_date=20230912T173656, end_date=20230912T173657
[2023-09-12T17:36:57.078+0000] {local_task_job_runner.py:228} INFO - Task exited with return code 0
[2023-09-12T17:36:57.119+0000] {taskinstance.py:2784} INFO - 0 downstream tasks scheduled from follow-on schedule check
