[2023-09-05T15:30:12.872+0000] {taskinstance.py:1159} INFO - Dependencies all met for dep_context=non-requeueable deps ti=<TaskInstance: tasks_relations.or_that_way scheduled__2023-07-16T00:00:00+00:00 [queued]>
[2023-09-05T15:30:12.884+0000] {taskinstance.py:1159} INFO - Dependencies all met for dep_context=requeueable deps ti=<TaskInstance: tasks_relations.or_that_way scheduled__2023-07-16T00:00:00+00:00 [queued]>
[2023-09-05T15:30:12.885+0000] {taskinstance.py:1361} INFO - Starting attempt 1 of 1
[2023-09-05T15:30:12.910+0000] {taskinstance.py:1382} INFO - Executing <Task(_PythonDecoratedOperator): or_that_way> on 2023-07-16 00:00:00+00:00
[2023-09-05T15:30:12.927+0000] {standard_task_runner.py:57} INFO - Started process 1579 to run task
[2023-09-05T15:30:12.934+0000] {standard_task_runner.py:84} INFO - Running: ['***', 'tasks', 'run', 'tasks_relations', 'or_that_way', 'scheduled__2023-07-16T00:00:00+00:00', '--job-id', '717', '--raw', '--subdir', 'DAGS_FOLDER/tasks_relations.py', '--cfg-path', '/tmp/tmpu2upiavj']
[2023-09-05T15:30:12.950+0000] {standard_task_runner.py:85} INFO - Job 717: Subtask or_that_way
[2023-09-05T15:30:13.115+0000] {task_command.py:415} INFO - Running <TaskInstance: tasks_relations.or_that_way scheduled__2023-07-16T00:00:00+00:00 [running]> on host ca474790e981
[2023-09-05T15:30:13.253+0000] {taskinstance.py:1660} INFO - Exporting env vars: AIRFLOW_CTX_DAG_OWNER='***' AIRFLOW_CTX_DAG_ID='tasks_relations' AIRFLOW_CTX_TASK_ID='or_that_way' AIRFLOW_CTX_EXECUTION_DATE='2023-07-16T00:00:00+00:00' AIRFLOW_CTX_TRY_NUMBER='1' AIRFLOW_CTX_DAG_RUN_ID='scheduled__2023-07-16T00:00:00+00:00'
[2023-09-05T15:30:13.255+0000] {logging_mixin.py:151} INFO - NO NO, THAT WAY WAY!!!
[2023-09-05T15:30:13.256+0000] {python.py:194} INFO - Done. Returned value was: None
[2023-09-05T15:30:13.277+0000] {taskinstance.py:1400} INFO - Marking task as SUCCESS. dag_id=tasks_relations, task_id=or_that_way, execution_date=20230716T000000, start_date=20230905T153012, end_date=20230905T153013
[2023-09-05T15:30:13.325+0000] {local_task_job_runner.py:228} INFO - Task exited with return code 0
[2023-09-05T15:30:13.391+0000] {taskinstance.py:2784} INFO - 0 downstream tasks scheduled from follow-on schedule check
[2023-09-12T17:37:08.702+0000] {taskinstance.py:1159} INFO - Dependencies all met for dep_context=non-requeueable deps ti=<TaskInstance: tasks_relations.or_that_way scheduled__2023-07-16T00:00:00+00:00 [queued]>
[2023-09-12T17:37:08.739+0000] {taskinstance.py:1159} INFO - Dependencies all met for dep_context=requeueable deps ti=<TaskInstance: tasks_relations.or_that_way scheduled__2023-07-16T00:00:00+00:00 [queued]>
[2023-09-12T17:37:08.741+0000] {taskinstance.py:1361} INFO - Starting attempt 1 of 1
[2023-09-12T17:37:08.834+0000] {taskinstance.py:1382} INFO - Executing <Task(_PythonDecoratedOperator): or_that_way> on 2023-07-16 00:00:00+00:00
[2023-09-12T17:37:08.842+0000] {standard_task_runner.py:57} INFO - Started process 3091 to run task
[2023-09-12T17:37:08.878+0000] {standard_task_runner.py:84} INFO - Running: ['***', 'tasks', 'run', 'tasks_relations', 'or_that_way', 'scheduled__2023-07-16T00:00:00+00:00', '--job-id', '1464', '--raw', '--subdir', 'DAGS_FOLDER/2_tasks_relations.py', '--cfg-path', '/tmp/tmpi7asl2uy']
[2023-09-12T17:37:08.887+0000] {standard_task_runner.py:85} INFO - Job 1464: Subtask or_that_way
[2023-09-12T17:37:09.048+0000] {task_command.py:415} INFO - Running <TaskInstance: tasks_relations.or_that_way scheduled__2023-07-16T00:00:00+00:00 [running]> on host 0ab7970e0956
[2023-09-12T17:37:09.326+0000] {taskinstance.py:1660} INFO - Exporting env vars: AIRFLOW_CTX_DAG_OWNER='***' AIRFLOW_CTX_DAG_ID='tasks_relations' AIRFLOW_CTX_TASK_ID='or_that_way' AIRFLOW_CTX_EXECUTION_DATE='2023-07-16T00:00:00+00:00' AIRFLOW_CTX_TRY_NUMBER='1' AIRFLOW_CTX_DAG_RUN_ID='scheduled__2023-07-16T00:00:00+00:00'
[2023-09-12T17:37:09.345+0000] {logging_mixin.py:151} INFO - NO NO, THAT WAY WAY!!!
[2023-09-12T17:37:09.352+0000] {python.py:194} INFO - Done. Returned value was: None
[2023-09-12T17:37:09.396+0000] {taskinstance.py:1400} INFO - Marking task as SUCCESS. dag_id=tasks_relations, task_id=or_that_way, execution_date=20230716T000000, start_date=20230912T173708, end_date=20230912T173709
[2023-09-12T17:37:09.478+0000] {local_task_job_runner.py:228} INFO - Task exited with return code 0
[2023-09-12T17:37:09.535+0000] {taskinstance.py:2784} INFO - 0 downstream tasks scheduled from follow-on schedule check
