[2023-09-05T15:27:52.884+0000] {taskinstance.py:1159} INFO - Dependencies all met for dep_context=non-requeueable deps ti=<TaskInstance: tasks_relations.say_bye scheduled__2023-05-23T00:00:00+00:00 [queued]>
[2023-09-05T15:27:52.959+0000] {taskinstance.py:1159} INFO - Dependencies all met for dep_context=requeueable deps ti=<TaskInstance: tasks_relations.say_bye scheduled__2023-05-23T00:00:00+00:00 [queued]>
[2023-09-05T15:27:53.087+0000] {taskinstance.py:1361} INFO - Starting attempt 1 of 1
[2023-09-05T15:27:53.345+0000] {taskinstance.py:1382} INFO - Executing <Task(_PythonDecoratedOperator): say_bye> on 2023-05-23 00:00:00+00:00
[2023-09-05T15:27:53.456+0000] {standard_task_runner.py:57} INFO - Started process 989 to run task
[2023-09-05T15:27:53.552+0000] {standard_task_runner.py:84} INFO - Running: ['***', 'tasks', 'run', 'tasks_relations', 'say_bye', 'scheduled__2023-05-23T00:00:00+00:00', '--job-id', '432', '--raw', '--subdir', 'DAGS_FOLDER/tasks_relations.py', '--cfg-path', '/tmp/tmp1w2kfcwy']
[2023-09-05T15:27:53.642+0000] {standard_task_runner.py:85} INFO - Job 432: Subtask say_bye
[2023-09-05T15:27:54.317+0000] {task_command.py:415} INFO - Running <TaskInstance: tasks_relations.say_bye scheduled__2023-05-23T00:00:00+00:00 [running]> on host ca474790e981
[2023-09-05T15:27:55.195+0000] {taskinstance.py:1660} INFO - Exporting env vars: AIRFLOW_CTX_DAG_OWNER='***' AIRFLOW_CTX_DAG_ID='tasks_relations' AIRFLOW_CTX_TASK_ID='say_bye' AIRFLOW_CTX_EXECUTION_DATE='2023-05-23T00:00:00+00:00' AIRFLOW_CTX_TRY_NUMBER='1' AIRFLOW_CTX_DAG_RUN_ID='scheduled__2023-05-23T00:00:00+00:00'
[2023-09-05T15:27:55.208+0000] {logging_mixin.py:151} INFO - goodbye world
[2023-09-05T15:27:55.215+0000] {python.py:194} INFO - Done. Returned value was: None
[2023-09-05T15:27:55.463+0000] {taskinstance.py:1400} INFO - Marking task as SUCCESS. dag_id=tasks_relations, task_id=say_bye, execution_date=20230523T000000, start_date=20230905T152752, end_date=20230905T152755
[2023-09-05T15:27:55.778+0000] {local_task_job_runner.py:228} INFO - Task exited with return code 0
[2023-09-05T15:27:55.938+0000] {taskinstance.py:2784} INFO - 2 downstream tasks scheduled from follow-on schedule check
[2023-09-12T17:36:03.354+0000] {taskinstance.py:1159} INFO - Dependencies all met for dep_context=non-requeueable deps ti=<TaskInstance: tasks_relations.say_bye scheduled__2023-05-23T00:00:00+00:00 [queued]>
[2023-09-12T17:36:03.412+0000] {taskinstance.py:1159} INFO - Dependencies all met for dep_context=requeueable deps ti=<TaskInstance: tasks_relations.say_bye scheduled__2023-05-23T00:00:00+00:00 [queued]>
[2023-09-12T17:36:03.417+0000] {taskinstance.py:1361} INFO - Starting attempt 1 of 1
[2023-09-12T17:36:03.461+0000] {taskinstance.py:1382} INFO - Executing <Task(_PythonDecoratedOperator): say_bye> on 2023-05-23 00:00:00+00:00
[2023-09-12T17:36:03.479+0000] {standard_task_runner.py:57} INFO - Started process 2348 to run task
[2023-09-12T17:36:03.498+0000] {standard_task_runner.py:84} INFO - Running: ['***', 'tasks', 'run', 'tasks_relations', 'say_bye', 'scheduled__2023-05-23T00:00:00+00:00', '--job-id', '1110', '--raw', '--subdir', 'DAGS_FOLDER/2_tasks_relations.py', '--cfg-path', '/tmp/tmp0suq78hh']
[2023-09-12T17:36:03.513+0000] {standard_task_runner.py:85} INFO - Job 1110: Subtask say_bye
[2023-09-12T17:36:03.718+0000] {task_command.py:415} INFO - Running <TaskInstance: tasks_relations.say_bye scheduled__2023-05-23T00:00:00+00:00 [running]> on host 0ab7970e0956
[2023-09-12T17:36:03.974+0000] {taskinstance.py:1660} INFO - Exporting env vars: AIRFLOW_CTX_DAG_OWNER='***' AIRFLOW_CTX_DAG_ID='tasks_relations' AIRFLOW_CTX_TASK_ID='say_bye' AIRFLOW_CTX_EXECUTION_DATE='2023-05-23T00:00:00+00:00' AIRFLOW_CTX_TRY_NUMBER='1' AIRFLOW_CTX_DAG_RUN_ID='scheduled__2023-05-23T00:00:00+00:00'
[2023-09-12T17:36:03.979+0000] {logging_mixin.py:151} INFO - goodbye world
[2023-09-12T17:36:04.012+0000] {python.py:194} INFO - Done. Returned value was: None
[2023-09-12T17:36:04.043+0000] {taskinstance.py:1400} INFO - Marking task as SUCCESS. dag_id=tasks_relations, task_id=say_bye, execution_date=20230523T000000, start_date=20230912T173603, end_date=20230912T173604
[2023-09-12T17:36:04.156+0000] {local_task_job_runner.py:228} INFO - Task exited with return code 0
[2023-09-12T17:36:04.190+0000] {taskinstance.py:2784} INFO - 2 downstream tasks scheduled from follow-on schedule check
