[2023-09-05T15:29:37.769+0000] {taskinstance.py:1159} INFO - Dependencies all met for dep_context=non-requeueable deps ti=<TaskInstance: tasks_relations.say_bye scheduled__2023-06-29T00:00:00+00:00 [queued]>
[2023-09-05T15:29:37.846+0000] {taskinstance.py:1159} INFO - Dependencies all met for dep_context=requeueable deps ti=<TaskInstance: tasks_relations.say_bye scheduled__2023-06-29T00:00:00+00:00 [queued]>
[2023-09-05T15:29:37.851+0000] {taskinstance.py:1361} INFO - Starting attempt 1 of 1
[2023-09-05T15:29:37.975+0000] {taskinstance.py:1382} INFO - Executing <Task(_PythonDecoratedOperator): say_bye> on 2023-06-29 00:00:00+00:00
[2023-09-05T15:29:38.022+0000] {standard_task_runner.py:57} INFO - Started process 1373 to run task
[2023-09-05T15:29:38.106+0000] {standard_task_runner.py:84} INFO - Running: ['***', 'tasks', 'run', 'tasks_relations', 'say_bye', 'scheduled__2023-06-29T00:00:00+00:00', '--job-id', '613', '--raw', '--subdir', 'DAGS_FOLDER/tasks_relations.py', '--cfg-path', '/tmp/tmptgb8lz4s']
[2023-09-05T15:29:38.130+0000] {standard_task_runner.py:85} INFO - Job 613: Subtask say_bye
[2023-09-05T15:29:38.563+0000] {task_command.py:415} INFO - Running <TaskInstance: tasks_relations.say_bye scheduled__2023-06-29T00:00:00+00:00 [running]> on host ca474790e981
[2023-09-05T15:29:39.372+0000] {taskinstance.py:1660} INFO - Exporting env vars: AIRFLOW_CTX_DAG_OWNER='***' AIRFLOW_CTX_DAG_ID='tasks_relations' AIRFLOW_CTX_TASK_ID='say_bye' AIRFLOW_CTX_EXECUTION_DATE='2023-06-29T00:00:00+00:00' AIRFLOW_CTX_TRY_NUMBER='1' AIRFLOW_CTX_DAG_RUN_ID='scheduled__2023-06-29T00:00:00+00:00'
[2023-09-05T15:29:39.378+0000] {logging_mixin.py:151} INFO - goodbye world
[2023-09-05T15:29:39.380+0000] {python.py:194} INFO - Done. Returned value was: None
[2023-09-05T15:29:39.403+0000] {taskinstance.py:1400} INFO - Marking task as SUCCESS. dag_id=tasks_relations, task_id=say_bye, execution_date=20230629T000000, start_date=20230905T152937, end_date=20230905T152939
[2023-09-05T15:29:39.550+0000] {local_task_job_runner.py:228} INFO - Task exited with return code 0
[2023-09-05T15:29:39.728+0000] {taskinstance.py:2784} INFO - 2 downstream tasks scheduled from follow-on schedule check
[2023-09-12T17:36:51.154+0000] {taskinstance.py:1159} INFO - Dependencies all met for dep_context=non-requeueable deps ti=<TaskInstance: tasks_relations.say_bye scheduled__2023-06-29T00:00:00+00:00 [queued]>
[2023-09-12T17:36:51.190+0000] {taskinstance.py:1159} INFO - Dependencies all met for dep_context=requeueable deps ti=<TaskInstance: tasks_relations.say_bye scheduled__2023-06-29T00:00:00+00:00 [queued]>
[2023-09-12T17:36:51.197+0000] {taskinstance.py:1361} INFO - Starting attempt 1 of 1
[2023-09-12T17:36:51.227+0000] {taskinstance.py:1382} INFO - Executing <Task(_PythonDecoratedOperator): say_bye> on 2023-06-29 00:00:00+00:00
[2023-09-12T17:36:51.257+0000] {standard_task_runner.py:57} INFO - Started process 2874 to run task
[2023-09-12T17:36:51.277+0000] {standard_task_runner.py:84} INFO - Running: ['***', 'tasks', 'run', 'tasks_relations', 'say_bye', 'scheduled__2023-06-29T00:00:00+00:00', '--job-id', '1359', '--raw', '--subdir', 'DAGS_FOLDER/2_tasks_relations.py', '--cfg-path', '/tmp/tmp4zfmu2c1']
[2023-09-12T17:36:51.288+0000] {standard_task_runner.py:85} INFO - Job 1359: Subtask say_bye
[2023-09-12T17:36:51.445+0000] {task_command.py:415} INFO - Running <TaskInstance: tasks_relations.say_bye scheduled__2023-06-29T00:00:00+00:00 [running]> on host 0ab7970e0956
[2023-09-12T17:36:51.662+0000] {taskinstance.py:1660} INFO - Exporting env vars: AIRFLOW_CTX_DAG_OWNER='***' AIRFLOW_CTX_DAG_ID='tasks_relations' AIRFLOW_CTX_TASK_ID='say_bye' AIRFLOW_CTX_EXECUTION_DATE='2023-06-29T00:00:00+00:00' AIRFLOW_CTX_TRY_NUMBER='1' AIRFLOW_CTX_DAG_RUN_ID='scheduled__2023-06-29T00:00:00+00:00'
[2023-09-12T17:36:51.666+0000] {logging_mixin.py:151} INFO - goodbye world
[2023-09-12T17:36:51.667+0000] {python.py:194} INFO - Done. Returned value was: None
[2023-09-12T17:36:51.689+0000] {taskinstance.py:1400} INFO - Marking task as SUCCESS. dag_id=tasks_relations, task_id=say_bye, execution_date=20230629T000000, start_date=20230912T173651, end_date=20230912T173651
[2023-09-12T17:36:51.768+0000] {local_task_job_runner.py:228} INFO - Task exited with return code 0
[2023-09-12T17:36:51.827+0000] {taskinstance.py:2784} INFO - 2 downstream tasks scheduled from follow-on schedule check
