[2023-09-05T15:28:55.609+0000] {taskinstance.py:1159} INFO - Dependencies all met for dep_context=non-requeueable deps ti=<TaskInstance: tasks_relations.say_bye scheduled__2023-06-06T00:00:00+00:00 [queued]>
[2023-09-05T15:28:55.706+0000] {taskinstance.py:1159} INFO - Dependencies all met for dep_context=requeueable deps ti=<TaskInstance: tasks_relations.say_bye scheduled__2023-06-06T00:00:00+00:00 [queued]>
[2023-09-05T15:28:55.745+0000] {taskinstance.py:1361} INFO - Starting attempt 1 of 1
[2023-09-05T15:28:55.967+0000] {taskinstance.py:1382} INFO - Executing <Task(_PythonDecoratedOperator): say_bye> on 2023-06-06 00:00:00+00:00
[2023-09-05T15:28:56.006+0000] {standard_task_runner.py:57} INFO - Started process 1180 to run task
[2023-09-05T15:28:56.062+0000] {standard_task_runner.py:84} INFO - Running: ['***', 'tasks', 'run', 'tasks_relations', 'say_bye', 'scheduled__2023-06-06T00:00:00+00:00', '--job-id', '524', '--raw', '--subdir', 'DAGS_FOLDER/tasks_relations.py', '--cfg-path', '/tmp/tmpvh_njwjj']
[2023-09-05T15:28:56.156+0000] {standard_task_runner.py:85} INFO - Job 524: Subtask say_bye
[2023-09-05T15:28:56.626+0000] {task_command.py:415} INFO - Running <TaskInstance: tasks_relations.say_bye scheduled__2023-06-06T00:00:00+00:00 [running]> on host ca474790e981
[2023-09-05T15:28:57.301+0000] {taskinstance.py:1660} INFO - Exporting env vars: AIRFLOW_CTX_DAG_OWNER='***' AIRFLOW_CTX_DAG_ID='tasks_relations' AIRFLOW_CTX_TASK_ID='say_bye' AIRFLOW_CTX_EXECUTION_DATE='2023-06-06T00:00:00+00:00' AIRFLOW_CTX_TRY_NUMBER='1' AIRFLOW_CTX_DAG_RUN_ID='scheduled__2023-06-06T00:00:00+00:00'
[2023-09-05T15:28:57.308+0000] {logging_mixin.py:151} INFO - goodbye world
[2023-09-05T15:28:57.320+0000] {python.py:194} INFO - Done. Returned value was: None
[2023-09-05T15:28:57.371+0000] {taskinstance.py:1400} INFO - Marking task as SUCCESS. dag_id=tasks_relations, task_id=say_bye, execution_date=20230606T000000, start_date=20230905T152855, end_date=20230905T152857
[2023-09-05T15:28:57.781+0000] {local_task_job_runner.py:228} INFO - Task exited with return code 0
[2023-09-05T15:28:58.191+0000] {taskinstance.py:2784} INFO - 0 downstream tasks scheduled from follow-on schedule check
[2023-09-12T17:36:17.680+0000] {taskinstance.py:1159} INFO - Dependencies all met for dep_context=non-requeueable deps ti=<TaskInstance: tasks_relations.say_bye scheduled__2023-06-06T00:00:00+00:00 [queued]>
[2023-09-12T17:36:17.722+0000] {taskinstance.py:1159} INFO - Dependencies all met for dep_context=requeueable deps ti=<TaskInstance: tasks_relations.say_bye scheduled__2023-06-06T00:00:00+00:00 [queued]>
[2023-09-12T17:36:17.735+0000] {taskinstance.py:1361} INFO - Starting attempt 1 of 1
[2023-09-12T17:36:17.798+0000] {taskinstance.py:1382} INFO - Executing <Task(_PythonDecoratedOperator): say_bye> on 2023-06-06 00:00:00+00:00
[2023-09-12T17:36:17.821+0000] {standard_task_runner.py:57} INFO - Started process 2535 to run task
[2023-09-12T17:36:17.843+0000] {standard_task_runner.py:84} INFO - Running: ['***', 'tasks', 'run', 'tasks_relations', 'say_bye', 'scheduled__2023-06-06T00:00:00+00:00', '--job-id', '1194', '--raw', '--subdir', 'DAGS_FOLDER/2_tasks_relations.py', '--cfg-path', '/tmp/tmp5kpryq9x']
[2023-09-12T17:36:17.846+0000] {standard_task_runner.py:85} INFO - Job 1194: Subtask say_bye
[2023-09-12T17:36:18.005+0000] {task_command.py:415} INFO - Running <TaskInstance: tasks_relations.say_bye scheduled__2023-06-06T00:00:00+00:00 [running]> on host 0ab7970e0956
[2023-09-12T17:36:18.263+0000] {taskinstance.py:1660} INFO - Exporting env vars: AIRFLOW_CTX_DAG_OWNER='***' AIRFLOW_CTX_DAG_ID='tasks_relations' AIRFLOW_CTX_TASK_ID='say_bye' AIRFLOW_CTX_EXECUTION_DATE='2023-06-06T00:00:00+00:00' AIRFLOW_CTX_TRY_NUMBER='1' AIRFLOW_CTX_DAG_RUN_ID='scheduled__2023-06-06T00:00:00+00:00'
[2023-09-12T17:36:18.272+0000] {logging_mixin.py:151} INFO - goodbye world
[2023-09-12T17:36:18.278+0000] {python.py:194} INFO - Done. Returned value was: None
[2023-09-12T17:36:18.302+0000] {taskinstance.py:1400} INFO - Marking task as SUCCESS. dag_id=tasks_relations, task_id=say_bye, execution_date=20230606T000000, start_date=20230912T173617, end_date=20230912T173618
[2023-09-12T17:36:18.375+0000] {local_task_job_runner.py:228} INFO - Task exited with return code 0
[2023-09-12T17:36:18.485+0000] {taskinstance.py:2784} INFO - 2 downstream tasks scheduled from follow-on schedule check
