[2023-09-05T15:29:23.154+0000] {taskinstance.py:1159} INFO - Dependencies all met for dep_context=non-requeueable deps ti=<TaskInstance: tasks_relations.say_bye scheduled__2023-06-17T00:00:00+00:00 [queued]>
[2023-09-05T15:29:23.186+0000] {taskinstance.py:1159} INFO - Dependencies all met for dep_context=requeueable deps ti=<TaskInstance: tasks_relations.say_bye scheduled__2023-06-17T00:00:00+00:00 [queued]>
[2023-09-05T15:29:23.194+0000] {taskinstance.py:1361} INFO - Starting attempt 1 of 1
[2023-09-05T15:29:23.290+0000] {taskinstance.py:1382} INFO - Executing <Task(_PythonDecoratedOperator): say_bye> on 2023-06-17 00:00:00+00:00
[2023-09-05T15:29:23.315+0000] {standard_task_runner.py:57} INFO - Started process 1304 to run task
[2023-09-05T15:29:23.382+0000] {standard_task_runner.py:84} INFO - Running: ['***', 'tasks', 'run', 'tasks_relations', 'say_bye', 'scheduled__2023-06-17T00:00:00+00:00', '--job-id', '579', '--raw', '--subdir', 'DAGS_FOLDER/tasks_relations.py', '--cfg-path', '/tmp/tmp6_bbq7sy']
[2023-09-05T15:29:23.413+0000] {standard_task_runner.py:85} INFO - Job 579: Subtask say_bye
[2023-09-05T15:29:23.843+0000] {task_command.py:415} INFO - Running <TaskInstance: tasks_relations.say_bye scheduled__2023-06-17T00:00:00+00:00 [running]> on host ca474790e981
[2023-09-05T15:29:24.479+0000] {taskinstance.py:1660} INFO - Exporting env vars: AIRFLOW_CTX_DAG_OWNER='***' AIRFLOW_CTX_DAG_ID='tasks_relations' AIRFLOW_CTX_TASK_ID='say_bye' AIRFLOW_CTX_EXECUTION_DATE='2023-06-17T00:00:00+00:00' AIRFLOW_CTX_TRY_NUMBER='1' AIRFLOW_CTX_DAG_RUN_ID='scheduled__2023-06-17T00:00:00+00:00'
[2023-09-05T15:29:24.487+0000] {logging_mixin.py:151} INFO - goodbye world
[2023-09-05T15:29:24.488+0000] {python.py:194} INFO - Done. Returned value was: None
[2023-09-05T15:29:24.581+0000] {taskinstance.py:1400} INFO - Marking task as SUCCESS. dag_id=tasks_relations, task_id=say_bye, execution_date=20230617T000000, start_date=20230905T152923, end_date=20230905T152924
[2023-09-05T15:29:24.796+0000] {local_task_job_runner.py:228} INFO - Task exited with return code 0
[2023-09-05T15:29:25.080+0000] {taskinstance.py:2784} INFO - 0 downstream tasks scheduled from follow-on schedule check
[2023-09-12T17:36:35.038+0000] {taskinstance.py:1159} INFO - Dependencies all met for dep_context=non-requeueable deps ti=<TaskInstance: tasks_relations.say_bye scheduled__2023-06-17T00:00:00+00:00 [queued]>
[2023-09-12T17:36:35.089+0000] {taskinstance.py:1159} INFO - Dependencies all met for dep_context=requeueable deps ti=<TaskInstance: tasks_relations.say_bye scheduled__2023-06-17T00:00:00+00:00 [queued]>
[2023-09-12T17:36:35.090+0000] {taskinstance.py:1361} INFO - Starting attempt 1 of 1
[2023-09-12T17:36:35.114+0000] {taskinstance.py:1382} INFO - Executing <Task(_PythonDecoratedOperator): say_bye> on 2023-06-17 00:00:00+00:00
[2023-09-12T17:36:35.143+0000] {standard_task_runner.py:57} INFO - Started process 2684 to run task
[2023-09-12T17:36:35.151+0000] {standard_task_runner.py:84} INFO - Running: ['***', 'tasks', 'run', 'tasks_relations', 'say_bye', 'scheduled__2023-06-17T00:00:00+00:00', '--job-id', '1272', '--raw', '--subdir', 'DAGS_FOLDER/2_tasks_relations.py', '--cfg-path', '/tmp/tmpzdm2awa2']
[2023-09-12T17:36:35.154+0000] {standard_task_runner.py:85} INFO - Job 1272: Subtask say_bye
[2023-09-12T17:36:35.237+0000] {task_command.py:415} INFO - Running <TaskInstance: tasks_relations.say_bye scheduled__2023-06-17T00:00:00+00:00 [running]> on host 0ab7970e0956
[2023-09-12T17:36:35.598+0000] {taskinstance.py:1660} INFO - Exporting env vars: AIRFLOW_CTX_DAG_OWNER='***' AIRFLOW_CTX_DAG_ID='tasks_relations' AIRFLOW_CTX_TASK_ID='say_bye' AIRFLOW_CTX_EXECUTION_DATE='2023-06-17T00:00:00+00:00' AIRFLOW_CTX_TRY_NUMBER='1' AIRFLOW_CTX_DAG_RUN_ID='scheduled__2023-06-17T00:00:00+00:00'
[2023-09-12T17:36:35.603+0000] {logging_mixin.py:151} INFO - goodbye world
[2023-09-12T17:36:35.605+0000] {python.py:194} INFO - Done. Returned value was: None
[2023-09-12T17:36:35.652+0000] {taskinstance.py:1400} INFO - Marking task as SUCCESS. dag_id=tasks_relations, task_id=say_bye, execution_date=20230617T000000, start_date=20230912T173635, end_date=20230912T173635
[2023-09-12T17:36:35.749+0000] {local_task_job_runner.py:228} INFO - Task exited with return code 0
[2023-09-12T17:36:35.844+0000] {taskinstance.py:2784} INFO - 2 downstream tasks scheduled from follow-on schedule check
