[2023-09-05T15:31:06.078+0000] {taskinstance.py:1159} INFO - Dependencies all met for dep_context=non-requeueable deps ti=<TaskInstance: tasks_relations.this_way scheduled__2023-08-11T00:00:00+00:00 [queued]>
[2023-09-05T15:31:06.147+0000] {taskinstance.py:1159} INFO - Dependencies all met for dep_context=requeueable deps ti=<TaskInstance: tasks_relations.this_way scheduled__2023-08-11T00:00:00+00:00 [queued]>
[2023-09-05T15:31:06.148+0000] {taskinstance.py:1361} INFO - Starting attempt 1 of 1
[2023-09-05T15:31:06.182+0000] {taskinstance.py:1382} INFO - Executing <Task(_PythonDecoratedOperator): this_way> on 2023-08-11 00:00:00+00:00
[2023-09-05T15:31:06.237+0000] {standard_task_runner.py:57} INFO - Started process 1881 to run task
[2023-09-05T15:31:06.313+0000] {standard_task_runner.py:84} INFO - Running: ['***', 'tasks', 'run', 'tasks_relations', 'this_way', 'scheduled__2023-08-11T00:00:00+00:00', '--job-id', '861', '--raw', '--subdir', 'DAGS_FOLDER/tasks_relations.py', '--cfg-path', '/tmp/tmp3fbunnid']
[2023-09-05T15:31:06.333+0000] {standard_task_runner.py:85} INFO - Job 861: Subtask this_way
[2023-09-05T15:31:06.727+0000] {task_command.py:415} INFO - Running <TaskInstance: tasks_relations.this_way scheduled__2023-08-11T00:00:00+00:00 [running]> on host ca474790e981
[2023-09-05T15:31:07.142+0000] {taskinstance.py:1660} INFO - Exporting env vars: AIRFLOW_CTX_DAG_OWNER='***' AIRFLOW_CTX_DAG_ID='tasks_relations' AIRFLOW_CTX_TASK_ID='this_way' AIRFLOW_CTX_EXECUTION_DATE='2023-08-11T00:00:00+00:00' AIRFLOW_CTX_TRY_NUMBER='1' AIRFLOW_CTX_DAG_RUN_ID='scheduled__2023-08-11T00:00:00+00:00'
[2023-09-05T15:31:07.145+0000] {logging_mixin.py:151} INFO - THIS WAY!!!
[2023-09-05T15:31:07.147+0000] {python.py:194} INFO - Done. Returned value was: None
[2023-09-05T15:31:07.217+0000] {taskinstance.py:1400} INFO - Marking task as SUCCESS. dag_id=tasks_relations, task_id=this_way, execution_date=20230811T000000, start_date=20230905T153106, end_date=20230905T153107
[2023-09-05T15:31:07.377+0000] {local_task_job_runner.py:228} INFO - Task exited with return code 0
[2023-09-05T15:31:07.443+0000] {taskinstance.py:2784} INFO - 0 downstream tasks scheduled from follow-on schedule check
[2023-09-12T17:37:34.093+0000] {taskinstance.py:1159} INFO - Dependencies all met for dep_context=non-requeueable deps ti=<TaskInstance: tasks_relations.this_way scheduled__2023-08-11T00:00:00+00:00 [queued]>
[2023-09-12T17:37:34.125+0000] {taskinstance.py:1159} INFO - Dependencies all met for dep_context=requeueable deps ti=<TaskInstance: tasks_relations.this_way scheduled__2023-08-11T00:00:00+00:00 [queued]>
[2023-09-12T17:37:34.135+0000] {taskinstance.py:1361} INFO - Starting attempt 1 of 1
[2023-09-12T17:37:34.178+0000] {taskinstance.py:1382} INFO - Executing <Task(_PythonDecoratedOperator): this_way> on 2023-08-11 00:00:00+00:00
[2023-09-12T17:37:34.193+0000] {standard_task_runner.py:57} INFO - Started process 3392 to run task
[2023-09-12T17:37:34.235+0000] {standard_task_runner.py:84} INFO - Running: ['***', 'tasks', 'run', 'tasks_relations', 'this_way', 'scheduled__2023-08-11T00:00:00+00:00', '--job-id', '1616', '--raw', '--subdir', 'DAGS_FOLDER/2_tasks_relations.py', '--cfg-path', '/tmp/tmpis5ofgtp']
[2023-09-12T17:37:34.257+0000] {standard_task_runner.py:85} INFO - Job 1616: Subtask this_way
[2023-09-12T17:37:34.460+0000] {task_command.py:415} INFO - Running <TaskInstance: tasks_relations.this_way scheduled__2023-08-11T00:00:00+00:00 [running]> on host 0ab7970e0956
[2023-09-12T17:37:34.838+0000] {taskinstance.py:1660} INFO - Exporting env vars: AIRFLOW_CTX_DAG_OWNER='***' AIRFLOW_CTX_DAG_ID='tasks_relations' AIRFLOW_CTX_TASK_ID='this_way' AIRFLOW_CTX_EXECUTION_DATE='2023-08-11T00:00:00+00:00' AIRFLOW_CTX_TRY_NUMBER='1' AIRFLOW_CTX_DAG_RUN_ID='scheduled__2023-08-11T00:00:00+00:00'
[2023-09-12T17:37:34.839+0000] {logging_mixin.py:151} INFO - THIS WAY!!!
[2023-09-12T17:37:34.841+0000] {python.py:194} INFO - Done. Returned value was: None
[2023-09-12T17:37:34.858+0000] {taskinstance.py:1400} INFO - Marking task as SUCCESS. dag_id=tasks_relations, task_id=this_way, execution_date=20230811T000000, start_date=20230912T173734, end_date=20230912T173734
[2023-09-12T17:37:34.948+0000] {local_task_job_runner.py:228} INFO - Task exited with return code 0
[2023-09-12T17:37:34.985+0000] {taskinstance.py:2784} INFO - 0 downstream tasks scheduled from follow-on schedule check
