[2023-09-05T15:29:53.626+0000] {taskinstance.py:1159} INFO - Dependencies all met for dep_context=non-requeueable deps ti=<TaskInstance: tasks_relations.say_hello scheduled__2023-07-05T00:00:00+00:00 [queued]>
[2023-09-05T15:29:53.698+0000] {taskinstance.py:1159} INFO - Dependencies all met for dep_context=requeueable deps ti=<TaskInstance: tasks_relations.say_hello scheduled__2023-07-05T00:00:00+00:00 [queued]>
[2023-09-05T15:29:53.699+0000] {taskinstance.py:1361} INFO - Starting attempt 1 of 1
[2023-09-05T15:29:53.863+0000] {taskinstance.py:1382} INFO - Executing <Task(_PythonDecoratedOperator): say_hello> on 2023-07-05 00:00:00+00:00
[2023-09-05T15:29:53.870+0000] {standard_task_runner.py:57} INFO - Started process 1448 to run task
[2023-09-05T15:29:53.934+0000] {standard_task_runner.py:84} INFO - Running: ['***', 'tasks', 'run', 'tasks_relations', 'say_hello', 'scheduled__2023-07-05T00:00:00+00:00', '--job-id', '651', '--raw', '--subdir', 'DAGS_FOLDER/tasks_relations.py', '--cfg-path', '/tmp/tmp5zxmthme']
[2023-09-05T15:29:53.945+0000] {standard_task_runner.py:85} INFO - Job 651: Subtask say_hello
[2023-09-05T15:29:54.400+0000] {task_command.py:415} INFO - Running <TaskInstance: tasks_relations.say_hello scheduled__2023-07-05T00:00:00+00:00 [running]> on host ca474790e981
[2023-09-05T15:29:54.996+0000] {taskinstance.py:1660} INFO - Exporting env vars: AIRFLOW_CTX_DAG_OWNER='***' AIRFLOW_CTX_DAG_ID='tasks_relations' AIRFLOW_CTX_TASK_ID='say_hello' AIRFLOW_CTX_EXECUTION_DATE='2023-07-05T00:00:00+00:00' AIRFLOW_CTX_TRY_NUMBER='1' AIRFLOW_CTX_DAG_RUN_ID='scheduled__2023-07-05T00:00:00+00:00'
[2023-09-05T15:29:54.998+0000] {logging_mixin.py:151} INFO - hello world
[2023-09-05T15:29:54.999+0000] {python.py:194} INFO - Done. Returned value was: None
[2023-09-05T15:29:55.073+0000] {taskinstance.py:1400} INFO - Marking task as SUCCESS. dag_id=tasks_relations, task_id=say_hello, execution_date=20230705T000000, start_date=20230905T152953, end_date=20230905T152955
[2023-09-05T15:29:55.242+0000] {local_task_job_runner.py:228} INFO - Task exited with return code 0
[2023-09-05T15:29:55.512+0000] {taskinstance.py:2784} INFO - 0 downstream tasks scheduled from follow-on schedule check
[2023-09-12T17:36:51.638+0000] {taskinstance.py:1159} INFO - Dependencies all met for dep_context=non-requeueable deps ti=<TaskInstance: tasks_relations.say_hello scheduled__2023-07-05T00:00:00+00:00 [queued]>
[2023-09-12T17:36:51.658+0000] {taskinstance.py:1159} INFO - Dependencies all met for dep_context=requeueable deps ti=<TaskInstance: tasks_relations.say_hello scheduled__2023-07-05T00:00:00+00:00 [queued]>
[2023-09-12T17:36:51.660+0000] {taskinstance.py:1361} INFO - Starting attempt 1 of 1
[2023-09-12T17:36:51.709+0000] {taskinstance.py:1382} INFO - Executing <Task(_PythonDecoratedOperator): say_hello> on 2023-07-05 00:00:00+00:00
[2023-09-12T17:36:51.722+0000] {standard_task_runner.py:57} INFO - Started process 2878 to run task
[2023-09-12T17:36:51.779+0000] {standard_task_runner.py:84} INFO - Running: ['***', 'tasks', 'run', 'tasks_relations', 'say_hello', 'scheduled__2023-07-05T00:00:00+00:00', '--job-id', '1361', '--raw', '--subdir', 'DAGS_FOLDER/2_tasks_relations.py', '--cfg-path', '/tmp/tmpo2kxmt2z']
[2023-09-12T17:36:51.782+0000] {standard_task_runner.py:85} INFO - Job 1361: Subtask say_hello
[2023-09-12T17:36:51.970+0000] {task_command.py:415} INFO - Running <TaskInstance: tasks_relations.say_hello scheduled__2023-07-05T00:00:00+00:00 [running]> on host 0ab7970e0956
[2023-09-12T17:36:52.242+0000] {taskinstance.py:1660} INFO - Exporting env vars: AIRFLOW_CTX_DAG_OWNER='***' AIRFLOW_CTX_DAG_ID='tasks_relations' AIRFLOW_CTX_TASK_ID='say_hello' AIRFLOW_CTX_EXECUTION_DATE='2023-07-05T00:00:00+00:00' AIRFLOW_CTX_TRY_NUMBER='1' AIRFLOW_CTX_DAG_RUN_ID='scheduled__2023-07-05T00:00:00+00:00'
[2023-09-12T17:36:52.243+0000] {logging_mixin.py:151} INFO - hello world
[2023-09-12T17:36:52.244+0000] {python.py:194} INFO - Done. Returned value was: None
[2023-09-12T17:36:52.273+0000] {taskinstance.py:1400} INFO - Marking task as SUCCESS. dag_id=tasks_relations, task_id=say_hello, execution_date=20230705T000000, start_date=20230912T173651, end_date=20230912T173652
[2023-09-12T17:36:52.391+0000] {local_task_job_runner.py:228} INFO - Task exited with return code 0
[2023-09-12T17:36:52.440+0000] {taskinstance.py:2784} INFO - 1 downstream tasks scheduled from follow-on schedule check
