[2023-09-05T15:24:36.499+0000] {taskinstance.py:1159} INFO - Dependencies all met for dep_context=non-requeueable deps ti=<TaskInstance: tasks_relations.say_bye scheduled__2023-01-16T00:00:00+00:00 [queued]>
[2023-09-05T15:24:36.594+0000] {taskinstance.py:1159} INFO - Dependencies all met for dep_context=requeueable deps ti=<TaskInstance: tasks_relations.say_bye scheduled__2023-01-16T00:00:00+00:00 [queued]>
[2023-09-05T15:24:36.595+0000] {taskinstance.py:1361} INFO - Starting attempt 1 of 1
[2023-09-05T15:24:36.831+0000] {taskinstance.py:1382} INFO - Executing <Task(_PythonDecoratedOperator): say_bye> on 2023-01-16 00:00:00+00:00
[2023-09-05T15:24:36.840+0000] {standard_task_runner.py:57} INFO - Started process 222 to run task
[2023-09-05T15:24:36.905+0000] {standard_task_runner.py:84} INFO - Running: ['***', 'tasks', 'run', 'tasks_relations', 'say_bye', 'scheduled__2023-01-16T00:00:00+00:00', '--job-id', '74', '--raw', '--subdir', 'DAGS_FOLDER/tasks_relations.py', '--cfg-path', '/tmp/tmpd2j_zuez']
[2023-09-05T15:24:36.927+0000] {standard_task_runner.py:85} INFO - Job 74: Subtask say_bye
[2023-09-05T15:24:37.255+0000] {task_command.py:415} INFO - Running <TaskInstance: tasks_relations.say_bye scheduled__2023-01-16T00:00:00+00:00 [running]> on host ca474790e981
[2023-09-05T15:24:39.012+0000] {taskinstance.py:1660} INFO - Exporting env vars: AIRFLOW_CTX_DAG_OWNER='***' AIRFLOW_CTX_DAG_ID='tasks_relations' AIRFLOW_CTX_TASK_ID='say_bye' AIRFLOW_CTX_EXECUTION_DATE='2023-01-16T00:00:00+00:00' AIRFLOW_CTX_TRY_NUMBER='1' AIRFLOW_CTX_DAG_RUN_ID='scheduled__2023-01-16T00:00:00+00:00'
[2023-09-05T15:24:39.029+0000] {logging_mixin.py:151} INFO - goodbye ***
[2023-09-05T15:24:39.035+0000] {python.py:194} INFO - Done. Returned value was: None
[2023-09-05T15:24:39.180+0000] {taskinstance.py:1400} INFO - Marking task as SUCCESS. dag_id=tasks_relations, task_id=say_bye, execution_date=20230116T000000, start_date=20230905T152436, end_date=20230905T152439
[2023-09-05T15:24:39.504+0000] {local_task_job_runner.py:228} INFO - Task exited with return code 0
[2023-09-05T15:24:39.606+0000] {taskinstance.py:2784} INFO - 0 downstream tasks scheduled from follow-on schedule check
[2023-09-12T17:33:20.332+0000] {taskinstance.py:1159} INFO - Dependencies all met for dep_context=non-requeueable deps ti=<TaskInstance: tasks_relations.say_bye scheduled__2023-01-16T00:00:00+00:00 [queued]>
[2023-09-12T17:33:20.367+0000] {taskinstance.py:1159} INFO - Dependencies all met for dep_context=requeueable deps ti=<TaskInstance: tasks_relations.say_bye scheduled__2023-01-16T00:00:00+00:00 [queued]>
[2023-09-12T17:33:20.369+0000] {taskinstance.py:1361} INFO - Starting attempt 1 of 1
[2023-09-12T17:33:20.461+0000] {taskinstance.py:1382} INFO - Executing <Task(_PythonDecoratedOperator): say_bye> on 2023-01-16 00:00:00+00:00
[2023-09-12T17:33:20.558+0000] {standard_task_runner.py:57} INFO - Started process 486 to run task
[2023-09-12T17:33:20.619+0000] {standard_task_runner.py:84} INFO - Running: ['***', 'tasks', 'run', 'tasks_relations', 'say_bye', 'scheduled__2023-01-16T00:00:00+00:00', '--job-id', '191', '--raw', '--subdir', 'DAGS_FOLDER/2_tasks_relations.py', '--cfg-path', '/tmp/tmpw6qduyw2']
[2023-09-12T17:33:20.694+0000] {standard_task_runner.py:85} INFO - Job 191: Subtask say_bye
[2023-09-12T17:33:20.981+0000] {task_command.py:415} INFO - Running <TaskInstance: tasks_relations.say_bye scheduled__2023-01-16T00:00:00+00:00 [running]> on host 0ab7970e0956
[2023-09-12T17:33:21.466+0000] {taskinstance.py:1660} INFO - Exporting env vars: AIRFLOW_CTX_DAG_OWNER='***' AIRFLOW_CTX_DAG_ID='tasks_relations' AIRFLOW_CTX_TASK_ID='say_bye' AIRFLOW_CTX_EXECUTION_DATE='2023-01-16T00:00:00+00:00' AIRFLOW_CTX_TRY_NUMBER='1' AIRFLOW_CTX_DAG_RUN_ID='scheduled__2023-01-16T00:00:00+00:00'
[2023-09-12T17:33:21.474+0000] {logging_mixin.py:151} INFO - goodbye world
[2023-09-12T17:33:21.475+0000] {python.py:194} INFO - Done. Returned value was: None
[2023-09-12T17:33:21.487+0000] {taskinstance.py:1400} INFO - Marking task as SUCCESS. dag_id=tasks_relations, task_id=say_bye, execution_date=20230116T000000, start_date=20230912T173320, end_date=20230912T173321
[2023-09-12T17:33:21.681+0000] {local_task_job_runner.py:228} INFO - Task exited with return code 0
[2023-09-12T17:33:22.126+0000] {taskinstance.py:2784} INFO - 2 downstream tasks scheduled from follow-on schedule check
