[2023-09-05T15:28:02.265+0000] {taskinstance.py:1159} INFO - Dependencies all met for dep_context=non-requeueable deps ti=<TaskInstance: tasks_relations.this_way scheduled__2023-05-23T00:00:00+00:00 [queued]>
[2023-09-05T15:28:02.305+0000] {taskinstance.py:1159} INFO - Dependencies all met for dep_context=requeueable deps ti=<TaskInstance: tasks_relations.this_way scheduled__2023-05-23T00:00:00+00:00 [queued]>
[2023-09-05T15:28:02.329+0000] {taskinstance.py:1361} INFO - Starting attempt 1 of 1
[2023-09-05T15:28:02.482+0000] {taskinstance.py:1382} INFO - Executing <Task(_PythonDecoratedOperator): this_way> on 2023-05-23 00:00:00+00:00
[2023-09-05T15:28:02.582+0000] {standard_task_runner.py:57} INFO - Started process 1025 to run task
[2023-09-05T15:28:02.645+0000] {standard_task_runner.py:84} INFO - Running: ['***', 'tasks', 'run', 'tasks_relations', 'this_way', 'scheduled__2023-05-23T00:00:00+00:00', '--job-id', '453', '--raw', '--subdir', 'DAGS_FOLDER/tasks_relations.py', '--cfg-path', '/tmp/tmplv8dr16g']
[2023-09-05T15:28:02.678+0000] {standard_task_runner.py:85} INFO - Job 453: Subtask this_way
[2023-09-05T15:28:03.476+0000] {task_command.py:415} INFO - Running <TaskInstance: tasks_relations.this_way scheduled__2023-05-23T00:00:00+00:00 [running]> on host ca474790e981
[2023-09-05T15:28:04.496+0000] {taskinstance.py:1660} INFO - Exporting env vars: AIRFLOW_CTX_DAG_OWNER='***' AIRFLOW_CTX_DAG_ID='tasks_relations' AIRFLOW_CTX_TASK_ID='this_way' AIRFLOW_CTX_EXECUTION_DATE='2023-05-23T00:00:00+00:00' AIRFLOW_CTX_TRY_NUMBER='1' AIRFLOW_CTX_DAG_RUN_ID='scheduled__2023-05-23T00:00:00+00:00'
[2023-09-05T15:28:04.540+0000] {logging_mixin.py:151} INFO - THIS WAY!!!
[2023-09-05T15:28:04.558+0000] {python.py:194} INFO - Done. Returned value was: None
[2023-09-05T15:28:04.754+0000] {taskinstance.py:1400} INFO - Marking task as SUCCESS. dag_id=tasks_relations, task_id=this_way, execution_date=20230523T000000, start_date=20230905T152802, end_date=20230905T152804
[2023-09-05T15:28:05.258+0000] {local_task_job_runner.py:228} INFO - Task exited with return code 0
[2023-09-05T15:28:05.420+0000] {taskinstance.py:2784} INFO - 0 downstream tasks scheduled from follow-on schedule check
[2023-09-12T17:36:05.770+0000] {taskinstance.py:1159} INFO - Dependencies all met for dep_context=non-requeueable deps ti=<TaskInstance: tasks_relations.this_way scheduled__2023-05-23T00:00:00+00:00 [queued]>
[2023-09-12T17:36:05.799+0000] {taskinstance.py:1159} INFO - Dependencies all met for dep_context=requeueable deps ti=<TaskInstance: tasks_relations.this_way scheduled__2023-05-23T00:00:00+00:00 [queued]>
[2023-09-12T17:36:05.799+0000] {taskinstance.py:1361} INFO - Starting attempt 1 of 1
[2023-09-12T17:36:05.868+0000] {taskinstance.py:1382} INFO - Executing <Task(_PythonDecoratedOperator): this_way> on 2023-05-23 00:00:00+00:00
[2023-09-12T17:36:05.876+0000] {standard_task_runner.py:57} INFO - Started process 2388 to run task
[2023-09-12T17:36:05.934+0000] {standard_task_runner.py:84} INFO - Running: ['***', 'tasks', 'run', 'tasks_relations', 'this_way', 'scheduled__2023-05-23T00:00:00+00:00', '--job-id', '1122', '--raw', '--subdir', 'DAGS_FOLDER/2_tasks_relations.py', '--cfg-path', '/tmp/tmpss_zj_i1']
[2023-09-12T17:36:05.951+0000] {standard_task_runner.py:85} INFO - Job 1122: Subtask this_way
[2023-09-12T17:36:06.142+0000] {task_command.py:415} INFO - Running <TaskInstance: tasks_relations.this_way scheduled__2023-05-23T00:00:00+00:00 [running]> on host 0ab7970e0956
[2023-09-12T17:36:06.421+0000] {taskinstance.py:1660} INFO - Exporting env vars: AIRFLOW_CTX_DAG_OWNER='***' AIRFLOW_CTX_DAG_ID='tasks_relations' AIRFLOW_CTX_TASK_ID='this_way' AIRFLOW_CTX_EXECUTION_DATE='2023-05-23T00:00:00+00:00' AIRFLOW_CTX_TRY_NUMBER='1' AIRFLOW_CTX_DAG_RUN_ID='scheduled__2023-05-23T00:00:00+00:00'
[2023-09-12T17:36:06.423+0000] {logging_mixin.py:151} INFO - THIS WAY!!!
[2023-09-12T17:36:06.424+0000] {python.py:194} INFO - Done. Returned value was: None
[2023-09-12T17:36:06.459+0000] {taskinstance.py:1400} INFO - Marking task as SUCCESS. dag_id=tasks_relations, task_id=this_way, execution_date=20230523T000000, start_date=20230912T173605, end_date=20230912T173606
[2023-09-12T17:36:06.555+0000] {local_task_job_runner.py:228} INFO - Task exited with return code 0
[2023-09-12T17:36:06.580+0000] {taskinstance.py:2784} INFO - 1 downstream tasks scheduled from follow-on schedule check
