[2023-09-05T15:30:04.208+0000] {taskinstance.py:1159} INFO - Dependencies all met for dep_context=non-requeueable deps ti=<TaskInstance: tasks_relations.or_that_way scheduled__2023-07-04T00:00:00+00:00 [queued]>
[2023-09-05T15:30:04.248+0000] {taskinstance.py:1159} INFO - Dependencies all met for dep_context=requeueable deps ti=<TaskInstance: tasks_relations.or_that_way scheduled__2023-07-04T00:00:00+00:00 [queued]>
[2023-09-05T15:30:04.249+0000] {taskinstance.py:1361} INFO - Starting attempt 1 of 1
[2023-09-05T15:30:04.317+0000] {taskinstance.py:1382} INFO - Executing <Task(_PythonDecoratedOperator): or_that_way> on 2023-07-04 00:00:00+00:00
[2023-09-05T15:30:04.345+0000] {standard_task_runner.py:57} INFO - Started process 1525 to run task
[2023-09-05T15:30:04.420+0000] {standard_task_runner.py:84} INFO - Running: ['***', 'tasks', 'run', 'tasks_relations', 'or_that_way', 'scheduled__2023-07-04T00:00:00+00:00', '--job-id', '686', '--raw', '--subdir', 'DAGS_FOLDER/tasks_relations.py', '--cfg-path', '/tmp/tmpqg70z0_y']
[2023-09-05T15:30:04.426+0000] {standard_task_runner.py:85} INFO - Job 686: Subtask or_that_way
[2023-09-05T15:30:04.889+0000] {task_command.py:415} INFO - Running <TaskInstance: tasks_relations.or_that_way scheduled__2023-07-04T00:00:00+00:00 [running]> on host ca474790e981
[2023-09-05T15:30:05.411+0000] {taskinstance.py:1660} INFO - Exporting env vars: AIRFLOW_CTX_DAG_OWNER='***' AIRFLOW_CTX_DAG_ID='tasks_relations' AIRFLOW_CTX_TASK_ID='or_that_way' AIRFLOW_CTX_EXECUTION_DATE='2023-07-04T00:00:00+00:00' AIRFLOW_CTX_TRY_NUMBER='1' AIRFLOW_CTX_DAG_RUN_ID='scheduled__2023-07-04T00:00:00+00:00'
[2023-09-05T15:30:05.423+0000] {logging_mixin.py:151} INFO - NO NO, THAT WAY WAY!!!
[2023-09-05T15:30:05.425+0000] {python.py:194} INFO - Done. Returned value was: None
[2023-09-05T15:30:05.460+0000] {taskinstance.py:1400} INFO - Marking task as SUCCESS. dag_id=tasks_relations, task_id=or_that_way, execution_date=20230704T000000, start_date=20230905T153004, end_date=20230905T153005
[2023-09-05T15:30:05.620+0000] {local_task_job_runner.py:228} INFO - Task exited with return code 0
[2023-09-05T15:30:05.760+0000] {taskinstance.py:2784} INFO - 0 downstream tasks scheduled from follow-on schedule check
[2023-09-12T17:36:56.839+0000] {taskinstance.py:1159} INFO - Dependencies all met for dep_context=non-requeueable deps ti=<TaskInstance: tasks_relations.or_that_way scheduled__2023-07-04T00:00:00+00:00 [queued]>
[2023-09-12T17:36:56.852+0000] {taskinstance.py:1159} INFO - Dependencies all met for dep_context=requeueable deps ti=<TaskInstance: tasks_relations.or_that_way scheduled__2023-07-04T00:00:00+00:00 [queued]>
[2023-09-12T17:36:56.854+0000] {taskinstance.py:1361} INFO - Starting attempt 1 of 1
[2023-09-12T17:36:56.871+0000] {taskinstance.py:1382} INFO - Executing <Task(_PythonDecoratedOperator): or_that_way> on 2023-07-04 00:00:00+00:00
[2023-09-12T17:36:56.880+0000] {standard_task_runner.py:57} INFO - Started process 2948 to run task
[2023-09-12T17:36:56.892+0000] {standard_task_runner.py:84} INFO - Running: ['***', 'tasks', 'run', 'tasks_relations', 'or_that_way', 'scheduled__2023-07-04T00:00:00+00:00', '--job-id', '1399', '--raw', '--subdir', 'DAGS_FOLDER/2_tasks_relations.py', '--cfg-path', '/tmp/tmpvivx127e']
[2023-09-12T17:36:56.896+0000] {standard_task_runner.py:85} INFO - Job 1399: Subtask or_that_way
[2023-09-12T17:36:57.007+0000] {task_command.py:415} INFO - Running <TaskInstance: tasks_relations.or_that_way scheduled__2023-07-04T00:00:00+00:00 [running]> on host 0ab7970e0956
[2023-09-12T17:36:57.157+0000] {taskinstance.py:1660} INFO - Exporting env vars: AIRFLOW_CTX_DAG_OWNER='***' AIRFLOW_CTX_DAG_ID='tasks_relations' AIRFLOW_CTX_TASK_ID='or_that_way' AIRFLOW_CTX_EXECUTION_DATE='2023-07-04T00:00:00+00:00' AIRFLOW_CTX_TRY_NUMBER='1' AIRFLOW_CTX_DAG_RUN_ID='scheduled__2023-07-04T00:00:00+00:00'
[2023-09-12T17:36:57.159+0000] {logging_mixin.py:151} INFO - NO NO, THAT WAY WAY!!!
[2023-09-12T17:36:57.159+0000] {python.py:194} INFO - Done. Returned value was: None
[2023-09-12T17:36:57.167+0000] {taskinstance.py:1400} INFO - Marking task as SUCCESS. dag_id=tasks_relations, task_id=or_that_way, execution_date=20230704T000000, start_date=20230912T173656, end_date=20230912T173657
[2023-09-12T17:36:57.225+0000] {local_task_job_runner.py:228} INFO - Task exited with return code 0
[2023-09-12T17:36:57.260+0000] {taskinstance.py:2784} INFO - 1 downstream tasks scheduled from follow-on schedule check
