[2023-09-05T15:27:23.914+0000] {taskinstance.py:1159} INFO - Dependencies all met for dep_context=non-requeueable deps ti=<TaskInstance: tasks_relations.say_hello scheduled__2023-05-14T00:00:00+00:00 [queued]>
[2023-09-05T15:27:24.026+0000] {taskinstance.py:1159} INFO - Dependencies all met for dep_context=requeueable deps ti=<TaskInstance: tasks_relations.say_hello scheduled__2023-05-14T00:00:00+00:00 [queued]>
[2023-09-05T15:27:24.043+0000] {taskinstance.py:1361} INFO - Starting attempt 1 of 1
[2023-09-05T15:27:24.166+0000] {taskinstance.py:1382} INFO - Executing <Task(_PythonDecoratedOperator): say_hello> on 2023-05-14 00:00:00+00:00
[2023-09-05T15:27:24.233+0000] {standard_task_runner.py:84} INFO - Running: ['***', 'tasks', 'run', 'tasks_relations', 'say_hello', 'scheduled__2023-05-14T00:00:00+00:00', '--job-id', '394', '--raw', '--subdir', 'DAGS_FOLDER/tasks_relations.py', '--cfg-path', '/tmp/tmpiel_qm_9']
[2023-09-05T15:27:24.211+0000] {standard_task_runner.py:57} INFO - Started process 905 to run task
[2023-09-05T15:27:24.241+0000] {standard_task_runner.py:85} INFO - Job 394: Subtask say_hello
[2023-09-05T15:27:24.667+0000] {task_command.py:415} INFO - Running <TaskInstance: tasks_relations.say_hello scheduled__2023-05-14T00:00:00+00:00 [running]> on host ca474790e981
[2023-09-05T15:27:25.339+0000] {taskinstance.py:1660} INFO - Exporting env vars: AIRFLOW_CTX_DAG_OWNER='***' AIRFLOW_CTX_DAG_ID='tasks_relations' AIRFLOW_CTX_TASK_ID='say_hello' AIRFLOW_CTX_EXECUTION_DATE='2023-05-14T00:00:00+00:00' AIRFLOW_CTX_TRY_NUMBER='1' AIRFLOW_CTX_DAG_RUN_ID='scheduled__2023-05-14T00:00:00+00:00'
[2023-09-05T15:27:25.413+0000] {logging_mixin.py:151} INFO - hello world
[2023-09-05T15:27:25.462+0000] {python.py:194} INFO - Done. Returned value was: None
[2023-09-05T15:27:25.777+0000] {taskinstance.py:1400} INFO - Marking task as SUCCESS. dag_id=tasks_relations, task_id=say_hello, execution_date=20230514T000000, start_date=20230905T152723, end_date=20230905T152725
[2023-09-05T15:27:26.336+0000] {local_task_job_runner.py:228} INFO - Task exited with return code 0
[2023-09-05T15:27:26.520+0000] {taskinstance.py:2784} INFO - 1 downstream tasks scheduled from follow-on schedule check
[2023-09-12T17:35:57.077+0000] {taskinstance.py:1159} INFO - Dependencies all met for dep_context=non-requeueable deps ti=<TaskInstance: tasks_relations.say_hello scheduled__2023-05-14T00:00:00+00:00 [queued]>
[2023-09-12T17:35:57.099+0000] {taskinstance.py:1159} INFO - Dependencies all met for dep_context=requeueable deps ti=<TaskInstance: tasks_relations.say_hello scheduled__2023-05-14T00:00:00+00:00 [queued]>
[2023-09-12T17:35:57.101+0000] {taskinstance.py:1361} INFO - Starting attempt 1 of 1
[2023-09-12T17:35:57.132+0000] {taskinstance.py:1382} INFO - Executing <Task(_PythonDecoratedOperator): say_hello> on 2023-05-14 00:00:00+00:00
[2023-09-12T17:35:57.151+0000] {standard_task_runner.py:84} INFO - Running: ['***', 'tasks', 'run', 'tasks_relations', 'say_hello', 'scheduled__2023-05-14T00:00:00+00:00', '--job-id', '1062', '--raw', '--subdir', 'DAGS_FOLDER/2_tasks_relations.py', '--cfg-path', '/tmp/tmpnlimhdyx']
[2023-09-12T17:35:57.145+0000] {standard_task_runner.py:57} INFO - Started process 2260 to run task
[2023-09-12T17:35:57.183+0000] {standard_task_runner.py:85} INFO - Job 1062: Subtask say_hello
[2023-09-12T17:35:57.334+0000] {task_command.py:415} INFO - Running <TaskInstance: tasks_relations.say_hello scheduled__2023-05-14T00:00:00+00:00 [running]> on host 0ab7970e0956
[2023-09-12T17:35:57.498+0000] {taskinstance.py:1660} INFO - Exporting env vars: AIRFLOW_CTX_DAG_OWNER='***' AIRFLOW_CTX_DAG_ID='tasks_relations' AIRFLOW_CTX_TASK_ID='say_hello' AIRFLOW_CTX_EXECUTION_DATE='2023-05-14T00:00:00+00:00' AIRFLOW_CTX_TRY_NUMBER='1' AIRFLOW_CTX_DAG_RUN_ID='scheduled__2023-05-14T00:00:00+00:00'
[2023-09-12T17:35:57.499+0000] {logging_mixin.py:151} INFO - hello world
[2023-09-12T17:35:57.500+0000] {python.py:194} INFO - Done. Returned value was: None
[2023-09-12T17:35:57.525+0000] {taskinstance.py:1400} INFO - Marking task as SUCCESS. dag_id=tasks_relations, task_id=say_hello, execution_date=20230514T000000, start_date=20230912T173557, end_date=20230912T173557
[2023-09-12T17:35:57.558+0000] {local_task_job_runner.py:228} INFO - Task exited with return code 0
[2023-09-12T17:35:57.640+0000] {taskinstance.py:2784} INFO - 1 downstream tasks scheduled from follow-on schedule check
