[2023-09-05T15:27:43.182+0000] {taskinstance.py:1159} INFO - Dependencies all met for dep_context=non-requeueable deps ti=<TaskInstance: tasks_relations.say_hello scheduled__2023-05-24T00:00:00+00:00 [queued]>
[2023-09-05T15:27:43.377+0000] {taskinstance.py:1159} INFO - Dependencies all met for dep_context=requeueable deps ti=<TaskInstance: tasks_relations.say_hello scheduled__2023-05-24T00:00:00+00:00 [queued]>
[2023-09-05T15:27:43.401+0000] {taskinstance.py:1361} INFO - Starting attempt 1 of 1
[2023-09-05T15:27:43.718+0000] {taskinstance.py:1382} INFO - Executing <Task(_PythonDecoratedOperator): say_hello> on 2023-05-24 00:00:00+00:00
[2023-09-05T15:27:43.845+0000] {standard_task_runner.py:57} INFO - Started process 960 to run task
[2023-09-05T15:27:44.000+0000] {standard_task_runner.py:84} INFO - Running: ['***', 'tasks', 'run', 'tasks_relations', 'say_hello', 'scheduled__2023-05-24T00:00:00+00:00', '--job-id', '420', '--raw', '--subdir', 'DAGS_FOLDER/tasks_relations.py', '--cfg-path', '/tmp/tmprs30ghz2']
[2023-09-05T15:27:44.029+0000] {standard_task_runner.py:85} INFO - Job 420: Subtask say_hello
[2023-09-05T15:27:45.607+0000] {task_command.py:415} INFO - Running <TaskInstance: tasks_relations.say_hello scheduled__2023-05-24T00:00:00+00:00 [running]> on host ca474790e981
[2023-09-05T15:27:46.912+0000] {taskinstance.py:1660} INFO - Exporting env vars: AIRFLOW_CTX_DAG_OWNER='***' AIRFLOW_CTX_DAG_ID='tasks_relations' AIRFLOW_CTX_TASK_ID='say_hello' AIRFLOW_CTX_EXECUTION_DATE='2023-05-24T00:00:00+00:00' AIRFLOW_CTX_TRY_NUMBER='1' AIRFLOW_CTX_DAG_RUN_ID='scheduled__2023-05-24T00:00:00+00:00'
[2023-09-05T15:27:46.924+0000] {logging_mixin.py:151} INFO - hello world
[2023-09-05T15:27:46.931+0000] {python.py:194} INFO - Done. Returned value was: None
[2023-09-05T15:27:47.022+0000] {taskinstance.py:1400} INFO - Marking task as SUCCESS. dag_id=tasks_relations, task_id=say_hello, execution_date=20230524T000000, start_date=20230905T152743, end_date=20230905T152747
[2023-09-05T15:27:47.985+0000] {local_task_job_runner.py:228} INFO - Task exited with return code 0
[2023-09-05T15:27:48.426+0000] {taskinstance.py:2784} INFO - 0 downstream tasks scheduled from follow-on schedule check
[2023-09-12T17:36:01.141+0000] {taskinstance.py:1159} INFO - Dependencies all met for dep_context=non-requeueable deps ti=<TaskInstance: tasks_relations.say_hello scheduled__2023-05-24T00:00:00+00:00 [queued]>
[2023-09-12T17:36:01.157+0000] {taskinstance.py:1159} INFO - Dependencies all met for dep_context=requeueable deps ti=<TaskInstance: tasks_relations.say_hello scheduled__2023-05-24T00:00:00+00:00 [queued]>
[2023-09-12T17:36:01.161+0000] {taskinstance.py:1361} INFO - Starting attempt 1 of 1
[2023-09-12T17:36:01.174+0000] {taskinstance.py:1382} INFO - Executing <Task(_PythonDecoratedOperator): say_hello> on 2023-05-24 00:00:00+00:00
[2023-09-12T17:36:01.185+0000] {standard_task_runner.py:57} INFO - Started process 2316 to run task
[2023-09-12T17:36:01.198+0000] {standard_task_runner.py:84} INFO - Running: ['***', 'tasks', 'run', 'tasks_relations', 'say_hello', 'scheduled__2023-05-24T00:00:00+00:00', '--job-id', '1092', '--raw', '--subdir', 'DAGS_FOLDER/2_tasks_relations.py', '--cfg-path', '/tmp/tmpqwm5dzan']
[2023-09-12T17:36:01.211+0000] {standard_task_runner.py:85} INFO - Job 1092: Subtask say_hello
[2023-09-12T17:36:01.339+0000] {task_command.py:415} INFO - Running <TaskInstance: tasks_relations.say_hello scheduled__2023-05-24T00:00:00+00:00 [running]> on host 0ab7970e0956
[2023-09-12T17:36:01.457+0000] {taskinstance.py:1660} INFO - Exporting env vars: AIRFLOW_CTX_DAG_OWNER='***' AIRFLOW_CTX_DAG_ID='tasks_relations' AIRFLOW_CTX_TASK_ID='say_hello' AIRFLOW_CTX_EXECUTION_DATE='2023-05-24T00:00:00+00:00' AIRFLOW_CTX_TRY_NUMBER='1' AIRFLOW_CTX_DAG_RUN_ID='scheduled__2023-05-24T00:00:00+00:00'
[2023-09-12T17:36:01.458+0000] {logging_mixin.py:151} INFO - hello world
[2023-09-12T17:36:01.458+0000] {python.py:194} INFO - Done. Returned value was: None
[2023-09-12T17:36:01.467+0000] {taskinstance.py:1400} INFO - Marking task as SUCCESS. dag_id=tasks_relations, task_id=say_hello, execution_date=20230524T000000, start_date=20230912T173601, end_date=20230912T173601
[2023-09-12T17:36:01.500+0000] {local_task_job_runner.py:228} INFO - Task exited with return code 0
[2023-09-12T17:36:01.517+0000] {taskinstance.py:2784} INFO - 1 downstream tasks scheduled from follow-on schedule check
