[2023-09-05T15:24:21.704+0000] {taskinstance.py:1159} INFO - Dependencies all met for dep_context=non-requeueable deps ti=<TaskInstance: tasks_relations.say_hello scheduled__2023-01-08T00:00:00+00:00 [queued]>
[2023-09-05T15:24:21.734+0000] {taskinstance.py:1159} INFO - Dependencies all met for dep_context=requeueable deps ti=<TaskInstance: tasks_relations.say_hello scheduled__2023-01-08T00:00:00+00:00 [queued]>
[2023-09-05T15:24:21.738+0000] {taskinstance.py:1361} INFO - Starting attempt 1 of 1
[2023-09-05T15:24:21.783+0000] {taskinstance.py:1382} INFO - Executing <Task(_PythonDecoratedOperator): say_hello> on 2023-01-08 00:00:00+00:00
[2023-09-05T15:24:21.803+0000] {standard_task_runner.py:57} INFO - Started process 140 to run task
[2023-09-05T15:24:21.883+0000] {standard_task_runner.py:84} INFO - Running: ['***', 'tasks', 'run', 'tasks_relations', 'say_hello', 'scheduled__2023-01-08T00:00:00+00:00', '--job-id', '35', '--raw', '--subdir', 'DAGS_FOLDER/tasks_relations.py', '--cfg-path', '/tmp/tmpf014x7x8']
[2023-09-05T15:24:21.897+0000] {standard_task_runner.py:85} INFO - Job 35: Subtask say_hello
[2023-09-05T15:24:22.360+0000] {task_command.py:415} INFO - Running <TaskInstance: tasks_relations.say_hello scheduled__2023-01-08T00:00:00+00:00 [running]> on host ca474790e981
[2023-09-05T15:24:22.739+0000] {taskinstance.py:1660} INFO - Exporting env vars: AIRFLOW_CTX_DAG_OWNER='***' AIRFLOW_CTX_DAG_ID='tasks_relations' AIRFLOW_CTX_TASK_ID='say_hello' AIRFLOW_CTX_EXECUTION_DATE='2023-01-08T00:00:00+00:00' AIRFLOW_CTX_TRY_NUMBER='1' AIRFLOW_CTX_DAG_RUN_ID='scheduled__2023-01-08T00:00:00+00:00'
[2023-09-05T15:24:22.745+0000] {logging_mixin.py:151} INFO - hello ***
[2023-09-05T15:24:22.747+0000] {python.py:194} INFO - Done. Returned value was: None
[2023-09-05T15:24:22.790+0000] {taskinstance.py:1400} INFO - Marking task as SUCCESS. dag_id=tasks_relations, task_id=say_hello, execution_date=20230108T000000, start_date=20230905T152421, end_date=20230905T152422
[2023-09-05T15:24:22.914+0000] {local_task_job_runner.py:228} INFO - Task exited with return code 0
[2023-09-05T15:24:23.041+0000] {taskinstance.py:2784} INFO - 1 downstream tasks scheduled from follow-on schedule check
[2023-09-12T17:32:55.900+0000] {taskinstance.py:1159} INFO - Dependencies all met for dep_context=non-requeueable deps ti=<TaskInstance: tasks_relations.say_hello scheduled__2023-01-08T00:00:00+00:00 [queued]>
[2023-09-12T17:32:55.915+0000] {taskinstance.py:1159} INFO - Dependencies all met for dep_context=requeueable deps ti=<TaskInstance: tasks_relations.say_hello scheduled__2023-01-08T00:00:00+00:00 [queued]>
[2023-09-12T17:32:55.916+0000] {taskinstance.py:1361} INFO - Starting attempt 1 of 1
[2023-09-12T17:32:56.029+0000] {taskinstance.py:1382} INFO - Executing <Task(_PythonDecoratedOperator): say_hello> on 2023-01-08 00:00:00+00:00
[2023-09-12T17:32:56.039+0000] {standard_task_runner.py:57} INFO - Started process 261 to run task
[2023-09-12T17:32:56.088+0000] {standard_task_runner.py:84} INFO - Running: ['***', 'tasks', 'run', 'tasks_relations', 'say_hello', 'scheduled__2023-01-08T00:00:00+00:00', '--job-id', '76', '--raw', '--subdir', 'DAGS_FOLDER/2_tasks_relations.py', '--cfg-path', '/tmp/tmp2nfdlj85']
[2023-09-12T17:32:56.149+0000] {standard_task_runner.py:85} INFO - Job 76: Subtask say_hello
[2023-09-12T17:32:56.540+0000] {task_command.py:415} INFO - Running <TaskInstance: tasks_relations.say_hello scheduled__2023-01-08T00:00:00+00:00 [running]> on host 0ab7970e0956
[2023-09-12T17:32:56.964+0000] {taskinstance.py:1660} INFO - Exporting env vars: AIRFLOW_CTX_DAG_OWNER='***' AIRFLOW_CTX_DAG_ID='tasks_relations' AIRFLOW_CTX_TASK_ID='say_hello' AIRFLOW_CTX_EXECUTION_DATE='2023-01-08T00:00:00+00:00' AIRFLOW_CTX_TRY_NUMBER='1' AIRFLOW_CTX_DAG_RUN_ID='scheduled__2023-01-08T00:00:00+00:00'
[2023-09-12T17:32:56.970+0000] {logging_mixin.py:151} INFO - hello world
[2023-09-12T17:32:56.972+0000] {python.py:194} INFO - Done. Returned value was: None
[2023-09-12T17:32:57.051+0000] {taskinstance.py:1400} INFO - Marking task as SUCCESS. dag_id=tasks_relations, task_id=say_hello, execution_date=20230108T000000, start_date=20230912T173255, end_date=20230912T173257
[2023-09-12T17:32:57.219+0000] {local_task_job_runner.py:228} INFO - Task exited with return code 0
[2023-09-12T17:32:57.288+0000] {taskinstance.py:2784} INFO - 1 downstream tasks scheduled from follow-on schedule check
