[2023-09-05T15:28:28.986+0000] {taskinstance.py:1159} INFO - Dependencies all met for dep_context=non-requeueable deps ti=<TaskInstance: tasks_relations.say_bye scheduled__2023-05-30T00:00:00+00:00 [queued]>
[2023-09-05T15:28:29.051+0000] {taskinstance.py:1159} INFO - Dependencies all met for dep_context=requeueable deps ti=<TaskInstance: tasks_relations.say_bye scheduled__2023-05-30T00:00:00+00:00 [queued]>
[2023-09-05T15:28:29.159+0000] {taskinstance.py:1361} INFO - Starting attempt 1 of 1
[2023-09-05T15:28:29.535+0000] {taskinstance.py:1382} INFO - Executing <Task(_PythonDecoratedOperator): say_bye> on 2023-05-30 00:00:00+00:00
[2023-09-05T15:28:29.628+0000] {standard_task_runner.py:57} INFO - Started process 1106 to run task
[2023-09-05T15:28:29.649+0000] {standard_task_runner.py:84} INFO - Running: ['***', 'tasks', 'run', 'tasks_relations', 'say_bye', 'scheduled__2023-05-30T00:00:00+00:00', '--job-id', '489', '--raw', '--subdir', 'DAGS_FOLDER/tasks_relations.py', '--cfg-path', '/tmp/tmpx2f1ehsj']
[2023-09-05T15:28:29.776+0000] {standard_task_runner.py:85} INFO - Job 489: Subtask say_bye
[2023-09-05T15:28:30.839+0000] {task_command.py:415} INFO - Running <TaskInstance: tasks_relations.say_bye scheduled__2023-05-30T00:00:00+00:00 [running]> on host ca474790e981
[2023-09-05T15:28:32.969+0000] {taskinstance.py:1660} INFO - Exporting env vars: AIRFLOW_CTX_DAG_OWNER='***' AIRFLOW_CTX_DAG_ID='tasks_relations' AIRFLOW_CTX_TASK_ID='say_bye' AIRFLOW_CTX_EXECUTION_DATE='2023-05-30T00:00:00+00:00' AIRFLOW_CTX_TRY_NUMBER='1' AIRFLOW_CTX_DAG_RUN_ID='scheduled__2023-05-30T00:00:00+00:00'
[2023-09-05T15:28:33.097+0000] {logging_mixin.py:151} INFO - goodbye world
[2023-09-05T15:28:33.140+0000] {python.py:194} INFO - Done. Returned value was: None
[2023-09-05T15:28:33.417+0000] {taskinstance.py:1400} INFO - Marking task as SUCCESS. dag_id=tasks_relations, task_id=say_bye, execution_date=20230530T000000, start_date=20230905T152829, end_date=20230905T152833
[2023-09-05T15:28:33.773+0000] {local_task_job_runner.py:228} INFO - Task exited with return code 0
[2023-09-05T15:28:34.314+0000] {taskinstance.py:2784} INFO - 2 downstream tasks scheduled from follow-on schedule check
[2023-09-12T17:36:14.841+0000] {taskinstance.py:1159} INFO - Dependencies all met for dep_context=non-requeueable deps ti=<TaskInstance: tasks_relations.say_bye scheduled__2023-05-30T00:00:00+00:00 [queued]>
[2023-09-12T17:36:14.898+0000] {taskinstance.py:1159} INFO - Dependencies all met for dep_context=requeueable deps ti=<TaskInstance: tasks_relations.say_bye scheduled__2023-05-30T00:00:00+00:00 [queued]>
[2023-09-12T17:36:14.901+0000] {taskinstance.py:1361} INFO - Starting attempt 1 of 1
[2023-09-12T17:36:14.956+0000] {taskinstance.py:1382} INFO - Executing <Task(_PythonDecoratedOperator): say_bye> on 2023-05-30 00:00:00+00:00
[2023-09-12T17:36:14.980+0000] {standard_task_runner.py:57} INFO - Started process 2494 to run task
[2023-09-12T17:36:15.004+0000] {standard_task_runner.py:84} INFO - Running: ['***', 'tasks', 'run', 'tasks_relations', 'say_bye', 'scheduled__2023-05-30T00:00:00+00:00', '--job-id', '1174', '--raw', '--subdir', 'DAGS_FOLDER/2_tasks_relations.py', '--cfg-path', '/tmp/tmpx1_6y72b']
[2023-09-12T17:36:15.017+0000] {standard_task_runner.py:85} INFO - Job 1174: Subtask say_bye
[2023-09-12T17:36:15.192+0000] {task_command.py:415} INFO - Running <TaskInstance: tasks_relations.say_bye scheduled__2023-05-30T00:00:00+00:00 [running]> on host 0ab7970e0956
[2023-09-12T17:36:15.558+0000] {taskinstance.py:1660} INFO - Exporting env vars: AIRFLOW_CTX_DAG_OWNER='***' AIRFLOW_CTX_DAG_ID='tasks_relations' AIRFLOW_CTX_TASK_ID='say_bye' AIRFLOW_CTX_EXECUTION_DATE='2023-05-30T00:00:00+00:00' AIRFLOW_CTX_TRY_NUMBER='1' AIRFLOW_CTX_DAG_RUN_ID='scheduled__2023-05-30T00:00:00+00:00'
[2023-09-12T17:36:15.560+0000] {logging_mixin.py:151} INFO - goodbye world
[2023-09-12T17:36:15.560+0000] {python.py:194} INFO - Done. Returned value was: None
[2023-09-12T17:36:15.584+0000] {taskinstance.py:1400} INFO - Marking task as SUCCESS. dag_id=tasks_relations, task_id=say_bye, execution_date=20230530T000000, start_date=20230912T173614, end_date=20230912T173615
[2023-09-12T17:36:15.665+0000] {local_task_job_runner.py:228} INFO - Task exited with return code 0
[2023-09-12T17:36:15.755+0000] {taskinstance.py:2784} INFO - 2 downstream tasks scheduled from follow-on schedule check
