[2023-09-05T15:30:12.810+0000] {taskinstance.py:1159} INFO - Dependencies all met for dep_context=non-requeueable deps ti=<TaskInstance: tasks_relations.or_that_way scheduled__2023-07-17T00:00:00+00:00 [queued]>
[2023-09-05T15:30:12.826+0000] {taskinstance.py:1159} INFO - Dependencies all met for dep_context=requeueable deps ti=<TaskInstance: tasks_relations.or_that_way scheduled__2023-07-17T00:00:00+00:00 [queued]>
[2023-09-05T15:30:12.833+0000] {taskinstance.py:1361} INFO - Starting attempt 1 of 1
[2023-09-05T15:30:12.846+0000] {taskinstance.py:1382} INFO - Executing <Task(_PythonDecoratedOperator): or_that_way> on 2023-07-17 00:00:00+00:00
[2023-09-05T15:30:12.860+0000] {standard_task_runner.py:57} INFO - Started process 1578 to run task
[2023-09-05T15:30:12.874+0000] {standard_task_runner.py:84} INFO - Running: ['***', 'tasks', 'run', 'tasks_relations', 'or_that_way', 'scheduled__2023-07-17T00:00:00+00:00', '--job-id', '715', '--raw', '--subdir', 'DAGS_FOLDER/tasks_relations.py', '--cfg-path', '/tmp/tmp_w43udcc']
[2023-09-05T15:30:12.888+0000] {standard_task_runner.py:85} INFO - Job 715: Subtask or_that_way
[2023-09-05T15:30:13.016+0000] {task_command.py:415} INFO - Running <TaskInstance: tasks_relations.or_that_way scheduled__2023-07-17T00:00:00+00:00 [running]> on host ca474790e981
[2023-09-05T15:30:13.157+0000] {taskinstance.py:1660} INFO - Exporting env vars: AIRFLOW_CTX_DAG_OWNER='***' AIRFLOW_CTX_DAG_ID='tasks_relations' AIRFLOW_CTX_TASK_ID='or_that_way' AIRFLOW_CTX_EXECUTION_DATE='2023-07-17T00:00:00+00:00' AIRFLOW_CTX_TRY_NUMBER='1' AIRFLOW_CTX_DAG_RUN_ID='scheduled__2023-07-17T00:00:00+00:00'
[2023-09-05T15:30:13.159+0000] {logging_mixin.py:151} INFO - NO NO, THAT WAY WAY!!!
[2023-09-05T15:30:13.160+0000] {python.py:194} INFO - Done. Returned value was: None
[2023-09-05T15:30:13.178+0000] {taskinstance.py:1400} INFO - Marking task as SUCCESS. dag_id=tasks_relations, task_id=or_that_way, execution_date=20230717T000000, start_date=20230905T153012, end_date=20230905T153013
[2023-09-05T15:30:13.215+0000] {local_task_job_runner.py:228} INFO - Task exited with return code 0
[2023-09-05T15:30:13.234+0000] {taskinstance.py:2784} INFO - 0 downstream tasks scheduled from follow-on schedule check
[2023-09-12T17:37:11.130+0000] {taskinstance.py:1159} INFO - Dependencies all met for dep_context=non-requeueable deps ti=<TaskInstance: tasks_relations.or_that_way scheduled__2023-07-17T00:00:00+00:00 [queued]>
[2023-09-12T17:37:11.178+0000] {taskinstance.py:1159} INFO - Dependencies all met for dep_context=requeueable deps ti=<TaskInstance: tasks_relations.or_that_way scheduled__2023-07-17T00:00:00+00:00 [queued]>
[2023-09-12T17:37:11.178+0000] {taskinstance.py:1361} INFO - Starting attempt 1 of 1
[2023-09-12T17:37:11.221+0000] {taskinstance.py:1382} INFO - Executing <Task(_PythonDecoratedOperator): or_that_way> on 2023-07-17 00:00:00+00:00
[2023-09-12T17:37:11.238+0000] {standard_task_runner.py:57} INFO - Started process 3124 to run task
[2023-09-12T17:37:11.263+0000] {standard_task_runner.py:84} INFO - Running: ['***', 'tasks', 'run', 'tasks_relations', 'or_that_way', 'scheduled__2023-07-17T00:00:00+00:00', '--job-id', '1482', '--raw', '--subdir', 'DAGS_FOLDER/2_tasks_relations.py', '--cfg-path', '/tmp/tmp_wvrqjr8']
[2023-09-12T17:37:11.283+0000] {standard_task_runner.py:85} INFO - Job 1482: Subtask or_that_way
[2023-09-12T17:37:11.444+0000] {task_command.py:415} INFO - Running <TaskInstance: tasks_relations.or_that_way scheduled__2023-07-17T00:00:00+00:00 [running]> on host 0ab7970e0956
[2023-09-12T17:37:11.733+0000] {taskinstance.py:1660} INFO - Exporting env vars: AIRFLOW_CTX_DAG_OWNER='***' AIRFLOW_CTX_DAG_ID='tasks_relations' AIRFLOW_CTX_TASK_ID='or_that_way' AIRFLOW_CTX_EXECUTION_DATE='2023-07-17T00:00:00+00:00' AIRFLOW_CTX_TRY_NUMBER='1' AIRFLOW_CTX_DAG_RUN_ID='scheduled__2023-07-17T00:00:00+00:00'
[2023-09-12T17:37:11.740+0000] {logging_mixin.py:151} INFO - NO NO, THAT WAY WAY!!!
[2023-09-12T17:37:11.740+0000] {python.py:194} INFO - Done. Returned value was: None
[2023-09-12T17:37:11.769+0000] {taskinstance.py:1400} INFO - Marking task as SUCCESS. dag_id=tasks_relations, task_id=or_that_way, execution_date=20230717T000000, start_date=20230912T173711, end_date=20230912T173711
[2023-09-12T17:37:11.856+0000] {local_task_job_runner.py:228} INFO - Task exited with return code 0
[2023-09-12T17:37:11.889+0000] {taskinstance.py:2784} INFO - 0 downstream tasks scheduled from follow-on schedule check
