[2023-09-05T15:25:27.601+0000] {taskinstance.py:1159} INFO - Dependencies all met for dep_context=non-requeueable deps ti=<TaskInstance: tasks_relations.say_bye scheduled__2023-03-06T00:00:00+00:00 [queued]>
[2023-09-05T15:25:27.654+0000] {taskinstance.py:1159} INFO - Dependencies all met for dep_context=requeueable deps ti=<TaskInstance: tasks_relations.say_bye scheduled__2023-03-06T00:00:00+00:00 [queued]>
[2023-09-05T15:25:27.656+0000] {taskinstance.py:1361} INFO - Starting attempt 1 of 1
[2023-09-05T15:25:27.695+0000] {taskinstance.py:1382} INFO - Executing <Task(_PythonDecoratedOperator): say_bye> on 2023-03-06 00:00:00+00:00
[2023-09-05T15:25:27.716+0000] {standard_task_runner.py:57} INFO - Started process 522 to run task
[2023-09-05T15:25:27.749+0000] {standard_task_runner.py:84} INFO - Running: ['***', 'tasks', 'run', 'tasks_relations', 'say_bye', 'scheduled__2023-03-06T00:00:00+00:00', '--job-id', '220', '--raw', '--subdir', 'DAGS_FOLDER/tasks_relations.py', '--cfg-path', '/tmp/tmpg1v0q2zh']
[2023-09-05T15:25:27.767+0000] {standard_task_runner.py:85} INFO - Job 220: Subtask say_bye
[2023-09-05T15:25:28.104+0000] {task_command.py:415} INFO - Running <TaskInstance: tasks_relations.say_bye scheduled__2023-03-06T00:00:00+00:00 [running]> on host ca474790e981
[2023-09-05T15:25:28.658+0000] {taskinstance.py:1660} INFO - Exporting env vars: AIRFLOW_CTX_DAG_OWNER='***' AIRFLOW_CTX_DAG_ID='tasks_relations' AIRFLOW_CTX_TASK_ID='say_bye' AIRFLOW_CTX_EXECUTION_DATE='2023-03-06T00:00:00+00:00' AIRFLOW_CTX_TRY_NUMBER='1' AIRFLOW_CTX_DAG_RUN_ID='scheduled__2023-03-06T00:00:00+00:00'
[2023-09-05T15:25:28.670+0000] {logging_mixin.py:151} INFO - goodbye ***
[2023-09-05T15:25:28.672+0000] {python.py:194} INFO - Done. Returned value was: None
[2023-09-05T15:25:28.831+0000] {taskinstance.py:1400} INFO - Marking task as SUCCESS. dag_id=tasks_relations, task_id=say_bye, execution_date=20230306T000000, start_date=20230905T152527, end_date=20230905T152528
[2023-09-05T15:25:28.969+0000] {local_task_job_runner.py:228} INFO - Task exited with return code 0
[2023-09-05T15:25:29.212+0000] {taskinstance.py:2784} INFO - 0 downstream tasks scheduled from follow-on schedule check
[2023-09-12T17:34:41.984+0000] {taskinstance.py:1159} INFO - Dependencies all met for dep_context=non-requeueable deps ti=<TaskInstance: tasks_relations.say_bye scheduled__2023-03-06T00:00:00+00:00 [queued]>
[2023-09-12T17:34:42.019+0000] {taskinstance.py:1159} INFO - Dependencies all met for dep_context=requeueable deps ti=<TaskInstance: tasks_relations.say_bye scheduled__2023-03-06T00:00:00+00:00 [queued]>
[2023-09-12T17:34:42.020+0000] {taskinstance.py:1361} INFO - Starting attempt 1 of 1
[2023-09-12T17:34:42.033+0000] {taskinstance.py:1382} INFO - Executing <Task(_PythonDecoratedOperator): say_bye> on 2023-03-06 00:00:00+00:00
[2023-09-12T17:34:42.046+0000] {standard_task_runner.py:57} INFO - Started process 1246 to run task
[2023-09-12T17:34:42.052+0000] {standard_task_runner.py:84} INFO - Running: ['***', 'tasks', 'run', 'tasks_relations', 'say_bye', 'scheduled__2023-03-06T00:00:00+00:00', '--job-id', '564', '--raw', '--subdir', 'DAGS_FOLDER/2_tasks_relations.py', '--cfg-path', '/tmp/tmp3x2myl9_']
[2023-09-12T17:34:42.066+0000] {standard_task_runner.py:85} INFO - Job 564: Subtask say_bye
[2023-09-12T17:34:42.136+0000] {task_command.py:415} INFO - Running <TaskInstance: tasks_relations.say_bye scheduled__2023-03-06T00:00:00+00:00 [running]> on host 0ab7970e0956
[2023-09-12T17:34:42.263+0000] {taskinstance.py:1660} INFO - Exporting env vars: AIRFLOW_CTX_DAG_OWNER='***' AIRFLOW_CTX_DAG_ID='tasks_relations' AIRFLOW_CTX_TASK_ID='say_bye' AIRFLOW_CTX_EXECUTION_DATE='2023-03-06T00:00:00+00:00' AIRFLOW_CTX_TRY_NUMBER='1' AIRFLOW_CTX_DAG_RUN_ID='scheduled__2023-03-06T00:00:00+00:00'
[2023-09-12T17:34:42.268+0000] {logging_mixin.py:151} INFO - goodbye world
[2023-09-12T17:34:42.269+0000] {python.py:194} INFO - Done. Returned value was: None
[2023-09-12T17:34:42.280+0000] {taskinstance.py:1400} INFO - Marking task as SUCCESS. dag_id=tasks_relations, task_id=say_bye, execution_date=20230306T000000, start_date=20230912T173441, end_date=20230912T173442
[2023-09-12T17:34:42.310+0000] {local_task_job_runner.py:228} INFO - Task exited with return code 0
[2023-09-12T17:34:42.403+0000] {taskinstance.py:2784} INFO - 0 downstream tasks scheduled from follow-on schedule check
