[2023-09-05T15:25:29.177+0000] {taskinstance.py:1159} INFO - Dependencies all met for dep_context=non-requeueable deps ti=<TaskInstance: tasks_relations.say_hello scheduled__2023-03-16T00:00:00+00:00 [queued]>
[2023-09-05T15:25:29.300+0000] {taskinstance.py:1159} INFO - Dependencies all met for dep_context=requeueable deps ti=<TaskInstance: tasks_relations.say_hello scheduled__2023-03-16T00:00:00+00:00 [queued]>
[2023-09-05T15:25:29.305+0000] {taskinstance.py:1361} INFO - Starting attempt 1 of 1
[2023-09-05T15:25:29.431+0000] {taskinstance.py:1382} INFO - Executing <Task(_PythonDecoratedOperator): say_hello> on 2023-03-16 00:00:00+00:00
[2023-09-05T15:25:29.459+0000] {standard_task_runner.py:57} INFO - Started process 528 to run task
[2023-09-05T15:25:29.510+0000] {standard_task_runner.py:84} INFO - Running: ['***', 'tasks', 'run', 'tasks_relations', 'say_hello', 'scheduled__2023-03-16T00:00:00+00:00', '--job-id', '226', '--raw', '--subdir', 'DAGS_FOLDER/tasks_relations.py', '--cfg-path', '/tmp/tmpmml79_w9']
[2023-09-05T15:25:29.528+0000] {standard_task_runner.py:85} INFO - Job 226: Subtask say_hello
[2023-09-05T15:25:29.986+0000] {task_command.py:415} INFO - Running <TaskInstance: tasks_relations.say_hello scheduled__2023-03-16T00:00:00+00:00 [running]> on host ca474790e981
[2023-09-05T15:25:30.411+0000] {taskinstance.py:1660} INFO - Exporting env vars: AIRFLOW_CTX_DAG_OWNER='***' AIRFLOW_CTX_DAG_ID='tasks_relations' AIRFLOW_CTX_TASK_ID='say_hello' AIRFLOW_CTX_EXECUTION_DATE='2023-03-16T00:00:00+00:00' AIRFLOW_CTX_TRY_NUMBER='1' AIRFLOW_CTX_DAG_RUN_ID='scheduled__2023-03-16T00:00:00+00:00'
[2023-09-05T15:25:30.426+0000] {logging_mixin.py:151} INFO - hello ***
[2023-09-05T15:25:30.429+0000] {python.py:194} INFO - Done. Returned value was: None
[2023-09-05T15:25:30.470+0000] {taskinstance.py:1400} INFO - Marking task as SUCCESS. dag_id=tasks_relations, task_id=say_hello, execution_date=20230316T000000, start_date=20230905T152529, end_date=20230905T152530
[2023-09-05T15:25:30.647+0000] {local_task_job_runner.py:228} INFO - Task exited with return code 0
[2023-09-05T15:25:30.867+0000] {taskinstance.py:2784} INFO - 1 downstream tasks scheduled from follow-on schedule check
[2023-09-12T17:34:46.970+0000] {taskinstance.py:1159} INFO - Dependencies all met for dep_context=non-requeueable deps ti=<TaskInstance: tasks_relations.say_hello scheduled__2023-03-16T00:00:00+00:00 [queued]>
[2023-09-12T17:34:47.042+0000] {taskinstance.py:1159} INFO - Dependencies all met for dep_context=requeueable deps ti=<TaskInstance: tasks_relations.say_hello scheduled__2023-03-16T00:00:00+00:00 [queued]>
[2023-09-12T17:34:47.055+0000] {taskinstance.py:1361} INFO - Starting attempt 1 of 1
[2023-09-12T17:34:47.096+0000] {taskinstance.py:1382} INFO - Executing <Task(_PythonDecoratedOperator): say_hello> on 2023-03-16 00:00:00+00:00
[2023-09-12T17:34:47.139+0000] {standard_task_runner.py:57} INFO - Started process 1327 to run task
[2023-09-12T17:34:47.165+0000] {standard_task_runner.py:84} INFO - Running: ['***', 'tasks', 'run', 'tasks_relations', 'say_hello', 'scheduled__2023-03-16T00:00:00+00:00', '--job-id', '602', '--raw', '--subdir', 'DAGS_FOLDER/2_tasks_relations.py', '--cfg-path', '/tmp/tmp1g_p3sfo']
[2023-09-12T17:34:47.173+0000] {standard_task_runner.py:85} INFO - Job 602: Subtask say_hello
[2023-09-12T17:34:47.357+0000] {task_command.py:415} INFO - Running <TaskInstance: tasks_relations.say_hello scheduled__2023-03-16T00:00:00+00:00 [running]> on host 0ab7970e0956
[2023-09-12T17:34:47.554+0000] {taskinstance.py:1660} INFO - Exporting env vars: AIRFLOW_CTX_DAG_OWNER='***' AIRFLOW_CTX_DAG_ID='tasks_relations' AIRFLOW_CTX_TASK_ID='say_hello' AIRFLOW_CTX_EXECUTION_DATE='2023-03-16T00:00:00+00:00' AIRFLOW_CTX_TRY_NUMBER='1' AIRFLOW_CTX_DAG_RUN_ID='scheduled__2023-03-16T00:00:00+00:00'
[2023-09-12T17:34:47.555+0000] {logging_mixin.py:151} INFO - hello world
[2023-09-12T17:34:47.555+0000] {python.py:194} INFO - Done. Returned value was: None
[2023-09-12T17:34:47.572+0000] {taskinstance.py:1400} INFO - Marking task as SUCCESS. dag_id=tasks_relations, task_id=say_hello, execution_date=20230316T000000, start_date=20230912T173446, end_date=20230912T173447
[2023-09-12T17:34:47.648+0000] {local_task_job_runner.py:228} INFO - Task exited with return code 0
[2023-09-12T17:34:47.684+0000] {taskinstance.py:2784} INFO - 1 downstream tasks scheduled from follow-on schedule check
