[2023-09-05T15:31:33.912+0000] {taskinstance.py:1159} INFO - Dependencies all met for dep_context=non-requeueable deps ti=<TaskInstance: tasks_relations.say_bye scheduled__2023-09-02T00:00:00+00:00 [queued]>
[2023-09-05T15:31:33.976+0000] {taskinstance.py:1159} INFO - Dependencies all met for dep_context=requeueable deps ti=<TaskInstance: tasks_relations.say_bye scheduled__2023-09-02T00:00:00+00:00 [queued]>
[2023-09-05T15:31:33.996+0000] {taskinstance.py:1361} INFO - Starting attempt 1 of 1
[2023-09-05T15:31:34.075+0000] {taskinstance.py:1382} INFO - Executing <Task(_PythonDecoratedOperator): say_bye> on 2023-09-02 00:00:00+00:00
[2023-09-05T15:31:34.136+0000] {standard_task_runner.py:57} INFO - Started process 2041 to run task
[2023-09-05T15:31:34.196+0000] {standard_task_runner.py:84} INFO - Running: ['***', 'tasks', 'run', 'tasks_relations', 'say_bye', 'scheduled__2023-09-02T00:00:00+00:00', '--job-id', '935', '--raw', '--subdir', 'DAGS_FOLDER/tasks_relations.py', '--cfg-path', '/tmp/tmpgsrur_wb']
[2023-09-05T15:31:34.216+0000] {standard_task_runner.py:85} INFO - Job 935: Subtask say_bye
[2023-09-05T15:31:34.711+0000] {task_command.py:415} INFO - Running <TaskInstance: tasks_relations.say_bye scheduled__2023-09-02T00:00:00+00:00 [running]> on host ca474790e981
[2023-09-05T15:31:35.215+0000] {taskinstance.py:1660} INFO - Exporting env vars: AIRFLOW_CTX_DAG_OWNER='***' AIRFLOW_CTX_DAG_ID='tasks_relations' AIRFLOW_CTX_TASK_ID='say_bye' AIRFLOW_CTX_EXECUTION_DATE='2023-09-02T00:00:00+00:00' AIRFLOW_CTX_TRY_NUMBER='1' AIRFLOW_CTX_DAG_RUN_ID='scheduled__2023-09-02T00:00:00+00:00'
[2023-09-05T15:31:35.218+0000] {logging_mixin.py:151} INFO - goodbye world
[2023-09-05T15:31:35.221+0000] {python.py:194} INFO - Done. Returned value was: None
[2023-09-05T15:31:35.285+0000] {taskinstance.py:1400} INFO - Marking task as SUCCESS. dag_id=tasks_relations, task_id=say_bye, execution_date=20230902T000000, start_date=20230905T153133, end_date=20230905T153135
[2023-09-05T15:31:35.545+0000] {local_task_job_runner.py:228} INFO - Task exited with return code 0
[2023-09-05T15:31:35.650+0000] {taskinstance.py:2784} INFO - 2 downstream tasks scheduled from follow-on schedule check
[2023-09-12T17:37:52.709+0000] {taskinstance.py:1159} INFO - Dependencies all met for dep_context=non-requeueable deps ti=<TaskInstance: tasks_relations.say_bye scheduled__2023-09-02T00:00:00+00:00 [queued]>
[2023-09-12T17:37:52.727+0000] {taskinstance.py:1159} INFO - Dependencies all met for dep_context=requeueable deps ti=<TaskInstance: tasks_relations.say_bye scheduled__2023-09-02T00:00:00+00:00 [queued]>
[2023-09-12T17:37:52.730+0000] {taskinstance.py:1361} INFO - Starting attempt 1 of 1
[2023-09-12T17:37:52.748+0000] {taskinstance.py:1382} INFO - Executing <Task(_PythonDecoratedOperator): say_bye> on 2023-09-02 00:00:00+00:00
[2023-09-12T17:37:52.764+0000] {standard_task_runner.py:57} INFO - Started process 3598 to run task
[2023-09-12T17:37:52.772+0000] {standard_task_runner.py:84} INFO - Running: ['***', 'tasks', 'run', 'tasks_relations', 'say_bye', 'scheduled__2023-09-02T00:00:00+00:00', '--job-id', '1716', '--raw', '--subdir', 'DAGS_FOLDER/2_tasks_relations.py', '--cfg-path', '/tmp/tmpg3zixxb2']
[2023-09-12T17:37:52.775+0000] {standard_task_runner.py:85} INFO - Job 1716: Subtask say_bye
[2023-09-12T17:37:52.852+0000] {task_command.py:415} INFO - Running <TaskInstance: tasks_relations.say_bye scheduled__2023-09-02T00:00:00+00:00 [running]> on host 0ab7970e0956
[2023-09-12T17:37:53.002+0000] {taskinstance.py:1660} INFO - Exporting env vars: AIRFLOW_CTX_DAG_OWNER='***' AIRFLOW_CTX_DAG_ID='tasks_relations' AIRFLOW_CTX_TASK_ID='say_bye' AIRFLOW_CTX_EXECUTION_DATE='2023-09-02T00:00:00+00:00' AIRFLOW_CTX_TRY_NUMBER='1' AIRFLOW_CTX_DAG_RUN_ID='scheduled__2023-09-02T00:00:00+00:00'
[2023-09-12T17:37:53.003+0000] {logging_mixin.py:151} INFO - goodbye world
[2023-09-12T17:37:53.003+0000] {python.py:194} INFO - Done. Returned value was: None
[2023-09-12T17:37:53.014+0000] {taskinstance.py:1400} INFO - Marking task as SUCCESS. dag_id=tasks_relations, task_id=say_bye, execution_date=20230902T000000, start_date=20230912T173752, end_date=20230912T173753
[2023-09-12T17:37:53.029+0000] {local_task_job_runner.py:228} INFO - Task exited with return code 0
[2023-09-12T17:37:53.062+0000] {taskinstance.py:2784} INFO - 0 downstream tasks scheduled from follow-on schedule check
