[2023-09-05T15:28:59.413+0000] {taskinstance.py:1159} INFO - Dependencies all met for dep_context=non-requeueable deps ti=<TaskInstance: tasks_relations.say_bye scheduled__2023-06-12T00:00:00+00:00 [queued]>
[2023-09-05T15:28:59.447+0000] {taskinstance.py:1159} INFO - Dependencies all met for dep_context=requeueable deps ti=<TaskInstance: tasks_relations.say_bye scheduled__2023-06-12T00:00:00+00:00 [queued]>
[2023-09-05T15:28:59.469+0000] {taskinstance.py:1361} INFO - Starting attempt 1 of 1
[2023-09-05T15:28:59.648+0000] {taskinstance.py:1382} INFO - Executing <Task(_PythonDecoratedOperator): say_bye> on 2023-06-12 00:00:00+00:00
[2023-09-05T15:28:59.668+0000] {standard_task_runner.py:57} INFO - Started process 1199 to run task
[2023-09-05T15:28:59.754+0000] {standard_task_runner.py:84} INFO - Running: ['***', 'tasks', 'run', 'tasks_relations', 'say_bye', 'scheduled__2023-06-12T00:00:00+00:00', '--job-id', '529', '--raw', '--subdir', 'DAGS_FOLDER/tasks_relations.py', '--cfg-path', '/tmp/tmpesrjiopj']
[2023-09-05T15:28:59.846+0000] {standard_task_runner.py:85} INFO - Job 529: Subtask say_bye
[2023-09-05T15:29:00.430+0000] {task_command.py:415} INFO - Running <TaskInstance: tasks_relations.say_bye scheduled__2023-06-12T00:00:00+00:00 [running]> on host ca474790e981
[2023-09-05T15:29:01.201+0000] {taskinstance.py:1660} INFO - Exporting env vars: AIRFLOW_CTX_DAG_OWNER='***' AIRFLOW_CTX_DAG_ID='tasks_relations' AIRFLOW_CTX_TASK_ID='say_bye' AIRFLOW_CTX_EXECUTION_DATE='2023-06-12T00:00:00+00:00' AIRFLOW_CTX_TRY_NUMBER='1' AIRFLOW_CTX_DAG_RUN_ID='scheduled__2023-06-12T00:00:00+00:00'
[2023-09-05T15:29:01.217+0000] {logging_mixin.py:151} INFO - goodbye world
[2023-09-05T15:29:01.221+0000] {python.py:194} INFO - Done. Returned value was: None
[2023-09-05T15:29:01.313+0000] {taskinstance.py:1400} INFO - Marking task as SUCCESS. dag_id=tasks_relations, task_id=say_bye, execution_date=20230612T000000, start_date=20230905T152859, end_date=20230905T152901
[2023-09-05T15:29:01.608+0000] {local_task_job_runner.py:228} INFO - Task exited with return code 0
[2023-09-05T15:29:01.870+0000] {taskinstance.py:2784} INFO - 0 downstream tasks scheduled from follow-on schedule check
[2023-09-12T17:36:33.745+0000] {taskinstance.py:1159} INFO - Dependencies all met for dep_context=non-requeueable deps ti=<TaskInstance: tasks_relations.say_bye scheduled__2023-06-12T00:00:00+00:00 [queued]>
[2023-09-12T17:36:33.792+0000] {taskinstance.py:1159} INFO - Dependencies all met for dep_context=requeueable deps ti=<TaskInstance: tasks_relations.say_bye scheduled__2023-06-12T00:00:00+00:00 [queued]>
[2023-09-12T17:36:33.794+0000] {taskinstance.py:1361} INFO - Starting attempt 1 of 1
[2023-09-12T17:36:33.813+0000] {taskinstance.py:1382} INFO - Executing <Task(_PythonDecoratedOperator): say_bye> on 2023-06-12 00:00:00+00:00
[2023-09-12T17:36:33.837+0000] {standard_task_runner.py:57} INFO - Started process 2670 to run task
[2023-09-12T17:36:33.937+0000] {standard_task_runner.py:84} INFO - Running: ['***', 'tasks', 'run', 'tasks_relations', 'say_bye', 'scheduled__2023-06-12T00:00:00+00:00', '--job-id', '1262', '--raw', '--subdir', 'DAGS_FOLDER/2_tasks_relations.py', '--cfg-path', '/tmp/tmptkjfqwyp']
[2023-09-12T17:36:33.940+0000] {standard_task_runner.py:85} INFO - Job 1262: Subtask say_bye
[2023-09-12T17:36:34.164+0000] {task_command.py:415} INFO - Running <TaskInstance: tasks_relations.say_bye scheduled__2023-06-12T00:00:00+00:00 [running]> on host 0ab7970e0956
[2023-09-12T17:36:34.418+0000] {taskinstance.py:1660} INFO - Exporting env vars: AIRFLOW_CTX_DAG_OWNER='***' AIRFLOW_CTX_DAG_ID='tasks_relations' AIRFLOW_CTX_TASK_ID='say_bye' AIRFLOW_CTX_EXECUTION_DATE='2023-06-12T00:00:00+00:00' AIRFLOW_CTX_TRY_NUMBER='1' AIRFLOW_CTX_DAG_RUN_ID='scheduled__2023-06-12T00:00:00+00:00'
[2023-09-12T17:36:34.422+0000] {logging_mixin.py:151} INFO - goodbye world
[2023-09-12T17:36:34.422+0000] {python.py:194} INFO - Done. Returned value was: None
[2023-09-12T17:36:34.448+0000] {taskinstance.py:1400} INFO - Marking task as SUCCESS. dag_id=tasks_relations, task_id=say_bye, execution_date=20230612T000000, start_date=20230912T173633, end_date=20230912T173634
[2023-09-12T17:36:34.545+0000] {local_task_job_runner.py:228} INFO - Task exited with return code 0
[2023-09-12T17:36:34.582+0000] {taskinstance.py:2784} INFO - 2 downstream tasks scheduled from follow-on schedule check
