[2023-09-05T15:25:45.964+0000] {taskinstance.py:1159} INFO - Dependencies all met for dep_context=non-requeueable deps ti=<TaskInstance: tasks_relations.say_bye scheduled__2023-03-18T00:00:00+00:00 [queued]>
[2023-09-05T15:25:46.090+0000] {taskinstance.py:1159} INFO - Dependencies all met for dep_context=requeueable deps ti=<TaskInstance: tasks_relations.say_bye scheduled__2023-03-18T00:00:00+00:00 [queued]>
[2023-09-05T15:25:46.102+0000] {taskinstance.py:1361} INFO - Starting attempt 1 of 1
[2023-09-05T15:25:46.301+0000] {taskinstance.py:1382} INFO - Executing <Task(_PythonDecoratedOperator): say_bye> on 2023-03-18 00:00:00+00:00
[2023-09-05T15:25:46.355+0000] {standard_task_runner.py:57} INFO - Started process 611 to run task
[2023-09-05T15:25:46.391+0000] {standard_task_runner.py:84} INFO - Running: ['***', 'tasks', 'run', 'tasks_relations', 'say_bye', 'scheduled__2023-03-18T00:00:00+00:00', '--job-id', '260', '--raw', '--subdir', 'DAGS_FOLDER/tasks_relations.py', '--cfg-path', '/tmp/tmp51cys6iz']
[2023-09-05T15:25:46.411+0000] {standard_task_runner.py:85} INFO - Job 260: Subtask say_bye
[2023-09-05T15:25:46.671+0000] {task_command.py:415} INFO - Running <TaskInstance: tasks_relations.say_bye scheduled__2023-03-18T00:00:00+00:00 [running]> on host ca474790e981
[2023-09-05T15:25:47.280+0000] {taskinstance.py:1660} INFO - Exporting env vars: AIRFLOW_CTX_DAG_OWNER='***' AIRFLOW_CTX_DAG_ID='tasks_relations' AIRFLOW_CTX_TASK_ID='say_bye' AIRFLOW_CTX_EXECUTION_DATE='2023-03-18T00:00:00+00:00' AIRFLOW_CTX_TRY_NUMBER='1' AIRFLOW_CTX_DAG_RUN_ID='scheduled__2023-03-18T00:00:00+00:00'
[2023-09-05T15:25:47.288+0000] {logging_mixin.py:151} INFO - goodbye ***
[2023-09-05T15:25:47.290+0000] {python.py:194} INFO - Done. Returned value was: None
[2023-09-05T15:25:47.355+0000] {taskinstance.py:1400} INFO - Marking task as SUCCESS. dag_id=tasks_relations, task_id=say_bye, execution_date=20230318T000000, start_date=20230905T152545, end_date=20230905T152547
[2023-09-05T15:25:47.698+0000] {local_task_job_runner.py:228} INFO - Task exited with return code 0
[2023-09-05T15:25:47.962+0000] {taskinstance.py:2784} INFO - 0 downstream tasks scheduled from follow-on schedule check
[2023-09-12T17:34:50.549+0000] {taskinstance.py:1159} INFO - Dependencies all met for dep_context=non-requeueable deps ti=<TaskInstance: tasks_relations.say_bye scheduled__2023-03-18T00:00:00+00:00 [queued]>
[2023-09-12T17:34:50.578+0000] {taskinstance.py:1159} INFO - Dependencies all met for dep_context=requeueable deps ti=<TaskInstance: tasks_relations.say_bye scheduled__2023-03-18T00:00:00+00:00 [queued]>
[2023-09-12T17:34:50.581+0000] {taskinstance.py:1361} INFO - Starting attempt 1 of 1
[2023-09-12T17:34:50.633+0000] {taskinstance.py:1382} INFO - Executing <Task(_PythonDecoratedOperator): say_bye> on 2023-03-18 00:00:00+00:00
[2023-09-12T17:34:50.660+0000] {standard_task_runner.py:57} INFO - Started process 1387 to run task
[2023-09-12T17:34:50.674+0000] {standard_task_runner.py:84} INFO - Running: ['***', 'tasks', 'run', 'tasks_relations', 'say_bye', 'scheduled__2023-03-18T00:00:00+00:00', '--job-id', '628', '--raw', '--subdir', 'DAGS_FOLDER/2_tasks_relations.py', '--cfg-path', '/tmp/tmpqrfj5n0m']
[2023-09-12T17:34:50.682+0000] {standard_task_runner.py:85} INFO - Job 628: Subtask say_bye
[2023-09-12T17:34:50.851+0000] {task_command.py:415} INFO - Running <TaskInstance: tasks_relations.say_bye scheduled__2023-03-18T00:00:00+00:00 [running]> on host 0ab7970e0956
[2023-09-12T17:34:51.075+0000] {taskinstance.py:1660} INFO - Exporting env vars: AIRFLOW_CTX_DAG_OWNER='***' AIRFLOW_CTX_DAG_ID='tasks_relations' AIRFLOW_CTX_TASK_ID='say_bye' AIRFLOW_CTX_EXECUTION_DATE='2023-03-18T00:00:00+00:00' AIRFLOW_CTX_TRY_NUMBER='1' AIRFLOW_CTX_DAG_RUN_ID='scheduled__2023-03-18T00:00:00+00:00'
[2023-09-12T17:34:51.085+0000] {logging_mixin.py:151} INFO - goodbye world
[2023-09-12T17:34:51.107+0000] {python.py:194} INFO - Done. Returned value was: None
[2023-09-12T17:34:51.139+0000] {taskinstance.py:1400} INFO - Marking task as SUCCESS. dag_id=tasks_relations, task_id=say_bye, execution_date=20230318T000000, start_date=20230912T173450, end_date=20230912T173451
[2023-09-12T17:34:51.260+0000] {local_task_job_runner.py:228} INFO - Task exited with return code 0
[2023-09-12T17:34:51.328+0000] {taskinstance.py:2784} INFO - 2 downstream tasks scheduled from follow-on schedule check
