[2023-09-05T15:29:00.762+0000] {taskinstance.py:1159} INFO - Dependencies all met for dep_context=non-requeueable deps ti=<TaskInstance: tasks_relations.this_way scheduled__2023-06-04T00:00:00+00:00 [queued]>
[2023-09-05T15:29:00.826+0000] {taskinstance.py:1159} INFO - Dependencies all met for dep_context=requeueable deps ti=<TaskInstance: tasks_relations.this_way scheduled__2023-06-04T00:00:00+00:00 [queued]>
[2023-09-05T15:29:00.835+0000] {taskinstance.py:1361} INFO - Starting attempt 1 of 1
[2023-09-05T15:29:01.028+0000] {taskinstance.py:1382} INFO - Executing <Task(_PythonDecoratedOperator): this_way> on 2023-06-04 00:00:00+00:00
[2023-09-05T15:29:01.130+0000] {standard_task_runner.py:57} INFO - Started process 1201 to run task
[2023-09-05T15:29:01.186+0000] {standard_task_runner.py:84} INFO - Running: ['***', 'tasks', 'run', 'tasks_relations', 'this_way', 'scheduled__2023-06-04T00:00:00+00:00', '--job-id', '531', '--raw', '--subdir', 'DAGS_FOLDER/tasks_relations.py', '--cfg-path', '/tmp/tmpcrwfyf0c']
[2023-09-05T15:29:01.265+0000] {standard_task_runner.py:85} INFO - Job 531: Subtask this_way
[2023-09-05T15:29:01.693+0000] {task_command.py:415} INFO - Running <TaskInstance: tasks_relations.this_way scheduled__2023-06-04T00:00:00+00:00 [running]> on host ca474790e981
[2023-09-05T15:29:02.247+0000] {taskinstance.py:1660} INFO - Exporting env vars: AIRFLOW_CTX_DAG_OWNER='***' AIRFLOW_CTX_DAG_ID='tasks_relations' AIRFLOW_CTX_TASK_ID='this_way' AIRFLOW_CTX_EXECUTION_DATE='2023-06-04T00:00:00+00:00' AIRFLOW_CTX_TRY_NUMBER='1' AIRFLOW_CTX_DAG_RUN_ID='scheduled__2023-06-04T00:00:00+00:00'
[2023-09-05T15:29:02.261+0000] {logging_mixin.py:151} INFO - THIS WAY!!!
[2023-09-05T15:29:02.282+0000] {python.py:194} INFO - Done. Returned value was: None
[2023-09-05T15:29:02.620+0000] {taskinstance.py:1400} INFO - Marking task as SUCCESS. dag_id=tasks_relations, task_id=this_way, execution_date=20230604T000000, start_date=20230905T152900, end_date=20230905T152902
[2023-09-05T15:29:02.906+0000] {local_task_job_runner.py:228} INFO - Task exited with return code 0
[2023-09-05T15:29:03.323+0000] {taskinstance.py:2784} INFO - 0 downstream tasks scheduled from follow-on schedule check
[2023-09-12T17:36:19.785+0000] {taskinstance.py:1159} INFO - Dependencies all met for dep_context=non-requeueable deps ti=<TaskInstance: tasks_relations.this_way scheduled__2023-06-04T00:00:00+00:00 [queued]>
[2023-09-12T17:36:19.806+0000] {taskinstance.py:1159} INFO - Dependencies all met for dep_context=requeueable deps ti=<TaskInstance: tasks_relations.this_way scheduled__2023-06-04T00:00:00+00:00 [queued]>
[2023-09-12T17:36:19.807+0000] {taskinstance.py:1361} INFO - Starting attempt 1 of 1
[2023-09-12T17:36:19.843+0000] {taskinstance.py:1382} INFO - Executing <Task(_PythonDecoratedOperator): this_way> on 2023-06-04 00:00:00+00:00
[2023-09-12T17:36:19.854+0000] {standard_task_runner.py:57} INFO - Started process 2561 to run task
[2023-09-12T17:36:19.865+0000] {standard_task_runner.py:84} INFO - Running: ['***', 'tasks', 'run', 'tasks_relations', 'this_way', 'scheduled__2023-06-04T00:00:00+00:00', '--job-id', '1210', '--raw', '--subdir', 'DAGS_FOLDER/2_tasks_relations.py', '--cfg-path', '/tmp/tmpnxbc1yhj']
[2023-09-12T17:36:19.871+0000] {standard_task_runner.py:85} INFO - Job 1210: Subtask this_way
[2023-09-12T17:36:19.951+0000] {task_command.py:415} INFO - Running <TaskInstance: tasks_relations.this_way scheduled__2023-06-04T00:00:00+00:00 [running]> on host 0ab7970e0956
[2023-09-12T17:36:20.061+0000] {taskinstance.py:1660} INFO - Exporting env vars: AIRFLOW_CTX_DAG_OWNER='***' AIRFLOW_CTX_DAG_ID='tasks_relations' AIRFLOW_CTX_TASK_ID='this_way' AIRFLOW_CTX_EXECUTION_DATE='2023-06-04T00:00:00+00:00' AIRFLOW_CTX_TRY_NUMBER='1' AIRFLOW_CTX_DAG_RUN_ID='scheduled__2023-06-04T00:00:00+00:00'
[2023-09-12T17:36:20.063+0000] {logging_mixin.py:151} INFO - THIS WAY!!!
[2023-09-12T17:36:20.065+0000] {python.py:194} INFO - Done. Returned value was: None
[2023-09-12T17:36:20.076+0000] {taskinstance.py:1400} INFO - Marking task as SUCCESS. dag_id=tasks_relations, task_id=this_way, execution_date=20230604T000000, start_date=20230912T173619, end_date=20230912T173620
[2023-09-12T17:36:20.125+0000] {local_task_job_runner.py:228} INFO - Task exited with return code 0
[2023-09-12T17:36:20.141+0000] {taskinstance.py:2784} INFO - 1 downstream tasks scheduled from follow-on schedule check
