[2023-09-05T15:30:19.994+0000] {taskinstance.py:1159} INFO - Dependencies all met for dep_context=non-requeueable deps ti=<TaskInstance: tasks_relations.say_hello scheduled__2023-07-22T00:00:00+00:00 [queued]>
[2023-09-05T15:30:20.018+0000] {taskinstance.py:1159} INFO - Dependencies all met for dep_context=requeueable deps ti=<TaskInstance: tasks_relations.say_hello scheduled__2023-07-22T00:00:00+00:00 [queued]>
[2023-09-05T15:30:20.020+0000] {taskinstance.py:1361} INFO - Starting attempt 1 of 1
[2023-09-05T15:30:20.186+0000] {taskinstance.py:1382} INFO - Executing <Task(_PythonDecoratedOperator): say_hello> on 2023-07-22 00:00:00+00:00
[2023-09-05T15:30:20.200+0000] {standard_task_runner.py:57} INFO - Started process 1623 to run task
[2023-09-05T15:30:20.255+0000] {standard_task_runner.py:84} INFO - Running: ['***', 'tasks', 'run', 'tasks_relations', 'say_hello', 'scheduled__2023-07-22T00:00:00+00:00', '--job-id', '734', '--raw', '--subdir', 'DAGS_FOLDER/tasks_relations.py', '--cfg-path', '/tmp/tmp3xg_zs34']
[2023-09-05T15:30:20.294+0000] {standard_task_runner.py:85} INFO - Job 734: Subtask say_hello
[2023-09-05T15:30:20.749+0000] {task_command.py:415} INFO - Running <TaskInstance: tasks_relations.say_hello scheduled__2023-07-22T00:00:00+00:00 [running]> on host ca474790e981
[2023-09-05T15:30:21.369+0000] {taskinstance.py:1660} INFO - Exporting env vars: AIRFLOW_CTX_DAG_OWNER='***' AIRFLOW_CTX_DAG_ID='tasks_relations' AIRFLOW_CTX_TASK_ID='say_hello' AIRFLOW_CTX_EXECUTION_DATE='2023-07-22T00:00:00+00:00' AIRFLOW_CTX_TRY_NUMBER='1' AIRFLOW_CTX_DAG_RUN_ID='scheduled__2023-07-22T00:00:00+00:00'
[2023-09-05T15:30:21.376+0000] {logging_mixin.py:151} INFO - hello world
[2023-09-05T15:30:21.379+0000] {python.py:194} INFO - Done. Returned value was: None
[2023-09-05T15:30:21.467+0000] {taskinstance.py:1400} INFO - Marking task as SUCCESS. dag_id=tasks_relations, task_id=say_hello, execution_date=20230722T000000, start_date=20230905T153019, end_date=20230905T153021
[2023-09-05T15:30:21.806+0000] {local_task_job_runner.py:228} INFO - Task exited with return code 0
[2023-09-05T15:30:22.043+0000] {taskinstance.py:2784} INFO - 1 downstream tasks scheduled from follow-on schedule check
[2023-09-12T17:37:08.975+0000] {taskinstance.py:1159} INFO - Dependencies all met for dep_context=non-requeueable deps ti=<TaskInstance: tasks_relations.say_hello scheduled__2023-07-22T00:00:00+00:00 [queued]>
[2023-09-12T17:37:09.006+0000] {taskinstance.py:1159} INFO - Dependencies all met for dep_context=requeueable deps ti=<TaskInstance: tasks_relations.say_hello scheduled__2023-07-22T00:00:00+00:00 [queued]>
[2023-09-12T17:37:09.007+0000] {taskinstance.py:1361} INFO - Starting attempt 1 of 1
[2023-09-12T17:37:09.036+0000] {taskinstance.py:1382} INFO - Executing <Task(_PythonDecoratedOperator): say_hello> on 2023-07-22 00:00:00+00:00
[2023-09-12T17:37:09.059+0000] {standard_task_runner.py:57} INFO - Started process 3100 to run task
[2023-09-12T17:37:09.082+0000] {standard_task_runner.py:84} INFO - Running: ['***', 'tasks', 'run', 'tasks_relations', 'say_hello', 'scheduled__2023-07-22T00:00:00+00:00', '--job-id', '1473', '--raw', '--subdir', 'DAGS_FOLDER/2_tasks_relations.py', '--cfg-path', '/tmp/tmp1j5wve3e']
[2023-09-12T17:37:09.088+0000] {standard_task_runner.py:85} INFO - Job 1473: Subtask say_hello
[2023-09-12T17:37:09.342+0000] {task_command.py:415} INFO - Running <TaskInstance: tasks_relations.say_hello scheduled__2023-07-22T00:00:00+00:00 [running]> on host 0ab7970e0956
[2023-09-12T17:37:09.648+0000] {taskinstance.py:1660} INFO - Exporting env vars: AIRFLOW_CTX_DAG_OWNER='***' AIRFLOW_CTX_DAG_ID='tasks_relations' AIRFLOW_CTX_TASK_ID='say_hello' AIRFLOW_CTX_EXECUTION_DATE='2023-07-22T00:00:00+00:00' AIRFLOW_CTX_TRY_NUMBER='1' AIRFLOW_CTX_DAG_RUN_ID='scheduled__2023-07-22T00:00:00+00:00'
[2023-09-12T17:37:09.649+0000] {logging_mixin.py:151} INFO - hello world
[2023-09-12T17:37:09.653+0000] {python.py:194} INFO - Done. Returned value was: None
[2023-09-12T17:37:09.672+0000] {taskinstance.py:1400} INFO - Marking task as SUCCESS. dag_id=tasks_relations, task_id=say_hello, execution_date=20230722T000000, start_date=20230912T173708, end_date=20230912T173709
[2023-09-12T17:37:09.742+0000] {local_task_job_runner.py:228} INFO - Task exited with return code 0
[2023-09-12T17:37:09.771+0000] {taskinstance.py:2784} INFO - 1 downstream tasks scheduled from follow-on schedule check
