[2023-09-05T15:27:58.228+0000] {taskinstance.py:1159} INFO - Dependencies all met for dep_context=non-requeueable deps ti=<TaskInstance: tasks_relations.say_bye scheduled__2023-05-26T00:00:00+00:00 [queued]>
[2023-09-05T15:27:58.264+0000] {taskinstance.py:1159} INFO - Dependencies all met for dep_context=requeueable deps ti=<TaskInstance: tasks_relations.say_bye scheduled__2023-05-26T00:00:00+00:00 [queued]>
[2023-09-05T15:27:58.297+0000] {taskinstance.py:1361} INFO - Starting attempt 1 of 1
[2023-09-05T15:27:58.612+0000] {taskinstance.py:1382} INFO - Executing <Task(_PythonDecoratedOperator): say_bye> on 2023-05-26 00:00:00+00:00
[2023-09-05T15:27:58.725+0000] {standard_task_runner.py:57} INFO - Started process 1009 to run task
[2023-09-05T15:27:58.773+0000] {standard_task_runner.py:84} INFO - Running: ['***', 'tasks', 'run', 'tasks_relations', 'say_bye', 'scheduled__2023-05-26T00:00:00+00:00', '--job-id', '443', '--raw', '--subdir', 'DAGS_FOLDER/tasks_relations.py', '--cfg-path', '/tmp/tmp1e9f0fd4']
[2023-09-05T15:27:58.848+0000] {standard_task_runner.py:85} INFO - Job 443: Subtask say_bye
[2023-09-05T15:27:59.554+0000] {task_command.py:415} INFO - Running <TaskInstance: tasks_relations.say_bye scheduled__2023-05-26T00:00:00+00:00 [running]> on host ca474790e981
[2023-09-05T15:28:00.777+0000] {taskinstance.py:1660} INFO - Exporting env vars: AIRFLOW_CTX_DAG_OWNER='***' AIRFLOW_CTX_DAG_ID='tasks_relations' AIRFLOW_CTX_TASK_ID='say_bye' AIRFLOW_CTX_EXECUTION_DATE='2023-05-26T00:00:00+00:00' AIRFLOW_CTX_TRY_NUMBER='1' AIRFLOW_CTX_DAG_RUN_ID='scheduled__2023-05-26T00:00:00+00:00'
[2023-09-05T15:28:00.797+0000] {logging_mixin.py:151} INFO - goodbye world
[2023-09-05T15:28:00.809+0000] {python.py:194} INFO - Done. Returned value was: None
[2023-09-05T15:28:00.857+0000] {taskinstance.py:1400} INFO - Marking task as SUCCESS. dag_id=tasks_relations, task_id=say_bye, execution_date=20230526T000000, start_date=20230905T152758, end_date=20230905T152800
[2023-09-05T15:28:01.684+0000] {local_task_job_runner.py:228} INFO - Task exited with return code 0
[2023-09-05T15:28:02.004+0000] {taskinstance.py:2784} INFO - 2 downstream tasks scheduled from follow-on schedule check
[2023-09-12T17:36:05.784+0000] {taskinstance.py:1159} INFO - Dependencies all met for dep_context=non-requeueable deps ti=<TaskInstance: tasks_relations.say_bye scheduled__2023-05-26T00:00:00+00:00 [queued]>
[2023-09-12T17:36:05.814+0000] {taskinstance.py:1159} INFO - Dependencies all met for dep_context=requeueable deps ti=<TaskInstance: tasks_relations.say_bye scheduled__2023-05-26T00:00:00+00:00 [queued]>
[2023-09-12T17:36:05.815+0000] {taskinstance.py:1361} INFO - Starting attempt 1 of 1
[2023-09-12T17:36:05.874+0000] {taskinstance.py:1382} INFO - Executing <Task(_PythonDecoratedOperator): say_bye> on 2023-05-26 00:00:00+00:00
[2023-09-12T17:36:05.887+0000] {standard_task_runner.py:57} INFO - Started process 2389 to run task
[2023-09-12T17:36:05.961+0000] {standard_task_runner.py:84} INFO - Running: ['***', 'tasks', 'run', 'tasks_relations', 'say_bye', 'scheduled__2023-05-26T00:00:00+00:00', '--job-id', '1124', '--raw', '--subdir', 'DAGS_FOLDER/2_tasks_relations.py', '--cfg-path', '/tmp/tmpcd47vmvc']
[2023-09-12T17:36:05.978+0000] {standard_task_runner.py:85} INFO - Job 1124: Subtask say_bye
[2023-09-12T17:36:06.215+0000] {task_command.py:415} INFO - Running <TaskInstance: tasks_relations.say_bye scheduled__2023-05-26T00:00:00+00:00 [running]> on host 0ab7970e0956
[2023-09-12T17:36:06.435+0000] {taskinstance.py:1660} INFO - Exporting env vars: AIRFLOW_CTX_DAG_OWNER='***' AIRFLOW_CTX_DAG_ID='tasks_relations' AIRFLOW_CTX_TASK_ID='say_bye' AIRFLOW_CTX_EXECUTION_DATE='2023-05-26T00:00:00+00:00' AIRFLOW_CTX_TRY_NUMBER='1' AIRFLOW_CTX_DAG_RUN_ID='scheduled__2023-05-26T00:00:00+00:00'
[2023-09-12T17:36:06.439+0000] {logging_mixin.py:151} INFO - goodbye world
[2023-09-12T17:36:06.440+0000] {python.py:194} INFO - Done. Returned value was: None
[2023-09-12T17:36:06.474+0000] {taskinstance.py:1400} INFO - Marking task as SUCCESS. dag_id=tasks_relations, task_id=say_bye, execution_date=20230526T000000, start_date=20230912T173605, end_date=20230912T173606
[2023-09-12T17:36:06.562+0000] {local_task_job_runner.py:228} INFO - Task exited with return code 0
[2023-09-12T17:36:06.603+0000] {taskinstance.py:2784} INFO - 2 downstream tasks scheduled from follow-on schedule check
