[2023-09-05T15:28:09.690+0000] {taskinstance.py:1159} INFO - Dependencies all met for dep_context=non-requeueable deps ti=<TaskInstance: tasks_relations.this_way scheduled__2023-05-29T00:00:00+00:00 [queued]>
[2023-09-05T15:28:09.730+0000] {taskinstance.py:1159} INFO - Dependencies all met for dep_context=requeueable deps ti=<TaskInstance: tasks_relations.this_way scheduled__2023-05-29T00:00:00+00:00 [queued]>
[2023-09-05T15:28:09.743+0000] {taskinstance.py:1361} INFO - Starting attempt 1 of 1
[2023-09-05T15:28:09.876+0000] {taskinstance.py:1382} INFO - Executing <Task(_PythonDecoratedOperator): this_way> on 2023-05-29 00:00:00+00:00
[2023-09-05T15:28:09.906+0000] {standard_task_runner.py:57} INFO - Started process 1060 to run task
[2023-09-05T15:28:10.071+0000] {standard_task_runner.py:84} INFO - Running: ['***', 'tasks', 'run', 'tasks_relations', 'this_way', 'scheduled__2023-05-29T00:00:00+00:00', '--job-id', '469', '--raw', '--subdir', 'DAGS_FOLDER/tasks_relations.py', '--cfg-path', '/tmp/tmpk5lamx5p']
[2023-09-05T15:28:10.133+0000] {standard_task_runner.py:85} INFO - Job 469: Subtask this_way
[2023-09-05T15:28:10.651+0000] {task_command.py:415} INFO - Running <TaskInstance: tasks_relations.this_way scheduled__2023-05-29T00:00:00+00:00 [running]> on host ca474790e981
[2023-09-05T15:28:10.985+0000] {taskinstance.py:1660} INFO - Exporting env vars: AIRFLOW_CTX_DAG_OWNER='***' AIRFLOW_CTX_DAG_ID='tasks_relations' AIRFLOW_CTX_TASK_ID='this_way' AIRFLOW_CTX_EXECUTION_DATE='2023-05-29T00:00:00+00:00' AIRFLOW_CTX_TRY_NUMBER='1' AIRFLOW_CTX_DAG_RUN_ID='scheduled__2023-05-29T00:00:00+00:00'
[2023-09-05T15:28:11.000+0000] {logging_mixin.py:151} INFO - THIS WAY!!!
[2023-09-05T15:28:11.010+0000] {python.py:194} INFO - Done. Returned value was: None
[2023-09-05T15:28:11.078+0000] {taskinstance.py:1400} INFO - Marking task as SUCCESS. dag_id=tasks_relations, task_id=this_way, execution_date=20230529T000000, start_date=20230905T152809, end_date=20230905T152811
[2023-09-05T15:28:11.176+0000] {local_task_job_runner.py:228} INFO - Task exited with return code 0
[2023-09-05T15:28:11.302+0000] {taskinstance.py:2784} INFO - 0 downstream tasks scheduled from follow-on schedule check
[2023-09-12T17:36:16.945+0000] {taskinstance.py:1159} INFO - Dependencies all met for dep_context=non-requeueable deps ti=<TaskInstance: tasks_relations.this_way scheduled__2023-05-29T00:00:00+00:00 [queued]>
[2023-09-12T17:36:16.962+0000] {taskinstance.py:1159} INFO - Dependencies all met for dep_context=requeueable deps ti=<TaskInstance: tasks_relations.this_way scheduled__2023-05-29T00:00:00+00:00 [queued]>
[2023-09-12T17:36:16.970+0000] {taskinstance.py:1361} INFO - Starting attempt 1 of 1
[2023-09-12T17:36:17.024+0000] {taskinstance.py:1382} INFO - Executing <Task(_PythonDecoratedOperator): this_way> on 2023-05-29 00:00:00+00:00
[2023-09-12T17:36:17.050+0000] {standard_task_runner.py:57} INFO - Started process 2522 to run task
[2023-09-12T17:36:17.087+0000] {standard_task_runner.py:84} INFO - Running: ['***', 'tasks', 'run', 'tasks_relations', 'this_way', 'scheduled__2023-05-29T00:00:00+00:00', '--job-id', '1187', '--raw', '--subdir', 'DAGS_FOLDER/2_tasks_relations.py', '--cfg-path', '/tmp/tmp8r53isdy']
[2023-09-12T17:36:17.104+0000] {standard_task_runner.py:85} INFO - Job 1187: Subtask this_way
[2023-09-12T17:36:17.245+0000] {task_command.py:415} INFO - Running <TaskInstance: tasks_relations.this_way scheduled__2023-05-29T00:00:00+00:00 [running]> on host 0ab7970e0956
[2023-09-12T17:36:17.405+0000] {taskinstance.py:1660} INFO - Exporting env vars: AIRFLOW_CTX_DAG_OWNER='***' AIRFLOW_CTX_DAG_ID='tasks_relations' AIRFLOW_CTX_TASK_ID='this_way' AIRFLOW_CTX_EXECUTION_DATE='2023-05-29T00:00:00+00:00' AIRFLOW_CTX_TRY_NUMBER='1' AIRFLOW_CTX_DAG_RUN_ID='scheduled__2023-05-29T00:00:00+00:00'
[2023-09-12T17:36:17.414+0000] {logging_mixin.py:151} INFO - THIS WAY!!!
[2023-09-12T17:36:17.418+0000] {python.py:194} INFO - Done. Returned value was: None
[2023-09-12T17:36:17.437+0000] {taskinstance.py:1400} INFO - Marking task as SUCCESS. dag_id=tasks_relations, task_id=this_way, execution_date=20230529T000000, start_date=20230912T173616, end_date=20230912T173617
[2023-09-12T17:36:17.459+0000] {local_task_job_runner.py:228} INFO - Task exited with return code 0
[2023-09-12T17:36:17.547+0000] {taskinstance.py:2784} INFO - 0 downstream tasks scheduled from follow-on schedule check
