[2023-09-05T15:29:28.138+0000] {taskinstance.py:1159} INFO - Dependencies all met for dep_context=non-requeueable deps ti=<TaskInstance: tasks_relations.say_hello scheduled__2023-06-28T00:00:00+00:00 [queued]>
[2023-09-05T15:29:28.169+0000] {taskinstance.py:1159} INFO - Dependencies all met for dep_context=requeueable deps ti=<TaskInstance: tasks_relations.say_hello scheduled__2023-06-28T00:00:00+00:00 [queued]>
[2023-09-05T15:29:28.178+0000] {taskinstance.py:1361} INFO - Starting attempt 1 of 1
[2023-09-05T15:29:28.198+0000] {taskinstance.py:1382} INFO - Executing <Task(_PythonDecoratedOperator): say_hello> on 2023-06-28 00:00:00+00:00
[2023-09-05T15:29:28.215+0000] {standard_task_runner.py:57} INFO - Started process 1333 to run task
[2023-09-05T15:29:28.225+0000] {standard_task_runner.py:84} INFO - Running: ['***', 'tasks', 'run', 'tasks_relations', 'say_hello', 'scheduled__2023-06-28T00:00:00+00:00', '--job-id', '593', '--raw', '--subdir', 'DAGS_FOLDER/tasks_relations.py', '--cfg-path', '/tmp/tmp26xempip']
[2023-09-05T15:29:28.233+0000] {standard_task_runner.py:85} INFO - Job 593: Subtask say_hello
[2023-09-05T15:29:28.686+0000] {task_command.py:415} INFO - Running <TaskInstance: tasks_relations.say_hello scheduled__2023-06-28T00:00:00+00:00 [running]> on host ca474790e981
[2023-09-05T15:29:29.352+0000] {taskinstance.py:1660} INFO - Exporting env vars: AIRFLOW_CTX_DAG_OWNER='***' AIRFLOW_CTX_DAG_ID='tasks_relations' AIRFLOW_CTX_TASK_ID='say_hello' AIRFLOW_CTX_EXECUTION_DATE='2023-06-28T00:00:00+00:00' AIRFLOW_CTX_TRY_NUMBER='1' AIRFLOW_CTX_DAG_RUN_ID='scheduled__2023-06-28T00:00:00+00:00'
[2023-09-05T15:29:29.374+0000] {logging_mixin.py:151} INFO - hello world
[2023-09-05T15:29:29.382+0000] {python.py:194} INFO - Done. Returned value was: None
[2023-09-05T15:29:29.450+0000] {taskinstance.py:1400} INFO - Marking task as SUCCESS. dag_id=tasks_relations, task_id=say_hello, execution_date=20230628T000000, start_date=20230905T152928, end_date=20230905T152929
[2023-09-05T15:29:29.623+0000] {local_task_job_runner.py:228} INFO - Task exited with return code 0
[2023-09-05T15:29:31.021+0000] {taskinstance.py:2784} INFO - 0 downstream tasks scheduled from follow-on schedule check
[2023-09-12T17:36:49.112+0000] {taskinstance.py:1159} INFO - Dependencies all met for dep_context=non-requeueable deps ti=<TaskInstance: tasks_relations.say_hello scheduled__2023-06-28T00:00:00+00:00 [queued]>
[2023-09-12T17:36:49.137+0000] {taskinstance.py:1159} INFO - Dependencies all met for dep_context=requeueable deps ti=<TaskInstance: tasks_relations.say_hello scheduled__2023-06-28T00:00:00+00:00 [queued]>
[2023-09-12T17:36:49.144+0000] {taskinstance.py:1361} INFO - Starting attempt 1 of 1
[2023-09-12T17:36:49.167+0000] {taskinstance.py:1382} INFO - Executing <Task(_PythonDecoratedOperator): say_hello> on 2023-06-28 00:00:00+00:00
[2023-09-12T17:36:49.172+0000] {standard_task_runner.py:57} INFO - Started process 2841 to run task
[2023-09-12T17:36:49.208+0000] {standard_task_runner.py:84} INFO - Running: ['***', 'tasks', 'run', 'tasks_relations', 'say_hello', 'scheduled__2023-06-28T00:00:00+00:00', '--job-id', '1345', '--raw', '--subdir', 'DAGS_FOLDER/2_tasks_relations.py', '--cfg-path', '/tmp/tmp6pl6re8i']
[2023-09-12T17:36:49.210+0000] {standard_task_runner.py:85} INFO - Job 1345: Subtask say_hello
[2023-09-12T17:36:49.339+0000] {task_command.py:415} INFO - Running <TaskInstance: tasks_relations.say_hello scheduled__2023-06-28T00:00:00+00:00 [running]> on host 0ab7970e0956
[2023-09-12T17:36:49.474+0000] {taskinstance.py:1660} INFO - Exporting env vars: AIRFLOW_CTX_DAG_OWNER='***' AIRFLOW_CTX_DAG_ID='tasks_relations' AIRFLOW_CTX_TASK_ID='say_hello' AIRFLOW_CTX_EXECUTION_DATE='2023-06-28T00:00:00+00:00' AIRFLOW_CTX_TRY_NUMBER='1' AIRFLOW_CTX_DAG_RUN_ID='scheduled__2023-06-28T00:00:00+00:00'
[2023-09-12T17:36:49.475+0000] {logging_mixin.py:151} INFO - hello world
[2023-09-12T17:36:49.475+0000] {python.py:194} INFO - Done. Returned value was: None
[2023-09-12T17:36:49.497+0000] {taskinstance.py:1400} INFO - Marking task as SUCCESS. dag_id=tasks_relations, task_id=say_hello, execution_date=20230628T000000, start_date=20230912T173649, end_date=20230912T173649
[2023-09-12T17:36:49.540+0000] {local_task_job_runner.py:228} INFO - Task exited with return code 0
[2023-09-12T17:36:49.584+0000] {taskinstance.py:2784} INFO - 1 downstream tasks scheduled from follow-on schedule check
