[2023-09-05T15:24:24.942+0000] {taskinstance.py:1159} INFO - Dependencies all met for dep_context=non-requeueable deps ti=<TaskInstance: tasks_relations.say_bye scheduled__2023-01-12T00:00:00+00:00 [queued]>
[2023-09-05T15:24:24.988+0000] {taskinstance.py:1159} INFO - Dependencies all met for dep_context=requeueable deps ti=<TaskInstance: tasks_relations.say_bye scheduled__2023-01-12T00:00:00+00:00 [queued]>
[2023-09-05T15:24:24.994+0000] {taskinstance.py:1361} INFO - Starting attempt 1 of 1
[2023-09-05T15:24:25.045+0000] {taskinstance.py:1382} INFO - Executing <Task(_PythonDecoratedOperator): say_bye> on 2023-01-12 00:00:00+00:00
[2023-09-05T15:24:25.076+0000] {standard_task_runner.py:57} INFO - Started process 160 to run task
[2023-09-05T15:24:25.109+0000] {standard_task_runner.py:84} INFO - Running: ['***', 'tasks', 'run', 'tasks_relations', 'say_bye', 'scheduled__2023-01-12T00:00:00+00:00', '--job-id', '44', '--raw', '--subdir', 'DAGS_FOLDER/tasks_relations.py', '--cfg-path', '/tmp/tmpn4lgw3vi']
[2023-09-05T15:24:25.117+0000] {standard_task_runner.py:85} INFO - Job 44: Subtask say_bye
[2023-09-05T15:24:25.452+0000] {task_command.py:415} INFO - Running <TaskInstance: tasks_relations.say_bye scheduled__2023-01-12T00:00:00+00:00 [running]> on host ca474790e981
[2023-09-05T15:24:25.835+0000] {taskinstance.py:1660} INFO - Exporting env vars: AIRFLOW_CTX_DAG_OWNER='***' AIRFLOW_CTX_DAG_ID='tasks_relations' AIRFLOW_CTX_TASK_ID='say_bye' AIRFLOW_CTX_EXECUTION_DATE='2023-01-12T00:00:00+00:00' AIRFLOW_CTX_TRY_NUMBER='1' AIRFLOW_CTX_DAG_RUN_ID='scheduled__2023-01-12T00:00:00+00:00'
[2023-09-05T15:24:25.842+0000] {logging_mixin.py:151} INFO - goodbye ***
[2023-09-05T15:24:25.843+0000] {python.py:194} INFO - Done. Returned value was: None
[2023-09-05T15:24:25.891+0000] {taskinstance.py:1400} INFO - Marking task as SUCCESS. dag_id=tasks_relations, task_id=say_bye, execution_date=20230112T000000, start_date=20230905T152424, end_date=20230905T152425
[2023-09-05T15:24:26.007+0000] {local_task_job_runner.py:228} INFO - Task exited with return code 0
[2023-09-05T15:24:26.075+0000] {taskinstance.py:2784} INFO - 0 downstream tasks scheduled from follow-on schedule check
[2023-09-12T17:33:01.542+0000] {taskinstance.py:1159} INFO - Dependencies all met for dep_context=non-requeueable deps ti=<TaskInstance: tasks_relations.say_bye scheduled__2023-01-12T00:00:00+00:00 [queued]>
[2023-09-12T17:33:01.571+0000] {taskinstance.py:1159} INFO - Dependencies all met for dep_context=requeueable deps ti=<TaskInstance: tasks_relations.say_bye scheduled__2023-01-12T00:00:00+00:00 [queued]>
[2023-09-12T17:33:01.573+0000] {taskinstance.py:1361} INFO - Starting attempt 1 of 1
[2023-09-12T17:33:01.681+0000] {taskinstance.py:1382} INFO - Executing <Task(_PythonDecoratedOperator): say_bye> on 2023-01-12 00:00:00+00:00
[2023-09-12T17:33:01.768+0000] {standard_task_runner.py:57} INFO - Started process 309 to run task
[2023-09-12T17:33:01.847+0000] {standard_task_runner.py:84} INFO - Running: ['***', 'tasks', 'run', 'tasks_relations', 'say_bye', 'scheduled__2023-01-12T00:00:00+00:00', '--job-id', '101', '--raw', '--subdir', 'DAGS_FOLDER/2_tasks_relations.py', '--cfg-path', '/tmp/tmp9t42j36d']
[2023-09-12T17:33:01.872+0000] {standard_task_runner.py:85} INFO - Job 101: Subtask say_bye
[2023-09-12T17:33:02.051+0000] {task_command.py:415} INFO - Running <TaskInstance: tasks_relations.say_bye scheduled__2023-01-12T00:00:00+00:00 [running]> on host 0ab7970e0956
[2023-09-12T17:33:02.332+0000] {taskinstance.py:1660} INFO - Exporting env vars: AIRFLOW_CTX_DAG_OWNER='***' AIRFLOW_CTX_DAG_ID='tasks_relations' AIRFLOW_CTX_TASK_ID='say_bye' AIRFLOW_CTX_EXECUTION_DATE='2023-01-12T00:00:00+00:00' AIRFLOW_CTX_TRY_NUMBER='1' AIRFLOW_CTX_DAG_RUN_ID='scheduled__2023-01-12T00:00:00+00:00'
[2023-09-12T17:33:02.342+0000] {logging_mixin.py:151} INFO - goodbye world
[2023-09-12T17:33:02.344+0000] {python.py:194} INFO - Done. Returned value was: None
[2023-09-12T17:33:02.409+0000] {taskinstance.py:1400} INFO - Marking task as SUCCESS. dag_id=tasks_relations, task_id=say_bye, execution_date=20230112T000000, start_date=20230912T173301, end_date=20230912T173302
[2023-09-12T17:33:02.612+0000] {local_task_job_runner.py:228} INFO - Task exited with return code 0
[2023-09-12T17:33:02.691+0000] {taskinstance.py:2784} INFO - 2 downstream tasks scheduled from follow-on schedule check
