[2023-09-05T15:27:50.033+0000] {taskinstance.py:1159} INFO - Dependencies all met for dep_context=non-requeueable deps ti=<TaskInstance: tasks_relations.say_hello scheduled__2023-05-26T00:00:00+00:00 [queued]>
[2023-09-05T15:27:50.095+0000] {taskinstance.py:1159} INFO - Dependencies all met for dep_context=requeueable deps ti=<TaskInstance: tasks_relations.say_hello scheduled__2023-05-26T00:00:00+00:00 [queued]>
[2023-09-05T15:27:50.105+0000] {taskinstance.py:1361} INFO - Starting attempt 1 of 1
[2023-09-05T15:27:50.133+0000] {taskinstance.py:1382} INFO - Executing <Task(_PythonDecoratedOperator): say_hello> on 2023-05-26 00:00:00+00:00
[2023-09-05T15:27:50.205+0000] {standard_task_runner.py:57} INFO - Started process 977 to run task
[2023-09-05T15:27:50.247+0000] {standard_task_runner.py:84} INFO - Running: ['***', 'tasks', 'run', 'tasks_relations', 'say_hello', 'scheduled__2023-05-26T00:00:00+00:00', '--job-id', '426', '--raw', '--subdir', 'DAGS_FOLDER/tasks_relations.py', '--cfg-path', '/tmp/tmp1ism4y8q']
[2023-09-05T15:27:50.271+0000] {standard_task_runner.py:85} INFO - Job 426: Subtask say_hello
[2023-09-05T15:27:50.962+0000] {task_command.py:415} INFO - Running <TaskInstance: tasks_relations.say_hello scheduled__2023-05-26T00:00:00+00:00 [running]> on host ca474790e981
[2023-09-05T15:27:51.877+0000] {taskinstance.py:1660} INFO - Exporting env vars: AIRFLOW_CTX_DAG_OWNER='***' AIRFLOW_CTX_DAG_ID='tasks_relations' AIRFLOW_CTX_TASK_ID='say_hello' AIRFLOW_CTX_EXECUTION_DATE='2023-05-26T00:00:00+00:00' AIRFLOW_CTX_TRY_NUMBER='1' AIRFLOW_CTX_DAG_RUN_ID='scheduled__2023-05-26T00:00:00+00:00'
[2023-09-05T15:27:51.933+0000] {logging_mixin.py:151} INFO - hello world
[2023-09-05T15:27:51.965+0000] {python.py:194} INFO - Done. Returned value was: None
[2023-09-05T15:27:52.131+0000] {taskinstance.py:1400} INFO - Marking task as SUCCESS. dag_id=tasks_relations, task_id=say_hello, execution_date=20230526T000000, start_date=20230905T152750, end_date=20230905T152752
[2023-09-05T15:27:52.323+0000] {local_task_job_runner.py:228} INFO - Task exited with return code 0
[2023-09-05T15:27:52.527+0000] {taskinstance.py:2784} INFO - 1 downstream tasks scheduled from follow-on schedule check
[2023-09-12T17:36:03.345+0000] {taskinstance.py:1159} INFO - Dependencies all met for dep_context=non-requeueable deps ti=<TaskInstance: tasks_relations.say_hello scheduled__2023-05-26T00:00:00+00:00 [queued]>
[2023-09-12T17:36:03.380+0000] {taskinstance.py:1159} INFO - Dependencies all met for dep_context=requeueable deps ti=<TaskInstance: tasks_relations.say_hello scheduled__2023-05-26T00:00:00+00:00 [queued]>
[2023-09-12T17:36:03.392+0000] {taskinstance.py:1361} INFO - Starting attempt 1 of 1
[2023-09-12T17:36:03.447+0000] {taskinstance.py:1382} INFO - Executing <Task(_PythonDecoratedOperator): say_hello> on 2023-05-26 00:00:00+00:00
[2023-09-12T17:36:03.493+0000] {standard_task_runner.py:57} INFO - Started process 2349 to run task
[2023-09-12T17:36:03.511+0000] {standard_task_runner.py:84} INFO - Running: ['***', 'tasks', 'run', 'tasks_relations', 'say_hello', 'scheduled__2023-05-26T00:00:00+00:00', '--job-id', '1108', '--raw', '--subdir', 'DAGS_FOLDER/2_tasks_relations.py', '--cfg-path', '/tmp/tmpmhgfw5km']
[2023-09-12T17:36:03.523+0000] {standard_task_runner.py:85} INFO - Job 1108: Subtask say_hello
[2023-09-12T17:36:03.713+0000] {task_command.py:415} INFO - Running <TaskInstance: tasks_relations.say_hello scheduled__2023-05-26T00:00:00+00:00 [running]> on host 0ab7970e0956
[2023-09-12T17:36:03.913+0000] {taskinstance.py:1660} INFO - Exporting env vars: AIRFLOW_CTX_DAG_OWNER='***' AIRFLOW_CTX_DAG_ID='tasks_relations' AIRFLOW_CTX_TASK_ID='say_hello' AIRFLOW_CTX_EXECUTION_DATE='2023-05-26T00:00:00+00:00' AIRFLOW_CTX_TRY_NUMBER='1' AIRFLOW_CTX_DAG_RUN_ID='scheduled__2023-05-26T00:00:00+00:00'
[2023-09-12T17:36:03.916+0000] {logging_mixin.py:151} INFO - hello world
[2023-09-12T17:36:03.918+0000] {python.py:194} INFO - Done. Returned value was: None
[2023-09-12T17:36:03.948+0000] {taskinstance.py:1400} INFO - Marking task as SUCCESS. dag_id=tasks_relations, task_id=say_hello, execution_date=20230526T000000, start_date=20230912T173603, end_date=20230912T173603
[2023-09-12T17:36:04.014+0000] {local_task_job_runner.py:228} INFO - Task exited with return code 0
[2023-09-12T17:36:04.067+0000] {taskinstance.py:2784} INFO - 1 downstream tasks scheduled from follow-on schedule check
