[2023-09-05T15:29:19.378+0000] {taskinstance.py:1159} INFO - Dependencies all met for dep_context=non-requeueable deps ti=<TaskInstance: tasks_relations.say_hello scheduled__2023-06-18T00:00:00+00:00 [queued]>
[2023-09-05T15:29:19.392+0000] {taskinstance.py:1159} INFO - Dependencies all met for dep_context=requeueable deps ti=<TaskInstance: tasks_relations.say_hello scheduled__2023-06-18T00:00:00+00:00 [queued]>
[2023-09-05T15:29:19.397+0000] {taskinstance.py:1361} INFO - Starting attempt 1 of 1
[2023-09-05T15:29:19.439+0000] {taskinstance.py:1382} INFO - Executing <Task(_PythonDecoratedOperator): say_hello> on 2023-06-18 00:00:00+00:00
[2023-09-05T15:29:19.483+0000] {standard_task_runner.py:57} INFO - Started process 1272 to run task
[2023-09-05T15:29:19.489+0000] {standard_task_runner.py:84} INFO - Running: ['***', 'tasks', 'run', 'tasks_relations', 'say_hello', 'scheduled__2023-06-18T00:00:00+00:00', '--job-id', '568', '--raw', '--subdir', 'DAGS_FOLDER/tasks_relations.py', '--cfg-path', '/tmp/tmpsszfbacv']
[2023-09-05T15:29:19.553+0000] {standard_task_runner.py:85} INFO - Job 568: Subtask say_hello
[2023-09-05T15:29:19.928+0000] {task_command.py:415} INFO - Running <TaskInstance: tasks_relations.say_hello scheduled__2023-06-18T00:00:00+00:00 [running]> on host ca474790e981
[2023-09-05T15:29:20.391+0000] {taskinstance.py:1660} INFO - Exporting env vars: AIRFLOW_CTX_DAG_OWNER='***' AIRFLOW_CTX_DAG_ID='tasks_relations' AIRFLOW_CTX_TASK_ID='say_hello' AIRFLOW_CTX_EXECUTION_DATE='2023-06-18T00:00:00+00:00' AIRFLOW_CTX_TRY_NUMBER='1' AIRFLOW_CTX_DAG_RUN_ID='scheduled__2023-06-18T00:00:00+00:00'
[2023-09-05T15:29:20.394+0000] {logging_mixin.py:151} INFO - hello world
[2023-09-05T15:29:20.402+0000] {python.py:194} INFO - Done. Returned value was: None
[2023-09-05T15:29:20.482+0000] {taskinstance.py:1400} INFO - Marking task as SUCCESS. dag_id=tasks_relations, task_id=say_hello, execution_date=20230618T000000, start_date=20230905T152919, end_date=20230905T152920
[2023-09-05T15:29:20.712+0000] {local_task_job_runner.py:228} INFO - Task exited with return code 0
[2023-09-05T15:29:20.883+0000] {taskinstance.py:2784} INFO - 1 downstream tasks scheduled from follow-on schedule check
[2023-09-12T17:36:33.414+0000] {taskinstance.py:1159} INFO - Dependencies all met for dep_context=non-requeueable deps ti=<TaskInstance: tasks_relations.say_hello scheduled__2023-06-18T00:00:00+00:00 [queued]>
[2023-09-12T17:36:33.462+0000] {taskinstance.py:1159} INFO - Dependencies all met for dep_context=requeueable deps ti=<TaskInstance: tasks_relations.say_hello scheduled__2023-06-18T00:00:00+00:00 [queued]>
[2023-09-12T17:36:33.463+0000] {taskinstance.py:1361} INFO - Starting attempt 1 of 1
[2023-09-12T17:36:33.517+0000] {taskinstance.py:1382} INFO - Executing <Task(_PythonDecoratedOperator): say_hello> on 2023-06-18 00:00:00+00:00
[2023-09-12T17:36:33.552+0000] {standard_task_runner.py:57} INFO - Started process 2669 to run task
[2023-09-12T17:36:33.570+0000] {standard_task_runner.py:84} INFO - Running: ['***', 'tasks', 'run', 'tasks_relations', 'say_hello', 'scheduled__2023-06-18T00:00:00+00:00', '--job-id', '1260', '--raw', '--subdir', 'DAGS_FOLDER/2_tasks_relations.py', '--cfg-path', '/tmp/tmprlh84y9y']
[2023-09-12T17:36:33.593+0000] {standard_task_runner.py:85} INFO - Job 1260: Subtask say_hello
[2023-09-12T17:36:34.012+0000] {task_command.py:415} INFO - Running <TaskInstance: tasks_relations.say_hello scheduled__2023-06-18T00:00:00+00:00 [running]> on host 0ab7970e0956
[2023-09-12T17:36:34.330+0000] {taskinstance.py:1660} INFO - Exporting env vars: AIRFLOW_CTX_DAG_OWNER='***' AIRFLOW_CTX_DAG_ID='tasks_relations' AIRFLOW_CTX_TASK_ID='say_hello' AIRFLOW_CTX_EXECUTION_DATE='2023-06-18T00:00:00+00:00' AIRFLOW_CTX_TRY_NUMBER='1' AIRFLOW_CTX_DAG_RUN_ID='scheduled__2023-06-18T00:00:00+00:00'
[2023-09-12T17:36:34.334+0000] {logging_mixin.py:151} INFO - hello world
[2023-09-12T17:36:34.336+0000] {python.py:194} INFO - Done. Returned value was: None
[2023-09-12T17:36:34.376+0000] {taskinstance.py:1400} INFO - Marking task as SUCCESS. dag_id=tasks_relations, task_id=say_hello, execution_date=20230618T000000, start_date=20230912T173633, end_date=20230912T173634
[2023-09-12T17:36:34.506+0000] {local_task_job_runner.py:228} INFO - Task exited with return code 0
[2023-09-12T17:36:34.550+0000] {taskinstance.py:2784} INFO - 1 downstream tasks scheduled from follow-on schedule check
