[2023-09-05T15:24:20.790+0000] {taskinstance.py:1159} INFO - Dependencies all met for dep_context=non-requeueable deps ti=<TaskInstance: tasks_relations.say_hello scheduled__2023-01-10T00:00:00+00:00 [queued]>
[2023-09-05T15:24:20.841+0000] {taskinstance.py:1159} INFO - Dependencies all met for dep_context=requeueable deps ti=<TaskInstance: tasks_relations.say_hello scheduled__2023-01-10T00:00:00+00:00 [queued]>
[2023-09-05T15:24:20.849+0000] {taskinstance.py:1361} INFO - Starting attempt 1 of 1
[2023-09-05T15:24:20.983+0000] {taskinstance.py:1382} INFO - Executing <Task(_PythonDecoratedOperator): say_hello> on 2023-01-10 00:00:00+00:00
[2023-09-05T15:24:21.062+0000] {standard_task_runner.py:57} INFO - Started process 133 to run task
[2023-09-05T15:24:21.100+0000] {standard_task_runner.py:84} INFO - Running: ['***', 'tasks', 'run', 'tasks_relations', 'say_hello', 'scheduled__2023-01-10T00:00:00+00:00', '--job-id', '29', '--raw', '--subdir', 'DAGS_FOLDER/tasks_relations.py', '--cfg-path', '/tmp/tmpuffxdhug']
[2023-09-05T15:24:21.151+0000] {standard_task_runner.py:85} INFO - Job 29: Subtask say_hello
[2023-09-05T15:24:21.684+0000] {task_command.py:415} INFO - Running <TaskInstance: tasks_relations.say_hello scheduled__2023-01-10T00:00:00+00:00 [running]> on host ca474790e981
[2023-09-05T15:24:22.113+0000] {taskinstance.py:1660} INFO - Exporting env vars: AIRFLOW_CTX_DAG_OWNER='***' AIRFLOW_CTX_DAG_ID='tasks_relations' AIRFLOW_CTX_TASK_ID='say_hello' AIRFLOW_CTX_EXECUTION_DATE='2023-01-10T00:00:00+00:00' AIRFLOW_CTX_TRY_NUMBER='1' AIRFLOW_CTX_DAG_RUN_ID='scheduled__2023-01-10T00:00:00+00:00'
[2023-09-05T15:24:22.152+0000] {logging_mixin.py:151} INFO - hello ***
[2023-09-05T15:24:22.159+0000] {python.py:194} INFO - Done. Returned value was: None
[2023-09-05T15:24:22.229+0000] {taskinstance.py:1400} INFO - Marking task as SUCCESS. dag_id=tasks_relations, task_id=say_hello, execution_date=20230110T000000, start_date=20230905T152420, end_date=20230905T152422
[2023-09-05T15:24:22.387+0000] {local_task_job_runner.py:228} INFO - Task exited with return code 0
[2023-09-05T15:24:22.465+0000] {taskinstance.py:2784} INFO - 1 downstream tasks scheduled from follow-on schedule check
[2023-09-12T17:32:57.109+0000] {taskinstance.py:1159} INFO - Dependencies all met for dep_context=non-requeueable deps ti=<TaskInstance: tasks_relations.say_hello scheduled__2023-01-10T00:00:00+00:00 [queued]>
[2023-09-12T17:32:57.181+0000] {taskinstance.py:1159} INFO - Dependencies all met for dep_context=requeueable deps ti=<TaskInstance: tasks_relations.say_hello scheduled__2023-01-10T00:00:00+00:00 [queued]>
[2023-09-12T17:32:57.182+0000] {taskinstance.py:1361} INFO - Starting attempt 1 of 1
[2023-09-12T17:32:57.251+0000] {taskinstance.py:1382} INFO - Executing <Task(_PythonDecoratedOperator): say_hello> on 2023-01-10 00:00:00+00:00
[2023-09-12T17:32:57.278+0000] {standard_task_runner.py:57} INFO - Started process 268 to run task
[2023-09-12T17:32:57.345+0000] {standard_task_runner.py:84} INFO - Running: ['***', 'tasks', 'run', 'tasks_relations', 'say_hello', 'scheduled__2023-01-10T00:00:00+00:00', '--job-id', '81', '--raw', '--subdir', 'DAGS_FOLDER/2_tasks_relations.py', '--cfg-path', '/tmp/tmps4vy98at']
[2023-09-12T17:32:57.355+0000] {standard_task_runner.py:85} INFO - Job 81: Subtask say_hello
[2023-09-12T17:32:57.637+0000] {task_command.py:415} INFO - Running <TaskInstance: tasks_relations.say_hello scheduled__2023-01-10T00:00:00+00:00 [running]> on host 0ab7970e0956
[2023-09-12T17:32:57.804+0000] {taskinstance.py:1660} INFO - Exporting env vars: AIRFLOW_CTX_DAG_OWNER='***' AIRFLOW_CTX_DAG_ID='tasks_relations' AIRFLOW_CTX_TASK_ID='say_hello' AIRFLOW_CTX_EXECUTION_DATE='2023-01-10T00:00:00+00:00' AIRFLOW_CTX_TRY_NUMBER='1' AIRFLOW_CTX_DAG_RUN_ID='scheduled__2023-01-10T00:00:00+00:00'
[2023-09-12T17:32:57.812+0000] {logging_mixin.py:151} INFO - hello world
[2023-09-12T17:32:57.814+0000] {python.py:194} INFO - Done. Returned value was: None
[2023-09-12T17:32:57.849+0000] {taskinstance.py:1400} INFO - Marking task as SUCCESS. dag_id=tasks_relations, task_id=say_hello, execution_date=20230110T000000, start_date=20230912T173257, end_date=20230912T173257
[2023-09-12T17:32:57.950+0000] {local_task_job_runner.py:228} INFO - Task exited with return code 0
[2023-09-12T17:32:58.166+0000] {taskinstance.py:2784} INFO - 0 downstream tasks scheduled from follow-on schedule check
