[2023-09-05T15:29:21.331+0000] {taskinstance.py:1159} INFO - Dependencies all met for dep_context=non-requeueable deps ti=<TaskInstance: tasks_relations.say_hello scheduled__2023-06-21T00:00:00+00:00 [queued]>
[2023-09-05T15:29:21.387+0000] {taskinstance.py:1159} INFO - Dependencies all met for dep_context=requeueable deps ti=<TaskInstance: tasks_relations.say_hello scheduled__2023-06-21T00:00:00+00:00 [queued]>
[2023-09-05T15:29:21.390+0000] {taskinstance.py:1361} INFO - Starting attempt 1 of 1
[2023-09-05T15:29:21.471+0000] {taskinstance.py:1382} INFO - Executing <Task(_PythonDecoratedOperator): say_hello> on 2023-06-21 00:00:00+00:00
[2023-09-05T15:29:21.480+0000] {standard_task_runner.py:57} INFO - Started process 1288 to run task
[2023-09-05T15:29:21.509+0000] {standard_task_runner.py:84} INFO - Running: ['***', 'tasks', 'run', 'tasks_relations', 'say_hello', 'scheduled__2023-06-21T00:00:00+00:00', '--job-id', '575', '--raw', '--subdir', 'DAGS_FOLDER/tasks_relations.py', '--cfg-path', '/tmp/tmp44o618sz']
[2023-09-05T15:29:21.516+0000] {standard_task_runner.py:85} INFO - Job 575: Subtask say_hello
[2023-09-05T15:29:21.963+0000] {task_command.py:415} INFO - Running <TaskInstance: tasks_relations.say_hello scheduled__2023-06-21T00:00:00+00:00 [running]> on host ca474790e981
[2023-09-05T15:29:22.518+0000] {taskinstance.py:1660} INFO - Exporting env vars: AIRFLOW_CTX_DAG_OWNER='***' AIRFLOW_CTX_DAG_ID='tasks_relations' AIRFLOW_CTX_TASK_ID='say_hello' AIRFLOW_CTX_EXECUTION_DATE='2023-06-21T00:00:00+00:00' AIRFLOW_CTX_TRY_NUMBER='1' AIRFLOW_CTX_DAG_RUN_ID='scheduled__2023-06-21T00:00:00+00:00'
[2023-09-05T15:29:22.520+0000] {logging_mixin.py:151} INFO - hello world
[2023-09-05T15:29:22.532+0000] {python.py:194} INFO - Done. Returned value was: None
[2023-09-05T15:29:22.683+0000] {taskinstance.py:1400} INFO - Marking task as SUCCESS. dag_id=tasks_relations, task_id=say_hello, execution_date=20230621T000000, start_date=20230905T152921, end_date=20230905T152922
[2023-09-05T15:29:23.083+0000] {local_task_job_runner.py:228} INFO - Task exited with return code 0
[2023-09-05T15:29:23.272+0000] {taskinstance.py:2784} INFO - 1 downstream tasks scheduled from follow-on schedule check
[2023-09-12T17:36:34.848+0000] {taskinstance.py:1159} INFO - Dependencies all met for dep_context=non-requeueable deps ti=<TaskInstance: tasks_relations.say_hello scheduled__2023-06-21T00:00:00+00:00 [queued]>
[2023-09-12T17:36:34.882+0000] {taskinstance.py:1159} INFO - Dependencies all met for dep_context=requeueable deps ti=<TaskInstance: tasks_relations.say_hello scheduled__2023-06-21T00:00:00+00:00 [queued]>
[2023-09-12T17:36:34.883+0000] {taskinstance.py:1361} INFO - Starting attempt 1 of 1
[2023-09-12T17:36:34.919+0000] {taskinstance.py:1382} INFO - Executing <Task(_PythonDecoratedOperator): say_hello> on 2023-06-21 00:00:00+00:00
[2023-09-12T17:36:34.927+0000] {standard_task_runner.py:57} INFO - Started process 2681 to run task
[2023-09-12T17:36:34.943+0000] {standard_task_runner.py:84} INFO - Running: ['***', 'tasks', 'run', 'tasks_relations', 'say_hello', 'scheduled__2023-06-21T00:00:00+00:00', '--job-id', '1271', '--raw', '--subdir', 'DAGS_FOLDER/2_tasks_relations.py', '--cfg-path', '/tmp/tmpatsc1f5j']
[2023-09-12T17:36:34.947+0000] {standard_task_runner.py:85} INFO - Job 1271: Subtask say_hello
[2023-09-12T17:36:35.081+0000] {task_command.py:415} INFO - Running <TaskInstance: tasks_relations.say_hello scheduled__2023-06-21T00:00:00+00:00 [running]> on host 0ab7970e0956
[2023-09-12T17:36:35.285+0000] {taskinstance.py:1660} INFO - Exporting env vars: AIRFLOW_CTX_DAG_OWNER='***' AIRFLOW_CTX_DAG_ID='tasks_relations' AIRFLOW_CTX_TASK_ID='say_hello' AIRFLOW_CTX_EXECUTION_DATE='2023-06-21T00:00:00+00:00' AIRFLOW_CTX_TRY_NUMBER='1' AIRFLOW_CTX_DAG_RUN_ID='scheduled__2023-06-21T00:00:00+00:00'
[2023-09-12T17:36:35.286+0000] {logging_mixin.py:151} INFO - hello world
[2023-09-12T17:36:35.286+0000] {python.py:194} INFO - Done. Returned value was: None
[2023-09-12T17:36:35.308+0000] {taskinstance.py:1400} INFO - Marking task as SUCCESS. dag_id=tasks_relations, task_id=say_hello, execution_date=20230621T000000, start_date=20230912T173634, end_date=20230912T173635
[2023-09-12T17:36:35.360+0000] {local_task_job_runner.py:228} INFO - Task exited with return code 0
[2023-09-12T17:36:35.626+0000] {taskinstance.py:2784} INFO - 1 downstream tasks scheduled from follow-on schedule check
