[2023-09-05T15:22:47.988+0000] {processor.py:157} INFO - Started process (PID=31) to work on /opt/airflow/dags/tasks_relations.py
[2023-09-05T15:22:47.990+0000] {processor.py:829} INFO - Processing file /opt/airflow/dags/tasks_relations.py for tasks to queue
[2023-09-05T15:22:47.995+0000] {logging_mixin.py:151} INFO - [2023-09-05T15:22:47.994+0000] {dagbag.py:539} INFO - Filling up the DagBag from /opt/airflow/dags/tasks_relations.py
[2023-09-05T15:22:48.035+0000] {logging_mixin.py:151} INFO - [2023-09-05T15:22:48.025+0000] {dagbag.py:347} ERROR - Failed to import: /opt/airflow/dags/tasks_relations.py
Traceback (most recent call last):
  File "/home/airflow/.local/lib/python3.8/site-packages/airflow/models/dagbag.py", line 343, in parse
    loader.exec_module(new_module)
  File "<frozen importlib._bootstrap_external>", line 843, in exec_module
  File "<frozen importlib._bootstrap>", line 219, in _call_with_frames_removed
  File "/opt/airflow/dags/tasks_relations.py", line 23, in <module>
    tasks_relations()
  File "/home/airflow/.local/lib/python3.8/site-packages/airflow/models/dag.py", line 3798, in factory
    f(**f_kwargs)
  File "/opt/airflow/dags/tasks_relations.py", line 20, in tasks_relations
    search_for_airflow >> say_hello >> say_bye
TypeError: unsupported operand type(s) for >>: '_TaskDecorator' and '_TaskDecorator'
[2023-09-05T15:22:48.054+0000] {processor.py:841} WARNING - No viable dags retrieved from /opt/airflow/dags/tasks_relations.py
[2023-09-05T15:22:48.133+0000] {processor.py:179} INFO - Processing /opt/airflow/dags/tasks_relations.py took 0.151 seconds
[2023-09-05T15:23:18.559+0000] {processor.py:157} INFO - Started process (PID=39) to work on /opt/airflow/dags/tasks_relations.py
[2023-09-05T15:23:18.564+0000] {processor.py:829} INFO - Processing file /opt/airflow/dags/tasks_relations.py for tasks to queue
[2023-09-05T15:23:18.577+0000] {logging_mixin.py:151} INFO - [2023-09-05T15:23:18.576+0000] {dagbag.py:539} INFO - Filling up the DagBag from /opt/airflow/dags/tasks_relations.py
[2023-09-05T15:23:18.597+0000] {logging_mixin.py:151} INFO - [2023-09-05T15:23:18.593+0000] {dagbag.py:347} ERROR - Failed to import: /opt/airflow/dags/tasks_relations.py
Traceback (most recent call last):
  File "/home/airflow/.local/lib/python3.8/site-packages/airflow/models/dagbag.py", line 343, in parse
    loader.exec_module(new_module)
  File "<frozen importlib._bootstrap_external>", line 843, in exec_module
  File "<frozen importlib._bootstrap>", line 219, in _call_with_frames_removed
  File "/opt/airflow/dags/tasks_relations.py", line 23, in <module>
    tasks_relations()
  File "/home/airflow/.local/lib/python3.8/site-packages/airflow/models/dag.py", line 3798, in factory
    f(**f_kwargs)
  File "/opt/airflow/dags/tasks_relations.py", line 20, in tasks_relations
    search_for_airflow >> say_hello >> say_bye
TypeError: unsupported operand type(s) for >>: '_TaskDecorator' and '_TaskDecorator'
[2023-09-05T15:23:18.598+0000] {processor.py:841} WARNING - No viable dags retrieved from /opt/airflow/dags/tasks_relations.py
[2023-09-05T15:23:18.631+0000] {processor.py:179} INFO - Processing /opt/airflow/dags/tasks_relations.py took 0.091 seconds
[2023-09-05T15:23:49.183+0000] {processor.py:157} INFO - Started process (PID=49) to work on /opt/airflow/dags/tasks_relations.py
[2023-09-05T15:23:49.190+0000] {processor.py:829} INFO - Processing file /opt/airflow/dags/tasks_relations.py for tasks to queue
[2023-09-05T15:23:49.204+0000] {logging_mixin.py:151} INFO - [2023-09-05T15:23:49.203+0000] {dagbag.py:539} INFO - Filling up the DagBag from /opt/airflow/dags/tasks_relations.py
[2023-09-05T15:23:49.252+0000] {logging_mixin.py:151} INFO - [2023-09-05T15:23:49.239+0000] {dagbag.py:347} ERROR - Failed to import: /opt/airflow/dags/tasks_relations.py
Traceback (most recent call last):
  File "/home/airflow/.local/lib/python3.8/site-packages/airflow/models/dagbag.py", line 343, in parse
    loader.exec_module(new_module)
  File "<frozen importlib._bootstrap_external>", line 843, in exec_module
  File "<frozen importlib._bootstrap>", line 219, in _call_with_frames_removed
  File "/opt/airflow/dags/tasks_relations.py", line 23, in <module>
    tasks_relations()
  File "/home/airflow/.local/lib/python3.8/site-packages/airflow/models/dag.py", line 3798, in factory
    f(**f_kwargs)
  File "/opt/airflow/dags/tasks_relations.py", line 20, in tasks_relations
    search_for_airflow >> say_hello >> say_bye
TypeError: unsupported operand type(s) for >>: '_TaskDecorator' and '_TaskDecorator'
[2023-09-05T15:23:49.259+0000] {processor.py:841} WARNING - No viable dags retrieved from /opt/airflow/dags/tasks_relations.py
[2023-09-05T15:23:49.648+0000] {processor.py:179} INFO - Processing /opt/airflow/dags/tasks_relations.py took 0.483 seconds
[2023-09-05T15:23:51.865+0000] {processor.py:157} INFO - Started process (PID=51) to work on /opt/airflow/dags/tasks_relations.py
[2023-09-05T15:23:51.886+0000] {processor.py:829} INFO - Processing file /opt/airflow/dags/tasks_relations.py for tasks to queue
[2023-09-05T15:23:51.896+0000] {logging_mixin.py:151} INFO - [2023-09-05T15:23:51.895+0000] {dagbag.py:539} INFO - Filling up the DagBag from /opt/airflow/dags/tasks_relations.py
[2023-09-05T15:23:52.232+0000] {processor.py:839} INFO - DAG(s) dict_keys(['tasks_relations']) retrieved from /opt/airflow/dags/tasks_relations.py
[2023-09-05T15:23:52.388+0000] {logging_mixin.py:151} INFO - [2023-09-05T15:23:52.388+0000] {manager.py:501} INFO - Created Permission View: can edit on DAG:tasks_relations
[2023-09-05T15:23:52.412+0000] {logging_mixin.py:151} INFO - [2023-09-05T15:23:52.411+0000] {manager.py:501} INFO - Created Permission View: can read on DAG:tasks_relations
[2023-09-05T15:23:52.426+0000] {logging_mixin.py:151} INFO - [2023-09-05T15:23:52.426+0000] {manager.py:501} INFO - Created Permission View: can delete on DAG:tasks_relations
[2023-09-05T15:23:52.446+0000] {logging_mixin.py:151} INFO - [2023-09-05T15:23:52.446+0000] {dag.py:2907} INFO - Sync 1 DAGs
[2023-09-05T15:23:52.457+0000] {logging_mixin.py:151} INFO - [2023-09-05T15:23:52.457+0000] {dag.py:2929} INFO - Creating ORM DAG for tasks_relations
[2023-09-05T15:23:52.471+0000] {logging_mixin.py:151} INFO - [2023-09-05T15:23:52.471+0000] {dag.py:3677} INFO - Setting next_dagrun for tasks_relations to 2023-01-01T00:00:00+00:00, run_after=2023-01-02T00:00:00+00:00
[2023-09-05T15:23:52.493+0000] {processor.py:179} INFO - Processing /opt/airflow/dags/tasks_relations.py took 0.647 seconds
[2023-09-05T15:24:22.998+0000] {processor.py:157} INFO - Started process (PID=106) to work on /opt/airflow/dags/tasks_relations.py
[2023-09-05T15:24:23.002+0000] {processor.py:829} INFO - Processing file /opt/airflow/dags/tasks_relations.py for tasks to queue
[2023-09-05T15:24:23.008+0000] {logging_mixin.py:151} INFO - [2023-09-05T15:24:23.007+0000] {dagbag.py:539} INFO - Filling up the DagBag from /opt/airflow/dags/tasks_relations.py
[2023-09-05T15:24:23.028+0000] {processor.py:839} INFO - DAG(s) dict_keys(['tasks_relations']) retrieved from /opt/airflow/dags/tasks_relations.py
[2023-09-05T15:24:23.114+0000] {logging_mixin.py:151} INFO - [2023-09-05T15:24:23.114+0000] {dag.py:2907} INFO - Sync 1 DAGs
[2023-09-05T15:24:23.141+0000] {logging_mixin.py:151} INFO - [2023-09-05T15:24:23.141+0000] {dag.py:3677} INFO - Setting next_dagrun for tasks_relations to 2023-01-15T00:00:00+00:00, run_after=2023-01-16T00:00:00+00:00
[2023-09-05T15:24:23.170+0000] {processor.py:179} INFO - Processing /opt/airflow/dags/tasks_relations.py took 0.185 seconds
[2023-09-05T15:24:53.445+0000] {processor.py:157} INFO - Started process (PID=211) to work on /opt/airflow/dags/tasks_relations.py
[2023-09-05T15:24:53.447+0000] {processor.py:829} INFO - Processing file /opt/airflow/dags/tasks_relations.py for tasks to queue
[2023-09-05T15:24:53.450+0000] {logging_mixin.py:151} INFO - [2023-09-05T15:24:53.449+0000] {dagbag.py:539} INFO - Filling up the DagBag from /opt/airflow/dags/tasks_relations.py
[2023-09-05T15:24:53.461+0000] {processor.py:839} INFO - DAG(s) dict_keys(['tasks_relations']) retrieved from /opt/airflow/dags/tasks_relations.py
[2023-09-05T15:24:53.499+0000] {logging_mixin.py:151} INFO - [2023-09-05T15:24:53.499+0000] {dag.py:2907} INFO - Sync 1 DAGs
[2023-09-05T15:24:53.543+0000] {processor.py:179} INFO - Processing /opt/airflow/dags/tasks_relations.py took 0.103 seconds
[2023-09-05T15:25:23.978+0000] {processor.py:157} INFO - Started process (PID=322) to work on /opt/airflow/dags/tasks_relations.py
[2023-09-05T15:25:24.033+0000] {processor.py:829} INFO - Processing file /opt/airflow/dags/tasks_relations.py for tasks to queue
[2023-09-05T15:25:24.051+0000] {logging_mixin.py:151} INFO - [2023-09-05T15:25:24.051+0000] {dagbag.py:539} INFO - Filling up the DagBag from /opt/airflow/dags/tasks_relations.py
[2023-09-05T15:25:24.092+0000] {processor.py:839} INFO - DAG(s) dict_keys(['tasks_relations']) retrieved from /opt/airflow/dags/tasks_relations.py
[2023-09-05T15:25:24.178+0000] {logging_mixin.py:151} INFO - [2023-09-05T15:25:24.178+0000] {dag.py:2907} INFO - Sync 1 DAGs
[2023-09-05T15:25:24.421+0000] {processor.py:179} INFO - Processing /opt/airflow/dags/tasks_relations.py took 0.450 seconds
[2023-09-05T15:25:54.815+0000] {processor.py:157} INFO - Started process (PID=407) to work on /opt/airflow/dags/tasks_relations.py
[2023-09-05T15:25:54.820+0000] {processor.py:829} INFO - Processing file /opt/airflow/dags/tasks_relations.py for tasks to queue
[2023-09-05T15:25:54.829+0000] {logging_mixin.py:151} INFO - [2023-09-05T15:25:54.828+0000] {dagbag.py:539} INFO - Filling up the DagBag from /opt/airflow/dags/tasks_relations.py
[2023-09-05T15:25:54.888+0000] {processor.py:839} INFO - DAG(s) dict_keys(['tasks_relations']) retrieved from /opt/airflow/dags/tasks_relations.py
[2023-09-05T15:25:54.961+0000] {logging_mixin.py:151} INFO - [2023-09-05T15:25:54.961+0000] {dag.py:2907} INFO - Sync 1 DAGs
[2023-09-05T15:25:55.011+0000] {logging_mixin.py:151} INFO - [2023-09-05T15:25:55.011+0000] {dag.py:3677} INFO - Setting next_dagrun for tasks_relations to 2023-04-03T00:00:00+00:00, run_after=2023-04-04T00:00:00+00:00
[2023-09-05T15:25:55.041+0000] {processor.py:179} INFO - Processing /opt/airflow/dags/tasks_relations.py took 0.232 seconds
[2023-09-05T15:26:25.621+0000] {processor.py:157} INFO - Started process (PID=501) to work on /opt/airflow/dags/tasks_relations.py
[2023-09-05T15:26:25.629+0000] {processor.py:829} INFO - Processing file /opt/airflow/dags/tasks_relations.py for tasks to queue
[2023-09-05T15:26:25.636+0000] {logging_mixin.py:151} INFO - [2023-09-05T15:26:25.636+0000] {dagbag.py:539} INFO - Filling up the DagBag from /opt/airflow/dags/tasks_relations.py
[2023-09-05T15:26:25.727+0000] {processor.py:839} INFO - DAG(s) dict_keys(['tasks_relations']) retrieved from /opt/airflow/dags/tasks_relations.py
[2023-09-05T15:26:25.913+0000] {logging_mixin.py:151} INFO - [2023-09-05T15:26:25.913+0000] {dag.py:2907} INFO - Sync 1 DAGs
[2023-09-05T15:26:25.988+0000] {logging_mixin.py:151} INFO - [2023-09-05T15:26:25.988+0000] {dag.py:3677} INFO - Setting next_dagrun for tasks_relations to 2023-04-30T00:00:00+00:00, run_after=2023-05-01T00:00:00+00:00
[2023-09-05T15:26:26.081+0000] {processor.py:179} INFO - Processing /opt/airflow/dags/tasks_relations.py took 0.464 seconds
[2023-09-05T15:26:47.123+0000] {processor.py:157} INFO - Started process (PID=561) to work on /opt/airflow/dags/tasks_relations.py
[2023-09-05T15:26:47.143+0000] {processor.py:829} INFO - Processing file /opt/airflow/dags/tasks_relations.py for tasks to queue
[2023-09-05T15:26:47.185+0000] {logging_mixin.py:151} INFO - [2023-09-05T15:26:47.184+0000] {dagbag.py:539} INFO - Filling up the DagBag from /opt/airflow/dags/tasks_relations.py
[2023-09-05T15:26:47.222+0000] {logging_mixin.py:151} INFO - [2023-09-05T15:26:47.220+0000] {dagbag.py:347} ERROR - Failed to import: /opt/airflow/dags/tasks_relations.py
Traceback (most recent call last):
  File "/home/airflow/.local/lib/python3.8/site-packages/airflow/models/dagbag.py", line 343, in parse
    loader.exec_module(new_module)
  File "<frozen importlib._bootstrap_external>", line 839, in exec_module
  File "<frozen importlib._bootstrap_external>", line 976, in get_code
  File "<frozen importlib._bootstrap_external>", line 906, in source_to_code
  File "<frozen importlib._bootstrap>", line 219, in _call_with_frames_removed
  File "/opt/airflow/dags/tasks_relations.py", line 29
    >> [this_way(), or_that_way()]
    ^
SyntaxError: invalid syntax
[2023-09-05T15:26:47.251+0000] {processor.py:841} WARNING - No viable dags retrieved from /opt/airflow/dags/tasks_relations.py
[2023-09-05T15:26:47.364+0000] {processor.py:179} INFO - Processing /opt/airflow/dags/tasks_relations.py took 0.253 seconds
[2023-09-05T15:27:16.079+0000] {processor.py:157} INFO - Started process (PID=579) to work on /opt/airflow/dags/tasks_relations.py
[2023-09-05T15:27:16.104+0000] {processor.py:829} INFO - Processing file /opt/airflow/dags/tasks_relations.py for tasks to queue
[2023-09-05T15:27:16.115+0000] {logging_mixin.py:151} INFO - [2023-09-05T15:27:16.114+0000] {dagbag.py:539} INFO - Filling up the DagBag from /opt/airflow/dags/tasks_relations.py
[2023-09-05T15:27:16.166+0000] {processor.py:839} INFO - DAG(s) dict_keys(['tasks_relations']) retrieved from /opt/airflow/dags/tasks_relations.py
[2023-09-05T15:27:16.410+0000] {logging_mixin.py:151} INFO - [2023-09-05T15:27:16.410+0000] {dag.py:2907} INFO - Sync 1 DAGs
[2023-09-05T15:27:16.443+0000] {logging_mixin.py:151} INFO - [2023-09-05T15:27:16.443+0000] {dag.py:3677} INFO - Setting next_dagrun for tasks_relations to 2023-05-14T00:00:00+00:00, run_after=2023-05-15T00:00:00+00:00
[2023-09-05T15:27:16.485+0000] {processor.py:179} INFO - Processing /opt/airflow/dags/tasks_relations.py took 0.431 seconds
[2023-09-05T15:27:47.028+0000] {processor.py:157} INFO - Started process (PID=647) to work on /opt/airflow/dags/tasks_relations.py
[2023-09-05T15:27:47.064+0000] {processor.py:829} INFO - Processing file /opt/airflow/dags/tasks_relations.py for tasks to queue
[2023-09-05T15:27:47.117+0000] {logging_mixin.py:151} INFO - [2023-09-05T15:27:47.117+0000] {dagbag.py:539} INFO - Filling up the DagBag from /opt/airflow/dags/tasks_relations.py
[2023-09-05T15:27:47.326+0000] {processor.py:839} INFO - DAG(s) dict_keys(['tasks_relations']) retrieved from /opt/airflow/dags/tasks_relations.py
[2023-09-05T15:27:47.499+0000] {logging_mixin.py:151} INFO - [2023-09-05T15:27:47.499+0000] {dag.py:2907} INFO - Sync 1 DAGs
[2023-09-05T15:27:47.627+0000] {processor.py:179} INFO - Processing /opt/airflow/dags/tasks_relations.py took 0.650 seconds
[2023-09-05T15:28:18.003+0000] {processor.py:157} INFO - Started process (PID=714) to work on /opt/airflow/dags/tasks_relations.py
[2023-09-05T15:28:18.075+0000] {processor.py:829} INFO - Processing file /opt/airflow/dags/tasks_relations.py for tasks to queue
[2023-09-05T15:28:18.089+0000] {logging_mixin.py:151} INFO - [2023-09-05T15:28:18.088+0000] {dagbag.py:539} INFO - Filling up the DagBag from /opt/airflow/dags/tasks_relations.py
[2023-09-05T15:28:18.305+0000] {processor.py:839} INFO - DAG(s) dict_keys(['tasks_relations']) retrieved from /opt/airflow/dags/tasks_relations.py
[2023-09-05T15:28:18.433+0000] {logging_mixin.py:151} INFO - [2023-09-05T15:28:18.433+0000] {dag.py:2907} INFO - Sync 1 DAGs
[2023-09-05T15:28:18.529+0000] {logging_mixin.py:151} INFO - [2023-09-05T15:28:18.529+0000] {dag.py:3677} INFO - Setting next_dagrun for tasks_relations to 2023-06-05T00:00:00+00:00, run_after=2023-06-06T00:00:00+00:00
[2023-09-05T15:28:18.614+0000] {processor.py:179} INFO - Processing /opt/airflow/dags/tasks_relations.py took 0.626 seconds
[2023-09-05T15:28:49.672+0000] {processor.py:157} INFO - Started process (PID=775) to work on /opt/airflow/dags/tasks_relations.py
[2023-09-05T15:28:49.694+0000] {processor.py:829} INFO - Processing file /opt/airflow/dags/tasks_relations.py for tasks to queue
[2023-09-05T15:28:49.719+0000] {logging_mixin.py:151} INFO - [2023-09-05T15:28:49.715+0000] {dagbag.py:539} INFO - Filling up the DagBag from /opt/airflow/dags/tasks_relations.py
[2023-09-05T15:28:49.821+0000] {processor.py:839} INFO - DAG(s) dict_keys(['tasks_relations']) retrieved from /opt/airflow/dags/tasks_relations.py
[2023-09-05T15:28:50.022+0000] {logging_mixin.py:151} INFO - [2023-09-05T15:28:50.021+0000] {dag.py:2907} INFO - Sync 1 DAGs
[2023-09-05T15:28:50.506+0000] {logging_mixin.py:151} INFO - [2023-09-05T15:28:50.506+0000] {dag.py:3677} INFO - Setting next_dagrun for tasks_relations to 2023-06-15T00:00:00+00:00, run_after=2023-06-16T00:00:00+00:00
[2023-09-05T15:28:50.583+0000] {processor.py:179} INFO - Processing /opt/airflow/dags/tasks_relations.py took 0.931 seconds
[2023-09-05T15:29:20.784+0000] {processor.py:157} INFO - Started process (PID=859) to work on /opt/airflow/dags/tasks_relations.py
[2023-09-05T15:29:20.791+0000] {processor.py:829} INFO - Processing file /opt/airflow/dags/tasks_relations.py for tasks to queue
[2023-09-05T15:29:20.802+0000] {logging_mixin.py:151} INFO - [2023-09-05T15:29:20.801+0000] {dagbag.py:539} INFO - Filling up the DagBag from /opt/airflow/dags/tasks_relations.py
[2023-09-05T15:29:20.869+0000] {processor.py:839} INFO - DAG(s) dict_keys(['tasks_relations']) retrieved from /opt/airflow/dags/tasks_relations.py
[2023-09-05T15:29:20.978+0000] {logging_mixin.py:151} INFO - [2023-09-05T15:29:20.977+0000] {dag.py:2907} INFO - Sync 1 DAGs
[2023-09-05T15:29:21.109+0000] {logging_mixin.py:151} INFO - [2023-09-05T15:29:21.108+0000] {dag.py:3677} INFO - Setting next_dagrun for tasks_relations to 2023-06-30T00:00:00+00:00, run_after=2023-07-01T00:00:00+00:00
[2023-09-05T15:29:21.188+0000] {processor.py:179} INFO - Processing /opt/airflow/dags/tasks_relations.py took 0.416 seconds
[2023-09-05T15:29:51.474+0000] {processor.py:157} INFO - Started process (PID=953) to work on /opt/airflow/dags/tasks_relations.py
[2023-09-05T15:29:51.478+0000] {processor.py:829} INFO - Processing file /opt/airflow/dags/tasks_relations.py for tasks to queue
[2023-09-05T15:29:51.494+0000] {logging_mixin.py:151} INFO - [2023-09-05T15:29:51.494+0000] {dagbag.py:539} INFO - Filling up the DagBag from /opt/airflow/dags/tasks_relations.py
[2023-09-05T15:29:51.521+0000] {processor.py:839} INFO - DAG(s) dict_keys(['tasks_relations']) retrieved from /opt/airflow/dags/tasks_relations.py
[2023-09-05T15:29:51.644+0000] {logging_mixin.py:151} INFO - [2023-09-05T15:29:51.643+0000] {dag.py:2907} INFO - Sync 1 DAGs
[2023-09-05T15:29:51.715+0000] {logging_mixin.py:151} INFO - [2023-09-05T15:29:51.714+0000] {dag.py:3677} INFO - Setting next_dagrun for tasks_relations to 2023-07-13T00:00:00+00:00, run_after=2023-07-14T00:00:00+00:00
[2023-09-05T15:29:51.753+0000] {processor.py:179} INFO - Processing /opt/airflow/dags/tasks_relations.py took 0.289 seconds
[2023-09-05T15:30:22.404+0000] {processor.py:157} INFO - Started process (PID=1095) to work on /opt/airflow/dags/tasks_relations.py
[2023-09-05T15:30:22.416+0000] {processor.py:829} INFO - Processing file /opt/airflow/dags/tasks_relations.py for tasks to queue
[2023-09-05T15:30:22.447+0000] {logging_mixin.py:151} INFO - [2023-09-05T15:30:22.444+0000] {dagbag.py:539} INFO - Filling up the DagBag from /opt/airflow/dags/tasks_relations.py
[2023-09-05T15:30:22.492+0000] {processor.py:839} INFO - DAG(s) dict_keys(['tasks_relations']) retrieved from /opt/airflow/dags/tasks_relations.py
[2023-09-05T15:30:22.584+0000] {logging_mixin.py:151} INFO - [2023-09-05T15:30:22.584+0000] {dag.py:2907} INFO - Sync 1 DAGs
[2023-09-05T15:30:22.706+0000] {processor.py:179} INFO - Processing /opt/airflow/dags/tasks_relations.py took 0.333 seconds
[2023-09-05T15:30:52.875+0000] {processor.py:157} INFO - Started process (PID=1200) to work on /opt/airflow/dags/tasks_relations.py
[2023-09-05T15:30:52.889+0000] {processor.py:829} INFO - Processing file /opt/airflow/dags/tasks_relations.py for tasks to queue
[2023-09-05T15:30:52.921+0000] {logging_mixin.py:151} INFO - [2023-09-05T15:30:52.913+0000] {dagbag.py:539} INFO - Filling up the DagBag from /opt/airflow/dags/tasks_relations.py
[2023-09-05T15:30:52.973+0000] {processor.py:839} INFO - DAG(s) dict_keys(['tasks_relations']) retrieved from /opt/airflow/dags/tasks_relations.py
[2023-09-05T15:30:53.057+0000] {logging_mixin.py:151} INFO - [2023-09-05T15:30:53.056+0000] {dag.py:2907} INFO - Sync 1 DAGs
[2023-09-05T15:30:53.131+0000] {processor.py:179} INFO - Processing /opt/airflow/dags/tasks_relations.py took 0.278 seconds
[2023-09-05T15:31:23.593+0000] {processor.py:157} INFO - Started process (PID=1293) to work on /opt/airflow/dags/tasks_relations.py
[2023-09-05T15:31:23.600+0000] {processor.py:829} INFO - Processing file /opt/airflow/dags/tasks_relations.py for tasks to queue
[2023-09-05T15:31:23.609+0000] {logging_mixin.py:151} INFO - [2023-09-05T15:31:23.608+0000] {dagbag.py:539} INFO - Filling up the DagBag from /opt/airflow/dags/tasks_relations.py
[2023-09-05T15:31:23.655+0000] {processor.py:839} INFO - DAG(s) dict_keys(['tasks_relations']) retrieved from /opt/airflow/dags/tasks_relations.py
[2023-09-05T15:31:23.737+0000] {logging_mixin.py:151} INFO - [2023-09-05T15:31:23.736+0000] {dag.py:2907} INFO - Sync 1 DAGs
[2023-09-05T15:31:23.809+0000] {processor.py:179} INFO - Processing /opt/airflow/dags/tasks_relations.py took 0.241 seconds
[2023-09-05T15:31:54.250+0000] {processor.py:157} INFO - Started process (PID=1344) to work on /opt/airflow/dags/tasks_relations.py
[2023-09-05T15:31:54.258+0000] {processor.py:829} INFO - Processing file /opt/airflow/dags/tasks_relations.py for tasks to queue
[2023-09-05T15:31:54.273+0000] {logging_mixin.py:151} INFO - [2023-09-05T15:31:54.272+0000] {dagbag.py:539} INFO - Filling up the DagBag from /opt/airflow/dags/tasks_relations.py
[2023-09-05T15:31:54.296+0000] {processor.py:839} INFO - DAG(s) dict_keys(['tasks_relations']) retrieved from /opt/airflow/dags/tasks_relations.py
[2023-09-05T15:31:54.374+0000] {logging_mixin.py:151} INFO - [2023-09-05T15:31:54.373+0000] {dag.py:2907} INFO - Sync 1 DAGs
[2023-09-05T15:31:54.430+0000] {logging_mixin.py:151} INFO - [2023-09-05T15:31:54.430+0000] {dag.py:3677} INFO - Setting next_dagrun for tasks_relations to 2023-09-05T00:00:00+00:00, run_after=2023-09-06T00:00:00+00:00
[2023-09-05T15:31:54.449+0000] {processor.py:179} INFO - Processing /opt/airflow/dags/tasks_relations.py took 0.222 seconds
[2023-09-05T15:32:24.936+0000] {processor.py:157} INFO - Started process (PID=1353) to work on /opt/airflow/dags/tasks_relations.py
[2023-09-05T15:32:24.940+0000] {processor.py:829} INFO - Processing file /opt/airflow/dags/tasks_relations.py for tasks to queue
[2023-09-05T15:32:24.950+0000] {logging_mixin.py:151} INFO - [2023-09-05T15:32:24.949+0000] {dagbag.py:539} INFO - Filling up the DagBag from /opt/airflow/dags/tasks_relations.py
[2023-09-05T15:32:24.981+0000] {processor.py:839} INFO - DAG(s) dict_keys(['tasks_relations']) retrieved from /opt/airflow/dags/tasks_relations.py
[2023-09-05T15:32:25.050+0000] {logging_mixin.py:151} INFO - [2023-09-05T15:32:25.050+0000] {dag.py:2907} INFO - Sync 1 DAGs
[2023-09-05T15:32:25.088+0000] {logging_mixin.py:151} INFO - [2023-09-05T15:32:25.088+0000] {dag.py:3677} INFO - Setting next_dagrun for tasks_relations to 2023-09-05T00:00:00+00:00, run_after=2023-09-06T00:00:00+00:00
[2023-09-05T15:32:25.109+0000] {processor.py:179} INFO - Processing /opt/airflow/dags/tasks_relations.py took 0.181 seconds
[2023-09-05T15:32:55.329+0000] {processor.py:157} INFO - Started process (PID=1362) to work on /opt/airflow/dags/tasks_relations.py
[2023-09-05T15:32:55.334+0000] {processor.py:829} INFO - Processing file /opt/airflow/dags/tasks_relations.py for tasks to queue
[2023-09-05T15:32:55.342+0000] {logging_mixin.py:151} INFO - [2023-09-05T15:32:55.341+0000] {dagbag.py:539} INFO - Filling up the DagBag from /opt/airflow/dags/tasks_relations.py
[2023-09-05T15:32:55.373+0000] {processor.py:839} INFO - DAG(s) dict_keys(['tasks_relations']) retrieved from /opt/airflow/dags/tasks_relations.py
[2023-09-05T15:32:55.424+0000] {logging_mixin.py:151} INFO - [2023-09-05T15:32:55.424+0000] {dag.py:2907} INFO - Sync 1 DAGs
[2023-09-05T15:32:55.467+0000] {logging_mixin.py:151} INFO - [2023-09-05T15:32:55.467+0000] {dag.py:3677} INFO - Setting next_dagrun for tasks_relations to 2023-09-05T00:00:00+00:00, run_after=2023-09-06T00:00:00+00:00
[2023-09-05T15:32:55.491+0000] {processor.py:179} INFO - Processing /opt/airflow/dags/tasks_relations.py took 0.169 seconds
[2023-09-05T15:33:25.698+0000] {processor.py:157} INFO - Started process (PID=1372) to work on /opt/airflow/dags/tasks_relations.py
[2023-09-05T15:33:25.702+0000] {processor.py:829} INFO - Processing file /opt/airflow/dags/tasks_relations.py for tasks to queue
[2023-09-05T15:33:25.709+0000] {logging_mixin.py:151} INFO - [2023-09-05T15:33:25.708+0000] {dagbag.py:539} INFO - Filling up the DagBag from /opt/airflow/dags/tasks_relations.py
[2023-09-05T15:33:25.731+0000] {processor.py:839} INFO - DAG(s) dict_keys(['tasks_relations']) retrieved from /opt/airflow/dags/tasks_relations.py
[2023-09-05T15:33:25.806+0000] {logging_mixin.py:151} INFO - [2023-09-05T15:33:25.806+0000] {dag.py:2907} INFO - Sync 1 DAGs
[2023-09-05T15:33:25.851+0000] {logging_mixin.py:151} INFO - [2023-09-05T15:33:25.851+0000] {dag.py:3677} INFO - Setting next_dagrun for tasks_relations to 2023-09-05T00:00:00+00:00, run_after=2023-09-06T00:00:00+00:00
[2023-09-05T15:33:25.874+0000] {processor.py:179} INFO - Processing /opt/airflow/dags/tasks_relations.py took 0.195 seconds
[2023-09-05T15:33:56.117+0000] {processor.py:157} INFO - Started process (PID=1381) to work on /opt/airflow/dags/tasks_relations.py
[2023-09-05T15:33:56.122+0000] {processor.py:829} INFO - Processing file /opt/airflow/dags/tasks_relations.py for tasks to queue
[2023-09-05T15:33:56.129+0000] {logging_mixin.py:151} INFO - [2023-09-05T15:33:56.129+0000] {dagbag.py:539} INFO - Filling up the DagBag from /opt/airflow/dags/tasks_relations.py
[2023-09-05T15:33:56.179+0000] {processor.py:839} INFO - DAG(s) dict_keys(['tasks_relations']) retrieved from /opt/airflow/dags/tasks_relations.py
[2023-09-05T15:33:56.252+0000] {logging_mixin.py:151} INFO - [2023-09-05T15:33:56.251+0000] {dag.py:2907} INFO - Sync 1 DAGs
[2023-09-05T15:33:56.301+0000] {logging_mixin.py:151} INFO - [2023-09-05T15:33:56.301+0000] {dag.py:3677} INFO - Setting next_dagrun for tasks_relations to 2023-09-05T00:00:00+00:00, run_after=2023-09-06T00:00:00+00:00
[2023-09-05T15:33:56.334+0000] {processor.py:179} INFO - Processing /opt/airflow/dags/tasks_relations.py took 0.227 seconds
[2023-09-05T15:34:26.572+0000] {processor.py:157} INFO - Started process (PID=1390) to work on /opt/airflow/dags/tasks_relations.py
[2023-09-05T15:34:26.576+0000] {processor.py:829} INFO - Processing file /opt/airflow/dags/tasks_relations.py for tasks to queue
[2023-09-05T15:34:26.583+0000] {logging_mixin.py:151} INFO - [2023-09-05T15:34:26.583+0000] {dagbag.py:539} INFO - Filling up the DagBag from /opt/airflow/dags/tasks_relations.py
[2023-09-05T15:34:26.609+0000] {processor.py:839} INFO - DAG(s) dict_keys(['tasks_relations']) retrieved from /opt/airflow/dags/tasks_relations.py
[2023-09-05T15:34:26.695+0000] {logging_mixin.py:151} INFO - [2023-09-05T15:34:26.695+0000] {dag.py:2907} INFO - Sync 1 DAGs
[2023-09-05T15:34:26.735+0000] {logging_mixin.py:151} INFO - [2023-09-05T15:34:26.735+0000] {dag.py:3677} INFO - Setting next_dagrun for tasks_relations to 2023-09-05T00:00:00+00:00, run_after=2023-09-06T00:00:00+00:00
[2023-09-05T15:34:26.765+0000] {processor.py:179} INFO - Processing /opt/airflow/dags/tasks_relations.py took 0.207 seconds
[2023-09-05T15:34:57.326+0000] {processor.py:157} INFO - Started process (PID=1399) to work on /opt/airflow/dags/tasks_relations.py
[2023-09-05T15:34:57.331+0000] {processor.py:829} INFO - Processing file /opt/airflow/dags/tasks_relations.py for tasks to queue
[2023-09-05T15:34:57.337+0000] {logging_mixin.py:151} INFO - [2023-09-05T15:34:57.336+0000] {dagbag.py:539} INFO - Filling up the DagBag from /opt/airflow/dags/tasks_relations.py
[2023-09-05T15:34:57.373+0000] {processor.py:839} INFO - DAG(s) dict_keys(['tasks_relations']) retrieved from /opt/airflow/dags/tasks_relations.py
[2023-09-05T15:34:57.469+0000] {logging_mixin.py:151} INFO - [2023-09-05T15:34:57.469+0000] {dag.py:2907} INFO - Sync 1 DAGs
[2023-09-05T15:34:57.507+0000] {logging_mixin.py:151} INFO - [2023-09-05T15:34:57.507+0000] {dag.py:3677} INFO - Setting next_dagrun for tasks_relations to 2023-09-05T00:00:00+00:00, run_after=2023-09-06T00:00:00+00:00
[2023-09-05T15:34:57.562+0000] {processor.py:179} INFO - Processing /opt/airflow/dags/tasks_relations.py took 0.244 seconds
[2023-09-05T15:35:27.726+0000] {processor.py:157} INFO - Started process (PID=1408) to work on /opt/airflow/dags/tasks_relations.py
[2023-09-05T15:35:27.730+0000] {processor.py:829} INFO - Processing file /opt/airflow/dags/tasks_relations.py for tasks to queue
[2023-09-05T15:35:27.741+0000] {logging_mixin.py:151} INFO - [2023-09-05T15:35:27.739+0000] {dagbag.py:539} INFO - Filling up the DagBag from /opt/airflow/dags/tasks_relations.py
[2023-09-05T15:35:27.776+0000] {processor.py:839} INFO - DAG(s) dict_keys(['tasks_relations']) retrieved from /opt/airflow/dags/tasks_relations.py
[2023-09-05T15:35:27.842+0000] {logging_mixin.py:151} INFO - [2023-09-05T15:35:27.842+0000] {dag.py:2907} INFO - Sync 1 DAGs
[2023-09-05T15:35:27.867+0000] {logging_mixin.py:151} INFO - [2023-09-05T15:35:27.866+0000] {dag.py:3677} INFO - Setting next_dagrun for tasks_relations to 2023-09-05T00:00:00+00:00, run_after=2023-09-06T00:00:00+00:00
[2023-09-05T15:35:27.892+0000] {processor.py:179} INFO - Processing /opt/airflow/dags/tasks_relations.py took 0.172 seconds
[2023-09-05T15:35:58.199+0000] {processor.py:157} INFO - Started process (PID=1417) to work on /opt/airflow/dags/tasks_relations.py
[2023-09-05T15:35:58.205+0000] {processor.py:829} INFO - Processing file /opt/airflow/dags/tasks_relations.py for tasks to queue
[2023-09-05T15:35:58.215+0000] {logging_mixin.py:151} INFO - [2023-09-05T15:35:58.213+0000] {dagbag.py:539} INFO - Filling up the DagBag from /opt/airflow/dags/tasks_relations.py
[2023-09-05T15:35:58.258+0000] {processor.py:839} INFO - DAG(s) dict_keys(['tasks_relations']) retrieved from /opt/airflow/dags/tasks_relations.py
[2023-09-05T15:35:58.361+0000] {logging_mixin.py:151} INFO - [2023-09-05T15:35:58.360+0000] {dag.py:2907} INFO - Sync 1 DAGs
[2023-09-05T15:35:58.402+0000] {logging_mixin.py:151} INFO - [2023-09-05T15:35:58.401+0000] {dag.py:3677} INFO - Setting next_dagrun for tasks_relations to 2023-09-05T00:00:00+00:00, run_after=2023-09-06T00:00:00+00:00
[2023-09-05T15:35:58.433+0000] {processor.py:179} INFO - Processing /opt/airflow/dags/tasks_relations.py took 0.244 seconds
[2023-09-05T15:36:28.581+0000] {processor.py:157} INFO - Started process (PID=1427) to work on /opt/airflow/dags/tasks_relations.py
[2023-09-05T15:36:28.590+0000] {processor.py:829} INFO - Processing file /opt/airflow/dags/tasks_relations.py for tasks to queue
[2023-09-05T15:36:28.603+0000] {logging_mixin.py:151} INFO - [2023-09-05T15:36:28.597+0000] {dagbag.py:539} INFO - Filling up the DagBag from /opt/airflow/dags/tasks_relations.py
[2023-09-05T15:36:28.627+0000] {processor.py:839} INFO - DAG(s) dict_keys(['tasks_relations']) retrieved from /opt/airflow/dags/tasks_relations.py
[2023-09-05T15:36:28.754+0000] {logging_mixin.py:151} INFO - [2023-09-05T15:36:28.753+0000] {dag.py:2907} INFO - Sync 1 DAGs
[2023-09-05T15:36:28.826+0000] {logging_mixin.py:151} INFO - [2023-09-05T15:36:28.826+0000] {dag.py:3677} INFO - Setting next_dagrun for tasks_relations to 2023-09-05T00:00:00+00:00, run_after=2023-09-06T00:00:00+00:00
[2023-09-05T15:36:28.913+0000] {processor.py:179} INFO - Processing /opt/airflow/dags/tasks_relations.py took 0.346 seconds
[2023-09-05T15:36:59.521+0000] {processor.py:157} INFO - Started process (PID=1436) to work on /opt/airflow/dags/tasks_relations.py
[2023-09-05T15:36:59.526+0000] {processor.py:829} INFO - Processing file /opt/airflow/dags/tasks_relations.py for tasks to queue
[2023-09-05T15:36:59.534+0000] {logging_mixin.py:151} INFO - [2023-09-05T15:36:59.533+0000] {dagbag.py:539} INFO - Filling up the DagBag from /opt/airflow/dags/tasks_relations.py
[2023-09-05T15:36:59.559+0000] {processor.py:839} INFO - DAG(s) dict_keys(['tasks_relations']) retrieved from /opt/airflow/dags/tasks_relations.py
[2023-09-05T15:36:59.657+0000] {logging_mixin.py:151} INFO - [2023-09-05T15:36:59.657+0000] {dag.py:2907} INFO - Sync 1 DAGs
[2023-09-05T15:36:59.699+0000] {logging_mixin.py:151} INFO - [2023-09-05T15:36:59.698+0000] {dag.py:3677} INFO - Setting next_dagrun for tasks_relations to 2023-09-05T00:00:00+00:00, run_after=2023-09-06T00:00:00+00:00
[2023-09-05T15:36:59.769+0000] {processor.py:179} INFO - Processing /opt/airflow/dags/tasks_relations.py took 0.261 seconds
[2023-09-05T15:37:29.905+0000] {processor.py:157} INFO - Started process (PID=1445) to work on /opt/airflow/dags/tasks_relations.py
[2023-09-05T15:37:29.909+0000] {processor.py:829} INFO - Processing file /opt/airflow/dags/tasks_relations.py for tasks to queue
[2023-09-05T15:37:29.919+0000] {logging_mixin.py:151} INFO - [2023-09-05T15:37:29.918+0000] {dagbag.py:539} INFO - Filling up the DagBag from /opt/airflow/dags/tasks_relations.py
[2023-09-05T15:37:29.956+0000] {processor.py:839} INFO - DAG(s) dict_keys(['tasks_relations']) retrieved from /opt/airflow/dags/tasks_relations.py
[2023-09-05T15:37:30.017+0000] {logging_mixin.py:151} INFO - [2023-09-05T15:37:30.017+0000] {dag.py:2907} INFO - Sync 1 DAGs
[2023-09-05T15:37:30.072+0000] {logging_mixin.py:151} INFO - [2023-09-05T15:37:30.072+0000] {dag.py:3677} INFO - Setting next_dagrun for tasks_relations to 2023-09-05T00:00:00+00:00, run_after=2023-09-06T00:00:00+00:00
[2023-09-05T15:37:30.091+0000] {processor.py:179} INFO - Processing /opt/airflow/dags/tasks_relations.py took 0.198 seconds
[2023-09-05T15:38:00.641+0000] {processor.py:157} INFO - Started process (PID=1453) to work on /opt/airflow/dags/tasks_relations.py
[2023-09-05T15:38:00.649+0000] {processor.py:829} INFO - Processing file /opt/airflow/dags/tasks_relations.py for tasks to queue
[2023-09-05T15:38:00.698+0000] {logging_mixin.py:151} INFO - [2023-09-05T15:38:00.697+0000] {dagbag.py:539} INFO - Filling up the DagBag from /opt/airflow/dags/tasks_relations.py
[2023-09-05T15:38:00.753+0000] {processor.py:839} INFO - DAG(s) dict_keys(['tasks_relations']) retrieved from /opt/airflow/dags/tasks_relations.py
[2023-09-05T15:38:00.866+0000] {logging_mixin.py:151} INFO - [2023-09-05T15:38:00.866+0000] {dag.py:2907} INFO - Sync 1 DAGs
[2023-09-05T15:38:00.910+0000] {logging_mixin.py:151} INFO - [2023-09-05T15:38:00.909+0000] {dag.py:3677} INFO - Setting next_dagrun for tasks_relations to 2023-09-05T00:00:00+00:00, run_after=2023-09-06T00:00:00+00:00
[2023-09-05T15:38:00.948+0000] {processor.py:179} INFO - Processing /opt/airflow/dags/tasks_relations.py took 0.335 seconds
[2023-09-05T15:38:31.099+0000] {processor.py:157} INFO - Started process (PID=1462) to work on /opt/airflow/dags/tasks_relations.py
[2023-09-05T15:38:31.108+0000] {processor.py:829} INFO - Processing file /opt/airflow/dags/tasks_relations.py for tasks to queue
[2023-09-05T15:38:31.122+0000] {logging_mixin.py:151} INFO - [2023-09-05T15:38:31.122+0000] {dagbag.py:539} INFO - Filling up the DagBag from /opt/airflow/dags/tasks_relations.py
[2023-09-05T15:38:31.201+0000] {processor.py:839} INFO - DAG(s) dict_keys(['tasks_relations']) retrieved from /opt/airflow/dags/tasks_relations.py
[2023-09-05T15:38:31.305+0000] {logging_mixin.py:151} INFO - [2023-09-05T15:38:31.305+0000] {dag.py:2907} INFO - Sync 1 DAGs
[2023-09-05T15:38:31.341+0000] {logging_mixin.py:151} INFO - [2023-09-05T15:38:31.340+0000] {dag.py:3677} INFO - Setting next_dagrun for tasks_relations to 2023-09-05T00:00:00+00:00, run_after=2023-09-06T00:00:00+00:00
[2023-09-05T15:38:31.391+0000] {processor.py:179} INFO - Processing /opt/airflow/dags/tasks_relations.py took 0.308 seconds
[2023-09-05T15:39:02.016+0000] {processor.py:157} INFO - Started process (PID=1471) to work on /opt/airflow/dags/tasks_relations.py
[2023-09-05T15:39:02.021+0000] {processor.py:829} INFO - Processing file /opt/airflow/dags/tasks_relations.py for tasks to queue
[2023-09-05T15:39:02.034+0000] {logging_mixin.py:151} INFO - [2023-09-05T15:39:02.031+0000] {dagbag.py:539} INFO - Filling up the DagBag from /opt/airflow/dags/tasks_relations.py
[2023-09-05T15:39:02.084+0000] {processor.py:839} INFO - DAG(s) dict_keys(['tasks_relations']) retrieved from /opt/airflow/dags/tasks_relations.py
[2023-09-05T15:39:02.192+0000] {logging_mixin.py:151} INFO - [2023-09-05T15:39:02.192+0000] {dag.py:2907} INFO - Sync 1 DAGs
[2023-09-05T15:39:02.270+0000] {logging_mixin.py:151} INFO - [2023-09-05T15:39:02.270+0000] {dag.py:3677} INFO - Setting next_dagrun for tasks_relations to 2023-09-05T00:00:00+00:00, run_after=2023-09-06T00:00:00+00:00
[2023-09-05T15:39:02.376+0000] {processor.py:179} INFO - Processing /opt/airflow/dags/tasks_relations.py took 0.386 seconds
[2023-09-05T15:39:32.729+0000] {processor.py:157} INFO - Started process (PID=1479) to work on /opt/airflow/dags/tasks_relations.py
[2023-09-05T15:39:32.740+0000] {processor.py:829} INFO - Processing file /opt/airflow/dags/tasks_relations.py for tasks to queue
[2023-09-05T15:39:32.748+0000] {logging_mixin.py:151} INFO - [2023-09-05T15:39:32.746+0000] {dagbag.py:539} INFO - Filling up the DagBag from /opt/airflow/dags/tasks_relations.py
[2023-09-05T15:39:32.771+0000] {processor.py:839} INFO - DAG(s) dict_keys(['tasks_relations']) retrieved from /opt/airflow/dags/tasks_relations.py
[2023-09-05T15:39:32.885+0000] {logging_mixin.py:151} INFO - [2023-09-05T15:39:32.885+0000] {dag.py:2907} INFO - Sync 1 DAGs
[2023-09-05T15:39:32.930+0000] {logging_mixin.py:151} INFO - [2023-09-05T15:39:32.928+0000] {dag.py:3677} INFO - Setting next_dagrun for tasks_relations to 2023-09-05T00:00:00+00:00, run_after=2023-09-06T00:00:00+00:00
[2023-09-05T15:39:33.009+0000] {processor.py:179} INFO - Processing /opt/airflow/dags/tasks_relations.py took 0.287 seconds
[2023-09-05T15:40:03.693+0000] {processor.py:157} INFO - Started process (PID=1487) to work on /opt/airflow/dags/tasks_relations.py
[2023-09-05T15:40:03.697+0000] {processor.py:829} INFO - Processing file /opt/airflow/dags/tasks_relations.py for tasks to queue
[2023-09-05T15:40:03.705+0000] {logging_mixin.py:151} INFO - [2023-09-05T15:40:03.704+0000] {dagbag.py:539} INFO - Filling up the DagBag from /opt/airflow/dags/tasks_relations.py
[2023-09-05T15:40:03.735+0000] {processor.py:839} INFO - DAG(s) dict_keys(['tasks_relations']) retrieved from /opt/airflow/dags/tasks_relations.py
[2023-09-05T15:40:03.838+0000] {logging_mixin.py:151} INFO - [2023-09-05T15:40:03.838+0000] {dag.py:2907} INFO - Sync 1 DAGs
[2023-09-05T15:40:03.891+0000] {logging_mixin.py:151} INFO - [2023-09-05T15:40:03.884+0000] {dag.py:3677} INFO - Setting next_dagrun for tasks_relations to 2023-09-05T00:00:00+00:00, run_after=2023-09-06T00:00:00+00:00
[2023-09-05T15:40:04.001+0000] {processor.py:179} INFO - Processing /opt/airflow/dags/tasks_relations.py took 0.327 seconds
[2023-09-05T15:40:34.407+0000] {processor.py:157} INFO - Started process (PID=1496) to work on /opt/airflow/dags/tasks_relations.py
[2023-09-05T15:40:34.419+0000] {processor.py:829} INFO - Processing file /opt/airflow/dags/tasks_relations.py for tasks to queue
[2023-09-05T15:40:34.429+0000] {logging_mixin.py:151} INFO - [2023-09-05T15:40:34.428+0000] {dagbag.py:539} INFO - Filling up the DagBag from /opt/airflow/dags/tasks_relations.py
[2023-09-05T15:40:34.477+0000] {processor.py:839} INFO - DAG(s) dict_keys(['tasks_relations']) retrieved from /opt/airflow/dags/tasks_relations.py
[2023-09-05T15:40:34.623+0000] {logging_mixin.py:151} INFO - [2023-09-05T15:40:34.622+0000] {dag.py:2907} INFO - Sync 1 DAGs
[2023-09-05T15:40:34.684+0000] {logging_mixin.py:151} INFO - [2023-09-05T15:40:34.684+0000] {dag.py:3677} INFO - Setting next_dagrun for tasks_relations to 2023-09-05T00:00:00+00:00, run_after=2023-09-06T00:00:00+00:00
[2023-09-05T15:40:34.815+0000] {processor.py:179} INFO - Processing /opt/airflow/dags/tasks_relations.py took 0.415 seconds
[2023-09-05T15:41:04.982+0000] {processor.py:157} INFO - Started process (PID=1505) to work on /opt/airflow/dags/tasks_relations.py
[2023-09-05T15:41:04.987+0000] {processor.py:829} INFO - Processing file /opt/airflow/dags/tasks_relations.py for tasks to queue
[2023-09-05T15:41:04.996+0000] {logging_mixin.py:151} INFO - [2023-09-05T15:41:04.995+0000] {dagbag.py:539} INFO - Filling up the DagBag from /opt/airflow/dags/tasks_relations.py
[2023-09-05T15:41:05.026+0000] {processor.py:839} INFO - DAG(s) dict_keys(['tasks_relations']) retrieved from /opt/airflow/dags/tasks_relations.py
[2023-09-05T15:41:05.098+0000] {logging_mixin.py:151} INFO - [2023-09-05T15:41:05.098+0000] {dag.py:2907} INFO - Sync 1 DAGs
[2023-09-05T15:41:05.128+0000] {logging_mixin.py:151} INFO - [2023-09-05T15:41:05.128+0000] {dag.py:3677} INFO - Setting next_dagrun for tasks_relations to 2023-09-05T00:00:00+00:00, run_after=2023-09-06T00:00:00+00:00
[2023-09-05T15:41:05.156+0000] {processor.py:179} INFO - Processing /opt/airflow/dags/tasks_relations.py took 0.180 seconds
[2023-09-05T15:41:35.681+0000] {processor.py:157} INFO - Started process (PID=1514) to work on /opt/airflow/dags/tasks_relations.py
[2023-09-05T15:41:35.685+0000] {processor.py:829} INFO - Processing file /opt/airflow/dags/tasks_relations.py for tasks to queue
[2023-09-05T15:41:35.706+0000] {logging_mixin.py:151} INFO - [2023-09-05T15:41:35.705+0000] {dagbag.py:539} INFO - Filling up the DagBag from /opt/airflow/dags/tasks_relations.py
[2023-09-05T15:41:35.758+0000] {processor.py:839} INFO - DAG(s) dict_keys(['tasks_relations']) retrieved from /opt/airflow/dags/tasks_relations.py
[2023-09-05T15:41:35.868+0000] {logging_mixin.py:151} INFO - [2023-09-05T15:41:35.867+0000] {dag.py:2907} INFO - Sync 1 DAGs
[2023-09-05T15:41:35.920+0000] {logging_mixin.py:151} INFO - [2023-09-05T15:41:35.919+0000] {dag.py:3677} INFO - Setting next_dagrun for tasks_relations to 2023-09-05T00:00:00+00:00, run_after=2023-09-06T00:00:00+00:00
[2023-09-05T15:41:36.034+0000] {processor.py:179} INFO - Processing /opt/airflow/dags/tasks_relations.py took 0.363 seconds
[2023-09-05T15:42:06.583+0000] {processor.py:157} INFO - Started process (PID=1523) to work on /opt/airflow/dags/tasks_relations.py
[2023-09-05T15:42:06.586+0000] {processor.py:829} INFO - Processing file /opt/airflow/dags/tasks_relations.py for tasks to queue
[2023-09-05T15:42:06.597+0000] {logging_mixin.py:151} INFO - [2023-09-05T15:42:06.597+0000] {dagbag.py:539} INFO - Filling up the DagBag from /opt/airflow/dags/tasks_relations.py
[2023-09-05T15:42:06.633+0000] {processor.py:839} INFO - DAG(s) dict_keys(['tasks_relations']) retrieved from /opt/airflow/dags/tasks_relations.py
[2023-09-05T15:42:06.723+0000] {logging_mixin.py:151} INFO - [2023-09-05T15:42:06.722+0000] {dag.py:2907} INFO - Sync 1 DAGs
[2023-09-05T15:42:06.776+0000] {logging_mixin.py:151} INFO - [2023-09-05T15:42:06.776+0000] {dag.py:3677} INFO - Setting next_dagrun for tasks_relations to 2023-09-05T00:00:00+00:00, run_after=2023-09-06T00:00:00+00:00
[2023-09-05T15:42:06.805+0000] {processor.py:179} INFO - Processing /opt/airflow/dags/tasks_relations.py took 0.230 seconds
[2023-09-05T15:42:37.273+0000] {processor.py:157} INFO - Started process (PID=1532) to work on /opt/airflow/dags/tasks_relations.py
[2023-09-05T15:42:37.283+0000] {processor.py:829} INFO - Processing file /opt/airflow/dags/tasks_relations.py for tasks to queue
[2023-09-05T15:42:37.301+0000] {logging_mixin.py:151} INFO - [2023-09-05T15:42:37.300+0000] {dagbag.py:539} INFO - Filling up the DagBag from /opt/airflow/dags/tasks_relations.py
[2023-09-05T15:42:37.343+0000] {processor.py:839} INFO - DAG(s) dict_keys(['tasks_relations']) retrieved from /opt/airflow/dags/tasks_relations.py
[2023-09-05T15:42:37.478+0000] {logging_mixin.py:151} INFO - [2023-09-05T15:42:37.472+0000] {dag.py:2907} INFO - Sync 1 DAGs
[2023-09-05T15:42:37.566+0000] {logging_mixin.py:151} INFO - [2023-09-05T15:42:37.566+0000] {dag.py:3677} INFO - Setting next_dagrun for tasks_relations to 2023-09-05T00:00:00+00:00, run_after=2023-09-06T00:00:00+00:00
[2023-09-05T15:42:37.664+0000] {processor.py:179} INFO - Processing /opt/airflow/dags/tasks_relations.py took 0.403 seconds
