[2023-09-05T15:30:07.727+0000] {taskinstance.py:1159} INFO - Dependencies all met for dep_context=non-requeueable deps ti=<TaskInstance: tasks_relations.or_that_way scheduled__2023-07-07T00:00:00+00:00 [queued]>
[2023-09-05T15:30:07.760+0000] {taskinstance.py:1159} INFO - Dependencies all met for dep_context=requeueable deps ti=<TaskInstance: tasks_relations.or_that_way scheduled__2023-07-07T00:00:00+00:00 [queued]>
[2023-09-05T15:30:07.778+0000] {taskinstance.py:1361} INFO - Starting attempt 1 of 1
[2023-09-05T15:30:07.854+0000] {taskinstance.py:1382} INFO - Executing <Task(_PythonDecoratedOperator): or_that_way> on 2023-07-07 00:00:00+00:00
[2023-09-05T15:30:07.876+0000] {standard_task_runner.py:57} INFO - Started process 1548 to run task
[2023-09-05T15:30:07.959+0000] {standard_task_runner.py:84} INFO - Running: ['***', 'tasks', 'run', 'tasks_relations', 'or_that_way', 'scheduled__2023-07-07T00:00:00+00:00', '--job-id', '697', '--raw', '--subdir', 'DAGS_FOLDER/tasks_relations.py', '--cfg-path', '/tmp/tmpxsrkgs8u']
[2023-09-05T15:30:07.991+0000] {standard_task_runner.py:85} INFO - Job 697: Subtask or_that_way
[2023-09-05T15:30:08.294+0000] {task_command.py:415} INFO - Running <TaskInstance: tasks_relations.or_that_way scheduled__2023-07-07T00:00:00+00:00 [running]> on host ca474790e981
[2023-09-05T15:30:08.720+0000] {taskinstance.py:1660} INFO - Exporting env vars: AIRFLOW_CTX_DAG_OWNER='***' AIRFLOW_CTX_DAG_ID='tasks_relations' AIRFLOW_CTX_TASK_ID='or_that_way' AIRFLOW_CTX_EXECUTION_DATE='2023-07-07T00:00:00+00:00' AIRFLOW_CTX_TRY_NUMBER='1' AIRFLOW_CTX_DAG_RUN_ID='scheduled__2023-07-07T00:00:00+00:00'
[2023-09-05T15:30:08.725+0000] {logging_mixin.py:151} INFO - NO NO, THAT WAY WAY!!!
[2023-09-05T15:30:08.729+0000] {python.py:194} INFO - Done. Returned value was: None
[2023-09-05T15:30:08.810+0000] {taskinstance.py:1400} INFO - Marking task as SUCCESS. dag_id=tasks_relations, task_id=or_that_way, execution_date=20230707T000000, start_date=20230905T153007, end_date=20230905T153008
[2023-09-05T15:30:09.070+0000] {local_task_job_runner.py:228} INFO - Task exited with return code 0
[2023-09-05T15:30:09.112+0000] {taskinstance.py:2784} INFO - 0 downstream tasks scheduled from follow-on schedule check
[2023-09-12T17:36:58.253+0000] {taskinstance.py:1159} INFO - Dependencies all met for dep_context=non-requeueable deps ti=<TaskInstance: tasks_relations.or_that_way scheduled__2023-07-07T00:00:00+00:00 [queued]>
[2023-09-12T17:36:58.288+0000] {taskinstance.py:1159} INFO - Dependencies all met for dep_context=requeueable deps ti=<TaskInstance: tasks_relations.or_that_way scheduled__2023-07-07T00:00:00+00:00 [queued]>
[2023-09-12T17:36:58.289+0000] {taskinstance.py:1361} INFO - Starting attempt 1 of 1
[2023-09-12T17:36:58.339+0000] {taskinstance.py:1382} INFO - Executing <Task(_PythonDecoratedOperator): or_that_way> on 2023-07-07 00:00:00+00:00
[2023-09-12T17:36:58.355+0000] {standard_task_runner.py:57} INFO - Started process 2971 to run task
[2023-09-12T17:36:58.371+0000] {standard_task_runner.py:84} INFO - Running: ['***', 'tasks', 'run', 'tasks_relations', 'or_that_way', 'scheduled__2023-07-07T00:00:00+00:00', '--job-id', '1405', '--raw', '--subdir', 'DAGS_FOLDER/2_tasks_relations.py', '--cfg-path', '/tmp/tmpvfba_2kp']
[2023-09-12T17:36:58.387+0000] {standard_task_runner.py:85} INFO - Job 1405: Subtask or_that_way
[2023-09-12T17:36:58.596+0000] {task_command.py:415} INFO - Running <TaskInstance: tasks_relations.or_that_way scheduled__2023-07-07T00:00:00+00:00 [running]> on host 0ab7970e0956
[2023-09-12T17:36:58.873+0000] {taskinstance.py:1660} INFO - Exporting env vars: AIRFLOW_CTX_DAG_OWNER='***' AIRFLOW_CTX_DAG_ID='tasks_relations' AIRFLOW_CTX_TASK_ID='or_that_way' AIRFLOW_CTX_EXECUTION_DATE='2023-07-07T00:00:00+00:00' AIRFLOW_CTX_TRY_NUMBER='1' AIRFLOW_CTX_DAG_RUN_ID='scheduled__2023-07-07T00:00:00+00:00'
[2023-09-12T17:36:58.875+0000] {logging_mixin.py:151} INFO - NO NO, THAT WAY WAY!!!
[2023-09-12T17:36:58.882+0000] {python.py:194} INFO - Done. Returned value was: None
[2023-09-12T17:36:58.907+0000] {taskinstance.py:1400} INFO - Marking task as SUCCESS. dag_id=tasks_relations, task_id=or_that_way, execution_date=20230707T000000, start_date=20230912T173658, end_date=20230912T173658
[2023-09-12T17:36:58.996+0000] {local_task_job_runner.py:228} INFO - Task exited with return code 0
[2023-09-12T17:36:59.082+0000] {taskinstance.py:2784} INFO - 1 downstream tasks scheduled from follow-on schedule check
