[2023-09-05T15:30:28.940+0000] {taskinstance.py:1159} INFO - Dependencies all met for dep_context=non-requeueable deps ti=<TaskInstance: tasks_relations.this_way scheduled__2023-07-19T00:00:00+00:00 [queued]>
[2023-09-05T15:30:28.997+0000] {taskinstance.py:1159} INFO - Dependencies all met for dep_context=requeueable deps ti=<TaskInstance: tasks_relations.this_way scheduled__2023-07-19T00:00:00+00:00 [queued]>
[2023-09-05T15:30:29.003+0000] {taskinstance.py:1361} INFO - Starting attempt 1 of 1
[2023-09-05T15:30:29.137+0000] {taskinstance.py:1382} INFO - Executing <Task(_PythonDecoratedOperator): this_way> on 2023-07-19 00:00:00+00:00
[2023-09-05T15:30:29.181+0000] {standard_task_runner.py:57} INFO - Started process 1677 to run task
[2023-09-05T15:30:29.257+0000] {standard_task_runner.py:84} INFO - Running: ['***', 'tasks', 'run', 'tasks_relations', 'this_way', 'scheduled__2023-07-19T00:00:00+00:00', '--job-id', '762', '--raw', '--subdir', 'DAGS_FOLDER/tasks_relations.py', '--cfg-path', '/tmp/tmp_kj8bapx']
[2023-09-05T15:30:29.282+0000] {standard_task_runner.py:85} INFO - Job 762: Subtask this_way
[2023-09-05T15:30:29.581+0000] {task_command.py:415} INFO - Running <TaskInstance: tasks_relations.this_way scheduled__2023-07-19T00:00:00+00:00 [running]> on host ca474790e981
[2023-09-05T15:30:30.095+0000] {taskinstance.py:1660} INFO - Exporting env vars: AIRFLOW_CTX_DAG_OWNER='***' AIRFLOW_CTX_DAG_ID='tasks_relations' AIRFLOW_CTX_TASK_ID='this_way' AIRFLOW_CTX_EXECUTION_DATE='2023-07-19T00:00:00+00:00' AIRFLOW_CTX_TRY_NUMBER='1' AIRFLOW_CTX_DAG_RUN_ID='scheduled__2023-07-19T00:00:00+00:00'
[2023-09-05T15:30:30.102+0000] {logging_mixin.py:151} INFO - THIS WAY!!!
[2023-09-05T15:30:30.106+0000] {python.py:194} INFO - Done. Returned value was: None
[2023-09-05T15:30:30.147+0000] {taskinstance.py:1400} INFO - Marking task as SUCCESS. dag_id=tasks_relations, task_id=this_way, execution_date=20230719T000000, start_date=20230905T153028, end_date=20230905T153030
[2023-09-05T15:30:30.656+0000] {local_task_job_runner.py:228} INFO - Task exited with return code 0
[2023-09-05T15:30:31.334+0000] {taskinstance.py:2784} INFO - 0 downstream tasks scheduled from follow-on schedule check
[2023-09-12T17:37:11.169+0000] {taskinstance.py:1159} INFO - Dependencies all met for dep_context=non-requeueable deps ti=<TaskInstance: tasks_relations.this_way scheduled__2023-07-19T00:00:00+00:00 [queued]>
[2023-09-12T17:37:11.209+0000] {taskinstance.py:1159} INFO - Dependencies all met for dep_context=requeueable deps ti=<TaskInstance: tasks_relations.this_way scheduled__2023-07-19T00:00:00+00:00 [queued]>
[2023-09-12T17:37:11.212+0000] {taskinstance.py:1361} INFO - Starting attempt 1 of 1
[2023-09-12T17:37:11.261+0000] {taskinstance.py:1382} INFO - Executing <Task(_PythonDecoratedOperator): this_way> on 2023-07-19 00:00:00+00:00
[2023-09-12T17:37:11.289+0000] {standard_task_runner.py:57} INFO - Started process 3128 to run task
[2023-09-12T17:37:11.325+0000] {standard_task_runner.py:84} INFO - Running: ['***', 'tasks', 'run', 'tasks_relations', 'this_way', 'scheduled__2023-07-19T00:00:00+00:00', '--job-id', '1487', '--raw', '--subdir', 'DAGS_FOLDER/2_tasks_relations.py', '--cfg-path', '/tmp/tmp95_z4r16']
[2023-09-12T17:37:11.343+0000] {standard_task_runner.py:85} INFO - Job 1487: Subtask this_way
[2023-09-12T17:37:11.560+0000] {task_command.py:415} INFO - Running <TaskInstance: tasks_relations.this_way scheduled__2023-07-19T00:00:00+00:00 [running]> on host 0ab7970e0956
[2023-09-12T17:37:11.857+0000] {taskinstance.py:1660} INFO - Exporting env vars: AIRFLOW_CTX_DAG_OWNER='***' AIRFLOW_CTX_DAG_ID='tasks_relations' AIRFLOW_CTX_TASK_ID='this_way' AIRFLOW_CTX_EXECUTION_DATE='2023-07-19T00:00:00+00:00' AIRFLOW_CTX_TRY_NUMBER='1' AIRFLOW_CTX_DAG_RUN_ID='scheduled__2023-07-19T00:00:00+00:00'
[2023-09-12T17:37:11.866+0000] {logging_mixin.py:151} INFO - THIS WAY!!!
[2023-09-12T17:37:11.867+0000] {python.py:194} INFO - Done. Returned value was: None
[2023-09-12T17:37:11.900+0000] {taskinstance.py:1400} INFO - Marking task as SUCCESS. dag_id=tasks_relations, task_id=this_way, execution_date=20230719T000000, start_date=20230912T173711, end_date=20230912T173711
[2023-09-12T17:37:12.019+0000] {local_task_job_runner.py:228} INFO - Task exited with return code 0
[2023-09-12T17:37:12.055+0000] {taskinstance.py:2784} INFO - 0 downstream tasks scheduled from follow-on schedule check
