[2023-09-05T15:30:08.978+0000] {taskinstance.py:1159} INFO - Dependencies all met for dep_context=non-requeueable deps ti=<TaskInstance: tasks_relations.or_that_way scheduled__2023-07-08T00:00:00+00:00 [queued]>
[2023-09-05T15:30:09.017+0000] {taskinstance.py:1159} INFO - Dependencies all met for dep_context=requeueable deps ti=<TaskInstance: tasks_relations.or_that_way scheduled__2023-07-08T00:00:00+00:00 [queued]>
[2023-09-05T15:30:09.019+0000] {taskinstance.py:1361} INFO - Starting attempt 1 of 1
[2023-09-05T15:30:09.085+0000] {taskinstance.py:1382} INFO - Executing <Task(_PythonDecoratedOperator): or_that_way> on 2023-07-08 00:00:00+00:00
[2023-09-05T15:30:09.118+0000] {standard_task_runner.py:57} INFO - Started process 1557 to run task
[2023-09-05T15:30:09.150+0000] {standard_task_runner.py:84} INFO - Running: ['***', 'tasks', 'run', 'tasks_relations', 'or_that_way', 'scheduled__2023-07-08T00:00:00+00:00', '--job-id', '701', '--raw', '--subdir', 'DAGS_FOLDER/tasks_relations.py', '--cfg-path', '/tmp/tmpr5yg85mv']
[2023-09-05T15:30:09.173+0000] {standard_task_runner.py:85} INFO - Job 701: Subtask or_that_way
[2023-09-05T15:30:09.396+0000] {task_command.py:415} INFO - Running <TaskInstance: tasks_relations.or_that_way scheduled__2023-07-08T00:00:00+00:00 [running]> on host ca474790e981
[2023-09-05T15:30:09.902+0000] {taskinstance.py:1660} INFO - Exporting env vars: AIRFLOW_CTX_DAG_OWNER='***' AIRFLOW_CTX_DAG_ID='tasks_relations' AIRFLOW_CTX_TASK_ID='or_that_way' AIRFLOW_CTX_EXECUTION_DATE='2023-07-08T00:00:00+00:00' AIRFLOW_CTX_TRY_NUMBER='1' AIRFLOW_CTX_DAG_RUN_ID='scheduled__2023-07-08T00:00:00+00:00'
[2023-09-05T15:30:09.905+0000] {logging_mixin.py:151} INFO - NO NO, THAT WAY WAY!!!
[2023-09-05T15:30:09.907+0000] {python.py:194} INFO - Done. Returned value was: None
[2023-09-05T15:30:09.964+0000] {taskinstance.py:1400} INFO - Marking task as SUCCESS. dag_id=tasks_relations, task_id=or_that_way, execution_date=20230708T000000, start_date=20230905T153008, end_date=20230905T153009
[2023-09-05T15:30:10.257+0000] {local_task_job_runner.py:228} INFO - Task exited with return code 0
[2023-09-05T15:30:10.345+0000] {taskinstance.py:2784} INFO - 0 downstream tasks scheduled from follow-on schedule check
[2023-09-12T17:36:58.254+0000] {taskinstance.py:1159} INFO - Dependencies all met for dep_context=non-requeueable deps ti=<TaskInstance: tasks_relations.or_that_way scheduled__2023-07-08T00:00:00+00:00 [queued]>
[2023-09-12T17:36:58.288+0000] {taskinstance.py:1159} INFO - Dependencies all met for dep_context=requeueable deps ti=<TaskInstance: tasks_relations.or_that_way scheduled__2023-07-08T00:00:00+00:00 [queued]>
[2023-09-12T17:36:58.292+0000] {taskinstance.py:1361} INFO - Starting attempt 1 of 1
[2023-09-12T17:36:58.320+0000] {taskinstance.py:1382} INFO - Executing <Task(_PythonDecoratedOperator): or_that_way> on 2023-07-08 00:00:00+00:00
[2023-09-12T17:36:58.338+0000] {standard_task_runner.py:57} INFO - Started process 2970 to run task
[2023-09-12T17:36:58.366+0000] {standard_task_runner.py:84} INFO - Running: ['***', 'tasks', 'run', 'tasks_relations', 'or_that_way', 'scheduled__2023-07-08T00:00:00+00:00', '--job-id', '1406', '--raw', '--subdir', 'DAGS_FOLDER/2_tasks_relations.py', '--cfg-path', '/tmp/tmp8h9g5c21']
[2023-09-12T17:36:58.382+0000] {standard_task_runner.py:85} INFO - Job 1406: Subtask or_that_way
[2023-09-12T17:36:58.577+0000] {task_command.py:415} INFO - Running <TaskInstance: tasks_relations.or_that_way scheduled__2023-07-08T00:00:00+00:00 [running]> on host 0ab7970e0956
[2023-09-12T17:36:58.876+0000] {taskinstance.py:1660} INFO - Exporting env vars: AIRFLOW_CTX_DAG_OWNER='***' AIRFLOW_CTX_DAG_ID='tasks_relations' AIRFLOW_CTX_TASK_ID='or_that_way' AIRFLOW_CTX_EXECUTION_DATE='2023-07-08T00:00:00+00:00' AIRFLOW_CTX_TRY_NUMBER='1' AIRFLOW_CTX_DAG_RUN_ID='scheduled__2023-07-08T00:00:00+00:00'
[2023-09-12T17:36:58.881+0000] {logging_mixin.py:151} INFO - NO NO, THAT WAY WAY!!!
[2023-09-12T17:36:58.882+0000] {python.py:194} INFO - Done. Returned value was: None
[2023-09-12T17:36:58.915+0000] {taskinstance.py:1400} INFO - Marking task as SUCCESS. dag_id=tasks_relations, task_id=or_that_way, execution_date=20230708T000000, start_date=20230912T173658, end_date=20230912T173658
[2023-09-12T17:36:58.983+0000] {local_task_job_runner.py:228} INFO - Task exited with return code 0
[2023-09-12T17:36:59.071+0000] {taskinstance.py:2784} INFO - 1 downstream tasks scheduled from follow-on schedule check
