[2023-09-05T15:29:58.915+0000] {taskinstance.py:1159} INFO - Dependencies all met for dep_context=non-requeueable deps ti=<TaskInstance: tasks_relations.say_hello scheduled__2023-07-12T00:00:00+00:00 [queued]>
[2023-09-05T15:29:58.974+0000] {taskinstance.py:1159} INFO - Dependencies all met for dep_context=requeueable deps ti=<TaskInstance: tasks_relations.say_hello scheduled__2023-07-12T00:00:00+00:00 [queued]>
[2023-09-05T15:29:58.975+0000] {taskinstance.py:1361} INFO - Starting attempt 1 of 1
[2023-09-05T15:29:59.059+0000] {taskinstance.py:1382} INFO - Executing <Task(_PythonDecoratedOperator): say_hello> on 2023-07-12 00:00:00+00:00
[2023-09-05T15:29:59.079+0000] {standard_task_runner.py:57} INFO - Started process 1481 to run task
[2023-09-05T15:29:59.157+0000] {standard_task_runner.py:84} INFO - Running: ['***', 'tasks', 'run', 'tasks_relations', 'say_hello', 'scheduled__2023-07-12T00:00:00+00:00', '--job-id', '667', '--raw', '--subdir', 'DAGS_FOLDER/tasks_relations.py', '--cfg-path', '/tmp/tmpzp6z3kmb']
[2023-09-05T15:29:59.176+0000] {standard_task_runner.py:85} INFO - Job 667: Subtask say_hello
[2023-09-05T15:29:59.428+0000] {task_command.py:415} INFO - Running <TaskInstance: tasks_relations.say_hello scheduled__2023-07-12T00:00:00+00:00 [running]> on host ca474790e981
[2023-09-05T15:29:59.947+0000] {taskinstance.py:1660} INFO - Exporting env vars: AIRFLOW_CTX_DAG_OWNER='***' AIRFLOW_CTX_DAG_ID='tasks_relations' AIRFLOW_CTX_TASK_ID='say_hello' AIRFLOW_CTX_EXECUTION_DATE='2023-07-12T00:00:00+00:00' AIRFLOW_CTX_TRY_NUMBER='1' AIRFLOW_CTX_DAG_RUN_ID='scheduled__2023-07-12T00:00:00+00:00'
[2023-09-05T15:29:59.961+0000] {logging_mixin.py:151} INFO - hello world
[2023-09-05T15:29:59.981+0000] {python.py:194} INFO - Done. Returned value was: None
[2023-09-05T15:30:00.048+0000] {taskinstance.py:1400} INFO - Marking task as SUCCESS. dag_id=tasks_relations, task_id=say_hello, execution_date=20230712T000000, start_date=20230905T152958, end_date=20230905T153000
[2023-09-05T15:30:00.364+0000] {local_task_job_runner.py:228} INFO - Task exited with return code 0
[2023-09-05T15:30:00.520+0000] {taskinstance.py:2784} INFO - 1 downstream tasks scheduled from follow-on schedule check
[2023-09-12T17:36:54.767+0000] {taskinstance.py:1159} INFO - Dependencies all met for dep_context=non-requeueable deps ti=<TaskInstance: tasks_relations.say_hello scheduled__2023-07-12T00:00:00+00:00 [queued]>
[2023-09-12T17:36:54.803+0000] {taskinstance.py:1159} INFO - Dependencies all met for dep_context=requeueable deps ti=<TaskInstance: tasks_relations.say_hello scheduled__2023-07-12T00:00:00+00:00 [queued]>
[2023-09-12T17:36:54.809+0000] {taskinstance.py:1361} INFO - Starting attempt 1 of 1
[2023-09-12T17:36:54.858+0000] {taskinstance.py:1382} INFO - Executing <Task(_PythonDecoratedOperator): say_hello> on 2023-07-12 00:00:00+00:00
[2023-09-12T17:36:54.882+0000] {standard_task_runner.py:57} INFO - Started process 2923 to run task
[2023-09-12T17:36:54.946+0000] {standard_task_runner.py:84} INFO - Running: ['***', 'tasks', 'run', 'tasks_relations', 'say_hello', 'scheduled__2023-07-12T00:00:00+00:00', '--job-id', '1383', '--raw', '--subdir', 'DAGS_FOLDER/2_tasks_relations.py', '--cfg-path', '/tmp/tmpda1yobmf']
[2023-09-12T17:36:54.978+0000] {standard_task_runner.py:85} INFO - Job 1383: Subtask say_hello
[2023-09-12T17:36:55.168+0000] {task_command.py:415} INFO - Running <TaskInstance: tasks_relations.say_hello scheduled__2023-07-12T00:00:00+00:00 [running]> on host 0ab7970e0956
[2023-09-12T17:36:55.471+0000] {taskinstance.py:1660} INFO - Exporting env vars: AIRFLOW_CTX_DAG_OWNER='***' AIRFLOW_CTX_DAG_ID='tasks_relations' AIRFLOW_CTX_TASK_ID='say_hello' AIRFLOW_CTX_EXECUTION_DATE='2023-07-12T00:00:00+00:00' AIRFLOW_CTX_TRY_NUMBER='1' AIRFLOW_CTX_DAG_RUN_ID='scheduled__2023-07-12T00:00:00+00:00'
[2023-09-12T17:36:55.476+0000] {logging_mixin.py:151} INFO - hello world
[2023-09-12T17:36:55.477+0000] {python.py:194} INFO - Done. Returned value was: None
[2023-09-12T17:36:55.505+0000] {taskinstance.py:1400} INFO - Marking task as SUCCESS. dag_id=tasks_relations, task_id=say_hello, execution_date=20230712T000000, start_date=20230912T173654, end_date=20230912T173655
[2023-09-12T17:36:55.615+0000] {local_task_job_runner.py:228} INFO - Task exited with return code 0
[2023-09-12T17:36:55.674+0000] {taskinstance.py:2784} INFO - 1 downstream tasks scheduled from follow-on schedule check
