[2023-09-05T15:30:26.292+0000] {taskinstance.py:1159} INFO - Dependencies all met for dep_context=non-requeueable deps ti=<TaskInstance: tasks_relations.say_bye scheduled__2023-07-22T00:00:00+00:00 [queued]>
[2023-09-05T15:30:26.344+0000] {taskinstance.py:1159} INFO - Dependencies all met for dep_context=requeueable deps ti=<TaskInstance: tasks_relations.say_bye scheduled__2023-07-22T00:00:00+00:00 [queued]>
[2023-09-05T15:30:26.347+0000] {taskinstance.py:1361} INFO - Starting attempt 1 of 1
[2023-09-05T15:30:26.427+0000] {taskinstance.py:1382} INFO - Executing <Task(_PythonDecoratedOperator): say_bye> on 2023-07-22 00:00:00+00:00
[2023-09-05T15:30:26.445+0000] {standard_task_runner.py:57} INFO - Started process 1659 to run task
[2023-09-05T15:30:26.493+0000] {standard_task_runner.py:84} INFO - Running: ['***', 'tasks', 'run', 'tasks_relations', 'say_bye', 'scheduled__2023-07-22T00:00:00+00:00', '--job-id', '750', '--raw', '--subdir', 'DAGS_FOLDER/tasks_relations.py', '--cfg-path', '/tmp/tmpr9xslqil']
[2023-09-05T15:30:26.509+0000] {standard_task_runner.py:85} INFO - Job 750: Subtask say_bye
[2023-09-05T15:30:26.821+0000] {task_command.py:415} INFO - Running <TaskInstance: tasks_relations.say_bye scheduled__2023-07-22T00:00:00+00:00 [running]> on host ca474790e981
[2023-09-05T15:30:27.259+0000] {taskinstance.py:1660} INFO - Exporting env vars: AIRFLOW_CTX_DAG_OWNER='***' AIRFLOW_CTX_DAG_ID='tasks_relations' AIRFLOW_CTX_TASK_ID='say_bye' AIRFLOW_CTX_EXECUTION_DATE='2023-07-22T00:00:00+00:00' AIRFLOW_CTX_TRY_NUMBER='1' AIRFLOW_CTX_DAG_RUN_ID='scheduled__2023-07-22T00:00:00+00:00'
[2023-09-05T15:30:27.274+0000] {logging_mixin.py:151} INFO - goodbye world
[2023-09-05T15:30:27.278+0000] {python.py:194} INFO - Done. Returned value was: None
[2023-09-05T15:30:27.316+0000] {taskinstance.py:1400} INFO - Marking task as SUCCESS. dag_id=tasks_relations, task_id=say_bye, execution_date=20230722T000000, start_date=20230905T153026, end_date=20230905T153027
[2023-09-05T15:30:27.520+0000] {local_task_job_runner.py:228} INFO - Task exited with return code 0
[2023-09-05T15:30:27.710+0000] {taskinstance.py:2784} INFO - 0 downstream tasks scheduled from follow-on schedule check
[2023-09-12T17:37:11.158+0000] {taskinstance.py:1159} INFO - Dependencies all met for dep_context=non-requeueable deps ti=<TaskInstance: tasks_relations.say_bye scheduled__2023-07-22T00:00:00+00:00 [queued]>
[2023-09-12T17:37:11.191+0000] {taskinstance.py:1159} INFO - Dependencies all met for dep_context=requeueable deps ti=<TaskInstance: tasks_relations.say_bye scheduled__2023-07-22T00:00:00+00:00 [queued]>
[2023-09-12T17:37:11.194+0000] {taskinstance.py:1361} INFO - Starting attempt 1 of 1
[2023-09-12T17:37:11.243+0000] {taskinstance.py:1382} INFO - Executing <Task(_PythonDecoratedOperator): say_bye> on 2023-07-22 00:00:00+00:00
[2023-09-12T17:37:11.256+0000] {standard_task_runner.py:57} INFO - Started process 3127 to run task
[2023-09-12T17:37:11.297+0000] {standard_task_runner.py:84} INFO - Running: ['***', 'tasks', 'run', 'tasks_relations', 'say_bye', 'scheduled__2023-07-22T00:00:00+00:00', '--job-id', '1484', '--raw', '--subdir', 'DAGS_FOLDER/2_tasks_relations.py', '--cfg-path', '/tmp/tmpplyynr32']
[2023-09-12T17:37:11.316+0000] {standard_task_runner.py:85} INFO - Job 1484: Subtask say_bye
[2023-09-12T17:37:11.504+0000] {task_command.py:415} INFO - Running <TaskInstance: tasks_relations.say_bye scheduled__2023-07-22T00:00:00+00:00 [running]> on host 0ab7970e0956
[2023-09-12T17:37:11.802+0000] {taskinstance.py:1660} INFO - Exporting env vars: AIRFLOW_CTX_DAG_OWNER='***' AIRFLOW_CTX_DAG_ID='tasks_relations' AIRFLOW_CTX_TASK_ID='say_bye' AIRFLOW_CTX_EXECUTION_DATE='2023-07-22T00:00:00+00:00' AIRFLOW_CTX_TRY_NUMBER='1' AIRFLOW_CTX_DAG_RUN_ID='scheduled__2023-07-22T00:00:00+00:00'
[2023-09-12T17:37:11.809+0000] {logging_mixin.py:151} INFO - goodbye world
[2023-09-12T17:37:11.816+0000] {python.py:194} INFO - Done. Returned value was: None
[2023-09-12T17:37:11.859+0000] {taskinstance.py:1400} INFO - Marking task as SUCCESS. dag_id=tasks_relations, task_id=say_bye, execution_date=20230722T000000, start_date=20230912T173711, end_date=20230912T173711
[2023-09-12T17:37:11.910+0000] {local_task_job_runner.py:228} INFO - Task exited with return code 0
[2023-09-12T17:37:11.981+0000] {taskinstance.py:2784} INFO - 2 downstream tasks scheduled from follow-on schedule check
