[2023-09-05T15:30:19.631+0000] {taskinstance.py:1159} INFO - Dependencies all met for dep_context=non-requeueable deps ti=<TaskInstance: tasks_relations.say_hello scheduled__2023-07-23T00:00:00+00:00 [queued]>
[2023-09-05T15:30:19.641+0000] {taskinstance.py:1159} INFO - Dependencies all met for dep_context=requeueable deps ti=<TaskInstance: tasks_relations.say_hello scheduled__2023-07-23T00:00:00+00:00 [queued]>
[2023-09-05T15:30:19.643+0000] {taskinstance.py:1361} INFO - Starting attempt 1 of 1
[2023-09-05T15:30:19.699+0000] {taskinstance.py:1382} INFO - Executing <Task(_PythonDecoratedOperator): say_hello> on 2023-07-23 00:00:00+00:00
[2023-09-05T15:30:19.719+0000] {standard_task_runner.py:57} INFO - Started process 1618 to run task
[2023-09-05T15:30:19.757+0000] {standard_task_runner.py:84} INFO - Running: ['***', 'tasks', 'run', 'tasks_relations', 'say_hello', 'scheduled__2023-07-23T00:00:00+00:00', '--job-id', '733', '--raw', '--subdir', 'DAGS_FOLDER/tasks_relations.py', '--cfg-path', '/tmp/tmpj1ow3x4f']
[2023-09-05T15:30:19.772+0000] {standard_task_runner.py:85} INFO - Job 733: Subtask say_hello
[2023-09-05T15:30:20.045+0000] {task_command.py:415} INFO - Running <TaskInstance: tasks_relations.say_hello scheduled__2023-07-23T00:00:00+00:00 [running]> on host ca474790e981
[2023-09-05T15:30:20.404+0000] {taskinstance.py:1660} INFO - Exporting env vars: AIRFLOW_CTX_DAG_OWNER='***' AIRFLOW_CTX_DAG_ID='tasks_relations' AIRFLOW_CTX_TASK_ID='say_hello' AIRFLOW_CTX_EXECUTION_DATE='2023-07-23T00:00:00+00:00' AIRFLOW_CTX_TRY_NUMBER='1' AIRFLOW_CTX_DAG_RUN_ID='scheduled__2023-07-23T00:00:00+00:00'
[2023-09-05T15:30:20.407+0000] {logging_mixin.py:151} INFO - hello world
[2023-09-05T15:30:20.408+0000] {python.py:194} INFO - Done. Returned value was: None
[2023-09-05T15:30:20.473+0000] {taskinstance.py:1400} INFO - Marking task as SUCCESS. dag_id=tasks_relations, task_id=say_hello, execution_date=20230723T000000, start_date=20230905T153019, end_date=20230905T153020
[2023-09-05T15:30:20.608+0000] {local_task_job_runner.py:228} INFO - Task exited with return code 0
[2023-09-05T15:30:20.754+0000] {taskinstance.py:2784} INFO - 0 downstream tasks scheduled from follow-on schedule check
[2023-09-12T17:37:08.942+0000] {taskinstance.py:1159} INFO - Dependencies all met for dep_context=non-requeueable deps ti=<TaskInstance: tasks_relations.say_hello scheduled__2023-07-23T00:00:00+00:00 [queued]>
[2023-09-12T17:37:08.978+0000] {taskinstance.py:1159} INFO - Dependencies all met for dep_context=requeueable deps ti=<TaskInstance: tasks_relations.say_hello scheduled__2023-07-23T00:00:00+00:00 [queued]>
[2023-09-12T17:37:08.982+0000] {taskinstance.py:1361} INFO - Starting attempt 1 of 1
[2023-09-12T17:37:09.017+0000] {taskinstance.py:1382} INFO - Executing <Task(_PythonDecoratedOperator): say_hello> on 2023-07-23 00:00:00+00:00
[2023-09-12T17:37:09.050+0000] {standard_task_runner.py:57} INFO - Started process 3098 to run task
[2023-09-12T17:37:09.054+0000] {standard_task_runner.py:84} INFO - Running: ['***', 'tasks', 'run', 'tasks_relations', 'say_hello', 'scheduled__2023-07-23T00:00:00+00:00', '--job-id', '1471', '--raw', '--subdir', 'DAGS_FOLDER/2_tasks_relations.py', '--cfg-path', '/tmp/tmp7m37lf9g']
[2023-09-12T17:37:09.061+0000] {standard_task_runner.py:85} INFO - Job 1471: Subtask say_hello
[2023-09-12T17:37:09.269+0000] {task_command.py:415} INFO - Running <TaskInstance: tasks_relations.say_hello scheduled__2023-07-23T00:00:00+00:00 [running]> on host 0ab7970e0956
[2023-09-12T17:37:09.564+0000] {taskinstance.py:1660} INFO - Exporting env vars: AIRFLOW_CTX_DAG_OWNER='***' AIRFLOW_CTX_DAG_ID='tasks_relations' AIRFLOW_CTX_TASK_ID='say_hello' AIRFLOW_CTX_EXECUTION_DATE='2023-07-23T00:00:00+00:00' AIRFLOW_CTX_TRY_NUMBER='1' AIRFLOW_CTX_DAG_RUN_ID='scheduled__2023-07-23T00:00:00+00:00'
[2023-09-12T17:37:09.565+0000] {logging_mixin.py:151} INFO - hello world
[2023-09-12T17:37:09.565+0000] {python.py:194} INFO - Done. Returned value was: None
[2023-09-12T17:37:09.600+0000] {taskinstance.py:1400} INFO - Marking task as SUCCESS. dag_id=tasks_relations, task_id=say_hello, execution_date=20230723T000000, start_date=20230912T173708, end_date=20230912T173709
[2023-09-12T17:37:09.686+0000] {local_task_job_runner.py:228} INFO - Task exited with return code 0
[2023-09-12T17:37:09.716+0000] {taskinstance.py:2784} INFO - 1 downstream tasks scheduled from follow-on schedule check
