[2023-09-05T15:29:35.772+0000] {taskinstance.py:1159} INFO - Dependencies all met for dep_context=non-requeueable deps ti=<TaskInstance: tasks_relations.say_bye scheduled__2023-06-27T00:00:00+00:00 [queued]>
[2023-09-05T15:29:35.868+0000] {taskinstance.py:1159} INFO - Dependencies all met for dep_context=requeueable deps ti=<TaskInstance: tasks_relations.say_bye scheduled__2023-06-27T00:00:00+00:00 [queued]>
[2023-09-05T15:29:35.870+0000] {taskinstance.py:1361} INFO - Starting attempt 1 of 1
[2023-09-05T15:29:36.098+0000] {taskinstance.py:1382} INFO - Executing <Task(_PythonDecoratedOperator): say_bye> on 2023-06-27 00:00:00+00:00
[2023-09-05T15:29:36.139+0000] {standard_task_runner.py:57} INFO - Started process 1366 to run task
[2023-09-05T15:29:36.273+0000] {standard_task_runner.py:84} INFO - Running: ['***', 'tasks', 'run', 'tasks_relations', 'say_bye', 'scheduled__2023-06-27T00:00:00+00:00', '--job-id', '608', '--raw', '--subdir', 'DAGS_FOLDER/tasks_relations.py', '--cfg-path', '/tmp/tmpslfkqmsx']
[2023-09-05T15:29:36.363+0000] {standard_task_runner.py:85} INFO - Job 608: Subtask say_bye
[2023-09-05T15:29:37.140+0000] {task_command.py:415} INFO - Running <TaskInstance: tasks_relations.say_bye scheduled__2023-06-27T00:00:00+00:00 [running]> on host ca474790e981
[2023-09-05T15:29:37.572+0000] {taskinstance.py:1660} INFO - Exporting env vars: AIRFLOW_CTX_DAG_OWNER='***' AIRFLOW_CTX_DAG_ID='tasks_relations' AIRFLOW_CTX_TASK_ID='say_bye' AIRFLOW_CTX_EXECUTION_DATE='2023-06-27T00:00:00+00:00' AIRFLOW_CTX_TRY_NUMBER='1' AIRFLOW_CTX_DAG_RUN_ID='scheduled__2023-06-27T00:00:00+00:00'
[2023-09-05T15:29:37.580+0000] {logging_mixin.py:151} INFO - goodbye world
[2023-09-05T15:29:37.582+0000] {python.py:194} INFO - Done. Returned value was: None
[2023-09-05T15:29:37.613+0000] {taskinstance.py:1400} INFO - Marking task as SUCCESS. dag_id=tasks_relations, task_id=say_bye, execution_date=20230627T000000, start_date=20230905T152935, end_date=20230905T152937
[2023-09-05T15:29:37.755+0000] {local_task_job_runner.py:228} INFO - Task exited with return code 0
[2023-09-05T15:29:37.922+0000] {taskinstance.py:2784} INFO - 2 downstream tasks scheduled from follow-on schedule check
[2023-09-12T17:36:43.171+0000] {taskinstance.py:1159} INFO - Dependencies all met for dep_context=non-requeueable deps ti=<TaskInstance: tasks_relations.say_bye scheduled__2023-06-27T00:00:00+00:00 [queued]>
[2023-09-12T17:36:43.229+0000] {taskinstance.py:1159} INFO - Dependencies all met for dep_context=requeueable deps ti=<TaskInstance: tasks_relations.say_bye scheduled__2023-06-27T00:00:00+00:00 [queued]>
[2023-09-12T17:36:43.230+0000] {taskinstance.py:1361} INFO - Starting attempt 1 of 1
[2023-09-12T17:36:43.262+0000] {taskinstance.py:1382} INFO - Executing <Task(_PythonDecoratedOperator): say_bye> on 2023-06-27 00:00:00+00:00
[2023-09-12T17:36:43.275+0000] {standard_task_runner.py:57} INFO - Started process 2788 to run task
[2023-09-12T17:36:43.302+0000] {standard_task_runner.py:84} INFO - Running: ['***', 'tasks', 'run', 'tasks_relations', 'say_bye', 'scheduled__2023-06-27T00:00:00+00:00', '--job-id', '1319', '--raw', '--subdir', 'DAGS_FOLDER/2_tasks_relations.py', '--cfg-path', '/tmp/tmph32xyaka']
[2023-09-12T17:36:43.316+0000] {standard_task_runner.py:85} INFO - Job 1319: Subtask say_bye
[2023-09-12T17:36:43.481+0000] {task_command.py:415} INFO - Running <TaskInstance: tasks_relations.say_bye scheduled__2023-06-27T00:00:00+00:00 [running]> on host 0ab7970e0956
[2023-09-12T17:36:43.645+0000] {taskinstance.py:1660} INFO - Exporting env vars: AIRFLOW_CTX_DAG_OWNER='***' AIRFLOW_CTX_DAG_ID='tasks_relations' AIRFLOW_CTX_TASK_ID='say_bye' AIRFLOW_CTX_EXECUTION_DATE='2023-06-27T00:00:00+00:00' AIRFLOW_CTX_TRY_NUMBER='1' AIRFLOW_CTX_DAG_RUN_ID='scheduled__2023-06-27T00:00:00+00:00'
[2023-09-12T17:36:43.648+0000] {logging_mixin.py:151} INFO - goodbye world
[2023-09-12T17:36:43.648+0000] {python.py:194} INFO - Done. Returned value was: None
[2023-09-12T17:36:43.658+0000] {taskinstance.py:1400} INFO - Marking task as SUCCESS. dag_id=tasks_relations, task_id=say_bye, execution_date=20230627T000000, start_date=20230912T173643, end_date=20230912T173643
[2023-09-12T17:36:43.722+0000] {local_task_job_runner.py:228} INFO - Task exited with return code 0
[2023-09-12T17:36:43.804+0000] {taskinstance.py:2784} INFO - 2 downstream tasks scheduled from follow-on schedule check
