[2023-09-05T15:27:42.105+0000] {taskinstance.py:1159} INFO - Dependencies all met for dep_context=non-requeueable deps ti=<TaskInstance: tasks_relations.say_hello scheduled__2023-05-22T00:00:00+00:00 [queued]>
[2023-09-05T15:27:42.144+0000] {taskinstance.py:1159} INFO - Dependencies all met for dep_context=requeueable deps ti=<TaskInstance: tasks_relations.say_hello scheduled__2023-05-22T00:00:00+00:00 [queued]>
[2023-09-05T15:27:42.157+0000] {taskinstance.py:1361} INFO - Starting attempt 1 of 1
[2023-09-05T15:27:42.390+0000] {taskinstance.py:1382} INFO - Executing <Task(_PythonDecoratedOperator): say_hello> on 2023-05-22 00:00:00+00:00
[2023-09-05T15:27:42.508+0000] {standard_task_runner.py:57} INFO - Started process 951 to run task
[2023-09-05T15:27:42.522+0000] {standard_task_runner.py:84} INFO - Running: ['***', 'tasks', 'run', 'tasks_relations', 'say_hello', 'scheduled__2023-05-22T00:00:00+00:00', '--job-id', '416', '--raw', '--subdir', 'DAGS_FOLDER/tasks_relations.py', '--cfg-path', '/tmp/tmph9v09mh5']
[2023-09-05T15:27:42.540+0000] {standard_task_runner.py:85} INFO - Job 416: Subtask say_hello
[2023-09-05T15:27:43.405+0000] {task_command.py:415} INFO - Running <TaskInstance: tasks_relations.say_hello scheduled__2023-05-22T00:00:00+00:00 [running]> on host ca474790e981
[2023-09-05T15:27:44.042+0000] {taskinstance.py:1660} INFO - Exporting env vars: AIRFLOW_CTX_DAG_OWNER='***' AIRFLOW_CTX_DAG_ID='tasks_relations' AIRFLOW_CTX_TASK_ID='say_hello' AIRFLOW_CTX_EXECUTION_DATE='2023-05-22T00:00:00+00:00' AIRFLOW_CTX_TRY_NUMBER='1' AIRFLOW_CTX_DAG_RUN_ID='scheduled__2023-05-22T00:00:00+00:00'
[2023-09-05T15:27:44.070+0000] {logging_mixin.py:151} INFO - hello world
[2023-09-05T15:27:44.125+0000] {python.py:194} INFO - Done. Returned value was: None
[2023-09-05T15:27:44.277+0000] {taskinstance.py:1400} INFO - Marking task as SUCCESS. dag_id=tasks_relations, task_id=say_hello, execution_date=20230522T000000, start_date=20230905T152742, end_date=20230905T152744
[2023-09-05T15:27:44.582+0000] {local_task_job_runner.py:228} INFO - Task exited with return code 0
[2023-09-05T15:27:45.295+0000] {taskinstance.py:2784} INFO - 1 downstream tasks scheduled from follow-on schedule check
[2023-09-12T17:36:00.648+0000] {taskinstance.py:1159} INFO - Dependencies all met for dep_context=non-requeueable deps ti=<TaskInstance: tasks_relations.say_hello scheduled__2023-05-22T00:00:00+00:00 [queued]>
[2023-09-12T17:36:00.660+0000] {taskinstance.py:1159} INFO - Dependencies all met for dep_context=requeueable deps ti=<TaskInstance: tasks_relations.say_hello scheduled__2023-05-22T00:00:00+00:00 [queued]>
[2023-09-12T17:36:00.665+0000] {taskinstance.py:1361} INFO - Starting attempt 1 of 1
[2023-09-12T17:36:00.695+0000] {taskinstance.py:1382} INFO - Executing <Task(_PythonDecoratedOperator): say_hello> on 2023-05-22 00:00:00+00:00
[2023-09-12T17:36:00.711+0000] {standard_task_runner.py:57} INFO - Started process 2310 to run task
[2023-09-12T17:36:00.750+0000] {standard_task_runner.py:84} INFO - Running: ['***', 'tasks', 'run', 'tasks_relations', 'say_hello', 'scheduled__2023-05-22T00:00:00+00:00', '--job-id', '1086', '--raw', '--subdir', 'DAGS_FOLDER/2_tasks_relations.py', '--cfg-path', '/tmp/tmpn2of9dj6']
[2023-09-12T17:36:00.761+0000] {standard_task_runner.py:85} INFO - Job 1086: Subtask say_hello
[2023-09-12T17:36:00.889+0000] {task_command.py:415} INFO - Running <TaskInstance: tasks_relations.say_hello scheduled__2023-05-22T00:00:00+00:00 [running]> on host 0ab7970e0956
[2023-09-12T17:36:01.027+0000] {taskinstance.py:1660} INFO - Exporting env vars: AIRFLOW_CTX_DAG_OWNER='***' AIRFLOW_CTX_DAG_ID='tasks_relations' AIRFLOW_CTX_TASK_ID='say_hello' AIRFLOW_CTX_EXECUTION_DATE='2023-05-22T00:00:00+00:00' AIRFLOW_CTX_TRY_NUMBER='1' AIRFLOW_CTX_DAG_RUN_ID='scheduled__2023-05-22T00:00:00+00:00'
[2023-09-12T17:36:01.028+0000] {logging_mixin.py:151} INFO - hello world
[2023-09-12T17:36:01.030+0000] {python.py:194} INFO - Done. Returned value was: None
[2023-09-12T17:36:01.039+0000] {taskinstance.py:1400} INFO - Marking task as SUCCESS. dag_id=tasks_relations, task_id=say_hello, execution_date=20230522T000000, start_date=20230912T173600, end_date=20230912T173601
[2023-09-12T17:36:01.069+0000] {local_task_job_runner.py:228} INFO - Task exited with return code 0
[2023-09-12T17:36:01.097+0000] {taskinstance.py:2784} INFO - 1 downstream tasks scheduled from follow-on schedule check
