[2023-09-05T15:28:06.770+0000] {taskinstance.py:1159} INFO - Dependencies all met for dep_context=non-requeueable deps ti=<TaskInstance: tasks_relations.this_way scheduled__2023-05-25T00:00:00+00:00 [queued]>
[2023-09-05T15:28:06.858+0000] {taskinstance.py:1159} INFO - Dependencies all met for dep_context=requeueable deps ti=<TaskInstance: tasks_relations.this_way scheduled__2023-05-25T00:00:00+00:00 [queued]>
[2023-09-05T15:28:06.872+0000] {taskinstance.py:1361} INFO - Starting attempt 1 of 1
[2023-09-05T15:28:07.119+0000] {taskinstance.py:1382} INFO - Executing <Task(_PythonDecoratedOperator): this_way> on 2023-05-25 00:00:00+00:00
[2023-09-05T15:28:07.205+0000] {standard_task_runner.py:57} INFO - Started process 1049 to run task
[2023-09-05T15:28:07.298+0000] {standard_task_runner.py:84} INFO - Running: ['***', 'tasks', 'run', 'tasks_relations', 'this_way', 'scheduled__2023-05-25T00:00:00+00:00', '--job-id', '459', '--raw', '--subdir', 'DAGS_FOLDER/tasks_relations.py', '--cfg-path', '/tmp/tmpikemhzr3']
[2023-09-05T15:28:07.401+0000] {standard_task_runner.py:85} INFO - Job 459: Subtask this_way
[2023-09-05T15:28:07.963+0000] {task_command.py:415} INFO - Running <TaskInstance: tasks_relations.this_way scheduled__2023-05-25T00:00:00+00:00 [running]> on host ca474790e981
[2023-09-05T15:28:08.879+0000] {taskinstance.py:1660} INFO - Exporting env vars: AIRFLOW_CTX_DAG_OWNER='***' AIRFLOW_CTX_DAG_ID='tasks_relations' AIRFLOW_CTX_TASK_ID='this_way' AIRFLOW_CTX_EXECUTION_DATE='2023-05-25T00:00:00+00:00' AIRFLOW_CTX_TRY_NUMBER='1' AIRFLOW_CTX_DAG_RUN_ID='scheduled__2023-05-25T00:00:00+00:00'
[2023-09-05T15:28:08.881+0000] {logging_mixin.py:151} INFO - THIS WAY!!!
[2023-09-05T15:28:08.883+0000] {python.py:194} INFO - Done. Returned value was: None
[2023-09-05T15:28:08.951+0000] {taskinstance.py:1400} INFO - Marking task as SUCCESS. dag_id=tasks_relations, task_id=this_way, execution_date=20230525T000000, start_date=20230905T152806, end_date=20230905T152808
[2023-09-05T15:28:09.146+0000] {local_task_job_runner.py:228} INFO - Task exited with return code 0
[2023-09-05T15:28:09.212+0000] {taskinstance.py:2784} INFO - 0 downstream tasks scheduled from follow-on schedule check
[2023-09-12T17:36:06.882+0000] {taskinstance.py:1159} INFO - Dependencies all met for dep_context=non-requeueable deps ti=<TaskInstance: tasks_relations.this_way scheduled__2023-05-25T00:00:00+00:00 [queued]>
[2023-09-12T17:36:06.900+0000] {taskinstance.py:1159} INFO - Dependencies all met for dep_context=requeueable deps ti=<TaskInstance: tasks_relations.this_way scheduled__2023-05-25T00:00:00+00:00 [queued]>
[2023-09-12T17:36:06.901+0000] {taskinstance.py:1361} INFO - Starting attempt 1 of 1
[2023-09-12T17:36:06.915+0000] {taskinstance.py:1382} INFO - Executing <Task(_PythonDecoratedOperator): this_way> on 2023-05-25 00:00:00+00:00
[2023-09-12T17:36:06.919+0000] {standard_task_runner.py:57} INFO - Started process 2402 to run task
[2023-09-12T17:36:06.941+0000] {standard_task_runner.py:84} INFO - Running: ['***', 'tasks', 'run', 'tasks_relations', 'this_way', 'scheduled__2023-05-25T00:00:00+00:00', '--job-id', '1131', '--raw', '--subdir', 'DAGS_FOLDER/2_tasks_relations.py', '--cfg-path', '/tmp/tmpg_98d_17']
[2023-09-12T17:36:06.949+0000] {standard_task_runner.py:85} INFO - Job 1131: Subtask this_way
[2023-09-12T17:36:07.038+0000] {task_command.py:415} INFO - Running <TaskInstance: tasks_relations.this_way scheduled__2023-05-25T00:00:00+00:00 [running]> on host 0ab7970e0956
[2023-09-12T17:36:07.176+0000] {taskinstance.py:1660} INFO - Exporting env vars: AIRFLOW_CTX_DAG_OWNER='***' AIRFLOW_CTX_DAG_ID='tasks_relations' AIRFLOW_CTX_TASK_ID='this_way' AIRFLOW_CTX_EXECUTION_DATE='2023-05-25T00:00:00+00:00' AIRFLOW_CTX_TRY_NUMBER='1' AIRFLOW_CTX_DAG_RUN_ID='scheduled__2023-05-25T00:00:00+00:00'
[2023-09-12T17:36:07.177+0000] {logging_mixin.py:151} INFO - THIS WAY!!!
[2023-09-12T17:36:07.177+0000] {python.py:194} INFO - Done. Returned value was: None
[2023-09-12T17:36:07.184+0000] {taskinstance.py:1400} INFO - Marking task as SUCCESS. dag_id=tasks_relations, task_id=this_way, execution_date=20230525T000000, start_date=20230912T173606, end_date=20230912T173607
[2023-09-12T17:36:07.221+0000] {local_task_job_runner.py:228} INFO - Task exited with return code 0
[2023-09-12T17:36:07.245+0000] {taskinstance.py:2784} INFO - 1 downstream tasks scheduled from follow-on schedule check
