[2023-09-05T15:25:01.841+0000] {taskinstance.py:1159} INFO - Dependencies all met for dep_context=non-requeueable deps ti=<TaskInstance: tasks_relations.say_bye scheduled__2023-02-13T00:00:00+00:00 [queued]>
[2023-09-05T15:25:01.851+0000] {taskinstance.py:1159} INFO - Dependencies all met for dep_context=requeueable deps ti=<TaskInstance: tasks_relations.say_bye scheduled__2023-02-13T00:00:00+00:00 [queued]>
[2023-09-05T15:25:01.852+0000] {taskinstance.py:1361} INFO - Starting attempt 1 of 1
[2023-09-05T15:25:01.871+0000] {taskinstance.py:1382} INFO - Executing <Task(_PythonDecoratedOperator): say_bye> on 2023-02-13 00:00:00+00:00
[2023-09-05T15:25:01.887+0000] {standard_task_runner.py:57} INFO - Started process 369 to run task
[2023-09-05T15:25:01.896+0000] {standard_task_runner.py:84} INFO - Running: ['***', 'tasks', 'run', 'tasks_relations', 'say_bye', 'scheduled__2023-02-13T00:00:00+00:00', '--job-id', '147', '--raw', '--subdir', 'DAGS_FOLDER/tasks_relations.py', '--cfg-path', '/tmp/tmpe6mp3r32']
[2023-09-05T15:25:01.898+0000] {standard_task_runner.py:85} INFO - Job 147: Subtask say_bye
[2023-09-05T15:25:02.061+0000] {task_command.py:415} INFO - Running <TaskInstance: tasks_relations.say_bye scheduled__2023-02-13T00:00:00+00:00 [running]> on host ca474790e981
[2023-09-05T15:25:02.294+0000] {taskinstance.py:1660} INFO - Exporting env vars: AIRFLOW_CTX_DAG_OWNER='***' AIRFLOW_CTX_DAG_ID='tasks_relations' AIRFLOW_CTX_TASK_ID='say_bye' AIRFLOW_CTX_EXECUTION_DATE='2023-02-13T00:00:00+00:00' AIRFLOW_CTX_TRY_NUMBER='1' AIRFLOW_CTX_DAG_RUN_ID='scheduled__2023-02-13T00:00:00+00:00'
[2023-09-05T15:25:02.297+0000] {logging_mixin.py:151} INFO - goodbye ***
[2023-09-05T15:25:02.298+0000] {python.py:194} INFO - Done. Returned value was: None
[2023-09-05T15:25:02.334+0000] {taskinstance.py:1400} INFO - Marking task as SUCCESS. dag_id=tasks_relations, task_id=say_bye, execution_date=20230213T000000, start_date=20230905T152501, end_date=20230905T152502
[2023-09-05T15:25:02.400+0000] {local_task_job_runner.py:228} INFO - Task exited with return code 0
[2023-09-05T15:25:02.449+0000] {taskinstance.py:2784} INFO - 0 downstream tasks scheduled from follow-on schedule check
[2023-09-12T17:34:15.073+0000] {taskinstance.py:1159} INFO - Dependencies all met for dep_context=non-requeueable deps ti=<TaskInstance: tasks_relations.say_bye scheduled__2023-02-13T00:00:00+00:00 [queued]>
[2023-09-12T17:34:15.104+0000] {taskinstance.py:1159} INFO - Dependencies all met for dep_context=requeueable deps ti=<TaskInstance: tasks_relations.say_bye scheduled__2023-02-13T00:00:00+00:00 [queued]>
[2023-09-12T17:34:15.110+0000] {taskinstance.py:1361} INFO - Starting attempt 1 of 1
[2023-09-12T17:34:15.159+0000] {taskinstance.py:1382} INFO - Executing <Task(_PythonDecoratedOperator): say_bye> on 2023-02-13 00:00:00+00:00
[2023-09-12T17:34:15.186+0000] {standard_task_runner.py:57} INFO - Started process 883 to run task
[2023-09-12T17:34:15.199+0000] {standard_task_runner.py:84} INFO - Running: ['***', 'tasks', 'run', 'tasks_relations', 'say_bye', 'scheduled__2023-02-13T00:00:00+00:00', '--job-id', '378', '--raw', '--subdir', 'DAGS_FOLDER/2_tasks_relations.py', '--cfg-path', '/tmp/tmpoal8b9kf']
[2023-09-12T17:34:15.216+0000] {standard_task_runner.py:85} INFO - Job 378: Subtask say_bye
[2023-09-12T17:34:15.367+0000] {task_command.py:415} INFO - Running <TaskInstance: tasks_relations.say_bye scheduled__2023-02-13T00:00:00+00:00 [running]> on host 0ab7970e0956
[2023-09-12T17:34:15.625+0000] {taskinstance.py:1660} INFO - Exporting env vars: AIRFLOW_CTX_DAG_OWNER='***' AIRFLOW_CTX_DAG_ID='tasks_relations' AIRFLOW_CTX_TASK_ID='say_bye' AIRFLOW_CTX_EXECUTION_DATE='2023-02-13T00:00:00+00:00' AIRFLOW_CTX_TRY_NUMBER='1' AIRFLOW_CTX_DAG_RUN_ID='scheduled__2023-02-13T00:00:00+00:00'
[2023-09-12T17:34:15.626+0000] {logging_mixin.py:151} INFO - goodbye world
[2023-09-12T17:34:15.626+0000] {python.py:194} INFO - Done. Returned value was: None
[2023-09-12T17:34:15.672+0000] {taskinstance.py:1400} INFO - Marking task as SUCCESS. dag_id=tasks_relations, task_id=say_bye, execution_date=20230213T000000, start_date=20230912T173415, end_date=20230912T173415
[2023-09-12T17:34:15.746+0000] {local_task_job_runner.py:228} INFO - Task exited with return code 0
[2023-09-12T17:34:15.866+0000] {taskinstance.py:2784} INFO - 0 downstream tasks scheduled from follow-on schedule check
