[2023-09-05T15:26:49.564+0000] {taskinstance.py:1159} INFO - Dependencies all met for dep_context=non-requeueable deps ti=<TaskInstance: tasks_relations.say_hello scheduled__2023-05-06T00:00:00+00:00 [queued]>
[2023-09-05T15:26:49.612+0000] {taskinstance.py:1159} INFO - Dependencies all met for dep_context=requeueable deps ti=<TaskInstance: tasks_relations.say_hello scheduled__2023-05-06T00:00:00+00:00 [queued]>
[2023-09-05T15:26:49.618+0000] {taskinstance.py:1361} INFO - Starting attempt 1 of 1
[2023-09-05T15:26:49.667+0000] {taskinstance.py:1382} INFO - Executing <Task(_PythonDecoratedOperator): say_hello> on 2023-05-06 00:00:00+00:00
[2023-09-05T15:26:49.702+0000] {standard_task_runner.py:57} INFO - Started process 875 to run task
[2023-09-05T15:26:49.797+0000] {standard_task_runner.py:84} INFO - Running: ['***', 'tasks', 'run', 'tasks_relations', 'say_hello', 'scheduled__2023-05-06T00:00:00+00:00', '--job-id', '387', '--raw', '--subdir', 'DAGS_FOLDER/tasks_relations.py', '--cfg-path', '/tmp/tmpobninc8s']
[2023-09-05T15:26:49.817+0000] {standard_task_runner.py:85} INFO - Job 387: Subtask say_hello
[2023-09-05T15:26:50.239+0000] {task_command.py:415} INFO - Running <TaskInstance: tasks_relations.say_hello scheduled__2023-05-06T00:00:00+00:00 [running]> on host ca474790e981
[2023-09-05T15:26:50.700+0000] {taskinstance.py:1660} INFO - Exporting env vars: AIRFLOW_CTX_DAG_OWNER='***' AIRFLOW_CTX_DAG_ID='tasks_relations' AIRFLOW_CTX_TASK_ID='say_hello' AIRFLOW_CTX_EXECUTION_DATE='2023-05-06T00:00:00+00:00' AIRFLOW_CTX_TRY_NUMBER='1' AIRFLOW_CTX_DAG_RUN_ID='scheduled__2023-05-06T00:00:00+00:00'
[2023-09-05T15:26:50.709+0000] {logging_mixin.py:151} INFO - hello ***
[2023-09-05T15:26:50.710+0000] {python.py:194} INFO - Done. Returned value was: None
[2023-09-05T15:26:50.811+0000] {taskinstance.py:1400} INFO - Marking task as SUCCESS. dag_id=tasks_relations, task_id=say_hello, execution_date=20230506T000000, start_date=20230905T152649, end_date=20230905T152650
[2023-09-05T15:26:51.113+0000] {local_task_job_runner.py:228} INFO - Task exited with return code 0
[2023-09-05T15:26:51.275+0000] {taskinstance.py:2784} INFO - 1 downstream tasks scheduled from follow-on schedule check
[2023-09-12T17:35:43.994+0000] {taskinstance.py:1159} INFO - Dependencies all met for dep_context=non-requeueable deps ti=<TaskInstance: tasks_relations.say_hello scheduled__2023-05-06T00:00:00+00:00 [queued]>
[2023-09-12T17:35:44.023+0000] {taskinstance.py:1159} INFO - Dependencies all met for dep_context=requeueable deps ti=<TaskInstance: tasks_relations.say_hello scheduled__2023-05-06T00:00:00+00:00 [queued]>
[2023-09-12T17:35:44.029+0000] {taskinstance.py:1361} INFO - Starting attempt 1 of 1
[2023-09-12T17:35:44.070+0000] {taskinstance.py:1382} INFO - Executing <Task(_PythonDecoratedOperator): say_hello> on 2023-05-06 00:00:00+00:00
[2023-09-12T17:35:44.087+0000] {standard_task_runner.py:57} INFO - Started process 2094 to run task
[2023-09-12T17:35:44.127+0000] {standard_task_runner.py:84} INFO - Running: ['***', 'tasks', 'run', 'tasks_relations', 'say_hello', 'scheduled__2023-05-06T00:00:00+00:00', '--job-id', '979', '--raw', '--subdir', 'DAGS_FOLDER/2_tasks_relations.py', '--cfg-path', '/tmp/tmpolhmhxhs']
[2023-09-12T17:35:44.142+0000] {standard_task_runner.py:85} INFO - Job 979: Subtask say_hello
[2023-09-12T17:35:44.319+0000] {task_command.py:415} INFO - Running <TaskInstance: tasks_relations.say_hello scheduled__2023-05-06T00:00:00+00:00 [running]> on host 0ab7970e0956
[2023-09-12T17:35:44.588+0000] {taskinstance.py:1660} INFO - Exporting env vars: AIRFLOW_CTX_DAG_OWNER='***' AIRFLOW_CTX_DAG_ID='tasks_relations' AIRFLOW_CTX_TASK_ID='say_hello' AIRFLOW_CTX_EXECUTION_DATE='2023-05-06T00:00:00+00:00' AIRFLOW_CTX_TRY_NUMBER='1' AIRFLOW_CTX_DAG_RUN_ID='scheduled__2023-05-06T00:00:00+00:00'
[2023-09-12T17:35:44.592+0000] {logging_mixin.py:151} INFO - hello world
[2023-09-12T17:35:44.599+0000] {python.py:194} INFO - Done. Returned value was: None
[2023-09-12T17:35:44.645+0000] {taskinstance.py:1400} INFO - Marking task as SUCCESS. dag_id=tasks_relations, task_id=say_hello, execution_date=20230506T000000, start_date=20230912T173544, end_date=20230912T173544
[2023-09-12T17:35:44.708+0000] {local_task_job_runner.py:228} INFO - Task exited with return code 0
[2023-09-12T17:35:44.783+0000] {taskinstance.py:2784} INFO - 1 downstream tasks scheduled from follow-on schedule check
