[2023-09-05T15:26:32.747+0000] {taskinstance.py:1159} INFO - Dependencies all met for dep_context=non-requeueable deps ti=<TaskInstance: tasks_relations.say_hello scheduled__2023-04-26T00:00:00+00:00 [queued]>
[2023-09-05T15:26:32.827+0000] {taskinstance.py:1159} INFO - Dependencies all met for dep_context=requeueable deps ti=<TaskInstance: tasks_relations.say_hello scheduled__2023-04-26T00:00:00+00:00 [queued]>
[2023-09-05T15:26:32.828+0000] {taskinstance.py:1361} INFO - Starting attempt 1 of 1
[2023-09-05T15:26:33.148+0000] {taskinstance.py:1382} INFO - Executing <Task(_PythonDecoratedOperator): say_hello> on 2023-04-26 00:00:00+00:00
[2023-09-05T15:26:33.178+0000] {standard_task_runner.py:57} INFO - Started process 810 to run task
[2023-09-05T15:26:33.191+0000] {standard_task_runner.py:84} INFO - Running: ['***', 'tasks', 'run', 'tasks_relations', 'say_hello', 'scheduled__2023-04-26T00:00:00+00:00', '--job-id', '357', '--raw', '--subdir', 'DAGS_FOLDER/tasks_relations.py', '--cfg-path', '/tmp/tmpoa3n0xbn']
[2023-09-05T15:26:33.204+0000] {standard_task_runner.py:85} INFO - Job 357: Subtask say_hello
[2023-09-05T15:26:33.606+0000] {task_command.py:415} INFO - Running <TaskInstance: tasks_relations.say_hello scheduled__2023-04-26T00:00:00+00:00 [running]> on host ca474790e981
[2023-09-05T15:26:33.900+0000] {taskinstance.py:1660} INFO - Exporting env vars: AIRFLOW_CTX_DAG_OWNER='***' AIRFLOW_CTX_DAG_ID='tasks_relations' AIRFLOW_CTX_TASK_ID='say_hello' AIRFLOW_CTX_EXECUTION_DATE='2023-04-26T00:00:00+00:00' AIRFLOW_CTX_TRY_NUMBER='1' AIRFLOW_CTX_DAG_RUN_ID='scheduled__2023-04-26T00:00:00+00:00'
[2023-09-05T15:26:33.911+0000] {logging_mixin.py:151} INFO - hello ***
[2023-09-05T15:26:33.914+0000] {python.py:194} INFO - Done. Returned value was: None
[2023-09-05T15:26:33.989+0000] {taskinstance.py:1400} INFO - Marking task as SUCCESS. dag_id=tasks_relations, task_id=say_hello, execution_date=20230426T000000, start_date=20230905T152632, end_date=20230905T152633
[2023-09-05T15:26:34.100+0000] {local_task_job_runner.py:228} INFO - Task exited with return code 0
[2023-09-05T15:26:34.221+0000] {taskinstance.py:2784} INFO - 1 downstream tasks scheduled from follow-on schedule check
[2023-09-12T17:35:39.021+0000] {taskinstance.py:1159} INFO - Dependencies all met for dep_context=non-requeueable deps ti=<TaskInstance: tasks_relations.say_hello scheduled__2023-04-26T00:00:00+00:00 [queued]>
[2023-09-12T17:35:39.039+0000] {taskinstance.py:1159} INFO - Dependencies all met for dep_context=requeueable deps ti=<TaskInstance: tasks_relations.say_hello scheduled__2023-04-26T00:00:00+00:00 [queued]>
[2023-09-12T17:35:39.040+0000] {taskinstance.py:1361} INFO - Starting attempt 1 of 1
[2023-09-12T17:35:39.063+0000] {taskinstance.py:1382} INFO - Executing <Task(_PythonDecoratedOperator): say_hello> on 2023-04-26 00:00:00+00:00
[2023-09-12T17:35:39.070+0000] {standard_task_runner.py:57} INFO - Started process 2018 to run task
[2023-09-12T17:35:39.086+0000] {standard_task_runner.py:84} INFO - Running: ['***', 'tasks', 'run', 'tasks_relations', 'say_hello', 'scheduled__2023-04-26T00:00:00+00:00', '--job-id', '942', '--raw', '--subdir', 'DAGS_FOLDER/2_tasks_relations.py', '--cfg-path', '/tmp/tmpenz7kfsc']
[2023-09-12T17:35:39.089+0000] {standard_task_runner.py:85} INFO - Job 942: Subtask say_hello
[2023-09-12T17:35:39.231+0000] {task_command.py:415} INFO - Running <TaskInstance: tasks_relations.say_hello scheduled__2023-04-26T00:00:00+00:00 [running]> on host 0ab7970e0956
[2023-09-12T17:35:39.380+0000] {taskinstance.py:1660} INFO - Exporting env vars: AIRFLOW_CTX_DAG_OWNER='***' AIRFLOW_CTX_DAG_ID='tasks_relations' AIRFLOW_CTX_TASK_ID='say_hello' AIRFLOW_CTX_EXECUTION_DATE='2023-04-26T00:00:00+00:00' AIRFLOW_CTX_TRY_NUMBER='1' AIRFLOW_CTX_DAG_RUN_ID='scheduled__2023-04-26T00:00:00+00:00'
[2023-09-12T17:35:39.383+0000] {logging_mixin.py:151} INFO - hello world
[2023-09-12T17:35:39.383+0000] {python.py:194} INFO - Done. Returned value was: None
[2023-09-12T17:35:39.399+0000] {taskinstance.py:1400} INFO - Marking task as SUCCESS. dag_id=tasks_relations, task_id=say_hello, execution_date=20230426T000000, start_date=20230912T173539, end_date=20230912T173539
[2023-09-12T17:35:39.455+0000] {local_task_job_runner.py:228} INFO - Task exited with return code 0
[2023-09-12T17:35:39.501+0000] {taskinstance.py:2784} INFO - 1 downstream tasks scheduled from follow-on schedule check
