[2023-09-05T15:31:39.812+0000] {taskinstance.py:1159} INFO - Dependencies all met for dep_context=non-requeueable deps ti=<TaskInstance: tasks_relations.this_way scheduled__2023-09-01T00:00:00+00:00 [queued]>
[2023-09-05T15:31:39.890+0000] {taskinstance.py:1159} INFO - Dependencies all met for dep_context=requeueable deps ti=<TaskInstance: tasks_relations.this_way scheduled__2023-09-01T00:00:00+00:00 [queued]>
[2023-09-05T15:31:39.897+0000] {taskinstance.py:1361} INFO - Starting attempt 1 of 1
[2023-09-05T15:31:39.987+0000] {taskinstance.py:1382} INFO - Executing <Task(_PythonDecoratedOperator): this_way> on 2023-09-01 00:00:00+00:00
[2023-09-05T15:31:39.999+0000] {standard_task_runner.py:57} INFO - Started process 2072 to run task
[2023-09-05T15:31:40.060+0000] {standard_task_runner.py:84} INFO - Running: ['***', 'tasks', 'run', 'tasks_relations', 'this_way', 'scheduled__2023-09-01T00:00:00+00:00', '--job-id', '953', '--raw', '--subdir', 'DAGS_FOLDER/tasks_relations.py', '--cfg-path', '/tmp/tmpav8xzfz8']
[2023-09-05T15:31:40.075+0000] {standard_task_runner.py:85} INFO - Job 953: Subtask this_way
[2023-09-05T15:31:40.502+0000] {task_command.py:415} INFO - Running <TaskInstance: tasks_relations.this_way scheduled__2023-09-01T00:00:00+00:00 [running]> on host ca474790e981
[2023-09-05T15:31:41.005+0000] {taskinstance.py:1660} INFO - Exporting env vars: AIRFLOW_CTX_DAG_OWNER='***' AIRFLOW_CTX_DAG_ID='tasks_relations' AIRFLOW_CTX_TASK_ID='this_way' AIRFLOW_CTX_EXECUTION_DATE='2023-09-01T00:00:00+00:00' AIRFLOW_CTX_TRY_NUMBER='1' AIRFLOW_CTX_DAG_RUN_ID='scheduled__2023-09-01T00:00:00+00:00'
[2023-09-05T15:31:41.012+0000] {logging_mixin.py:151} INFO - THIS WAY!!!
[2023-09-05T15:31:41.014+0000] {python.py:194} INFO - Done. Returned value was: None
[2023-09-05T15:31:41.044+0000] {taskinstance.py:1400} INFO - Marking task as SUCCESS. dag_id=tasks_relations, task_id=this_way, execution_date=20230901T000000, start_date=20230905T153139, end_date=20230905T153141
[2023-09-05T15:31:41.145+0000] {local_task_job_runner.py:228} INFO - Task exited with return code 0
[2023-09-05T15:31:41.187+0000] {taskinstance.py:2784} INFO - 0 downstream tasks scheduled from follow-on schedule check
[2023-09-12T17:37:54.384+0000] {taskinstance.py:1159} INFO - Dependencies all met for dep_context=non-requeueable deps ti=<TaskInstance: tasks_relations.this_way scheduled__2023-09-01T00:00:00+00:00 [queued]>
[2023-09-12T17:37:54.408+0000] {taskinstance.py:1159} INFO - Dependencies all met for dep_context=requeueable deps ti=<TaskInstance: tasks_relations.this_way scheduled__2023-09-01T00:00:00+00:00 [queued]>
[2023-09-12T17:37:54.414+0000] {taskinstance.py:1361} INFO - Starting attempt 1 of 1
[2023-09-12T17:37:54.453+0000] {taskinstance.py:1382} INFO - Executing <Task(_PythonDecoratedOperator): this_way> on 2023-09-01 00:00:00+00:00
[2023-09-12T17:37:54.462+0000] {standard_task_runner.py:57} INFO - Started process 3619 to run task
[2023-09-12T17:37:54.493+0000] {standard_task_runner.py:84} INFO - Running: ['***', 'tasks', 'run', 'tasks_relations', 'this_way', 'scheduled__2023-09-01T00:00:00+00:00', '--job-id', '1723', '--raw', '--subdir', 'DAGS_FOLDER/2_tasks_relations.py', '--cfg-path', '/tmp/tmpe0swyj6b']
[2023-09-12T17:37:54.500+0000] {standard_task_runner.py:85} INFO - Job 1723: Subtask this_way
[2023-09-12T17:37:54.908+0000] {task_command.py:415} INFO - Running <TaskInstance: tasks_relations.this_way scheduled__2023-09-01T00:00:00+00:00 [running]> on host 0ab7970e0956
[2023-09-12T17:37:55.325+0000] {taskinstance.py:1660} INFO - Exporting env vars: AIRFLOW_CTX_DAG_OWNER='***' AIRFLOW_CTX_DAG_ID='tasks_relations' AIRFLOW_CTX_TASK_ID='this_way' AIRFLOW_CTX_EXECUTION_DATE='2023-09-01T00:00:00+00:00' AIRFLOW_CTX_TRY_NUMBER='1' AIRFLOW_CTX_DAG_RUN_ID='scheduled__2023-09-01T00:00:00+00:00'
[2023-09-12T17:37:55.332+0000] {logging_mixin.py:151} INFO - THIS WAY!!!
[2023-09-12T17:37:55.333+0000] {python.py:194} INFO - Done. Returned value was: None
[2023-09-12T17:37:55.376+0000] {taskinstance.py:1400} INFO - Marking task as SUCCESS. dag_id=tasks_relations, task_id=this_way, execution_date=20230901T000000, start_date=20230912T173754, end_date=20230912T173755
[2023-09-12T17:37:55.495+0000] {local_task_job_runner.py:228} INFO - Task exited with return code 0
[2023-09-12T17:37:55.582+0000] {taskinstance.py:2784} INFO - 0 downstream tasks scheduled from follow-on schedule check
