[2023-09-05T15:30:38.667+0000] {taskinstance.py:1159} INFO - Dependencies all met for dep_context=non-requeueable deps ti=<TaskInstance: tasks_relations.this_way scheduled__2023-07-31T00:00:00+00:00 [queued]>
[2023-09-05T15:30:38.715+0000] {taskinstance.py:1159} INFO - Dependencies all met for dep_context=requeueable deps ti=<TaskInstance: tasks_relations.this_way scheduled__2023-07-31T00:00:00+00:00 [queued]>
[2023-09-05T15:30:38.717+0000] {taskinstance.py:1361} INFO - Starting attempt 1 of 1
[2023-09-05T15:30:38.799+0000] {taskinstance.py:1382} INFO - Executing <Task(_PythonDecoratedOperator): this_way> on 2023-07-31 00:00:00+00:00
[2023-09-05T15:30:38.814+0000] {standard_task_runner.py:57} INFO - Started process 1738 to run task
[2023-09-05T15:30:38.852+0000] {standard_task_runner.py:84} INFO - Running: ['***', 'tasks', 'run', 'tasks_relations', 'this_way', 'scheduled__2023-07-31T00:00:00+00:00', '--job-id', '795', '--raw', '--subdir', 'DAGS_FOLDER/tasks_relations.py', '--cfg-path', '/tmp/tmpoys5d0us']
[2023-09-05T15:30:38.869+0000] {standard_task_runner.py:85} INFO - Job 795: Subtask this_way
[2023-09-05T15:30:39.147+0000] {task_command.py:415} INFO - Running <TaskInstance: tasks_relations.this_way scheduled__2023-07-31T00:00:00+00:00 [running]> on host ca474790e981
[2023-09-05T15:30:39.487+0000] {taskinstance.py:1660} INFO - Exporting env vars: AIRFLOW_CTX_DAG_OWNER='***' AIRFLOW_CTX_DAG_ID='tasks_relations' AIRFLOW_CTX_TASK_ID='this_way' AIRFLOW_CTX_EXECUTION_DATE='2023-07-31T00:00:00+00:00' AIRFLOW_CTX_TRY_NUMBER='1' AIRFLOW_CTX_DAG_RUN_ID='scheduled__2023-07-31T00:00:00+00:00'
[2023-09-05T15:30:39.493+0000] {logging_mixin.py:151} INFO - THIS WAY!!!
[2023-09-05T15:30:39.502+0000] {python.py:194} INFO - Done. Returned value was: None
[2023-09-05T15:30:39.549+0000] {taskinstance.py:1400} INFO - Marking task as SUCCESS. dag_id=tasks_relations, task_id=this_way, execution_date=20230731T000000, start_date=20230905T153038, end_date=20230905T153039
[2023-09-05T15:30:39.723+0000] {local_task_job_runner.py:228} INFO - Task exited with return code 0
[2023-09-05T15:30:39.786+0000] {taskinstance.py:2784} INFO - 0 downstream tasks scheduled from follow-on schedule check
[2023-09-12T17:37:24.146+0000] {taskinstance.py:1159} INFO - Dependencies all met for dep_context=non-requeueable deps ti=<TaskInstance: tasks_relations.this_way scheduled__2023-07-31T00:00:00+00:00 [queued]>
[2023-09-12T17:37:24.181+0000] {taskinstance.py:1159} INFO - Dependencies all met for dep_context=requeueable deps ti=<TaskInstance: tasks_relations.this_way scheduled__2023-07-31T00:00:00+00:00 [queued]>
[2023-09-12T17:37:24.188+0000] {taskinstance.py:1361} INFO - Starting attempt 1 of 1
[2023-09-12T17:37:24.236+0000] {taskinstance.py:1382} INFO - Executing <Task(_PythonDecoratedOperator): this_way> on 2023-07-31 00:00:00+00:00
[2023-09-12T17:37:24.257+0000] {standard_task_runner.py:57} INFO - Started process 3269 to run task
[2023-09-12T17:37:24.307+0000] {standard_task_runner.py:84} INFO - Running: ['***', 'tasks', 'run', 'tasks_relations', 'this_way', 'scheduled__2023-07-31T00:00:00+00:00', '--job-id', '1551', '--raw', '--subdir', 'DAGS_FOLDER/2_tasks_relations.py', '--cfg-path', '/tmp/tmpw9um3sp4']
[2023-09-12T17:37:24.313+0000] {standard_task_runner.py:85} INFO - Job 1551: Subtask this_way
[2023-09-12T17:37:24.687+0000] {task_command.py:415} INFO - Running <TaskInstance: tasks_relations.this_way scheduled__2023-07-31T00:00:00+00:00 [running]> on host 0ab7970e0956
[2023-09-12T17:37:25.005+0000] {taskinstance.py:1660} INFO - Exporting env vars: AIRFLOW_CTX_DAG_OWNER='***' AIRFLOW_CTX_DAG_ID='tasks_relations' AIRFLOW_CTX_TASK_ID='this_way' AIRFLOW_CTX_EXECUTION_DATE='2023-07-31T00:00:00+00:00' AIRFLOW_CTX_TRY_NUMBER='1' AIRFLOW_CTX_DAG_RUN_ID='scheduled__2023-07-31T00:00:00+00:00'
[2023-09-12T17:37:25.007+0000] {logging_mixin.py:151} INFO - THIS WAY!!!
[2023-09-12T17:37:25.008+0000] {python.py:194} INFO - Done. Returned value was: None
[2023-09-12T17:37:25.026+0000] {taskinstance.py:1400} INFO - Marking task as SUCCESS. dag_id=tasks_relations, task_id=this_way, execution_date=20230731T000000, start_date=20230912T173724, end_date=20230912T173725
[2023-09-12T17:37:25.095+0000] {local_task_job_runner.py:228} INFO - Task exited with return code 0
[2023-09-12T17:37:25.140+0000] {taskinstance.py:2784} INFO - 0 downstream tasks scheduled from follow-on schedule check
