[2023-09-05T15:30:38.483+0000] {taskinstance.py:1159} INFO - Dependencies all met for dep_context=non-requeueable deps ti=<TaskInstance: tasks_relations.or_that_way scheduled__2023-07-31T00:00:00+00:00 [queued]>
[2023-09-05T15:30:38.528+0000] {taskinstance.py:1159} INFO - Dependencies all met for dep_context=requeueable deps ti=<TaskInstance: tasks_relations.or_that_way scheduled__2023-07-31T00:00:00+00:00 [queued]>
[2023-09-05T15:30:38.532+0000] {taskinstance.py:1361} INFO - Starting attempt 1 of 1
[2023-09-05T15:30:38.601+0000] {taskinstance.py:1382} INFO - Executing <Task(_PythonDecoratedOperator): or_that_way> on 2023-07-31 00:00:00+00:00
[2023-09-05T15:30:38.637+0000] {standard_task_runner.py:57} INFO - Started process 1736 to run task
[2023-09-05T15:30:38.664+0000] {standard_task_runner.py:84} INFO - Running: ['***', 'tasks', 'run', 'tasks_relations', 'or_that_way', 'scheduled__2023-07-31T00:00:00+00:00', '--job-id', '794', '--raw', '--subdir', 'DAGS_FOLDER/tasks_relations.py', '--cfg-path', '/tmp/tmpwyra035a']
[2023-09-05T15:30:38.682+0000] {standard_task_runner.py:85} INFO - Job 794: Subtask or_that_way
[2023-09-05T15:30:38.977+0000] {task_command.py:415} INFO - Running <TaskInstance: tasks_relations.or_that_way scheduled__2023-07-31T00:00:00+00:00 [running]> on host ca474790e981
[2023-09-05T15:30:39.374+0000] {taskinstance.py:1660} INFO - Exporting env vars: AIRFLOW_CTX_DAG_OWNER='***' AIRFLOW_CTX_DAG_ID='tasks_relations' AIRFLOW_CTX_TASK_ID='or_that_way' AIRFLOW_CTX_EXECUTION_DATE='2023-07-31T00:00:00+00:00' AIRFLOW_CTX_TRY_NUMBER='1' AIRFLOW_CTX_DAG_RUN_ID='scheduled__2023-07-31T00:00:00+00:00'
[2023-09-05T15:30:39.377+0000] {logging_mixin.py:151} INFO - NO NO, THAT WAY WAY!!!
[2023-09-05T15:30:39.378+0000] {python.py:194} INFO - Done. Returned value was: None
[2023-09-05T15:30:39.411+0000] {taskinstance.py:1400} INFO - Marking task as SUCCESS. dag_id=tasks_relations, task_id=or_that_way, execution_date=20230731T000000, start_date=20230905T153038, end_date=20230905T153039
[2023-09-05T15:30:39.535+0000] {local_task_job_runner.py:228} INFO - Task exited with return code 0
[2023-09-05T15:30:39.644+0000] {taskinstance.py:2784} INFO - 0 downstream tasks scheduled from follow-on schedule check
[2023-09-12T17:37:24.603+0000] {taskinstance.py:1159} INFO - Dependencies all met for dep_context=non-requeueable deps ti=<TaskInstance: tasks_relations.or_that_way scheduled__2023-07-31T00:00:00+00:00 [queued]>
[2023-09-12T17:37:24.636+0000] {taskinstance.py:1159} INFO - Dependencies all met for dep_context=requeueable deps ti=<TaskInstance: tasks_relations.or_that_way scheduled__2023-07-31T00:00:00+00:00 [queued]>
[2023-09-12T17:37:24.639+0000] {taskinstance.py:1361} INFO - Starting attempt 1 of 1
[2023-09-12T17:37:24.678+0000] {taskinstance.py:1382} INFO - Executing <Task(_PythonDecoratedOperator): or_that_way> on 2023-07-31 00:00:00+00:00
[2023-09-12T17:37:24.697+0000] {standard_task_runner.py:57} INFO - Started process 3272 to run task
[2023-09-12T17:37:24.721+0000] {standard_task_runner.py:84} INFO - Running: ['***', 'tasks', 'run', 'tasks_relations', 'or_that_way', 'scheduled__2023-07-31T00:00:00+00:00', '--job-id', '1555', '--raw', '--subdir', 'DAGS_FOLDER/2_tasks_relations.py', '--cfg-path', '/tmp/tmp513uaz8x']
[2023-09-12T17:37:24.745+0000] {standard_task_runner.py:85} INFO - Job 1555: Subtask or_that_way
[2023-09-12T17:37:24.971+0000] {task_command.py:415} INFO - Running <TaskInstance: tasks_relations.or_that_way scheduled__2023-07-31T00:00:00+00:00 [running]> on host 0ab7970e0956
[2023-09-12T17:37:25.412+0000] {taskinstance.py:1660} INFO - Exporting env vars: AIRFLOW_CTX_DAG_OWNER='***' AIRFLOW_CTX_DAG_ID='tasks_relations' AIRFLOW_CTX_TASK_ID='or_that_way' AIRFLOW_CTX_EXECUTION_DATE='2023-07-31T00:00:00+00:00' AIRFLOW_CTX_TRY_NUMBER='1' AIRFLOW_CTX_DAG_RUN_ID='scheduled__2023-07-31T00:00:00+00:00'
[2023-09-12T17:37:25.421+0000] {logging_mixin.py:151} INFO - NO NO, THAT WAY WAY!!!
[2023-09-12T17:37:25.422+0000] {python.py:194} INFO - Done. Returned value was: None
[2023-09-12T17:37:25.507+0000] {taskinstance.py:1400} INFO - Marking task as SUCCESS. dag_id=tasks_relations, task_id=or_that_way, execution_date=20230731T000000, start_date=20230912T173724, end_date=20230912T173725
[2023-09-12T17:37:25.667+0000] {local_task_job_runner.py:228} INFO - Task exited with return code 0
[2023-09-12T17:37:25.754+0000] {taskinstance.py:2784} INFO - 1 downstream tasks scheduled from follow-on schedule check
