[2023-09-05T15:30:33.405+0000] {taskinstance.py:1159} INFO - Dependencies all met for dep_context=non-requeueable deps ti=<TaskInstance: tasks_relations.say_bye scheduled__2023-08-02T00:00:00+00:00 [queued]>
[2023-09-05T15:30:33.486+0000] {taskinstance.py:1159} INFO - Dependencies all met for dep_context=requeueable deps ti=<TaskInstance: tasks_relations.say_bye scheduled__2023-08-02T00:00:00+00:00 [queued]>
[2023-09-05T15:30:33.493+0000] {taskinstance.py:1361} INFO - Starting attempt 1 of 1
[2023-09-05T15:30:33.622+0000] {taskinstance.py:1382} INFO - Executing <Task(_PythonDecoratedOperator): say_bye> on 2023-08-02 00:00:00+00:00
[2023-09-05T15:30:33.645+0000] {standard_task_runner.py:57} INFO - Started process 1702 to run task
[2023-09-05T15:30:33.712+0000] {standard_task_runner.py:84} INFO - Running: ['***', 'tasks', 'run', 'tasks_relations', 'say_bye', 'scheduled__2023-08-02T00:00:00+00:00', '--job-id', '776', '--raw', '--subdir', 'DAGS_FOLDER/tasks_relations.py', '--cfg-path', '/tmp/tmpzanxh3f4']
[2023-09-05T15:30:33.736+0000] {standard_task_runner.py:85} INFO - Job 776: Subtask say_bye
[2023-09-05T15:30:34.009+0000] {task_command.py:415} INFO - Running <TaskInstance: tasks_relations.say_bye scheduled__2023-08-02T00:00:00+00:00 [running]> on host ca474790e981
[2023-09-05T15:30:35.000+0000] {taskinstance.py:1660} INFO - Exporting env vars: AIRFLOW_CTX_DAG_OWNER='***' AIRFLOW_CTX_DAG_ID='tasks_relations' AIRFLOW_CTX_TASK_ID='say_bye' AIRFLOW_CTX_EXECUTION_DATE='2023-08-02T00:00:00+00:00' AIRFLOW_CTX_TRY_NUMBER='1' AIRFLOW_CTX_DAG_RUN_ID='scheduled__2023-08-02T00:00:00+00:00'
[2023-09-05T15:30:35.007+0000] {logging_mixin.py:151} INFO - goodbye world
[2023-09-05T15:30:35.009+0000] {python.py:194} INFO - Done. Returned value was: None
[2023-09-05T15:30:35.173+0000] {taskinstance.py:1400} INFO - Marking task as SUCCESS. dag_id=tasks_relations, task_id=say_bye, execution_date=20230802T000000, start_date=20230905T153033, end_date=20230905T153035
[2023-09-05T15:30:35.327+0000] {local_task_job_runner.py:228} INFO - Task exited with return code 0
[2023-09-05T15:30:35.448+0000] {taskinstance.py:2784} INFO - 0 downstream tasks scheduled from follow-on schedule check
[2023-09-12T17:37:22.287+0000] {taskinstance.py:1159} INFO - Dependencies all met for dep_context=non-requeueable deps ti=<TaskInstance: tasks_relations.say_bye scheduled__2023-08-02T00:00:00+00:00 [queued]>
[2023-09-12T17:37:22.302+0000] {taskinstance.py:1159} INFO - Dependencies all met for dep_context=requeueable deps ti=<TaskInstance: tasks_relations.say_bye scheduled__2023-08-02T00:00:00+00:00 [queued]>
[2023-09-12T17:37:22.309+0000] {taskinstance.py:1361} INFO - Starting attempt 1 of 1
[2023-09-12T17:37:22.366+0000] {taskinstance.py:1382} INFO - Executing <Task(_PythonDecoratedOperator): say_bye> on 2023-08-02 00:00:00+00:00
[2023-09-12T17:37:22.376+0000] {standard_task_runner.py:57} INFO - Started process 3247 to run task
[2023-09-12T17:37:22.393+0000] {standard_task_runner.py:84} INFO - Running: ['***', 'tasks', 'run', 'tasks_relations', 'say_bye', 'scheduled__2023-08-02T00:00:00+00:00', '--job-id', '1545', '--raw', '--subdir', 'DAGS_FOLDER/2_tasks_relations.py', '--cfg-path', '/tmp/tmp37_pml_x']
[2023-09-12T17:37:22.408+0000] {standard_task_runner.py:85} INFO - Job 1545: Subtask say_bye
[2023-09-12T17:37:22.624+0000] {task_command.py:415} INFO - Running <TaskInstance: tasks_relations.say_bye scheduled__2023-08-02T00:00:00+00:00 [running]> on host 0ab7970e0956
[2023-09-12T17:37:22.805+0000] {taskinstance.py:1660} INFO - Exporting env vars: AIRFLOW_CTX_DAG_OWNER='***' AIRFLOW_CTX_DAG_ID='tasks_relations' AIRFLOW_CTX_TASK_ID='say_bye' AIRFLOW_CTX_EXECUTION_DATE='2023-08-02T00:00:00+00:00' AIRFLOW_CTX_TRY_NUMBER='1' AIRFLOW_CTX_DAG_RUN_ID='scheduled__2023-08-02T00:00:00+00:00'
[2023-09-12T17:37:22.805+0000] {logging_mixin.py:151} INFO - goodbye world
[2023-09-12T17:37:22.811+0000] {python.py:194} INFO - Done. Returned value was: None
[2023-09-12T17:37:22.838+0000] {taskinstance.py:1400} INFO - Marking task as SUCCESS. dag_id=tasks_relations, task_id=say_bye, execution_date=20230802T000000, start_date=20230912T173722, end_date=20230912T173722
[2023-09-12T17:37:22.914+0000] {local_task_job_runner.py:228} INFO - Task exited with return code 0
[2023-09-12T17:37:22.964+0000] {taskinstance.py:2784} INFO - 2 downstream tasks scheduled from follow-on schedule check
