[2023-09-05T15:31:06.264+0000] {taskinstance.py:1159} INFO - Dependencies all met for dep_context=non-requeueable deps ti=<TaskInstance: tasks_relations.or_that_way scheduled__2023-08-11T00:00:00+00:00 [queued]>
[2023-09-05T15:31:06.355+0000] {taskinstance.py:1159} INFO - Dependencies all met for dep_context=requeueable deps ti=<TaskInstance: tasks_relations.or_that_way scheduled__2023-08-11T00:00:00+00:00 [queued]>
[2023-09-05T15:31:06.365+0000] {taskinstance.py:1361} INFO - Starting attempt 1 of 1
[2023-09-05T15:31:06.494+0000] {taskinstance.py:1382} INFO - Executing <Task(_PythonDecoratedOperator): or_that_way> on 2023-08-11 00:00:00+00:00
[2023-09-05T15:31:06.510+0000] {standard_task_runner.py:57} INFO - Started process 1885 to run task
[2023-09-05T15:31:06.560+0000] {standard_task_runner.py:84} INFO - Running: ['***', 'tasks', 'run', 'tasks_relations', 'or_that_way', 'scheduled__2023-08-11T00:00:00+00:00', '--job-id', '860', '--raw', '--subdir', 'DAGS_FOLDER/tasks_relations.py', '--cfg-path', '/tmp/tmp3461w8yb']
[2023-09-05T15:31:06.597+0000] {standard_task_runner.py:85} INFO - Job 860: Subtask or_that_way
[2023-09-05T15:31:06.907+0000] {task_command.py:415} INFO - Running <TaskInstance: tasks_relations.or_that_way scheduled__2023-08-11T00:00:00+00:00 [running]> on host ca474790e981
[2023-09-05T15:31:07.166+0000] {taskinstance.py:1660} INFO - Exporting env vars: AIRFLOW_CTX_DAG_OWNER='***' AIRFLOW_CTX_DAG_ID='tasks_relations' AIRFLOW_CTX_TASK_ID='or_that_way' AIRFLOW_CTX_EXECUTION_DATE='2023-08-11T00:00:00+00:00' AIRFLOW_CTX_TRY_NUMBER='1' AIRFLOW_CTX_DAG_RUN_ID='scheduled__2023-08-11T00:00:00+00:00'
[2023-09-05T15:31:07.171+0000] {logging_mixin.py:151} INFO - NO NO, THAT WAY WAY!!!
[2023-09-05T15:31:07.171+0000] {python.py:194} INFO - Done. Returned value was: None
[2023-09-05T15:31:07.189+0000] {taskinstance.py:1400} INFO - Marking task as SUCCESS. dag_id=tasks_relations, task_id=or_that_way, execution_date=20230811T000000, start_date=20230905T153106, end_date=20230905T153107
[2023-09-05T15:31:07.383+0000] {local_task_job_runner.py:228} INFO - Task exited with return code 0
[2023-09-05T15:31:07.423+0000] {taskinstance.py:2784} INFO - 0 downstream tasks scheduled from follow-on schedule check
[2023-09-12T17:37:34.155+0000] {taskinstance.py:1159} INFO - Dependencies all met for dep_context=non-requeueable deps ti=<TaskInstance: tasks_relations.or_that_way scheduled__2023-08-11T00:00:00+00:00 [queued]>
[2023-09-12T17:37:34.209+0000] {taskinstance.py:1159} INFO - Dependencies all met for dep_context=requeueable deps ti=<TaskInstance: tasks_relations.or_that_way scheduled__2023-08-11T00:00:00+00:00 [queued]>
[2023-09-12T17:37:34.214+0000] {taskinstance.py:1361} INFO - Starting attempt 1 of 1
[2023-09-12T17:37:34.251+0000] {taskinstance.py:1382} INFO - Executing <Task(_PythonDecoratedOperator): or_that_way> on 2023-08-11 00:00:00+00:00
[2023-09-12T17:37:34.279+0000] {standard_task_runner.py:57} INFO - Started process 3397 to run task
[2023-09-12T17:37:34.300+0000] {standard_task_runner.py:84} INFO - Running: ['***', 'tasks', 'run', 'tasks_relations', 'or_that_way', 'scheduled__2023-08-11T00:00:00+00:00', '--job-id', '1618', '--raw', '--subdir', 'DAGS_FOLDER/2_tasks_relations.py', '--cfg-path', '/tmp/tmpjytebk9o']
[2023-09-12T17:37:34.304+0000] {standard_task_runner.py:85} INFO - Job 1618: Subtask or_that_way
[2023-09-12T17:37:34.437+0000] {task_command.py:415} INFO - Running <TaskInstance: tasks_relations.or_that_way scheduled__2023-08-11T00:00:00+00:00 [running]> on host 0ab7970e0956
[2023-09-12T17:37:34.768+0000] {taskinstance.py:1660} INFO - Exporting env vars: AIRFLOW_CTX_DAG_OWNER='***' AIRFLOW_CTX_DAG_ID='tasks_relations' AIRFLOW_CTX_TASK_ID='or_that_way' AIRFLOW_CTX_EXECUTION_DATE='2023-08-11T00:00:00+00:00' AIRFLOW_CTX_TRY_NUMBER='1' AIRFLOW_CTX_DAG_RUN_ID='scheduled__2023-08-11T00:00:00+00:00'
[2023-09-12T17:37:34.774+0000] {logging_mixin.py:151} INFO - NO NO, THAT WAY WAY!!!
[2023-09-12T17:37:34.794+0000] {python.py:194} INFO - Done. Returned value was: None
[2023-09-12T17:37:34.816+0000] {taskinstance.py:1400} INFO - Marking task as SUCCESS. dag_id=tasks_relations, task_id=or_that_way, execution_date=20230811T000000, start_date=20230912T173734, end_date=20230912T173734
[2023-09-12T17:37:34.871+0000] {local_task_job_runner.py:228} INFO - Task exited with return code 0
[2023-09-12T17:37:34.920+0000] {taskinstance.py:2784} INFO - 1 downstream tasks scheduled from follow-on schedule check
