[2023-09-05T15:25:14.317+0000] {taskinstance.py:1159} INFO - Dependencies all met for dep_context=non-requeueable deps ti=<TaskInstance: tasks_relations.say_bye scheduled__2023-02-28T00:00:00+00:00 [queued]>
[2023-09-05T15:25:14.350+0000] {taskinstance.py:1159} INFO - Dependencies all met for dep_context=requeueable deps ti=<TaskInstance: tasks_relations.say_bye scheduled__2023-02-28T00:00:00+00:00 [queued]>
[2023-09-05T15:25:14.352+0000] {taskinstance.py:1361} INFO - Starting attempt 1 of 1
[2023-09-05T15:25:14.366+0000] {taskinstance.py:1382} INFO - Executing <Task(_PythonDecoratedOperator): say_bye> on 2023-02-28 00:00:00+00:00
[2023-09-05T15:25:14.383+0000] {standard_task_runner.py:57} INFO - Started process 446 to run task
[2023-09-05T15:25:14.391+0000] {standard_task_runner.py:84} INFO - Running: ['***', 'tasks', 'run', 'tasks_relations', 'say_bye', 'scheduled__2023-02-28T00:00:00+00:00', '--job-id', '186', '--raw', '--subdir', 'DAGS_FOLDER/tasks_relations.py', '--cfg-path', '/tmp/tmplx5w_gjh']
[2023-09-05T15:25:14.393+0000] {standard_task_runner.py:85} INFO - Job 186: Subtask say_bye
[2023-09-05T15:25:14.540+0000] {task_command.py:415} INFO - Running <TaskInstance: tasks_relations.say_bye scheduled__2023-02-28T00:00:00+00:00 [running]> on host ca474790e981
[2023-09-05T15:25:14.715+0000] {taskinstance.py:1660} INFO - Exporting env vars: AIRFLOW_CTX_DAG_OWNER='***' AIRFLOW_CTX_DAG_ID='tasks_relations' AIRFLOW_CTX_TASK_ID='say_bye' AIRFLOW_CTX_EXECUTION_DATE='2023-02-28T00:00:00+00:00' AIRFLOW_CTX_TRY_NUMBER='1' AIRFLOW_CTX_DAG_RUN_ID='scheduled__2023-02-28T00:00:00+00:00'
[2023-09-05T15:25:14.718+0000] {logging_mixin.py:151} INFO - goodbye ***
[2023-09-05T15:25:14.720+0000] {python.py:194} INFO - Done. Returned value was: None
[2023-09-05T15:25:14.743+0000] {taskinstance.py:1400} INFO - Marking task as SUCCESS. dag_id=tasks_relations, task_id=say_bye, execution_date=20230228T000000, start_date=20230905T152514, end_date=20230905T152514
[2023-09-05T15:25:14.810+0000] {local_task_job_runner.py:228} INFO - Task exited with return code 0
[2023-09-05T15:25:14.831+0000] {taskinstance.py:2784} INFO - 0 downstream tasks scheduled from follow-on schedule check
[2023-09-12T17:34:32.903+0000] {taskinstance.py:1159} INFO - Dependencies all met for dep_context=non-requeueable deps ti=<TaskInstance: tasks_relations.say_bye scheduled__2023-02-28T00:00:00+00:00 [queued]>
[2023-09-12T17:34:32.945+0000] {taskinstance.py:1159} INFO - Dependencies all met for dep_context=requeueable deps ti=<TaskInstance: tasks_relations.say_bye scheduled__2023-02-28T00:00:00+00:00 [queued]>
[2023-09-12T17:34:32.951+0000] {taskinstance.py:1361} INFO - Starting attempt 1 of 1
[2023-09-12T17:34:32.999+0000] {taskinstance.py:1382} INFO - Executing <Task(_PythonDecoratedOperator): say_bye> on 2023-02-28 00:00:00+00:00
[2023-09-12T17:34:33.017+0000] {standard_task_runner.py:57} INFO - Started process 1129 to run task
[2023-09-12T17:34:33.041+0000] {standard_task_runner.py:84} INFO - Running: ['***', 'tasks', 'run', 'tasks_relations', 'say_bye', 'scheduled__2023-02-28T00:00:00+00:00', '--job-id', '501', '--raw', '--subdir', 'DAGS_FOLDER/2_tasks_relations.py', '--cfg-path', '/tmp/tmplgc2314k']
[2023-09-12T17:34:33.048+0000] {standard_task_runner.py:85} INFO - Job 501: Subtask say_bye
[2023-09-12T17:34:33.242+0000] {task_command.py:415} INFO - Running <TaskInstance: tasks_relations.say_bye scheduled__2023-02-28T00:00:00+00:00 [running]> on host 0ab7970e0956
[2023-09-12T17:34:33.552+0000] {taskinstance.py:1660} INFO - Exporting env vars: AIRFLOW_CTX_DAG_OWNER='***' AIRFLOW_CTX_DAG_ID='tasks_relations' AIRFLOW_CTX_TASK_ID='say_bye' AIRFLOW_CTX_EXECUTION_DATE='2023-02-28T00:00:00+00:00' AIRFLOW_CTX_TRY_NUMBER='1' AIRFLOW_CTX_DAG_RUN_ID='scheduled__2023-02-28T00:00:00+00:00'
[2023-09-12T17:34:33.553+0000] {logging_mixin.py:151} INFO - goodbye world
[2023-09-12T17:34:33.554+0000] {python.py:194} INFO - Done. Returned value was: None
[2023-09-12T17:34:33.568+0000] {taskinstance.py:1400} INFO - Marking task as SUCCESS. dag_id=tasks_relations, task_id=say_bye, execution_date=20230228T000000, start_date=20230912T173432, end_date=20230912T173433
[2023-09-12T17:34:33.658+0000] {local_task_job_runner.py:228} INFO - Task exited with return code 0
[2023-09-12T17:34:33.724+0000] {taskinstance.py:2784} INFO - 2 downstream tasks scheduled from follow-on schedule check
