[2023-09-05T15:24:43.601+0000] {taskinstance.py:1159} INFO - Dependencies all met for dep_context=non-requeueable deps ti=<TaskInstance: tasks_relations.say_bye scheduled__2023-01-27T00:00:00+00:00 [queued]>
[2023-09-05T15:24:43.618+0000] {taskinstance.py:1159} INFO - Dependencies all met for dep_context=requeueable deps ti=<TaskInstance: tasks_relations.say_bye scheduled__2023-01-27T00:00:00+00:00 [queued]>
[2023-09-05T15:24:43.619+0000] {taskinstance.py:1361} INFO - Starting attempt 1 of 1
[2023-09-05T15:24:43.634+0000] {taskinstance.py:1382} INFO - Executing <Task(_PythonDecoratedOperator): say_bye> on 2023-01-27 00:00:00+00:00
[2023-09-05T15:24:43.654+0000] {standard_task_runner.py:57} INFO - Started process 262 to run task
[2023-09-05T15:24:43.654+0000] {standard_task_runner.py:84} INFO - Running: ['***', 'tasks', 'run', 'tasks_relations', 'say_bye', 'scheduled__2023-01-27T00:00:00+00:00', '--job-id', '98', '--raw', '--subdir', 'DAGS_FOLDER/tasks_relations.py', '--cfg-path', '/tmp/tmpvhjojdr9']
[2023-09-05T15:24:43.662+0000] {standard_task_runner.py:85} INFO - Job 98: Subtask say_bye
[2023-09-05T15:24:43.845+0000] {task_command.py:415} INFO - Running <TaskInstance: tasks_relations.say_bye scheduled__2023-01-27T00:00:00+00:00 [running]> on host ca474790e981
[2023-09-05T15:24:44.027+0000] {taskinstance.py:1660} INFO - Exporting env vars: AIRFLOW_CTX_DAG_OWNER='***' AIRFLOW_CTX_DAG_ID='tasks_relations' AIRFLOW_CTX_TASK_ID='say_bye' AIRFLOW_CTX_EXECUTION_DATE='2023-01-27T00:00:00+00:00' AIRFLOW_CTX_TRY_NUMBER='1' AIRFLOW_CTX_DAG_RUN_ID='scheduled__2023-01-27T00:00:00+00:00'
[2023-09-05T15:24:44.030+0000] {logging_mixin.py:151} INFO - goodbye ***
[2023-09-05T15:24:44.031+0000] {python.py:194} INFO - Done. Returned value was: None
[2023-09-05T15:24:44.044+0000] {taskinstance.py:1400} INFO - Marking task as SUCCESS. dag_id=tasks_relations, task_id=say_bye, execution_date=20230127T000000, start_date=20230905T152443, end_date=20230905T152444
[2023-09-05T15:24:44.084+0000] {local_task_job_runner.py:228} INFO - Task exited with return code 0
[2023-09-05T15:24:44.111+0000] {taskinstance.py:2784} INFO - 0 downstream tasks scheduled from follow-on schedule check
[2023-09-12T17:33:37.371+0000] {taskinstance.py:1159} INFO - Dependencies all met for dep_context=non-requeueable deps ti=<TaskInstance: tasks_relations.say_bye scheduled__2023-01-27T00:00:00+00:00 [queued]>
[2023-09-12T17:33:37.556+0000] {taskinstance.py:1159} INFO - Dependencies all met for dep_context=requeueable deps ti=<TaskInstance: tasks_relations.say_bye scheduled__2023-01-27T00:00:00+00:00 [queued]>
[2023-09-12T17:33:37.573+0000] {taskinstance.py:1361} INFO - Starting attempt 1 of 1
[2023-09-12T17:33:37.785+0000] {taskinstance.py:1382} INFO - Executing <Task(_PythonDecoratedOperator): say_bye> on 2023-01-27 00:00:00+00:00
[2023-09-12T17:33:37.962+0000] {standard_task_runner.py:57} INFO - Started process 565 to run task
[2023-09-12T17:33:38.083+0000] {standard_task_runner.py:84} INFO - Running: ['***', 'tasks', 'run', 'tasks_relations', 'say_bye', 'scheduled__2023-01-27T00:00:00+00:00', '--job-id', '223', '--raw', '--subdir', 'DAGS_FOLDER/2_tasks_relations.py', '--cfg-path', '/tmp/tmp_ozlxs8a']
[2023-09-12T17:33:38.106+0000] {standard_task_runner.py:85} INFO - Job 223: Subtask say_bye
[2023-09-12T17:33:39.228+0000] {task_command.py:415} INFO - Running <TaskInstance: tasks_relations.say_bye scheduled__2023-01-27T00:00:00+00:00 [running]> on host 0ab7970e0956
[2023-09-12T17:33:40.543+0000] {taskinstance.py:1660} INFO - Exporting env vars: AIRFLOW_CTX_DAG_OWNER='***' AIRFLOW_CTX_DAG_ID='tasks_relations' AIRFLOW_CTX_TASK_ID='say_bye' AIRFLOW_CTX_EXECUTION_DATE='2023-01-27T00:00:00+00:00' AIRFLOW_CTX_TRY_NUMBER='1' AIRFLOW_CTX_DAG_RUN_ID='scheduled__2023-01-27T00:00:00+00:00'
[2023-09-12T17:33:40.587+0000] {logging_mixin.py:151} INFO - goodbye world
[2023-09-12T17:33:40.614+0000] {python.py:194} INFO - Done. Returned value was: None
[2023-09-12T17:33:40.845+0000] {taskinstance.py:1400} INFO - Marking task as SUCCESS. dag_id=tasks_relations, task_id=say_bye, execution_date=20230127T000000, start_date=20230912T173337, end_date=20230912T173340
[2023-09-12T17:33:41.133+0000] {local_task_job_runner.py:228} INFO - Task exited with return code 0
[2023-09-12T17:33:41.720+0000] {taskinstance.py:2784} INFO - 2 downstream tasks scheduled from follow-on schedule check
