[2023-09-05T15:27:54.834+0000] {taskinstance.py:1159} INFO - Dependencies all met for dep_context=non-requeueable deps ti=<TaskInstance: tasks_relations.say_hello scheduled__2023-05-29T00:00:00+00:00 [queued]>
[2023-09-05T15:27:54.941+0000] {taskinstance.py:1159} INFO - Dependencies all met for dep_context=requeueable deps ti=<TaskInstance: tasks_relations.say_hello scheduled__2023-05-29T00:00:00+00:00 [queued]>
[2023-09-05T15:27:54.943+0000] {taskinstance.py:1361} INFO - Starting attempt 1 of 1
[2023-09-05T15:27:55.222+0000] {taskinstance.py:1382} INFO - Executing <Task(_PythonDecoratedOperator): say_hello> on 2023-05-29 00:00:00+00:00
[2023-09-05T15:27:55.375+0000] {standard_task_runner.py:84} INFO - Running: ['***', 'tasks', 'run', 'tasks_relations', 'say_hello', 'scheduled__2023-05-29T00:00:00+00:00', '--job-id', '438', '--raw', '--subdir', 'DAGS_FOLDER/tasks_relations.py', '--cfg-path', '/tmp/tmp3z5lu9ih']
[2023-09-05T15:27:55.418+0000] {standard_task_runner.py:85} INFO - Job 438: Subtask say_hello
[2023-09-05T15:27:55.362+0000] {standard_task_runner.py:57} INFO - Started process 997 to run task
[2023-09-05T15:27:56.474+0000] {task_command.py:415} INFO - Running <TaskInstance: tasks_relations.say_hello scheduled__2023-05-29T00:00:00+00:00 [running]> on host ca474790e981
[2023-09-05T15:27:57.619+0000] {taskinstance.py:1660} INFO - Exporting env vars: AIRFLOW_CTX_DAG_OWNER='***' AIRFLOW_CTX_DAG_ID='tasks_relations' AIRFLOW_CTX_TASK_ID='say_hello' AIRFLOW_CTX_EXECUTION_DATE='2023-05-29T00:00:00+00:00' AIRFLOW_CTX_TRY_NUMBER='1' AIRFLOW_CTX_DAG_RUN_ID='scheduled__2023-05-29T00:00:00+00:00'
[2023-09-05T15:27:57.631+0000] {logging_mixin.py:151} INFO - hello world
[2023-09-05T15:27:57.653+0000] {python.py:194} INFO - Done. Returned value was: None
[2023-09-05T15:27:57.797+0000] {taskinstance.py:1400} INFO - Marking task as SUCCESS. dag_id=tasks_relations, task_id=say_hello, execution_date=20230529T000000, start_date=20230905T152754, end_date=20230905T152757
[2023-09-05T15:27:58.108+0000] {local_task_job_runner.py:228} INFO - Task exited with return code 0
[2023-09-05T15:27:58.593+0000] {taskinstance.py:2784} INFO - 0 downstream tasks scheduled from follow-on schedule check
[2023-09-12T17:36:12.380+0000] {taskinstance.py:1159} INFO - Dependencies all met for dep_context=non-requeueable deps ti=<TaskInstance: tasks_relations.say_hello scheduled__2023-05-29T00:00:00+00:00 [queued]>
[2023-09-12T17:36:12.389+0000] {taskinstance.py:1159} INFO - Dependencies all met for dep_context=requeueable deps ti=<TaskInstance: tasks_relations.say_hello scheduled__2023-05-29T00:00:00+00:00 [queued]>
[2023-09-12T17:36:12.390+0000] {taskinstance.py:1361} INFO - Starting attempt 1 of 1
[2023-09-12T17:36:12.433+0000] {taskinstance.py:1382} INFO - Executing <Task(_PythonDecoratedOperator): say_hello> on 2023-05-29 00:00:00+00:00
[2023-09-12T17:36:12.450+0000] {standard_task_runner.py:57} INFO - Started process 2456 to run task
[2023-09-12T17:36:12.473+0000] {standard_task_runner.py:84} INFO - Running: ['***', 'tasks', 'run', 'tasks_relations', 'say_hello', 'scheduled__2023-05-29T00:00:00+00:00', '--job-id', '1156', '--raw', '--subdir', 'DAGS_FOLDER/2_tasks_relations.py', '--cfg-path', '/tmp/tmph6z2csyj']
[2023-09-12T17:36:12.484+0000] {standard_task_runner.py:85} INFO - Job 1156: Subtask say_hello
[2023-09-12T17:36:12.595+0000] {task_command.py:415} INFO - Running <TaskInstance: tasks_relations.say_hello scheduled__2023-05-29T00:00:00+00:00 [running]> on host 0ab7970e0956
[2023-09-12T17:36:12.833+0000] {taskinstance.py:1660} INFO - Exporting env vars: AIRFLOW_CTX_DAG_OWNER='***' AIRFLOW_CTX_DAG_ID='tasks_relations' AIRFLOW_CTX_TASK_ID='say_hello' AIRFLOW_CTX_EXECUTION_DATE='2023-05-29T00:00:00+00:00' AIRFLOW_CTX_TRY_NUMBER='1' AIRFLOW_CTX_DAG_RUN_ID='scheduled__2023-05-29T00:00:00+00:00'
[2023-09-12T17:36:12.835+0000] {logging_mixin.py:151} INFO - hello world
[2023-09-12T17:36:12.835+0000] {python.py:194} INFO - Done. Returned value was: None
[2023-09-12T17:36:12.849+0000] {taskinstance.py:1400} INFO - Marking task as SUCCESS. dag_id=tasks_relations, task_id=say_hello, execution_date=20230529T000000, start_date=20230912T173612, end_date=20230912T173612
[2023-09-12T17:36:12.910+0000] {local_task_job_runner.py:228} INFO - Task exited with return code 0
[2023-09-12T17:36:12.957+0000] {taskinstance.py:2784} INFO - 1 downstream tasks scheduled from follow-on schedule check
