[2023-09-05T15:27:52.752+0000] {taskinstance.py:1159} INFO - Dependencies all met for dep_context=non-requeueable deps ti=<TaskInstance: tasks_relations.or_that_way scheduled__2023-05-15T00:00:00+00:00 [queued]>
[2023-09-05T15:27:52.820+0000] {taskinstance.py:1159} INFO - Dependencies all met for dep_context=requeueable deps ti=<TaskInstance: tasks_relations.or_that_way scheduled__2023-05-15T00:00:00+00:00 [queued]>
[2023-09-05T15:27:52.883+0000] {taskinstance.py:1361} INFO - Starting attempt 1 of 1
[2023-09-05T15:27:53.338+0000] {taskinstance.py:1382} INFO - Executing <Task(_PythonDecoratedOperator): or_that_way> on 2023-05-15 00:00:00+00:00
[2023-09-05T15:27:53.387+0000] {standard_task_runner.py:57} INFO - Started process 987 to run task
[2023-09-05T15:27:53.444+0000] {standard_task_runner.py:84} INFO - Running: ['***', 'tasks', 'run', 'tasks_relations', 'or_that_way', 'scheduled__2023-05-15T00:00:00+00:00', '--job-id', '434', '--raw', '--subdir', 'DAGS_FOLDER/tasks_relations.py', '--cfg-path', '/tmp/tmpfcxjrshq']
[2023-09-05T15:27:53.504+0000] {standard_task_runner.py:85} INFO - Job 434: Subtask or_that_way
[2023-09-05T15:27:54.388+0000] {task_command.py:415} INFO - Running <TaskInstance: tasks_relations.or_that_way scheduled__2023-05-15T00:00:00+00:00 [running]> on host ca474790e981
[2023-09-05T15:27:55.659+0000] {taskinstance.py:1660} INFO - Exporting env vars: AIRFLOW_CTX_DAG_OWNER='***' AIRFLOW_CTX_DAG_ID='tasks_relations' AIRFLOW_CTX_TASK_ID='or_that_way' AIRFLOW_CTX_EXECUTION_DATE='2023-05-15T00:00:00+00:00' AIRFLOW_CTX_TRY_NUMBER='1' AIRFLOW_CTX_DAG_RUN_ID='scheduled__2023-05-15T00:00:00+00:00'
[2023-09-05T15:27:55.713+0000] {logging_mixin.py:151} INFO - NO NO, THAT WAY WAY!!!
[2023-09-05T15:27:55.733+0000] {python.py:194} INFO - Done. Returned value was: None
[2023-09-05T15:27:55.987+0000] {taskinstance.py:1400} INFO - Marking task as SUCCESS. dag_id=tasks_relations, task_id=or_that_way, execution_date=20230515T000000, start_date=20230905T152752, end_date=20230905T152755
[2023-09-05T15:27:56.405+0000] {local_task_job_runner.py:228} INFO - Task exited with return code 0
[2023-09-05T15:27:56.460+0000] {taskinstance.py:2784} INFO - 0 downstream tasks scheduled from follow-on schedule check
[2023-09-12T17:36:03.167+0000] {taskinstance.py:1159} INFO - Dependencies all met for dep_context=non-requeueable deps ti=<TaskInstance: tasks_relations.or_that_way scheduled__2023-05-15T00:00:00+00:00 [queued]>
[2023-09-12T17:36:03.189+0000] {taskinstance.py:1159} INFO - Dependencies all met for dep_context=requeueable deps ti=<TaskInstance: tasks_relations.or_that_way scheduled__2023-05-15T00:00:00+00:00 [queued]>
[2023-09-12T17:36:03.193+0000] {taskinstance.py:1361} INFO - Starting attempt 1 of 1
[2023-09-12T17:36:03.218+0000] {taskinstance.py:1382} INFO - Executing <Task(_PythonDecoratedOperator): or_that_way> on 2023-05-15 00:00:00+00:00
[2023-09-12T17:36:03.251+0000] {standard_task_runner.py:57} INFO - Started process 2342 to run task
[2023-09-12T17:36:03.275+0000] {standard_task_runner.py:84} INFO - Running: ['***', 'tasks', 'run', 'tasks_relations', 'or_that_way', 'scheduled__2023-05-15T00:00:00+00:00', '--job-id', '1102', '--raw', '--subdir', 'DAGS_FOLDER/2_tasks_relations.py', '--cfg-path', '/tmp/tmp4l270dfn']
[2023-09-12T17:36:03.293+0000] {standard_task_runner.py:85} INFO - Job 1102: Subtask or_that_way
[2023-09-12T17:36:03.536+0000] {task_command.py:415} INFO - Running <TaskInstance: tasks_relations.or_that_way scheduled__2023-05-15T00:00:00+00:00 [running]> on host 0ab7970e0956
[2023-09-12T17:36:03.811+0000] {taskinstance.py:1660} INFO - Exporting env vars: AIRFLOW_CTX_DAG_OWNER='***' AIRFLOW_CTX_DAG_ID='tasks_relations' AIRFLOW_CTX_TASK_ID='or_that_way' AIRFLOW_CTX_EXECUTION_DATE='2023-05-15T00:00:00+00:00' AIRFLOW_CTX_TRY_NUMBER='1' AIRFLOW_CTX_DAG_RUN_ID='scheduled__2023-05-15T00:00:00+00:00'
[2023-09-12T17:36:03.815+0000] {logging_mixin.py:151} INFO - NO NO, THAT WAY WAY!!!
[2023-09-12T17:36:03.815+0000] {python.py:194} INFO - Done. Returned value was: None
[2023-09-12T17:36:03.851+0000] {taskinstance.py:1400} INFO - Marking task as SUCCESS. dag_id=tasks_relations, task_id=or_that_way, execution_date=20230515T000000, start_date=20230912T173603, end_date=20230912T173603
[2023-09-12T17:36:03.977+0000] {local_task_job_runner.py:228} INFO - Task exited with return code 0
[2023-09-12T17:36:04.016+0000] {taskinstance.py:2784} INFO - 1 downstream tasks scheduled from follow-on schedule check
