[2023-09-05T15:28:01.239+0000] {taskinstance.py:1159} INFO - Dependencies all met for dep_context=non-requeueable deps ti=<TaskInstance: tasks_relations.or_that_way scheduled__2023-05-21T00:00:00+00:00 [queued]>
[2023-09-05T15:28:01.365+0000] {taskinstance.py:1159} INFO - Dependencies all met for dep_context=requeueable deps ti=<TaskInstance: tasks_relations.or_that_way scheduled__2023-05-21T00:00:00+00:00 [queued]>
[2023-09-05T15:28:01.392+0000] {taskinstance.py:1361} INFO - Starting attempt 1 of 1
[2023-09-05T15:28:01.469+0000] {taskinstance.py:1382} INFO - Executing <Task(_PythonDecoratedOperator): or_that_way> on 2023-05-21 00:00:00+00:00
[2023-09-05T15:28:01.677+0000] {standard_task_runner.py:57} INFO - Started process 1021 to run task
[2023-09-05T15:28:01.711+0000] {standard_task_runner.py:84} INFO - Running: ['***', 'tasks', 'run', 'tasks_relations', 'or_that_way', 'scheduled__2023-05-21T00:00:00+00:00', '--job-id', '450', '--raw', '--subdir', 'DAGS_FOLDER/tasks_relations.py', '--cfg-path', '/tmp/tmpscd0imj0']
[2023-09-05T15:28:01.737+0000] {standard_task_runner.py:85} INFO - Job 450: Subtask or_that_way
[2023-09-05T15:28:02.266+0000] {task_command.py:415} INFO - Running <TaskInstance: tasks_relations.or_that_way scheduled__2023-05-21T00:00:00+00:00 [running]> on host ca474790e981
[2023-09-05T15:28:03.039+0000] {taskinstance.py:1660} INFO - Exporting env vars: AIRFLOW_CTX_DAG_OWNER='***' AIRFLOW_CTX_DAG_ID='tasks_relations' AIRFLOW_CTX_TASK_ID='or_that_way' AIRFLOW_CTX_EXECUTION_DATE='2023-05-21T00:00:00+00:00' AIRFLOW_CTX_TRY_NUMBER='1' AIRFLOW_CTX_DAG_RUN_ID='scheduled__2023-05-21T00:00:00+00:00'
[2023-09-05T15:28:03.053+0000] {logging_mixin.py:151} INFO - NO NO, THAT WAY WAY!!!
[2023-09-05T15:28:03.067+0000] {python.py:194} INFO - Done. Returned value was: None
[2023-09-05T15:28:03.178+0000] {taskinstance.py:1400} INFO - Marking task as SUCCESS. dag_id=tasks_relations, task_id=or_that_way, execution_date=20230521T000000, start_date=20230905T152801, end_date=20230905T152803
[2023-09-05T15:28:03.339+0000] {local_task_job_runner.py:228} INFO - Task exited with return code 0
[2023-09-05T15:28:03.486+0000] {taskinstance.py:2784} INFO - 0 downstream tasks scheduled from follow-on schedule check
[2023-09-12T17:36:05.565+0000] {taskinstance.py:1159} INFO - Dependencies all met for dep_context=non-requeueable deps ti=<TaskInstance: tasks_relations.or_that_way scheduled__2023-05-21T00:00:00+00:00 [queued]>
[2023-09-12T17:36:05.590+0000] {taskinstance.py:1159} INFO - Dependencies all met for dep_context=requeueable deps ti=<TaskInstance: tasks_relations.or_that_way scheduled__2023-05-21T00:00:00+00:00 [queued]>
[2023-09-12T17:36:05.593+0000] {taskinstance.py:1361} INFO - Starting attempt 1 of 1
[2023-09-12T17:36:05.667+0000] {taskinstance.py:1382} INFO - Executing <Task(_PythonDecoratedOperator): or_that_way> on 2023-05-21 00:00:00+00:00
[2023-09-12T17:36:05.694+0000] {standard_task_runner.py:57} INFO - Started process 2383 to run task
[2023-09-12T17:36:05.729+0000] {standard_task_runner.py:84} INFO - Running: ['***', 'tasks', 'run', 'tasks_relations', 'or_that_way', 'scheduled__2023-05-21T00:00:00+00:00', '--job-id', '1120', '--raw', '--subdir', 'DAGS_FOLDER/2_tasks_relations.py', '--cfg-path', '/tmp/tmpo0h3jtwk']
[2023-09-12T17:36:05.742+0000] {standard_task_runner.py:85} INFO - Job 1120: Subtask or_that_way
[2023-09-12T17:36:05.884+0000] {task_command.py:415} INFO - Running <TaskInstance: tasks_relations.or_that_way scheduled__2023-05-21T00:00:00+00:00 [running]> on host 0ab7970e0956
[2023-09-12T17:36:06.217+0000] {taskinstance.py:1660} INFO - Exporting env vars: AIRFLOW_CTX_DAG_OWNER='***' AIRFLOW_CTX_DAG_ID='tasks_relations' AIRFLOW_CTX_TASK_ID='or_that_way' AIRFLOW_CTX_EXECUTION_DATE='2023-05-21T00:00:00+00:00' AIRFLOW_CTX_TRY_NUMBER='1' AIRFLOW_CTX_DAG_RUN_ID='scheduled__2023-05-21T00:00:00+00:00'
[2023-09-12T17:36:06.222+0000] {logging_mixin.py:151} INFO - NO NO, THAT WAY WAY!!!
[2023-09-12T17:36:06.227+0000] {python.py:194} INFO - Done. Returned value was: None
[2023-09-12T17:36:06.248+0000] {taskinstance.py:1400} INFO - Marking task as SUCCESS. dag_id=tasks_relations, task_id=or_that_way, execution_date=20230521T000000, start_date=20230912T173605, end_date=20230912T173606
[2023-09-12T17:36:06.355+0000] {local_task_job_runner.py:228} INFO - Task exited with return code 0
[2023-09-12T17:36:06.386+0000] {taskinstance.py:2784} INFO - 0 downstream tasks scheduled from follow-on schedule check
