[2023-09-05T15:24:21.075+0000] {taskinstance.py:1159} INFO - Dependencies all met for dep_context=non-requeueable deps ti=<TaskInstance: tasks_relations.say_hello scheduled__2023-01-12T00:00:00+00:00 [queued]>
[2023-09-05T15:24:21.175+0000] {taskinstance.py:1159} INFO - Dependencies all met for dep_context=requeueable deps ti=<TaskInstance: tasks_relations.say_hello scheduled__2023-01-12T00:00:00+00:00 [queued]>
[2023-09-05T15:24:21.180+0000] {taskinstance.py:1361} INFO - Starting attempt 1 of 1
[2023-09-05T15:24:21.245+0000] {taskinstance.py:1382} INFO - Executing <Task(_PythonDecoratedOperator): say_hello> on 2023-01-12 00:00:00+00:00
[2023-09-05T15:24:21.286+0000] {standard_task_runner.py:57} INFO - Started process 136 to run task
[2023-09-05T15:24:21.394+0000] {standard_task_runner.py:84} INFO - Running: ['***', 'tasks', 'run', 'tasks_relations', 'say_hello', 'scheduled__2023-01-12T00:00:00+00:00', '--job-id', '32', '--raw', '--subdir', 'DAGS_FOLDER/tasks_relations.py', '--cfg-path', '/tmp/tmpa46tdia3']
[2023-09-05T15:24:21.405+0000] {standard_task_runner.py:85} INFO - Job 32: Subtask say_hello
[2023-09-05T15:24:21.817+0000] {task_command.py:415} INFO - Running <TaskInstance: tasks_relations.say_hello scheduled__2023-01-12T00:00:00+00:00 [running]> on host ca474790e981
[2023-09-05T15:24:22.318+0000] {taskinstance.py:1660} INFO - Exporting env vars: AIRFLOW_CTX_DAG_OWNER='***' AIRFLOW_CTX_DAG_ID='tasks_relations' AIRFLOW_CTX_TASK_ID='say_hello' AIRFLOW_CTX_EXECUTION_DATE='2023-01-12T00:00:00+00:00' AIRFLOW_CTX_TRY_NUMBER='1' AIRFLOW_CTX_DAG_RUN_ID='scheduled__2023-01-12T00:00:00+00:00'
[2023-09-05T15:24:22.327+0000] {logging_mixin.py:151} INFO - hello ***
[2023-09-05T15:24:22.331+0000] {python.py:194} INFO - Done. Returned value was: None
[2023-09-05T15:24:22.418+0000] {taskinstance.py:1400} INFO - Marking task as SUCCESS. dag_id=tasks_relations, task_id=say_hello, execution_date=20230112T000000, start_date=20230905T152421, end_date=20230905T152422
[2023-09-05T15:24:22.537+0000] {local_task_job_runner.py:228} INFO - Task exited with return code 0
[2023-09-05T15:24:22.614+0000] {taskinstance.py:2784} INFO - 1 downstream tasks scheduled from follow-on schedule check
[2023-09-12T17:32:57.821+0000] {taskinstance.py:1159} INFO - Dependencies all met for dep_context=non-requeueable deps ti=<TaskInstance: tasks_relations.say_hello scheduled__2023-01-12T00:00:00+00:00 [queued]>
[2023-09-12T17:32:57.879+0000] {taskinstance.py:1159} INFO - Dependencies all met for dep_context=requeueable deps ti=<TaskInstance: tasks_relations.say_hello scheduled__2023-01-12T00:00:00+00:00 [queued]>
[2023-09-12T17:32:57.885+0000] {taskinstance.py:1361} INFO - Starting attempt 1 of 1
[2023-09-12T17:32:57.997+0000] {taskinstance.py:1382} INFO - Executing <Task(_PythonDecoratedOperator): say_hello> on 2023-01-12 00:00:00+00:00
[2023-09-12T17:32:58.026+0000] {standard_task_runner.py:57} INFO - Started process 278 to run task
[2023-09-12T17:32:58.100+0000] {standard_task_runner.py:84} INFO - Running: ['***', 'tasks', 'run', 'tasks_relations', 'say_hello', 'scheduled__2023-01-12T00:00:00+00:00', '--job-id', '86', '--raw', '--subdir', 'DAGS_FOLDER/2_tasks_relations.py', '--cfg-path', '/tmp/tmpidnw7wr5']
[2023-09-12T17:32:58.141+0000] {standard_task_runner.py:85} INFO - Job 86: Subtask say_hello
[2023-09-12T17:32:58.619+0000] {task_command.py:415} INFO - Running <TaskInstance: tasks_relations.say_hello scheduled__2023-01-12T00:00:00+00:00 [running]> on host 0ab7970e0956
[2023-09-12T17:32:59.146+0000] {taskinstance.py:1660} INFO - Exporting env vars: AIRFLOW_CTX_DAG_OWNER='***' AIRFLOW_CTX_DAG_ID='tasks_relations' AIRFLOW_CTX_TASK_ID='say_hello' AIRFLOW_CTX_EXECUTION_DATE='2023-01-12T00:00:00+00:00' AIRFLOW_CTX_TRY_NUMBER='1' AIRFLOW_CTX_DAG_RUN_ID='scheduled__2023-01-12T00:00:00+00:00'
[2023-09-12T17:32:59.156+0000] {logging_mixin.py:151} INFO - hello world
[2023-09-12T17:32:59.162+0000] {python.py:194} INFO - Done. Returned value was: None
[2023-09-12T17:32:59.212+0000] {taskinstance.py:1400} INFO - Marking task as SUCCESS. dag_id=tasks_relations, task_id=say_hello, execution_date=20230112T000000, start_date=20230912T173257, end_date=20230912T173259
[2023-09-12T17:32:59.452+0000] {local_task_job_runner.py:228} INFO - Task exited with return code 0
[2023-09-12T17:32:59.573+0000] {taskinstance.py:2784} INFO - 0 downstream tasks scheduled from follow-on schedule check
