[2023-09-05T15:30:10.515+0000] {taskinstance.py:1159} INFO - Dependencies all met for dep_context=non-requeueable deps ti=<TaskInstance: tasks_relations.this_way scheduled__2023-07-13T00:00:00+00:00 [queued]>
[2023-09-05T15:30:10.605+0000] {taskinstance.py:1159} INFO - Dependencies all met for dep_context=requeueable deps ti=<TaskInstance: tasks_relations.this_way scheduled__2023-07-13T00:00:00+00:00 [queued]>
[2023-09-05T15:30:10.612+0000] {taskinstance.py:1361} INFO - Starting attempt 1 of 1
[2023-09-05T15:30:10.744+0000] {taskinstance.py:1382} INFO - Executing <Task(_PythonDecoratedOperator): this_way> on 2023-07-13 00:00:00+00:00
[2023-09-05T15:30:10.754+0000] {standard_task_runner.py:57} INFO - Started process 1566 to run task
[2023-09-05T15:30:10.854+0000] {standard_task_runner.py:84} INFO - Running: ['***', 'tasks', 'run', 'tasks_relations', 'this_way', 'scheduled__2023-07-13T00:00:00+00:00', '--job-id', '707', '--raw', '--subdir', 'DAGS_FOLDER/tasks_relations.py', '--cfg-path', '/tmp/tmp0rzao0ih']
[2023-09-05T15:30:10.888+0000] {standard_task_runner.py:85} INFO - Job 707: Subtask this_way
[2023-09-05T15:30:11.268+0000] {task_command.py:415} INFO - Running <TaskInstance: tasks_relations.this_way scheduled__2023-07-13T00:00:00+00:00 [running]> on host ca474790e981
[2023-09-05T15:30:11.593+0000] {taskinstance.py:1660} INFO - Exporting env vars: AIRFLOW_CTX_DAG_OWNER='***' AIRFLOW_CTX_DAG_ID='tasks_relations' AIRFLOW_CTX_TASK_ID='this_way' AIRFLOW_CTX_EXECUTION_DATE='2023-07-13T00:00:00+00:00' AIRFLOW_CTX_TRY_NUMBER='1' AIRFLOW_CTX_DAG_RUN_ID='scheduled__2023-07-13T00:00:00+00:00'
[2023-09-05T15:30:11.604+0000] {logging_mixin.py:151} INFO - THIS WAY!!!
[2023-09-05T15:30:11.605+0000] {python.py:194} INFO - Done. Returned value was: None
[2023-09-05T15:30:11.647+0000] {taskinstance.py:1400} INFO - Marking task as SUCCESS. dag_id=tasks_relations, task_id=this_way, execution_date=20230713T000000, start_date=20230905T153010, end_date=20230905T153011
[2023-09-05T15:30:11.815+0000] {local_task_job_runner.py:228} INFO - Task exited with return code 0
[2023-09-05T15:30:11.892+0000] {taskinstance.py:2784} INFO - 0 downstream tasks scheduled from follow-on schedule check
[2023-09-12T17:37:00.431+0000] {taskinstance.py:1159} INFO - Dependencies all met for dep_context=non-requeueable deps ti=<TaskInstance: tasks_relations.this_way scheduled__2023-07-13T00:00:00+00:00 [queued]>
[2023-09-12T17:37:00.468+0000] {taskinstance.py:1159} INFO - Dependencies all met for dep_context=requeueable deps ti=<TaskInstance: tasks_relations.this_way scheduled__2023-07-13T00:00:00+00:00 [queued]>
[2023-09-12T17:37:00.470+0000] {taskinstance.py:1361} INFO - Starting attempt 1 of 1
[2023-09-12T17:37:00.518+0000] {taskinstance.py:1382} INFO - Executing <Task(_PythonDecoratedOperator): this_way> on 2023-07-13 00:00:00+00:00
[2023-09-12T17:37:00.525+0000] {standard_task_runner.py:57} INFO - Started process 3002 to run task
[2023-09-12T17:37:00.542+0000] {standard_task_runner.py:84} INFO - Running: ['***', 'tasks', 'run', 'tasks_relations', 'this_way', 'scheduled__2023-07-13T00:00:00+00:00', '--job-id', '1422', '--raw', '--subdir', 'DAGS_FOLDER/2_tasks_relations.py', '--cfg-path', '/tmp/tmpij1avjy_']
[2023-09-12T17:37:00.550+0000] {standard_task_runner.py:85} INFO - Job 1422: Subtask this_way
[2023-09-12T17:37:00.691+0000] {task_command.py:415} INFO - Running <TaskInstance: tasks_relations.this_way scheduled__2023-07-13T00:00:00+00:00 [running]> on host 0ab7970e0956
[2023-09-12T17:37:00.933+0000] {taskinstance.py:1660} INFO - Exporting env vars: AIRFLOW_CTX_DAG_OWNER='***' AIRFLOW_CTX_DAG_ID='tasks_relations' AIRFLOW_CTX_TASK_ID='this_way' AIRFLOW_CTX_EXECUTION_DATE='2023-07-13T00:00:00+00:00' AIRFLOW_CTX_TRY_NUMBER='1' AIRFLOW_CTX_DAG_RUN_ID='scheduled__2023-07-13T00:00:00+00:00'
[2023-09-12T17:37:00.940+0000] {logging_mixin.py:151} INFO - THIS WAY!!!
[2023-09-12T17:37:00.940+0000] {python.py:194} INFO - Done. Returned value was: None
[2023-09-12T17:37:00.977+0000] {taskinstance.py:1400} INFO - Marking task as SUCCESS. dag_id=tasks_relations, task_id=this_way, execution_date=20230713T000000, start_date=20230912T173700, end_date=20230912T173700
[2023-09-12T17:37:01.043+0000] {local_task_job_runner.py:228} INFO - Task exited with return code 0
[2023-09-12T17:37:01.084+0000] {taskinstance.py:2784} INFO - 1 downstream tasks scheduled from follow-on schedule check
