[2023-09-05T15:29:07.158+0000] {taskinstance.py:1159} INFO - Dependencies all met for dep_context=non-requeueable deps ti=<TaskInstance: tasks_relations.or_that_way scheduled__2023-06-10T00:00:00+00:00 [queued]>
[2023-09-05T15:29:07.260+0000] {taskinstance.py:1159} INFO - Dependencies all met for dep_context=requeueable deps ti=<TaskInstance: tasks_relations.or_that_way scheduled__2023-06-10T00:00:00+00:00 [queued]>
[2023-09-05T15:29:07.292+0000] {taskinstance.py:1361} INFO - Starting attempt 1 of 1
[2023-09-05T15:29:07.398+0000] {taskinstance.py:1382} INFO - Executing <Task(_PythonDecoratedOperator): or_that_way> on 2023-06-10 00:00:00+00:00
[2023-09-05T15:29:07.426+0000] {standard_task_runner.py:57} INFO - Started process 1230 to run task
[2023-09-05T15:29:07.467+0000] {standard_task_runner.py:84} INFO - Running: ['***', 'tasks', 'run', 'tasks_relations', 'or_that_way', 'scheduled__2023-06-10T00:00:00+00:00', '--job-id', '546', '--raw', '--subdir', 'DAGS_FOLDER/tasks_relations.py', '--cfg-path', '/tmp/tmpgt09fwa8']
[2023-09-05T15:29:07.474+0000] {standard_task_runner.py:85} INFO - Job 546: Subtask or_that_way
[2023-09-05T15:29:07.865+0000] {task_command.py:415} INFO - Running <TaskInstance: tasks_relations.or_that_way scheduled__2023-06-10T00:00:00+00:00 [running]> on host ca474790e981
[2023-09-05T15:29:08.402+0000] {taskinstance.py:1660} INFO - Exporting env vars: AIRFLOW_CTX_DAG_OWNER='***' AIRFLOW_CTX_DAG_ID='tasks_relations' AIRFLOW_CTX_TASK_ID='or_that_way' AIRFLOW_CTX_EXECUTION_DATE='2023-06-10T00:00:00+00:00' AIRFLOW_CTX_TRY_NUMBER='1' AIRFLOW_CTX_DAG_RUN_ID='scheduled__2023-06-10T00:00:00+00:00'
[2023-09-05T15:29:08.444+0000] {logging_mixin.py:151} INFO - NO NO, THAT WAY WAY!!!
[2023-09-05T15:29:08.456+0000] {python.py:194} INFO - Done. Returned value was: None
[2023-09-05T15:29:08.519+0000] {taskinstance.py:1400} INFO - Marking task as SUCCESS. dag_id=tasks_relations, task_id=or_that_way, execution_date=20230610T000000, start_date=20230905T152907, end_date=20230905T152908
[2023-09-05T15:29:08.751+0000] {local_task_job_runner.py:228} INFO - Task exited with return code 0
[2023-09-05T15:29:08.823+0000] {taskinstance.py:2784} INFO - 0 downstream tasks scheduled from follow-on schedule check
[2023-09-12T17:36:21.603+0000] {taskinstance.py:1159} INFO - Dependencies all met for dep_context=non-requeueable deps ti=<TaskInstance: tasks_relations.or_that_way scheduled__2023-06-10T00:00:00+00:00 [queued]>
[2023-09-12T17:36:21.654+0000] {taskinstance.py:1159} INFO - Dependencies all met for dep_context=requeueable deps ti=<TaskInstance: tasks_relations.or_that_way scheduled__2023-06-10T00:00:00+00:00 [queued]>
[2023-09-12T17:36:21.658+0000] {taskinstance.py:1361} INFO - Starting attempt 1 of 1
[2023-09-12T17:36:21.712+0000] {taskinstance.py:1382} INFO - Executing <Task(_PythonDecoratedOperator): or_that_way> on 2023-06-10 00:00:00+00:00
[2023-09-12T17:36:21.732+0000] {standard_task_runner.py:57} INFO - Started process 2592 to run task
[2023-09-12T17:36:21.772+0000] {standard_task_runner.py:84} INFO - Running: ['***', 'tasks', 'run', 'tasks_relations', 'or_that_way', 'scheduled__2023-06-10T00:00:00+00:00', '--job-id', '1224', '--raw', '--subdir', 'DAGS_FOLDER/2_tasks_relations.py', '--cfg-path', '/tmp/tmpygikl82t']
[2023-09-12T17:36:21.790+0000] {standard_task_runner.py:85} INFO - Job 1224: Subtask or_that_way
[2023-09-12T17:36:22.111+0000] {task_command.py:415} INFO - Running <TaskInstance: tasks_relations.or_that_way scheduled__2023-06-10T00:00:00+00:00 [running]> on host 0ab7970e0956
[2023-09-12T17:36:22.357+0000] {taskinstance.py:1660} INFO - Exporting env vars: AIRFLOW_CTX_DAG_OWNER='***' AIRFLOW_CTX_DAG_ID='tasks_relations' AIRFLOW_CTX_TASK_ID='or_that_way' AIRFLOW_CTX_EXECUTION_DATE='2023-06-10T00:00:00+00:00' AIRFLOW_CTX_TRY_NUMBER='1' AIRFLOW_CTX_DAG_RUN_ID='scheduled__2023-06-10T00:00:00+00:00'
[2023-09-12T17:36:22.372+0000] {logging_mixin.py:151} INFO - NO NO, THAT WAY WAY!!!
[2023-09-12T17:36:22.412+0000] {python.py:194} INFO - Done. Returned value was: None
[2023-09-12T17:36:22.462+0000] {taskinstance.py:1400} INFO - Marking task as SUCCESS. dag_id=tasks_relations, task_id=or_that_way, execution_date=20230610T000000, start_date=20230912T173621, end_date=20230912T173622
[2023-09-12T17:36:22.556+0000] {local_task_job_runner.py:228} INFO - Task exited with return code 0
[2023-09-12T17:36:22.586+0000] {taskinstance.py:2784} INFO - 1 downstream tasks scheduled from follow-on schedule check
