[2023-09-05T15:24:41.650+0000] {taskinstance.py:1159} INFO - Dependencies all met for dep_context=non-requeueable deps ti=<TaskInstance: tasks_relations.say_bye scheduled__2023-01-21T00:00:00+00:00 [queued]>
[2023-09-05T15:24:41.716+0000] {taskinstance.py:1159} INFO - Dependencies all met for dep_context=requeueable deps ti=<TaskInstance: tasks_relations.say_bye scheduled__2023-01-21T00:00:00+00:00 [queued]>
[2023-09-05T15:24:41.723+0000] {taskinstance.py:1361} INFO - Starting attempt 1 of 1
[2023-09-05T15:24:41.786+0000] {taskinstance.py:1382} INFO - Executing <Task(_PythonDecoratedOperator): say_bye> on 2023-01-21 00:00:00+00:00
[2023-09-05T15:24:41.804+0000] {standard_task_runner.py:57} INFO - Started process 248 to run task
[2023-09-05T15:24:41.834+0000] {standard_task_runner.py:84} INFO - Running: ['***', 'tasks', 'run', 'tasks_relations', 'say_bye', 'scheduled__2023-01-21T00:00:00+00:00', '--job-id', '89', '--raw', '--subdir', 'DAGS_FOLDER/tasks_relations.py', '--cfg-path', '/tmp/tmpvh31yvca']
[2023-09-05T15:24:41.850+0000] {standard_task_runner.py:85} INFO - Job 89: Subtask say_bye
[2023-09-05T15:24:42.077+0000] {task_command.py:415} INFO - Running <TaskInstance: tasks_relations.say_bye scheduled__2023-01-21T00:00:00+00:00 [running]> on host ca474790e981
[2023-09-05T15:24:42.396+0000] {taskinstance.py:1660} INFO - Exporting env vars: AIRFLOW_CTX_DAG_OWNER='***' AIRFLOW_CTX_DAG_ID='tasks_relations' AIRFLOW_CTX_TASK_ID='say_bye' AIRFLOW_CTX_EXECUTION_DATE='2023-01-21T00:00:00+00:00' AIRFLOW_CTX_TRY_NUMBER='1' AIRFLOW_CTX_DAG_RUN_ID='scheduled__2023-01-21T00:00:00+00:00'
[2023-09-05T15:24:42.401+0000] {logging_mixin.py:151} INFO - goodbye ***
[2023-09-05T15:24:42.403+0000] {python.py:194} INFO - Done. Returned value was: None
[2023-09-05T15:24:42.422+0000] {taskinstance.py:1400} INFO - Marking task as SUCCESS. dag_id=tasks_relations, task_id=say_bye, execution_date=20230121T000000, start_date=20230905T152441, end_date=20230905T152442
[2023-09-05T15:24:42.494+0000] {local_task_job_runner.py:228} INFO - Task exited with return code 0
[2023-09-05T15:24:42.586+0000] {taskinstance.py:2784} INFO - 0 downstream tasks scheduled from follow-on schedule check
[2023-09-12T17:33:31.565+0000] {taskinstance.py:1159} INFO - Dependencies all met for dep_context=non-requeueable deps ti=<TaskInstance: tasks_relations.say_bye scheduled__2023-01-21T00:00:00+00:00 [queued]>
[2023-09-12T17:33:31.733+0000] {taskinstance.py:1159} INFO - Dependencies all met for dep_context=requeueable deps ti=<TaskInstance: tasks_relations.say_bye scheduled__2023-01-21T00:00:00+00:00 [queued]>
[2023-09-12T17:33:31.739+0000] {taskinstance.py:1361} INFO - Starting attempt 1 of 1
[2023-09-12T17:33:31.800+0000] {taskinstance.py:1382} INFO - Executing <Task(_PythonDecoratedOperator): say_bye> on 2023-01-21 00:00:00+00:00
[2023-09-12T17:33:31.845+0000] {standard_task_runner.py:57} INFO - Started process 542 to run task
[2023-09-12T17:33:31.979+0000] {standard_task_runner.py:84} INFO - Running: ['***', 'tasks', 'run', 'tasks_relations', 'say_bye', 'scheduled__2023-01-21T00:00:00+00:00', '--job-id', '214', '--raw', '--subdir', 'DAGS_FOLDER/2_tasks_relations.py', '--cfg-path', '/tmp/tmpqci3l5vn']
[2023-09-12T17:33:32.012+0000] {standard_task_runner.py:85} INFO - Job 214: Subtask say_bye
[2023-09-12T17:33:32.391+0000] {task_command.py:415} INFO - Running <TaskInstance: tasks_relations.say_bye scheduled__2023-01-21T00:00:00+00:00 [running]> on host 0ab7970e0956
[2023-09-12T17:33:32.986+0000] {taskinstance.py:1660} INFO - Exporting env vars: AIRFLOW_CTX_DAG_OWNER='***' AIRFLOW_CTX_DAG_ID='tasks_relations' AIRFLOW_CTX_TASK_ID='say_bye' AIRFLOW_CTX_EXECUTION_DATE='2023-01-21T00:00:00+00:00' AIRFLOW_CTX_TRY_NUMBER='1' AIRFLOW_CTX_DAG_RUN_ID='scheduled__2023-01-21T00:00:00+00:00'
[2023-09-12T17:33:32.992+0000] {logging_mixin.py:151} INFO - goodbye world
[2023-09-12T17:33:33.005+0000] {python.py:194} INFO - Done. Returned value was: None
[2023-09-12T17:33:33.107+0000] {taskinstance.py:1400} INFO - Marking task as SUCCESS. dag_id=tasks_relations, task_id=say_bye, execution_date=20230121T000000, start_date=20230912T173331, end_date=20230912T173333
[2023-09-12T17:33:33.327+0000] {local_task_job_runner.py:228} INFO - Task exited with return code 0
[2023-09-12T17:33:33.631+0000] {taskinstance.py:2784} INFO - 0 downstream tasks scheduled from follow-on schedule check
