[2023-09-05T15:30:18.411+0000] {taskinstance.py:1159} INFO - Dependencies all met for dep_context=non-requeueable deps ti=<TaskInstance: tasks_relations.say_hello scheduled__2023-07-20T00:00:00+00:00 [queued]>
[2023-09-05T15:30:18.448+0000] {taskinstance.py:1159} INFO - Dependencies all met for dep_context=requeueable deps ti=<TaskInstance: tasks_relations.say_hello scheduled__2023-07-20T00:00:00+00:00 [queued]>
[2023-09-05T15:30:18.454+0000] {taskinstance.py:1361} INFO - Starting attempt 1 of 1
[2023-09-05T15:30:18.556+0000] {taskinstance.py:1382} INFO - Executing <Task(_PythonDecoratedOperator): say_hello> on 2023-07-20 00:00:00+00:00
[2023-09-05T15:30:18.592+0000] {standard_task_runner.py:57} INFO - Started process 1611 to run task
[2023-09-05T15:30:18.693+0000] {standard_task_runner.py:84} INFO - Running: ['***', 'tasks', 'run', 'tasks_relations', 'say_hello', 'scheduled__2023-07-20T00:00:00+00:00', '--job-id', '729', '--raw', '--subdir', 'DAGS_FOLDER/tasks_relations.py', '--cfg-path', '/tmp/tmpbgvjm8tj']
[2023-09-05T15:30:18.713+0000] {standard_task_runner.py:85} INFO - Job 729: Subtask say_hello
[2023-09-05T15:30:19.170+0000] {task_command.py:415} INFO - Running <TaskInstance: tasks_relations.say_hello scheduled__2023-07-20T00:00:00+00:00 [running]> on host ca474790e981
[2023-09-05T15:30:19.621+0000] {taskinstance.py:1660} INFO - Exporting env vars: AIRFLOW_CTX_DAG_OWNER='***' AIRFLOW_CTX_DAG_ID='tasks_relations' AIRFLOW_CTX_TASK_ID='say_hello' AIRFLOW_CTX_EXECUTION_DATE='2023-07-20T00:00:00+00:00' AIRFLOW_CTX_TRY_NUMBER='1' AIRFLOW_CTX_DAG_RUN_ID='scheduled__2023-07-20T00:00:00+00:00'
[2023-09-05T15:30:19.626+0000] {logging_mixin.py:151} INFO - hello world
[2023-09-05T15:30:19.629+0000] {python.py:194} INFO - Done. Returned value was: None
[2023-09-05T15:30:19.660+0000] {taskinstance.py:1400} INFO - Marking task as SUCCESS. dag_id=tasks_relations, task_id=say_hello, execution_date=20230720T000000, start_date=20230905T153018, end_date=20230905T153019
[2023-09-05T15:30:19.783+0000] {local_task_job_runner.py:228} INFO - Task exited with return code 0
[2023-09-05T15:30:19.895+0000] {taskinstance.py:2784} INFO - 1 downstream tasks scheduled from follow-on schedule check
[2023-09-12T17:37:07.089+0000] {taskinstance.py:1159} INFO - Dependencies all met for dep_context=non-requeueable deps ti=<TaskInstance: tasks_relations.say_hello scheduled__2023-07-20T00:00:00+00:00 [queued]>
[2023-09-12T17:37:07.118+0000] {taskinstance.py:1159} INFO - Dependencies all met for dep_context=requeueable deps ti=<TaskInstance: tasks_relations.say_hello scheduled__2023-07-20T00:00:00+00:00 [queued]>
[2023-09-12T17:37:07.121+0000] {taskinstance.py:1361} INFO - Starting attempt 1 of 1
[2023-09-12T17:37:07.152+0000] {taskinstance.py:1382} INFO - Executing <Task(_PythonDecoratedOperator): say_hello> on 2023-07-20 00:00:00+00:00
[2023-09-12T17:37:07.169+0000] {standard_task_runner.py:57} INFO - Started process 3065 to run task
[2023-09-12T17:37:07.209+0000] {standard_task_runner.py:84} INFO - Running: ['***', 'tasks', 'run', 'tasks_relations', 'say_hello', 'scheduled__2023-07-20T00:00:00+00:00', '--job-id', '1456', '--raw', '--subdir', 'DAGS_FOLDER/2_tasks_relations.py', '--cfg-path', '/tmp/tmpga5togi5']
[2023-09-12T17:37:07.216+0000] {standard_task_runner.py:85} INFO - Job 1456: Subtask say_hello
[2023-09-12T17:37:07.371+0000] {task_command.py:415} INFO - Running <TaskInstance: tasks_relations.say_hello scheduled__2023-07-20T00:00:00+00:00 [running]> on host 0ab7970e0956
[2023-09-12T17:37:07.566+0000] {taskinstance.py:1660} INFO - Exporting env vars: AIRFLOW_CTX_DAG_OWNER='***' AIRFLOW_CTX_DAG_ID='tasks_relations' AIRFLOW_CTX_TASK_ID='say_hello' AIRFLOW_CTX_EXECUTION_DATE='2023-07-20T00:00:00+00:00' AIRFLOW_CTX_TRY_NUMBER='1' AIRFLOW_CTX_DAG_RUN_ID='scheduled__2023-07-20T00:00:00+00:00'
[2023-09-12T17:37:07.569+0000] {logging_mixin.py:151} INFO - hello world
[2023-09-12T17:37:07.570+0000] {python.py:194} INFO - Done. Returned value was: None
[2023-09-12T17:37:07.591+0000] {taskinstance.py:1400} INFO - Marking task as SUCCESS. dag_id=tasks_relations, task_id=say_hello, execution_date=20230720T000000, start_date=20230912T173707, end_date=20230912T173707
[2023-09-12T17:37:07.646+0000] {local_task_job_runner.py:228} INFO - Task exited with return code 0
[2023-09-12T17:37:07.676+0000] {taskinstance.py:2784} INFO - 1 downstream tasks scheduled from follow-on schedule check
