[2023-09-05T15:26:04.137+0000] {taskinstance.py:1159} INFO - Dependencies all met for dep_context=non-requeueable deps ti=<TaskInstance: tasks_relations.say_hello scheduled__2023-04-08T00:00:00+00:00 [queued]>
[2023-09-05T15:26:04.202+0000] {taskinstance.py:1159} INFO - Dependencies all met for dep_context=requeueable deps ti=<TaskInstance: tasks_relations.say_hello scheduled__2023-04-08T00:00:00+00:00 [queued]>
[2023-09-05T15:26:04.216+0000] {taskinstance.py:1361} INFO - Starting attempt 1 of 1
[2023-09-05T15:26:04.327+0000] {taskinstance.py:1382} INFO - Executing <Task(_PythonDecoratedOperator): say_hello> on 2023-04-08 00:00:00+00:00
[2023-09-05T15:26:04.342+0000] {standard_task_runner.py:57} INFO - Started process 694 to run task
[2023-09-05T15:26:04.396+0000] {standard_task_runner.py:84} INFO - Running: ['***', 'tasks', 'run', 'tasks_relations', 'say_hello', 'scheduled__2023-04-08T00:00:00+00:00', '--job-id', '303', '--raw', '--subdir', 'DAGS_FOLDER/tasks_relations.py', '--cfg-path', '/tmp/tmp35l56bqy']
[2023-09-05T15:26:04.410+0000] {standard_task_runner.py:85} INFO - Job 303: Subtask say_hello
[2023-09-05T15:26:04.786+0000] {task_command.py:415} INFO - Running <TaskInstance: tasks_relations.say_hello scheduled__2023-04-08T00:00:00+00:00 [running]> on host ca474790e981
[2023-09-05T15:26:05.595+0000] {taskinstance.py:1660} INFO - Exporting env vars: AIRFLOW_CTX_DAG_OWNER='***' AIRFLOW_CTX_DAG_ID='tasks_relations' AIRFLOW_CTX_TASK_ID='say_hello' AIRFLOW_CTX_EXECUTION_DATE='2023-04-08T00:00:00+00:00' AIRFLOW_CTX_TRY_NUMBER='1' AIRFLOW_CTX_DAG_RUN_ID='scheduled__2023-04-08T00:00:00+00:00'
[2023-09-05T15:26:05.612+0000] {logging_mixin.py:151} INFO - hello ***
[2023-09-05T15:26:05.652+0000] {python.py:194} INFO - Done. Returned value was: None
[2023-09-05T15:26:05.755+0000] {taskinstance.py:1400} INFO - Marking task as SUCCESS. dag_id=tasks_relations, task_id=say_hello, execution_date=20230408T000000, start_date=20230905T152604, end_date=20230905T152605
[2023-09-05T15:26:06.046+0000] {local_task_job_runner.py:228} INFO - Task exited with return code 0
[2023-09-05T15:26:06.265+0000] {taskinstance.py:2784} INFO - 1 downstream tasks scheduled from follow-on schedule check
[2023-09-12T17:35:09.423+0000] {taskinstance.py:1159} INFO - Dependencies all met for dep_context=non-requeueable deps ti=<TaskInstance: tasks_relations.say_hello scheduled__2023-04-08T00:00:00+00:00 [queued]>
[2023-09-12T17:35:09.459+0000] {taskinstance.py:1159} INFO - Dependencies all met for dep_context=requeueable deps ti=<TaskInstance: tasks_relations.say_hello scheduled__2023-04-08T00:00:00+00:00 [queued]>
[2023-09-12T17:35:09.465+0000] {taskinstance.py:1361} INFO - Starting attempt 1 of 1
[2023-09-12T17:35:09.524+0000] {taskinstance.py:1382} INFO - Executing <Task(_PythonDecoratedOperator): say_hello> on 2023-04-08 00:00:00+00:00
[2023-09-12T17:35:09.538+0000] {standard_task_runner.py:57} INFO - Started process 1647 to run task
[2023-09-12T17:35:09.575+0000] {standard_task_runner.py:84} INFO - Running: ['***', 'tasks', 'run', 'tasks_relations', 'say_hello', 'scheduled__2023-04-08T00:00:00+00:00', '--job-id', '759', '--raw', '--subdir', 'DAGS_FOLDER/2_tasks_relations.py', '--cfg-path', '/tmp/tmpj4o5k5fz']
[2023-09-12T17:35:09.582+0000] {standard_task_runner.py:85} INFO - Job 759: Subtask say_hello
[2023-09-12T17:35:09.756+0000] {task_command.py:415} INFO - Running <TaskInstance: tasks_relations.say_hello scheduled__2023-04-08T00:00:00+00:00 [running]> on host 0ab7970e0956
[2023-09-12T17:35:10.004+0000] {taskinstance.py:1660} INFO - Exporting env vars: AIRFLOW_CTX_DAG_OWNER='***' AIRFLOW_CTX_DAG_ID='tasks_relations' AIRFLOW_CTX_TASK_ID='say_hello' AIRFLOW_CTX_EXECUTION_DATE='2023-04-08T00:00:00+00:00' AIRFLOW_CTX_TRY_NUMBER='1' AIRFLOW_CTX_DAG_RUN_ID='scheduled__2023-04-08T00:00:00+00:00'
[2023-09-12T17:35:10.008+0000] {logging_mixin.py:151} INFO - hello world
[2023-09-12T17:35:10.011+0000] {python.py:194} INFO - Done. Returned value was: None
[2023-09-12T17:35:10.028+0000] {taskinstance.py:1400} INFO - Marking task as SUCCESS. dag_id=tasks_relations, task_id=say_hello, execution_date=20230408T000000, start_date=20230912T173509, end_date=20230912T173510
[2023-09-12T17:35:10.081+0000] {local_task_job_runner.py:228} INFO - Task exited with return code 0
[2023-09-12T17:35:10.131+0000] {taskinstance.py:2784} INFO - 1 downstream tasks scheduled from follow-on schedule check
