[2023-09-05T15:30:58.140+0000] {taskinstance.py:1159} INFO - Dependencies all met for dep_context=non-requeueable deps ti=<TaskInstance: tasks_relations.say_bye scheduled__2023-08-08T00:00:00+00:00 [queued]>
[2023-09-05T15:30:58.239+0000] {taskinstance.py:1159} INFO - Dependencies all met for dep_context=requeueable deps ti=<TaskInstance: tasks_relations.say_bye scheduled__2023-08-08T00:00:00+00:00 [queued]>
[2023-09-05T15:30:58.246+0000] {taskinstance.py:1361} INFO - Starting attempt 1 of 1
[2023-09-05T15:30:58.314+0000] {taskinstance.py:1382} INFO - Executing <Task(_PythonDecoratedOperator): say_bye> on 2023-08-08 00:00:00+00:00
[2023-09-05T15:30:58.371+0000] {standard_task_runner.py:57} INFO - Started process 1834 to run task
[2023-09-05T15:30:58.416+0000] {standard_task_runner.py:84} INFO - Running: ['***', 'tasks', 'run', 'tasks_relations', 'say_bye', 'scheduled__2023-08-08T00:00:00+00:00', '--job-id', '836', '--raw', '--subdir', 'DAGS_FOLDER/tasks_relations.py', '--cfg-path', '/tmp/tmp0bcxhgdm']
[2023-09-05T15:30:58.436+0000] {standard_task_runner.py:85} INFO - Job 836: Subtask say_bye
[2023-09-05T15:30:58.753+0000] {task_command.py:415} INFO - Running <TaskInstance: tasks_relations.say_bye scheduled__2023-08-08T00:00:00+00:00 [running]> on host ca474790e981
[2023-09-05T15:30:59.361+0000] {taskinstance.py:1660} INFO - Exporting env vars: AIRFLOW_CTX_DAG_OWNER='***' AIRFLOW_CTX_DAG_ID='tasks_relations' AIRFLOW_CTX_TASK_ID='say_bye' AIRFLOW_CTX_EXECUTION_DATE='2023-08-08T00:00:00+00:00' AIRFLOW_CTX_TRY_NUMBER='1' AIRFLOW_CTX_DAG_RUN_ID='scheduled__2023-08-08T00:00:00+00:00'
[2023-09-05T15:30:59.364+0000] {logging_mixin.py:151} INFO - goodbye world
[2023-09-05T15:30:59.375+0000] {python.py:194} INFO - Done. Returned value was: None
[2023-09-05T15:30:59.469+0000] {taskinstance.py:1400} INFO - Marking task as SUCCESS. dag_id=tasks_relations, task_id=say_bye, execution_date=20230808T000000, start_date=20230905T153058, end_date=20230905T153059
[2023-09-05T15:30:59.758+0000] {local_task_job_runner.py:228} INFO - Task exited with return code 0
[2023-09-05T15:30:59.884+0000] {taskinstance.py:2784} INFO - 2 downstream tasks scheduled from follow-on schedule check
[2023-09-12T17:37:29.253+0000] {taskinstance.py:1159} INFO - Dependencies all met for dep_context=non-requeueable deps ti=<TaskInstance: tasks_relations.say_bye scheduled__2023-08-08T00:00:00+00:00 [queued]>
[2023-09-12T17:37:29.301+0000] {taskinstance.py:1159} INFO - Dependencies all met for dep_context=requeueable deps ti=<TaskInstance: tasks_relations.say_bye scheduled__2023-08-08T00:00:00+00:00 [queued]>
[2023-09-12T17:37:29.307+0000] {taskinstance.py:1361} INFO - Starting attempt 1 of 1
[2023-09-12T17:37:29.388+0000] {taskinstance.py:1382} INFO - Executing <Task(_PythonDecoratedOperator): say_bye> on 2023-08-08 00:00:00+00:00
[2023-09-12T17:37:29.415+0000] {standard_task_runner.py:57} INFO - Started process 3329 to run task
[2023-09-12T17:37:29.440+0000] {standard_task_runner.py:84} INFO - Running: ['***', 'tasks', 'run', 'tasks_relations', 'say_bye', 'scheduled__2023-08-08T00:00:00+00:00', '--job-id', '1583', '--raw', '--subdir', 'DAGS_FOLDER/2_tasks_relations.py', '--cfg-path', '/tmp/tmp2nii5ycr']
[2023-09-12T17:37:29.449+0000] {standard_task_runner.py:85} INFO - Job 1583: Subtask say_bye
[2023-09-12T17:37:29.575+0000] {task_command.py:415} INFO - Running <TaskInstance: tasks_relations.say_bye scheduled__2023-08-08T00:00:00+00:00 [running]> on host 0ab7970e0956
[2023-09-12T17:37:29.798+0000] {taskinstance.py:1660} INFO - Exporting env vars: AIRFLOW_CTX_DAG_OWNER='***' AIRFLOW_CTX_DAG_ID='tasks_relations' AIRFLOW_CTX_TASK_ID='say_bye' AIRFLOW_CTX_EXECUTION_DATE='2023-08-08T00:00:00+00:00' AIRFLOW_CTX_TRY_NUMBER='1' AIRFLOW_CTX_DAG_RUN_ID='scheduled__2023-08-08T00:00:00+00:00'
[2023-09-12T17:37:29.801+0000] {logging_mixin.py:151} INFO - goodbye world
[2023-09-12T17:37:29.805+0000] {python.py:194} INFO - Done. Returned value was: None
[2023-09-12T17:37:29.833+0000] {taskinstance.py:1400} INFO - Marking task as SUCCESS. dag_id=tasks_relations, task_id=say_bye, execution_date=20230808T000000, start_date=20230912T173729, end_date=20230912T173729
[2023-09-12T17:37:29.901+0000] {local_task_job_runner.py:228} INFO - Task exited with return code 0
[2023-09-12T17:37:29.932+0000] {taskinstance.py:2784} INFO - 2 downstream tasks scheduled from follow-on schedule check
