[2023-09-05T15:25:12.796+0000] {taskinstance.py:1159} INFO - Dependencies all met for dep_context=non-requeueable deps ti=<TaskInstance: tasks_relations.say_hello scheduled__2023-03-01T00:00:00+00:00 [queued]>
[2023-09-05T15:25:12.817+0000] {taskinstance.py:1159} INFO - Dependencies all met for dep_context=requeueable deps ti=<TaskInstance: tasks_relations.say_hello scheduled__2023-03-01T00:00:00+00:00 [queued]>
[2023-09-05T15:25:12.820+0000] {taskinstance.py:1361} INFO - Starting attempt 1 of 1
[2023-09-05T15:25:12.849+0000] {taskinstance.py:1382} INFO - Executing <Task(_PythonDecoratedOperator): say_hello> on 2023-03-01 00:00:00+00:00
[2023-09-05T15:25:12.864+0000] {standard_task_runner.py:57} INFO - Started process 438 to run task
[2023-09-05T15:25:12.890+0000] {standard_task_runner.py:84} INFO - Running: ['***', 'tasks', 'run', 'tasks_relations', 'say_hello', 'scheduled__2023-03-01T00:00:00+00:00', '--job-id', '181', '--raw', '--subdir', 'DAGS_FOLDER/tasks_relations.py', '--cfg-path', '/tmp/tmplk4wahpw']
[2023-09-05T15:25:12.905+0000] {standard_task_runner.py:85} INFO - Job 181: Subtask say_hello
[2023-09-05T15:25:13.097+0000] {task_command.py:415} INFO - Running <TaskInstance: tasks_relations.say_hello scheduled__2023-03-01T00:00:00+00:00 [running]> on host ca474790e981
[2023-09-05T15:25:13.241+0000] {taskinstance.py:1660} INFO - Exporting env vars: AIRFLOW_CTX_DAG_OWNER='***' AIRFLOW_CTX_DAG_ID='tasks_relations' AIRFLOW_CTX_TASK_ID='say_hello' AIRFLOW_CTX_EXECUTION_DATE='2023-03-01T00:00:00+00:00' AIRFLOW_CTX_TRY_NUMBER='1' AIRFLOW_CTX_DAG_RUN_ID='scheduled__2023-03-01T00:00:00+00:00'
[2023-09-05T15:25:13.243+0000] {logging_mixin.py:151} INFO - hello ***
[2023-09-05T15:25:13.244+0000] {python.py:194} INFO - Done. Returned value was: None
[2023-09-05T15:25:13.264+0000] {taskinstance.py:1400} INFO - Marking task as SUCCESS. dag_id=tasks_relations, task_id=say_hello, execution_date=20230301T000000, start_date=20230905T152512, end_date=20230905T152513
[2023-09-05T15:25:13.309+0000] {local_task_job_runner.py:228} INFO - Task exited with return code 0
[2023-09-05T15:25:13.370+0000] {taskinstance.py:2784} INFO - 1 downstream tasks scheduled from follow-on schedule check
[2023-09-12T17:34:29.948+0000] {taskinstance.py:1159} INFO - Dependencies all met for dep_context=non-requeueable deps ti=<TaskInstance: tasks_relations.say_hello scheduled__2023-03-01T00:00:00+00:00 [queued]>
[2023-09-12T17:34:29.993+0000] {taskinstance.py:1159} INFO - Dependencies all met for dep_context=requeueable deps ti=<TaskInstance: tasks_relations.say_hello scheduled__2023-03-01T00:00:00+00:00 [queued]>
[2023-09-12T17:34:29.998+0000] {taskinstance.py:1361} INFO - Starting attempt 1 of 1
[2023-09-12T17:34:30.071+0000] {taskinstance.py:1382} INFO - Executing <Task(_PythonDecoratedOperator): say_hello> on 2023-03-01 00:00:00+00:00
[2023-09-12T17:34:30.093+0000] {standard_task_runner.py:57} INFO - Started process 1090 to run task
[2023-09-12T17:34:30.140+0000] {standard_task_runner.py:84} INFO - Running: ['***', 'tasks', 'run', 'tasks_relations', 'say_hello', 'scheduled__2023-03-01T00:00:00+00:00', '--job-id', '481', '--raw', '--subdir', 'DAGS_FOLDER/2_tasks_relations.py', '--cfg-path', '/tmp/tmp0pahur20']
[2023-09-12T17:34:30.155+0000] {standard_task_runner.py:85} INFO - Job 481: Subtask say_hello
[2023-09-12T17:34:30.385+0000] {task_command.py:415} INFO - Running <TaskInstance: tasks_relations.say_hello scheduled__2023-03-01T00:00:00+00:00 [running]> on host 0ab7970e0956
[2023-09-12T17:34:30.621+0000] {taskinstance.py:1660} INFO - Exporting env vars: AIRFLOW_CTX_DAG_OWNER='***' AIRFLOW_CTX_DAG_ID='tasks_relations' AIRFLOW_CTX_TASK_ID='say_hello' AIRFLOW_CTX_EXECUTION_DATE='2023-03-01T00:00:00+00:00' AIRFLOW_CTX_TRY_NUMBER='1' AIRFLOW_CTX_DAG_RUN_ID='scheduled__2023-03-01T00:00:00+00:00'
[2023-09-12T17:34:30.624+0000] {logging_mixin.py:151} INFO - hello world
[2023-09-12T17:34:30.624+0000] {python.py:194} INFO - Done. Returned value was: None
[2023-09-12T17:34:30.642+0000] {taskinstance.py:1400} INFO - Marking task as SUCCESS. dag_id=tasks_relations, task_id=say_hello, execution_date=20230301T000000, start_date=20230912T173429, end_date=20230912T173430
[2023-09-12T17:34:30.727+0000] {local_task_job_runner.py:228} INFO - Task exited with return code 0
[2023-09-12T17:34:30.795+0000] {taskinstance.py:2784} INFO - 1 downstream tasks scheduled from follow-on schedule check
