[2023-09-05T15:30:33.093+0000] {taskinstance.py:1159} INFO - Dependencies all met for dep_context=non-requeueable deps ti=<TaskInstance: tasks_relations.this_way scheduled__2023-07-21T00:00:00+00:00 [queued]>
[2023-09-05T15:30:33.161+0000] {taskinstance.py:1159} INFO - Dependencies all met for dep_context=requeueable deps ti=<TaskInstance: tasks_relations.this_way scheduled__2023-07-21T00:00:00+00:00 [queued]>
[2023-09-05T15:30:33.163+0000] {taskinstance.py:1361} INFO - Starting attempt 1 of 1
[2023-09-05T15:30:33.224+0000] {taskinstance.py:1382} INFO - Executing <Task(_PythonDecoratedOperator): this_way> on 2023-07-21 00:00:00+00:00
[2023-09-05T15:30:33.265+0000] {standard_task_runner.py:57} INFO - Started process 1699 to run task
[2023-09-05T15:30:33.287+0000] {standard_task_runner.py:84} INFO - Running: ['***', 'tasks', 'run', 'tasks_relations', 'this_way', 'scheduled__2023-07-21T00:00:00+00:00', '--job-id', '774', '--raw', '--subdir', 'DAGS_FOLDER/tasks_relations.py', '--cfg-path', '/tmp/tmp0023ysvp']
[2023-09-05T15:30:33.296+0000] {standard_task_runner.py:85} INFO - Job 774: Subtask this_way
[2023-09-05T15:30:33.679+0000] {task_command.py:415} INFO - Running <TaskInstance: tasks_relations.this_way scheduled__2023-07-21T00:00:00+00:00 [running]> on host ca474790e981
[2023-09-05T15:30:34.543+0000] {taskinstance.py:1660} INFO - Exporting env vars: AIRFLOW_CTX_DAG_OWNER='***' AIRFLOW_CTX_DAG_ID='tasks_relations' AIRFLOW_CTX_TASK_ID='this_way' AIRFLOW_CTX_EXECUTION_DATE='2023-07-21T00:00:00+00:00' AIRFLOW_CTX_TRY_NUMBER='1' AIRFLOW_CTX_DAG_RUN_ID='scheduled__2023-07-21T00:00:00+00:00'
[2023-09-05T15:30:34.546+0000] {logging_mixin.py:151} INFO - THIS WAY!!!
[2023-09-05T15:30:34.549+0000] {python.py:194} INFO - Done. Returned value was: None
[2023-09-05T15:30:34.670+0000] {taskinstance.py:1400} INFO - Marking task as SUCCESS. dag_id=tasks_relations, task_id=this_way, execution_date=20230721T000000, start_date=20230905T153033, end_date=20230905T153034
[2023-09-05T15:30:34.827+0000] {local_task_job_runner.py:228} INFO - Task exited with return code 0
[2023-09-05T15:30:34.897+0000] {taskinstance.py:2784} INFO - 0 downstream tasks scheduled from follow-on schedule check
[2023-09-12T17:37:13.101+0000] {taskinstance.py:1159} INFO - Dependencies all met for dep_context=non-requeueable deps ti=<TaskInstance: tasks_relations.this_way scheduled__2023-07-21T00:00:00+00:00 [queued]>
[2023-09-12T17:37:13.133+0000] {taskinstance.py:1159} INFO - Dependencies all met for dep_context=requeueable deps ti=<TaskInstance: tasks_relations.this_way scheduled__2023-07-21T00:00:00+00:00 [queued]>
[2023-09-12T17:37:13.137+0000] {taskinstance.py:1361} INFO - Starting attempt 1 of 1
[2023-09-12T17:37:13.189+0000] {taskinstance.py:1382} INFO - Executing <Task(_PythonDecoratedOperator): this_way> on 2023-07-21 00:00:00+00:00
[2023-09-12T17:37:13.201+0000] {standard_task_runner.py:57} INFO - Started process 3155 to run task
[2023-09-12T17:37:13.221+0000] {standard_task_runner.py:84} INFO - Running: ['***', 'tasks', 'run', 'tasks_relations', 'this_way', 'scheduled__2023-07-21T00:00:00+00:00', '--job-id', '1497', '--raw', '--subdir', 'DAGS_FOLDER/2_tasks_relations.py', '--cfg-path', '/tmp/tmppg53apj6']
[2023-09-12T17:37:13.233+0000] {standard_task_runner.py:85} INFO - Job 1497: Subtask this_way
[2023-09-12T17:37:13.417+0000] {task_command.py:415} INFO - Running <TaskInstance: tasks_relations.this_way scheduled__2023-07-21T00:00:00+00:00 [running]> on host 0ab7970e0956
[2023-09-12T17:37:13.687+0000] {taskinstance.py:1660} INFO - Exporting env vars: AIRFLOW_CTX_DAG_OWNER='***' AIRFLOW_CTX_DAG_ID='tasks_relations' AIRFLOW_CTX_TASK_ID='this_way' AIRFLOW_CTX_EXECUTION_DATE='2023-07-21T00:00:00+00:00' AIRFLOW_CTX_TRY_NUMBER='1' AIRFLOW_CTX_DAG_RUN_ID='scheduled__2023-07-21T00:00:00+00:00'
[2023-09-12T17:37:13.692+0000] {logging_mixin.py:151} INFO - THIS WAY!!!
[2023-09-12T17:37:13.692+0000] {python.py:194} INFO - Done. Returned value was: None
[2023-09-12T17:37:13.715+0000] {taskinstance.py:1400} INFO - Marking task as SUCCESS. dag_id=tasks_relations, task_id=this_way, execution_date=20230721T000000, start_date=20230912T173713, end_date=20230912T173713
[2023-09-12T17:37:13.842+0000] {local_task_job_runner.py:228} INFO - Task exited with return code 0
[2023-09-12T17:37:13.917+0000] {taskinstance.py:2784} INFO - 0 downstream tasks scheduled from follow-on schedule check
