[2023-09-05T15:24:35.579+0000] {taskinstance.py:1159} INFO - Dependencies all met for dep_context=non-requeueable deps ti=<TaskInstance: tasks_relations.say_hello scheduled__2023-01-23T00:00:00+00:00 [queued]>
[2023-09-05T15:24:35.598+0000] {taskinstance.py:1159} INFO - Dependencies all met for dep_context=requeueable deps ti=<TaskInstance: tasks_relations.say_hello scheduled__2023-01-23T00:00:00+00:00 [queued]>
[2023-09-05T15:24:35.599+0000] {taskinstance.py:1361} INFO - Starting attempt 1 of 1
[2023-09-05T15:24:35.668+0000] {taskinstance.py:1382} INFO - Executing <Task(_PythonDecoratedOperator): say_hello> on 2023-01-23 00:00:00+00:00
[2023-09-05T15:24:35.699+0000] {standard_task_runner.py:57} INFO - Started process 215 to run task
[2023-09-05T15:24:35.745+0000] {standard_task_runner.py:84} INFO - Running: ['***', 'tasks', 'run', 'tasks_relations', 'say_hello', 'scheduled__2023-01-23T00:00:00+00:00', '--job-id', '71', '--raw', '--subdir', 'DAGS_FOLDER/tasks_relations.py', '--cfg-path', '/tmp/tmpzq6vgnyd']
[2023-09-05T15:24:35.762+0000] {standard_task_runner.py:85} INFO - Job 71: Subtask say_hello
[2023-09-05T15:24:36.000+0000] {task_command.py:415} INFO - Running <TaskInstance: tasks_relations.say_hello scheduled__2023-01-23T00:00:00+00:00 [running]> on host ca474790e981
[2023-09-05T15:24:36.405+0000] {taskinstance.py:1660} INFO - Exporting env vars: AIRFLOW_CTX_DAG_OWNER='***' AIRFLOW_CTX_DAG_ID='tasks_relations' AIRFLOW_CTX_TASK_ID='say_hello' AIRFLOW_CTX_EXECUTION_DATE='2023-01-23T00:00:00+00:00' AIRFLOW_CTX_TRY_NUMBER='1' AIRFLOW_CTX_DAG_RUN_ID='scheduled__2023-01-23T00:00:00+00:00'
[2023-09-05T15:24:36.410+0000] {logging_mixin.py:151} INFO - hello ***
[2023-09-05T15:24:36.411+0000] {python.py:194} INFO - Done. Returned value was: None
[2023-09-05T15:24:36.496+0000] {taskinstance.py:1400} INFO - Marking task as SUCCESS. dag_id=tasks_relations, task_id=say_hello, execution_date=20230123T000000, start_date=20230905T152435, end_date=20230905T152436
[2023-09-05T15:24:36.722+0000] {local_task_job_runner.py:228} INFO - Task exited with return code 0
[2023-09-05T15:24:36.840+0000] {taskinstance.py:2784} INFO - 0 downstream tasks scheduled from follow-on schedule check
[2023-09-12T17:33:23.472+0000] {taskinstance.py:1159} INFO - Dependencies all met for dep_context=non-requeueable deps ti=<TaskInstance: tasks_relations.say_hello scheduled__2023-01-23T00:00:00+00:00 [queued]>
[2023-09-12T17:33:23.551+0000] {taskinstance.py:1159} INFO - Dependencies all met for dep_context=requeueable deps ti=<TaskInstance: tasks_relations.say_hello scheduled__2023-01-23T00:00:00+00:00 [queued]>
[2023-09-12T17:33:23.552+0000] {taskinstance.py:1361} INFO - Starting attempt 1 of 1
[2023-09-12T17:33:23.620+0000] {taskinstance.py:1382} INFO - Executing <Task(_PythonDecoratedOperator): say_hello> on 2023-01-23 00:00:00+00:00
[2023-09-12T17:33:23.637+0000] {standard_task_runner.py:57} INFO - Started process 505 to run task
[2023-09-12T17:33:23.689+0000] {standard_task_runner.py:84} INFO - Running: ['***', 'tasks', 'run', 'tasks_relations', 'say_hello', 'scheduled__2023-01-23T00:00:00+00:00', '--job-id', '199', '--raw', '--subdir', 'DAGS_FOLDER/2_tasks_relations.py', '--cfg-path', '/tmp/tmpfyow9rel']
[2023-09-12T17:33:23.697+0000] {standard_task_runner.py:85} INFO - Job 199: Subtask say_hello
[2023-09-12T17:33:23.900+0000] {task_command.py:415} INFO - Running <TaskInstance: tasks_relations.say_hello scheduled__2023-01-23T00:00:00+00:00 [running]> on host 0ab7970e0956
[2023-09-12T17:33:25.192+0000] {taskinstance.py:1660} INFO - Exporting env vars: AIRFLOW_CTX_DAG_OWNER='***' AIRFLOW_CTX_DAG_ID='tasks_relations' AIRFLOW_CTX_TASK_ID='say_hello' AIRFLOW_CTX_EXECUTION_DATE='2023-01-23T00:00:00+00:00' AIRFLOW_CTX_TRY_NUMBER='1' AIRFLOW_CTX_DAG_RUN_ID='scheduled__2023-01-23T00:00:00+00:00'
[2023-09-12T17:33:25.201+0000] {logging_mixin.py:151} INFO - hello world
[2023-09-12T17:33:25.202+0000] {python.py:194} INFO - Done. Returned value was: None
[2023-09-12T17:33:25.301+0000] {taskinstance.py:1400} INFO - Marking task as SUCCESS. dag_id=tasks_relations, task_id=say_hello, execution_date=20230123T000000, start_date=20230912T173323, end_date=20230912T173325
[2023-09-12T17:33:25.749+0000] {local_task_job_runner.py:228} INFO - Task exited with return code 0
[2023-09-12T17:33:26.790+0000] {taskinstance.py:2784} INFO - 0 downstream tasks scheduled from follow-on schedule check
