[2023-09-05T15:29:52.036+0000] {taskinstance.py:1159} INFO - Dependencies all met for dep_context=non-requeueable deps ti=<TaskInstance: tasks_relations.say_hello scheduled__2023-07-03T00:00:00+00:00 [queued]>
[2023-09-05T15:29:52.089+0000] {taskinstance.py:1159} INFO - Dependencies all met for dep_context=requeueable deps ti=<TaskInstance: tasks_relations.say_hello scheduled__2023-07-03T00:00:00+00:00 [queued]>
[2023-09-05T15:29:52.099+0000] {taskinstance.py:1361} INFO - Starting attempt 1 of 1
[2023-09-05T15:29:52.141+0000] {taskinstance.py:1382} INFO - Executing <Task(_PythonDecoratedOperator): say_hello> on 2023-07-03 00:00:00+00:00
[2023-09-05T15:29:52.159+0000] {standard_task_runner.py:57} INFO - Started process 1437 to run task
[2023-09-05T15:29:52.197+0000] {standard_task_runner.py:84} INFO - Running: ['***', 'tasks', 'run', 'tasks_relations', 'say_hello', 'scheduled__2023-07-03T00:00:00+00:00', '--job-id', '646', '--raw', '--subdir', 'DAGS_FOLDER/tasks_relations.py', '--cfg-path', '/tmp/tmpdqs0hqji']
[2023-09-05T15:29:52.201+0000] {standard_task_runner.py:85} INFO - Job 646: Subtask say_hello
[2023-09-05T15:29:52.582+0000] {task_command.py:415} INFO - Running <TaskInstance: tasks_relations.say_hello scheduled__2023-07-03T00:00:00+00:00 [running]> on host ca474790e981
[2023-09-05T15:29:52.956+0000] {taskinstance.py:1660} INFO - Exporting env vars: AIRFLOW_CTX_DAG_OWNER='***' AIRFLOW_CTX_DAG_ID='tasks_relations' AIRFLOW_CTX_TASK_ID='say_hello' AIRFLOW_CTX_EXECUTION_DATE='2023-07-03T00:00:00+00:00' AIRFLOW_CTX_TRY_NUMBER='1' AIRFLOW_CTX_DAG_RUN_ID='scheduled__2023-07-03T00:00:00+00:00'
[2023-09-05T15:29:52.965+0000] {logging_mixin.py:151} INFO - hello world
[2023-09-05T15:29:52.973+0000] {python.py:194} INFO - Done. Returned value was: None
[2023-09-05T15:29:53.059+0000] {taskinstance.py:1400} INFO - Marking task as SUCCESS. dag_id=tasks_relations, task_id=say_hello, execution_date=20230703T000000, start_date=20230905T152952, end_date=20230905T152953
[2023-09-05T15:29:53.391+0000] {local_task_job_runner.py:228} INFO - Task exited with return code 0
[2023-09-05T15:29:53.626+0000] {taskinstance.py:2784} INFO - 1 downstream tasks scheduled from follow-on schedule check
[2023-09-12T17:36:50.750+0000] {taskinstance.py:1159} INFO - Dependencies all met for dep_context=non-requeueable deps ti=<TaskInstance: tasks_relations.say_hello scheduled__2023-07-03T00:00:00+00:00 [queued]>
[2023-09-12T17:36:50.830+0000] {taskinstance.py:1159} INFO - Dependencies all met for dep_context=requeueable deps ti=<TaskInstance: tasks_relations.say_hello scheduled__2023-07-03T00:00:00+00:00 [queued]>
[2023-09-12T17:36:50.836+0000] {taskinstance.py:1361} INFO - Starting attempt 1 of 1
[2023-09-12T17:36:50.918+0000] {taskinstance.py:1382} INFO - Executing <Task(_PythonDecoratedOperator): say_hello> on 2023-07-03 00:00:00+00:00
[2023-09-12T17:36:50.937+0000] {standard_task_runner.py:57} INFO - Started process 2869 to run task
[2023-09-12T17:36:50.980+0000] {standard_task_runner.py:84} INFO - Running: ['***', 'tasks', 'run', 'tasks_relations', 'say_hello', 'scheduled__2023-07-03T00:00:00+00:00', '--job-id', '1357', '--raw', '--subdir', 'DAGS_FOLDER/2_tasks_relations.py', '--cfg-path', '/tmp/tmp77r0ndw2']
[2023-09-12T17:36:50.992+0000] {standard_task_runner.py:85} INFO - Job 1357: Subtask say_hello
[2023-09-12T17:36:51.185+0000] {task_command.py:415} INFO - Running <TaskInstance: tasks_relations.say_hello scheduled__2023-07-03T00:00:00+00:00 [running]> on host 0ab7970e0956
[2023-09-12T17:36:51.415+0000] {taskinstance.py:1660} INFO - Exporting env vars: AIRFLOW_CTX_DAG_OWNER='***' AIRFLOW_CTX_DAG_ID='tasks_relations' AIRFLOW_CTX_TASK_ID='say_hello' AIRFLOW_CTX_EXECUTION_DATE='2023-07-03T00:00:00+00:00' AIRFLOW_CTX_TRY_NUMBER='1' AIRFLOW_CTX_DAG_RUN_ID='scheduled__2023-07-03T00:00:00+00:00'
[2023-09-12T17:36:51.416+0000] {logging_mixin.py:151} INFO - hello world
[2023-09-12T17:36:51.417+0000] {python.py:194} INFO - Done. Returned value was: None
[2023-09-12T17:36:51.451+0000] {taskinstance.py:1400} INFO - Marking task as SUCCESS. dag_id=tasks_relations, task_id=say_hello, execution_date=20230703T000000, start_date=20230912T173650, end_date=20230912T173651
[2023-09-12T17:36:51.578+0000] {local_task_job_runner.py:228} INFO - Task exited with return code 0
[2023-09-12T17:36:51.635+0000] {taskinstance.py:2784} INFO - 1 downstream tasks scheduled from follow-on schedule check
