[2023-09-05T15:29:41.455+0000] {taskinstance.py:1159} INFO - Dependencies all met for dep_context=non-requeueable deps ti=<TaskInstance: tasks_relations.say_bye scheduled__2023-07-01T00:00:00+00:00 [queued]>
[2023-09-05T15:29:41.627+0000] {taskinstance.py:1159} INFO - Dependencies all met for dep_context=requeueable deps ti=<TaskInstance: tasks_relations.say_bye scheduled__2023-07-01T00:00:00+00:00 [queued]>
[2023-09-05T15:29:41.653+0000] {taskinstance.py:1361} INFO - Starting attempt 1 of 1
[2023-09-05T15:29:41.845+0000] {taskinstance.py:1382} INFO - Executing <Task(_PythonDecoratedOperator): say_bye> on 2023-07-01 00:00:00+00:00
[2023-09-05T15:29:41.895+0000] {standard_task_runner.py:57} INFO - Started process 1389 to run task
[2023-09-05T15:29:41.910+0000] {standard_task_runner.py:84} INFO - Running: ['***', 'tasks', 'run', 'tasks_relations', 'say_bye', 'scheduled__2023-07-01T00:00:00+00:00', '--job-id', '621', '--raw', '--subdir', 'DAGS_FOLDER/tasks_relations.py', '--cfg-path', '/tmp/tmpgxgmi47p']
[2023-09-05T15:29:41.977+0000] {standard_task_runner.py:85} INFO - Job 621: Subtask say_bye
[2023-09-05T15:29:42.303+0000] {task_command.py:415} INFO - Running <TaskInstance: tasks_relations.say_bye scheduled__2023-07-01T00:00:00+00:00 [running]> on host ca474790e981
[2023-09-05T15:29:42.869+0000] {taskinstance.py:1660} INFO - Exporting env vars: AIRFLOW_CTX_DAG_OWNER='***' AIRFLOW_CTX_DAG_ID='tasks_relations' AIRFLOW_CTX_TASK_ID='say_bye' AIRFLOW_CTX_EXECUTION_DATE='2023-07-01T00:00:00+00:00' AIRFLOW_CTX_TRY_NUMBER='1' AIRFLOW_CTX_DAG_RUN_ID='scheduled__2023-07-01T00:00:00+00:00'
[2023-09-05T15:29:42.878+0000] {logging_mixin.py:151} INFO - goodbye world
[2023-09-05T15:29:42.895+0000] {python.py:194} INFO - Done. Returned value was: None
[2023-09-05T15:29:43.001+0000] {taskinstance.py:1400} INFO - Marking task as SUCCESS. dag_id=tasks_relations, task_id=say_bye, execution_date=20230701T000000, start_date=20230905T152941, end_date=20230905T152943
[2023-09-05T15:29:43.251+0000] {local_task_job_runner.py:228} INFO - Task exited with return code 0
[2023-09-05T15:29:43.531+0000] {taskinstance.py:2784} INFO - 2 downstream tasks scheduled from follow-on schedule check
[2023-09-12T17:36:51.938+0000] {taskinstance.py:1159} INFO - Dependencies all met for dep_context=non-requeueable deps ti=<TaskInstance: tasks_relations.say_bye scheduled__2023-07-01T00:00:00+00:00 [queued]>
[2023-09-12T17:36:51.978+0000] {taskinstance.py:1159} INFO - Dependencies all met for dep_context=requeueable deps ti=<TaskInstance: tasks_relations.say_bye scheduled__2023-07-01T00:00:00+00:00 [queued]>
[2023-09-12T17:36:51.982+0000] {taskinstance.py:1361} INFO - Starting attempt 1 of 1
[2023-09-12T17:36:52.038+0000] {taskinstance.py:1382} INFO - Executing <Task(_PythonDecoratedOperator): say_bye> on 2023-07-01 00:00:00+00:00
[2023-09-12T17:36:52.059+0000] {standard_task_runner.py:57} INFO - Started process 2884 to run task
[2023-09-12T17:36:52.082+0000] {standard_task_runner.py:84} INFO - Running: ['***', 'tasks', 'run', 'tasks_relations', 'say_bye', 'scheduled__2023-07-01T00:00:00+00:00', '--job-id', '1363', '--raw', '--subdir', 'DAGS_FOLDER/2_tasks_relations.py', '--cfg-path', '/tmp/tmp8vfjac7s']
[2023-09-12T17:36:52.084+0000] {standard_task_runner.py:85} INFO - Job 1363: Subtask say_bye
[2023-09-12T17:36:52.329+0000] {task_command.py:415} INFO - Running <TaskInstance: tasks_relations.say_bye scheduled__2023-07-01T00:00:00+00:00 [running]> on host 0ab7970e0956
[2023-09-12T17:36:52.546+0000] {taskinstance.py:1660} INFO - Exporting env vars: AIRFLOW_CTX_DAG_OWNER='***' AIRFLOW_CTX_DAG_ID='tasks_relations' AIRFLOW_CTX_TASK_ID='say_bye' AIRFLOW_CTX_EXECUTION_DATE='2023-07-01T00:00:00+00:00' AIRFLOW_CTX_TRY_NUMBER='1' AIRFLOW_CTX_DAG_RUN_ID='scheduled__2023-07-01T00:00:00+00:00'
[2023-09-12T17:36:52.547+0000] {logging_mixin.py:151} INFO - goodbye world
[2023-09-12T17:36:52.548+0000] {python.py:194} INFO - Done. Returned value was: None
[2023-09-12T17:36:52.564+0000] {taskinstance.py:1400} INFO - Marking task as SUCCESS. dag_id=tasks_relations, task_id=say_bye, execution_date=20230701T000000, start_date=20230912T173651, end_date=20230912T173652
[2023-09-12T17:36:52.667+0000] {local_task_job_runner.py:228} INFO - Task exited with return code 0
[2023-09-12T17:36:52.701+0000] {taskinstance.py:2784} INFO - 2 downstream tasks scheduled from follow-on schedule check
