[2023-09-05T15:28:54.134+0000] {taskinstance.py:1159} INFO - Dependencies all met for dep_context=non-requeueable deps ti=<TaskInstance: tasks_relations.say_hello scheduled__2023-06-13T00:00:00+00:00 [queued]>
[2023-09-05T15:28:54.158+0000] {taskinstance.py:1159} INFO - Dependencies all met for dep_context=requeueable deps ti=<TaskInstance: tasks_relations.say_hello scheduled__2023-06-13T00:00:00+00:00 [queued]>
[2023-09-05T15:28:54.202+0000] {taskinstance.py:1361} INFO - Starting attempt 1 of 1
[2023-09-05T15:28:54.893+0000] {taskinstance.py:1382} INFO - Executing <Task(_PythonDecoratedOperator): say_hello> on 2023-06-13 00:00:00+00:00
[2023-09-05T15:28:55.234+0000] {standard_task_runner.py:84} INFO - Running: ['***', 'tasks', 'run', 'tasks_relations', 'say_hello', 'scheduled__2023-06-13T00:00:00+00:00', '--job-id', '516', '--raw', '--subdir', 'DAGS_FOLDER/tasks_relations.py', '--cfg-path', '/tmp/tmpf_w3kktt']
[2023-09-05T15:28:55.220+0000] {standard_task_runner.py:57} INFO - Started process 1172 to run task
[2023-09-05T15:28:55.257+0000] {standard_task_runner.py:85} INFO - Job 516: Subtask say_hello
[2023-09-05T15:28:56.158+0000] {task_command.py:415} INFO - Running <TaskInstance: tasks_relations.say_hello scheduled__2023-06-13T00:00:00+00:00 [running]> on host ca474790e981
[2023-09-05T15:28:56.705+0000] {taskinstance.py:1660} INFO - Exporting env vars: AIRFLOW_CTX_DAG_OWNER='***' AIRFLOW_CTX_DAG_ID='tasks_relations' AIRFLOW_CTX_TASK_ID='say_hello' AIRFLOW_CTX_EXECUTION_DATE='2023-06-13T00:00:00+00:00' AIRFLOW_CTX_TRY_NUMBER='1' AIRFLOW_CTX_DAG_RUN_ID='scheduled__2023-06-13T00:00:00+00:00'
[2023-09-05T15:28:56.711+0000] {logging_mixin.py:151} INFO - hello world
[2023-09-05T15:28:56.725+0000] {python.py:194} INFO - Done. Returned value was: None
[2023-09-05T15:28:56.778+0000] {taskinstance.py:1400} INFO - Marking task as SUCCESS. dag_id=tasks_relations, task_id=say_hello, execution_date=20230613T000000, start_date=20230905T152854, end_date=20230905T152856
[2023-09-05T15:28:56.958+0000] {local_task_job_runner.py:228} INFO - Task exited with return code 0
[2023-09-05T15:28:57.090+0000] {taskinstance.py:2784} INFO - 0 downstream tasks scheduled from follow-on schedule check
[2023-09-12T17:36:31.585+0000] {taskinstance.py:1159} INFO - Dependencies all met for dep_context=non-requeueable deps ti=<TaskInstance: tasks_relations.say_hello scheduled__2023-06-13T00:00:00+00:00 [queued]>
[2023-09-12T17:36:31.605+0000] {taskinstance.py:1159} INFO - Dependencies all met for dep_context=requeueable deps ti=<TaskInstance: tasks_relations.say_hello scheduled__2023-06-13T00:00:00+00:00 [queued]>
[2023-09-12T17:36:31.606+0000] {taskinstance.py:1361} INFO - Starting attempt 1 of 1
[2023-09-12T17:36:31.668+0000] {taskinstance.py:1382} INFO - Executing <Task(_PythonDecoratedOperator): say_hello> on 2023-06-13 00:00:00+00:00
[2023-09-12T17:36:31.676+0000] {standard_task_runner.py:57} INFO - Started process 2647 to run task
[2023-09-12T17:36:31.697+0000] {standard_task_runner.py:84} INFO - Running: ['***', 'tasks', 'run', 'tasks_relations', 'say_hello', 'scheduled__2023-06-13T00:00:00+00:00', '--job-id', '1252', '--raw', '--subdir', 'DAGS_FOLDER/2_tasks_relations.py', '--cfg-path', '/tmp/tmpk_i0g2uz']
[2023-09-12T17:36:31.701+0000] {standard_task_runner.py:85} INFO - Job 1252: Subtask say_hello
[2023-09-12T17:36:31.853+0000] {task_command.py:415} INFO - Running <TaskInstance: tasks_relations.say_hello scheduled__2023-06-13T00:00:00+00:00 [running]> on host 0ab7970e0956
[2023-09-12T17:36:32.145+0000] {taskinstance.py:1660} INFO - Exporting env vars: AIRFLOW_CTX_DAG_OWNER='***' AIRFLOW_CTX_DAG_ID='tasks_relations' AIRFLOW_CTX_TASK_ID='say_hello' AIRFLOW_CTX_EXECUTION_DATE='2023-06-13T00:00:00+00:00' AIRFLOW_CTX_TRY_NUMBER='1' AIRFLOW_CTX_DAG_RUN_ID='scheduled__2023-06-13T00:00:00+00:00'
[2023-09-12T17:36:32.151+0000] {logging_mixin.py:151} INFO - hello world
[2023-09-12T17:36:32.155+0000] {python.py:194} INFO - Done. Returned value was: None
[2023-09-12T17:36:32.190+0000] {taskinstance.py:1400} INFO - Marking task as SUCCESS. dag_id=tasks_relations, task_id=say_hello, execution_date=20230613T000000, start_date=20230912T173631, end_date=20230912T173632
[2023-09-12T17:36:32.273+0000] {local_task_job_runner.py:228} INFO - Task exited with return code 0
[2023-09-12T17:36:32.373+0000] {taskinstance.py:2784} INFO - 1 downstream tasks scheduled from follow-on schedule check
