[2023-09-05T15:25:09.071+0000] {taskinstance.py:1159} INFO - Dependencies all met for dep_context=non-requeueable deps ti=<TaskInstance: tasks_relations.say_hello scheduled__2023-02-21T00:00:00+00:00 [queued]>
[2023-09-05T15:25:09.088+0000] {taskinstance.py:1159} INFO - Dependencies all met for dep_context=requeueable deps ti=<TaskInstance: tasks_relations.say_hello scheduled__2023-02-21T00:00:00+00:00 [queued]>
[2023-09-05T15:25:09.090+0000] {taskinstance.py:1361} INFO - Starting attempt 1 of 1
[2023-09-05T15:25:09.170+0000] {taskinstance.py:1382} INFO - Executing <Task(_PythonDecoratedOperator): say_hello> on 2023-02-21 00:00:00+00:00
[2023-09-05T15:25:09.195+0000] {standard_task_runner.py:57} INFO - Started process 411 to run task
[2023-09-05T15:25:09.218+0000] {standard_task_runner.py:84} INFO - Running: ['***', 'tasks', 'run', 'tasks_relations', 'say_hello', 'scheduled__2023-02-21T00:00:00+00:00', '--job-id', '165', '--raw', '--subdir', 'DAGS_FOLDER/tasks_relations.py', '--cfg-path', '/tmp/tmpvwxxq57q']
[2023-09-05T15:25:09.220+0000] {standard_task_runner.py:85} INFO - Job 165: Subtask say_hello
[2023-09-05T15:25:09.432+0000] {task_command.py:415} INFO - Running <TaskInstance: tasks_relations.say_hello scheduled__2023-02-21T00:00:00+00:00 [running]> on host ca474790e981
[2023-09-05T15:25:09.897+0000] {taskinstance.py:1660} INFO - Exporting env vars: AIRFLOW_CTX_DAG_OWNER='***' AIRFLOW_CTX_DAG_ID='tasks_relations' AIRFLOW_CTX_TASK_ID='say_hello' AIRFLOW_CTX_EXECUTION_DATE='2023-02-21T00:00:00+00:00' AIRFLOW_CTX_TRY_NUMBER='1' AIRFLOW_CTX_DAG_RUN_ID='scheduled__2023-02-21T00:00:00+00:00'
[2023-09-05T15:25:09.903+0000] {logging_mixin.py:151} INFO - hello ***
[2023-09-05T15:25:09.904+0000] {python.py:194} INFO - Done. Returned value was: None
[2023-09-05T15:25:09.927+0000] {taskinstance.py:1400} INFO - Marking task as SUCCESS. dag_id=tasks_relations, task_id=say_hello, execution_date=20230221T000000, start_date=20230905T152509, end_date=20230905T152509
[2023-09-05T15:25:10.103+0000] {local_task_job_runner.py:228} INFO - Task exited with return code 0
[2023-09-05T15:25:10.227+0000] {taskinstance.py:2784} INFO - 1 downstream tasks scheduled from follow-on schedule check
[2023-09-12T17:34:25.671+0000] {taskinstance.py:1159} INFO - Dependencies all met for dep_context=non-requeueable deps ti=<TaskInstance: tasks_relations.say_hello scheduled__2023-02-21T00:00:00+00:00 [queued]>
[2023-09-12T17:34:25.696+0000] {taskinstance.py:1159} INFO - Dependencies all met for dep_context=requeueable deps ti=<TaskInstance: tasks_relations.say_hello scheduled__2023-02-21T00:00:00+00:00 [queued]>
[2023-09-12T17:34:25.697+0000] {taskinstance.py:1361} INFO - Starting attempt 1 of 1
[2023-09-12T17:34:25.722+0000] {taskinstance.py:1382} INFO - Executing <Task(_PythonDecoratedOperator): say_hello> on 2023-02-21 00:00:00+00:00
[2023-09-12T17:34:25.749+0000] {standard_task_runner.py:57} INFO - Started process 1026 to run task
[2023-09-12T17:34:25.780+0000] {standard_task_runner.py:84} INFO - Running: ['***', 'tasks', 'run', 'tasks_relations', 'say_hello', 'scheduled__2023-02-21T00:00:00+00:00', '--job-id', '453', '--raw', '--subdir', 'DAGS_FOLDER/2_tasks_relations.py', '--cfg-path', '/tmp/tmpt6u12xrp']
[2023-09-12T17:34:25.792+0000] {standard_task_runner.py:85} INFO - Job 453: Subtask say_hello
[2023-09-12T17:34:25.945+0000] {task_command.py:415} INFO - Running <TaskInstance: tasks_relations.say_hello scheduled__2023-02-21T00:00:00+00:00 [running]> on host 0ab7970e0956
[2023-09-12T17:34:26.222+0000] {taskinstance.py:1660} INFO - Exporting env vars: AIRFLOW_CTX_DAG_OWNER='***' AIRFLOW_CTX_DAG_ID='tasks_relations' AIRFLOW_CTX_TASK_ID='say_hello' AIRFLOW_CTX_EXECUTION_DATE='2023-02-21T00:00:00+00:00' AIRFLOW_CTX_TRY_NUMBER='1' AIRFLOW_CTX_DAG_RUN_ID='scheduled__2023-02-21T00:00:00+00:00'
[2023-09-12T17:34:26.226+0000] {logging_mixin.py:151} INFO - hello world
[2023-09-12T17:34:26.228+0000] {python.py:194} INFO - Done. Returned value was: None
[2023-09-12T17:34:26.261+0000] {taskinstance.py:1400} INFO - Marking task as SUCCESS. dag_id=tasks_relations, task_id=say_hello, execution_date=20230221T000000, start_date=20230912T173425, end_date=20230912T173426
[2023-09-12T17:34:26.358+0000] {local_task_job_runner.py:228} INFO - Task exited with return code 0
[2023-09-12T17:34:26.415+0000] {taskinstance.py:2784} INFO - 1 downstream tasks scheduled from follow-on schedule check
