[2023-09-05T15:30:57.872+0000] {taskinstance.py:1159} INFO - Dependencies all met for dep_context=non-requeueable deps ti=<TaskInstance: tasks_relations.say_hello scheduled__2023-08-17T00:00:00+00:00 [queued]>
[2023-09-05T15:30:57.940+0000] {taskinstance.py:1159} INFO - Dependencies all met for dep_context=requeueable deps ti=<TaskInstance: tasks_relations.say_hello scheduled__2023-08-17T00:00:00+00:00 [queued]>
[2023-09-05T15:30:57.943+0000] {taskinstance.py:1361} INFO - Starting attempt 1 of 1
[2023-09-05T15:30:58.040+0000] {taskinstance.py:1382} INFO - Executing <Task(_PythonDecoratedOperator): say_hello> on 2023-08-17 00:00:00+00:00
[2023-09-05T15:30:58.082+0000] {standard_task_runner.py:57} INFO - Started process 1830 to run task
[2023-09-05T15:30:58.118+0000] {standard_task_runner.py:84} INFO - Running: ['***', 'tasks', 'run', 'tasks_relations', 'say_hello', 'scheduled__2023-08-17T00:00:00+00:00', '--job-id', '834', '--raw', '--subdir', 'DAGS_FOLDER/tasks_relations.py', '--cfg-path', '/tmp/tmpv3s3fhip']
[2023-09-05T15:30:58.136+0000] {standard_task_runner.py:85} INFO - Job 834: Subtask say_hello
[2023-09-05T15:30:58.460+0000] {task_command.py:415} INFO - Running <TaskInstance: tasks_relations.say_hello scheduled__2023-08-17T00:00:00+00:00 [running]> on host ca474790e981
[2023-09-05T15:30:59.027+0000] {taskinstance.py:1660} INFO - Exporting env vars: AIRFLOW_CTX_DAG_OWNER='***' AIRFLOW_CTX_DAG_ID='tasks_relations' AIRFLOW_CTX_TASK_ID='say_hello' AIRFLOW_CTX_EXECUTION_DATE='2023-08-17T00:00:00+00:00' AIRFLOW_CTX_TRY_NUMBER='1' AIRFLOW_CTX_DAG_RUN_ID='scheduled__2023-08-17T00:00:00+00:00'
[2023-09-05T15:30:59.039+0000] {logging_mixin.py:151} INFO - hello world
[2023-09-05T15:30:59.040+0000] {python.py:194} INFO - Done. Returned value was: None
[2023-09-05T15:30:59.173+0000] {taskinstance.py:1400} INFO - Marking task as SUCCESS. dag_id=tasks_relations, task_id=say_hello, execution_date=20230817T000000, start_date=20230905T153057, end_date=20230905T153059
[2023-09-05T15:30:59.397+0000] {local_task_job_runner.py:228} INFO - Task exited with return code 0
[2023-09-05T15:30:59.572+0000] {taskinstance.py:2784} INFO - 1 downstream tasks scheduled from follow-on schedule check
[2023-09-12T17:37:36.734+0000] {taskinstance.py:1159} INFO - Dependencies all met for dep_context=non-requeueable deps ti=<TaskInstance: tasks_relations.say_hello scheduled__2023-08-17T00:00:00+00:00 [queued]>
[2023-09-12T17:37:36.775+0000] {taskinstance.py:1159} INFO - Dependencies all met for dep_context=requeueable deps ti=<TaskInstance: tasks_relations.say_hello scheduled__2023-08-17T00:00:00+00:00 [queued]>
[2023-09-12T17:37:36.780+0000] {taskinstance.py:1361} INFO - Starting attempt 1 of 1
[2023-09-12T17:37:36.849+0000] {taskinstance.py:1382} INFO - Executing <Task(_PythonDecoratedOperator): say_hello> on 2023-08-17 00:00:00+00:00
[2023-09-12T17:37:36.871+0000] {standard_task_runner.py:57} INFO - Started process 3426 to run task
[2023-09-12T17:37:36.919+0000] {standard_task_runner.py:84} INFO - Running: ['***', 'tasks', 'run', 'tasks_relations', 'say_hello', 'scheduled__2023-08-17T00:00:00+00:00', '--job-id', '1633', '--raw', '--subdir', 'DAGS_FOLDER/2_tasks_relations.py', '--cfg-path', '/tmp/tmpkro5rg4r']
[2023-09-12T17:37:36.924+0000] {standard_task_runner.py:85} INFO - Job 1633: Subtask say_hello
[2023-09-12T17:37:37.164+0000] {task_command.py:415} INFO - Running <TaskInstance: tasks_relations.say_hello scheduled__2023-08-17T00:00:00+00:00 [running]> on host 0ab7970e0956
[2023-09-12T17:37:37.511+0000] {taskinstance.py:1660} INFO - Exporting env vars: AIRFLOW_CTX_DAG_OWNER='***' AIRFLOW_CTX_DAG_ID='tasks_relations' AIRFLOW_CTX_TASK_ID='say_hello' AIRFLOW_CTX_EXECUTION_DATE='2023-08-17T00:00:00+00:00' AIRFLOW_CTX_TRY_NUMBER='1' AIRFLOW_CTX_DAG_RUN_ID='scheduled__2023-08-17T00:00:00+00:00'
[2023-09-12T17:37:37.520+0000] {logging_mixin.py:151} INFO - hello world
[2023-09-12T17:37:37.522+0000] {python.py:194} INFO - Done. Returned value was: None
[2023-09-12T17:37:37.549+0000] {taskinstance.py:1400} INFO - Marking task as SUCCESS. dag_id=tasks_relations, task_id=say_hello, execution_date=20230817T000000, start_date=20230912T173736, end_date=20230912T173737
[2023-09-12T17:37:37.646+0000] {local_task_job_runner.py:228} INFO - Task exited with return code 0
[2023-09-12T17:37:37.715+0000] {taskinstance.py:2784} INFO - 1 downstream tasks scheduled from follow-on schedule check
