[2023-09-05T15:31:23.014+0000] {taskinstance.py:1159} INFO - Dependencies all met for dep_context=non-requeueable deps ti=<TaskInstance: tasks_relations.say_hello scheduled__2023-08-28T00:00:00+00:00 [queued]>
[2023-09-05T15:31:23.091+0000] {taskinstance.py:1159} INFO - Dependencies all met for dep_context=requeueable deps ti=<TaskInstance: tasks_relations.say_hello scheduled__2023-08-28T00:00:00+00:00 [queued]>
[2023-09-05T15:31:23.093+0000] {taskinstance.py:1361} INFO - Starting attempt 1 of 1
[2023-09-05T15:31:23.154+0000] {taskinstance.py:1382} INFO - Executing <Task(_PythonDecoratedOperator): say_hello> on 2023-08-28 00:00:00+00:00
[2023-09-05T15:31:23.165+0000] {standard_task_runner.py:57} INFO - Started process 1980 to run task
[2023-09-05T15:31:23.219+0000] {standard_task_runner.py:84} INFO - Running: ['***', 'tasks', 'run', 'tasks_relations', 'say_hello', 'scheduled__2023-08-28T00:00:00+00:00', '--job-id', '906', '--raw', '--subdir', 'DAGS_FOLDER/tasks_relations.py', '--cfg-path', '/tmp/tmp_esh5ajf']
[2023-09-05T15:31:23.228+0000] {standard_task_runner.py:85} INFO - Job 906: Subtask say_hello
[2023-09-05T15:31:23.579+0000] {task_command.py:415} INFO - Running <TaskInstance: tasks_relations.say_hello scheduled__2023-08-28T00:00:00+00:00 [running]> on host ca474790e981
[2023-09-05T15:31:24.142+0000] {taskinstance.py:1660} INFO - Exporting env vars: AIRFLOW_CTX_DAG_OWNER='***' AIRFLOW_CTX_DAG_ID='tasks_relations' AIRFLOW_CTX_TASK_ID='say_hello' AIRFLOW_CTX_EXECUTION_DATE='2023-08-28T00:00:00+00:00' AIRFLOW_CTX_TRY_NUMBER='1' AIRFLOW_CTX_DAG_RUN_ID='scheduled__2023-08-28T00:00:00+00:00'
[2023-09-05T15:31:24.161+0000] {logging_mixin.py:151} INFO - hello world
[2023-09-05T15:31:24.174+0000] {python.py:194} INFO - Done. Returned value was: None
[2023-09-05T15:31:24.225+0000] {taskinstance.py:1400} INFO - Marking task as SUCCESS. dag_id=tasks_relations, task_id=say_hello, execution_date=20230828T000000, start_date=20230905T153123, end_date=20230905T153124
[2023-09-05T15:31:24.503+0000] {local_task_job_runner.py:228} INFO - Task exited with return code 0
[2023-09-05T15:31:24.782+0000] {taskinstance.py:2784} INFO - 0 downstream tasks scheduled from follow-on schedule check
[2023-09-12T17:37:47.717+0000] {taskinstance.py:1159} INFO - Dependencies all met for dep_context=non-requeueable deps ti=<TaskInstance: tasks_relations.say_hello scheduled__2023-08-28T00:00:00+00:00 [queued]>
[2023-09-12T17:37:47.756+0000] {taskinstance.py:1159} INFO - Dependencies all met for dep_context=requeueable deps ti=<TaskInstance: tasks_relations.say_hello scheduled__2023-08-28T00:00:00+00:00 [queued]>
[2023-09-12T17:37:47.756+0000] {taskinstance.py:1361} INFO - Starting attempt 1 of 1
[2023-09-12T17:37:47.810+0000] {taskinstance.py:1382} INFO - Executing <Task(_PythonDecoratedOperator): say_hello> on 2023-08-28 00:00:00+00:00
[2023-09-12T17:37:47.834+0000] {standard_task_runner.py:57} INFO - Started process 3531 to run task
[2023-09-12T17:37:47.852+0000] {standard_task_runner.py:84} INFO - Running: ['***', 'tasks', 'run', 'tasks_relations', 'say_hello', 'scheduled__2023-08-28T00:00:00+00:00', '--job-id', '1683', '--raw', '--subdir', 'DAGS_FOLDER/2_tasks_relations.py', '--cfg-path', '/tmp/tmp7mb00gni']
[2023-09-12T17:37:47.868+0000] {standard_task_runner.py:85} INFO - Job 1683: Subtask say_hello
[2023-09-12T17:37:48.056+0000] {task_command.py:415} INFO - Running <TaskInstance: tasks_relations.say_hello scheduled__2023-08-28T00:00:00+00:00 [running]> on host 0ab7970e0956
[2023-09-12T17:37:48.484+0000] {taskinstance.py:1660} INFO - Exporting env vars: AIRFLOW_CTX_DAG_OWNER='***' AIRFLOW_CTX_DAG_ID='tasks_relations' AIRFLOW_CTX_TASK_ID='say_hello' AIRFLOW_CTX_EXECUTION_DATE='2023-08-28T00:00:00+00:00' AIRFLOW_CTX_TRY_NUMBER='1' AIRFLOW_CTX_DAG_RUN_ID='scheduled__2023-08-28T00:00:00+00:00'
[2023-09-12T17:37:48.496+0000] {logging_mixin.py:151} INFO - hello world
[2023-09-12T17:37:48.510+0000] {python.py:194} INFO - Done. Returned value was: None
[2023-09-12T17:37:48.535+0000] {taskinstance.py:1400} INFO - Marking task as SUCCESS. dag_id=tasks_relations, task_id=say_hello, execution_date=20230828T000000, start_date=20230912T173747, end_date=20230912T173748
[2023-09-12T17:37:48.636+0000] {local_task_job_runner.py:228} INFO - Task exited with return code 0
[2023-09-12T17:37:48.687+0000] {taskinstance.py:2784} INFO - 1 downstream tasks scheduled from follow-on schedule check
