[2023-09-05T15:27:36.698+0000] {taskinstance.py:1159} INFO - Dependencies all met for dep_context=non-requeueable deps ti=<TaskInstance: tasks_relations.say_hello scheduled__2023-05-21T00:00:00+00:00 [queued]>
[2023-09-05T15:27:36.724+0000] {taskinstance.py:1159} INFO - Dependencies all met for dep_context=requeueable deps ti=<TaskInstance: tasks_relations.say_hello scheduled__2023-05-21T00:00:00+00:00 [queued]>
[2023-09-05T15:27:36.774+0000] {taskinstance.py:1361} INFO - Starting attempt 1 of 1
[2023-09-05T15:27:37.052+0000] {taskinstance.py:1382} INFO - Executing <Task(_PythonDecoratedOperator): say_hello> on 2023-05-21 00:00:00+00:00
[2023-09-05T15:27:37.135+0000] {standard_task_runner.py:57} INFO - Started process 941 to run task
[2023-09-05T15:27:37.224+0000] {standard_task_runner.py:84} INFO - Running: ['***', 'tasks', 'run', 'tasks_relations', 'say_hello', 'scheduled__2023-05-21T00:00:00+00:00', '--job-id', '407', '--raw', '--subdir', 'DAGS_FOLDER/tasks_relations.py', '--cfg-path', '/tmp/tmp30pevlfr']
[2023-09-05T15:27:37.262+0000] {standard_task_runner.py:85} INFO - Job 407: Subtask say_hello
[2023-09-05T15:27:38.062+0000] {task_command.py:415} INFO - Running <TaskInstance: tasks_relations.say_hello scheduled__2023-05-21T00:00:00+00:00 [running]> on host ca474790e981
[2023-09-05T15:27:39.465+0000] {taskinstance.py:1660} INFO - Exporting env vars: AIRFLOW_CTX_DAG_OWNER='***' AIRFLOW_CTX_DAG_ID='tasks_relations' AIRFLOW_CTX_TASK_ID='say_hello' AIRFLOW_CTX_EXECUTION_DATE='2023-05-21T00:00:00+00:00' AIRFLOW_CTX_TRY_NUMBER='1' AIRFLOW_CTX_DAG_RUN_ID='scheduled__2023-05-21T00:00:00+00:00'
[2023-09-05T15:27:39.480+0000] {logging_mixin.py:151} INFO - hello world
[2023-09-05T15:27:39.483+0000] {python.py:194} INFO - Done. Returned value was: None
[2023-09-05T15:27:39.595+0000] {taskinstance.py:1400} INFO - Marking task as SUCCESS. dag_id=tasks_relations, task_id=say_hello, execution_date=20230521T000000, start_date=20230905T152736, end_date=20230905T152739
[2023-09-05T15:27:40.151+0000] {local_task_job_runner.py:228} INFO - Task exited with return code 0
[2023-09-05T15:27:41.189+0000] {taskinstance.py:2784} INFO - 0 downstream tasks scheduled from follow-on schedule check
[2023-09-12T17:36:00.055+0000] {taskinstance.py:1159} INFO - Dependencies all met for dep_context=non-requeueable deps ti=<TaskInstance: tasks_relations.say_hello scheduled__2023-05-21T00:00:00+00:00 [queued]>
[2023-09-12T17:36:00.117+0000] {taskinstance.py:1159} INFO - Dependencies all met for dep_context=requeueable deps ti=<TaskInstance: tasks_relations.say_hello scheduled__2023-05-21T00:00:00+00:00 [queued]>
[2023-09-12T17:36:00.122+0000] {taskinstance.py:1361} INFO - Starting attempt 1 of 1
[2023-09-12T17:36:00.175+0000] {taskinstance.py:1382} INFO - Executing <Task(_PythonDecoratedOperator): say_hello> on 2023-05-21 00:00:00+00:00
[2023-09-12T17:36:00.211+0000] {standard_task_runner.py:57} INFO - Started process 2305 to run task
[2023-09-12T17:36:00.246+0000] {standard_task_runner.py:84} INFO - Running: ['***', 'tasks', 'run', 'tasks_relations', 'say_hello', 'scheduled__2023-05-21T00:00:00+00:00', '--job-id', '1083', '--raw', '--subdir', 'DAGS_FOLDER/2_tasks_relations.py', '--cfg-path', '/tmp/tmpbviry3fd']
[2023-09-12T17:36:00.261+0000] {standard_task_runner.py:85} INFO - Job 1083: Subtask say_hello
[2023-09-12T17:36:00.424+0000] {task_command.py:415} INFO - Running <TaskInstance: tasks_relations.say_hello scheduled__2023-05-21T00:00:00+00:00 [running]> on host 0ab7970e0956
[2023-09-12T17:36:00.720+0000] {taskinstance.py:1660} INFO - Exporting env vars: AIRFLOW_CTX_DAG_OWNER='***' AIRFLOW_CTX_DAG_ID='tasks_relations' AIRFLOW_CTX_TASK_ID='say_hello' AIRFLOW_CTX_EXECUTION_DATE='2023-05-21T00:00:00+00:00' AIRFLOW_CTX_TRY_NUMBER='1' AIRFLOW_CTX_DAG_RUN_ID='scheduled__2023-05-21T00:00:00+00:00'
[2023-09-12T17:36:00.726+0000] {logging_mixin.py:151} INFO - hello world
[2023-09-12T17:36:00.726+0000] {python.py:194} INFO - Done. Returned value was: None
[2023-09-12T17:36:00.745+0000] {taskinstance.py:1400} INFO - Marking task as SUCCESS. dag_id=tasks_relations, task_id=say_hello, execution_date=20230521T000000, start_date=20230912T173600, end_date=20230912T173600
[2023-09-12T17:36:00.825+0000] {local_task_job_runner.py:228} INFO - Task exited with return code 0
[2023-09-12T17:36:00.859+0000] {taskinstance.py:2784} INFO - 1 downstream tasks scheduled from follow-on schedule check
