[2023-09-05T15:24:43.840+0000] {taskinstance.py:1159} INFO - Dependencies all met for dep_context=non-requeueable deps ti=<TaskInstance: tasks_relations.say_bye scheduled__2023-01-29T00:00:00+00:00 [queued]>
[2023-09-05T15:24:43.849+0000] {taskinstance.py:1159} INFO - Dependencies all met for dep_context=requeueable deps ti=<TaskInstance: tasks_relations.say_bye scheduled__2023-01-29T00:00:00+00:00 [queued]>
[2023-09-05T15:24:43.850+0000] {taskinstance.py:1361} INFO - Starting attempt 1 of 1
[2023-09-05T15:24:43.867+0000] {taskinstance.py:1382} INFO - Executing <Task(_PythonDecoratedOperator): say_bye> on 2023-01-29 00:00:00+00:00
[2023-09-05T15:24:43.883+0000] {standard_task_runner.py:57} INFO - Started process 265 to run task
[2023-09-05T15:24:43.895+0000] {standard_task_runner.py:84} INFO - Running: ['***', 'tasks', 'run', 'tasks_relations', 'say_bye', 'scheduled__2023-01-29T00:00:00+00:00', '--job-id', '99', '--raw', '--subdir', 'DAGS_FOLDER/tasks_relations.py', '--cfg-path', '/tmp/tmpsx44hauj']
[2023-09-05T15:24:43.902+0000] {standard_task_runner.py:85} INFO - Job 99: Subtask say_bye
[2023-09-05T15:24:44.038+0000] {task_command.py:415} INFO - Running <TaskInstance: tasks_relations.say_bye scheduled__2023-01-29T00:00:00+00:00 [running]> on host ca474790e981
[2023-09-05T15:24:44.153+0000] {taskinstance.py:1660} INFO - Exporting env vars: AIRFLOW_CTX_DAG_OWNER='***' AIRFLOW_CTX_DAG_ID='tasks_relations' AIRFLOW_CTX_TASK_ID='say_bye' AIRFLOW_CTX_EXECUTION_DATE='2023-01-29T00:00:00+00:00' AIRFLOW_CTX_TRY_NUMBER='1' AIRFLOW_CTX_DAG_RUN_ID='scheduled__2023-01-29T00:00:00+00:00'
[2023-09-05T15:24:44.155+0000] {logging_mixin.py:151} INFO - goodbye ***
[2023-09-05T15:24:44.155+0000] {python.py:194} INFO - Done. Returned value was: None
[2023-09-05T15:24:44.173+0000] {taskinstance.py:1400} INFO - Marking task as SUCCESS. dag_id=tasks_relations, task_id=say_bye, execution_date=20230129T000000, start_date=20230905T152443, end_date=20230905T152444
[2023-09-05T15:24:44.232+0000] {local_task_job_runner.py:228} INFO - Task exited with return code 0
[2023-09-05T15:24:44.247+0000] {taskinstance.py:2784} INFO - 0 downstream tasks scheduled from follow-on schedule check
[2023-09-12T17:33:43.702+0000] {taskinstance.py:1159} INFO - Dependencies all met for dep_context=non-requeueable deps ti=<TaskInstance: tasks_relations.say_bye scheduled__2023-01-29T00:00:00+00:00 [queued]>
[2023-09-12T17:33:43.814+0000] {taskinstance.py:1159} INFO - Dependencies all met for dep_context=requeueable deps ti=<TaskInstance: tasks_relations.say_bye scheduled__2023-01-29T00:00:00+00:00 [queued]>
[2023-09-12T17:33:43.818+0000] {taskinstance.py:1361} INFO - Starting attempt 1 of 1
[2023-09-12T17:33:44.001+0000] {taskinstance.py:1382} INFO - Executing <Task(_PythonDecoratedOperator): say_bye> on 2023-01-29 00:00:00+00:00
[2023-09-12T17:33:44.125+0000] {standard_task_runner.py:57} INFO - Started process 589 to run task
[2023-09-12T17:33:44.186+0000] {standard_task_runner.py:84} INFO - Running: ['***', 'tasks', 'run', 'tasks_relations', 'say_bye', 'scheduled__2023-01-29T00:00:00+00:00', '--job-id', '234', '--raw', '--subdir', 'DAGS_FOLDER/2_tasks_relations.py', '--cfg-path', '/tmp/tmp97rusfa5']
[2023-09-12T17:33:44.223+0000] {standard_task_runner.py:85} INFO - Job 234: Subtask say_bye
[2023-09-12T17:33:45.406+0000] {task_command.py:415} INFO - Running <TaskInstance: tasks_relations.say_bye scheduled__2023-01-29T00:00:00+00:00 [running]> on host 0ab7970e0956
[2023-09-12T17:33:46.685+0000] {taskinstance.py:1660} INFO - Exporting env vars: AIRFLOW_CTX_DAG_OWNER='***' AIRFLOW_CTX_DAG_ID='tasks_relations' AIRFLOW_CTX_TASK_ID='say_bye' AIRFLOW_CTX_EXECUTION_DATE='2023-01-29T00:00:00+00:00' AIRFLOW_CTX_TRY_NUMBER='1' AIRFLOW_CTX_DAG_RUN_ID='scheduled__2023-01-29T00:00:00+00:00'
[2023-09-12T17:33:46.708+0000] {logging_mixin.py:151} INFO - goodbye world
[2023-09-12T17:33:46.715+0000] {python.py:194} INFO - Done. Returned value was: None
[2023-09-12T17:33:46.849+0000] {taskinstance.py:1400} INFO - Marking task as SUCCESS. dag_id=tasks_relations, task_id=say_bye, execution_date=20230129T000000, start_date=20230912T173343, end_date=20230912T173346
[2023-09-12T17:33:47.470+0000] {local_task_job_runner.py:228} INFO - Task exited with return code 0
[2023-09-12T17:33:48.081+0000] {taskinstance.py:2784} INFO - 0 downstream tasks scheduled from follow-on schedule check
