[2023-09-05T15:27:54.360+0000] {taskinstance.py:1159} INFO - Dependencies all met for dep_context=non-requeueable deps ti=<TaskInstance: tasks_relations.say_bye scheduled__2023-05-25T00:00:00+00:00 [queued]>
[2023-09-05T15:27:54.467+0000] {taskinstance.py:1159} INFO - Dependencies all met for dep_context=requeueable deps ti=<TaskInstance: tasks_relations.say_bye scheduled__2023-05-25T00:00:00+00:00 [queued]>
[2023-09-05T15:27:54.468+0000] {taskinstance.py:1361} INFO - Starting attempt 1 of 1
[2023-09-05T15:27:54.634+0000] {taskinstance.py:1382} INFO - Executing <Task(_PythonDecoratedOperator): say_bye> on 2023-05-25 00:00:00+00:00
[2023-09-05T15:27:54.669+0000] {standard_task_runner.py:57} INFO - Started process 996 to run task
[2023-09-05T15:27:54.753+0000] {standard_task_runner.py:84} INFO - Running: ['***', 'tasks', 'run', 'tasks_relations', 'say_bye', 'scheduled__2023-05-25T00:00:00+00:00', '--job-id', '436', '--raw', '--subdir', 'DAGS_FOLDER/tasks_relations.py', '--cfg-path', '/tmp/tmpu5pdprk9']
[2023-09-05T15:27:54.799+0000] {standard_task_runner.py:85} INFO - Job 436: Subtask say_bye
[2023-09-05T15:27:56.155+0000] {task_command.py:415} INFO - Running <TaskInstance: tasks_relations.say_bye scheduled__2023-05-25T00:00:00+00:00 [running]> on host ca474790e981
[2023-09-05T15:27:57.154+0000] {taskinstance.py:1660} INFO - Exporting env vars: AIRFLOW_CTX_DAG_OWNER='***' AIRFLOW_CTX_DAG_ID='tasks_relations' AIRFLOW_CTX_TASK_ID='say_bye' AIRFLOW_CTX_EXECUTION_DATE='2023-05-25T00:00:00+00:00' AIRFLOW_CTX_TRY_NUMBER='1' AIRFLOW_CTX_DAG_RUN_ID='scheduled__2023-05-25T00:00:00+00:00'
[2023-09-05T15:27:57.165+0000] {logging_mixin.py:151} INFO - goodbye world
[2023-09-05T15:27:57.171+0000] {python.py:194} INFO - Done. Returned value was: None
[2023-09-05T15:27:57.247+0000] {taskinstance.py:1400} INFO - Marking task as SUCCESS. dag_id=tasks_relations, task_id=say_bye, execution_date=20230525T000000, start_date=20230905T152754, end_date=20230905T152757
[2023-09-05T15:27:57.513+0000] {local_task_job_runner.py:228} INFO - Task exited with return code 0
[2023-09-05T15:27:57.762+0000] {taskinstance.py:2784} INFO - 2 downstream tasks scheduled from follow-on schedule check
[2023-09-12T17:36:04.733+0000] {taskinstance.py:1159} INFO - Dependencies all met for dep_context=non-requeueable deps ti=<TaskInstance: tasks_relations.say_bye scheduled__2023-05-25T00:00:00+00:00 [queued]>
[2023-09-12T17:36:04.756+0000] {taskinstance.py:1159} INFO - Dependencies all met for dep_context=requeueable deps ti=<TaskInstance: tasks_relations.say_bye scheduled__2023-05-25T00:00:00+00:00 [queued]>
[2023-09-12T17:36:04.760+0000] {taskinstance.py:1361} INFO - Starting attempt 1 of 1
[2023-09-12T17:36:04.807+0000] {taskinstance.py:1382} INFO - Executing <Task(_PythonDecoratedOperator): say_bye> on 2023-05-25 00:00:00+00:00
[2023-09-12T17:36:04.845+0000] {standard_task_runner.py:57} INFO - Started process 2374 to run task
[2023-09-12T17:36:04.888+0000] {standard_task_runner.py:84} INFO - Running: ['***', 'tasks', 'run', 'tasks_relations', 'say_bye', 'scheduled__2023-05-25T00:00:00+00:00', '--job-id', '1114', '--raw', '--subdir', 'DAGS_FOLDER/2_tasks_relations.py', '--cfg-path', '/tmp/tmpi6bqckzt']
[2023-09-12T17:36:04.906+0000] {standard_task_runner.py:85} INFO - Job 1114: Subtask say_bye
[2023-09-12T17:36:05.183+0000] {task_command.py:415} INFO - Running <TaskInstance: tasks_relations.say_bye scheduled__2023-05-25T00:00:00+00:00 [running]> on host 0ab7970e0956
[2023-09-12T17:36:05.438+0000] {taskinstance.py:1660} INFO - Exporting env vars: AIRFLOW_CTX_DAG_OWNER='***' AIRFLOW_CTX_DAG_ID='tasks_relations' AIRFLOW_CTX_TASK_ID='say_bye' AIRFLOW_CTX_EXECUTION_DATE='2023-05-25T00:00:00+00:00' AIRFLOW_CTX_TRY_NUMBER='1' AIRFLOW_CTX_DAG_RUN_ID='scheduled__2023-05-25T00:00:00+00:00'
[2023-09-12T17:36:05.441+0000] {logging_mixin.py:151} INFO - goodbye world
[2023-09-12T17:36:05.451+0000] {python.py:194} INFO - Done. Returned value was: None
[2023-09-12T17:36:05.480+0000] {taskinstance.py:1400} INFO - Marking task as SUCCESS. dag_id=tasks_relations, task_id=say_bye, execution_date=20230525T000000, start_date=20230912T173604, end_date=20230912T173605
[2023-09-12T17:36:05.598+0000] {local_task_job_runner.py:228} INFO - Task exited with return code 0
[2023-09-12T17:36:05.685+0000] {taskinstance.py:2784} INFO - 2 downstream tasks scheduled from follow-on schedule check
