[2023-09-05T15:30:02.553+0000] {taskinstance.py:1159} INFO - Dependencies all met for dep_context=non-requeueable deps ti=<TaskInstance: tasks_relations.this_way scheduled__2023-07-02T00:00:00+00:00 [queued]>
[2023-09-05T15:30:02.586+0000] {taskinstance.py:1159} INFO - Dependencies all met for dep_context=requeueable deps ti=<TaskInstance: tasks_relations.this_way scheduled__2023-07-02T00:00:00+00:00 [queued]>
[2023-09-05T15:30:02.587+0000] {taskinstance.py:1361} INFO - Starting attempt 1 of 1
[2023-09-05T15:30:02.667+0000] {taskinstance.py:1382} INFO - Executing <Task(_PythonDecoratedOperator): this_way> on 2023-07-02 00:00:00+00:00
[2023-09-05T15:30:02.692+0000] {standard_task_runner.py:57} INFO - Started process 1508 to run task
[2023-09-05T15:30:02.748+0000] {standard_task_runner.py:84} INFO - Running: ['***', 'tasks', 'run', 'tasks_relations', 'this_way', 'scheduled__2023-07-02T00:00:00+00:00', '--job-id', '680', '--raw', '--subdir', 'DAGS_FOLDER/tasks_relations.py', '--cfg-path', '/tmp/tmp2kf9z14u']
[2023-09-05T15:30:02.766+0000] {standard_task_runner.py:85} INFO - Job 680: Subtask this_way
[2023-09-05T15:30:03.184+0000] {task_command.py:415} INFO - Running <TaskInstance: tasks_relations.this_way scheduled__2023-07-02T00:00:00+00:00 [running]> on host ca474790e981
[2023-09-05T15:30:03.709+0000] {taskinstance.py:1660} INFO - Exporting env vars: AIRFLOW_CTX_DAG_OWNER='***' AIRFLOW_CTX_DAG_ID='tasks_relations' AIRFLOW_CTX_TASK_ID='this_way' AIRFLOW_CTX_EXECUTION_DATE='2023-07-02T00:00:00+00:00' AIRFLOW_CTX_TRY_NUMBER='1' AIRFLOW_CTX_DAG_RUN_ID='scheduled__2023-07-02T00:00:00+00:00'
[2023-09-05T15:30:03.727+0000] {logging_mixin.py:151} INFO - THIS WAY!!!
[2023-09-05T15:30:03.737+0000] {python.py:194} INFO - Done. Returned value was: None
[2023-09-05T15:30:03.809+0000] {taskinstance.py:1400} INFO - Marking task as SUCCESS. dag_id=tasks_relations, task_id=this_way, execution_date=20230702T000000, start_date=20230905T153002, end_date=20230905T153003
[2023-09-05T15:30:04.097+0000] {local_task_job_runner.py:228} INFO - Task exited with return code 0
[2023-09-05T15:30:04.178+0000] {taskinstance.py:2784} INFO - 0 downstream tasks scheduled from follow-on schedule check
[2023-09-12T17:36:56.201+0000] {taskinstance.py:1159} INFO - Dependencies all met for dep_context=non-requeueable deps ti=<TaskInstance: tasks_relations.this_way scheduled__2023-07-02T00:00:00+00:00 [queued]>
[2023-09-12T17:36:56.255+0000] {taskinstance.py:1159} INFO - Dependencies all met for dep_context=requeueable deps ti=<TaskInstance: tasks_relations.this_way scheduled__2023-07-02T00:00:00+00:00 [queued]>
[2023-09-12T17:36:56.257+0000] {taskinstance.py:1361} INFO - Starting attempt 1 of 1
[2023-09-12T17:36:56.314+0000] {taskinstance.py:1382} INFO - Executing <Task(_PythonDecoratedOperator): this_way> on 2023-07-02 00:00:00+00:00
[2023-09-12T17:36:56.324+0000] {standard_task_runner.py:57} INFO - Started process 2942 to run task
[2023-09-12T17:36:56.387+0000] {standard_task_runner.py:84} INFO - Running: ['***', 'tasks', 'run', 'tasks_relations', 'this_way', 'scheduled__2023-07-02T00:00:00+00:00', '--job-id', '1393', '--raw', '--subdir', 'DAGS_FOLDER/2_tasks_relations.py', '--cfg-path', '/tmp/tmp3by_wg02']
[2023-09-12T17:36:56.395+0000] {standard_task_runner.py:85} INFO - Job 1393: Subtask this_way
[2023-09-12T17:36:56.627+0000] {task_command.py:415} INFO - Running <TaskInstance: tasks_relations.this_way scheduled__2023-07-02T00:00:00+00:00 [running]> on host 0ab7970e0956
[2023-09-12T17:36:56.829+0000] {taskinstance.py:1660} INFO - Exporting env vars: AIRFLOW_CTX_DAG_OWNER='***' AIRFLOW_CTX_DAG_ID='tasks_relations' AIRFLOW_CTX_TASK_ID='this_way' AIRFLOW_CTX_EXECUTION_DATE='2023-07-02T00:00:00+00:00' AIRFLOW_CTX_TRY_NUMBER='1' AIRFLOW_CTX_DAG_RUN_ID='scheduled__2023-07-02T00:00:00+00:00'
[2023-09-12T17:36:56.831+0000] {logging_mixin.py:151} INFO - THIS WAY!!!
[2023-09-12T17:36:56.832+0000] {python.py:194} INFO - Done. Returned value was: None
[2023-09-12T17:36:56.847+0000] {taskinstance.py:1400} INFO - Marking task as SUCCESS. dag_id=tasks_relations, task_id=this_way, execution_date=20230702T000000, start_date=20230912T173656, end_date=20230912T173656
[2023-09-12T17:36:56.885+0000] {local_task_job_runner.py:228} INFO - Task exited with return code 0
[2023-09-12T17:36:56.912+0000] {taskinstance.py:2784} INFO - 1 downstream tasks scheduled from follow-on schedule check
