[2023-09-05T15:31:40.951+0000] {taskinstance.py:1159} INFO - Dependencies all met for dep_context=non-requeueable deps ti=<TaskInstance: tasks_relations.or_that_way scheduled__2023-09-03T00:00:00+00:00 [queued]>
[2023-09-05T15:31:40.978+0000] {taskinstance.py:1159} INFO - Dependencies all met for dep_context=requeueable deps ti=<TaskInstance: tasks_relations.or_that_way scheduled__2023-09-03T00:00:00+00:00 [queued]>
[2023-09-05T15:31:40.980+0000] {taskinstance.py:1361} INFO - Starting attempt 1 of 1
[2023-09-05T15:31:41.016+0000] {taskinstance.py:1382} INFO - Executing <Task(_PythonDecoratedOperator): or_that_way> on 2023-09-03 00:00:00+00:00
[2023-09-05T15:31:41.024+0000] {standard_task_runner.py:57} INFO - Started process 2075 to run task
[2023-09-05T15:31:41.042+0000] {standard_task_runner.py:84} INFO - Running: ['***', 'tasks', 'run', 'tasks_relations', 'or_that_way', 'scheduled__2023-09-03T00:00:00+00:00', '--job-id', '957', '--raw', '--subdir', 'DAGS_FOLDER/tasks_relations.py', '--cfg-path', '/tmp/tmpn2p90mhe']
[2023-09-05T15:31:41.050+0000] {standard_task_runner.py:85} INFO - Job 957: Subtask or_that_way
[2023-09-05T15:31:41.215+0000] {task_command.py:415} INFO - Running <TaskInstance: tasks_relations.or_that_way scheduled__2023-09-03T00:00:00+00:00 [running]> on host ca474790e981
[2023-09-05T15:31:41.353+0000] {taskinstance.py:1660} INFO - Exporting env vars: AIRFLOW_CTX_DAG_OWNER='***' AIRFLOW_CTX_DAG_ID='tasks_relations' AIRFLOW_CTX_TASK_ID='or_that_way' AIRFLOW_CTX_EXECUTION_DATE='2023-09-03T00:00:00+00:00' AIRFLOW_CTX_TRY_NUMBER='1' AIRFLOW_CTX_DAG_RUN_ID='scheduled__2023-09-03T00:00:00+00:00'
[2023-09-05T15:31:41.359+0000] {logging_mixin.py:151} INFO - NO NO, THAT WAY WAY!!!
[2023-09-05T15:31:41.360+0000] {python.py:194} INFO - Done. Returned value was: None
[2023-09-05T15:31:41.385+0000] {taskinstance.py:1400} INFO - Marking task as SUCCESS. dag_id=tasks_relations, task_id=or_that_way, execution_date=20230903T000000, start_date=20230905T153140, end_date=20230905T153141
[2023-09-05T15:31:41.455+0000] {local_task_job_runner.py:228} INFO - Task exited with return code 0
[2023-09-05T15:31:41.483+0000] {taskinstance.py:2784} INFO - 0 downstream tasks scheduled from follow-on schedule check
[2023-09-12T17:37:55.578+0000] {taskinstance.py:1159} INFO - Dependencies all met for dep_context=non-requeueable deps ti=<TaskInstance: tasks_relations.or_that_way scheduled__2023-09-03T00:00:00+00:00 [queued]>
[2023-09-12T17:37:55.613+0000] {taskinstance.py:1159} INFO - Dependencies all met for dep_context=requeueable deps ti=<TaskInstance: tasks_relations.or_that_way scheduled__2023-09-03T00:00:00+00:00 [queued]>
[2023-09-12T17:37:55.619+0000] {taskinstance.py:1361} INFO - Starting attempt 1 of 1
[2023-09-12T17:37:55.786+0000] {taskinstance.py:1382} INFO - Executing <Task(_PythonDecoratedOperator): or_that_way> on 2023-09-03 00:00:00+00:00
[2023-09-12T17:37:55.800+0000] {standard_task_runner.py:57} INFO - Started process 3634 to run task
[2023-09-12T17:37:55.854+0000] {standard_task_runner.py:84} INFO - Running: ['***', 'tasks', 'run', 'tasks_relations', 'or_that_way', 'scheduled__2023-09-03T00:00:00+00:00', '--job-id', '1733', '--raw', '--subdir', 'DAGS_FOLDER/2_tasks_relations.py', '--cfg-path', '/tmp/tmp8240u3i5']
[2023-09-12T17:37:55.875+0000] {standard_task_runner.py:85} INFO - Job 1733: Subtask or_that_way
[2023-09-12T17:37:56.169+0000] {task_command.py:415} INFO - Running <TaskInstance: tasks_relations.or_that_way scheduled__2023-09-03T00:00:00+00:00 [running]> on host 0ab7970e0956
[2023-09-12T17:37:56.439+0000] {taskinstance.py:1660} INFO - Exporting env vars: AIRFLOW_CTX_DAG_OWNER='***' AIRFLOW_CTX_DAG_ID='tasks_relations' AIRFLOW_CTX_TASK_ID='or_that_way' AIRFLOW_CTX_EXECUTION_DATE='2023-09-03T00:00:00+00:00' AIRFLOW_CTX_TRY_NUMBER='1' AIRFLOW_CTX_DAG_RUN_ID='scheduled__2023-09-03T00:00:00+00:00'
[2023-09-12T17:37:56.447+0000] {logging_mixin.py:151} INFO - NO NO, THAT WAY WAY!!!
[2023-09-12T17:37:56.447+0000] {python.py:194} INFO - Done. Returned value was: None
[2023-09-12T17:37:56.466+0000] {taskinstance.py:1400} INFO - Marking task as SUCCESS. dag_id=tasks_relations, task_id=or_that_way, execution_date=20230903T000000, start_date=20230912T173755, end_date=20230912T173756
[2023-09-12T17:37:56.549+0000] {local_task_job_runner.py:228} INFO - Task exited with return code 0
[2023-09-12T17:37:56.586+0000] {taskinstance.py:2784} INFO - 1 downstream tasks scheduled from follow-on schedule check
