[2023-09-05T15:26:48.043+0000] {taskinstance.py:1159} INFO - Dependencies all met for dep_context=non-requeueable deps ti=<TaskInstance: tasks_relations.say_hello scheduled__2023-05-03T00:00:00+00:00 [queued]>
[2023-09-05T15:26:48.084+0000] {taskinstance.py:1159} INFO - Dependencies all met for dep_context=requeueable deps ti=<TaskInstance: tasks_relations.say_hello scheduled__2023-05-03T00:00:00+00:00 [queued]>
[2023-09-05T15:26:48.086+0000] {taskinstance.py:1361} INFO - Starting attempt 1 of 1
[2023-09-05T15:26:48.126+0000] {taskinstance.py:1382} INFO - Executing <Task(_PythonDecoratedOperator): say_hello> on 2023-05-03 00:00:00+00:00
[2023-09-05T15:26:48.219+0000] {standard_task_runner.py:57} INFO - Started process 872 to run task
[2023-09-05T15:26:48.275+0000] {standard_task_runner.py:84} INFO - Running: ['***', 'tasks', 'run', 'tasks_relations', 'say_hello', 'scheduled__2023-05-03T00:00:00+00:00', '--job-id', '383', '--raw', '--subdir', 'DAGS_FOLDER/tasks_relations.py', '--cfg-path', '/tmp/tmpj1cydtj5']
[2023-09-05T15:26:48.342+0000] {standard_task_runner.py:85} INFO - Job 383: Subtask say_hello
[2023-09-05T15:26:49.038+0000] {task_command.py:415} INFO - Running <TaskInstance: tasks_relations.say_hello scheduled__2023-05-03T00:00:00+00:00 [running]> on host ca474790e981
[2023-09-05T15:26:49.559+0000] {taskinstance.py:1660} INFO - Exporting env vars: AIRFLOW_CTX_DAG_OWNER='***' AIRFLOW_CTX_DAG_ID='tasks_relations' AIRFLOW_CTX_TASK_ID='say_hello' AIRFLOW_CTX_EXECUTION_DATE='2023-05-03T00:00:00+00:00' AIRFLOW_CTX_TRY_NUMBER='1' AIRFLOW_CTX_DAG_RUN_ID='scheduled__2023-05-03T00:00:00+00:00'
[2023-09-05T15:26:49.612+0000] {logging_mixin.py:151} INFO - hello ***
[2023-09-05T15:26:49.617+0000] {python.py:194} INFO - Done. Returned value was: None
[2023-09-05T15:26:49.708+0000] {taskinstance.py:1400} INFO - Marking task as SUCCESS. dag_id=tasks_relations, task_id=say_hello, execution_date=20230503T000000, start_date=20230905T152648, end_date=20230905T152649
[2023-09-05T15:26:50.007+0000] {local_task_job_runner.py:228} INFO - Task exited with return code 0
[2023-09-05T15:26:50.291+0000] {taskinstance.py:2784} INFO - 0 downstream tasks scheduled from follow-on schedule check
[2023-09-12T17:35:42.133+0000] {taskinstance.py:1159} INFO - Dependencies all met for dep_context=non-requeueable deps ti=<TaskInstance: tasks_relations.say_hello scheduled__2023-05-03T00:00:00+00:00 [queued]>
[2023-09-12T17:35:42.203+0000] {taskinstance.py:1159} INFO - Dependencies all met for dep_context=requeueable deps ti=<TaskInstance: tasks_relations.say_hello scheduled__2023-05-03T00:00:00+00:00 [queued]>
[2023-09-12T17:35:42.208+0000] {taskinstance.py:1361} INFO - Starting attempt 1 of 1
[2023-09-12T17:35:42.342+0000] {taskinstance.py:1382} INFO - Executing <Task(_PythonDecoratedOperator): say_hello> on 2023-05-03 00:00:00+00:00
[2023-09-12T17:35:42.348+0000] {standard_task_runner.py:57} INFO - Started process 2066 to run task
[2023-09-12T17:35:42.390+0000] {standard_task_runner.py:84} INFO - Running: ['***', 'tasks', 'run', 'tasks_relations', 'say_hello', 'scheduled__2023-05-03T00:00:00+00:00', '--job-id', '963', '--raw', '--subdir', 'DAGS_FOLDER/2_tasks_relations.py', '--cfg-path', '/tmp/tmpq4pz2kv2']
[2023-09-12T17:35:42.402+0000] {standard_task_runner.py:85} INFO - Job 963: Subtask say_hello
[2023-09-12T17:35:42.571+0000] {task_command.py:415} INFO - Running <TaskInstance: tasks_relations.say_hello scheduled__2023-05-03T00:00:00+00:00 [running]> on host 0ab7970e0956
[2023-09-12T17:35:42.939+0000] {taskinstance.py:1660} INFO - Exporting env vars: AIRFLOW_CTX_DAG_OWNER='***' AIRFLOW_CTX_DAG_ID='tasks_relations' AIRFLOW_CTX_TASK_ID='say_hello' AIRFLOW_CTX_EXECUTION_DATE='2023-05-03T00:00:00+00:00' AIRFLOW_CTX_TRY_NUMBER='1' AIRFLOW_CTX_DAG_RUN_ID='scheduled__2023-05-03T00:00:00+00:00'
[2023-09-12T17:35:42.944+0000] {logging_mixin.py:151} INFO - hello world
[2023-09-12T17:35:42.947+0000] {python.py:194} INFO - Done. Returned value was: None
[2023-09-12T17:35:42.966+0000] {taskinstance.py:1400} INFO - Marking task as SUCCESS. dag_id=tasks_relations, task_id=say_hello, execution_date=20230503T000000, start_date=20230912T173542, end_date=20230912T173542
[2023-09-12T17:35:43.038+0000] {local_task_job_runner.py:228} INFO - Task exited with return code 0
[2023-09-12T17:35:43.224+0000] {taskinstance.py:2784} INFO - 0 downstream tasks scheduled from follow-on schedule check
