[2023-09-05T15:30:27.385+0000] {taskinstance.py:1159} INFO - Dependencies all met for dep_context=non-requeueable deps ti=<TaskInstance: tasks_relations.say_hello scheduled__2023-08-01T00:00:00+00:00 [queued]>
[2023-09-05T15:30:27.419+0000] {taskinstance.py:1159} INFO - Dependencies all met for dep_context=requeueable deps ti=<TaskInstance: tasks_relations.say_hello scheduled__2023-08-01T00:00:00+00:00 [queued]>
[2023-09-05T15:30:27.421+0000] {taskinstance.py:1361} INFO - Starting attempt 1 of 1
[2023-09-05T15:30:27.511+0000] {taskinstance.py:1382} INFO - Executing <Task(_PythonDecoratedOperator): say_hello> on 2023-08-01 00:00:00+00:00
[2023-09-05T15:30:27.564+0000] {standard_task_runner.py:57} INFO - Started process 1669 to run task
[2023-09-05T15:30:27.726+0000] {standard_task_runner.py:84} INFO - Running: ['***', 'tasks', 'run', 'tasks_relations', 'say_hello', 'scheduled__2023-08-01T00:00:00+00:00', '--job-id', '759', '--raw', '--subdir', 'DAGS_FOLDER/tasks_relations.py', '--cfg-path', '/tmp/tmpq_qdc37_']
[2023-09-05T15:30:27.754+0000] {standard_task_runner.py:85} INFO - Job 759: Subtask say_hello
[2023-09-05T15:30:28.107+0000] {task_command.py:415} INFO - Running <TaskInstance: tasks_relations.say_hello scheduled__2023-08-01T00:00:00+00:00 [running]> on host ca474790e981
[2023-09-05T15:30:28.668+0000] {taskinstance.py:1660} INFO - Exporting env vars: AIRFLOW_CTX_DAG_OWNER='***' AIRFLOW_CTX_DAG_ID='tasks_relations' AIRFLOW_CTX_TASK_ID='say_hello' AIRFLOW_CTX_EXECUTION_DATE='2023-08-01T00:00:00+00:00' AIRFLOW_CTX_TRY_NUMBER='1' AIRFLOW_CTX_DAG_RUN_ID='scheduled__2023-08-01T00:00:00+00:00'
[2023-09-05T15:30:28.680+0000] {logging_mixin.py:151} INFO - hello world
[2023-09-05T15:30:28.688+0000] {python.py:194} INFO - Done. Returned value was: None
[2023-09-05T15:30:28.802+0000] {taskinstance.py:1400} INFO - Marking task as SUCCESS. dag_id=tasks_relations, task_id=say_hello, execution_date=20230801T000000, start_date=20230905T153027, end_date=20230905T153028
[2023-09-05T15:30:28.969+0000] {local_task_job_runner.py:228} INFO - Task exited with return code 0
[2023-09-05T15:30:29.304+0000] {taskinstance.py:2784} INFO - 1 downstream tasks scheduled from follow-on schedule check
[2023-09-12T17:37:20.747+0000] {taskinstance.py:1159} INFO - Dependencies all met for dep_context=non-requeueable deps ti=<TaskInstance: tasks_relations.say_hello scheduled__2023-08-01T00:00:00+00:00 [queued]>
[2023-09-12T17:37:20.759+0000] {taskinstance.py:1159} INFO - Dependencies all met for dep_context=requeueable deps ti=<TaskInstance: tasks_relations.say_hello scheduled__2023-08-01T00:00:00+00:00 [queued]>
[2023-09-12T17:37:20.759+0000] {taskinstance.py:1361} INFO - Starting attempt 1 of 1
[2023-09-12T17:37:20.770+0000] {taskinstance.py:1382} INFO - Executing <Task(_PythonDecoratedOperator): say_hello> on 2023-08-01 00:00:00+00:00
[2023-09-12T17:37:20.775+0000] {standard_task_runner.py:57} INFO - Started process 3234 to run task
[2023-09-12T17:37:20.781+0000] {standard_task_runner.py:84} INFO - Running: ['***', 'tasks', 'run', 'tasks_relations', 'say_hello', 'scheduled__2023-08-01T00:00:00+00:00', '--job-id', '1539', '--raw', '--subdir', 'DAGS_FOLDER/2_tasks_relations.py', '--cfg-path', '/tmp/tmpy1gpn_q1']
[2023-09-12T17:37:20.785+0000] {standard_task_runner.py:85} INFO - Job 1539: Subtask say_hello
[2023-09-12T17:37:20.858+0000] {task_command.py:415} INFO - Running <TaskInstance: tasks_relations.say_hello scheduled__2023-08-01T00:00:00+00:00 [running]> on host 0ab7970e0956
[2023-09-12T17:37:20.958+0000] {taskinstance.py:1660} INFO - Exporting env vars: AIRFLOW_CTX_DAG_OWNER='***' AIRFLOW_CTX_DAG_ID='tasks_relations' AIRFLOW_CTX_TASK_ID='say_hello' AIRFLOW_CTX_EXECUTION_DATE='2023-08-01T00:00:00+00:00' AIRFLOW_CTX_TRY_NUMBER='1' AIRFLOW_CTX_DAG_RUN_ID='scheduled__2023-08-01T00:00:00+00:00'
[2023-09-12T17:37:20.962+0000] {logging_mixin.py:151} INFO - hello world
[2023-09-12T17:37:20.963+0000] {python.py:194} INFO - Done. Returned value was: None
[2023-09-12T17:37:20.974+0000] {taskinstance.py:1400} INFO - Marking task as SUCCESS. dag_id=tasks_relations, task_id=say_hello, execution_date=20230801T000000, start_date=20230912T173720, end_date=20230912T173720
[2023-09-12T17:37:21.032+0000] {local_task_job_runner.py:228} INFO - Task exited with return code 0
[2023-09-12T17:37:21.055+0000] {taskinstance.py:2784} INFO - 1 downstream tasks scheduled from follow-on schedule check
