[2023-09-05T15:30:03.414+0000] {taskinstance.py:1159} INFO - Dependencies all met for dep_context=non-requeueable deps ti=<TaskInstance: tasks_relations.say_bye scheduled__2023-07-11T00:00:00+00:00 [queued]>
[2023-09-05T15:30:03.437+0000] {taskinstance.py:1159} INFO - Dependencies all met for dep_context=requeueable deps ti=<TaskInstance: tasks_relations.say_bye scheduled__2023-07-11T00:00:00+00:00 [queued]>
[2023-09-05T15:30:03.438+0000] {taskinstance.py:1361} INFO - Starting attempt 1 of 1
[2023-09-05T15:30:03.605+0000] {taskinstance.py:1382} INFO - Executing <Task(_PythonDecoratedOperator): say_bye> on 2023-07-11 00:00:00+00:00
[2023-09-05T15:30:03.667+0000] {standard_task_runner.py:57} INFO - Started process 1521 to run task
[2023-09-05T15:30:03.712+0000] {standard_task_runner.py:84} INFO - Running: ['***', 'tasks', 'run', 'tasks_relations', 'say_bye', 'scheduled__2023-07-11T00:00:00+00:00', '--job-id', '682', '--raw', '--subdir', 'DAGS_FOLDER/tasks_relations.py', '--cfg-path', '/tmp/tmp4qyvdum2']
[2023-09-05T15:30:03.730+0000] {standard_task_runner.py:85} INFO - Job 682: Subtask say_bye
[2023-09-05T15:30:04.348+0000] {task_command.py:415} INFO - Running <TaskInstance: tasks_relations.say_bye scheduled__2023-07-11T00:00:00+00:00 [running]> on host ca474790e981
[2023-09-05T15:30:05.055+0000] {taskinstance.py:1660} INFO - Exporting env vars: AIRFLOW_CTX_DAG_OWNER='***' AIRFLOW_CTX_DAG_ID='tasks_relations' AIRFLOW_CTX_TASK_ID='say_bye' AIRFLOW_CTX_EXECUTION_DATE='2023-07-11T00:00:00+00:00' AIRFLOW_CTX_TRY_NUMBER='1' AIRFLOW_CTX_DAG_RUN_ID='scheduled__2023-07-11T00:00:00+00:00'
[2023-09-05T15:30:05.062+0000] {logging_mixin.py:151} INFO - goodbye world
[2023-09-05T15:30:05.063+0000] {python.py:194} INFO - Done. Returned value was: None
[2023-09-05T15:30:05.153+0000] {taskinstance.py:1400} INFO - Marking task as SUCCESS. dag_id=tasks_relations, task_id=say_bye, execution_date=20230711T000000, start_date=20230905T153003, end_date=20230905T153005
[2023-09-05T15:30:05.345+0000] {local_task_job_runner.py:228} INFO - Task exited with return code 0
[2023-09-05T15:30:05.518+0000] {taskinstance.py:2784} INFO - 2 downstream tasks scheduled from follow-on schedule check
[2023-09-12T17:36:56.756+0000] {taskinstance.py:1159} INFO - Dependencies all met for dep_context=non-requeueable deps ti=<TaskInstance: tasks_relations.say_bye scheduled__2023-07-11T00:00:00+00:00 [queued]>
[2023-09-12T17:36:56.765+0000] {taskinstance.py:1159} INFO - Dependencies all met for dep_context=requeueable deps ti=<TaskInstance: tasks_relations.say_bye scheduled__2023-07-11T00:00:00+00:00 [queued]>
[2023-09-12T17:36:56.766+0000] {taskinstance.py:1361} INFO - Starting attempt 1 of 1
[2023-09-12T17:36:56.789+0000] {taskinstance.py:1382} INFO - Executing <Task(_PythonDecoratedOperator): say_bye> on 2023-07-11 00:00:00+00:00
[2023-09-12T17:36:56.795+0000] {standard_task_runner.py:57} INFO - Started process 2947 to run task
[2023-09-12T17:36:56.816+0000] {standard_task_runner.py:84} INFO - Running: ['***', 'tasks', 'run', 'tasks_relations', 'say_bye', 'scheduled__2023-07-11T00:00:00+00:00', '--job-id', '1398', '--raw', '--subdir', 'DAGS_FOLDER/2_tasks_relations.py', '--cfg-path', '/tmp/tmpqegceuje']
[2023-09-12T17:36:56.826+0000] {standard_task_runner.py:85} INFO - Job 1398: Subtask say_bye
[2023-09-12T17:36:56.937+0000] {task_command.py:415} INFO - Running <TaskInstance: tasks_relations.say_bye scheduled__2023-07-11T00:00:00+00:00 [running]> on host 0ab7970e0956
[2023-09-12T17:36:57.133+0000] {taskinstance.py:1660} INFO - Exporting env vars: AIRFLOW_CTX_DAG_OWNER='***' AIRFLOW_CTX_DAG_ID='tasks_relations' AIRFLOW_CTX_TASK_ID='say_bye' AIRFLOW_CTX_EXECUTION_DATE='2023-07-11T00:00:00+00:00' AIRFLOW_CTX_TRY_NUMBER='1' AIRFLOW_CTX_DAG_RUN_ID='scheduled__2023-07-11T00:00:00+00:00'
[2023-09-12T17:36:57.134+0000] {logging_mixin.py:151} INFO - goodbye world
[2023-09-12T17:36:57.134+0000] {python.py:194} INFO - Done. Returned value was: None
[2023-09-12T17:36:57.150+0000] {taskinstance.py:1400} INFO - Marking task as SUCCESS. dag_id=tasks_relations, task_id=say_bye, execution_date=20230711T000000, start_date=20230912T173656, end_date=20230912T173657
[2023-09-12T17:36:57.229+0000] {local_task_job_runner.py:228} INFO - Task exited with return code 0
[2023-09-12T17:36:57.254+0000] {taskinstance.py:2784} INFO - 2 downstream tasks scheduled from follow-on schedule check
