[2023-09-05T15:30:37.875+0000] {taskinstance.py:1159} INFO - Dependencies all met for dep_context=non-requeueable deps ti=<TaskInstance: tasks_relations.this_way scheduled__2023-07-28T00:00:00+00:00 [queued]>
[2023-09-05T15:30:37.952+0000] {taskinstance.py:1159} INFO - Dependencies all met for dep_context=requeueable deps ti=<TaskInstance: tasks_relations.this_way scheduled__2023-07-28T00:00:00+00:00 [queued]>
[2023-09-05T15:30:37.971+0000] {taskinstance.py:1361} INFO - Starting attempt 1 of 1
[2023-09-05T15:30:38.102+0000] {taskinstance.py:1382} INFO - Executing <Task(_PythonDecoratedOperator): this_way> on 2023-07-28 00:00:00+00:00
[2023-09-05T15:30:38.132+0000] {standard_task_runner.py:57} INFO - Started process 1730 to run task
[2023-09-05T15:30:38.204+0000] {standard_task_runner.py:84} INFO - Running: ['***', 'tasks', 'run', 'tasks_relations', 'this_way', 'scheduled__2023-07-28T00:00:00+00:00', '--job-id', '788', '--raw', '--subdir', 'DAGS_FOLDER/tasks_relations.py', '--cfg-path', '/tmp/tmpaymgoaio']
[2023-09-05T15:30:38.237+0000] {standard_task_runner.py:85} INFO - Job 788: Subtask this_way
[2023-09-05T15:30:38.647+0000] {task_command.py:415} INFO - Running <TaskInstance: tasks_relations.this_way scheduled__2023-07-28T00:00:00+00:00 [running]> on host ca474790e981
[2023-09-05T15:30:39.040+0000] {taskinstance.py:1660} INFO - Exporting env vars: AIRFLOW_CTX_DAG_OWNER='***' AIRFLOW_CTX_DAG_ID='tasks_relations' AIRFLOW_CTX_TASK_ID='this_way' AIRFLOW_CTX_EXECUTION_DATE='2023-07-28T00:00:00+00:00' AIRFLOW_CTX_TRY_NUMBER='1' AIRFLOW_CTX_DAG_RUN_ID='scheduled__2023-07-28T00:00:00+00:00'
[2023-09-05T15:30:39.045+0000] {logging_mixin.py:151} INFO - THIS WAY!!!
[2023-09-05T15:30:39.045+0000] {python.py:194} INFO - Done. Returned value was: None
[2023-09-05T15:30:39.086+0000] {taskinstance.py:1400} INFO - Marking task as SUCCESS. dag_id=tasks_relations, task_id=this_way, execution_date=20230728T000000, start_date=20230905T153037, end_date=20230905T153039
[2023-09-05T15:30:39.233+0000] {local_task_job_runner.py:228} INFO - Task exited with return code 0
[2023-09-05T15:30:39.291+0000] {taskinstance.py:2784} INFO - 0 downstream tasks scheduled from follow-on schedule check
[2023-09-12T17:37:15.848+0000] {taskinstance.py:1159} INFO - Dependencies all met for dep_context=non-requeueable deps ti=<TaskInstance: tasks_relations.this_way scheduled__2023-07-28T00:00:00+00:00 [queued]>
[2023-09-12T17:37:15.862+0000] {taskinstance.py:1159} INFO - Dependencies all met for dep_context=requeueable deps ti=<TaskInstance: tasks_relations.this_way scheduled__2023-07-28T00:00:00+00:00 [queued]>
[2023-09-12T17:37:15.865+0000] {taskinstance.py:1361} INFO - Starting attempt 1 of 1
[2023-09-12T17:37:15.888+0000] {taskinstance.py:1382} INFO - Executing <Task(_PythonDecoratedOperator): this_way> on 2023-07-28 00:00:00+00:00
[2023-09-12T17:37:15.908+0000] {standard_task_runner.py:57} INFO - Started process 3186 to run task
[2023-09-12T17:37:15.956+0000] {standard_task_runner.py:84} INFO - Running: ['***', 'tasks', 'run', 'tasks_relations', 'this_way', 'scheduled__2023-07-28T00:00:00+00:00', '--job-id', '1513', '--raw', '--subdir', 'DAGS_FOLDER/2_tasks_relations.py', '--cfg-path', '/tmp/tmpeefv1qh9']
[2023-09-12T17:37:15.970+0000] {standard_task_runner.py:85} INFO - Job 1513: Subtask this_way
[2023-09-12T17:37:16.287+0000] {task_command.py:415} INFO - Running <TaskInstance: tasks_relations.this_way scheduled__2023-07-28T00:00:00+00:00 [running]> on host 0ab7970e0956
[2023-09-12T17:37:16.622+0000] {taskinstance.py:1660} INFO - Exporting env vars: AIRFLOW_CTX_DAG_OWNER='***' AIRFLOW_CTX_DAG_ID='tasks_relations' AIRFLOW_CTX_TASK_ID='this_way' AIRFLOW_CTX_EXECUTION_DATE='2023-07-28T00:00:00+00:00' AIRFLOW_CTX_TRY_NUMBER='1' AIRFLOW_CTX_DAG_RUN_ID='scheduled__2023-07-28T00:00:00+00:00'
[2023-09-12T17:37:16.628+0000] {logging_mixin.py:151} INFO - THIS WAY!!!
[2023-09-12T17:37:16.630+0000] {python.py:194} INFO - Done. Returned value was: None
[2023-09-12T17:37:16.704+0000] {taskinstance.py:1400} INFO - Marking task as SUCCESS. dag_id=tasks_relations, task_id=this_way, execution_date=20230728T000000, start_date=20230912T173715, end_date=20230912T173716
[2023-09-12T17:37:16.810+0000] {local_task_job_runner.py:228} INFO - Task exited with return code 0
[2023-09-12T17:37:16.856+0000] {taskinstance.py:2784} INFO - 1 downstream tasks scheduled from follow-on schedule check
