[2023-09-05T15:30:34.147+0000] {taskinstance.py:1159} INFO - Dependencies all met for dep_context=non-requeueable deps ti=<TaskInstance: tasks_relations.this_way scheduled__2023-07-24T00:00:00+00:00 [queued]>
[2023-09-05T15:30:34.334+0000] {taskinstance.py:1159} INFO - Dependencies all met for dep_context=requeueable deps ti=<TaskInstance: tasks_relations.this_way scheduled__2023-07-24T00:00:00+00:00 [queued]>
[2023-09-05T15:30:34.349+0000] {taskinstance.py:1361} INFO - Starting attempt 1 of 1
[2023-09-05T15:30:34.522+0000] {taskinstance.py:1382} INFO - Executing <Task(_PythonDecoratedOperator): this_way> on 2023-07-24 00:00:00+00:00
[2023-09-05T15:30:34.565+0000] {standard_task_runner.py:57} INFO - Started process 1706 to run task
[2023-09-05T15:30:34.593+0000] {standard_task_runner.py:84} INFO - Running: ['***', 'tasks', 'run', 'tasks_relations', 'this_way', 'scheduled__2023-07-24T00:00:00+00:00', '--job-id', '780', '--raw', '--subdir', 'DAGS_FOLDER/tasks_relations.py', '--cfg-path', '/tmp/tmph43nxpq1']
[2023-09-05T15:30:34.611+0000] {standard_task_runner.py:85} INFO - Job 780: Subtask this_way
[2023-09-05T15:30:35.257+0000] {task_command.py:415} INFO - Running <TaskInstance: tasks_relations.this_way scheduled__2023-07-24T00:00:00+00:00 [running]> on host ca474790e981
[2023-09-05T15:30:35.691+0000] {taskinstance.py:1660} INFO - Exporting env vars: AIRFLOW_CTX_DAG_OWNER='***' AIRFLOW_CTX_DAG_ID='tasks_relations' AIRFLOW_CTX_TASK_ID='this_way' AIRFLOW_CTX_EXECUTION_DATE='2023-07-24T00:00:00+00:00' AIRFLOW_CTX_TRY_NUMBER='1' AIRFLOW_CTX_DAG_RUN_ID='scheduled__2023-07-24T00:00:00+00:00'
[2023-09-05T15:30:35.790+0000] {logging_mixin.py:151} INFO - THIS WAY!!!
[2023-09-05T15:30:35.823+0000] {python.py:194} INFO - Done. Returned value was: None
[2023-09-05T15:30:35.916+0000] {taskinstance.py:1400} INFO - Marking task as SUCCESS. dag_id=tasks_relations, task_id=this_way, execution_date=20230724T000000, start_date=20230905T153034, end_date=20230905T153035
[2023-09-05T15:30:36.027+0000] {local_task_job_runner.py:228} INFO - Task exited with return code 0
[2023-09-05T15:30:36.100+0000] {taskinstance.py:2784} INFO - 0 downstream tasks scheduled from follow-on schedule check
[2023-09-12T17:37:13.453+0000] {taskinstance.py:1159} INFO - Dependencies all met for dep_context=non-requeueable deps ti=<TaskInstance: tasks_relations.this_way scheduled__2023-07-24T00:00:00+00:00 [queued]>
[2023-09-12T17:37:13.502+0000] {taskinstance.py:1159} INFO - Dependencies all met for dep_context=requeueable deps ti=<TaskInstance: tasks_relations.this_way scheduled__2023-07-24T00:00:00+00:00 [queued]>
[2023-09-12T17:37:13.507+0000] {taskinstance.py:1361} INFO - Starting attempt 1 of 1
[2023-09-12T17:37:13.565+0000] {taskinstance.py:1382} INFO - Executing <Task(_PythonDecoratedOperator): this_way> on 2023-07-24 00:00:00+00:00
[2023-09-12T17:37:13.582+0000] {standard_task_runner.py:57} INFO - Started process 3162 to run task
[2023-09-12T17:37:13.590+0000] {standard_task_runner.py:84} INFO - Running: ['***', 'tasks', 'run', 'tasks_relations', 'this_way', 'scheduled__2023-07-24T00:00:00+00:00', '--job-id', '1505', '--raw', '--subdir', 'DAGS_FOLDER/2_tasks_relations.py', '--cfg-path', '/tmp/tmpkp2i4iyd']
[2023-09-12T17:37:13.604+0000] {standard_task_runner.py:85} INFO - Job 1505: Subtask this_way
[2023-09-12T17:37:13.789+0000] {task_command.py:415} INFO - Running <TaskInstance: tasks_relations.this_way scheduled__2023-07-24T00:00:00+00:00 [running]> on host 0ab7970e0956
[2023-09-12T17:37:14.013+0000] {taskinstance.py:1660} INFO - Exporting env vars: AIRFLOW_CTX_DAG_OWNER='***' AIRFLOW_CTX_DAG_ID='tasks_relations' AIRFLOW_CTX_TASK_ID='this_way' AIRFLOW_CTX_EXECUTION_DATE='2023-07-24T00:00:00+00:00' AIRFLOW_CTX_TRY_NUMBER='1' AIRFLOW_CTX_DAG_RUN_ID='scheduled__2023-07-24T00:00:00+00:00'
[2023-09-12T17:37:14.023+0000] {logging_mixin.py:151} INFO - THIS WAY!!!
[2023-09-12T17:37:14.026+0000] {python.py:194} INFO - Done. Returned value was: None
[2023-09-12T17:37:14.046+0000] {taskinstance.py:1400} INFO - Marking task as SUCCESS. dag_id=tasks_relations, task_id=this_way, execution_date=20230724T000000, start_date=20230912T173713, end_date=20230912T173714
[2023-09-12T17:37:14.103+0000] {local_task_job_runner.py:228} INFO - Task exited with return code 0
[2023-09-12T17:37:14.144+0000] {taskinstance.py:2784} INFO - 0 downstream tasks scheduled from follow-on schedule check
