[2023-09-05T15:25:31.360+0000] {taskinstance.py:1159} INFO - Dependencies all met for dep_context=non-requeueable deps ti=<TaskInstance: tasks_relations.say_bye scheduled__2023-03-11T00:00:00+00:00 [queued]>
[2023-09-05T15:25:31.426+0000] {taskinstance.py:1159} INFO - Dependencies all met for dep_context=requeueable deps ti=<TaskInstance: tasks_relations.say_bye scheduled__2023-03-11T00:00:00+00:00 [queued]>
[2023-09-05T15:25:31.429+0000] {taskinstance.py:1361} INFO - Starting attempt 1 of 1
[2023-09-05T15:25:31.497+0000] {taskinstance.py:1382} INFO - Executing <Task(_PythonDecoratedOperator): say_bye> on 2023-03-11 00:00:00+00:00
[2023-09-05T15:25:31.525+0000] {standard_task_runner.py:57} INFO - Started process 539 to run task
[2023-09-05T15:25:31.541+0000] {standard_task_runner.py:84} INFO - Running: ['***', 'tasks', 'run', 'tasks_relations', 'say_bye', 'scheduled__2023-03-11T00:00:00+00:00', '--job-id', '230', '--raw', '--subdir', 'DAGS_FOLDER/tasks_relations.py', '--cfg-path', '/tmp/tmprdglcf13']
[2023-09-05T15:25:31.547+0000] {standard_task_runner.py:85} INFO - Job 230: Subtask say_bye
[2023-09-05T15:25:31.768+0000] {task_command.py:415} INFO - Running <TaskInstance: tasks_relations.say_bye scheduled__2023-03-11T00:00:00+00:00 [running]> on host ca474790e981
[2023-09-05T15:25:32.183+0000] {taskinstance.py:1660} INFO - Exporting env vars: AIRFLOW_CTX_DAG_OWNER='***' AIRFLOW_CTX_DAG_ID='tasks_relations' AIRFLOW_CTX_TASK_ID='say_bye' AIRFLOW_CTX_EXECUTION_DATE='2023-03-11T00:00:00+00:00' AIRFLOW_CTX_TRY_NUMBER='1' AIRFLOW_CTX_DAG_RUN_ID='scheduled__2023-03-11T00:00:00+00:00'
[2023-09-05T15:25:32.198+0000] {logging_mixin.py:151} INFO - goodbye ***
[2023-09-05T15:25:32.205+0000] {python.py:194} INFO - Done. Returned value was: None
[2023-09-05T15:25:32.300+0000] {taskinstance.py:1400} INFO - Marking task as SUCCESS. dag_id=tasks_relations, task_id=say_bye, execution_date=20230311T000000, start_date=20230905T152531, end_date=20230905T152532
[2023-09-05T15:25:32.431+0000] {local_task_job_runner.py:228} INFO - Task exited with return code 0
[2023-09-05T15:25:32.497+0000] {taskinstance.py:2784} INFO - 0 downstream tasks scheduled from follow-on schedule check
[2023-09-12T17:34:47.044+0000] {taskinstance.py:1159} INFO - Dependencies all met for dep_context=non-requeueable deps ti=<TaskInstance: tasks_relations.say_bye scheduled__2023-03-11T00:00:00+00:00 [queued]>
[2023-09-12T17:34:47.082+0000] {taskinstance.py:1159} INFO - Dependencies all met for dep_context=requeueable deps ti=<TaskInstance: tasks_relations.say_bye scheduled__2023-03-11T00:00:00+00:00 [queued]>
[2023-09-12T17:34:47.083+0000] {taskinstance.py:1361} INFO - Starting attempt 1 of 1
[2023-09-12T17:34:47.141+0000] {taskinstance.py:1382} INFO - Executing <Task(_PythonDecoratedOperator): say_bye> on 2023-03-11 00:00:00+00:00
[2023-09-12T17:34:47.147+0000] {standard_task_runner.py:57} INFO - Started process 1328 to run task
[2023-09-12T17:34:47.197+0000] {standard_task_runner.py:84} INFO - Running: ['***', 'tasks', 'run', 'tasks_relations', 'say_bye', 'scheduled__2023-03-11T00:00:00+00:00', '--job-id', '603', '--raw', '--subdir', 'DAGS_FOLDER/2_tasks_relations.py', '--cfg-path', '/tmp/tmp3taa_rnk']
[2023-09-12T17:34:47.210+0000] {standard_task_runner.py:85} INFO - Job 603: Subtask say_bye
[2023-09-12T17:34:47.384+0000] {task_command.py:415} INFO - Running <TaskInstance: tasks_relations.say_bye scheduled__2023-03-11T00:00:00+00:00 [running]> on host 0ab7970e0956
[2023-09-12T17:34:47.631+0000] {taskinstance.py:1660} INFO - Exporting env vars: AIRFLOW_CTX_DAG_OWNER='***' AIRFLOW_CTX_DAG_ID='tasks_relations' AIRFLOW_CTX_TASK_ID='say_bye' AIRFLOW_CTX_EXECUTION_DATE='2023-03-11T00:00:00+00:00' AIRFLOW_CTX_TRY_NUMBER='1' AIRFLOW_CTX_DAG_RUN_ID='scheduled__2023-03-11T00:00:00+00:00'
[2023-09-12T17:34:47.634+0000] {logging_mixin.py:151} INFO - goodbye world
[2023-09-12T17:34:47.635+0000] {python.py:194} INFO - Done. Returned value was: None
[2023-09-12T17:34:47.661+0000] {taskinstance.py:1400} INFO - Marking task as SUCCESS. dag_id=tasks_relations, task_id=say_bye, execution_date=20230311T000000, start_date=20230912T173447, end_date=20230912T173447
[2023-09-12T17:34:47.737+0000] {local_task_job_runner.py:228} INFO - Task exited with return code 0
[2023-09-12T17:34:47.846+0000] {taskinstance.py:2784} INFO - 0 downstream tasks scheduled from follow-on schedule check
