[2023-09-05T15:24:58.549+0000] {taskinstance.py:1159} INFO - Dependencies all met for dep_context=non-requeueable deps ti=<TaskInstance: tasks_relations.say_hello scheduled__2023-02-11T00:00:00+00:00 [queued]>
[2023-09-05T15:24:58.674+0000] {taskinstance.py:1159} INFO - Dependencies all met for dep_context=requeueable deps ti=<TaskInstance: tasks_relations.say_hello scheduled__2023-02-11T00:00:00+00:00 [queued]>
[2023-09-05T15:24:58.683+0000] {taskinstance.py:1361} INFO - Starting attempt 1 of 1
[2023-09-05T15:24:58.846+0000] {taskinstance.py:1382} INFO - Executing <Task(_PythonDecoratedOperator): say_hello> on 2023-02-11 00:00:00+00:00
[2023-09-05T15:24:58.880+0000] {standard_task_runner.py:57} INFO - Started process 348 to run task
[2023-09-05T15:24:58.923+0000] {standard_task_runner.py:84} INFO - Running: ['***', 'tasks', 'run', 'tasks_relations', 'say_hello', 'scheduled__2023-02-11T00:00:00+00:00', '--job-id', '133', '--raw', '--subdir', 'DAGS_FOLDER/tasks_relations.py', '--cfg-path', '/tmp/tmpy656oyyb']
[2023-09-05T15:24:59.010+0000] {standard_task_runner.py:85} INFO - Job 133: Subtask say_hello
[2023-09-05T15:24:59.384+0000] {task_command.py:415} INFO - Running <TaskInstance: tasks_relations.say_hello scheduled__2023-02-11T00:00:00+00:00 [running]> on host ca474790e981
[2023-09-05T15:24:59.693+0000] {taskinstance.py:1660} INFO - Exporting env vars: AIRFLOW_CTX_DAG_OWNER='***' AIRFLOW_CTX_DAG_ID='tasks_relations' AIRFLOW_CTX_TASK_ID='say_hello' AIRFLOW_CTX_EXECUTION_DATE='2023-02-11T00:00:00+00:00' AIRFLOW_CTX_TRY_NUMBER='1' AIRFLOW_CTX_DAG_RUN_ID='scheduled__2023-02-11T00:00:00+00:00'
[2023-09-05T15:24:59.700+0000] {logging_mixin.py:151} INFO - hello ***
[2023-09-05T15:24:59.701+0000] {python.py:194} INFO - Done. Returned value was: None
[2023-09-05T15:24:59.731+0000] {taskinstance.py:1400} INFO - Marking task as SUCCESS. dag_id=tasks_relations, task_id=say_hello, execution_date=20230211T000000, start_date=20230905T152458, end_date=20230905T152459
[2023-09-05T15:24:59.824+0000] {local_task_job_runner.py:228} INFO - Task exited with return code 0
[2023-09-05T15:24:59.879+0000] {taskinstance.py:2784} INFO - 1 downstream tasks scheduled from follow-on schedule check
[2023-09-12T17:34:08.979+0000] {taskinstance.py:1159} INFO - Dependencies all met for dep_context=non-requeueable deps ti=<TaskInstance: tasks_relations.say_hello scheduled__2023-02-11T00:00:00+00:00 [queued]>
[2023-09-12T17:34:09.004+0000] {taskinstance.py:1159} INFO - Dependencies all met for dep_context=requeueable deps ti=<TaskInstance: tasks_relations.say_hello scheduled__2023-02-11T00:00:00+00:00 [queued]>
[2023-09-12T17:34:09.006+0000] {taskinstance.py:1361} INFO - Starting attempt 1 of 1
[2023-09-12T17:34:09.031+0000] {taskinstance.py:1382} INFO - Executing <Task(_PythonDecoratedOperator): say_hello> on 2023-02-11 00:00:00+00:00
[2023-09-12T17:34:09.038+0000] {standard_task_runner.py:57} INFO - Started process 786 to run task
[2023-09-12T17:34:09.049+0000] {standard_task_runner.py:84} INFO - Running: ['***', 'tasks', 'run', 'tasks_relations', 'say_hello', 'scheduled__2023-02-11T00:00:00+00:00', '--job-id', '337', '--raw', '--subdir', 'DAGS_FOLDER/2_tasks_relations.py', '--cfg-path', '/tmp/tmpebew873z']
[2023-09-12T17:34:09.057+0000] {standard_task_runner.py:85} INFO - Job 337: Subtask say_hello
[2023-09-12T17:34:09.159+0000] {task_command.py:415} INFO - Running <TaskInstance: tasks_relations.say_hello scheduled__2023-02-11T00:00:00+00:00 [running]> on host 0ab7970e0956
[2023-09-12T17:34:09.297+0000] {taskinstance.py:1660} INFO - Exporting env vars: AIRFLOW_CTX_DAG_OWNER='***' AIRFLOW_CTX_DAG_ID='tasks_relations' AIRFLOW_CTX_TASK_ID='say_hello' AIRFLOW_CTX_EXECUTION_DATE='2023-02-11T00:00:00+00:00' AIRFLOW_CTX_TRY_NUMBER='1' AIRFLOW_CTX_DAG_RUN_ID='scheduled__2023-02-11T00:00:00+00:00'
[2023-09-12T17:34:09.301+0000] {logging_mixin.py:151} INFO - hello world
[2023-09-12T17:34:09.302+0000] {python.py:194} INFO - Done. Returned value was: None
[2023-09-12T17:34:09.319+0000] {taskinstance.py:1400} INFO - Marking task as SUCCESS. dag_id=tasks_relations, task_id=say_hello, execution_date=20230211T000000, start_date=20230912T173408, end_date=20230912T173409
[2023-09-12T17:34:09.386+0000] {local_task_job_runner.py:228} INFO - Task exited with return code 0
[2023-09-12T17:34:09.410+0000] {taskinstance.py:2784} INFO - 1 downstream tasks scheduled from follow-on schedule check
