[2023-09-05T15:24:25.173+0000] {taskinstance.py:1159} INFO - Dependencies all met for dep_context=non-requeueable deps ti=<TaskInstance: tasks_relations.say_bye scheduled__2023-01-07T00:00:00+00:00 [queued]>
[2023-09-05T15:24:25.212+0000] {taskinstance.py:1159} INFO - Dependencies all met for dep_context=requeueable deps ti=<TaskInstance: tasks_relations.say_bye scheduled__2023-01-07T00:00:00+00:00 [queued]>
[2023-09-05T15:24:25.215+0000] {taskinstance.py:1361} INFO - Starting attempt 1 of 1
[2023-09-05T15:24:25.264+0000] {taskinstance.py:1382} INFO - Executing <Task(_PythonDecoratedOperator): say_bye> on 2023-01-07 00:00:00+00:00
[2023-09-05T15:24:25.274+0000] {standard_task_runner.py:57} INFO - Started process 162 to run task
[2023-09-05T15:24:25.323+0000] {standard_task_runner.py:84} INFO - Running: ['***', 'tasks', 'run', 'tasks_relations', 'say_bye', 'scheduled__2023-01-07T00:00:00+00:00', '--job-id', '46', '--raw', '--subdir', 'DAGS_FOLDER/tasks_relations.py', '--cfg-path', '/tmp/tmptw04qvv0']
[2023-09-05T15:24:25.331+0000] {standard_task_runner.py:85} INFO - Job 46: Subtask say_bye
[2023-09-05T15:24:25.687+0000] {task_command.py:415} INFO - Running <TaskInstance: tasks_relations.say_bye scheduled__2023-01-07T00:00:00+00:00 [running]> on host ca474790e981
[2023-09-05T15:24:26.048+0000] {taskinstance.py:1660} INFO - Exporting env vars: AIRFLOW_CTX_DAG_OWNER='***' AIRFLOW_CTX_DAG_ID='tasks_relations' AIRFLOW_CTX_TASK_ID='say_bye' AIRFLOW_CTX_EXECUTION_DATE='2023-01-07T00:00:00+00:00' AIRFLOW_CTX_TRY_NUMBER='1' AIRFLOW_CTX_DAG_RUN_ID='scheduled__2023-01-07T00:00:00+00:00'
[2023-09-05T15:24:26.050+0000] {logging_mixin.py:151} INFO - goodbye ***
[2023-09-05T15:24:26.058+0000] {python.py:194} INFO - Done. Returned value was: None
[2023-09-05T15:24:26.115+0000] {taskinstance.py:1400} INFO - Marking task as SUCCESS. dag_id=tasks_relations, task_id=say_bye, execution_date=20230107T000000, start_date=20230905T152425, end_date=20230905T152426
[2023-09-05T15:24:26.249+0000] {local_task_job_runner.py:228} INFO - Task exited with return code 0
[2023-09-05T15:24:26.340+0000] {taskinstance.py:2784} INFO - 0 downstream tasks scheduled from follow-on schedule check
[2023-09-12T17:32:59.115+0000] {taskinstance.py:1159} INFO - Dependencies all met for dep_context=non-requeueable deps ti=<TaskInstance: tasks_relations.say_bye scheduled__2023-01-07T00:00:00+00:00 [queued]>
[2023-09-12T17:32:59.129+0000] {taskinstance.py:1159} INFO - Dependencies all met for dep_context=requeueable deps ti=<TaskInstance: tasks_relations.say_bye scheduled__2023-01-07T00:00:00+00:00 [queued]>
[2023-09-12T17:32:59.144+0000] {taskinstance.py:1361} INFO - Starting attempt 1 of 1
[2023-09-12T17:32:59.239+0000] {taskinstance.py:1382} INFO - Executing <Task(_PythonDecoratedOperator): say_bye> on 2023-01-07 00:00:00+00:00
[2023-09-12T17:32:59.265+0000] {standard_task_runner.py:57} INFO - Started process 287 to run task
[2023-09-12T17:32:59.306+0000] {standard_task_runner.py:84} INFO - Running: ['***', 'tasks', 'run', 'tasks_relations', 'say_bye', 'scheduled__2023-01-07T00:00:00+00:00', '--job-id', '90', '--raw', '--subdir', 'DAGS_FOLDER/2_tasks_relations.py', '--cfg-path', '/tmp/tmpavru8iyq']
[2023-09-12T17:32:59.316+0000] {standard_task_runner.py:85} INFO - Job 90: Subtask say_bye
[2023-09-12T17:32:59.531+0000] {task_command.py:415} INFO - Running <TaskInstance: tasks_relations.say_bye scheduled__2023-01-07T00:00:00+00:00 [running]> on host 0ab7970e0956
[2023-09-12T17:33:00.060+0000] {taskinstance.py:1660} INFO - Exporting env vars: AIRFLOW_CTX_DAG_OWNER='***' AIRFLOW_CTX_DAG_ID='tasks_relations' AIRFLOW_CTX_TASK_ID='say_bye' AIRFLOW_CTX_EXECUTION_DATE='2023-01-07T00:00:00+00:00' AIRFLOW_CTX_TRY_NUMBER='1' AIRFLOW_CTX_DAG_RUN_ID='scheduled__2023-01-07T00:00:00+00:00'
[2023-09-12T17:33:00.068+0000] {logging_mixin.py:151} INFO - goodbye world
[2023-09-12T17:33:00.078+0000] {python.py:194} INFO - Done. Returned value was: None
[2023-09-12T17:33:00.126+0000] {taskinstance.py:1400} INFO - Marking task as SUCCESS. dag_id=tasks_relations, task_id=say_bye, execution_date=20230107T000000, start_date=20230912T173259, end_date=20230912T173300
[2023-09-12T17:33:00.280+0000] {local_task_job_runner.py:228} INFO - Task exited with return code 0
[2023-09-12T17:33:00.457+0000] {taskinstance.py:2784} INFO - 0 downstream tasks scheduled from follow-on schedule check
