[2023-09-05T15:31:33.274+0000] {taskinstance.py:1159} INFO - Dependencies all met for dep_context=non-requeueable deps ti=<TaskInstance: tasks_relations.say_bye scheduled__2023-09-01T00:00:00+00:00 [queued]>
[2023-09-05T15:31:33.379+0000] {taskinstance.py:1159} INFO - Dependencies all met for dep_context=requeueable deps ti=<TaskInstance: tasks_relations.say_bye scheduled__2023-09-01T00:00:00+00:00 [queued]>
[2023-09-05T15:31:33.386+0000] {taskinstance.py:1361} INFO - Starting attempt 1 of 1
[2023-09-05T15:31:33.543+0000] {taskinstance.py:1382} INFO - Executing <Task(_PythonDecoratedOperator): say_bye> on 2023-09-01 00:00:00+00:00
[2023-09-05T15:31:33.607+0000] {standard_task_runner.py:57} INFO - Started process 2033 to run task
[2023-09-05T15:31:33.685+0000] {standard_task_runner.py:84} INFO - Running: ['***', 'tasks', 'run', 'tasks_relations', 'say_bye', 'scheduled__2023-09-01T00:00:00+00:00', '--job-id', '930', '--raw', '--subdir', 'DAGS_FOLDER/tasks_relations.py', '--cfg-path', '/tmp/tmpfkpzj2cv']
[2023-09-05T15:31:33.698+0000] {standard_task_runner.py:85} INFO - Job 930: Subtask say_bye
[2023-09-05T15:31:34.057+0000] {task_command.py:415} INFO - Running <TaskInstance: tasks_relations.say_bye scheduled__2023-09-01T00:00:00+00:00 [running]> on host ca474790e981
[2023-09-05T15:31:34.620+0000] {taskinstance.py:1660} INFO - Exporting env vars: AIRFLOW_CTX_DAG_OWNER='***' AIRFLOW_CTX_DAG_ID='tasks_relations' AIRFLOW_CTX_TASK_ID='say_bye' AIRFLOW_CTX_EXECUTION_DATE='2023-09-01T00:00:00+00:00' AIRFLOW_CTX_TRY_NUMBER='1' AIRFLOW_CTX_DAG_RUN_ID='scheduled__2023-09-01T00:00:00+00:00'
[2023-09-05T15:31:34.632+0000] {logging_mixin.py:151} INFO - goodbye world
[2023-09-05T15:31:34.633+0000] {python.py:194} INFO - Done. Returned value was: None
[2023-09-05T15:31:34.721+0000] {taskinstance.py:1400} INFO - Marking task as SUCCESS. dag_id=tasks_relations, task_id=say_bye, execution_date=20230901T000000, start_date=20230905T153133, end_date=20230905T153134
[2023-09-05T15:31:34.877+0000] {local_task_job_runner.py:228} INFO - Task exited with return code 0
[2023-09-05T15:31:35.010+0000] {taskinstance.py:2784} INFO - 2 downstream tasks scheduled from follow-on schedule check
[2023-09-12T17:37:52.085+0000] {taskinstance.py:1159} INFO - Dependencies all met for dep_context=non-requeueable deps ti=<TaskInstance: tasks_relations.say_bye scheduled__2023-09-01T00:00:00+00:00 [queued]>
[2023-09-12T17:37:52.120+0000] {taskinstance.py:1159} INFO - Dependencies all met for dep_context=requeueable deps ti=<TaskInstance: tasks_relations.say_bye scheduled__2023-09-01T00:00:00+00:00 [queued]>
[2023-09-12T17:37:52.122+0000] {taskinstance.py:1361} INFO - Starting attempt 1 of 1
[2023-09-12T17:37:52.162+0000] {taskinstance.py:1382} INFO - Executing <Task(_PythonDecoratedOperator): say_bye> on 2023-09-01 00:00:00+00:00
[2023-09-12T17:37:52.169+0000] {standard_task_runner.py:57} INFO - Started process 3592 to run task
[2023-09-12T17:37:52.201+0000] {standard_task_runner.py:84} INFO - Running: ['***', 'tasks', 'run', 'tasks_relations', 'say_bye', 'scheduled__2023-09-01T00:00:00+00:00', '--job-id', '1710', '--raw', '--subdir', 'DAGS_FOLDER/2_tasks_relations.py', '--cfg-path', '/tmp/tmpmccu4knj']
[2023-09-12T17:37:52.209+0000] {standard_task_runner.py:85} INFO - Job 1710: Subtask say_bye
[2023-09-12T17:37:52.378+0000] {task_command.py:415} INFO - Running <TaskInstance: tasks_relations.say_bye scheduled__2023-09-01T00:00:00+00:00 [running]> on host 0ab7970e0956
[2023-09-12T17:37:52.634+0000] {taskinstance.py:1660} INFO - Exporting env vars: AIRFLOW_CTX_DAG_OWNER='***' AIRFLOW_CTX_DAG_ID='tasks_relations' AIRFLOW_CTX_TASK_ID='say_bye' AIRFLOW_CTX_EXECUTION_DATE='2023-09-01T00:00:00+00:00' AIRFLOW_CTX_TRY_NUMBER='1' AIRFLOW_CTX_DAG_RUN_ID='scheduled__2023-09-01T00:00:00+00:00'
[2023-09-12T17:37:52.634+0000] {logging_mixin.py:151} INFO - goodbye world
[2023-09-12T17:37:52.636+0000] {python.py:194} INFO - Done. Returned value was: None
[2023-09-12T17:37:52.657+0000] {taskinstance.py:1400} INFO - Marking task as SUCCESS. dag_id=tasks_relations, task_id=say_bye, execution_date=20230901T000000, start_date=20230912T173752, end_date=20230912T173752
[2023-09-12T17:37:52.691+0000] {local_task_job_runner.py:228} INFO - Task exited with return code 0
[2023-09-12T17:37:52.741+0000] {taskinstance.py:2784} INFO - 2 downstream tasks scheduled from follow-on schedule check
