[2023-09-05T15:29:19.989+0000] {taskinstance.py:1159} INFO - Dependencies all met for dep_context=non-requeueable deps ti=<TaskInstance: tasks_relations.say_hello scheduled__2023-06-19T00:00:00+00:00 [queued]>
[2023-09-05T15:29:20.070+0000] {taskinstance.py:1159} INFO - Dependencies all met for dep_context=requeueable deps ti=<TaskInstance: tasks_relations.say_hello scheduled__2023-06-19T00:00:00+00:00 [queued]>
[2023-09-05T15:29:20.081+0000] {taskinstance.py:1361} INFO - Starting attempt 1 of 1
[2023-09-05T15:29:20.146+0000] {taskinstance.py:1382} INFO - Executing <Task(_PythonDecoratedOperator): say_hello> on 2023-06-19 00:00:00+00:00
[2023-09-05T15:29:20.162+0000] {standard_task_runner.py:57} INFO - Started process 1276 to run task
[2023-09-05T15:29:20.182+0000] {standard_task_runner.py:84} INFO - Running: ['***', 'tasks', 'run', 'tasks_relations', 'say_hello', 'scheduled__2023-06-19T00:00:00+00:00', '--job-id', '570', '--raw', '--subdir', 'DAGS_FOLDER/tasks_relations.py', '--cfg-path', '/tmp/tmp1hzlydp0']
[2023-09-05T15:29:20.187+0000] {standard_task_runner.py:85} INFO - Job 570: Subtask say_hello
[2023-09-05T15:29:20.561+0000] {task_command.py:415} INFO - Running <TaskInstance: tasks_relations.say_hello scheduled__2023-06-19T00:00:00+00:00 [running]> on host ca474790e981
[2023-09-05T15:29:21.092+0000] {taskinstance.py:1660} INFO - Exporting env vars: AIRFLOW_CTX_DAG_OWNER='***' AIRFLOW_CTX_DAG_ID='tasks_relations' AIRFLOW_CTX_TASK_ID='say_hello' AIRFLOW_CTX_EXECUTION_DATE='2023-06-19T00:00:00+00:00' AIRFLOW_CTX_TRY_NUMBER='1' AIRFLOW_CTX_DAG_RUN_ID='scheduled__2023-06-19T00:00:00+00:00'
[2023-09-05T15:29:21.094+0000] {logging_mixin.py:151} INFO - hello world
[2023-09-05T15:29:21.108+0000] {python.py:194} INFO - Done. Returned value was: None
[2023-09-05T15:29:21.148+0000] {taskinstance.py:1400} INFO - Marking task as SUCCESS. dag_id=tasks_relations, task_id=say_hello, execution_date=20230619T000000, start_date=20230905T152919, end_date=20230905T152921
[2023-09-05T15:29:21.396+0000] {local_task_job_runner.py:228} INFO - Task exited with return code 0
[2023-09-05T15:29:21.480+0000] {taskinstance.py:2784} INFO - 1 downstream tasks scheduled from follow-on schedule check
[2023-09-12T17:36:33.886+0000] {taskinstance.py:1159} INFO - Dependencies all met for dep_context=non-requeueable deps ti=<TaskInstance: tasks_relations.say_hello scheduled__2023-06-19T00:00:00+00:00 [queued]>
[2023-09-12T17:36:33.922+0000] {taskinstance.py:1159} INFO - Dependencies all met for dep_context=requeueable deps ti=<TaskInstance: tasks_relations.say_hello scheduled__2023-06-19T00:00:00+00:00 [queued]>
[2023-09-12T17:36:33.923+0000] {taskinstance.py:1361} INFO - Starting attempt 1 of 1
[2023-09-12T17:36:33.948+0000] {taskinstance.py:1382} INFO - Executing <Task(_PythonDecoratedOperator): say_hello> on 2023-06-19 00:00:00+00:00
[2023-09-12T17:36:33.974+0000] {standard_task_runner.py:57} INFO - Started process 2675 to run task
[2023-09-12T17:36:34.000+0000] {standard_task_runner.py:84} INFO - Running: ['***', 'tasks', 'run', 'tasks_relations', 'say_hello', 'scheduled__2023-06-19T00:00:00+00:00', '--job-id', '1263', '--raw', '--subdir', 'DAGS_FOLDER/2_tasks_relations.py', '--cfg-path', '/tmp/tmpme7nzk0n']
[2023-09-12T17:36:34.011+0000] {standard_task_runner.py:85} INFO - Job 1263: Subtask say_hello
[2023-09-12T17:36:34.191+0000] {task_command.py:415} INFO - Running <TaskInstance: tasks_relations.say_hello scheduled__2023-06-19T00:00:00+00:00 [running]> on host 0ab7970e0956
[2023-09-12T17:36:34.431+0000] {taskinstance.py:1660} INFO - Exporting env vars: AIRFLOW_CTX_DAG_OWNER='***' AIRFLOW_CTX_DAG_ID='tasks_relations' AIRFLOW_CTX_TASK_ID='say_hello' AIRFLOW_CTX_EXECUTION_DATE='2023-06-19T00:00:00+00:00' AIRFLOW_CTX_TRY_NUMBER='1' AIRFLOW_CTX_DAG_RUN_ID='scheduled__2023-06-19T00:00:00+00:00'
[2023-09-12T17:36:34.434+0000] {logging_mixin.py:151} INFO - hello world
[2023-09-12T17:36:34.434+0000] {python.py:194} INFO - Done. Returned value was: None
[2023-09-12T17:36:34.452+0000] {taskinstance.py:1400} INFO - Marking task as SUCCESS. dag_id=tasks_relations, task_id=say_hello, execution_date=20230619T000000, start_date=20230912T173633, end_date=20230912T173634
[2023-09-12T17:36:34.525+0000] {local_task_job_runner.py:228} INFO - Task exited with return code 0
[2023-09-12T17:36:34.579+0000] {taskinstance.py:2784} INFO - 1 downstream tasks scheduled from follow-on schedule check
