[2023-09-05T15:24:39.030+0000] {taskinstance.py:1159} INFO - Dependencies all met for dep_context=non-requeueable deps ti=<TaskInstance: tasks_relations.say_bye scheduled__2023-01-18T00:00:00+00:00 [queued]>
[2023-09-05T15:24:39.090+0000] {taskinstance.py:1159} INFO - Dependencies all met for dep_context=requeueable deps ti=<TaskInstance: tasks_relations.say_bye scheduled__2023-01-18T00:00:00+00:00 [queued]>
[2023-09-05T15:24:39.096+0000] {taskinstance.py:1361} INFO - Starting attempt 1 of 1
[2023-09-05T15:24:39.226+0000] {taskinstance.py:1382} INFO - Executing <Task(_PythonDecoratedOperator): say_bye> on 2023-01-18 00:00:00+00:00
[2023-09-05T15:24:39.284+0000] {standard_task_runner.py:57} INFO - Started process 235 to run task
[2023-09-05T15:24:39.416+0000] {standard_task_runner.py:84} INFO - Running: ['***', 'tasks', 'run', 'tasks_relations', 'say_bye', 'scheduled__2023-01-18T00:00:00+00:00', '--job-id', '81', '--raw', '--subdir', 'DAGS_FOLDER/tasks_relations.py', '--cfg-path', '/tmp/tmpahq9kljn']
[2023-09-05T15:24:39.464+0000] {standard_task_runner.py:85} INFO - Job 81: Subtask say_bye
[2023-09-05T15:24:39.763+0000] {task_command.py:415} INFO - Running <TaskInstance: tasks_relations.say_bye scheduled__2023-01-18T00:00:00+00:00 [running]> on host ca474790e981
[2023-09-05T15:24:40.217+0000] {taskinstance.py:1660} INFO - Exporting env vars: AIRFLOW_CTX_DAG_OWNER='***' AIRFLOW_CTX_DAG_ID='tasks_relations' AIRFLOW_CTX_TASK_ID='say_bye' AIRFLOW_CTX_EXECUTION_DATE='2023-01-18T00:00:00+00:00' AIRFLOW_CTX_TRY_NUMBER='1' AIRFLOW_CTX_DAG_RUN_ID='scheduled__2023-01-18T00:00:00+00:00'
[2023-09-05T15:24:40.233+0000] {logging_mixin.py:151} INFO - goodbye ***
[2023-09-05T15:24:40.235+0000] {python.py:194} INFO - Done. Returned value was: None
[2023-09-05T15:24:40.261+0000] {taskinstance.py:1400} INFO - Marking task as SUCCESS. dag_id=tasks_relations, task_id=say_bye, execution_date=20230118T000000, start_date=20230905T152439, end_date=20230905T152440
[2023-09-05T15:24:40.408+0000] {local_task_job_runner.py:228} INFO - Task exited with return code 0
[2023-09-05T15:24:40.508+0000] {taskinstance.py:2784} INFO - 0 downstream tasks scheduled from follow-on schedule check
[2023-09-12T17:33:25.676+0000] {taskinstance.py:1159} INFO - Dependencies all met for dep_context=non-requeueable deps ti=<TaskInstance: tasks_relations.say_bye scheduled__2023-01-18T00:00:00+00:00 [queued]>
[2023-09-12T17:33:25.924+0000] {taskinstance.py:1159} INFO - Dependencies all met for dep_context=requeueable deps ti=<TaskInstance: tasks_relations.say_bye scheduled__2023-01-18T00:00:00+00:00 [queued]>
[2023-09-12T17:33:25.939+0000] {taskinstance.py:1361} INFO - Starting attempt 1 of 1
[2023-09-12T17:33:26.541+0000] {taskinstance.py:1382} INFO - Executing <Task(_PythonDecoratedOperator): say_bye> on 2023-01-18 00:00:00+00:00
[2023-09-12T17:33:26.681+0000] {standard_task_runner.py:57} INFO - Started process 518 to run task
[2023-09-12T17:33:26.782+0000] {standard_task_runner.py:84} INFO - Running: ['***', 'tasks', 'run', 'tasks_relations', 'say_bye', 'scheduled__2023-01-18T00:00:00+00:00', '--job-id', '205', '--raw', '--subdir', 'DAGS_FOLDER/2_tasks_relations.py', '--cfg-path', '/tmp/tmpcaqtk8ws']
[2023-09-12T17:33:26.810+0000] {standard_task_runner.py:85} INFO - Job 205: Subtask say_bye
[2023-09-12T17:33:27.350+0000] {task_command.py:415} INFO - Running <TaskInstance: tasks_relations.say_bye scheduled__2023-01-18T00:00:00+00:00 [running]> on host 0ab7970e0956
[2023-09-12T17:33:27.916+0000] {taskinstance.py:1660} INFO - Exporting env vars: AIRFLOW_CTX_DAG_OWNER='***' AIRFLOW_CTX_DAG_ID='tasks_relations' AIRFLOW_CTX_TASK_ID='say_bye' AIRFLOW_CTX_EXECUTION_DATE='2023-01-18T00:00:00+00:00' AIRFLOW_CTX_TRY_NUMBER='1' AIRFLOW_CTX_DAG_RUN_ID='scheduled__2023-01-18T00:00:00+00:00'
[2023-09-12T17:33:27.929+0000] {logging_mixin.py:151} INFO - goodbye world
[2023-09-12T17:33:27.938+0000] {python.py:194} INFO - Done. Returned value was: None
[2023-09-12T17:33:28.054+0000] {taskinstance.py:1400} INFO - Marking task as SUCCESS. dag_id=tasks_relations, task_id=say_bye, execution_date=20230118T000000, start_date=20230912T173325, end_date=20230912T173328
[2023-09-12T17:33:28.302+0000] {local_task_job_runner.py:228} INFO - Task exited with return code 0
[2023-09-12T17:33:28.479+0000] {taskinstance.py:2784} INFO - 0 downstream tasks scheduled from follow-on schedule check
