[2023-09-14T11:43:17.488+0000] {processor.py:157} INFO - Started process (PID=34) to work on /opt/airflow/dags/2_tasks_relations.py
[2023-09-14T11:43:17.490+0000] {processor.py:829} INFO - Processing file /opt/airflow/dags/2_tasks_relations.py for tasks to queue
[2023-09-14T11:43:17.493+0000] {logging_mixin.py:151} INFO - [2023-09-14T11:43:17.492+0000] {dagbag.py:539} INFO - Filling up the DagBag from /opt/airflow/dags/2_tasks_relations.py
[2023-09-14T11:43:17.513+0000] {processor.py:839} INFO - DAG(s) dict_keys(['tasks_relations']) retrieved from /opt/airflow/dags/2_tasks_relations.py
[2023-09-14T11:43:17.936+0000] {logging_mixin.py:151} INFO - [2023-09-14T11:43:17.935+0000] {manager.py:501} INFO - Created Permission View: can edit on DAG:tasks_relations
[2023-09-14T11:43:17.974+0000] {logging_mixin.py:151} INFO - [2023-09-14T11:43:17.973+0000] {manager.py:501} INFO - Created Permission View: can read on DAG:tasks_relations
[2023-09-14T11:43:18.045+0000] {logging_mixin.py:151} INFO - [2023-09-14T11:43:18.044+0000] {manager.py:501} INFO - Created Permission View: can delete on DAG:tasks_relations
[2023-09-14T11:43:18.057+0000] {logging_mixin.py:151} INFO - [2023-09-14T11:43:18.057+0000] {dag.py:2907} INFO - Sync 1 DAGs
[2023-09-14T11:43:18.064+0000] {logging_mixin.py:151} INFO - [2023-09-14T11:43:18.063+0000] {dag.py:2929} INFO - Creating ORM DAG for tasks_relations
[2023-09-14T11:43:18.070+0000] {logging_mixin.py:151} INFO - [2023-09-14T11:43:18.070+0000] {dag.py:3677} INFO - Setting next_dagrun for tasks_relations to 2023-09-13T11:43:18.069911+00:00, run_after=2023-09-14T11:43:18.069911+00:00
[2023-09-14T11:43:18.084+0000] {processor.py:179} INFO - Processing /opt/airflow/dags/2_tasks_relations.py took 0.599 seconds
[2023-09-14T11:43:49.870+0000] {processor.py:157} INFO - Started process (PID=47) to work on /opt/airflow/dags/2_tasks_relations.py
[2023-09-14T11:43:49.871+0000] {processor.py:829} INFO - Processing file /opt/airflow/dags/2_tasks_relations.py for tasks to queue
[2023-09-14T11:43:49.875+0000] {logging_mixin.py:151} INFO - [2023-09-14T11:43:49.874+0000] {dagbag.py:539} INFO - Filling up the DagBag from /opt/airflow/dags/2_tasks_relations.py
[2023-09-14T11:43:49.893+0000] {processor.py:839} INFO - DAG(s) dict_keys(['tasks_relations']) retrieved from /opt/airflow/dags/2_tasks_relations.py
[2023-09-14T11:43:50.076+0000] {logging_mixin.py:151} INFO - [2023-09-14T11:43:50.076+0000] {dag.py:2907} INFO - Sync 1 DAGs
[2023-09-14T11:43:50.091+0000] {logging_mixin.py:151} INFO - [2023-09-14T11:43:50.091+0000] {dag.py:3677} INFO - Setting next_dagrun for tasks_relations to 2023-09-13T11:43:50.091317+00:00, run_after=2023-09-14T11:43:50.091317+00:00
[2023-09-14T11:43:50.104+0000] {processor.py:179} INFO - Processing /opt/airflow/dags/2_tasks_relations.py took 0.239 seconds
[2023-09-14T11:44:20.800+0000] {processor.py:157} INFO - Started process (PID=59) to work on /opt/airflow/dags/2_tasks_relations.py
[2023-09-14T11:44:20.801+0000] {processor.py:829} INFO - Processing file /opt/airflow/dags/2_tasks_relations.py for tasks to queue
[2023-09-14T11:44:20.803+0000] {logging_mixin.py:151} INFO - [2023-09-14T11:44:20.803+0000] {dagbag.py:539} INFO - Filling up the DagBag from /opt/airflow/dags/2_tasks_relations.py
[2023-09-14T11:44:20.811+0000] {processor.py:839} INFO - DAG(s) dict_keys(['tasks_relations']) retrieved from /opt/airflow/dags/2_tasks_relations.py
[2023-09-14T11:44:20.829+0000] {logging_mixin.py:151} INFO - [2023-09-14T11:44:20.829+0000] {dag.py:2907} INFO - Sync 1 DAGs
[2023-09-14T11:44:20.842+0000] {logging_mixin.py:151} INFO - [2023-09-14T11:44:20.842+0000] {dag.py:3677} INFO - Setting next_dagrun for tasks_relations to 2023-09-13T11:44:20.842034+00:00, run_after=2023-09-14T11:44:20.842034+00:00
[2023-09-14T11:44:20.855+0000] {processor.py:179} INFO - Processing /opt/airflow/dags/2_tasks_relations.py took 0.057 seconds
[2023-09-14T11:44:51.182+0000] {processor.py:157} INFO - Started process (PID=70) to work on /opt/airflow/dags/2_tasks_relations.py
[2023-09-14T11:44:51.183+0000] {processor.py:829} INFO - Processing file /opt/airflow/dags/2_tasks_relations.py for tasks to queue
[2023-09-14T11:44:51.185+0000] {logging_mixin.py:151} INFO - [2023-09-14T11:44:51.184+0000] {dagbag.py:539} INFO - Filling up the DagBag from /opt/airflow/dags/2_tasks_relations.py
[2023-09-14T11:44:51.195+0000] {processor.py:839} INFO - DAG(s) dict_keys(['tasks_relations']) retrieved from /opt/airflow/dags/2_tasks_relations.py
[2023-09-14T11:44:51.222+0000] {logging_mixin.py:151} INFO - [2023-09-14T11:44:51.221+0000] {dag.py:2907} INFO - Sync 1 DAGs
[2023-09-14T11:44:51.238+0000] {logging_mixin.py:151} INFO - [2023-09-14T11:44:51.238+0000] {dag.py:3677} INFO - Setting next_dagrun for tasks_relations to 2023-09-13T11:44:51.238224+00:00, run_after=2023-09-14T11:44:51.238224+00:00
[2023-09-14T11:44:51.254+0000] {processor.py:179} INFO - Processing /opt/airflow/dags/2_tasks_relations.py took 0.075 seconds
[2023-09-14T11:45:22.825+0000] {processor.py:157} INFO - Started process (PID=82) to work on /opt/airflow/dags/2_tasks_relations.py
[2023-09-14T11:45:22.827+0000] {processor.py:829} INFO - Processing file /opt/airflow/dags/2_tasks_relations.py for tasks to queue
[2023-09-14T11:45:22.830+0000] {logging_mixin.py:151} INFO - [2023-09-14T11:45:22.830+0000] {dagbag.py:539} INFO - Filling up the DagBag from /opt/airflow/dags/2_tasks_relations.py
[2023-09-14T11:45:22.839+0000] {processor.py:839} INFO - DAG(s) dict_keys(['tasks_relations']) retrieved from /opt/airflow/dags/2_tasks_relations.py
[2023-09-14T11:45:22.876+0000] {logging_mixin.py:151} INFO - [2023-09-14T11:45:22.876+0000] {dag.py:2907} INFO - Sync 1 DAGs
[2023-09-14T11:45:22.905+0000] {logging_mixin.py:151} INFO - [2023-09-14T11:45:22.905+0000] {dag.py:3677} INFO - Setting next_dagrun for tasks_relations to 2023-09-13T11:45:22.904681+00:00, run_after=2023-09-14T11:45:22.904681+00:00
[2023-09-14T11:45:22.932+0000] {processor.py:179} INFO - Processing /opt/airflow/dags/2_tasks_relations.py took 0.110 seconds
[2023-09-14T11:45:53.620+0000] {processor.py:157} INFO - Started process (PID=94) to work on /opt/airflow/dags/2_tasks_relations.py
[2023-09-14T11:45:53.621+0000] {processor.py:829} INFO - Processing file /opt/airflow/dags/2_tasks_relations.py for tasks to queue
[2023-09-14T11:45:53.623+0000] {logging_mixin.py:151} INFO - [2023-09-14T11:45:53.623+0000] {dagbag.py:539} INFO - Filling up the DagBag from /opt/airflow/dags/2_tasks_relations.py
[2023-09-14T11:45:53.635+0000] {processor.py:839} INFO - DAG(s) dict_keys(['tasks_relations']) retrieved from /opt/airflow/dags/2_tasks_relations.py
[2023-09-14T11:45:53.659+0000] {logging_mixin.py:151} INFO - [2023-09-14T11:45:53.659+0000] {dag.py:2907} INFO - Sync 1 DAGs
[2023-09-14T11:45:53.676+0000] {logging_mixin.py:151} INFO - [2023-09-14T11:45:53.676+0000] {dag.py:3677} INFO - Setting next_dagrun for tasks_relations to 2023-09-13T11:45:53.676597+00:00, run_after=2023-09-14T11:45:53.676597+00:00
[2023-09-14T11:45:53.692+0000] {processor.py:179} INFO - Processing /opt/airflow/dags/2_tasks_relations.py took 0.075 seconds
[2023-09-14T11:46:24.039+0000] {processor.py:157} INFO - Started process (PID=106) to work on /opt/airflow/dags/2_tasks_relations.py
[2023-09-14T11:46:24.040+0000] {processor.py:829} INFO - Processing file /opt/airflow/dags/2_tasks_relations.py for tasks to queue
[2023-09-14T11:46:24.042+0000] {logging_mixin.py:151} INFO - [2023-09-14T11:46:24.042+0000] {dagbag.py:539} INFO - Filling up the DagBag from /opt/airflow/dags/2_tasks_relations.py
[2023-09-14T11:46:24.050+0000] {processor.py:839} INFO - DAG(s) dict_keys(['tasks_relations']) retrieved from /opt/airflow/dags/2_tasks_relations.py
[2023-09-14T11:46:24.069+0000] {logging_mixin.py:151} INFO - [2023-09-14T11:46:24.069+0000] {dag.py:2907} INFO - Sync 1 DAGs
[2023-09-14T11:46:24.081+0000] {logging_mixin.py:151} INFO - [2023-09-14T11:46:24.081+0000] {dag.py:3677} INFO - Setting next_dagrun for tasks_relations to 2023-09-13T11:46:24.081312+00:00, run_after=2023-09-14T11:46:24.081312+00:00
[2023-09-14T11:46:24.092+0000] {processor.py:179} INFO - Processing /opt/airflow/dags/2_tasks_relations.py took 0.056 seconds
[2023-09-14T11:46:54.576+0000] {processor.py:157} INFO - Started process (PID=118) to work on /opt/airflow/dags/2_tasks_relations.py
[2023-09-14T11:46:54.577+0000] {processor.py:829} INFO - Processing file /opt/airflow/dags/2_tasks_relations.py for tasks to queue
[2023-09-14T11:46:54.579+0000] {logging_mixin.py:151} INFO - [2023-09-14T11:46:54.579+0000] {dagbag.py:539} INFO - Filling up the DagBag from /opt/airflow/dags/2_tasks_relations.py
[2023-09-14T11:46:54.587+0000] {processor.py:839} INFO - DAG(s) dict_keys(['tasks_relations']) retrieved from /opt/airflow/dags/2_tasks_relations.py
[2023-09-14T11:46:54.606+0000] {logging_mixin.py:151} INFO - [2023-09-14T11:46:54.606+0000] {dag.py:2907} INFO - Sync 1 DAGs
[2023-09-14T11:46:54.619+0000] {logging_mixin.py:151} INFO - [2023-09-14T11:46:54.619+0000] {dag.py:3677} INFO - Setting next_dagrun for tasks_relations to 2023-09-13T11:46:54.619006+00:00, run_after=2023-09-14T11:46:54.619006+00:00
[2023-09-14T11:46:54.631+0000] {processor.py:179} INFO - Processing /opt/airflow/dags/2_tasks_relations.py took 0.057 seconds
[2023-09-14T11:47:25.170+0000] {processor.py:157} INFO - Started process (PID=131) to work on /opt/airflow/dags/2_tasks_relations.py
[2023-09-14T11:47:25.171+0000] {processor.py:829} INFO - Processing file /opt/airflow/dags/2_tasks_relations.py for tasks to queue
[2023-09-14T11:47:25.173+0000] {logging_mixin.py:151} INFO - [2023-09-14T11:47:25.172+0000] {dagbag.py:539} INFO - Filling up the DagBag from /opt/airflow/dags/2_tasks_relations.py
[2023-09-14T11:47:25.180+0000] {processor.py:839} INFO - DAG(s) dict_keys(['tasks_relations']) retrieved from /opt/airflow/dags/2_tasks_relations.py
[2023-09-14T11:47:25.197+0000] {logging_mixin.py:151} INFO - [2023-09-14T11:47:25.197+0000] {dag.py:2907} INFO - Sync 1 DAGs
[2023-09-14T11:47:25.210+0000] {logging_mixin.py:151} INFO - [2023-09-14T11:47:25.210+0000] {dag.py:3677} INFO - Setting next_dagrun for tasks_relations to 2023-09-13T11:47:25.210411+00:00, run_after=2023-09-14T11:47:25.210411+00:00
[2023-09-14T11:47:25.221+0000] {processor.py:179} INFO - Processing /opt/airflow/dags/2_tasks_relations.py took 0.054 seconds
[2023-09-14T11:47:55.682+0000] {processor.py:157} INFO - Started process (PID=143) to work on /opt/airflow/dags/2_tasks_relations.py
[2023-09-14T11:47:55.683+0000] {processor.py:829} INFO - Processing file /opt/airflow/dags/2_tasks_relations.py for tasks to queue
[2023-09-14T11:47:55.684+0000] {logging_mixin.py:151} INFO - [2023-09-14T11:47:55.684+0000] {dagbag.py:539} INFO - Filling up the DagBag from /opt/airflow/dags/2_tasks_relations.py
[2023-09-14T11:47:55.691+0000] {processor.py:839} INFO - DAG(s) dict_keys(['tasks_relations']) retrieved from /opt/airflow/dags/2_tasks_relations.py
[2023-09-14T11:47:55.711+0000] {logging_mixin.py:151} INFO - [2023-09-14T11:47:55.710+0000] {dag.py:2907} INFO - Sync 1 DAGs
[2023-09-14T11:47:55.724+0000] {logging_mixin.py:151} INFO - [2023-09-14T11:47:55.724+0000] {dag.py:3677} INFO - Setting next_dagrun for tasks_relations to 2023-09-13T11:47:55.724469+00:00, run_after=2023-09-14T11:47:55.724469+00:00
[2023-09-14T11:47:55.736+0000] {processor.py:179} INFO - Processing /opt/airflow/dags/2_tasks_relations.py took 0.057 seconds
[2023-09-14T11:48:26.273+0000] {processor.py:157} INFO - Started process (PID=155) to work on /opt/airflow/dags/2_tasks_relations.py
[2023-09-14T11:48:26.274+0000] {processor.py:829} INFO - Processing file /opt/airflow/dags/2_tasks_relations.py for tasks to queue
[2023-09-14T11:48:26.276+0000] {logging_mixin.py:151} INFO - [2023-09-14T11:48:26.276+0000] {dagbag.py:539} INFO - Filling up the DagBag from /opt/airflow/dags/2_tasks_relations.py
[2023-09-14T11:48:26.283+0000] {processor.py:839} INFO - DAG(s) dict_keys(['tasks_relations']) retrieved from /opt/airflow/dags/2_tasks_relations.py
[2023-09-14T11:48:26.302+0000] {logging_mixin.py:151} INFO - [2023-09-14T11:48:26.301+0000] {dag.py:2907} INFO - Sync 1 DAGs
[2023-09-14T11:48:26.315+0000] {logging_mixin.py:151} INFO - [2023-09-14T11:48:26.314+0000] {dag.py:3677} INFO - Setting next_dagrun for tasks_relations to 2023-09-13T11:48:26.314703+00:00, run_after=2023-09-14T11:48:26.314703+00:00
[2023-09-14T11:48:26.326+0000] {processor.py:179} INFO - Processing /opt/airflow/dags/2_tasks_relations.py took 0.056 seconds
