[2023-09-14T11:43:16.248+0000] {processor.py:157} INFO - Started process (PID=31) to work on /opt/airflow/dags/3_xcom.py
[2023-09-14T11:43:16.257+0000] {processor.py:829} INFO - Processing file /opt/airflow/dags/3_xcom.py for tasks to queue
[2023-09-14T11:43:16.266+0000] {logging_mixin.py:151} INFO - [2023-09-14T11:43:16.265+0000] {dagbag.py:539} INFO - Filling up the DagBag from /opt/airflow/dags/3_xcom.py
[2023-09-14T11:43:16.293+0000] {processor.py:839} INFO - DAG(s) dict_keys(['xcom_dag']) retrieved from /opt/airflow/dags/3_xcom.py
[2023-09-14T11:43:17.007+0000] {logging_mixin.py:151} INFO - [2023-09-14T11:43:17.007+0000] {manager.py:501} INFO - Created Permission View: can edit on DAG:xcom_dag
[2023-09-14T11:43:17.061+0000] {logging_mixin.py:151} INFO - [2023-09-14T11:43:17.061+0000] {manager.py:501} INFO - Created Permission View: can read on DAG:xcom_dag
[2023-09-14T11:43:17.077+0000] {logging_mixin.py:151} INFO - [2023-09-14T11:43:17.077+0000] {manager.py:501} INFO - Created Permission View: can delete on DAG:xcom_dag
[2023-09-14T11:43:17.096+0000] {logging_mixin.py:151} INFO - [2023-09-14T11:43:17.092+0000] {dag.py:2907} INFO - Sync 1 DAGs
[2023-09-14T11:43:17.118+0000] {logging_mixin.py:151} INFO - [2023-09-14T11:43:17.118+0000] {dag.py:2929} INFO - Creating ORM DAG for xcom_dag
[2023-09-14T11:43:17.129+0000] {logging_mixin.py:151} INFO - [2023-09-14T11:43:17.129+0000] {dag.py:3677} INFO - Setting next_dagrun for xcom_dag to 2023-09-13T11:43:17.129009+00:00, run_after=2023-09-14T11:43:17.129009+00:00
[2023-09-14T11:43:17.162+0000] {processor.py:179} INFO - Processing /opt/airflow/dags/3_xcom.py took 0.919 seconds
[2023-09-14T11:43:47.794+0000] {processor.py:157} INFO - Started process (PID=44) to work on /opt/airflow/dags/3_xcom.py
[2023-09-14T11:43:47.799+0000] {processor.py:829} INFO - Processing file /opt/airflow/dags/3_xcom.py for tasks to queue
[2023-09-14T11:43:47.835+0000] {logging_mixin.py:151} INFO - [2023-09-14T11:43:47.813+0000] {dagbag.py:539} INFO - Filling up the DagBag from /opt/airflow/dags/3_xcom.py
[2023-09-14T11:43:47.949+0000] {processor.py:839} INFO - DAG(s) dict_keys(['xcom_dag']) retrieved from /opt/airflow/dags/3_xcom.py
[2023-09-14T11:43:49.483+0000] {logging_mixin.py:151} INFO - [2023-09-14T11:43:49.482+0000] {dag.py:2907} INFO - Sync 1 DAGs
[2023-09-14T11:43:49.510+0000] {logging_mixin.py:151} INFO - [2023-09-14T11:43:49.510+0000] {dag.py:3677} INFO - Setting next_dagrun for xcom_dag to 2023-09-13T11:43:49.509547+00:00, run_after=2023-09-14T11:43:49.509547+00:00
[2023-09-14T11:43:49.536+0000] {processor.py:179} INFO - Processing /opt/airflow/dags/3_xcom.py took 1.773 seconds
[2023-09-14T11:44:19.878+0000] {processor.py:157} INFO - Started process (PID=55) to work on /opt/airflow/dags/3_xcom.py
[2023-09-14T11:44:19.879+0000] {processor.py:829} INFO - Processing file /opt/airflow/dags/3_xcom.py for tasks to queue
[2023-09-14T11:44:19.882+0000] {logging_mixin.py:151} INFO - [2023-09-14T11:44:19.882+0000] {dagbag.py:539} INFO - Filling up the DagBag from /opt/airflow/dags/3_xcom.py
[2023-09-14T11:44:19.895+0000] {processor.py:839} INFO - DAG(s) dict_keys(['xcom_dag']) retrieved from /opt/airflow/dags/3_xcom.py
[2023-09-14T11:44:19.955+0000] {logging_mixin.py:151} INFO - [2023-09-14T11:44:19.954+0000] {dag.py:2907} INFO - Sync 1 DAGs
[2023-09-14T11:44:19.990+0000] {logging_mixin.py:151} INFO - [2023-09-14T11:44:19.990+0000] {dag.py:3677} INFO - Setting next_dagrun for xcom_dag to 2023-09-13T11:44:19.989909+00:00, run_after=2023-09-14T11:44:19.989909+00:00
[2023-09-14T11:44:20.011+0000] {processor.py:179} INFO - Processing /opt/airflow/dags/3_xcom.py took 0.138 seconds
[2023-09-14T11:44:50.945+0000] {processor.py:157} INFO - Started process (PID=67) to work on /opt/airflow/dags/3_xcom.py
[2023-09-14T11:44:50.946+0000] {processor.py:829} INFO - Processing file /opt/airflow/dags/3_xcom.py for tasks to queue
[2023-09-14T11:44:50.949+0000] {logging_mixin.py:151} INFO - [2023-09-14T11:44:50.949+0000] {dagbag.py:539} INFO - Filling up the DagBag from /opt/airflow/dags/3_xcom.py
[2023-09-14T11:44:50.962+0000] {processor.py:839} INFO - DAG(s) dict_keys(['xcom_dag']) retrieved from /opt/airflow/dags/3_xcom.py
[2023-09-14T11:44:50.995+0000] {logging_mixin.py:151} INFO - [2023-09-14T11:44:50.995+0000] {dag.py:2907} INFO - Sync 1 DAGs
[2023-09-14T11:44:51.026+0000] {logging_mixin.py:151} INFO - [2023-09-14T11:44:51.025+0000] {dag.py:3677} INFO - Setting next_dagrun for xcom_dag to 2023-09-13T11:44:51.025660+00:00, run_after=2023-09-14T11:44:51.025660+00:00
[2023-09-14T11:44:51.058+0000] {processor.py:179} INFO - Processing /opt/airflow/dags/3_xcom.py took 0.116 seconds
[2023-09-14T11:45:22.253+0000] {processor.py:157} INFO - Started process (PID=79) to work on /opt/airflow/dags/3_xcom.py
[2023-09-14T11:45:22.259+0000] {processor.py:829} INFO - Processing file /opt/airflow/dags/3_xcom.py for tasks to queue
[2023-09-14T11:45:22.273+0000] {logging_mixin.py:151} INFO - [2023-09-14T11:45:22.271+0000] {dagbag.py:539} INFO - Filling up the DagBag from /opt/airflow/dags/3_xcom.py
[2023-09-14T11:45:22.388+0000] {processor.py:839} INFO - DAG(s) dict_keys(['xcom_dag']) retrieved from /opt/airflow/dags/3_xcom.py
[2023-09-14T11:45:22.541+0000] {logging_mixin.py:151} INFO - [2023-09-14T11:45:22.541+0000] {dag.py:2907} INFO - Sync 1 DAGs
[2023-09-14T11:45:22.615+0000] {logging_mixin.py:151} INFO - [2023-09-14T11:45:22.615+0000] {dag.py:3677} INFO - Setting next_dagrun for xcom_dag to 2023-09-13T11:45:22.613765+00:00, run_after=2023-09-14T11:45:22.613765+00:00
[2023-09-14T11:45:22.663+0000] {processor.py:179} INFO - Processing /opt/airflow/dags/3_xcom.py took 0.465 seconds
[2023-09-14T11:45:53.281+0000] {processor.py:157} INFO - Started process (PID=91) to work on /opt/airflow/dags/3_xcom.py
[2023-09-14T11:45:53.282+0000] {processor.py:829} INFO - Processing file /opt/airflow/dags/3_xcom.py for tasks to queue
[2023-09-14T11:45:53.284+0000] {logging_mixin.py:151} INFO - [2023-09-14T11:45:53.283+0000] {dagbag.py:539} INFO - Filling up the DagBag from /opt/airflow/dags/3_xcom.py
[2023-09-14T11:45:53.301+0000] {processor.py:839} INFO - DAG(s) dict_keys(['xcom_dag']) retrieved from /opt/airflow/dags/3_xcom.py
[2023-09-14T11:45:53.333+0000] {logging_mixin.py:151} INFO - [2023-09-14T11:45:53.333+0000] {dag.py:2907} INFO - Sync 1 DAGs
[2023-09-14T11:45:53.373+0000] {logging_mixin.py:151} INFO - [2023-09-14T11:45:53.373+0000] {dag.py:3677} INFO - Setting next_dagrun for xcom_dag to 2023-09-13T11:45:53.372770+00:00, run_after=2023-09-14T11:45:53.372770+00:00
[2023-09-14T11:45:53.433+0000] {processor.py:179} INFO - Processing /opt/airflow/dags/3_xcom.py took 0.157 seconds
[2023-09-14T11:46:23.877+0000] {processor.py:157} INFO - Started process (PID=103) to work on /opt/airflow/dags/3_xcom.py
[2023-09-14T11:46:23.878+0000] {processor.py:829} INFO - Processing file /opt/airflow/dags/3_xcom.py for tasks to queue
[2023-09-14T11:46:23.880+0000] {logging_mixin.py:151} INFO - [2023-09-14T11:46:23.880+0000] {dagbag.py:539} INFO - Filling up the DagBag from /opt/airflow/dags/3_xcom.py
[2023-09-14T11:46:23.893+0000] {processor.py:839} INFO - DAG(s) dict_keys(['xcom_dag']) retrieved from /opt/airflow/dags/3_xcom.py
[2023-09-14T11:46:23.919+0000] {logging_mixin.py:151} INFO - [2023-09-14T11:46:23.919+0000] {dag.py:2907} INFO - Sync 1 DAGs
[2023-09-14T11:46:23.935+0000] {logging_mixin.py:151} INFO - [2023-09-14T11:46:23.935+0000] {dag.py:3677} INFO - Setting next_dagrun for xcom_dag to 2023-09-13T11:46:23.935335+00:00, run_after=2023-09-14T11:46:23.935335+00:00
[2023-09-14T11:46:23.949+0000] {processor.py:179} INFO - Processing /opt/airflow/dags/3_xcom.py took 0.075 seconds
[2023-09-14T11:46:54.411+0000] {processor.py:157} INFO - Started process (PID=115) to work on /opt/airflow/dags/3_xcom.py
[2023-09-14T11:46:54.412+0000] {processor.py:829} INFO - Processing file /opt/airflow/dags/3_xcom.py for tasks to queue
[2023-09-14T11:46:54.416+0000] {logging_mixin.py:151} INFO - [2023-09-14T11:46:54.415+0000] {dagbag.py:539} INFO - Filling up the DagBag from /opt/airflow/dags/3_xcom.py
[2023-09-14T11:46:54.431+0000] {processor.py:839} INFO - DAG(s) dict_keys(['xcom_dag']) retrieved from /opt/airflow/dags/3_xcom.py
[2023-09-14T11:46:54.460+0000] {logging_mixin.py:151} INFO - [2023-09-14T11:46:54.460+0000] {dag.py:2907} INFO - Sync 1 DAGs
[2023-09-14T11:46:54.477+0000] {logging_mixin.py:151} INFO - [2023-09-14T11:46:54.477+0000] {dag.py:3677} INFO - Setting next_dagrun for xcom_dag to 2023-09-13T11:46:54.477167+00:00, run_after=2023-09-14T11:46:54.477167+00:00
[2023-09-14T11:46:54.488+0000] {processor.py:179} INFO - Processing /opt/airflow/dags/3_xcom.py took 0.081 seconds
[2023-09-14T11:47:25.030+0000] {processor.py:157} INFO - Started process (PID=128) to work on /opt/airflow/dags/3_xcom.py
[2023-09-14T11:47:25.030+0000] {processor.py:829} INFO - Processing file /opt/airflow/dags/3_xcom.py for tasks to queue
[2023-09-14T11:47:25.032+0000] {logging_mixin.py:151} INFO - [2023-09-14T11:47:25.032+0000] {dagbag.py:539} INFO - Filling up the DagBag from /opt/airflow/dags/3_xcom.py
[2023-09-14T11:47:25.041+0000] {processor.py:839} INFO - DAG(s) dict_keys(['xcom_dag']) retrieved from /opt/airflow/dags/3_xcom.py
[2023-09-14T11:47:25.062+0000] {logging_mixin.py:151} INFO - [2023-09-14T11:47:25.061+0000] {dag.py:2907} INFO - Sync 1 DAGs
[2023-09-14T11:47:25.077+0000] {logging_mixin.py:151} INFO - [2023-09-14T11:47:25.077+0000] {dag.py:3677} INFO - Setting next_dagrun for xcom_dag to 2023-09-13T11:47:25.077068+00:00, run_after=2023-09-14T11:47:25.077068+00:00
[2023-09-14T11:47:25.089+0000] {processor.py:179} INFO - Processing /opt/airflow/dags/3_xcom.py took 0.062 seconds
[2023-09-14T11:47:55.530+0000] {processor.py:157} INFO - Started process (PID=140) to work on /opt/airflow/dags/3_xcom.py
[2023-09-14T11:47:55.530+0000] {processor.py:829} INFO - Processing file /opt/airflow/dags/3_xcom.py for tasks to queue
[2023-09-14T11:47:55.532+0000] {logging_mixin.py:151} INFO - [2023-09-14T11:47:55.532+0000] {dagbag.py:539} INFO - Filling up the DagBag from /opt/airflow/dags/3_xcom.py
[2023-09-14T11:47:55.540+0000] {processor.py:839} INFO - DAG(s) dict_keys(['xcom_dag']) retrieved from /opt/airflow/dags/3_xcom.py
[2023-09-14T11:47:55.561+0000] {logging_mixin.py:151} INFO - [2023-09-14T11:47:55.561+0000] {dag.py:2907} INFO - Sync 1 DAGs
[2023-09-14T11:47:55.577+0000] {logging_mixin.py:151} INFO - [2023-09-14T11:47:55.577+0000] {dag.py:3677} INFO - Setting next_dagrun for xcom_dag to 2023-09-13T11:47:55.577225+00:00, run_after=2023-09-14T11:47:55.577225+00:00
[2023-09-14T11:47:55.589+0000] {processor.py:179} INFO - Processing /opt/airflow/dags/3_xcom.py took 0.062 seconds
[2023-09-14T11:48:26.125+0000] {processor.py:157} INFO - Started process (PID=152) to work on /opt/airflow/dags/3_xcom.py
[2023-09-14T11:48:26.126+0000] {processor.py:829} INFO - Processing file /opt/airflow/dags/3_xcom.py for tasks to queue
[2023-09-14T11:48:26.128+0000] {logging_mixin.py:151} INFO - [2023-09-14T11:48:26.127+0000] {dagbag.py:539} INFO - Filling up the DagBag from /opt/airflow/dags/3_xcom.py
[2023-09-14T11:48:26.137+0000] {processor.py:839} INFO - DAG(s) dict_keys(['xcom_dag']) retrieved from /opt/airflow/dags/3_xcom.py
[2023-09-14T11:48:26.163+0000] {logging_mixin.py:151} INFO - [2023-09-14T11:48:26.162+0000] {dag.py:2907} INFO - Sync 1 DAGs
[2023-09-14T11:48:26.177+0000] {logging_mixin.py:151} INFO - [2023-09-14T11:48:26.177+0000] {dag.py:3677} INFO - Setting next_dagrun for xcom_dag to 2023-09-13T11:48:26.177607+00:00, run_after=2023-09-14T11:48:26.177607+00:00
[2023-09-14T11:48:26.189+0000] {processor.py:179} INFO - Processing /opt/airflow/dags/3_xcom.py took 0.067 seconds
