[2023-09-05T15:31:03.578+0000] {taskinstance.py:1159} INFO - Dependencies all met for dep_context=non-requeueable deps ti=<TaskInstance: tasks_relations.this_way scheduled__2023-08-06T00:00:00+00:00 [queued]>
[2023-09-05T15:31:03.696+0000] {taskinstance.py:1159} INFO - Dependencies all met for dep_context=requeueable deps ti=<TaskInstance: tasks_relations.this_way scheduled__2023-08-06T00:00:00+00:00 [queued]>
[2023-09-05T15:31:03.701+0000] {taskinstance.py:1361} INFO - Starting attempt 1 of 1
[2023-09-05T15:31:03.887+0000] {taskinstance.py:1382} INFO - Executing <Task(_PythonDecoratedOperator): this_way> on 2023-08-06 00:00:00+00:00
[2023-09-05T15:31:03.899+0000] {standard_task_runner.py:57} INFO - Started process 1866 to run task
[2023-09-05T15:31:03.909+0000] {standard_task_runner.py:84} INFO - Running: ['***', 'tasks', 'run', 'tasks_relations', 'this_way', 'scheduled__2023-08-06T00:00:00+00:00', '--job-id', '849', '--raw', '--subdir', 'DAGS_FOLDER/tasks_relations.py', '--cfg-path', '/tmp/tmppgehups1']
[2023-09-05T15:31:03.929+0000] {standard_task_runner.py:85} INFO - Job 849: Subtask this_way
[2023-09-05T15:31:04.300+0000] {task_command.py:415} INFO - Running <TaskInstance: tasks_relations.this_way scheduled__2023-08-06T00:00:00+00:00 [running]> on host ca474790e981
[2023-09-05T15:31:04.853+0000] {taskinstance.py:1660} INFO - Exporting env vars: AIRFLOW_CTX_DAG_OWNER='***' AIRFLOW_CTX_DAG_ID='tasks_relations' AIRFLOW_CTX_TASK_ID='this_way' AIRFLOW_CTX_EXECUTION_DATE='2023-08-06T00:00:00+00:00' AIRFLOW_CTX_TRY_NUMBER='1' AIRFLOW_CTX_DAG_RUN_ID='scheduled__2023-08-06T00:00:00+00:00'
[2023-09-05T15:31:04.859+0000] {logging_mixin.py:151} INFO - THIS WAY!!!
[2023-09-05T15:31:04.863+0000] {python.py:194} INFO - Done. Returned value was: None
[2023-09-05T15:31:04.931+0000] {taskinstance.py:1400} INFO - Marking task as SUCCESS. dag_id=tasks_relations, task_id=this_way, execution_date=20230806T000000, start_date=20230905T153103, end_date=20230905T153104
[2023-09-05T15:31:05.152+0000] {local_task_job_runner.py:228} INFO - Task exited with return code 0
[2023-09-05T15:31:05.270+0000] {taskinstance.py:2784} INFO - 0 downstream tasks scheduled from follow-on schedule check
[2023-09-12T17:37:31.347+0000] {taskinstance.py:1159} INFO - Dependencies all met for dep_context=non-requeueable deps ti=<TaskInstance: tasks_relations.this_way scheduled__2023-08-06T00:00:00+00:00 [queued]>
[2023-09-12T17:37:31.375+0000] {taskinstance.py:1159} INFO - Dependencies all met for dep_context=requeueable deps ti=<TaskInstance: tasks_relations.this_way scheduled__2023-08-06T00:00:00+00:00 [queued]>
[2023-09-12T17:37:31.382+0000] {taskinstance.py:1361} INFO - Starting attempt 1 of 1
[2023-09-12T17:37:31.431+0000] {taskinstance.py:1382} INFO - Executing <Task(_PythonDecoratedOperator): this_way> on 2023-08-06 00:00:00+00:00
[2023-09-12T17:37:31.439+0000] {standard_task_runner.py:57} INFO - Started process 3354 to run task
[2023-09-12T17:37:31.452+0000] {standard_task_runner.py:84} INFO - Running: ['***', 'tasks', 'run', 'tasks_relations', 'this_way', 'scheduled__2023-08-06T00:00:00+00:00', '--job-id', '1592', '--raw', '--subdir', 'DAGS_FOLDER/2_tasks_relations.py', '--cfg-path', '/tmp/tmp2phwssf0']
[2023-09-12T17:37:31.468+0000] {standard_task_runner.py:85} INFO - Job 1592: Subtask this_way
[2023-09-12T17:37:31.712+0000] {task_command.py:415} INFO - Running <TaskInstance: tasks_relations.this_way scheduled__2023-08-06T00:00:00+00:00 [running]> on host 0ab7970e0956
[2023-09-12T17:37:32.060+0000] {taskinstance.py:1660} INFO - Exporting env vars: AIRFLOW_CTX_DAG_OWNER='***' AIRFLOW_CTX_DAG_ID='tasks_relations' AIRFLOW_CTX_TASK_ID='this_way' AIRFLOW_CTX_EXECUTION_DATE='2023-08-06T00:00:00+00:00' AIRFLOW_CTX_TRY_NUMBER='1' AIRFLOW_CTX_DAG_RUN_ID='scheduled__2023-08-06T00:00:00+00:00'
[2023-09-12T17:37:32.067+0000] {logging_mixin.py:151} INFO - THIS WAY!!!
[2023-09-12T17:37:32.071+0000] {python.py:194} INFO - Done. Returned value was: None
[2023-09-12T17:37:32.131+0000] {taskinstance.py:1400} INFO - Marking task as SUCCESS. dag_id=tasks_relations, task_id=this_way, execution_date=20230806T000000, start_date=20230912T173731, end_date=20230912T173732
[2023-09-12T17:37:32.185+0000] {local_task_job_runner.py:228} INFO - Task exited with return code 0
[2023-09-12T17:37:32.273+0000] {taskinstance.py:2784} INFO - 0 downstream tasks scheduled from follow-on schedule check
