[2023-09-05T15:30:39.907+0000] {taskinstance.py:1159} INFO - Dependencies all met for dep_context=non-requeueable deps ti=<TaskInstance: tasks_relations.or_that_way scheduled__2023-08-02T00:00:00+00:00 [queued]>
[2023-09-05T15:30:39.915+0000] {taskinstance.py:1159} INFO - Dependencies all met for dep_context=requeueable deps ti=<TaskInstance: tasks_relations.or_that_way scheduled__2023-08-02T00:00:00+00:00 [queued]>
[2023-09-05T15:30:39.917+0000] {taskinstance.py:1361} INFO - Starting attempt 1 of 1
[2023-09-05T15:30:39.930+0000] {taskinstance.py:1382} INFO - Executing <Task(_PythonDecoratedOperator): or_that_way> on 2023-08-02 00:00:00+00:00
[2023-09-05T15:30:39.937+0000] {standard_task_runner.py:57} INFO - Started process 1740 to run task
[2023-09-05T15:30:39.943+0000] {standard_task_runner.py:84} INFO - Running: ['***', 'tasks', 'run', 'tasks_relations', 'or_that_way', 'scheduled__2023-08-02T00:00:00+00:00', '--job-id', '797', '--raw', '--subdir', 'DAGS_FOLDER/tasks_relations.py', '--cfg-path', '/tmp/tmpp_rvhlbw']
[2023-09-05T15:30:39.945+0000] {standard_task_runner.py:85} INFO - Job 797: Subtask or_that_way
[2023-09-05T15:30:40.022+0000] {task_command.py:415} INFO - Running <TaskInstance: tasks_relations.or_that_way scheduled__2023-08-02T00:00:00+00:00 [running]> on host ca474790e981
[2023-09-05T15:30:40.114+0000] {taskinstance.py:1660} INFO - Exporting env vars: AIRFLOW_CTX_DAG_OWNER='***' AIRFLOW_CTX_DAG_ID='tasks_relations' AIRFLOW_CTX_TASK_ID='or_that_way' AIRFLOW_CTX_EXECUTION_DATE='2023-08-02T00:00:00+00:00' AIRFLOW_CTX_TRY_NUMBER='1' AIRFLOW_CTX_DAG_RUN_ID='scheduled__2023-08-02T00:00:00+00:00'
[2023-09-05T15:30:40.115+0000] {logging_mixin.py:151} INFO - NO NO, THAT WAY WAY!!!
[2023-09-05T15:30:40.116+0000] {python.py:194} INFO - Done. Returned value was: None
[2023-09-05T15:30:40.128+0000] {taskinstance.py:1400} INFO - Marking task as SUCCESS. dag_id=tasks_relations, task_id=or_that_way, execution_date=20230802T000000, start_date=20230905T153039, end_date=20230905T153040
[2023-09-05T15:30:40.157+0000] {local_task_job_runner.py:228} INFO - Task exited with return code 0
[2023-09-05T15:30:40.173+0000] {taskinstance.py:2784} INFO - 0 downstream tasks scheduled from follow-on schedule check
[2023-09-12T17:37:25.077+0000] {taskinstance.py:1159} INFO - Dependencies all met for dep_context=non-requeueable deps ti=<TaskInstance: tasks_relations.or_that_way scheduled__2023-08-02T00:00:00+00:00 [queued]>
[2023-09-12T17:37:25.103+0000] {taskinstance.py:1159} INFO - Dependencies all met for dep_context=requeueable deps ti=<TaskInstance: tasks_relations.or_that_way scheduled__2023-08-02T00:00:00+00:00 [queued]>
[2023-09-12T17:37:25.107+0000] {taskinstance.py:1361} INFO - Starting attempt 1 of 1
[2023-09-12T17:37:25.144+0000] {taskinstance.py:1382} INFO - Executing <Task(_PythonDecoratedOperator): or_that_way> on 2023-08-02 00:00:00+00:00
[2023-09-12T17:37:25.155+0000] {standard_task_runner.py:57} INFO - Started process 3277 to run task
[2023-09-12T17:37:25.169+0000] {standard_task_runner.py:84} INFO - Running: ['***', 'tasks', 'run', 'tasks_relations', 'or_that_way', 'scheduled__2023-08-02T00:00:00+00:00', '--job-id', '1561', '--raw', '--subdir', 'DAGS_FOLDER/2_tasks_relations.py', '--cfg-path', '/tmp/tmpqj62brr8']
[2023-09-12T17:37:25.171+0000] {standard_task_runner.py:85} INFO - Job 1561: Subtask or_that_way
[2023-09-12T17:37:25.502+0000] {task_command.py:415} INFO - Running <TaskInstance: tasks_relations.or_that_way scheduled__2023-08-02T00:00:00+00:00 [running]> on host 0ab7970e0956
[2023-09-12T17:37:25.859+0000] {taskinstance.py:1660} INFO - Exporting env vars: AIRFLOW_CTX_DAG_OWNER='***' AIRFLOW_CTX_DAG_ID='tasks_relations' AIRFLOW_CTX_TASK_ID='or_that_way' AIRFLOW_CTX_EXECUTION_DATE='2023-08-02T00:00:00+00:00' AIRFLOW_CTX_TRY_NUMBER='1' AIRFLOW_CTX_DAG_RUN_ID='scheduled__2023-08-02T00:00:00+00:00'
[2023-09-12T17:37:25.867+0000] {logging_mixin.py:151} INFO - NO NO, THAT WAY WAY!!!
[2023-09-12T17:37:25.867+0000] {python.py:194} INFO - Done. Returned value was: None
[2023-09-12T17:37:25.886+0000] {taskinstance.py:1400} INFO - Marking task as SUCCESS. dag_id=tasks_relations, task_id=or_that_way, execution_date=20230802T000000, start_date=20230912T173725, end_date=20230912T173725
[2023-09-12T17:37:25.965+0000] {local_task_job_runner.py:228} INFO - Task exited with return code 0
[2023-09-12T17:37:26.029+0000] {taskinstance.py:2784} INFO - 0 downstream tasks scheduled from follow-on schedule check
