[2023-09-05T15:25:11.806+0000] {taskinstance.py:1159} INFO - Dependencies all met for dep_context=non-requeueable deps ti=<TaskInstance: tasks_relations.say_hello scheduled__2023-02-26T00:00:00+00:00 [queued]>
[2023-09-05T15:25:11.832+0000] {taskinstance.py:1159} INFO - Dependencies all met for dep_context=requeueable deps ti=<TaskInstance: tasks_relations.say_hello scheduled__2023-02-26T00:00:00+00:00 [queued]>
[2023-09-05T15:25:11.834+0000] {taskinstance.py:1361} INFO - Starting attempt 1 of 1
[2023-09-05T15:25:11.861+0000] {taskinstance.py:1382} INFO - Executing <Task(_PythonDecoratedOperator): say_hello> on 2023-02-26 00:00:00+00:00
[2023-09-05T15:25:11.868+0000] {standard_task_runner.py:57} INFO - Started process 430 to run task
[2023-09-05T15:25:11.917+0000] {standard_task_runner.py:84} INFO - Running: ['***', 'tasks', 'run', 'tasks_relations', 'say_hello', 'scheduled__2023-02-26T00:00:00+00:00', '--job-id', '175', '--raw', '--subdir', 'DAGS_FOLDER/tasks_relations.py', '--cfg-path', '/tmp/tmpqd6opz5c']
[2023-09-05T15:25:11.929+0000] {standard_task_runner.py:85} INFO - Job 175: Subtask say_hello
[2023-09-05T15:25:12.132+0000] {task_command.py:415} INFO - Running <TaskInstance: tasks_relations.say_hello scheduled__2023-02-26T00:00:00+00:00 [running]> on host ca474790e981
[2023-09-05T15:25:12.404+0000] {taskinstance.py:1660} INFO - Exporting env vars: AIRFLOW_CTX_DAG_OWNER='***' AIRFLOW_CTX_DAG_ID='tasks_relations' AIRFLOW_CTX_TASK_ID='say_hello' AIRFLOW_CTX_EXECUTION_DATE='2023-02-26T00:00:00+00:00' AIRFLOW_CTX_TRY_NUMBER='1' AIRFLOW_CTX_DAG_RUN_ID='scheduled__2023-02-26T00:00:00+00:00'
[2023-09-05T15:25:12.410+0000] {logging_mixin.py:151} INFO - hello ***
[2023-09-05T15:25:12.410+0000] {python.py:194} INFO - Done. Returned value was: None
[2023-09-05T15:25:12.440+0000] {taskinstance.py:1400} INFO - Marking task as SUCCESS. dag_id=tasks_relations, task_id=say_hello, execution_date=20230226T000000, start_date=20230905T152511, end_date=20230905T152512
[2023-09-05T15:25:12.587+0000] {local_task_job_runner.py:228} INFO - Task exited with return code 0
[2023-09-05T15:25:12.635+0000] {taskinstance.py:2784} INFO - 1 downstream tasks scheduled from follow-on schedule check
[2023-09-12T17:34:28.859+0000] {taskinstance.py:1159} INFO - Dependencies all met for dep_context=non-requeueable deps ti=<TaskInstance: tasks_relations.say_hello scheduled__2023-02-26T00:00:00+00:00 [queued]>
[2023-09-12T17:34:28.875+0000] {taskinstance.py:1159} INFO - Dependencies all met for dep_context=requeueable deps ti=<TaskInstance: tasks_relations.say_hello scheduled__2023-02-26T00:00:00+00:00 [queued]>
[2023-09-12T17:34:28.877+0000] {taskinstance.py:1361} INFO - Starting attempt 1 of 1
[2023-09-12T17:34:28.891+0000] {taskinstance.py:1382} INFO - Executing <Task(_PythonDecoratedOperator): say_hello> on 2023-02-26 00:00:00+00:00
[2023-09-12T17:34:28.910+0000] {standard_task_runner.py:57} INFO - Started process 1067 to run task
[2023-09-12T17:34:28.936+0000] {standard_task_runner.py:84} INFO - Running: ['***', 'tasks', 'run', 'tasks_relations', 'say_hello', 'scheduled__2023-02-26T00:00:00+00:00', '--job-id', '473', '--raw', '--subdir', 'DAGS_FOLDER/2_tasks_relations.py', '--cfg-path', '/tmp/tmpkaqgohkp']
[2023-09-12T17:34:28.980+0000] {standard_task_runner.py:85} INFO - Job 473: Subtask say_hello
[2023-09-12T17:34:29.165+0000] {task_command.py:415} INFO - Running <TaskInstance: tasks_relations.say_hello scheduled__2023-02-26T00:00:00+00:00 [running]> on host 0ab7970e0956
[2023-09-12T17:34:29.403+0000] {taskinstance.py:1660} INFO - Exporting env vars: AIRFLOW_CTX_DAG_OWNER='***' AIRFLOW_CTX_DAG_ID='tasks_relations' AIRFLOW_CTX_TASK_ID='say_hello' AIRFLOW_CTX_EXECUTION_DATE='2023-02-26T00:00:00+00:00' AIRFLOW_CTX_TRY_NUMBER='1' AIRFLOW_CTX_DAG_RUN_ID='scheduled__2023-02-26T00:00:00+00:00'
[2023-09-12T17:34:29.406+0000] {logging_mixin.py:151} INFO - hello world
[2023-09-12T17:34:29.407+0000] {python.py:194} INFO - Done. Returned value was: None
[2023-09-12T17:34:29.429+0000] {taskinstance.py:1400} INFO - Marking task as SUCCESS. dag_id=tasks_relations, task_id=say_hello, execution_date=20230226T000000, start_date=20230912T173428, end_date=20230912T173429
[2023-09-12T17:34:29.485+0000] {local_task_job_runner.py:228} INFO - Task exited with return code 0
[2023-09-12T17:34:29.551+0000] {taskinstance.py:2784} INFO - 1 downstream tasks scheduled from follow-on schedule check
