[2023-09-05T15:31:08.100+0000] {taskinstance.py:1159} INFO - Dependencies all met for dep_context=non-requeueable deps ti=<TaskInstance: tasks_relations.this_way scheduled__2023-08-14T00:00:00+00:00 [queued]>
[2023-09-05T15:31:08.164+0000] {taskinstance.py:1159} INFO - Dependencies all met for dep_context=requeueable deps ti=<TaskInstance: tasks_relations.this_way scheduled__2023-08-14T00:00:00+00:00 [queued]>
[2023-09-05T15:31:08.170+0000] {taskinstance.py:1361} INFO - Starting attempt 1 of 1
[2023-09-05T15:31:08.298+0000] {taskinstance.py:1382} INFO - Executing <Task(_PythonDecoratedOperator): this_way> on 2023-08-14 00:00:00+00:00
[2023-09-05T15:31:08.320+0000] {standard_task_runner.py:57} INFO - Started process 1896 to run task
[2023-09-05T15:31:08.329+0000] {standard_task_runner.py:84} INFO - Running: ['***', 'tasks', 'run', 'tasks_relations', 'this_way', 'scheduled__2023-08-14T00:00:00+00:00', '--job-id', '865', '--raw', '--subdir', 'DAGS_FOLDER/tasks_relations.py', '--cfg-path', '/tmp/tmp_y2hqs6l']
[2023-09-05T15:31:08.343+0000] {standard_task_runner.py:85} INFO - Job 865: Subtask this_way
[2023-09-05T15:31:08.706+0000] {task_command.py:415} INFO - Running <TaskInstance: tasks_relations.this_way scheduled__2023-08-14T00:00:00+00:00 [running]> on host ca474790e981
[2023-09-05T15:31:09.160+0000] {taskinstance.py:1660} INFO - Exporting env vars: AIRFLOW_CTX_DAG_OWNER='***' AIRFLOW_CTX_DAG_ID='tasks_relations' AIRFLOW_CTX_TASK_ID='this_way' AIRFLOW_CTX_EXECUTION_DATE='2023-08-14T00:00:00+00:00' AIRFLOW_CTX_TRY_NUMBER='1' AIRFLOW_CTX_DAG_RUN_ID='scheduled__2023-08-14T00:00:00+00:00'
[2023-09-05T15:31:09.168+0000] {logging_mixin.py:151} INFO - THIS WAY!!!
[2023-09-05T15:31:09.169+0000] {python.py:194} INFO - Done. Returned value was: None
[2023-09-05T15:31:09.197+0000] {taskinstance.py:1400} INFO - Marking task as SUCCESS. dag_id=tasks_relations, task_id=this_way, execution_date=20230814T000000, start_date=20230905T153108, end_date=20230905T153109
[2023-09-05T15:31:09.362+0000] {local_task_job_runner.py:228} INFO - Task exited with return code 0
[2023-09-05T15:31:09.484+0000] {taskinstance.py:2784} INFO - 0 downstream tasks scheduled from follow-on schedule check
[2023-09-12T17:37:33.969+0000] {taskinstance.py:1159} INFO - Dependencies all met for dep_context=non-requeueable deps ti=<TaskInstance: tasks_relations.this_way scheduled__2023-08-14T00:00:00+00:00 [queued]>
[2023-09-12T17:37:33.986+0000] {taskinstance.py:1159} INFO - Dependencies all met for dep_context=requeueable deps ti=<TaskInstance: tasks_relations.this_way scheduled__2023-08-14T00:00:00+00:00 [queued]>
[2023-09-12T17:37:33.988+0000] {taskinstance.py:1361} INFO - Starting attempt 1 of 1
[2023-09-12T17:37:34.013+0000] {taskinstance.py:1382} INFO - Executing <Task(_PythonDecoratedOperator): this_way> on 2023-08-14 00:00:00+00:00
[2023-09-12T17:37:34.028+0000] {standard_task_runner.py:57} INFO - Started process 3390 to run task
[2023-09-12T17:37:34.051+0000] {standard_task_runner.py:84} INFO - Running: ['***', 'tasks', 'run', 'tasks_relations', 'this_way', 'scheduled__2023-08-14T00:00:00+00:00', '--job-id', '1612', '--raw', '--subdir', 'DAGS_FOLDER/2_tasks_relations.py', '--cfg-path', '/tmp/tmpfgnuysq_']
[2023-09-12T17:37:34.059+0000] {standard_task_runner.py:85} INFO - Job 1612: Subtask this_way
[2023-09-12T17:37:34.259+0000] {task_command.py:415} INFO - Running <TaskInstance: tasks_relations.this_way scheduled__2023-08-14T00:00:00+00:00 [running]> on host 0ab7970e0956
[2023-09-12T17:37:34.588+0000] {taskinstance.py:1660} INFO - Exporting env vars: AIRFLOW_CTX_DAG_OWNER='***' AIRFLOW_CTX_DAG_ID='tasks_relations' AIRFLOW_CTX_TASK_ID='this_way' AIRFLOW_CTX_EXECUTION_DATE='2023-08-14T00:00:00+00:00' AIRFLOW_CTX_TRY_NUMBER='1' AIRFLOW_CTX_DAG_RUN_ID='scheduled__2023-08-14T00:00:00+00:00'
[2023-09-12T17:37:34.592+0000] {logging_mixin.py:151} INFO - THIS WAY!!!
[2023-09-12T17:37:34.594+0000] {python.py:194} INFO - Done. Returned value was: None
[2023-09-12T17:37:34.611+0000] {taskinstance.py:1400} INFO - Marking task as SUCCESS. dag_id=tasks_relations, task_id=this_way, execution_date=20230814T000000, start_date=20230912T173733, end_date=20230912T173734
[2023-09-12T17:37:34.661+0000] {local_task_job_runner.py:228} INFO - Task exited with return code 0
[2023-09-12T17:37:34.716+0000] {taskinstance.py:2784} INFO - 0 downstream tasks scheduled from follow-on schedule check
