[2023-09-05T15:30:11.008+0000] {taskinstance.py:1159} INFO - Dependencies all met for dep_context=non-requeueable deps ti=<TaskInstance: tasks_relations.or_that_way scheduled__2023-07-14T00:00:00+00:00 [queued]>
[2023-09-05T15:30:11.048+0000] {taskinstance.py:1159} INFO - Dependencies all met for dep_context=requeueable deps ti=<TaskInstance: tasks_relations.or_that_way scheduled__2023-07-14T00:00:00+00:00 [queued]>
[2023-09-05T15:30:11.050+0000] {taskinstance.py:1361} INFO - Starting attempt 1 of 1
[2023-09-05T15:30:11.144+0000] {taskinstance.py:1382} INFO - Executing <Task(_PythonDecoratedOperator): or_that_way> on 2023-07-14 00:00:00+00:00
[2023-09-05T15:30:11.162+0000] {standard_task_runner.py:57} INFO - Started process 1573 to run task
[2023-09-05T15:30:11.197+0000] {standard_task_runner.py:84} INFO - Running: ['***', 'tasks', 'run', 'tasks_relations', 'or_that_way', 'scheduled__2023-07-14T00:00:00+00:00', '--job-id', '710', '--raw', '--subdir', 'DAGS_FOLDER/tasks_relations.py', '--cfg-path', '/tmp/tmpgh2m_3gs']
[2023-09-05T15:30:11.217+0000] {standard_task_runner.py:85} INFO - Job 710: Subtask or_that_way
[2023-09-05T15:30:11.581+0000] {task_command.py:415} INFO - Running <TaskInstance: tasks_relations.or_that_way scheduled__2023-07-14T00:00:00+00:00 [running]> on host ca474790e981
[2023-09-05T15:30:11.920+0000] {taskinstance.py:1660} INFO - Exporting env vars: AIRFLOW_CTX_DAG_OWNER='***' AIRFLOW_CTX_DAG_ID='tasks_relations' AIRFLOW_CTX_TASK_ID='or_that_way' AIRFLOW_CTX_EXECUTION_DATE='2023-07-14T00:00:00+00:00' AIRFLOW_CTX_TRY_NUMBER='1' AIRFLOW_CTX_DAG_RUN_ID='scheduled__2023-07-14T00:00:00+00:00'
[2023-09-05T15:30:11.925+0000] {logging_mixin.py:151} INFO - NO NO, THAT WAY WAY!!!
[2023-09-05T15:30:11.926+0000] {python.py:194} INFO - Done. Returned value was: None
[2023-09-05T15:30:11.952+0000] {taskinstance.py:1400} INFO - Marking task as SUCCESS. dag_id=tasks_relations, task_id=or_that_way, execution_date=20230714T000000, start_date=20230905T153011, end_date=20230905T153011
[2023-09-05T15:30:12.096+0000] {local_task_job_runner.py:228} INFO - Task exited with return code 0
[2023-09-05T15:30:12.158+0000] {taskinstance.py:2784} INFO - 0 downstream tasks scheduled from follow-on schedule check
[2023-09-12T17:37:07.182+0000] {taskinstance.py:1159} INFO - Dependencies all met for dep_context=non-requeueable deps ti=<TaskInstance: tasks_relations.or_that_way scheduled__2023-07-14T00:00:00+00:00 [queued]>
[2023-09-12T17:37:07.224+0000] {taskinstance.py:1159} INFO - Dependencies all met for dep_context=requeueable deps ti=<TaskInstance: tasks_relations.or_that_way scheduled__2023-07-14T00:00:00+00:00 [queued]>
[2023-09-12T17:37:07.225+0000] {taskinstance.py:1361} INFO - Starting attempt 1 of 1
[2023-09-12T17:37:07.274+0000] {taskinstance.py:1382} INFO - Executing <Task(_PythonDecoratedOperator): or_that_way> on 2023-07-14 00:00:00+00:00
[2023-09-12T17:37:07.286+0000] {standard_task_runner.py:57} INFO - Started process 3067 to run task
[2023-09-12T17:37:07.306+0000] {standard_task_runner.py:84} INFO - Running: ['***', 'tasks', 'run', 'tasks_relations', 'or_that_way', 'scheduled__2023-07-14T00:00:00+00:00', '--job-id', '1457', '--raw', '--subdir', 'DAGS_FOLDER/2_tasks_relations.py', '--cfg-path', '/tmp/tmpas0hbye2']
[2023-09-12T17:37:07.323+0000] {standard_task_runner.py:85} INFO - Job 1457: Subtask or_that_way
[2023-09-12T17:37:07.474+0000] {task_command.py:415} INFO - Running <TaskInstance: tasks_relations.or_that_way scheduled__2023-07-14T00:00:00+00:00 [running]> on host 0ab7970e0956
[2023-09-12T17:37:07.621+0000] {taskinstance.py:1660} INFO - Exporting env vars: AIRFLOW_CTX_DAG_OWNER='***' AIRFLOW_CTX_DAG_ID='tasks_relations' AIRFLOW_CTX_TASK_ID='or_that_way' AIRFLOW_CTX_EXECUTION_DATE='2023-07-14T00:00:00+00:00' AIRFLOW_CTX_TRY_NUMBER='1' AIRFLOW_CTX_DAG_RUN_ID='scheduled__2023-07-14T00:00:00+00:00'
[2023-09-12T17:37:07.622+0000] {logging_mixin.py:151} INFO - NO NO, THAT WAY WAY!!!
[2023-09-12T17:37:07.622+0000] {python.py:194} INFO - Done. Returned value was: None
[2023-09-12T17:37:07.634+0000] {taskinstance.py:1400} INFO - Marking task as SUCCESS. dag_id=tasks_relations, task_id=or_that_way, execution_date=20230714T000000, start_date=20230912T173707, end_date=20230912T173707
[2023-09-12T17:37:07.690+0000] {local_task_job_runner.py:228} INFO - Task exited with return code 0
[2023-09-12T17:37:07.706+0000] {taskinstance.py:2784} INFO - 1 downstream tasks scheduled from follow-on schedule check
