[2023-09-05T15:28:28.030+0000] {taskinstance.py:1159} INFO - Dependencies all met for dep_context=non-requeueable deps ti=<TaskInstance: tasks_relations.say_hello scheduled__2023-06-04T00:00:00+00:00 [queued]>
[2023-09-05T15:28:28.065+0000] {taskinstance.py:1159} INFO - Dependencies all met for dep_context=requeueable deps ti=<TaskInstance: tasks_relations.say_hello scheduled__2023-06-04T00:00:00+00:00 [queued]>
[2023-09-05T15:28:28.081+0000] {taskinstance.py:1361} INFO - Starting attempt 1 of 1
[2023-09-05T15:28:28.185+0000] {taskinstance.py:1382} INFO - Executing <Task(_PythonDecoratedOperator): say_hello> on 2023-06-04 00:00:00+00:00
[2023-09-05T15:28:28.319+0000] {standard_task_runner.py:57} INFO - Started process 1102 to run task
[2023-09-05T15:28:28.356+0000] {standard_task_runner.py:84} INFO - Running: ['***', 'tasks', 'run', 'tasks_relations', 'say_hello', 'scheduled__2023-06-04T00:00:00+00:00', '--job-id', '488', '--raw', '--subdir', 'DAGS_FOLDER/tasks_relations.py', '--cfg-path', '/tmp/tmpwwrpape_']
[2023-09-05T15:28:28.491+0000] {standard_task_runner.py:85} INFO - Job 488: Subtask say_hello
[2023-09-05T15:28:29.039+0000] {task_command.py:415} INFO - Running <TaskInstance: tasks_relations.say_hello scheduled__2023-06-04T00:00:00+00:00 [running]> on host ca474790e981
[2023-09-05T15:28:29.785+0000] {taskinstance.py:1660} INFO - Exporting env vars: AIRFLOW_CTX_DAG_OWNER='***' AIRFLOW_CTX_DAG_ID='tasks_relations' AIRFLOW_CTX_TASK_ID='say_hello' AIRFLOW_CTX_EXECUTION_DATE='2023-06-04T00:00:00+00:00' AIRFLOW_CTX_TRY_NUMBER='1' AIRFLOW_CTX_DAG_RUN_ID='scheduled__2023-06-04T00:00:00+00:00'
[2023-09-05T15:28:29.927+0000] {logging_mixin.py:151} INFO - hello world
[2023-09-05T15:28:29.961+0000] {python.py:194} INFO - Done. Returned value was: None
[2023-09-05T15:28:30.295+0000] {taskinstance.py:1400} INFO - Marking task as SUCCESS. dag_id=tasks_relations, task_id=say_hello, execution_date=20230604T000000, start_date=20230905T152828, end_date=20230905T152830
[2023-09-05T15:28:30.657+0000] {local_task_job_runner.py:228} INFO - Task exited with return code 0
[2023-09-05T15:28:31.164+0000] {taskinstance.py:2784} INFO - 1 downstream tasks scheduled from follow-on schedule check
[2023-09-12T17:36:13.848+0000] {taskinstance.py:1159} INFO - Dependencies all met for dep_context=non-requeueable deps ti=<TaskInstance: tasks_relations.say_hello scheduled__2023-06-04T00:00:00+00:00 [queued]>
[2023-09-12T17:36:13.865+0000] {taskinstance.py:1159} INFO - Dependencies all met for dep_context=requeueable deps ti=<TaskInstance: tasks_relations.say_hello scheduled__2023-06-04T00:00:00+00:00 [queued]>
[2023-09-12T17:36:13.866+0000] {taskinstance.py:1361} INFO - Starting attempt 1 of 1
[2023-09-12T17:36:13.933+0000] {taskinstance.py:1382} INFO - Executing <Task(_PythonDecoratedOperator): say_hello> on 2023-06-04 00:00:00+00:00
[2023-09-12T17:36:13.970+0000] {standard_task_runner.py:57} INFO - Started process 2480 to run task
[2023-09-12T17:36:13.995+0000] {standard_task_runner.py:84} INFO - Running: ['***', 'tasks', 'run', 'tasks_relations', 'say_hello', 'scheduled__2023-06-04T00:00:00+00:00', '--job-id', '1166', '--raw', '--subdir', 'DAGS_FOLDER/2_tasks_relations.py', '--cfg-path', '/tmp/tmpxlk8keyj']
[2023-09-12T17:36:14.014+0000] {standard_task_runner.py:85} INFO - Job 1166: Subtask say_hello
[2023-09-12T17:36:14.201+0000] {task_command.py:415} INFO - Running <TaskInstance: tasks_relations.say_hello scheduled__2023-06-04T00:00:00+00:00 [running]> on host 0ab7970e0956
[2023-09-12T17:36:14.472+0000] {taskinstance.py:1660} INFO - Exporting env vars: AIRFLOW_CTX_DAG_OWNER='***' AIRFLOW_CTX_DAG_ID='tasks_relations' AIRFLOW_CTX_TASK_ID='say_hello' AIRFLOW_CTX_EXECUTION_DATE='2023-06-04T00:00:00+00:00' AIRFLOW_CTX_TRY_NUMBER='1' AIRFLOW_CTX_DAG_RUN_ID='scheduled__2023-06-04T00:00:00+00:00'
[2023-09-12T17:36:14.478+0000] {logging_mixin.py:151} INFO - hello world
[2023-09-12T17:36:14.478+0000] {python.py:194} INFO - Done. Returned value was: None
[2023-09-12T17:36:14.510+0000] {taskinstance.py:1400} INFO - Marking task as SUCCESS. dag_id=tasks_relations, task_id=say_hello, execution_date=20230604T000000, start_date=20230912T173613, end_date=20230912T173614
[2023-09-12T17:36:14.623+0000] {local_task_job_runner.py:228} INFO - Task exited with return code 0
[2023-09-12T17:36:14.696+0000] {taskinstance.py:2784} INFO - 1 downstream tasks scheduled from follow-on schedule check
