[2023-09-05T15:25:25.276+0000] {taskinstance.py:1159} INFO - Dependencies all met for dep_context=non-requeueable deps ti=<TaskInstance: tasks_relations.say_hello scheduled__2023-03-10T00:00:00+00:00 [queued]>
[2023-09-05T15:25:25.323+0000] {taskinstance.py:1159} INFO - Dependencies all met for dep_context=requeueable deps ti=<TaskInstance: tasks_relations.say_hello scheduled__2023-03-10T00:00:00+00:00 [queued]>
[2023-09-05T15:25:25.324+0000] {taskinstance.py:1361} INFO - Starting attempt 1 of 1
[2023-09-05T15:25:25.344+0000] {taskinstance.py:1382} INFO - Executing <Task(_PythonDecoratedOperator): say_hello> on 2023-03-10 00:00:00+00:00
[2023-09-05T15:25:25.370+0000] {standard_task_runner.py:57} INFO - Started process 507 to run task
[2023-09-05T15:25:25.384+0000] {standard_task_runner.py:84} INFO - Running: ['***', 'tasks', 'run', 'tasks_relations', 'say_hello', 'scheduled__2023-03-10T00:00:00+00:00', '--job-id', '212', '--raw', '--subdir', 'DAGS_FOLDER/tasks_relations.py', '--cfg-path', '/tmp/tmpu1ta99nq']
[2023-09-05T15:25:25.397+0000] {standard_task_runner.py:85} INFO - Job 212: Subtask say_hello
[2023-09-05T15:25:25.824+0000] {task_command.py:415} INFO - Running <TaskInstance: tasks_relations.say_hello scheduled__2023-03-10T00:00:00+00:00 [running]> on host ca474790e981
[2023-09-05T15:25:26.318+0000] {taskinstance.py:1660} INFO - Exporting env vars: AIRFLOW_CTX_DAG_OWNER='***' AIRFLOW_CTX_DAG_ID='tasks_relations' AIRFLOW_CTX_TASK_ID='say_hello' AIRFLOW_CTX_EXECUTION_DATE='2023-03-10T00:00:00+00:00' AIRFLOW_CTX_TRY_NUMBER='1' AIRFLOW_CTX_DAG_RUN_ID='scheduled__2023-03-10T00:00:00+00:00'
[2023-09-05T15:25:26.332+0000] {logging_mixin.py:151} INFO - hello ***
[2023-09-05T15:25:26.342+0000] {python.py:194} INFO - Done. Returned value was: None
[2023-09-05T15:25:26.427+0000] {taskinstance.py:1400} INFO - Marking task as SUCCESS. dag_id=tasks_relations, task_id=say_hello, execution_date=20230310T000000, start_date=20230905T152525, end_date=20230905T152526
[2023-09-05T15:25:26.677+0000] {local_task_job_runner.py:228} INFO - Task exited with return code 0
[2023-09-05T15:25:26.815+0000] {taskinstance.py:2784} INFO - 1 downstream tasks scheduled from follow-on schedule check
[2023-09-12T17:34:44.272+0000] {taskinstance.py:1159} INFO - Dependencies all met for dep_context=non-requeueable deps ti=<TaskInstance: tasks_relations.say_hello scheduled__2023-03-10T00:00:00+00:00 [queued]>
[2023-09-12T17:34:44.296+0000] {taskinstance.py:1159} INFO - Dependencies all met for dep_context=requeueable deps ti=<TaskInstance: tasks_relations.say_hello scheduled__2023-03-10T00:00:00+00:00 [queued]>
[2023-09-12T17:34:44.296+0000] {taskinstance.py:1361} INFO - Starting attempt 1 of 1
[2023-09-12T17:34:44.376+0000] {taskinstance.py:1382} INFO - Executing <Task(_PythonDecoratedOperator): say_hello> on 2023-03-10 00:00:00+00:00
[2023-09-12T17:34:44.383+0000] {standard_task_runner.py:57} INFO - Started process 1284 to run task
[2023-09-12T17:34:44.391+0000] {standard_task_runner.py:84} INFO - Running: ['***', 'tasks', 'run', 'tasks_relations', 'say_hello', 'scheduled__2023-03-10T00:00:00+00:00', '--job-id', '581', '--raw', '--subdir', 'DAGS_FOLDER/2_tasks_relations.py', '--cfg-path', '/tmp/tmpyhj9jk0f']
[2023-09-12T17:34:44.392+0000] {standard_task_runner.py:85} INFO - Job 581: Subtask say_hello
[2023-09-12T17:34:44.567+0000] {task_command.py:415} INFO - Running <TaskInstance: tasks_relations.say_hello scheduled__2023-03-10T00:00:00+00:00 [running]> on host 0ab7970e0956
[2023-09-12T17:34:44.748+0000] {taskinstance.py:1660} INFO - Exporting env vars: AIRFLOW_CTX_DAG_OWNER='***' AIRFLOW_CTX_DAG_ID='tasks_relations' AIRFLOW_CTX_TASK_ID='say_hello' AIRFLOW_CTX_EXECUTION_DATE='2023-03-10T00:00:00+00:00' AIRFLOW_CTX_TRY_NUMBER='1' AIRFLOW_CTX_DAG_RUN_ID='scheduled__2023-03-10T00:00:00+00:00'
[2023-09-12T17:34:44.749+0000] {logging_mixin.py:151} INFO - hello world
[2023-09-12T17:34:44.751+0000] {python.py:194} INFO - Done. Returned value was: None
[2023-09-12T17:34:44.767+0000] {taskinstance.py:1400} INFO - Marking task as SUCCESS. dag_id=tasks_relations, task_id=say_hello, execution_date=20230310T000000, start_date=20230912T173444, end_date=20230912T173444
[2023-09-12T17:34:44.806+0000] {local_task_job_runner.py:228} INFO - Task exited with return code 0
[2023-09-12T17:34:44.845+0000] {taskinstance.py:2784} INFO - 1 downstream tasks scheduled from follow-on schedule check
