[2023-09-05T15:29:38.823+0000] {taskinstance.py:1159} INFO - Dependencies all met for dep_context=non-requeueable deps ti=<TaskInstance: tasks_relations.this_way scheduled__2023-06-21T00:00:00+00:00 [queued]>
[2023-09-05T15:29:38.934+0000] {taskinstance.py:1159} INFO - Dependencies all met for dep_context=requeueable deps ti=<TaskInstance: tasks_relations.this_way scheduled__2023-06-21T00:00:00+00:00 [queued]>
[2023-09-05T15:29:38.945+0000] {taskinstance.py:1361} INFO - Starting attempt 1 of 1
[2023-09-05T15:29:39.118+0000] {taskinstance.py:1382} INFO - Executing <Task(_PythonDecoratedOperator): this_way> on 2023-06-21 00:00:00+00:00
[2023-09-05T15:29:39.130+0000] {standard_task_runner.py:57} INFO - Started process 1378 to run task
[2023-09-05T15:29:39.200+0000] {standard_task_runner.py:84} INFO - Running: ['***', 'tasks', 'run', 'tasks_relations', 'this_way', 'scheduled__2023-06-21T00:00:00+00:00', '--job-id', '615', '--raw', '--subdir', 'DAGS_FOLDER/tasks_relations.py', '--cfg-path', '/tmp/tmpls_728nt']
[2023-09-05T15:29:39.232+0000] {standard_task_runner.py:85} INFO - Job 615: Subtask this_way
[2023-09-05T15:29:39.744+0000] {task_command.py:415} INFO - Running <TaskInstance: tasks_relations.this_way scheduled__2023-06-21T00:00:00+00:00 [running]> on host ca474790e981
[2023-09-05T15:29:40.640+0000] {taskinstance.py:1660} INFO - Exporting env vars: AIRFLOW_CTX_DAG_OWNER='***' AIRFLOW_CTX_DAG_ID='tasks_relations' AIRFLOW_CTX_TASK_ID='this_way' AIRFLOW_CTX_EXECUTION_DATE='2023-06-21T00:00:00+00:00' AIRFLOW_CTX_TRY_NUMBER='1' AIRFLOW_CTX_DAG_RUN_ID='scheduled__2023-06-21T00:00:00+00:00'
[2023-09-05T15:29:40.674+0000] {logging_mixin.py:151} INFO - THIS WAY!!!
[2023-09-05T15:29:40.677+0000] {python.py:194} INFO - Done. Returned value was: None
[2023-09-05T15:29:40.762+0000] {taskinstance.py:1400} INFO - Marking task as SUCCESS. dag_id=tasks_relations, task_id=this_way, execution_date=20230621T000000, start_date=20230905T152938, end_date=20230905T152940
[2023-09-05T15:29:41.206+0000] {local_task_job_runner.py:228} INFO - Task exited with return code 0
[2023-09-05T15:29:41.486+0000] {taskinstance.py:2784} INFO - 0 downstream tasks scheduled from follow-on schedule check
[2023-09-12T17:36:43.052+0000] {taskinstance.py:1159} INFO - Dependencies all met for dep_context=non-requeueable deps ti=<TaskInstance: tasks_relations.this_way scheduled__2023-06-21T00:00:00+00:00 [queued]>
[2023-09-12T17:36:43.090+0000] {taskinstance.py:1159} INFO - Dependencies all met for dep_context=requeueable deps ti=<TaskInstance: tasks_relations.this_way scheduled__2023-06-21T00:00:00+00:00 [queued]>
[2023-09-12T17:36:43.095+0000] {taskinstance.py:1361} INFO - Starting attempt 1 of 1
[2023-09-12T17:36:43.139+0000] {taskinstance.py:1382} INFO - Executing <Task(_PythonDecoratedOperator): this_way> on 2023-06-21 00:00:00+00:00
[2023-09-12T17:36:43.152+0000] {standard_task_runner.py:57} INFO - Started process 2787 to run task
[2023-09-12T17:36:43.169+0000] {standard_task_runner.py:84} INFO - Running: ['***', 'tasks', 'run', 'tasks_relations', 'this_way', 'scheduled__2023-06-21T00:00:00+00:00', '--job-id', '1318', '--raw', '--subdir', 'DAGS_FOLDER/2_tasks_relations.py', '--cfg-path', '/tmp/tmpgvx1qxjf']
[2023-09-12T17:36:43.187+0000] {standard_task_runner.py:85} INFO - Job 1318: Subtask this_way
[2023-09-12T17:36:43.396+0000] {task_command.py:415} INFO - Running <TaskInstance: tasks_relations.this_way scheduled__2023-06-21T00:00:00+00:00 [running]> on host 0ab7970e0956
[2023-09-12T17:36:43.610+0000] {taskinstance.py:1660} INFO - Exporting env vars: AIRFLOW_CTX_DAG_OWNER='***' AIRFLOW_CTX_DAG_ID='tasks_relations' AIRFLOW_CTX_TASK_ID='this_way' AIRFLOW_CTX_EXECUTION_DATE='2023-06-21T00:00:00+00:00' AIRFLOW_CTX_TRY_NUMBER='1' AIRFLOW_CTX_DAG_RUN_ID='scheduled__2023-06-21T00:00:00+00:00'
[2023-09-12T17:36:43.613+0000] {logging_mixin.py:151} INFO - THIS WAY!!!
[2023-09-12T17:36:43.617+0000] {python.py:194} INFO - Done. Returned value was: None
[2023-09-12T17:36:43.629+0000] {taskinstance.py:1400} INFO - Marking task as SUCCESS. dag_id=tasks_relations, task_id=this_way, execution_date=20230621T000000, start_date=20230912T173643, end_date=20230912T173643
[2023-09-12T17:36:43.668+0000] {local_task_job_runner.py:228} INFO - Task exited with return code 0
[2023-09-12T17:36:43.732+0000] {taskinstance.py:2784} INFO - 1 downstream tasks scheduled from follow-on schedule check
