[2023-09-05T15:31:33.660+0000] {taskinstance.py:1159} INFO - Dependencies all met for dep_context=non-requeueable deps ti=<TaskInstance: tasks_relations.or_that_way scheduled__2023-08-24T00:00:00+00:00 [queued]>
[2023-09-05T15:31:33.747+0000] {taskinstance.py:1159} INFO - Dependencies all met for dep_context=requeueable deps ti=<TaskInstance: tasks_relations.or_that_way scheduled__2023-08-24T00:00:00+00:00 [queued]>
[2023-09-05T15:31:33.759+0000] {taskinstance.py:1361} INFO - Starting attempt 1 of 1
[2023-09-05T15:31:33.971+0000] {taskinstance.py:1382} INFO - Executing <Task(_PythonDecoratedOperator): or_that_way> on 2023-08-24 00:00:00+00:00
[2023-09-05T15:31:33.977+0000] {standard_task_runner.py:57} INFO - Started process 2039 to run task
[2023-09-05T15:31:33.995+0000] {standard_task_runner.py:84} INFO - Running: ['***', 'tasks', 'run', 'tasks_relations', 'or_that_way', 'scheduled__2023-08-24T00:00:00+00:00', '--job-id', '934', '--raw', '--subdir', 'DAGS_FOLDER/tasks_relations.py', '--cfg-path', '/tmp/tmpn0xm64on']
[2023-09-05T15:31:34.008+0000] {standard_task_runner.py:85} INFO - Job 934: Subtask or_that_way
[2023-09-05T15:31:34.495+0000] {task_command.py:415} INFO - Running <TaskInstance: tasks_relations.or_that_way scheduled__2023-08-24T00:00:00+00:00 [running]> on host ca474790e981
[2023-09-05T15:31:34.980+0000] {taskinstance.py:1660} INFO - Exporting env vars: AIRFLOW_CTX_DAG_OWNER='***' AIRFLOW_CTX_DAG_ID='tasks_relations' AIRFLOW_CTX_TASK_ID='or_that_way' AIRFLOW_CTX_EXECUTION_DATE='2023-08-24T00:00:00+00:00' AIRFLOW_CTX_TRY_NUMBER='1' AIRFLOW_CTX_DAG_RUN_ID='scheduled__2023-08-24T00:00:00+00:00'
[2023-09-05T15:31:34.985+0000] {logging_mixin.py:151} INFO - NO NO, THAT WAY WAY!!!
[2023-09-05T15:31:34.987+0000] {python.py:194} INFO - Done. Returned value was: None
[2023-09-05T15:31:35.042+0000] {taskinstance.py:1400} INFO - Marking task as SUCCESS. dag_id=tasks_relations, task_id=or_that_way, execution_date=20230824T000000, start_date=20230905T153133, end_date=20230905T153135
[2023-09-05T15:31:35.388+0000] {local_task_job_runner.py:228} INFO - Task exited with return code 0
[2023-09-05T15:31:35.532+0000] {taskinstance.py:2784} INFO - 0 downstream tasks scheduled from follow-on schedule check
[2023-09-12T17:37:51.881+0000] {taskinstance.py:1159} INFO - Dependencies all met for dep_context=non-requeueable deps ti=<TaskInstance: tasks_relations.or_that_way scheduled__2023-08-24T00:00:00+00:00 [queued]>
[2023-09-12T17:37:51.926+0000] {taskinstance.py:1159} INFO - Dependencies all met for dep_context=requeueable deps ti=<TaskInstance: tasks_relations.or_that_way scheduled__2023-08-24T00:00:00+00:00 [queued]>
[2023-09-12T17:37:51.929+0000] {taskinstance.py:1361} INFO - Starting attempt 1 of 1
[2023-09-12T17:37:51.989+0000] {taskinstance.py:1382} INFO - Executing <Task(_PythonDecoratedOperator): or_that_way> on 2023-08-24 00:00:00+00:00
[2023-09-12T17:37:52.006+0000] {standard_task_runner.py:57} INFO - Started process 3590 to run task
[2023-09-12T17:37:52.031+0000] {standard_task_runner.py:84} INFO - Running: ['***', 'tasks', 'run', 'tasks_relations', 'or_that_way', 'scheduled__2023-08-24T00:00:00+00:00', '--job-id', '1707', '--raw', '--subdir', 'DAGS_FOLDER/2_tasks_relations.py', '--cfg-path', '/tmp/tmp33xljbvx']
[2023-09-12T17:37:52.057+0000] {standard_task_runner.py:85} INFO - Job 1707: Subtask or_that_way
[2023-09-12T17:37:52.213+0000] {task_command.py:415} INFO - Running <TaskInstance: tasks_relations.or_that_way scheduled__2023-08-24T00:00:00+00:00 [running]> on host 0ab7970e0956
[2023-09-12T17:37:52.452+0000] {taskinstance.py:1660} INFO - Exporting env vars: AIRFLOW_CTX_DAG_OWNER='***' AIRFLOW_CTX_DAG_ID='tasks_relations' AIRFLOW_CTX_TASK_ID='or_that_way' AIRFLOW_CTX_EXECUTION_DATE='2023-08-24T00:00:00+00:00' AIRFLOW_CTX_TRY_NUMBER='1' AIRFLOW_CTX_DAG_RUN_ID='scheduled__2023-08-24T00:00:00+00:00'
[2023-09-12T17:37:52.457+0000] {logging_mixin.py:151} INFO - NO NO, THAT WAY WAY!!!
[2023-09-12T17:37:52.461+0000] {python.py:194} INFO - Done. Returned value was: None
[2023-09-12T17:37:52.499+0000] {taskinstance.py:1400} INFO - Marking task as SUCCESS. dag_id=tasks_relations, task_id=or_that_way, execution_date=20230824T000000, start_date=20230912T173751, end_date=20230912T173752
[2023-09-12T17:37:52.573+0000] {local_task_job_runner.py:228} INFO - Task exited with return code 0
[2023-09-12T17:37:52.602+0000] {taskinstance.py:2784} INFO - 0 downstream tasks scheduled from follow-on schedule check
