[2023-09-05T15:25:45.827+0000] {taskinstance.py:1159} INFO - Dependencies all met for dep_context=non-requeueable deps ti=<TaskInstance: tasks_relations.say_hello scheduled__2023-03-25T00:00:00+00:00 [queued]>
[2023-09-05T15:25:46.013+0000] {taskinstance.py:1159} INFO - Dependencies all met for dep_context=requeueable deps ti=<TaskInstance: tasks_relations.say_hello scheduled__2023-03-25T00:00:00+00:00 [queued]>
[2023-09-05T15:25:46.023+0000] {taskinstance.py:1361} INFO - Starting attempt 1 of 1
[2023-09-05T15:25:46.249+0000] {taskinstance.py:1382} INFO - Executing <Task(_PythonDecoratedOperator): say_hello> on 2023-03-25 00:00:00+00:00
[2023-09-05T15:25:46.326+0000] {standard_task_runner.py:57} INFO - Started process 610 to run task
[2023-09-05T15:25:46.518+0000] {standard_task_runner.py:84} INFO - Running: ['***', 'tasks', 'run', 'tasks_relations', 'say_hello', 'scheduled__2023-03-25T00:00:00+00:00', '--job-id', '259', '--raw', '--subdir', 'DAGS_FOLDER/tasks_relations.py', '--cfg-path', '/tmp/tmpb7ocvmal']
[2023-09-05T15:25:46.525+0000] {standard_task_runner.py:85} INFO - Job 259: Subtask say_hello
[2023-09-05T15:25:46.955+0000] {task_command.py:415} INFO - Running <TaskInstance: tasks_relations.say_hello scheduled__2023-03-25T00:00:00+00:00 [running]> on host ca474790e981
[2023-09-05T15:25:47.692+0000] {taskinstance.py:1660} INFO - Exporting env vars: AIRFLOW_CTX_DAG_OWNER='***' AIRFLOW_CTX_DAG_ID='tasks_relations' AIRFLOW_CTX_TASK_ID='say_hello' AIRFLOW_CTX_EXECUTION_DATE='2023-03-25T00:00:00+00:00' AIRFLOW_CTX_TRY_NUMBER='1' AIRFLOW_CTX_DAG_RUN_ID='scheduled__2023-03-25T00:00:00+00:00'
[2023-09-05T15:25:47.701+0000] {logging_mixin.py:151} INFO - hello ***
[2023-09-05T15:25:47.704+0000] {python.py:194} INFO - Done. Returned value was: None
[2023-09-05T15:25:47.807+0000] {taskinstance.py:1400} INFO - Marking task as SUCCESS. dag_id=tasks_relations, task_id=say_hello, execution_date=20230325T000000, start_date=20230905T152545, end_date=20230905T152547
[2023-09-05T15:25:48.000+0000] {local_task_job_runner.py:228} INFO - Task exited with return code 0
[2023-09-05T15:25:48.199+0000] {taskinstance.py:2784} INFO - 1 downstream tasks scheduled from follow-on schedule check
[2023-09-12T17:35:00.896+0000] {taskinstance.py:1159} INFO - Dependencies all met for dep_context=non-requeueable deps ti=<TaskInstance: tasks_relations.say_hello scheduled__2023-03-25T00:00:00+00:00 [queued]>
[2023-09-12T17:35:00.911+0000] {taskinstance.py:1159} INFO - Dependencies all met for dep_context=requeueable deps ti=<TaskInstance: tasks_relations.say_hello scheduled__2023-03-25T00:00:00+00:00 [queued]>
[2023-09-12T17:35:00.912+0000] {taskinstance.py:1361} INFO - Starting attempt 1 of 1
[2023-09-12T17:35:00.938+0000] {taskinstance.py:1382} INFO - Executing <Task(_PythonDecoratedOperator): say_hello> on 2023-03-25 00:00:00+00:00
[2023-09-12T17:35:00.947+0000] {standard_task_runner.py:57} INFO - Started process 1522 to run task
[2023-09-12T17:35:00.958+0000] {standard_task_runner.py:84} INFO - Running: ['***', 'tasks', 'run', 'tasks_relations', 'say_hello', 'scheduled__2023-03-25T00:00:00+00:00', '--job-id', '698', '--raw', '--subdir', 'DAGS_FOLDER/2_tasks_relations.py', '--cfg-path', '/tmp/tmpdq9aohao']
[2023-09-12T17:35:00.964+0000] {standard_task_runner.py:85} INFO - Job 698: Subtask say_hello
[2023-09-12T17:35:01.102+0000] {task_command.py:415} INFO - Running <TaskInstance: tasks_relations.say_hello scheduled__2023-03-25T00:00:00+00:00 [running]> on host 0ab7970e0956
[2023-09-12T17:35:01.278+0000] {taskinstance.py:1660} INFO - Exporting env vars: AIRFLOW_CTX_DAG_OWNER='***' AIRFLOW_CTX_DAG_ID='tasks_relations' AIRFLOW_CTX_TASK_ID='say_hello' AIRFLOW_CTX_EXECUTION_DATE='2023-03-25T00:00:00+00:00' AIRFLOW_CTX_TRY_NUMBER='1' AIRFLOW_CTX_DAG_RUN_ID='scheduled__2023-03-25T00:00:00+00:00'
[2023-09-12T17:35:01.279+0000] {logging_mixin.py:151} INFO - hello world
[2023-09-12T17:35:01.279+0000] {python.py:194} INFO - Done. Returned value was: None
[2023-09-12T17:35:01.295+0000] {taskinstance.py:1400} INFO - Marking task as SUCCESS. dag_id=tasks_relations, task_id=say_hello, execution_date=20230325T000000, start_date=20230912T173500, end_date=20230912T173501
[2023-09-12T17:35:01.338+0000] {local_task_job_runner.py:228} INFO - Task exited with return code 0
[2023-09-12T17:35:01.386+0000] {taskinstance.py:2784} INFO - 1 downstream tasks scheduled from follow-on schedule check
