[2023-09-05T15:24:36.739+0000] {taskinstance.py:1159} INFO - Dependencies all met for dep_context=non-requeueable deps ti=<TaskInstance: tasks_relations.say_bye scheduled__2023-01-17T00:00:00+00:00 [queued]>
[2023-09-05T15:24:36.761+0000] {taskinstance.py:1159} INFO - Dependencies all met for dep_context=requeueable deps ti=<TaskInstance: tasks_relations.say_bye scheduled__2023-01-17T00:00:00+00:00 [queued]>
[2023-09-05T15:24:36.763+0000] {taskinstance.py:1361} INFO - Starting attempt 1 of 1
[2023-09-05T15:24:36.803+0000] {taskinstance.py:1382} INFO - Executing <Task(_PythonDecoratedOperator): say_bye> on 2023-01-17 00:00:00+00:00
[2023-09-05T15:24:36.849+0000] {standard_task_runner.py:57} INFO - Started process 223 to run task
[2023-09-05T15:24:36.865+0000] {standard_task_runner.py:84} INFO - Running: ['***', 'tasks', 'run', 'tasks_relations', 'say_bye', 'scheduled__2023-01-17T00:00:00+00:00', '--job-id', '76', '--raw', '--subdir', 'DAGS_FOLDER/tasks_relations.py', '--cfg-path', '/tmp/tmp7cczydyq']
[2023-09-05T15:24:36.902+0000] {standard_task_runner.py:85} INFO - Job 76: Subtask say_bye
[2023-09-05T15:24:37.167+0000] {task_command.py:415} INFO - Running <TaskInstance: tasks_relations.say_bye scheduled__2023-01-17T00:00:00+00:00 [running]> on host ca474790e981
[2023-09-05T15:24:38.641+0000] {taskinstance.py:1660} INFO - Exporting env vars: AIRFLOW_CTX_DAG_OWNER='***' AIRFLOW_CTX_DAG_ID='tasks_relations' AIRFLOW_CTX_TASK_ID='say_bye' AIRFLOW_CTX_EXECUTION_DATE='2023-01-17T00:00:00+00:00' AIRFLOW_CTX_TRY_NUMBER='1' AIRFLOW_CTX_DAG_RUN_ID='scheduled__2023-01-17T00:00:00+00:00'
[2023-09-05T15:24:38.725+0000] {logging_mixin.py:151} INFO - goodbye ***
[2023-09-05T15:24:38.762+0000] {python.py:194} INFO - Done. Returned value was: None
[2023-09-05T15:24:39.038+0000] {taskinstance.py:1400} INFO - Marking task as SUCCESS. dag_id=tasks_relations, task_id=say_bye, execution_date=20230117T000000, start_date=20230905T152436, end_date=20230905T152439
[2023-09-05T15:24:39.341+0000] {local_task_job_runner.py:228} INFO - Task exited with return code 0
[2023-09-05T15:24:39.560+0000] {taskinstance.py:2784} INFO - 0 downstream tasks scheduled from follow-on schedule check
[2023-09-12T17:33:21.797+0000] {taskinstance.py:1159} INFO - Dependencies all met for dep_context=non-requeueable deps ti=<TaskInstance: tasks_relations.say_bye scheduled__2023-01-17T00:00:00+00:00 [queued]>
[2023-09-12T17:33:21.885+0000] {taskinstance.py:1159} INFO - Dependencies all met for dep_context=requeueable deps ti=<TaskInstance: tasks_relations.say_bye scheduled__2023-01-17T00:00:00+00:00 [queued]>
[2023-09-12T17:33:22.015+0000] {taskinstance.py:1361} INFO - Starting attempt 1 of 1
[2023-09-12T17:33:22.266+0000] {taskinstance.py:1382} INFO - Executing <Task(_PythonDecoratedOperator): say_bye> on 2023-01-17 00:00:00+00:00
[2023-09-12T17:33:22.391+0000] {standard_task_runner.py:84} INFO - Running: ['***', 'tasks', 'run', 'tasks_relations', 'say_bye', 'scheduled__2023-01-17T00:00:00+00:00', '--job-id', '197', '--raw', '--subdir', 'DAGS_FOLDER/2_tasks_relations.py', '--cfg-path', '/tmp/tmpz62mqgj8']
[2023-09-12T17:33:22.440+0000] {standard_task_runner.py:85} INFO - Job 197: Subtask say_bye
[2023-09-12T17:33:22.341+0000] {standard_task_runner.py:57} INFO - Started process 500 to run task
[2023-09-12T17:33:22.976+0000] {task_command.py:415} INFO - Running <TaskInstance: tasks_relations.say_bye scheduled__2023-01-17T00:00:00+00:00 [running]> on host 0ab7970e0956
[2023-09-12T17:33:24.239+0000] {taskinstance.py:1660} INFO - Exporting env vars: AIRFLOW_CTX_DAG_OWNER='***' AIRFLOW_CTX_DAG_ID='tasks_relations' AIRFLOW_CTX_TASK_ID='say_bye' AIRFLOW_CTX_EXECUTION_DATE='2023-01-17T00:00:00+00:00' AIRFLOW_CTX_TRY_NUMBER='1' AIRFLOW_CTX_DAG_RUN_ID='scheduled__2023-01-17T00:00:00+00:00'
[2023-09-12T17:33:24.244+0000] {logging_mixin.py:151} INFO - goodbye world
[2023-09-12T17:33:24.252+0000] {python.py:194} INFO - Done. Returned value was: None
[2023-09-12T17:33:24.286+0000] {taskinstance.py:1400} INFO - Marking task as SUCCESS. dag_id=tasks_relations, task_id=say_bye, execution_date=20230117T000000, start_date=20230912T173321, end_date=20230912T173324
[2023-09-12T17:33:24.536+0000] {local_task_job_runner.py:228} INFO - Task exited with return code 0
[2023-09-12T17:33:24.887+0000] {taskinstance.py:2784} INFO - 2 downstream tasks scheduled from follow-on schedule check
