[2023-09-05T15:24:32.982+0000] {taskinstance.py:1159} INFO - Dependencies all met for dep_context=non-requeueable deps ti=<TaskInstance: tasks_relations.say_hello scheduled__2023-01-16T00:00:00+00:00 [queued]>
[2023-09-05T15:24:33.006+0000] {taskinstance.py:1159} INFO - Dependencies all met for dep_context=requeueable deps ti=<TaskInstance: tasks_relations.say_hello scheduled__2023-01-16T00:00:00+00:00 [queued]>
[2023-09-05T15:24:33.010+0000] {taskinstance.py:1361} INFO - Starting attempt 1 of 1
[2023-09-05T15:24:33.049+0000] {taskinstance.py:1382} INFO - Executing <Task(_PythonDecoratedOperator): say_hello> on 2023-01-16 00:00:00+00:00
[2023-09-05T15:24:33.061+0000] {standard_task_runner.py:57} INFO - Started process 192 to run task
[2023-09-05T15:24:33.092+0000] {standard_task_runner.py:84} INFO - Running: ['***', 'tasks', 'run', 'tasks_relations', 'say_hello', 'scheduled__2023-01-16T00:00:00+00:00', '--job-id', '61', '--raw', '--subdir', 'DAGS_FOLDER/tasks_relations.py', '--cfg-path', '/tmp/tmp3b2vlat8']
[2023-09-05T15:24:33.099+0000] {standard_task_runner.py:85} INFO - Job 61: Subtask say_hello
[2023-09-05T15:24:33.336+0000] {task_command.py:415} INFO - Running <TaskInstance: tasks_relations.say_hello scheduled__2023-01-16T00:00:00+00:00 [running]> on host ca474790e981
[2023-09-05T15:24:33.656+0000] {taskinstance.py:1660} INFO - Exporting env vars: AIRFLOW_CTX_DAG_OWNER='***' AIRFLOW_CTX_DAG_ID='tasks_relations' AIRFLOW_CTX_TASK_ID='say_hello' AIRFLOW_CTX_EXECUTION_DATE='2023-01-16T00:00:00+00:00' AIRFLOW_CTX_TRY_NUMBER='1' AIRFLOW_CTX_DAG_RUN_ID='scheduled__2023-01-16T00:00:00+00:00'
[2023-09-05T15:24:33.660+0000] {logging_mixin.py:151} INFO - hello ***
[2023-09-05T15:24:33.661+0000] {python.py:194} INFO - Done. Returned value was: None
[2023-09-05T15:24:33.689+0000] {taskinstance.py:1400} INFO - Marking task as SUCCESS. dag_id=tasks_relations, task_id=say_hello, execution_date=20230116T000000, start_date=20230905T152432, end_date=20230905T152433
[2023-09-05T15:24:33.801+0000] {local_task_job_runner.py:228} INFO - Task exited with return code 0
[2023-09-05T15:24:33.935+0000] {taskinstance.py:2784} INFO - 0 downstream tasks scheduled from follow-on schedule check
[2023-09-12T17:33:15.961+0000] {taskinstance.py:1159} INFO - Dependencies all met for dep_context=non-requeueable deps ti=<TaskInstance: tasks_relations.say_hello scheduled__2023-01-16T00:00:00+00:00 [queued]>
[2023-09-12T17:33:16.058+0000] {taskinstance.py:1159} INFO - Dependencies all met for dep_context=requeueable deps ti=<TaskInstance: tasks_relations.say_hello scheduled__2023-01-16T00:00:00+00:00 [queued]>
[2023-09-12T17:33:16.067+0000] {taskinstance.py:1361} INFO - Starting attempt 1 of 1
[2023-09-12T17:33:16.128+0000] {taskinstance.py:1382} INFO - Executing <Task(_PythonDecoratedOperator): say_hello> on 2023-01-16 00:00:00+00:00
[2023-09-12T17:33:16.151+0000] {standard_task_runner.py:57} INFO - Started process 453 to run task
[2023-09-12T17:33:16.217+0000] {standard_task_runner.py:84} INFO - Running: ['***', 'tasks', 'run', 'tasks_relations', 'say_hello', 'scheduled__2023-01-16T00:00:00+00:00', '--job-id', '175', '--raw', '--subdir', 'DAGS_FOLDER/2_tasks_relations.py', '--cfg-path', '/tmp/tmpuefe45j6']
[2023-09-12T17:33:16.252+0000] {standard_task_runner.py:85} INFO - Job 175: Subtask say_hello
[2023-09-12T17:33:16.415+0000] {task_command.py:415} INFO - Running <TaskInstance: tasks_relations.say_hello scheduled__2023-01-16T00:00:00+00:00 [running]> on host 0ab7970e0956
[2023-09-12T17:33:16.709+0000] {taskinstance.py:1660} INFO - Exporting env vars: AIRFLOW_CTX_DAG_OWNER='***' AIRFLOW_CTX_DAG_ID='tasks_relations' AIRFLOW_CTX_TASK_ID='say_hello' AIRFLOW_CTX_EXECUTION_DATE='2023-01-16T00:00:00+00:00' AIRFLOW_CTX_TRY_NUMBER='1' AIRFLOW_CTX_DAG_RUN_ID='scheduled__2023-01-16T00:00:00+00:00'
[2023-09-12T17:33:16.731+0000] {logging_mixin.py:151} INFO - hello world
[2023-09-12T17:33:16.765+0000] {python.py:194} INFO - Done. Returned value was: None
[2023-09-12T17:33:16.818+0000] {taskinstance.py:1400} INFO - Marking task as SUCCESS. dag_id=tasks_relations, task_id=say_hello, execution_date=20230116T000000, start_date=20230912T173315, end_date=20230912T173316
[2023-09-12T17:33:16.931+0000] {local_task_job_runner.py:228} INFO - Task exited with return code 0
[2023-09-12T17:33:17.095+0000] {taskinstance.py:2784} INFO - 1 downstream tasks scheduled from follow-on schedule check
