[2023-09-05T15:30:05.943+0000] {taskinstance.py:1159} INFO - Dependencies all met for dep_context=non-requeueable deps ti=<TaskInstance: tasks_relations.say_bye scheduled__2023-07-14T00:00:00+00:00 [queued]>
[2023-09-05T15:30:06.062+0000] {taskinstance.py:1159} INFO - Dependencies all met for dep_context=requeueable deps ti=<TaskInstance: tasks_relations.say_bye scheduled__2023-07-14T00:00:00+00:00 [queued]>
[2023-09-05T15:30:06.067+0000] {taskinstance.py:1361} INFO - Starting attempt 1 of 1
[2023-09-05T15:30:06.271+0000] {taskinstance.py:1382} INFO - Executing <Task(_PythonDecoratedOperator): say_bye> on 2023-07-14 00:00:00+00:00
[2023-09-05T15:30:06.287+0000] {standard_task_runner.py:57} INFO - Started process 1535 to run task
[2023-09-05T15:30:06.341+0000] {standard_task_runner.py:84} INFO - Running: ['***', 'tasks', 'run', 'tasks_relations', 'say_bye', 'scheduled__2023-07-14T00:00:00+00:00', '--job-id', '692', '--raw', '--subdir', 'DAGS_FOLDER/tasks_relations.py', '--cfg-path', '/tmp/tmpjixeb0_i']
[2023-09-05T15:30:06.364+0000] {standard_task_runner.py:85} INFO - Job 692: Subtask say_bye
[2023-09-05T15:30:06.760+0000] {task_command.py:415} INFO - Running <TaskInstance: tasks_relations.say_bye scheduled__2023-07-14T00:00:00+00:00 [running]> on host ca474790e981
[2023-09-05T15:30:07.333+0000] {taskinstance.py:1660} INFO - Exporting env vars: AIRFLOW_CTX_DAG_OWNER='***' AIRFLOW_CTX_DAG_ID='tasks_relations' AIRFLOW_CTX_TASK_ID='say_bye' AIRFLOW_CTX_EXECUTION_DATE='2023-07-14T00:00:00+00:00' AIRFLOW_CTX_TRY_NUMBER='1' AIRFLOW_CTX_DAG_RUN_ID='scheduled__2023-07-14T00:00:00+00:00'
[2023-09-05T15:30:07.338+0000] {logging_mixin.py:151} INFO - goodbye world
[2023-09-05T15:30:07.342+0000] {python.py:194} INFO - Done. Returned value was: None
[2023-09-05T15:30:07.484+0000] {taskinstance.py:1400} INFO - Marking task as SUCCESS. dag_id=tasks_relations, task_id=say_bye, execution_date=20230714T000000, start_date=20230905T153005, end_date=20230905T153007
[2023-09-05T15:30:07.778+0000] {local_task_job_runner.py:228} INFO - Task exited with return code 0
[2023-09-05T15:30:07.828+0000] {taskinstance.py:2784} INFO - 0 downstream tasks scheduled from follow-on schedule check
[2023-09-12T17:37:04.596+0000] {taskinstance.py:1159} INFO - Dependencies all met for dep_context=non-requeueable deps ti=<TaskInstance: tasks_relations.say_bye scheduled__2023-07-14T00:00:00+00:00 [queued]>
[2023-09-12T17:37:04.615+0000] {taskinstance.py:1159} INFO - Dependencies all met for dep_context=requeueable deps ti=<TaskInstance: tasks_relations.say_bye scheduled__2023-07-14T00:00:00+00:00 [queued]>
[2023-09-12T17:37:04.622+0000] {taskinstance.py:1361} INFO - Starting attempt 1 of 1
[2023-09-12T17:37:04.684+0000] {taskinstance.py:1382} INFO - Executing <Task(_PythonDecoratedOperator): say_bye> on 2023-07-14 00:00:00+00:00
[2023-09-12T17:37:04.701+0000] {standard_task_runner.py:57} INFO - Started process 3036 to run task
[2023-09-12T17:37:04.708+0000] {standard_task_runner.py:84} INFO - Running: ['***', 'tasks', 'run', 'tasks_relations', 'say_bye', 'scheduled__2023-07-14T00:00:00+00:00', '--job-id', '1442', '--raw', '--subdir', 'DAGS_FOLDER/2_tasks_relations.py', '--cfg-path', '/tmp/tmp26pwfeb4']
[2023-09-12T17:37:04.715+0000] {standard_task_runner.py:85} INFO - Job 1442: Subtask say_bye
[2023-09-12T17:37:04.882+0000] {task_command.py:415} INFO - Running <TaskInstance: tasks_relations.say_bye scheduled__2023-07-14T00:00:00+00:00 [running]> on host 0ab7970e0956
[2023-09-12T17:37:05.185+0000] {taskinstance.py:1660} INFO - Exporting env vars: AIRFLOW_CTX_DAG_OWNER='***' AIRFLOW_CTX_DAG_ID='tasks_relations' AIRFLOW_CTX_TASK_ID='say_bye' AIRFLOW_CTX_EXECUTION_DATE='2023-07-14T00:00:00+00:00' AIRFLOW_CTX_TRY_NUMBER='1' AIRFLOW_CTX_DAG_RUN_ID='scheduled__2023-07-14T00:00:00+00:00'
[2023-09-12T17:37:05.187+0000] {logging_mixin.py:151} INFO - goodbye world
[2023-09-12T17:37:05.187+0000] {python.py:194} INFO - Done. Returned value was: None
[2023-09-12T17:37:05.227+0000] {taskinstance.py:1400} INFO - Marking task as SUCCESS. dag_id=tasks_relations, task_id=say_bye, execution_date=20230714T000000, start_date=20230912T173704, end_date=20230912T173705
[2023-09-12T17:37:05.443+0000] {local_task_job_runner.py:228} INFO - Task exited with return code 0
[2023-09-12T17:37:05.650+0000] {taskinstance.py:2784} INFO - 0 downstream tasks scheduled from follow-on schedule check
