[2023-09-05T15:27:56.726+0000] {taskinstance.py:1159} INFO - Dependencies all met for dep_context=non-requeueable deps ti=<TaskInstance: tasks_relations.this_way scheduled__2023-05-17T00:00:00+00:00 [queued]>
[2023-09-05T15:27:57.015+0000] {taskinstance.py:1159} INFO - Dependencies all met for dep_context=requeueable deps ti=<TaskInstance: tasks_relations.this_way scheduled__2023-05-17T00:00:00+00:00 [queued]>
[2023-09-05T15:27:57.024+0000] {taskinstance.py:1361} INFO - Starting attempt 1 of 1
[2023-09-05T15:27:57.296+0000] {taskinstance.py:1382} INFO - Executing <Task(_PythonDecoratedOperator): this_way> on 2023-05-17 00:00:00+00:00
[2023-09-05T15:27:57.349+0000] {standard_task_runner.py:57} INFO - Started process 1004 to run task
[2023-09-05T15:27:57.444+0000] {standard_task_runner.py:84} INFO - Running: ['***', 'tasks', 'run', 'tasks_relations', 'this_way', 'scheduled__2023-05-17T00:00:00+00:00', '--job-id', '440', '--raw', '--subdir', 'DAGS_FOLDER/tasks_relations.py', '--cfg-path', '/tmp/tmplyj_oje_']
[2023-09-05T15:27:57.465+0000] {standard_task_runner.py:85} INFO - Job 440: Subtask this_way
[2023-09-05T15:27:58.332+0000] {task_command.py:415} INFO - Running <TaskInstance: tasks_relations.this_way scheduled__2023-05-17T00:00:00+00:00 [running]> on host ca474790e981
[2023-09-05T15:27:58.978+0000] {taskinstance.py:1660} INFO - Exporting env vars: AIRFLOW_CTX_DAG_OWNER='***' AIRFLOW_CTX_DAG_ID='tasks_relations' AIRFLOW_CTX_TASK_ID='this_way' AIRFLOW_CTX_EXECUTION_DATE='2023-05-17T00:00:00+00:00' AIRFLOW_CTX_TRY_NUMBER='1' AIRFLOW_CTX_DAG_RUN_ID='scheduled__2023-05-17T00:00:00+00:00'
[2023-09-05T15:27:58.981+0000] {logging_mixin.py:151} INFO - THIS WAY!!!
[2023-09-05T15:27:58.988+0000] {python.py:194} INFO - Done. Returned value was: None
[2023-09-05T15:27:59.040+0000] {taskinstance.py:1400} INFO - Marking task as SUCCESS. dag_id=tasks_relations, task_id=this_way, execution_date=20230517T000000, start_date=20230905T152756, end_date=20230905T152759
[2023-09-05T15:27:59.369+0000] {local_task_job_runner.py:228} INFO - Task exited with return code 0
[2023-09-05T15:27:59.548+0000] {taskinstance.py:2784} INFO - 0 downstream tasks scheduled from follow-on schedule check
[2023-09-12T17:36:03.166+0000] {taskinstance.py:1159} INFO - Dependencies all met for dep_context=non-requeueable deps ti=<TaskInstance: tasks_relations.this_way scheduled__2023-05-17T00:00:00+00:00 [queued]>
[2023-09-12T17:36:03.208+0000] {taskinstance.py:1159} INFO - Dependencies all met for dep_context=requeueable deps ti=<TaskInstance: tasks_relations.this_way scheduled__2023-05-17T00:00:00+00:00 [queued]>
[2023-09-12T17:36:03.209+0000] {taskinstance.py:1361} INFO - Starting attempt 1 of 1
[2023-09-12T17:36:03.288+0000] {taskinstance.py:1382} INFO - Executing <Task(_PythonDecoratedOperator): this_way> on 2023-05-17 00:00:00+00:00
[2023-09-12T17:36:03.304+0000] {standard_task_runner.py:57} INFO - Started process 2345 to run task
[2023-09-12T17:36:03.355+0000] {standard_task_runner.py:84} INFO - Running: ['***', 'tasks', 'run', 'tasks_relations', 'this_way', 'scheduled__2023-05-17T00:00:00+00:00', '--job-id', '1105', '--raw', '--subdir', 'DAGS_FOLDER/2_tasks_relations.py', '--cfg-path', '/tmp/tmpsc6mazqv']
[2023-09-12T17:36:03.375+0000] {standard_task_runner.py:85} INFO - Job 1105: Subtask this_way
[2023-09-12T17:36:03.570+0000] {task_command.py:415} INFO - Running <TaskInstance: tasks_relations.this_way scheduled__2023-05-17T00:00:00+00:00 [running]> on host 0ab7970e0956
[2023-09-12T17:36:03.753+0000] {taskinstance.py:1660} INFO - Exporting env vars: AIRFLOW_CTX_DAG_OWNER='***' AIRFLOW_CTX_DAG_ID='tasks_relations' AIRFLOW_CTX_TASK_ID='this_way' AIRFLOW_CTX_EXECUTION_DATE='2023-05-17T00:00:00+00:00' AIRFLOW_CTX_TRY_NUMBER='1' AIRFLOW_CTX_DAG_RUN_ID='scheduled__2023-05-17T00:00:00+00:00'
[2023-09-12T17:36:03.754+0000] {logging_mixin.py:151} INFO - THIS WAY!!!
[2023-09-12T17:36:03.755+0000] {python.py:194} INFO - Done. Returned value was: None
[2023-09-12T17:36:03.779+0000] {taskinstance.py:1400} INFO - Marking task as SUCCESS. dag_id=tasks_relations, task_id=this_way, execution_date=20230517T000000, start_date=20230912T173603, end_date=20230912T173603
[2023-09-12T17:36:03.822+0000] {local_task_job_runner.py:228} INFO - Task exited with return code 0
[2023-09-12T17:36:03.887+0000] {taskinstance.py:2784} INFO - 0 downstream tasks scheduled from follow-on schedule check
