[2023-09-05T15:27:48.558+0000] {taskinstance.py:1159} INFO - Dependencies all met for dep_context=non-requeueable deps ti=<TaskInstance: tasks_relations.say_bye scheduled__2023-05-21T00:00:00+00:00 [queued]>
[2023-09-05T15:27:48.600+0000] {taskinstance.py:1159} INFO - Dependencies all met for dep_context=requeueable deps ti=<TaskInstance: tasks_relations.say_bye scheduled__2023-05-21T00:00:00+00:00 [queued]>
[2023-09-05T15:27:48.642+0000] {taskinstance.py:1361} INFO - Starting attempt 1 of 1
[2023-09-05T15:27:48.876+0000] {taskinstance.py:1382} INFO - Executing <Task(_PythonDecoratedOperator): say_bye> on 2023-05-21 00:00:00+00:00
[2023-09-05T15:27:48.925+0000] {standard_task_runner.py:57} INFO - Started process 972 to run task
[2023-09-05T15:27:49.040+0000] {standard_task_runner.py:84} INFO - Running: ['***', 'tasks', 'run', 'tasks_relations', 'say_bye', 'scheduled__2023-05-21T00:00:00+00:00', '--job-id', '423', '--raw', '--subdir', 'DAGS_FOLDER/tasks_relations.py', '--cfg-path', '/tmp/tmprgvf9wqp']
[2023-09-05T15:27:49.128+0000] {standard_task_runner.py:85} INFO - Job 423: Subtask say_bye
[2023-09-05T15:27:49.613+0000] {task_command.py:415} INFO - Running <TaskInstance: tasks_relations.say_bye scheduled__2023-05-21T00:00:00+00:00 [running]> on host ca474790e981
[2023-09-05T15:27:50.679+0000] {taskinstance.py:1660} INFO - Exporting env vars: AIRFLOW_CTX_DAG_OWNER='***' AIRFLOW_CTX_DAG_ID='tasks_relations' AIRFLOW_CTX_TASK_ID='say_bye' AIRFLOW_CTX_EXECUTION_DATE='2023-05-21T00:00:00+00:00' AIRFLOW_CTX_TRY_NUMBER='1' AIRFLOW_CTX_DAG_RUN_ID='scheduled__2023-05-21T00:00:00+00:00'
[2023-09-05T15:27:50.689+0000] {logging_mixin.py:151} INFO - goodbye world
[2023-09-05T15:27:50.736+0000] {python.py:194} INFO - Done. Returned value was: None
[2023-09-05T15:27:50.820+0000] {taskinstance.py:1400} INFO - Marking task as SUCCESS. dag_id=tasks_relations, task_id=say_bye, execution_date=20230521T000000, start_date=20230905T152748, end_date=20230905T152750
[2023-09-05T15:27:51.199+0000] {local_task_job_runner.py:228} INFO - Task exited with return code 0
[2023-09-05T15:27:51.513+0000] {taskinstance.py:2784} INFO - 2 downstream tasks scheduled from follow-on schedule check
[2023-09-12T17:36:02.970+0000] {taskinstance.py:1159} INFO - Dependencies all met for dep_context=non-requeueable deps ti=<TaskInstance: tasks_relations.say_bye scheduled__2023-05-21T00:00:00+00:00 [queued]>
[2023-09-12T17:36:03.006+0000] {taskinstance.py:1159} INFO - Dependencies all met for dep_context=requeueable deps ti=<TaskInstance: tasks_relations.say_bye scheduled__2023-05-21T00:00:00+00:00 [queued]>
[2023-09-12T17:36:03.008+0000] {taskinstance.py:1361} INFO - Starting attempt 1 of 1
[2023-09-12T17:36:03.075+0000] {taskinstance.py:1382} INFO - Executing <Task(_PythonDecoratedOperator): say_bye> on 2023-05-21 00:00:00+00:00
[2023-09-12T17:36:03.124+0000] {standard_task_runner.py:57} INFO - Started process 2339 to run task
[2023-09-12T17:36:03.147+0000] {standard_task_runner.py:84} INFO - Running: ['***', 'tasks', 'run', 'tasks_relations', 'say_bye', 'scheduled__2023-05-21T00:00:00+00:00', '--job-id', '1099', '--raw', '--subdir', 'DAGS_FOLDER/2_tasks_relations.py', '--cfg-path', '/tmp/tmpu81jfz_i']
[2023-09-12T17:36:03.164+0000] {standard_task_runner.py:85} INFO - Job 1099: Subtask say_bye
[2023-09-12T17:36:03.329+0000] {task_command.py:415} INFO - Running <TaskInstance: tasks_relations.say_bye scheduled__2023-05-21T00:00:00+00:00 [running]> on host 0ab7970e0956
[2023-09-12T17:36:03.623+0000] {taskinstance.py:1660} INFO - Exporting env vars: AIRFLOW_CTX_DAG_OWNER='***' AIRFLOW_CTX_DAG_ID='tasks_relations' AIRFLOW_CTX_TASK_ID='say_bye' AIRFLOW_CTX_EXECUTION_DATE='2023-05-21T00:00:00+00:00' AIRFLOW_CTX_TRY_NUMBER='1' AIRFLOW_CTX_DAG_RUN_ID='scheduled__2023-05-21T00:00:00+00:00'
[2023-09-12T17:36:03.624+0000] {logging_mixin.py:151} INFO - goodbye world
[2023-09-12T17:36:03.628+0000] {python.py:194} INFO - Done. Returned value was: None
[2023-09-12T17:36:03.654+0000] {taskinstance.py:1400} INFO - Marking task as SUCCESS. dag_id=tasks_relations, task_id=say_bye, execution_date=20230521T000000, start_date=20230912T173602, end_date=20230912T173603
[2023-09-12T17:36:03.728+0000] {local_task_job_runner.py:228} INFO - Task exited with return code 0
[2023-09-12T17:36:03.869+0000] {taskinstance.py:2784} INFO - 2 downstream tasks scheduled from follow-on schedule check
