[2023-09-05T15:28:55.695+0000] {taskinstance.py:1159} INFO - Dependencies all met for dep_context=non-requeueable deps ti=<TaskInstance: tasks_relations.or_that_way scheduled__2023-06-01T00:00:00+00:00 [queued]>
[2023-09-05T15:28:55.856+0000] {taskinstance.py:1159} INFO - Dependencies all met for dep_context=requeueable deps ti=<TaskInstance: tasks_relations.or_that_way scheduled__2023-06-01T00:00:00+00:00 [queued]>
[2023-09-05T15:28:55.879+0000] {taskinstance.py:1361} INFO - Starting attempt 1 of 1
[2023-09-05T15:28:55.990+0000] {taskinstance.py:1382} INFO - Executing <Task(_PythonDecoratedOperator): or_that_way> on 2023-06-01 00:00:00+00:00
[2023-09-05T15:28:56.000+0000] {standard_task_runner.py:57} INFO - Started process 1178 to run task
[2023-09-05T15:28:56.112+0000] {standard_task_runner.py:84} INFO - Running: ['***', 'tasks', 'run', 'tasks_relations', 'or_that_way', 'scheduled__2023-06-01T00:00:00+00:00', '--job-id', '522', '--raw', '--subdir', 'DAGS_FOLDER/tasks_relations.py', '--cfg-path', '/tmp/tmpzioky3fp']
[2023-09-05T15:28:56.126+0000] {standard_task_runner.py:85} INFO - Job 522: Subtask or_that_way
[2023-09-05T15:28:56.568+0000] {task_command.py:415} INFO - Running <TaskInstance: tasks_relations.or_that_way scheduled__2023-06-01T00:00:00+00:00 [running]> on host ca474790e981
[2023-09-05T15:28:57.054+0000] {taskinstance.py:1660} INFO - Exporting env vars: AIRFLOW_CTX_DAG_OWNER='***' AIRFLOW_CTX_DAG_ID='tasks_relations' AIRFLOW_CTX_TASK_ID='or_that_way' AIRFLOW_CTX_EXECUTION_DATE='2023-06-01T00:00:00+00:00' AIRFLOW_CTX_TRY_NUMBER='1' AIRFLOW_CTX_DAG_RUN_ID='scheduled__2023-06-01T00:00:00+00:00'
[2023-09-05T15:28:57.059+0000] {logging_mixin.py:151} INFO - NO NO, THAT WAY WAY!!!
[2023-09-05T15:28:57.060+0000] {python.py:194} INFO - Done. Returned value was: None
[2023-09-05T15:28:57.287+0000] {taskinstance.py:1400} INFO - Marking task as SUCCESS. dag_id=tasks_relations, task_id=or_that_way, execution_date=20230601T000000, start_date=20230905T152855, end_date=20230905T152857
[2023-09-05T15:28:57.538+0000] {local_task_job_runner.py:228} INFO - Task exited with return code 0
[2023-09-05T15:28:57.601+0000] {taskinstance.py:2784} INFO - 0 downstream tasks scheduled from follow-on schedule check
[2023-09-12T17:36:19.006+0000] {taskinstance.py:1159} INFO - Dependencies all met for dep_context=non-requeueable deps ti=<TaskInstance: tasks_relations.or_that_way scheduled__2023-06-01T00:00:00+00:00 [queued]>
[2023-09-12T17:36:19.045+0000] {taskinstance.py:1159} INFO - Dependencies all met for dep_context=requeueable deps ti=<TaskInstance: tasks_relations.or_that_way scheduled__2023-06-01T00:00:00+00:00 [queued]>
[2023-09-12T17:36:19.050+0000] {taskinstance.py:1361} INFO - Starting attempt 1 of 1
[2023-09-12T17:36:19.249+0000] {taskinstance.py:1382} INFO - Executing <Task(_PythonDecoratedOperator): or_that_way> on 2023-06-01 00:00:00+00:00
[2023-09-12T17:36:19.255+0000] {standard_task_runner.py:57} INFO - Started process 2554 to run task
[2023-09-12T17:36:19.283+0000] {standard_task_runner.py:84} INFO - Running: ['***', 'tasks', 'run', 'tasks_relations', 'or_that_way', 'scheduled__2023-06-01T00:00:00+00:00', '--job-id', '1203', '--raw', '--subdir', 'DAGS_FOLDER/2_tasks_relations.py', '--cfg-path', '/tmp/tmpfwlp_sk5']
[2023-09-12T17:36:19.296+0000] {standard_task_runner.py:85} INFO - Job 1203: Subtask or_that_way
[2023-09-12T17:36:19.457+0000] {task_command.py:415} INFO - Running <TaskInstance: tasks_relations.or_that_way scheduled__2023-06-01T00:00:00+00:00 [running]> on host 0ab7970e0956
[2023-09-12T17:36:19.665+0000] {taskinstance.py:1660} INFO - Exporting env vars: AIRFLOW_CTX_DAG_OWNER='***' AIRFLOW_CTX_DAG_ID='tasks_relations' AIRFLOW_CTX_TASK_ID='or_that_way' AIRFLOW_CTX_EXECUTION_DATE='2023-06-01T00:00:00+00:00' AIRFLOW_CTX_TRY_NUMBER='1' AIRFLOW_CTX_DAG_RUN_ID='scheduled__2023-06-01T00:00:00+00:00'
[2023-09-12T17:36:19.666+0000] {logging_mixin.py:151} INFO - NO NO, THAT WAY WAY!!!
[2023-09-12T17:36:19.668+0000] {python.py:194} INFO - Done. Returned value was: None
[2023-09-12T17:36:19.687+0000] {taskinstance.py:1400} INFO - Marking task as SUCCESS. dag_id=tasks_relations, task_id=or_that_way, execution_date=20230601T000000, start_date=20230912T173619, end_date=20230912T173619
[2023-09-12T17:36:19.765+0000] {local_task_job_runner.py:228} INFO - Task exited with return code 0
[2023-09-12T17:36:19.793+0000] {taskinstance.py:2784} INFO - 1 downstream tasks scheduled from follow-on schedule check
