[2023-09-05T15:26:34.756+0000] {taskinstance.py:1159} INFO - Dependencies all met for dep_context=non-requeueable deps ti=<TaskInstance: tasks_relations.say_bye scheduled__2023-04-25T00:00:00+00:00 [queued]>
[2023-09-05T15:26:34.789+0000] {taskinstance.py:1159} INFO - Dependencies all met for dep_context=requeueable deps ti=<TaskInstance: tasks_relations.say_bye scheduled__2023-04-25T00:00:00+00:00 [queued]>
[2023-09-05T15:26:34.793+0000] {taskinstance.py:1361} INFO - Starting attempt 1 of 1
[2023-09-05T15:26:34.852+0000] {taskinstance.py:1382} INFO - Executing <Task(_PythonDecoratedOperator): say_bye> on 2023-04-25 00:00:00+00:00
[2023-09-05T15:26:34.872+0000] {standard_task_runner.py:57} INFO - Started process 819 to run task
[2023-09-05T15:26:34.892+0000] {standard_task_runner.py:84} INFO - Running: ['***', 'tasks', 'run', 'tasks_relations', 'say_bye', 'scheduled__2023-04-25T00:00:00+00:00', '--job-id', '365', '--raw', '--subdir', 'DAGS_FOLDER/tasks_relations.py', '--cfg-path', '/tmp/tmp0o6lq_9_']
[2023-09-05T15:26:34.909+0000] {standard_task_runner.py:85} INFO - Job 365: Subtask say_bye
[2023-09-05T15:26:35.132+0000] {task_command.py:415} INFO - Running <TaskInstance: tasks_relations.say_bye scheduled__2023-04-25T00:00:00+00:00 [running]> on host ca474790e981
[2023-09-05T15:26:35.547+0000] {taskinstance.py:1660} INFO - Exporting env vars: AIRFLOW_CTX_DAG_OWNER='***' AIRFLOW_CTX_DAG_ID='tasks_relations' AIRFLOW_CTX_TASK_ID='say_bye' AIRFLOW_CTX_EXECUTION_DATE='2023-04-25T00:00:00+00:00' AIRFLOW_CTX_TRY_NUMBER='1' AIRFLOW_CTX_DAG_RUN_ID='scheduled__2023-04-25T00:00:00+00:00'
[2023-09-05T15:26:35.561+0000] {logging_mixin.py:151} INFO - goodbye ***
[2023-09-05T15:26:35.575+0000] {python.py:194} INFO - Done. Returned value was: None
[2023-09-05T15:26:35.624+0000] {taskinstance.py:1400} INFO - Marking task as SUCCESS. dag_id=tasks_relations, task_id=say_bye, execution_date=20230425T000000, start_date=20230905T152634, end_date=20230905T152635
[2023-09-05T15:26:35.735+0000] {local_task_job_runner.py:228} INFO - Task exited with return code 0
[2023-09-05T15:26:35.927+0000] {taskinstance.py:2784} INFO - 0 downstream tasks scheduled from follow-on schedule check
[2023-09-12T17:35:39.558+0000] {taskinstance.py:1159} INFO - Dependencies all met for dep_context=non-requeueable deps ti=<TaskInstance: tasks_relations.say_bye scheduled__2023-04-25T00:00:00+00:00 [queued]>
[2023-09-12T17:35:39.593+0000] {taskinstance.py:1159} INFO - Dependencies all met for dep_context=requeueable deps ti=<TaskInstance: tasks_relations.say_bye scheduled__2023-04-25T00:00:00+00:00 [queued]>
[2023-09-12T17:35:39.598+0000] {taskinstance.py:1361} INFO - Starting attempt 1 of 1
[2023-09-12T17:35:39.645+0000] {taskinstance.py:1382} INFO - Executing <Task(_PythonDecoratedOperator): say_bye> on 2023-04-25 00:00:00+00:00
[2023-09-12T17:35:39.652+0000] {standard_task_runner.py:57} INFO - Started process 2030 to run task
[2023-09-12T17:35:39.667+0000] {standard_task_runner.py:84} INFO - Running: ['***', 'tasks', 'run', 'tasks_relations', 'say_bye', 'scheduled__2023-04-25T00:00:00+00:00', '--job-id', '946', '--raw', '--subdir', 'DAGS_FOLDER/2_tasks_relations.py', '--cfg-path', '/tmp/tmp9vzrk0a2']
[2023-09-12T17:35:39.671+0000] {standard_task_runner.py:85} INFO - Job 946: Subtask say_bye
[2023-09-12T17:35:39.826+0000] {task_command.py:415} INFO - Running <TaskInstance: tasks_relations.say_bye scheduled__2023-04-25T00:00:00+00:00 [running]> on host 0ab7970e0956
[2023-09-12T17:35:40.025+0000] {taskinstance.py:1660} INFO - Exporting env vars: AIRFLOW_CTX_DAG_OWNER='***' AIRFLOW_CTX_DAG_ID='tasks_relations' AIRFLOW_CTX_TASK_ID='say_bye' AIRFLOW_CTX_EXECUTION_DATE='2023-04-25T00:00:00+00:00' AIRFLOW_CTX_TRY_NUMBER='1' AIRFLOW_CTX_DAG_RUN_ID='scheduled__2023-04-25T00:00:00+00:00'
[2023-09-12T17:35:40.029+0000] {logging_mixin.py:151} INFO - goodbye world
[2023-09-12T17:35:40.030+0000] {python.py:194} INFO - Done. Returned value was: None
[2023-09-12T17:35:40.051+0000] {taskinstance.py:1400} INFO - Marking task as SUCCESS. dag_id=tasks_relations, task_id=say_bye, execution_date=20230425T000000, start_date=20230912T173539, end_date=20230912T173540
[2023-09-12T17:35:40.130+0000] {local_task_job_runner.py:228} INFO - Task exited with return code 0
[2023-09-12T17:35:40.167+0000] {taskinstance.py:2784} INFO - 2 downstream tasks scheduled from follow-on schedule check
