[2023-09-05T15:29:46.118+0000] {taskinstance.py:1159} INFO - Dependencies all met for dep_context=non-requeueable deps ti=<TaskInstance: tasks_relations.this_way scheduled__2023-07-01T00:00:00+00:00 [queued]>
[2023-09-05T15:29:46.136+0000] {taskinstance.py:1159} INFO - Dependencies all met for dep_context=requeueable deps ti=<TaskInstance: tasks_relations.this_way scheduled__2023-07-01T00:00:00+00:00 [queued]>
[2023-09-05T15:29:46.138+0000] {taskinstance.py:1361} INFO - Starting attempt 1 of 1
[2023-09-05T15:29:46.157+0000] {taskinstance.py:1382} INFO - Executing <Task(_PythonDecoratedOperator): this_way> on 2023-07-01 00:00:00+00:00
[2023-09-05T15:29:46.176+0000] {standard_task_runner.py:84} INFO - Running: ['***', 'tasks', 'run', 'tasks_relations', 'this_way', 'scheduled__2023-07-01T00:00:00+00:00', '--job-id', '637', '--raw', '--subdir', 'DAGS_FOLDER/tasks_relations.py', '--cfg-path', '/tmp/tmpq8tc4hym']
[2023-09-05T15:29:46.180+0000] {standard_task_runner.py:85} INFO - Job 637: Subtask this_way
[2023-09-05T15:29:46.164+0000] {standard_task_runner.py:57} INFO - Started process 1412 to run task
[2023-09-05T15:29:46.340+0000] {task_command.py:415} INFO - Running <TaskInstance: tasks_relations.this_way scheduled__2023-07-01T00:00:00+00:00 [running]> on host ca474790e981
[2023-09-05T15:29:46.495+0000] {taskinstance.py:1660} INFO - Exporting env vars: AIRFLOW_CTX_DAG_OWNER='***' AIRFLOW_CTX_DAG_ID='tasks_relations' AIRFLOW_CTX_TASK_ID='this_way' AIRFLOW_CTX_EXECUTION_DATE='2023-07-01T00:00:00+00:00' AIRFLOW_CTX_TRY_NUMBER='1' AIRFLOW_CTX_DAG_RUN_ID='scheduled__2023-07-01T00:00:00+00:00'
[2023-09-05T15:29:46.501+0000] {logging_mixin.py:151} INFO - THIS WAY!!!
[2023-09-05T15:29:46.502+0000] {python.py:194} INFO - Done. Returned value was: None
[2023-09-05T15:29:46.518+0000] {taskinstance.py:1400} INFO - Marking task as SUCCESS. dag_id=tasks_relations, task_id=this_way, execution_date=20230701T000000, start_date=20230905T152946, end_date=20230905T152946
[2023-09-05T15:29:46.585+0000] {local_task_job_runner.py:228} INFO - Task exited with return code 0
[2023-09-05T15:29:46.619+0000] {taskinstance.py:2784} INFO - 0 downstream tasks scheduled from follow-on schedule check
[2023-09-12T17:36:55.911+0000] {taskinstance.py:1159} INFO - Dependencies all met for dep_context=non-requeueable deps ti=<TaskInstance: tasks_relations.this_way scheduled__2023-07-01T00:00:00+00:00 [queued]>
[2023-09-12T17:36:55.941+0000] {taskinstance.py:1159} INFO - Dependencies all met for dep_context=requeueable deps ti=<TaskInstance: tasks_relations.this_way scheduled__2023-07-01T00:00:00+00:00 [queued]>
[2023-09-12T17:36:55.950+0000] {taskinstance.py:1361} INFO - Starting attempt 1 of 1
[2023-09-12T17:36:55.970+0000] {taskinstance.py:1382} INFO - Executing <Task(_PythonDecoratedOperator): this_way> on 2023-07-01 00:00:00+00:00
[2023-09-12T17:36:55.990+0000] {standard_task_runner.py:57} INFO - Started process 2939 to run task
[2023-09-12T17:36:56.013+0000] {standard_task_runner.py:84} INFO - Running: ['***', 'tasks', 'run', 'tasks_relations', 'this_way', 'scheduled__2023-07-01T00:00:00+00:00', '--job-id', '1390', '--raw', '--subdir', 'DAGS_FOLDER/2_tasks_relations.py', '--cfg-path', '/tmp/tmpid8voa8c']
[2023-09-12T17:36:56.017+0000] {standard_task_runner.py:85} INFO - Job 1390: Subtask this_way
[2023-09-12T17:36:56.179+0000] {task_command.py:415} INFO - Running <TaskInstance: tasks_relations.this_way scheduled__2023-07-01T00:00:00+00:00 [running]> on host 0ab7970e0956
[2023-09-12T17:36:56.470+0000] {taskinstance.py:1660} INFO - Exporting env vars: AIRFLOW_CTX_DAG_OWNER='***' AIRFLOW_CTX_DAG_ID='tasks_relations' AIRFLOW_CTX_TASK_ID='this_way' AIRFLOW_CTX_EXECUTION_DATE='2023-07-01T00:00:00+00:00' AIRFLOW_CTX_TRY_NUMBER='1' AIRFLOW_CTX_DAG_RUN_ID='scheduled__2023-07-01T00:00:00+00:00'
[2023-09-12T17:36:56.473+0000] {logging_mixin.py:151} INFO - THIS WAY!!!
[2023-09-12T17:36:56.474+0000] {python.py:194} INFO - Done. Returned value was: None
[2023-09-12T17:36:56.493+0000] {taskinstance.py:1400} INFO - Marking task as SUCCESS. dag_id=tasks_relations, task_id=this_way, execution_date=20230701T000000, start_date=20230912T173655, end_date=20230912T173656
[2023-09-12T17:36:56.553+0000] {local_task_job_runner.py:228} INFO - Task exited with return code 0
[2023-09-12T17:36:56.599+0000] {taskinstance.py:2784} INFO - 1 downstream tasks scheduled from follow-on schedule check
