[2023-09-05T15:25:12.747+0000] {taskinstance.py:1159} INFO - Dependencies all met for dep_context=non-requeueable deps ti=<TaskInstance: tasks_relations.say_hello scheduled__2023-02-27T00:00:00+00:00 [queued]>
[2023-09-05T15:25:12.790+0000] {taskinstance.py:1159} INFO - Dependencies all met for dep_context=requeueable deps ti=<TaskInstance: tasks_relations.say_hello scheduled__2023-02-27T00:00:00+00:00 [queued]>
[2023-09-05T15:25:12.793+0000] {taskinstance.py:1361} INFO - Starting attempt 1 of 1
[2023-09-05T15:25:12.833+0000] {taskinstance.py:1382} INFO - Executing <Task(_PythonDecoratedOperator): say_hello> on 2023-02-27 00:00:00+00:00
[2023-09-05T15:25:12.847+0000] {standard_task_runner.py:57} INFO - Started process 436 to run task
[2023-09-05T15:25:12.914+0000] {standard_task_runner.py:84} INFO - Running: ['***', 'tasks', 'run', 'tasks_relations', 'say_hello', 'scheduled__2023-02-27T00:00:00+00:00', '--job-id', '179', '--raw', '--subdir', 'DAGS_FOLDER/tasks_relations.py', '--cfg-path', '/tmp/tmpw55hm9cm']
[2023-09-05T15:25:12.931+0000] {standard_task_runner.py:85} INFO - Job 179: Subtask say_hello
[2023-09-05T15:25:13.136+0000] {task_command.py:415} INFO - Running <TaskInstance: tasks_relations.say_hello scheduled__2023-02-27T00:00:00+00:00 [running]> on host ca474790e981
[2023-09-05T15:25:13.331+0000] {taskinstance.py:1660} INFO - Exporting env vars: AIRFLOW_CTX_DAG_OWNER='***' AIRFLOW_CTX_DAG_ID='tasks_relations' AIRFLOW_CTX_TASK_ID='say_hello' AIRFLOW_CTX_EXECUTION_DATE='2023-02-27T00:00:00+00:00' AIRFLOW_CTX_TRY_NUMBER='1' AIRFLOW_CTX_DAG_RUN_ID='scheduled__2023-02-27T00:00:00+00:00'
[2023-09-05T15:25:13.333+0000] {logging_mixin.py:151} INFO - hello ***
[2023-09-05T15:25:13.333+0000] {python.py:194} INFO - Done. Returned value was: None
[2023-09-05T15:25:13.380+0000] {taskinstance.py:1400} INFO - Marking task as SUCCESS. dag_id=tasks_relations, task_id=say_hello, execution_date=20230227T000000, start_date=20230905T152512, end_date=20230905T152513
[2023-09-05T15:25:13.446+0000] {local_task_job_runner.py:228} INFO - Task exited with return code 0
[2023-09-05T15:25:13.555+0000] {taskinstance.py:2784} INFO - 0 downstream tasks scheduled from follow-on schedule check
[2023-09-12T17:34:29.242+0000] {taskinstance.py:1159} INFO - Dependencies all met for dep_context=non-requeueable deps ti=<TaskInstance: tasks_relations.say_hello scheduled__2023-02-27T00:00:00+00:00 [queued]>
[2023-09-12T17:34:29.296+0000] {taskinstance.py:1159} INFO - Dependencies all met for dep_context=requeueable deps ti=<TaskInstance: tasks_relations.say_hello scheduled__2023-02-27T00:00:00+00:00 [queued]>
[2023-09-12T17:34:29.299+0000] {taskinstance.py:1361} INFO - Starting attempt 1 of 1
[2023-09-12T17:34:29.352+0000] {taskinstance.py:1382} INFO - Executing <Task(_PythonDecoratedOperator): say_hello> on 2023-02-27 00:00:00+00:00
[2023-09-12T17:34:29.381+0000] {standard_task_runner.py:57} INFO - Started process 1079 to run task
[2023-09-12T17:34:29.416+0000] {standard_task_runner.py:84} INFO - Running: ['***', 'tasks', 'run', 'tasks_relations', 'say_hello', 'scheduled__2023-02-27T00:00:00+00:00', '--job-id', '479', '--raw', '--subdir', 'DAGS_FOLDER/2_tasks_relations.py', '--cfg-path', '/tmp/tmpzbhmk8hx']
[2023-09-12T17:34:29.443+0000] {standard_task_runner.py:85} INFO - Job 479: Subtask say_hello
[2023-09-12T17:34:29.611+0000] {task_command.py:415} INFO - Running <TaskInstance: tasks_relations.say_hello scheduled__2023-02-27T00:00:00+00:00 [running]> on host 0ab7970e0956
[2023-09-12T17:34:29.858+0000] {taskinstance.py:1660} INFO - Exporting env vars: AIRFLOW_CTX_DAG_OWNER='***' AIRFLOW_CTX_DAG_ID='tasks_relations' AIRFLOW_CTX_TASK_ID='say_hello' AIRFLOW_CTX_EXECUTION_DATE='2023-02-27T00:00:00+00:00' AIRFLOW_CTX_TRY_NUMBER='1' AIRFLOW_CTX_DAG_RUN_ID='scheduled__2023-02-27T00:00:00+00:00'
[2023-09-12T17:34:29.859+0000] {logging_mixin.py:151} INFO - hello world
[2023-09-12T17:34:29.860+0000] {python.py:194} INFO - Done. Returned value was: None
[2023-09-12T17:34:29.880+0000] {taskinstance.py:1400} INFO - Marking task as SUCCESS. dag_id=tasks_relations, task_id=say_hello, execution_date=20230227T000000, start_date=20230912T173429, end_date=20230912T173429
[2023-09-12T17:34:29.967+0000] {local_task_job_runner.py:228} INFO - Task exited with return code 0
[2023-09-12T17:34:30.030+0000] {taskinstance.py:2784} INFO - 1 downstream tasks scheduled from follow-on schedule check
