[2023-09-05T15:25:11.125+0000] {taskinstance.py:1159} INFO - Dependencies all met for dep_context=non-requeueable deps ti=<TaskInstance: tasks_relations.say_hello scheduled__2023-02-25T00:00:00+00:00 [queued]>
[2023-09-05T15:25:11.192+0000] {taskinstance.py:1159} INFO - Dependencies all met for dep_context=requeueable deps ti=<TaskInstance: tasks_relations.say_hello scheduled__2023-02-25T00:00:00+00:00 [queued]>
[2023-09-05T15:25:11.201+0000] {taskinstance.py:1361} INFO - Starting attempt 1 of 1
[2023-09-05T15:25:11.287+0000] {taskinstance.py:1382} INFO - Executing <Task(_PythonDecoratedOperator): say_hello> on 2023-02-25 00:00:00+00:00
[2023-09-05T15:25:11.307+0000] {standard_task_runner.py:57} INFO - Started process 423 to run task
[2023-09-05T15:25:11.355+0000] {standard_task_runner.py:84} INFO - Running: ['***', 'tasks', 'run', 'tasks_relations', 'say_hello', 'scheduled__2023-02-25T00:00:00+00:00', '--job-id', '172', '--raw', '--subdir', 'DAGS_FOLDER/tasks_relations.py', '--cfg-path', '/tmp/tmp8wgs08zw']
[2023-09-05T15:25:11.388+0000] {standard_task_runner.py:85} INFO - Job 172: Subtask say_hello
[2023-09-05T15:25:11.661+0000] {task_command.py:415} INFO - Running <TaskInstance: tasks_relations.say_hello scheduled__2023-02-25T00:00:00+00:00 [running]> on host ca474790e981
[2023-09-05T15:25:11.860+0000] {taskinstance.py:1660} INFO - Exporting env vars: AIRFLOW_CTX_DAG_OWNER='***' AIRFLOW_CTX_DAG_ID='tasks_relations' AIRFLOW_CTX_TASK_ID='say_hello' AIRFLOW_CTX_EXECUTION_DATE='2023-02-25T00:00:00+00:00' AIRFLOW_CTX_TRY_NUMBER='1' AIRFLOW_CTX_DAG_RUN_ID='scheduled__2023-02-25T00:00:00+00:00'
[2023-09-05T15:25:11.864+0000] {logging_mixin.py:151} INFO - hello ***
[2023-09-05T15:25:11.865+0000] {python.py:194} INFO - Done. Returned value was: None
[2023-09-05T15:25:11.885+0000] {taskinstance.py:1400} INFO - Marking task as SUCCESS. dag_id=tasks_relations, task_id=say_hello, execution_date=20230225T000000, start_date=20230905T152511, end_date=20230905T152511
[2023-09-05T15:25:11.977+0000] {local_task_job_runner.py:228} INFO - Task exited with return code 0
[2023-09-05T15:25:12.030+0000] {taskinstance.py:2784} INFO - 1 downstream tasks scheduled from follow-on schedule check
[2023-09-12T17:34:28.159+0000] {taskinstance.py:1159} INFO - Dependencies all met for dep_context=non-requeueable deps ti=<TaskInstance: tasks_relations.say_hello scheduled__2023-02-25T00:00:00+00:00 [queued]>
[2023-09-12T17:34:28.226+0000] {taskinstance.py:1159} INFO - Dependencies all met for dep_context=requeueable deps ti=<TaskInstance: tasks_relations.say_hello scheduled__2023-02-25T00:00:00+00:00 [queued]>
[2023-09-12T17:34:28.232+0000] {taskinstance.py:1361} INFO - Starting attempt 1 of 1
[2023-09-12T17:34:28.344+0000] {taskinstance.py:1382} INFO - Executing <Task(_PythonDecoratedOperator): say_hello> on 2023-02-25 00:00:00+00:00
[2023-09-12T17:34:28.350+0000] {standard_task_runner.py:57} INFO - Started process 1062 to run task
[2023-09-12T17:34:28.394+0000] {standard_task_runner.py:84} INFO - Running: ['***', 'tasks', 'run', 'tasks_relations', 'say_hello', 'scheduled__2023-02-25T00:00:00+00:00', '--job-id', '468', '--raw', '--subdir', 'DAGS_FOLDER/2_tasks_relations.py', '--cfg-path', '/tmp/tmpcbvp728i']
[2023-09-12T17:34:28.418+0000] {standard_task_runner.py:85} INFO - Job 468: Subtask say_hello
[2023-09-12T17:34:28.686+0000] {task_command.py:415} INFO - Running <TaskInstance: tasks_relations.say_hello scheduled__2023-02-25T00:00:00+00:00 [running]> on host 0ab7970e0956
[2023-09-12T17:34:29.111+0000] {taskinstance.py:1660} INFO - Exporting env vars: AIRFLOW_CTX_DAG_OWNER='***' AIRFLOW_CTX_DAG_ID='tasks_relations' AIRFLOW_CTX_TASK_ID='say_hello' AIRFLOW_CTX_EXECUTION_DATE='2023-02-25T00:00:00+00:00' AIRFLOW_CTX_TRY_NUMBER='1' AIRFLOW_CTX_DAG_RUN_ID='scheduled__2023-02-25T00:00:00+00:00'
[2023-09-12T17:34:29.112+0000] {logging_mixin.py:151} INFO - hello world
[2023-09-12T17:34:29.112+0000] {python.py:194} INFO - Done. Returned value was: None
[2023-09-12T17:34:29.140+0000] {taskinstance.py:1400} INFO - Marking task as SUCCESS. dag_id=tasks_relations, task_id=say_hello, execution_date=20230225T000000, start_date=20230912T173428, end_date=20230912T173429
[2023-09-12T17:34:29.218+0000] {local_task_job_runner.py:228} INFO - Task exited with return code 0
[2023-09-12T17:34:29.306+0000] {taskinstance.py:2784} INFO - 0 downstream tasks scheduled from follow-on schedule check
