[2023-09-05T15:28:08.677+0000] {taskinstance.py:1159} INFO - Dependencies all met for dep_context=non-requeueable deps ti=<TaskInstance: tasks_relations.this_way scheduled__2023-05-28T00:00:00+00:00 [queued]>
[2023-09-05T15:28:08.698+0000] {taskinstance.py:1159} INFO - Dependencies all met for dep_context=requeueable deps ti=<TaskInstance: tasks_relations.this_way scheduled__2023-05-28T00:00:00+00:00 [queued]>
[2023-09-05T15:28:08.708+0000] {taskinstance.py:1361} INFO - Starting attempt 1 of 1
[2023-09-05T15:28:08.864+0000] {taskinstance.py:1382} INFO - Executing <Task(_PythonDecoratedOperator): this_way> on 2023-05-28 00:00:00+00:00
[2023-09-05T15:28:08.893+0000] {standard_task_runner.py:57} INFO - Started process 1054 to run task
[2023-09-05T15:28:08.928+0000] {standard_task_runner.py:84} INFO - Running: ['***', 'tasks', 'run', 'tasks_relations', 'this_way', 'scheduled__2023-05-28T00:00:00+00:00', '--job-id', '465', '--raw', '--subdir', 'DAGS_FOLDER/tasks_relations.py', '--cfg-path', '/tmp/tmps138y_rf']
[2023-09-05T15:28:08.968+0000] {standard_task_runner.py:85} INFO - Job 465: Subtask this_way
[2023-09-05T15:28:09.444+0000] {task_command.py:415} INFO - Running <TaskInstance: tasks_relations.this_way scheduled__2023-05-28T00:00:00+00:00 [running]> on host ca474790e981
[2023-09-05T15:28:10.336+0000] {taskinstance.py:1660} INFO - Exporting env vars: AIRFLOW_CTX_DAG_OWNER='***' AIRFLOW_CTX_DAG_ID='tasks_relations' AIRFLOW_CTX_TASK_ID='this_way' AIRFLOW_CTX_EXECUTION_DATE='2023-05-28T00:00:00+00:00' AIRFLOW_CTX_TRY_NUMBER='1' AIRFLOW_CTX_DAG_RUN_ID='scheduled__2023-05-28T00:00:00+00:00'
[2023-09-05T15:28:10.353+0000] {logging_mixin.py:151} INFO - THIS WAY!!!
[2023-09-05T15:28:10.361+0000] {python.py:194} INFO - Done. Returned value was: None
[2023-09-05T15:28:10.403+0000] {taskinstance.py:1400} INFO - Marking task as SUCCESS. dag_id=tasks_relations, task_id=this_way, execution_date=20230528T000000, start_date=20230905T152808, end_date=20230905T152810
[2023-09-05T15:28:10.518+0000] {local_task_job_runner.py:228} INFO - Task exited with return code 0
[2023-09-05T15:28:10.564+0000] {taskinstance.py:2784} INFO - 0 downstream tasks scheduled from follow-on schedule check
[2023-09-12T17:36:16.843+0000] {taskinstance.py:1159} INFO - Dependencies all met for dep_context=non-requeueable deps ti=<TaskInstance: tasks_relations.this_way scheduled__2023-05-28T00:00:00+00:00 [queued]>
[2023-09-12T17:36:16.898+0000] {taskinstance.py:1159} INFO - Dependencies all met for dep_context=requeueable deps ti=<TaskInstance: tasks_relations.this_way scheduled__2023-05-28T00:00:00+00:00 [queued]>
[2023-09-12T17:36:16.903+0000] {taskinstance.py:1361} INFO - Starting attempt 1 of 1
[2023-09-12T17:36:16.988+0000] {taskinstance.py:1382} INFO - Executing <Task(_PythonDecoratedOperator): this_way> on 2023-05-28 00:00:00+00:00
[2023-09-12T17:36:16.992+0000] {standard_task_runner.py:57} INFO - Started process 2521 to run task
[2023-09-12T17:36:17.028+0000] {standard_task_runner.py:84} INFO - Running: ['***', 'tasks', 'run', 'tasks_relations', 'this_way', 'scheduled__2023-05-28T00:00:00+00:00', '--job-id', '1186', '--raw', '--subdir', 'DAGS_FOLDER/2_tasks_relations.py', '--cfg-path', '/tmp/tmplp24x4il']
[2023-09-12T17:36:17.055+0000] {standard_task_runner.py:85} INFO - Job 1186: Subtask this_way
[2023-09-12T17:36:17.237+0000] {task_command.py:415} INFO - Running <TaskInstance: tasks_relations.this_way scheduled__2023-05-28T00:00:00+00:00 [running]> on host 0ab7970e0956
[2023-09-12T17:36:17.463+0000] {taskinstance.py:1660} INFO - Exporting env vars: AIRFLOW_CTX_DAG_OWNER='***' AIRFLOW_CTX_DAG_ID='tasks_relations' AIRFLOW_CTX_TASK_ID='this_way' AIRFLOW_CTX_EXECUTION_DATE='2023-05-28T00:00:00+00:00' AIRFLOW_CTX_TRY_NUMBER='1' AIRFLOW_CTX_DAG_RUN_ID='scheduled__2023-05-28T00:00:00+00:00'
[2023-09-12T17:36:17.463+0000] {logging_mixin.py:151} INFO - THIS WAY!!!
[2023-09-12T17:36:17.467+0000] {python.py:194} INFO - Done. Returned value was: None
[2023-09-12T17:36:17.479+0000] {taskinstance.py:1400} INFO - Marking task as SUCCESS. dag_id=tasks_relations, task_id=this_way, execution_date=20230528T000000, start_date=20230912T173616, end_date=20230912T173617
[2023-09-12T17:36:17.539+0000] {local_task_job_runner.py:228} INFO - Task exited with return code 0
[2023-09-12T17:36:17.575+0000] {taskinstance.py:2784} INFO - 0 downstream tasks scheduled from follow-on schedule check
