[2023-09-05T15:26:24.624+0000] {taskinstance.py:1159} INFO - Dependencies all met for dep_context=non-requeueable deps ti=<TaskInstance: tasks_relations.say_hello scheduled__2023-04-21T00:00:00+00:00 [queued]>
[2023-09-05T15:26:24.747+0000] {taskinstance.py:1159} INFO - Dependencies all met for dep_context=requeueable deps ti=<TaskInstance: tasks_relations.say_hello scheduled__2023-04-21T00:00:00+00:00 [queued]>
[2023-09-05T15:26:24.749+0000] {taskinstance.py:1361} INFO - Starting attempt 1 of 1
[2023-09-05T15:26:24.869+0000] {taskinstance.py:1382} INFO - Executing <Task(_PythonDecoratedOperator): say_hello> on 2023-04-21 00:00:00+00:00
[2023-09-05T15:26:24.928+0000] {standard_task_runner.py:57} INFO - Started process 775 to run task
[2023-09-05T15:26:25.027+0000] {standard_task_runner.py:84} INFO - Running: ['***', 'tasks', 'run', 'tasks_relations', 'say_hello', 'scheduled__2023-04-21T00:00:00+00:00', '--job-id', '340', '--raw', '--subdir', 'DAGS_FOLDER/tasks_relations.py', '--cfg-path', '/tmp/tmpfp7t7cp5']
[2023-09-05T15:26:25.034+0000] {standard_task_runner.py:85} INFO - Job 340: Subtask say_hello
[2023-09-05T15:26:25.366+0000] {task_command.py:415} INFO - Running <TaskInstance: tasks_relations.say_hello scheduled__2023-04-21T00:00:00+00:00 [running]> on host ca474790e981
[2023-09-05T15:26:26.310+0000] {taskinstance.py:1660} INFO - Exporting env vars: AIRFLOW_CTX_DAG_OWNER='***' AIRFLOW_CTX_DAG_ID='tasks_relations' AIRFLOW_CTX_TASK_ID='say_hello' AIRFLOW_CTX_EXECUTION_DATE='2023-04-21T00:00:00+00:00' AIRFLOW_CTX_TRY_NUMBER='1' AIRFLOW_CTX_DAG_RUN_ID='scheduled__2023-04-21T00:00:00+00:00'
[2023-09-05T15:26:26.313+0000] {logging_mixin.py:151} INFO - hello ***
[2023-09-05T15:26:26.343+0000] {python.py:194} INFO - Done. Returned value was: None
[2023-09-05T15:26:26.394+0000] {taskinstance.py:1400} INFO - Marking task as SUCCESS. dag_id=tasks_relations, task_id=say_hello, execution_date=20230421T000000, start_date=20230905T152624, end_date=20230905T152626
[2023-09-05T15:26:26.545+0000] {local_task_job_runner.py:228} INFO - Task exited with return code 0
[2023-09-05T15:26:26.776+0000] {taskinstance.py:2784} INFO - 1 downstream tasks scheduled from follow-on schedule check
[2023-09-12T17:35:24.639+0000] {taskinstance.py:1159} INFO - Dependencies all met for dep_context=non-requeueable deps ti=<TaskInstance: tasks_relations.say_hello scheduled__2023-04-21T00:00:00+00:00 [queued]>
[2023-09-12T17:35:24.674+0000] {taskinstance.py:1159} INFO - Dependencies all met for dep_context=requeueable deps ti=<TaskInstance: tasks_relations.say_hello scheduled__2023-04-21T00:00:00+00:00 [queued]>
[2023-09-12T17:35:24.681+0000] {taskinstance.py:1361} INFO - Starting attempt 1 of 1
[2023-09-12T17:35:24.739+0000] {taskinstance.py:1382} INFO - Executing <Task(_PythonDecoratedOperator): say_hello> on 2023-04-21 00:00:00+00:00
[2023-09-12T17:35:24.774+0000] {standard_task_runner.py:57} INFO - Started process 1850 to run task
[2023-09-12T17:35:24.800+0000] {standard_task_runner.py:84} INFO - Running: ['***', 'tasks', 'run', 'tasks_relations', 'say_hello', 'scheduled__2023-04-21T00:00:00+00:00', '--job-id', '859', '--raw', '--subdir', 'DAGS_FOLDER/2_tasks_relations.py', '--cfg-path', '/tmp/tmpgmobh_qr']
[2023-09-12T17:35:24.808+0000] {standard_task_runner.py:85} INFO - Job 859: Subtask say_hello
[2023-09-12T17:35:24.991+0000] {task_command.py:415} INFO - Running <TaskInstance: tasks_relations.say_hello scheduled__2023-04-21T00:00:00+00:00 [running]> on host 0ab7970e0956
[2023-09-12T17:35:25.259+0000] {taskinstance.py:1660} INFO - Exporting env vars: AIRFLOW_CTX_DAG_OWNER='***' AIRFLOW_CTX_DAG_ID='tasks_relations' AIRFLOW_CTX_TASK_ID='say_hello' AIRFLOW_CTX_EXECUTION_DATE='2023-04-21T00:00:00+00:00' AIRFLOW_CTX_TRY_NUMBER='1' AIRFLOW_CTX_DAG_RUN_ID='scheduled__2023-04-21T00:00:00+00:00'
[2023-09-12T17:35:25.264+0000] {logging_mixin.py:151} INFO - hello world
[2023-09-12T17:35:25.265+0000] {python.py:194} INFO - Done. Returned value was: None
[2023-09-12T17:35:25.290+0000] {taskinstance.py:1400} INFO - Marking task as SUCCESS. dag_id=tasks_relations, task_id=say_hello, execution_date=20230421T000000, start_date=20230912T173524, end_date=20230912T173525
[2023-09-12T17:35:25.384+0000] {local_task_job_runner.py:228} INFO - Task exited with return code 0
[2023-09-12T17:35:25.646+0000] {taskinstance.py:2784} INFO - 0 downstream tasks scheduled from follow-on schedule check
