[2023-09-05T15:30:33.192+0000] {taskinstance.py:1159} INFO - Dependencies all met for dep_context=non-requeueable deps ti=<TaskInstance: tasks_relations.or_that_way scheduled__2023-07-23T00:00:00+00:00 [queued]>
[2023-09-05T15:30:33.255+0000] {taskinstance.py:1159} INFO - Dependencies all met for dep_context=requeueable deps ti=<TaskInstance: tasks_relations.or_that_way scheduled__2023-07-23T00:00:00+00:00 [queued]>
[2023-09-05T15:30:33.256+0000] {taskinstance.py:1361} INFO - Starting attempt 1 of 1
[2023-09-05T15:30:33.320+0000] {taskinstance.py:1382} INFO - Executing <Task(_PythonDecoratedOperator): or_that_way> on 2023-07-23 00:00:00+00:00
[2023-09-05T15:30:33.371+0000] {standard_task_runner.py:57} INFO - Started process 1701 to run task
[2023-09-05T15:30:33.390+0000] {standard_task_runner.py:84} INFO - Running: ['***', 'tasks', 'run', 'tasks_relations', 'or_that_way', 'scheduled__2023-07-23T00:00:00+00:00', '--job-id', '773', '--raw', '--subdir', 'DAGS_FOLDER/tasks_relations.py', '--cfg-path', '/tmp/tmp4b5wxlec']
[2023-09-05T15:30:33.441+0000] {standard_task_runner.py:85} INFO - Job 773: Subtask or_that_way
[2023-09-05T15:30:33.905+0000] {task_command.py:415} INFO - Running <TaskInstance: tasks_relations.or_that_way scheduled__2023-07-23T00:00:00+00:00 [running]> on host ca474790e981
[2023-09-05T15:30:34.965+0000] {taskinstance.py:1660} INFO - Exporting env vars: AIRFLOW_CTX_DAG_OWNER='***' AIRFLOW_CTX_DAG_ID='tasks_relations' AIRFLOW_CTX_TASK_ID='or_that_way' AIRFLOW_CTX_EXECUTION_DATE='2023-07-23T00:00:00+00:00' AIRFLOW_CTX_TRY_NUMBER='1' AIRFLOW_CTX_DAG_RUN_ID='scheduled__2023-07-23T00:00:00+00:00'
[2023-09-05T15:30:34.988+0000] {logging_mixin.py:151} INFO - NO NO, THAT WAY WAY!!!
[2023-09-05T15:30:34.990+0000] {python.py:194} INFO - Done. Returned value was: None
[2023-09-05T15:30:35.156+0000] {taskinstance.py:1400} INFO - Marking task as SUCCESS. dag_id=tasks_relations, task_id=or_that_way, execution_date=20230723T000000, start_date=20230905T153033, end_date=20230905T153035
[2023-09-05T15:30:35.288+0000] {local_task_job_runner.py:228} INFO - Task exited with return code 0
[2023-09-05T15:30:35.481+0000] {taskinstance.py:2784} INFO - 0 downstream tasks scheduled from follow-on schedule check
[2023-09-12T17:37:13.527+0000] {taskinstance.py:1159} INFO - Dependencies all met for dep_context=non-requeueable deps ti=<TaskInstance: tasks_relations.or_that_way scheduled__2023-07-23T00:00:00+00:00 [queued]>
[2023-09-12T17:37:13.564+0000] {taskinstance.py:1159} INFO - Dependencies all met for dep_context=requeueable deps ti=<TaskInstance: tasks_relations.or_that_way scheduled__2023-07-23T00:00:00+00:00 [queued]>
[2023-09-12T17:37:13.568+0000] {taskinstance.py:1361} INFO - Starting attempt 1 of 1
[2023-09-12T17:37:13.614+0000] {taskinstance.py:1382} INFO - Executing <Task(_PythonDecoratedOperator): or_that_way> on 2023-07-23 00:00:00+00:00
[2023-09-12T17:37:13.635+0000] {standard_task_runner.py:57} INFO - Started process 3163 to run task
[2023-09-12T17:37:13.677+0000] {standard_task_runner.py:84} INFO - Running: ['***', 'tasks', 'run', 'tasks_relations', 'or_that_way', 'scheduled__2023-07-23T00:00:00+00:00', '--job-id', '1504', '--raw', '--subdir', 'DAGS_FOLDER/2_tasks_relations.py', '--cfg-path', '/tmp/tmp5u74smt7']
[2023-09-12T17:37:13.690+0000] {standard_task_runner.py:85} INFO - Job 1504: Subtask or_that_way
[2023-09-12T17:37:13.939+0000] {task_command.py:415} INFO - Running <TaskInstance: tasks_relations.or_that_way scheduled__2023-07-23T00:00:00+00:00 [running]> on host 0ab7970e0956
[2023-09-12T17:37:14.172+0000] {taskinstance.py:1660} INFO - Exporting env vars: AIRFLOW_CTX_DAG_OWNER='***' AIRFLOW_CTX_DAG_ID='tasks_relations' AIRFLOW_CTX_TASK_ID='or_that_way' AIRFLOW_CTX_EXECUTION_DATE='2023-07-23T00:00:00+00:00' AIRFLOW_CTX_TRY_NUMBER='1' AIRFLOW_CTX_DAG_RUN_ID='scheduled__2023-07-23T00:00:00+00:00'
[2023-09-12T17:37:14.179+0000] {logging_mixin.py:151} INFO - NO NO, THAT WAY WAY!!!
[2023-09-12T17:37:14.184+0000] {python.py:194} INFO - Done. Returned value was: None
[2023-09-12T17:37:14.206+0000] {taskinstance.py:1400} INFO - Marking task as SUCCESS. dag_id=tasks_relations, task_id=or_that_way, execution_date=20230723T000000, start_date=20230912T173713, end_date=20230912T173714
[2023-09-12T17:37:14.242+0000] {local_task_job_runner.py:228} INFO - Task exited with return code 0
[2023-09-12T17:37:14.293+0000] {taskinstance.py:2784} INFO - 0 downstream tasks scheduled from follow-on schedule check
