[2023-09-05T15:28:35.430+0000] {taskinstance.py:1159} INFO - Dependencies all met for dep_context=non-requeueable deps ti=<TaskInstance: tasks_relations.say_bye scheduled__2023-06-02T00:00:00+00:00 [queued]>
[2023-09-05T15:28:35.530+0000] {taskinstance.py:1159} INFO - Dependencies all met for dep_context=requeueable deps ti=<TaskInstance: tasks_relations.say_bye scheduled__2023-06-02T00:00:00+00:00 [queued]>
[2023-09-05T15:28:35.553+0000] {taskinstance.py:1361} INFO - Starting attempt 1 of 1
[2023-09-05T15:28:35.756+0000] {taskinstance.py:1382} INFO - Executing <Task(_PythonDecoratedOperator): say_bye> on 2023-06-02 00:00:00+00:00
[2023-09-05T15:28:35.772+0000] {standard_task_runner.py:57} INFO - Started process 1125 to run task
[2023-09-05T15:28:35.980+0000] {standard_task_runner.py:84} INFO - Running: ['***', 'tasks', 'run', 'tasks_relations', 'say_bye', 'scheduled__2023-06-02T00:00:00+00:00', '--job-id', '495', '--raw', '--subdir', 'DAGS_FOLDER/tasks_relations.py', '--cfg-path', '/tmp/tmpozclye6w']
[2023-09-05T15:28:36.055+0000] {standard_task_runner.py:85} INFO - Job 495: Subtask say_bye
[2023-09-05T15:28:36.923+0000] {task_command.py:415} INFO - Running <TaskInstance: tasks_relations.say_bye scheduled__2023-06-02T00:00:00+00:00 [running]> on host ca474790e981
[2023-09-05T15:28:38.268+0000] {taskinstance.py:1660} INFO - Exporting env vars: AIRFLOW_CTX_DAG_OWNER='***' AIRFLOW_CTX_DAG_ID='tasks_relations' AIRFLOW_CTX_TASK_ID='say_bye' AIRFLOW_CTX_EXECUTION_DATE='2023-06-02T00:00:00+00:00' AIRFLOW_CTX_TRY_NUMBER='1' AIRFLOW_CTX_DAG_RUN_ID='scheduled__2023-06-02T00:00:00+00:00'
[2023-09-05T15:28:38.277+0000] {logging_mixin.py:151} INFO - goodbye world
[2023-09-05T15:28:38.285+0000] {python.py:194} INFO - Done. Returned value was: None
[2023-09-05T15:28:38.439+0000] {taskinstance.py:1400} INFO - Marking task as SUCCESS. dag_id=tasks_relations, task_id=say_bye, execution_date=20230602T000000, start_date=20230905T152835, end_date=20230905T152838
[2023-09-05T15:28:39.215+0000] {local_task_job_runner.py:228} INFO - Task exited with return code 0
[2023-09-05T15:28:40.553+0000] {taskinstance.py:2784} INFO - 0 downstream tasks scheduled from follow-on schedule check
[2023-09-12T17:36:16.240+0000] {taskinstance.py:1159} INFO - Dependencies all met for dep_context=non-requeueable deps ti=<TaskInstance: tasks_relations.say_bye scheduled__2023-06-02T00:00:00+00:00 [queued]>
[2023-09-12T17:36:16.281+0000] {taskinstance.py:1159} INFO - Dependencies all met for dep_context=requeueable deps ti=<TaskInstance: tasks_relations.say_bye scheduled__2023-06-02T00:00:00+00:00 [queued]>
[2023-09-12T17:36:16.297+0000] {taskinstance.py:1361} INFO - Starting attempt 1 of 1
[2023-09-12T17:36:16.339+0000] {taskinstance.py:1382} INFO - Executing <Task(_PythonDecoratedOperator): say_bye> on 2023-06-02 00:00:00+00:00
[2023-09-12T17:36:16.435+0000] {standard_task_runner.py:57} INFO - Started process 2511 to run task
[2023-09-12T17:36:16.450+0000] {standard_task_runner.py:84} INFO - Running: ['***', 'tasks', 'run', 'tasks_relations', 'say_bye', 'scheduled__2023-06-02T00:00:00+00:00', '--job-id', '1182', '--raw', '--subdir', 'DAGS_FOLDER/2_tasks_relations.py', '--cfg-path', '/tmp/tmpmg_cv6m4']
[2023-09-12T17:36:16.487+0000] {standard_task_runner.py:85} INFO - Job 1182: Subtask say_bye
[2023-09-12T17:36:16.717+0000] {task_command.py:415} INFO - Running <TaskInstance: tasks_relations.say_bye scheduled__2023-06-02T00:00:00+00:00 [running]> on host 0ab7970e0956
[2023-09-12T17:36:16.977+0000] {taskinstance.py:1660} INFO - Exporting env vars: AIRFLOW_CTX_DAG_OWNER='***' AIRFLOW_CTX_DAG_ID='tasks_relations' AIRFLOW_CTX_TASK_ID='say_bye' AIRFLOW_CTX_EXECUTION_DATE='2023-06-02T00:00:00+00:00' AIRFLOW_CTX_TRY_NUMBER='1' AIRFLOW_CTX_DAG_RUN_ID='scheduled__2023-06-02T00:00:00+00:00'
[2023-09-12T17:36:16.979+0000] {logging_mixin.py:151} INFO - goodbye world
[2023-09-12T17:36:16.996+0000] {python.py:194} INFO - Done. Returned value was: None
[2023-09-12T17:36:17.026+0000] {taskinstance.py:1400} INFO - Marking task as SUCCESS. dag_id=tasks_relations, task_id=say_bye, execution_date=20230602T000000, start_date=20230912T173616, end_date=20230912T173617
[2023-09-12T17:36:17.112+0000] {local_task_job_runner.py:228} INFO - Task exited with return code 0
[2023-09-12T17:36:17.166+0000] {taskinstance.py:2784} INFO - 2 downstream tasks scheduled from follow-on schedule check
