[2023-09-05T15:26:29.052+0000] {taskinstance.py:1159} INFO - Dependencies all met for dep_context=non-requeueable deps ti=<TaskInstance: tasks_relations.say_hello scheduled__2023-04-24T00:00:00+00:00 [queued]>
[2023-09-05T15:26:29.208+0000] {taskinstance.py:1159} INFO - Dependencies all met for dep_context=requeueable deps ti=<TaskInstance: tasks_relations.say_hello scheduled__2023-04-24T00:00:00+00:00 [queued]>
[2023-09-05T15:26:29.226+0000] {taskinstance.py:1361} INFO - Starting attempt 1 of 1
[2023-09-05T15:26:29.580+0000] {taskinstance.py:1382} INFO - Executing <Task(_PythonDecoratedOperator): say_hello> on 2023-04-24 00:00:00+00:00
[2023-09-05T15:26:29.638+0000] {standard_task_runner.py:57} INFO - Started process 797 to run task
[2023-09-05T15:26:29.882+0000] {standard_task_runner.py:84} INFO - Running: ['***', 'tasks', 'run', 'tasks_relations', 'say_hello', 'scheduled__2023-04-24T00:00:00+00:00', '--job-id', '350', '--raw', '--subdir', 'DAGS_FOLDER/tasks_relations.py', '--cfg-path', '/tmp/tmpwad_y0vm']
[2023-09-05T15:26:29.932+0000] {standard_task_runner.py:85} INFO - Job 350: Subtask say_hello
[2023-09-05T15:26:30.717+0000] {task_command.py:415} INFO - Running <TaskInstance: tasks_relations.say_hello scheduled__2023-04-24T00:00:00+00:00 [running]> on host ca474790e981
[2023-09-05T15:26:31.363+0000] {taskinstance.py:1660} INFO - Exporting env vars: AIRFLOW_CTX_DAG_OWNER='***' AIRFLOW_CTX_DAG_ID='tasks_relations' AIRFLOW_CTX_TASK_ID='say_hello' AIRFLOW_CTX_EXECUTION_DATE='2023-04-24T00:00:00+00:00' AIRFLOW_CTX_TRY_NUMBER='1' AIRFLOW_CTX_DAG_RUN_ID='scheduled__2023-04-24T00:00:00+00:00'
[2023-09-05T15:26:31.370+0000] {logging_mixin.py:151} INFO - hello ***
[2023-09-05T15:26:31.371+0000] {python.py:194} INFO - Done. Returned value was: None
[2023-09-05T15:26:31.505+0000] {taskinstance.py:1400} INFO - Marking task as SUCCESS. dag_id=tasks_relations, task_id=say_hello, execution_date=20230424T000000, start_date=20230905T152629, end_date=20230905T152631
[2023-09-05T15:26:31.750+0000] {local_task_job_runner.py:228} INFO - Task exited with return code 0
[2023-09-05T15:26:32.284+0000] {taskinstance.py:2784} INFO - 0 downstream tasks scheduled from follow-on schedule check
[2023-09-12T17:35:26.595+0000] {taskinstance.py:1159} INFO - Dependencies all met for dep_context=non-requeueable deps ti=<TaskInstance: tasks_relations.say_hello scheduled__2023-04-24T00:00:00+00:00 [queued]>
[2023-09-12T17:35:26.624+0000] {taskinstance.py:1159} INFO - Dependencies all met for dep_context=requeueable deps ti=<TaskInstance: tasks_relations.say_hello scheduled__2023-04-24T00:00:00+00:00 [queued]>
[2023-09-12T17:35:26.628+0000] {taskinstance.py:1361} INFO - Starting attempt 1 of 1
[2023-09-12T17:35:26.666+0000] {taskinstance.py:1382} INFO - Executing <Task(_PythonDecoratedOperator): say_hello> on 2023-04-24 00:00:00+00:00
[2023-09-12T17:35:26.691+0000] {standard_task_runner.py:57} INFO - Started process 1882 to run task
[2023-09-12T17:35:26.716+0000] {standard_task_runner.py:84} INFO - Running: ['***', 'tasks', 'run', 'tasks_relations', 'say_hello', 'scheduled__2023-04-24T00:00:00+00:00', '--job-id', '872', '--raw', '--subdir', 'DAGS_FOLDER/2_tasks_relations.py', '--cfg-path', '/tmp/tmp0fd2s7m7']
[2023-09-12T17:35:26.720+0000] {standard_task_runner.py:85} INFO - Job 872: Subtask say_hello
[2023-09-12T17:35:26.843+0000] {task_command.py:415} INFO - Running <TaskInstance: tasks_relations.say_hello scheduled__2023-04-24T00:00:00+00:00 [running]> on host 0ab7970e0956
[2023-09-12T17:35:27.140+0000] {taskinstance.py:1660} INFO - Exporting env vars: AIRFLOW_CTX_DAG_OWNER='***' AIRFLOW_CTX_DAG_ID='tasks_relations' AIRFLOW_CTX_TASK_ID='say_hello' AIRFLOW_CTX_EXECUTION_DATE='2023-04-24T00:00:00+00:00' AIRFLOW_CTX_TRY_NUMBER='1' AIRFLOW_CTX_DAG_RUN_ID='scheduled__2023-04-24T00:00:00+00:00'
[2023-09-12T17:35:27.166+0000] {logging_mixin.py:151} INFO - hello world
[2023-09-12T17:35:27.175+0000] {python.py:194} INFO - Done. Returned value was: None
[2023-09-12T17:35:27.251+0000] {taskinstance.py:1400} INFO - Marking task as SUCCESS. dag_id=tasks_relations, task_id=say_hello, execution_date=20230424T000000, start_date=20230912T173526, end_date=20230912T173527
[2023-09-12T17:35:27.344+0000] {local_task_job_runner.py:228} INFO - Task exited with return code 0
[2023-09-12T17:35:27.499+0000] {taskinstance.py:2784} INFO - 1 downstream tasks scheduled from follow-on schedule check
