[2023-09-05T15:24:52.384+0000] {taskinstance.py:1159} INFO - Dependencies all met for dep_context=non-requeueable deps ti=<TaskInstance: tasks_relations.say_hello scheduled__2023-02-03T00:00:00+00:00 [queued]>
[2023-09-05T15:24:52.424+0000] {taskinstance.py:1159} INFO - Dependencies all met for dep_context=requeueable deps ti=<TaskInstance: tasks_relations.say_hello scheduled__2023-02-03T00:00:00+00:00 [queued]>
[2023-09-05T15:24:52.427+0000] {taskinstance.py:1361} INFO - Starting attempt 1 of 1
[2023-09-05T15:24:52.483+0000] {taskinstance.py:1382} INFO - Executing <Task(_PythonDecoratedOperator): say_hello> on 2023-02-03 00:00:00+00:00
[2023-09-05T15:24:52.500+0000] {standard_task_runner.py:57} INFO - Started process 298 to run task
[2023-09-05T15:24:52.630+0000] {standard_task_runner.py:84} INFO - Running: ['***', 'tasks', 'run', 'tasks_relations', 'say_hello', 'scheduled__2023-02-03T00:00:00+00:00', '--job-id', '114', '--raw', '--subdir', 'DAGS_FOLDER/tasks_relations.py', '--cfg-path', '/tmp/tmp8mmsq9tb']
[2023-09-05T15:24:52.637+0000] {standard_task_runner.py:85} INFO - Job 114: Subtask say_hello
[2023-09-05T15:24:52.843+0000] {task_command.py:415} INFO - Running <TaskInstance: tasks_relations.say_hello scheduled__2023-02-03T00:00:00+00:00 [running]> on host ca474790e981
[2023-09-05T15:24:53.156+0000] {taskinstance.py:1660} INFO - Exporting env vars: AIRFLOW_CTX_DAG_OWNER='***' AIRFLOW_CTX_DAG_ID='tasks_relations' AIRFLOW_CTX_TASK_ID='say_hello' AIRFLOW_CTX_EXECUTION_DATE='2023-02-03T00:00:00+00:00' AIRFLOW_CTX_TRY_NUMBER='1' AIRFLOW_CTX_DAG_RUN_ID='scheduled__2023-02-03T00:00:00+00:00'
[2023-09-05T15:24:53.159+0000] {logging_mixin.py:151} INFO - hello ***
[2023-09-05T15:24:53.164+0000] {python.py:194} INFO - Done. Returned value was: None
[2023-09-05T15:24:53.188+0000] {taskinstance.py:1400} INFO - Marking task as SUCCESS. dag_id=tasks_relations, task_id=say_hello, execution_date=20230203T000000, start_date=20230905T152452, end_date=20230905T152453
[2023-09-05T15:24:53.279+0000] {local_task_job_runner.py:228} INFO - Task exited with return code 0
[2023-09-05T15:24:53.322+0000] {taskinstance.py:2784} INFO - 0 downstream tasks scheduled from follow-on schedule check
[2023-09-12T17:34:05.865+0000] {taskinstance.py:1159} INFO - Dependencies all met for dep_context=non-requeueable deps ti=<TaskInstance: tasks_relations.say_hello scheduled__2023-02-03T00:00:00+00:00 [queued]>
[2023-09-12T17:34:05.886+0000] {taskinstance.py:1159} INFO - Dependencies all met for dep_context=requeueable deps ti=<TaskInstance: tasks_relations.say_hello scheduled__2023-02-03T00:00:00+00:00 [queued]>
[2023-09-12T17:34:05.888+0000] {taskinstance.py:1361} INFO - Starting attempt 1 of 1
[2023-09-12T17:34:05.947+0000] {taskinstance.py:1382} INFO - Executing <Task(_PythonDecoratedOperator): say_hello> on 2023-02-03 00:00:00+00:00
[2023-09-12T17:34:05.951+0000] {standard_task_runner.py:57} INFO - Started process 741 to run task
[2023-09-12T17:34:05.987+0000] {standard_task_runner.py:84} INFO - Running: ['***', 'tasks', 'run', 'tasks_relations', 'say_hello', 'scheduled__2023-02-03T00:00:00+00:00', '--job-id', '314', '--raw', '--subdir', 'DAGS_FOLDER/2_tasks_relations.py', '--cfg-path', '/tmp/tmplx2kcps3']
[2023-09-12T17:34:05.992+0000] {standard_task_runner.py:85} INFO - Job 314: Subtask say_hello
[2023-09-12T17:34:06.198+0000] {task_command.py:415} INFO - Running <TaskInstance: tasks_relations.say_hello scheduled__2023-02-03T00:00:00+00:00 [running]> on host 0ab7970e0956
[2023-09-12T17:34:06.414+0000] {taskinstance.py:1660} INFO - Exporting env vars: AIRFLOW_CTX_DAG_OWNER='***' AIRFLOW_CTX_DAG_ID='tasks_relations' AIRFLOW_CTX_TASK_ID='say_hello' AIRFLOW_CTX_EXECUTION_DATE='2023-02-03T00:00:00+00:00' AIRFLOW_CTX_TRY_NUMBER='1' AIRFLOW_CTX_DAG_RUN_ID='scheduled__2023-02-03T00:00:00+00:00'
[2023-09-12T17:34:06.415+0000] {logging_mixin.py:151} INFO - hello world
[2023-09-12T17:34:06.416+0000] {python.py:194} INFO - Done. Returned value was: None
[2023-09-12T17:34:06.438+0000] {taskinstance.py:1400} INFO - Marking task as SUCCESS. dag_id=tasks_relations, task_id=say_hello, execution_date=20230203T000000, start_date=20230912T173405, end_date=20230912T173406
[2023-09-12T17:34:06.474+0000] {local_task_job_runner.py:228} INFO - Task exited with return code 0
[2023-09-12T17:34:06.793+0000] {taskinstance.py:2784} INFO - 1 downstream tasks scheduled from follow-on schedule check
