[2023-09-05T15:29:32.835+0000] {taskinstance.py:1159} INFO - Dependencies all met for dep_context=non-requeueable deps ti=<TaskInstance: tasks_relations.say_bye scheduled__2023-06-25T00:00:00+00:00 [queued]>
[2023-09-05T15:29:32.906+0000] {taskinstance.py:1159} INFO - Dependencies all met for dep_context=requeueable deps ti=<TaskInstance: tasks_relations.say_bye scheduled__2023-06-25T00:00:00+00:00 [queued]>
[2023-09-05T15:29:32.920+0000] {taskinstance.py:1361} INFO - Starting attempt 1 of 1
[2023-09-05T15:29:33.084+0000] {taskinstance.py:1382} INFO - Executing <Task(_PythonDecoratedOperator): say_bye> on 2023-06-25 00:00:00+00:00
[2023-09-05T15:29:33.100+0000] {standard_task_runner.py:57} INFO - Started process 1347 to run task
[2023-09-05T15:29:33.148+0000] {standard_task_runner.py:84} INFO - Running: ['***', 'tasks', 'run', 'tasks_relations', 'say_bye', 'scheduled__2023-06-25T00:00:00+00:00', '--job-id', '599', '--raw', '--subdir', 'DAGS_FOLDER/tasks_relations.py', '--cfg-path', '/tmp/tmpwn3hxn_m']
[2023-09-05T15:29:33.183+0000] {standard_task_runner.py:85} INFO - Job 599: Subtask say_bye
[2023-09-05T15:29:33.364+0000] {task_command.py:415} INFO - Running <TaskInstance: tasks_relations.say_bye scheduled__2023-06-25T00:00:00+00:00 [running]> on host ca474790e981
[2023-09-05T15:29:33.920+0000] {taskinstance.py:1660} INFO - Exporting env vars: AIRFLOW_CTX_DAG_OWNER='***' AIRFLOW_CTX_DAG_ID='tasks_relations' AIRFLOW_CTX_TASK_ID='say_bye' AIRFLOW_CTX_EXECUTION_DATE='2023-06-25T00:00:00+00:00' AIRFLOW_CTX_TRY_NUMBER='1' AIRFLOW_CTX_DAG_RUN_ID='scheduled__2023-06-25T00:00:00+00:00'
[2023-09-05T15:29:33.962+0000] {logging_mixin.py:151} INFO - goodbye world
[2023-09-05T15:29:33.972+0000] {python.py:194} INFO - Done. Returned value was: None
[2023-09-05T15:29:34.144+0000] {taskinstance.py:1400} INFO - Marking task as SUCCESS. dag_id=tasks_relations, task_id=say_bye, execution_date=20230625T000000, start_date=20230905T152932, end_date=20230905T152934
[2023-09-05T15:29:34.425+0000] {local_task_job_runner.py:228} INFO - Task exited with return code 0
[2023-09-05T15:29:34.564+0000] {taskinstance.py:2784} INFO - 2 downstream tasks scheduled from follow-on schedule check
[2023-09-12T17:36:39.942+0000] {taskinstance.py:1159} INFO - Dependencies all met for dep_context=non-requeueable deps ti=<TaskInstance: tasks_relations.say_bye scheduled__2023-06-25T00:00:00+00:00 [queued]>
[2023-09-12T17:36:39.987+0000] {taskinstance.py:1159} INFO - Dependencies all met for dep_context=requeueable deps ti=<TaskInstance: tasks_relations.say_bye scheduled__2023-06-25T00:00:00+00:00 [queued]>
[2023-09-12T17:36:39.994+0000] {taskinstance.py:1361} INFO - Starting attempt 1 of 1
[2023-09-12T17:36:40.057+0000] {taskinstance.py:1382} INFO - Executing <Task(_PythonDecoratedOperator): say_bye> on 2023-06-25 00:00:00+00:00
[2023-09-12T17:36:40.107+0000] {standard_task_runner.py:57} INFO - Started process 2744 to run task
[2023-09-12T17:36:40.133+0000] {standard_task_runner.py:84} INFO - Running: ['***', 'tasks', 'run', 'tasks_relations', 'say_bye', 'scheduled__2023-06-25T00:00:00+00:00', '--job-id', '1291', '--raw', '--subdir', 'DAGS_FOLDER/2_tasks_relations.py', '--cfg-path', '/tmp/tmpd97cpv9d']
[2023-09-12T17:36:40.148+0000] {standard_task_runner.py:85} INFO - Job 1291: Subtask say_bye
[2023-09-12T17:36:40.344+0000] {task_command.py:415} INFO - Running <TaskInstance: tasks_relations.say_bye scheduled__2023-06-25T00:00:00+00:00 [running]> on host 0ab7970e0956
[2023-09-12T17:36:40.625+0000] {taskinstance.py:1660} INFO - Exporting env vars: AIRFLOW_CTX_DAG_OWNER='***' AIRFLOW_CTX_DAG_ID='tasks_relations' AIRFLOW_CTX_TASK_ID='say_bye' AIRFLOW_CTX_EXECUTION_DATE='2023-06-25T00:00:00+00:00' AIRFLOW_CTX_TRY_NUMBER='1' AIRFLOW_CTX_DAG_RUN_ID='scheduled__2023-06-25T00:00:00+00:00'
[2023-09-12T17:36:40.627+0000] {logging_mixin.py:151} INFO - goodbye world
[2023-09-12T17:36:40.627+0000] {python.py:194} INFO - Done. Returned value was: None
[2023-09-12T17:36:40.651+0000] {taskinstance.py:1400} INFO - Marking task as SUCCESS. dag_id=tasks_relations, task_id=say_bye, execution_date=20230625T000000, start_date=20230912T173639, end_date=20230912T173640
[2023-09-12T17:36:40.744+0000] {local_task_job_runner.py:228} INFO - Task exited with return code 0
[2023-09-12T17:36:40.917+0000] {taskinstance.py:2784} INFO - 0 downstream tasks scheduled from follow-on schedule check
