[2023-09-05T15:24:58.768+0000] {taskinstance.py:1159} INFO - Dependencies all met for dep_context=non-requeueable deps ti=<TaskInstance: tasks_relations.say_bye scheduled__2023-02-05T00:00:00+00:00 [queued]>
[2023-09-05T15:24:58.877+0000] {taskinstance.py:1159} INFO - Dependencies all met for dep_context=requeueable deps ti=<TaskInstance: tasks_relations.say_bye scheduled__2023-02-05T00:00:00+00:00 [queued]>
[2023-09-05T15:24:58.879+0000] {taskinstance.py:1361} INFO - Starting attempt 1 of 1
[2023-09-05T15:24:59.047+0000] {taskinstance.py:1382} INFO - Executing <Task(_PythonDecoratedOperator): say_bye> on 2023-02-05 00:00:00+00:00
[2023-09-05T15:24:59.064+0000] {standard_task_runner.py:57} INFO - Started process 349 to run task
[2023-09-05T15:24:59.136+0000] {standard_task_runner.py:84} INFO - Running: ['***', 'tasks', 'run', 'tasks_relations', 'say_bye', 'scheduled__2023-02-05T00:00:00+00:00', '--job-id', '134', '--raw', '--subdir', 'DAGS_FOLDER/tasks_relations.py', '--cfg-path', '/tmp/tmpku8xg5sv']
[2023-09-05T15:24:59.151+0000] {standard_task_runner.py:85} INFO - Job 134: Subtask say_bye
[2023-09-05T15:24:59.410+0000] {task_command.py:415} INFO - Running <TaskInstance: tasks_relations.say_bye scheduled__2023-02-05T00:00:00+00:00 [running]> on host ca474790e981
[2023-09-05T15:24:59.709+0000] {taskinstance.py:1660} INFO - Exporting env vars: AIRFLOW_CTX_DAG_OWNER='***' AIRFLOW_CTX_DAG_ID='tasks_relations' AIRFLOW_CTX_TASK_ID='say_bye' AIRFLOW_CTX_EXECUTION_DATE='2023-02-05T00:00:00+00:00' AIRFLOW_CTX_TRY_NUMBER='1' AIRFLOW_CTX_DAG_RUN_ID='scheduled__2023-02-05T00:00:00+00:00'
[2023-09-05T15:24:59.713+0000] {logging_mixin.py:151} INFO - goodbye ***
[2023-09-05T15:24:59.713+0000] {python.py:194} INFO - Done. Returned value was: None
[2023-09-05T15:24:59.760+0000] {taskinstance.py:1400} INFO - Marking task as SUCCESS. dag_id=tasks_relations, task_id=say_bye, execution_date=20230205T000000, start_date=20230905T152458, end_date=20230905T152459
[2023-09-05T15:24:59.851+0000] {local_task_job_runner.py:228} INFO - Task exited with return code 0
[2023-09-05T15:24:59.882+0000] {taskinstance.py:2784} INFO - 0 downstream tasks scheduled from follow-on schedule check
[2023-09-12T17:34:09.101+0000] {taskinstance.py:1159} INFO - Dependencies all met for dep_context=non-requeueable deps ti=<TaskInstance: tasks_relations.say_bye scheduled__2023-02-05T00:00:00+00:00 [queued]>
[2023-09-12T17:34:09.136+0000] {taskinstance.py:1159} INFO - Dependencies all met for dep_context=requeueable deps ti=<TaskInstance: tasks_relations.say_bye scheduled__2023-02-05T00:00:00+00:00 [queued]>
[2023-09-12T17:34:09.138+0000] {taskinstance.py:1361} INFO - Starting attempt 1 of 1
[2023-09-12T17:34:09.163+0000] {taskinstance.py:1382} INFO - Executing <Task(_PythonDecoratedOperator): say_bye> on 2023-02-05 00:00:00+00:00
[2023-09-12T17:34:09.181+0000] {standard_task_runner.py:57} INFO - Started process 789 to run task
[2023-09-12T17:34:09.185+0000] {standard_task_runner.py:84} INFO - Running: ['***', 'tasks', 'run', 'tasks_relations', 'say_bye', 'scheduled__2023-02-05T00:00:00+00:00', '--job-id', '340', '--raw', '--subdir', 'DAGS_FOLDER/2_tasks_relations.py', '--cfg-path', '/tmp/tmpxcdp97lp']
[2023-09-12T17:34:09.195+0000] {standard_task_runner.py:85} INFO - Job 340: Subtask say_bye
[2023-09-12T17:34:09.286+0000] {task_command.py:415} INFO - Running <TaskInstance: tasks_relations.say_bye scheduled__2023-02-05T00:00:00+00:00 [running]> on host 0ab7970e0956
[2023-09-12T17:34:09.368+0000] {taskinstance.py:1660} INFO - Exporting env vars: AIRFLOW_CTX_DAG_OWNER='***' AIRFLOW_CTX_DAG_ID='tasks_relations' AIRFLOW_CTX_TASK_ID='say_bye' AIRFLOW_CTX_EXECUTION_DATE='2023-02-05T00:00:00+00:00' AIRFLOW_CTX_TRY_NUMBER='1' AIRFLOW_CTX_DAG_RUN_ID='scheduled__2023-02-05T00:00:00+00:00'
[2023-09-12T17:34:09.370+0000] {logging_mixin.py:151} INFO - goodbye world
[2023-09-12T17:34:09.370+0000] {python.py:194} INFO - Done. Returned value was: None
[2023-09-12T17:34:09.383+0000] {taskinstance.py:1400} INFO - Marking task as SUCCESS. dag_id=tasks_relations, task_id=say_bye, execution_date=20230205T000000, start_date=20230912T173409, end_date=20230912T173409
[2023-09-12T17:34:09.407+0000] {local_task_job_runner.py:228} INFO - Task exited with return code 0
[2023-09-12T17:34:09.429+0000] {taskinstance.py:2784} INFO - 2 downstream tasks scheduled from follow-on schedule check
