[2023-09-05T15:31:36.280+0000] {taskinstance.py:1159} INFO - Dependencies all met for dep_context=non-requeueable deps ti=<TaskInstance: tasks_relations.this_way scheduled__2023-08-25T00:00:00+00:00 [queued]>
[2023-09-05T15:31:36.440+0000] {taskinstance.py:1159} INFO - Dependencies all met for dep_context=requeueable deps ti=<TaskInstance: tasks_relations.this_way scheduled__2023-08-25T00:00:00+00:00 [queued]>
[2023-09-05T15:31:36.449+0000] {taskinstance.py:1361} INFO - Starting attempt 1 of 1
[2023-09-05T15:31:36.593+0000] {taskinstance.py:1382} INFO - Executing <Task(_PythonDecoratedOperator): this_way> on 2023-08-25 00:00:00+00:00
[2023-09-05T15:31:36.626+0000] {standard_task_runner.py:57} INFO - Started process 2053 to run task
[2023-09-05T15:31:36.712+0000] {standard_task_runner.py:84} INFO - Running: ['***', 'tasks', 'run', 'tasks_relations', 'this_way', 'scheduled__2023-08-25T00:00:00+00:00', '--job-id', '940', '--raw', '--subdir', 'DAGS_FOLDER/tasks_relations.py', '--cfg-path', '/tmp/tmp1vndh2il']
[2023-09-05T15:31:36.734+0000] {standard_task_runner.py:85} INFO - Job 940: Subtask this_way
[2023-09-05T15:31:37.321+0000] {task_command.py:415} INFO - Running <TaskInstance: tasks_relations.this_way scheduled__2023-08-25T00:00:00+00:00 [running]> on host ca474790e981
[2023-09-05T15:31:37.801+0000] {taskinstance.py:1660} INFO - Exporting env vars: AIRFLOW_CTX_DAG_OWNER='***' AIRFLOW_CTX_DAG_ID='tasks_relations' AIRFLOW_CTX_TASK_ID='this_way' AIRFLOW_CTX_EXECUTION_DATE='2023-08-25T00:00:00+00:00' AIRFLOW_CTX_TRY_NUMBER='1' AIRFLOW_CTX_DAG_RUN_ID='scheduled__2023-08-25T00:00:00+00:00'
[2023-09-05T15:31:37.820+0000] {logging_mixin.py:151} INFO - THIS WAY!!!
[2023-09-05T15:31:37.822+0000] {python.py:194} INFO - Done. Returned value was: None
[2023-09-05T15:31:37.845+0000] {taskinstance.py:1400} INFO - Marking task as SUCCESS. dag_id=tasks_relations, task_id=this_way, execution_date=20230825T000000, start_date=20230905T153136, end_date=20230905T153137
[2023-09-05T15:31:37.972+0000] {local_task_job_runner.py:228} INFO - Task exited with return code 0
[2023-09-05T15:31:38.138+0000] {taskinstance.py:2784} INFO - 0 downstream tasks scheduled from follow-on schedule check
[2023-09-12T17:37:52.199+0000] {taskinstance.py:1159} INFO - Dependencies all met for dep_context=non-requeueable deps ti=<TaskInstance: tasks_relations.this_way scheduled__2023-08-25T00:00:00+00:00 [queued]>
[2023-09-12T17:37:52.219+0000] {taskinstance.py:1159} INFO - Dependencies all met for dep_context=requeueable deps ti=<TaskInstance: tasks_relations.this_way scheduled__2023-08-25T00:00:00+00:00 [queued]>
[2023-09-12T17:37:52.220+0000] {taskinstance.py:1361} INFO - Starting attempt 1 of 1
[2023-09-12T17:37:52.263+0000] {taskinstance.py:1382} INFO - Executing <Task(_PythonDecoratedOperator): this_way> on 2023-08-25 00:00:00+00:00
[2023-09-12T17:37:52.279+0000] {standard_task_runner.py:57} INFO - Started process 3593 to run task
[2023-09-12T17:37:52.316+0000] {standard_task_runner.py:84} INFO - Running: ['***', 'tasks', 'run', 'tasks_relations', 'this_way', 'scheduled__2023-08-25T00:00:00+00:00', '--job-id', '1711', '--raw', '--subdir', 'DAGS_FOLDER/2_tasks_relations.py', '--cfg-path', '/tmp/tmpqwf6e0e_']
[2023-09-12T17:37:52.323+0000] {standard_task_runner.py:85} INFO - Job 1711: Subtask this_way
[2023-09-12T17:37:52.480+0000] {task_command.py:415} INFO - Running <TaskInstance: tasks_relations.this_way scheduled__2023-08-25T00:00:00+00:00 [running]> on host 0ab7970e0956
[2023-09-12T17:37:52.693+0000] {taskinstance.py:1660} INFO - Exporting env vars: AIRFLOW_CTX_DAG_OWNER='***' AIRFLOW_CTX_DAG_ID='tasks_relations' AIRFLOW_CTX_TASK_ID='this_way' AIRFLOW_CTX_EXECUTION_DATE='2023-08-25T00:00:00+00:00' AIRFLOW_CTX_TRY_NUMBER='1' AIRFLOW_CTX_DAG_RUN_ID='scheduled__2023-08-25T00:00:00+00:00'
[2023-09-12T17:37:52.695+0000] {logging_mixin.py:151} INFO - THIS WAY!!!
[2023-09-12T17:37:52.700+0000] {python.py:194} INFO - Done. Returned value was: None
[2023-09-12T17:37:52.745+0000] {taskinstance.py:1400} INFO - Marking task as SUCCESS. dag_id=tasks_relations, task_id=this_way, execution_date=20230825T000000, start_date=20230912T173752, end_date=20230912T173752
[2023-09-12T17:37:52.840+0000] {local_task_job_runner.py:228} INFO - Task exited with return code 0
[2023-09-12T17:37:52.891+0000] {taskinstance.py:2784} INFO - 0 downstream tasks scheduled from follow-on schedule check
