[2023-09-05T15:29:57.968+0000] {taskinstance.py:1159} INFO - Dependencies all met for dep_context=non-requeueable deps ti=<TaskInstance: tasks_relations.say_hello scheduled__2023-07-11T00:00:00+00:00 [queued]>
[2023-09-05T15:29:58.092+0000] {taskinstance.py:1159} INFO - Dependencies all met for dep_context=requeueable deps ti=<TaskInstance: tasks_relations.say_hello scheduled__2023-07-11T00:00:00+00:00 [queued]>
[2023-09-05T15:29:58.097+0000] {taskinstance.py:1361} INFO - Starting attempt 1 of 1
[2023-09-05T15:29:58.185+0000] {taskinstance.py:1382} INFO - Executing <Task(_PythonDecoratedOperator): say_hello> on 2023-07-11 00:00:00+00:00
[2023-09-05T15:29:58.235+0000] {standard_task_runner.py:57} INFO - Started process 1476 to run task
[2023-09-05T15:29:58.271+0000] {standard_task_runner.py:84} INFO - Running: ['***', 'tasks', 'run', 'tasks_relations', 'say_hello', 'scheduled__2023-07-11T00:00:00+00:00', '--job-id', '665', '--raw', '--subdir', 'DAGS_FOLDER/tasks_relations.py', '--cfg-path', '/tmp/tmpueipl1u3']
[2023-09-05T15:29:58.294+0000] {standard_task_runner.py:85} INFO - Job 665: Subtask say_hello
[2023-09-05T15:29:58.737+0000] {task_command.py:415} INFO - Running <TaskInstance: tasks_relations.say_hello scheduled__2023-07-11T00:00:00+00:00 [running]> on host ca474790e981
[2023-09-05T15:29:59.122+0000] {taskinstance.py:1660} INFO - Exporting env vars: AIRFLOW_CTX_DAG_OWNER='***' AIRFLOW_CTX_DAG_ID='tasks_relations' AIRFLOW_CTX_TASK_ID='say_hello' AIRFLOW_CTX_EXECUTION_DATE='2023-07-11T00:00:00+00:00' AIRFLOW_CTX_TRY_NUMBER='1' AIRFLOW_CTX_DAG_RUN_ID='scheduled__2023-07-11T00:00:00+00:00'
[2023-09-05T15:29:59.149+0000] {logging_mixin.py:151} INFO - hello world
[2023-09-05T15:29:59.153+0000] {python.py:194} INFO - Done. Returned value was: None
[2023-09-05T15:29:59.263+0000] {taskinstance.py:1400} INFO - Marking task as SUCCESS. dag_id=tasks_relations, task_id=say_hello, execution_date=20230711T000000, start_date=20230905T152957, end_date=20230905T152959
[2023-09-05T15:29:59.463+0000] {local_task_job_runner.py:228} INFO - Task exited with return code 0
[2023-09-05T15:29:59.710+0000] {taskinstance.py:2784} INFO - 0 downstream tasks scheduled from follow-on schedule check
[2023-09-12T17:36:54.363+0000] {taskinstance.py:1159} INFO - Dependencies all met for dep_context=non-requeueable deps ti=<TaskInstance: tasks_relations.say_hello scheduled__2023-07-11T00:00:00+00:00 [queued]>
[2023-09-12T17:36:54.417+0000] {taskinstance.py:1159} INFO - Dependencies all met for dep_context=requeueable deps ti=<TaskInstance: tasks_relations.say_hello scheduled__2023-07-11T00:00:00+00:00 [queued]>
[2023-09-12T17:36:54.434+0000] {taskinstance.py:1361} INFO - Starting attempt 1 of 1
[2023-09-12T17:36:54.484+0000] {taskinstance.py:1382} INFO - Executing <Task(_PythonDecoratedOperator): say_hello> on 2023-07-11 00:00:00+00:00
[2023-09-12T17:36:54.531+0000] {standard_task_runner.py:57} INFO - Started process 2918 to run task
[2023-09-12T17:36:54.576+0000] {standard_task_runner.py:84} INFO - Running: ['***', 'tasks', 'run', 'tasks_relations', 'say_hello', 'scheduled__2023-07-11T00:00:00+00:00', '--job-id', '1380', '--raw', '--subdir', 'DAGS_FOLDER/2_tasks_relations.py', '--cfg-path', '/tmp/tmpyr0q80yg']
[2023-09-12T17:36:54.591+0000] {standard_task_runner.py:85} INFO - Job 1380: Subtask say_hello
[2023-09-12T17:36:54.868+0000] {task_command.py:415} INFO - Running <TaskInstance: tasks_relations.say_hello scheduled__2023-07-11T00:00:00+00:00 [running]> on host 0ab7970e0956
[2023-09-12T17:36:55.100+0000] {taskinstance.py:1660} INFO - Exporting env vars: AIRFLOW_CTX_DAG_OWNER='***' AIRFLOW_CTX_DAG_ID='tasks_relations' AIRFLOW_CTX_TASK_ID='say_hello' AIRFLOW_CTX_EXECUTION_DATE='2023-07-11T00:00:00+00:00' AIRFLOW_CTX_TRY_NUMBER='1' AIRFLOW_CTX_DAG_RUN_ID='scheduled__2023-07-11T00:00:00+00:00'
[2023-09-12T17:36:55.102+0000] {logging_mixin.py:151} INFO - hello world
[2023-09-12T17:36:55.104+0000] {python.py:194} INFO - Done. Returned value was: None
[2023-09-12T17:36:55.119+0000] {taskinstance.py:1400} INFO - Marking task as SUCCESS. dag_id=tasks_relations, task_id=say_hello, execution_date=20230711T000000, start_date=20230912T173654, end_date=20230912T173655
[2023-09-12T17:36:55.229+0000] {local_task_job_runner.py:228} INFO - Task exited with return code 0
[2023-09-12T17:36:55.282+0000] {taskinstance.py:2784} INFO - 1 downstream tasks scheduled from follow-on schedule check
