[2023-09-05T15:30:37.260+0000] {taskinstance.py:1159} INFO - Dependencies all met for dep_context=non-requeueable deps ti=<TaskInstance: tasks_relations.this_way scheduled__2023-07-26T00:00:00+00:00 [queued]>
[2023-09-05T15:30:37.305+0000] {taskinstance.py:1159} INFO - Dependencies all met for dep_context=requeueable deps ti=<TaskInstance: tasks_relations.this_way scheduled__2023-07-26T00:00:00+00:00 [queued]>
[2023-09-05T15:30:37.306+0000] {taskinstance.py:1361} INFO - Starting attempt 1 of 1
[2023-09-05T15:30:37.367+0000] {taskinstance.py:1382} INFO - Executing <Task(_PythonDecoratedOperator): this_way> on 2023-07-26 00:00:00+00:00
[2023-09-05T15:30:37.395+0000] {standard_task_runner.py:57} INFO - Started process 1727 to run task
[2023-09-05T15:30:37.479+0000] {standard_task_runner.py:84} INFO - Running: ['***', 'tasks', 'run', 'tasks_relations', 'this_way', 'scheduled__2023-07-26T00:00:00+00:00', '--job-id', '785', '--raw', '--subdir', 'DAGS_FOLDER/tasks_relations.py', '--cfg-path', '/tmp/tmpsiw4tnp4']
[2023-09-05T15:30:37.495+0000] {standard_task_runner.py:85} INFO - Job 785: Subtask this_way
[2023-09-05T15:30:38.066+0000] {task_command.py:415} INFO - Running <TaskInstance: tasks_relations.this_way scheduled__2023-07-26T00:00:00+00:00 [running]> on host ca474790e981
[2023-09-05T15:30:38.736+0000] {taskinstance.py:1660} INFO - Exporting env vars: AIRFLOW_CTX_DAG_OWNER='***' AIRFLOW_CTX_DAG_ID='tasks_relations' AIRFLOW_CTX_TASK_ID='this_way' AIRFLOW_CTX_EXECUTION_DATE='2023-07-26T00:00:00+00:00' AIRFLOW_CTX_TRY_NUMBER='1' AIRFLOW_CTX_DAG_RUN_ID='scheduled__2023-07-26T00:00:00+00:00'
[2023-09-05T15:30:38.738+0000] {logging_mixin.py:151} INFO - THIS WAY!!!
[2023-09-05T15:30:38.739+0000] {python.py:194} INFO - Done. Returned value was: None
[2023-09-05T15:30:38.770+0000] {taskinstance.py:1400} INFO - Marking task as SUCCESS. dag_id=tasks_relations, task_id=this_way, execution_date=20230726T000000, start_date=20230905T153037, end_date=20230905T153038
[2023-09-05T15:30:38.898+0000] {local_task_job_runner.py:228} INFO - Task exited with return code 0
[2023-09-05T15:30:38.945+0000] {taskinstance.py:2784} INFO - 0 downstream tasks scheduled from follow-on schedule check
[2023-09-12T17:37:13.444+0000] {taskinstance.py:1159} INFO - Dependencies all met for dep_context=non-requeueable deps ti=<TaskInstance: tasks_relations.this_way scheduled__2023-07-26T00:00:00+00:00 [queued]>
[2023-09-12T17:37:13.495+0000] {taskinstance.py:1159} INFO - Dependencies all met for dep_context=requeueable deps ti=<TaskInstance: tasks_relations.this_way scheduled__2023-07-26T00:00:00+00:00 [queued]>
[2023-09-12T17:37:13.509+0000] {taskinstance.py:1361} INFO - Starting attempt 1 of 1
[2023-09-12T17:37:13.541+0000] {taskinstance.py:1382} INFO - Executing <Task(_PythonDecoratedOperator): this_way> on 2023-07-26 00:00:00+00:00
[2023-09-12T17:37:13.559+0000] {standard_task_runner.py:84} INFO - Running: ['***', 'tasks', 'run', 'tasks_relations', 'this_way', 'scheduled__2023-07-26T00:00:00+00:00', '--job-id', '1503', '--raw', '--subdir', 'DAGS_FOLDER/2_tasks_relations.py', '--cfg-path', '/tmp/tmpuo23u_rq']
[2023-09-12T17:37:13.561+0000] {standard_task_runner.py:85} INFO - Job 1503: Subtask this_way
[2023-09-12T17:37:13.554+0000] {standard_task_runner.py:57} INFO - Started process 3161 to run task
[2023-09-12T17:37:13.730+0000] {task_command.py:415} INFO - Running <TaskInstance: tasks_relations.this_way scheduled__2023-07-26T00:00:00+00:00 [running]> on host 0ab7970e0956
[2023-09-12T17:37:14.055+0000] {taskinstance.py:1660} INFO - Exporting env vars: AIRFLOW_CTX_DAG_OWNER='***' AIRFLOW_CTX_DAG_ID='tasks_relations' AIRFLOW_CTX_TASK_ID='this_way' AIRFLOW_CTX_EXECUTION_DATE='2023-07-26T00:00:00+00:00' AIRFLOW_CTX_TRY_NUMBER='1' AIRFLOW_CTX_DAG_RUN_ID='scheduled__2023-07-26T00:00:00+00:00'
[2023-09-12T17:37:14.059+0000] {logging_mixin.py:151} INFO - THIS WAY!!!
[2023-09-12T17:37:14.061+0000] {python.py:194} INFO - Done. Returned value was: None
[2023-09-12T17:37:14.084+0000] {taskinstance.py:1400} INFO - Marking task as SUCCESS. dag_id=tasks_relations, task_id=this_way, execution_date=20230726T000000, start_date=20230912T173713, end_date=20230912T173714
[2023-09-12T17:37:14.158+0000] {local_task_job_runner.py:228} INFO - Task exited with return code 0
[2023-09-12T17:37:14.187+0000] {taskinstance.py:2784} INFO - 1 downstream tasks scheduled from follow-on schedule check
