[2023-09-05T15:31:33.066+0000] {taskinstance.py:1159} INFO - Dependencies all met for dep_context=non-requeueable deps ti=<TaskInstance: tasks_relations.this_way scheduled__2023-08-22T00:00:00+00:00 [queued]>
[2023-09-05T15:31:33.161+0000] {taskinstance.py:1159} INFO - Dependencies all met for dep_context=requeueable deps ti=<TaskInstance: tasks_relations.this_way scheduled__2023-08-22T00:00:00+00:00 [queued]>
[2023-09-05T15:31:33.188+0000] {taskinstance.py:1361} INFO - Starting attempt 1 of 1
[2023-09-05T15:31:33.291+0000] {taskinstance.py:1382} INFO - Executing <Task(_PythonDecoratedOperator): this_way> on 2023-08-22 00:00:00+00:00
[2023-09-05T15:31:33.316+0000] {standard_task_runner.py:57} INFO - Started process 2032 to run task
[2023-09-05T15:31:33.388+0000] {standard_task_runner.py:84} INFO - Running: ['***', 'tasks', 'run', 'tasks_relations', 'this_way', 'scheduled__2023-08-22T00:00:00+00:00', '--job-id', '929', '--raw', '--subdir', 'DAGS_FOLDER/tasks_relations.py', '--cfg-path', '/tmp/tmpj7vj63dp']
[2023-09-05T15:31:33.422+0000] {standard_task_runner.py:85} INFO - Job 929: Subtask this_way
[2023-09-05T15:31:33.933+0000] {task_command.py:415} INFO - Running <TaskInstance: tasks_relations.this_way scheduled__2023-08-22T00:00:00+00:00 [running]> on host ca474790e981
[2023-09-05T15:31:34.614+0000] {taskinstance.py:1660} INFO - Exporting env vars: AIRFLOW_CTX_DAG_OWNER='***' AIRFLOW_CTX_DAG_ID='tasks_relations' AIRFLOW_CTX_TASK_ID='this_way' AIRFLOW_CTX_EXECUTION_DATE='2023-08-22T00:00:00+00:00' AIRFLOW_CTX_TRY_NUMBER='1' AIRFLOW_CTX_DAG_RUN_ID='scheduled__2023-08-22T00:00:00+00:00'
[2023-09-05T15:31:34.621+0000] {logging_mixin.py:151} INFO - THIS WAY!!!
[2023-09-05T15:31:34.624+0000] {python.py:194} INFO - Done. Returned value was: None
[2023-09-05T15:31:34.709+0000] {taskinstance.py:1400} INFO - Marking task as SUCCESS. dag_id=tasks_relations, task_id=this_way, execution_date=20230822T000000, start_date=20230905T153133, end_date=20230905T153134
[2023-09-05T15:31:34.968+0000] {local_task_job_runner.py:228} INFO - Task exited with return code 0
[2023-09-05T15:31:35.266+0000] {taskinstance.py:2784} INFO - 0 downstream tasks scheduled from follow-on schedule check
[2023-09-12T17:37:50.512+0000] {taskinstance.py:1159} INFO - Dependencies all met for dep_context=non-requeueable deps ti=<TaskInstance: tasks_relations.this_way scheduled__2023-08-22T00:00:00+00:00 [queued]>
[2023-09-12T17:37:50.608+0000] {taskinstance.py:1159} INFO - Dependencies all met for dep_context=requeueable deps ti=<TaskInstance: tasks_relations.this_way scheduled__2023-08-22T00:00:00+00:00 [queued]>
[2023-09-12T17:37:50.620+0000] {taskinstance.py:1361} INFO - Starting attempt 1 of 1
[2023-09-12T17:37:50.689+0000] {taskinstance.py:1382} INFO - Executing <Task(_PythonDecoratedOperator): this_way> on 2023-08-22 00:00:00+00:00
[2023-09-12T17:37:50.713+0000] {standard_task_runner.py:57} INFO - Started process 3574 to run task
[2023-09-12T17:37:50.770+0000] {standard_task_runner.py:84} INFO - Running: ['***', 'tasks', 'run', 'tasks_relations', 'this_way', 'scheduled__2023-08-22T00:00:00+00:00', '--job-id', '1700', '--raw', '--subdir', 'DAGS_FOLDER/2_tasks_relations.py', '--cfg-path', '/tmp/tmpmr004emb']
[2023-09-12T17:37:50.785+0000] {standard_task_runner.py:85} INFO - Job 1700: Subtask this_way
[2023-09-12T17:37:50.932+0000] {task_command.py:415} INFO - Running <TaskInstance: tasks_relations.this_way scheduled__2023-08-22T00:00:00+00:00 [running]> on host 0ab7970e0956
[2023-09-12T17:37:51.350+0000] {taskinstance.py:1660} INFO - Exporting env vars: AIRFLOW_CTX_DAG_OWNER='***' AIRFLOW_CTX_DAG_ID='tasks_relations' AIRFLOW_CTX_TASK_ID='this_way' AIRFLOW_CTX_EXECUTION_DATE='2023-08-22T00:00:00+00:00' AIRFLOW_CTX_TRY_NUMBER='1' AIRFLOW_CTX_DAG_RUN_ID='scheduled__2023-08-22T00:00:00+00:00'
[2023-09-12T17:37:51.352+0000] {logging_mixin.py:151} INFO - THIS WAY!!!
[2023-09-12T17:37:51.354+0000] {python.py:194} INFO - Done. Returned value was: None
[2023-09-12T17:37:51.372+0000] {taskinstance.py:1400} INFO - Marking task as SUCCESS. dag_id=tasks_relations, task_id=this_way, execution_date=20230822T000000, start_date=20230912T173750, end_date=20230912T173751
[2023-09-12T17:37:51.457+0000] {local_task_job_runner.py:228} INFO - Task exited with return code 0
[2023-09-12T17:37:51.547+0000] {taskinstance.py:2784} INFO - 0 downstream tasks scheduled from follow-on schedule check
