[2023-09-05T12:33:42.234+0000] {processor.py:157} INFO - Started process (PID=51) to work on /home/airflow/.local/lib/python3.8/site-packages/airflow/example_dags/example_params_ui_tutorial.py
[2023-09-05T12:33:42.236+0000] {processor.py:829} INFO - Processing file /home/airflow/.local/lib/python3.8/site-packages/airflow/example_dags/example_params_ui_tutorial.py for tasks to queue
[2023-09-05T12:33:42.240+0000] {logging_mixin.py:151} INFO - [2023-09-05T12:33:42.239+0000] {dagbag.py:539} INFO - Filling up the DagBag from /home/airflow/.local/lib/python3.8/site-packages/airflow/example_dags/example_params_ui_tutorial.py
[2023-09-05T12:33:42.384+0000] {processor.py:839} INFO - DAG(s) dict_keys(['example_params_ui_tutorial']) retrieved from /home/airflow/.local/lib/python3.8/site-packages/airflow/example_dags/example_params_ui_tutorial.py
[2023-09-05T12:33:42.401+0000] {logging_mixin.py:151} INFO - [2023-09-05T12:33:42.401+0000] {dag.py:2907} INFO - Sync 1 DAGs
[2023-09-05T12:33:42.413+0000] {logging_mixin.py:151} INFO - [2023-09-05T12:33:42.413+0000] {dag.py:3677} INFO - Setting next_dagrun for example_params_ui_tutorial to None, run_after=None
[2023-09-05T12:33:42.438+0000] {processor.py:179} INFO - Processing /home/airflow/.local/lib/python3.8/site-packages/airflow/example_dags/example_params_ui_tutorial.py took 0.209 seconds
[2023-09-05T12:34:12.490+0000] {processor.py:157} INFO - Started process (PID=106) to work on /home/airflow/.local/lib/python3.8/site-packages/airflow/example_dags/example_params_ui_tutorial.py
[2023-09-05T12:34:12.492+0000] {processor.py:829} INFO - Processing file /home/airflow/.local/lib/python3.8/site-packages/airflow/example_dags/example_params_ui_tutorial.py for tasks to queue
[2023-09-05T12:34:12.494+0000] {logging_mixin.py:151} INFO - [2023-09-05T12:34:12.494+0000] {dagbag.py:539} INFO - Filling up the DagBag from /home/airflow/.local/lib/python3.8/site-packages/airflow/example_dags/example_params_ui_tutorial.py
[2023-09-05T12:34:12.517+0000] {processor.py:839} INFO - DAG(s) dict_keys(['example_params_ui_tutorial']) retrieved from /home/airflow/.local/lib/python3.8/site-packages/airflow/example_dags/example_params_ui_tutorial.py
[2023-09-05T12:34:12.547+0000] {logging_mixin.py:151} INFO - [2023-09-05T12:34:12.546+0000] {dag.py:2907} INFO - Sync 1 DAGs
[2023-09-05T12:34:12.554+0000] {logging_mixin.py:151} INFO - [2023-09-05T12:34:12.554+0000] {dag.py:3677} INFO - Setting next_dagrun for example_params_ui_tutorial to None, run_after=None
[2023-09-05T12:34:12.565+0000] {processor.py:179} INFO - Processing /home/airflow/.local/lib/python3.8/site-packages/airflow/example_dags/example_params_ui_tutorial.py took 0.077 seconds
[2023-09-05T12:34:42.752+0000] {processor.py:157} INFO - Started process (PID=160) to work on /home/airflow/.local/lib/python3.8/site-packages/airflow/example_dags/example_params_ui_tutorial.py
[2023-09-05T12:34:42.755+0000] {processor.py:829} INFO - Processing file /home/airflow/.local/lib/python3.8/site-packages/airflow/example_dags/example_params_ui_tutorial.py for tasks to queue
[2023-09-05T12:34:42.759+0000] {logging_mixin.py:151} INFO - [2023-09-05T12:34:42.758+0000] {dagbag.py:539} INFO - Filling up the DagBag from /home/airflow/.local/lib/python3.8/site-packages/airflow/example_dags/example_params_ui_tutorial.py
[2023-09-05T12:34:42.788+0000] {processor.py:839} INFO - DAG(s) dict_keys(['example_params_ui_tutorial']) retrieved from /home/airflow/.local/lib/python3.8/site-packages/airflow/example_dags/example_params_ui_tutorial.py
[2023-09-05T12:34:42.825+0000] {logging_mixin.py:151} INFO - [2023-09-05T12:34:42.825+0000] {dag.py:2907} INFO - Sync 1 DAGs
[2023-09-05T12:34:42.839+0000] {logging_mixin.py:151} INFO - [2023-09-05T12:34:42.839+0000] {dag.py:3677} INFO - Setting next_dagrun for example_params_ui_tutorial to None, run_after=None
[2023-09-05T12:34:42.861+0000] {processor.py:179} INFO - Processing /home/airflow/.local/lib/python3.8/site-packages/airflow/example_dags/example_params_ui_tutorial.py took 0.112 seconds
[2023-09-05T12:40:50.076+0000] {processor.py:157} INFO - Started process (PID=51) to work on /home/airflow/.local/lib/python3.8/site-packages/airflow/example_dags/example_params_ui_tutorial.py
[2023-09-05T12:40:50.079+0000] {processor.py:829} INFO - Processing file /home/airflow/.local/lib/python3.8/site-packages/airflow/example_dags/example_params_ui_tutorial.py for tasks to queue
[2023-09-05T12:40:50.084+0000] {logging_mixin.py:151} INFO - [2023-09-05T12:40:50.083+0000] {dagbag.py:539} INFO - Filling up the DagBag from /home/airflow/.local/lib/python3.8/site-packages/airflow/example_dags/example_params_ui_tutorial.py
[2023-09-05T12:40:50.134+0000] {processor.py:839} INFO - DAG(s) dict_keys(['example_params_ui_tutorial']) retrieved from /home/airflow/.local/lib/python3.8/site-packages/airflow/example_dags/example_params_ui_tutorial.py
[2023-09-05T12:40:50.287+0000] {logging_mixin.py:151} INFO - [2023-09-05T12:40:50.287+0000] {manager.py:501} INFO - Created Permission View: can read on DAG:example_params_ui_tutorial
[2023-09-05T12:40:50.301+0000] {logging_mixin.py:151} INFO - [2023-09-05T12:40:50.301+0000] {manager.py:501} INFO - Created Permission View: can edit on DAG:example_params_ui_tutorial
[2023-09-05T12:40:50.318+0000] {logging_mixin.py:151} INFO - [2023-09-05T12:40:50.318+0000] {manager.py:501} INFO - Created Permission View: can delete on DAG:example_params_ui_tutorial
[2023-09-05T12:40:50.344+0000] {logging_mixin.py:151} INFO - [2023-09-05T12:40:50.343+0000] {dag.py:2907} INFO - Sync 1 DAGs
[2023-09-05T12:40:50.356+0000] {logging_mixin.py:151} INFO - [2023-09-05T12:40:50.356+0000] {dag.py:2929} INFO - Creating ORM DAG for example_params_ui_tutorial
[2023-09-05T12:40:50.358+0000] {logging_mixin.py:151} INFO - [2023-09-05T12:40:50.358+0000] {dag.py:3677} INFO - Setting next_dagrun for example_params_ui_tutorial to None, run_after=None
[2023-09-05T12:40:50.386+0000] {processor.py:179} INFO - Processing /home/airflow/.local/lib/python3.8/site-packages/airflow/example_dags/example_params_ui_tutorial.py took 0.315 seconds
[2023-09-05T12:41:20.502+0000] {processor.py:157} INFO - Started process (PID=105) to work on /home/airflow/.local/lib/python3.8/site-packages/airflow/example_dags/example_params_ui_tutorial.py
[2023-09-05T12:41:20.504+0000] {processor.py:829} INFO - Processing file /home/airflow/.local/lib/python3.8/site-packages/airflow/example_dags/example_params_ui_tutorial.py for tasks to queue
[2023-09-05T12:41:20.506+0000] {logging_mixin.py:151} INFO - [2023-09-05T12:41:20.506+0000] {dagbag.py:539} INFO - Filling up the DagBag from /home/airflow/.local/lib/python3.8/site-packages/airflow/example_dags/example_params_ui_tutorial.py
[2023-09-05T12:41:20.529+0000] {processor.py:839} INFO - DAG(s) dict_keys(['example_params_ui_tutorial']) retrieved from /home/airflow/.local/lib/python3.8/site-packages/airflow/example_dags/example_params_ui_tutorial.py
[2023-09-05T12:41:20.560+0000] {logging_mixin.py:151} INFO - [2023-09-05T12:41:20.560+0000] {dag.py:2907} INFO - Sync 1 DAGs
[2023-09-05T12:41:20.568+0000] {logging_mixin.py:151} INFO - [2023-09-05T12:41:20.568+0000] {dag.py:3677} INFO - Setting next_dagrun for example_params_ui_tutorial to None, run_after=None
[2023-09-05T12:41:20.580+0000] {processor.py:179} INFO - Processing /home/airflow/.local/lib/python3.8/site-packages/airflow/example_dags/example_params_ui_tutorial.py took 0.080 seconds
[2023-09-05T12:41:51.133+0000] {processor.py:157} INFO - Started process (PID=159) to work on /home/airflow/.local/lib/python3.8/site-packages/airflow/example_dags/example_params_ui_tutorial.py
[2023-09-05T12:41:51.134+0000] {processor.py:829} INFO - Processing file /home/airflow/.local/lib/python3.8/site-packages/airflow/example_dags/example_params_ui_tutorial.py for tasks to queue
[2023-09-05T12:41:51.136+0000] {logging_mixin.py:151} INFO - [2023-09-05T12:41:51.136+0000] {dagbag.py:539} INFO - Filling up the DagBag from /home/airflow/.local/lib/python3.8/site-packages/airflow/example_dags/example_params_ui_tutorial.py
[2023-09-05T12:41:51.156+0000] {processor.py:839} INFO - DAG(s) dict_keys(['example_params_ui_tutorial']) retrieved from /home/airflow/.local/lib/python3.8/site-packages/airflow/example_dags/example_params_ui_tutorial.py
[2023-09-05T12:41:51.185+0000] {logging_mixin.py:151} INFO - [2023-09-05T12:41:51.185+0000] {dag.py:2907} INFO - Sync 1 DAGs
[2023-09-05T12:41:51.192+0000] {logging_mixin.py:151} INFO - [2023-09-05T12:41:51.192+0000] {dag.py:3677} INFO - Setting next_dagrun for example_params_ui_tutorial to None, run_after=None
[2023-09-05T12:41:51.202+0000] {processor.py:179} INFO - Processing /home/airflow/.local/lib/python3.8/site-packages/airflow/example_dags/example_params_ui_tutorial.py took 0.073 seconds
[2023-09-05T12:42:21.699+0000] {processor.py:157} INFO - Started process (PID=213) to work on /home/airflow/.local/lib/python3.8/site-packages/airflow/example_dags/example_params_ui_tutorial.py
[2023-09-05T12:42:21.700+0000] {processor.py:829} INFO - Processing file /home/airflow/.local/lib/python3.8/site-packages/airflow/example_dags/example_params_ui_tutorial.py for tasks to queue
[2023-09-05T12:42:21.702+0000] {logging_mixin.py:151} INFO - [2023-09-05T12:42:21.702+0000] {dagbag.py:539} INFO - Filling up the DagBag from /home/airflow/.local/lib/python3.8/site-packages/airflow/example_dags/example_params_ui_tutorial.py
[2023-09-05T12:42:21.723+0000] {processor.py:839} INFO - DAG(s) dict_keys(['example_params_ui_tutorial']) retrieved from /home/airflow/.local/lib/python3.8/site-packages/airflow/example_dags/example_params_ui_tutorial.py
[2023-09-05T12:42:21.754+0000] {logging_mixin.py:151} INFO - [2023-09-05T12:42:21.754+0000] {dag.py:2907} INFO - Sync 1 DAGs
[2023-09-05T12:42:21.762+0000] {logging_mixin.py:151} INFO - [2023-09-05T12:42:21.762+0000] {dag.py:3677} INFO - Setting next_dagrun for example_params_ui_tutorial to None, run_after=None
[2023-09-05T12:42:21.772+0000] {processor.py:179} INFO - Processing /home/airflow/.local/lib/python3.8/site-packages/airflow/example_dags/example_params_ui_tutorial.py took 0.076 seconds
[2023-09-05T12:42:52.299+0000] {processor.py:157} INFO - Started process (PID=267) to work on /home/airflow/.local/lib/python3.8/site-packages/airflow/example_dags/example_params_ui_tutorial.py
[2023-09-05T12:42:52.301+0000] {processor.py:829} INFO - Processing file /home/airflow/.local/lib/python3.8/site-packages/airflow/example_dags/example_params_ui_tutorial.py for tasks to queue
[2023-09-05T12:42:52.303+0000] {logging_mixin.py:151} INFO - [2023-09-05T12:42:52.303+0000] {dagbag.py:539} INFO - Filling up the DagBag from /home/airflow/.local/lib/python3.8/site-packages/airflow/example_dags/example_params_ui_tutorial.py
[2023-09-05T12:42:52.325+0000] {processor.py:839} INFO - DAG(s) dict_keys(['example_params_ui_tutorial']) retrieved from /home/airflow/.local/lib/python3.8/site-packages/airflow/example_dags/example_params_ui_tutorial.py
[2023-09-05T12:42:52.355+0000] {logging_mixin.py:151} INFO - [2023-09-05T12:42:52.355+0000] {dag.py:2907} INFO - Sync 1 DAGs
[2023-09-05T12:42:52.363+0000] {logging_mixin.py:151} INFO - [2023-09-05T12:42:52.363+0000] {dag.py:3677} INFO - Setting next_dagrun for example_params_ui_tutorial to None, run_after=None
[2023-09-05T12:42:52.386+0000] {processor.py:179} INFO - Processing /home/airflow/.local/lib/python3.8/site-packages/airflow/example_dags/example_params_ui_tutorial.py took 0.090 seconds
[2023-09-05T12:44:37.249+0000] {processor.py:157} INFO - Started process (PID=50) to work on /home/airflow/.local/lib/python3.8/site-packages/airflow/example_dags/example_params_ui_tutorial.py
[2023-09-05T12:44:37.251+0000] {processor.py:829} INFO - Processing file /home/airflow/.local/lib/python3.8/site-packages/airflow/example_dags/example_params_ui_tutorial.py for tasks to queue
[2023-09-05T12:44:37.253+0000] {logging_mixin.py:151} INFO - [2023-09-05T12:44:37.253+0000] {dagbag.py:539} INFO - Filling up the DagBag from /home/airflow/.local/lib/python3.8/site-packages/airflow/example_dags/example_params_ui_tutorial.py
[2023-09-05T12:44:37.278+0000] {processor.py:839} INFO - DAG(s) dict_keys(['example_params_ui_tutorial']) retrieved from /home/airflow/.local/lib/python3.8/site-packages/airflow/example_dags/example_params_ui_tutorial.py
[2023-09-05T12:44:37.360+0000] {logging_mixin.py:151} INFO - [2023-09-05T12:44:37.359+0000] {manager.py:501} INFO - Created Permission View: can edit on DAG:example_params_ui_tutorial
[2023-09-05T12:44:37.365+0000] {logging_mixin.py:151} INFO - [2023-09-05T12:44:37.365+0000] {manager.py:501} INFO - Created Permission View: can read on DAG:example_params_ui_tutorial
[2023-09-05T12:44:37.369+0000] {logging_mixin.py:151} INFO - [2023-09-05T12:44:37.369+0000] {manager.py:501} INFO - Created Permission View: can delete on DAG:example_params_ui_tutorial
[2023-09-05T12:44:37.376+0000] {logging_mixin.py:151} INFO - [2023-09-05T12:44:37.376+0000] {dag.py:2907} INFO - Sync 1 DAGs
[2023-09-05T12:44:37.382+0000] {logging_mixin.py:151} INFO - [2023-09-05T12:44:37.381+0000] {dag.py:2929} INFO - Creating ORM DAG for example_params_ui_tutorial
[2023-09-05T12:44:37.382+0000] {logging_mixin.py:151} INFO - [2023-09-05T12:44:37.382+0000] {dag.py:3677} INFO - Setting next_dagrun for example_params_ui_tutorial to None, run_after=None
[2023-09-05T12:44:37.393+0000] {processor.py:179} INFO - Processing /home/airflow/.local/lib/python3.8/site-packages/airflow/example_dags/example_params_ui_tutorial.py took 0.147 seconds
[2023-09-05T12:45:07.428+0000] {processor.py:157} INFO - Started process (PID=104) to work on /home/airflow/.local/lib/python3.8/site-packages/airflow/example_dags/example_params_ui_tutorial.py
[2023-09-05T12:45:07.429+0000] {processor.py:829} INFO - Processing file /home/airflow/.local/lib/python3.8/site-packages/airflow/example_dags/example_params_ui_tutorial.py for tasks to queue
[2023-09-05T12:45:07.431+0000] {logging_mixin.py:151} INFO - [2023-09-05T12:45:07.431+0000] {dagbag.py:539} INFO - Filling up the DagBag from /home/airflow/.local/lib/python3.8/site-packages/airflow/example_dags/example_params_ui_tutorial.py
[2023-09-05T12:45:07.454+0000] {processor.py:839} INFO - DAG(s) dict_keys(['example_params_ui_tutorial']) retrieved from /home/airflow/.local/lib/python3.8/site-packages/airflow/example_dags/example_params_ui_tutorial.py
[2023-09-05T12:45:07.484+0000] {logging_mixin.py:151} INFO - [2023-09-05T12:45:07.484+0000] {dag.py:2907} INFO - Sync 1 DAGs
[2023-09-05T12:45:07.492+0000] {logging_mixin.py:151} INFO - [2023-09-05T12:45:07.491+0000] {dag.py:3677} INFO - Setting next_dagrun for example_params_ui_tutorial to None, run_after=None
[2023-09-05T12:45:07.502+0000] {processor.py:179} INFO - Processing /home/airflow/.local/lib/python3.8/site-packages/airflow/example_dags/example_params_ui_tutorial.py took 0.077 seconds
[2023-09-05T12:45:37.890+0000] {processor.py:157} INFO - Started process (PID=158) to work on /home/airflow/.local/lib/python3.8/site-packages/airflow/example_dags/example_params_ui_tutorial.py
[2023-09-05T12:45:37.892+0000] {processor.py:829} INFO - Processing file /home/airflow/.local/lib/python3.8/site-packages/airflow/example_dags/example_params_ui_tutorial.py for tasks to queue
[2023-09-05T12:45:37.894+0000] {logging_mixin.py:151} INFO - [2023-09-05T12:45:37.894+0000] {dagbag.py:539} INFO - Filling up the DagBag from /home/airflow/.local/lib/python3.8/site-packages/airflow/example_dags/example_params_ui_tutorial.py
[2023-09-05T12:45:37.916+0000] {processor.py:839} INFO - DAG(s) dict_keys(['example_params_ui_tutorial']) retrieved from /home/airflow/.local/lib/python3.8/site-packages/airflow/example_dags/example_params_ui_tutorial.py
[2023-09-05T12:45:37.948+0000] {logging_mixin.py:151} INFO - [2023-09-05T12:45:37.948+0000] {dag.py:2907} INFO - Sync 1 DAGs
[2023-09-05T12:45:37.956+0000] {logging_mixin.py:151} INFO - [2023-09-05T12:45:37.956+0000] {dag.py:3677} INFO - Setting next_dagrun for example_params_ui_tutorial to None, run_after=None
[2023-09-05T12:45:37.967+0000] {processor.py:179} INFO - Processing /home/airflow/.local/lib/python3.8/site-packages/airflow/example_dags/example_params_ui_tutorial.py took 0.080 seconds
