[2023-09-05T12:33:44.018+0000] {processor.py:157} INFO - Started process (PID=63) to work on /home/airflow/.local/lib/python3.8/site-packages/airflow/example_dags/example_branch_operator_decorator.py
[2023-09-05T12:33:44.019+0000] {processor.py:829} INFO - Processing file /home/airflow/.local/lib/python3.8/site-packages/airflow/example_dags/example_branch_operator_decorator.py for tasks to queue
[2023-09-05T12:33:44.021+0000] {logging_mixin.py:151} INFO - [2023-09-05T12:33:44.021+0000] {dagbag.py:539} INFO - Filling up the DagBag from /home/airflow/.local/lib/python3.8/site-packages/airflow/example_dags/example_branch_operator_decorator.py
[2023-09-05T12:33:44.036+0000] {processor.py:839} INFO - DAG(s) dict_keys(['example_branch_python_operator_decorator']) retrieved from /home/airflow/.local/lib/python3.8/site-packages/airflow/example_dags/example_branch_operator_decorator.py
[2023-09-05T12:33:44.051+0000] {logging_mixin.py:151} INFO - [2023-09-05T12:33:44.051+0000] {dag.py:2907} INFO - Sync 1 DAGs
[2023-09-05T12:33:44.070+0000] {logging_mixin.py:151} INFO - [2023-09-05T12:33:44.070+0000] {dag.py:3677} INFO - Setting next_dagrun for example_branch_python_operator_decorator to 2023-09-04T00:00:00+00:00, run_after=2023-09-05T00:00:00+00:00
[2023-09-05T12:33:44.087+0000] {processor.py:179} INFO - Processing /home/airflow/.local/lib/python3.8/site-packages/airflow/example_dags/example_branch_operator_decorator.py took 0.072 seconds
[2023-09-05T12:34:14.180+0000] {processor.py:157} INFO - Started process (PID=117) to work on /home/airflow/.local/lib/python3.8/site-packages/airflow/example_dags/example_branch_operator_decorator.py
[2023-09-05T12:34:14.181+0000] {processor.py:829} INFO - Processing file /home/airflow/.local/lib/python3.8/site-packages/airflow/example_dags/example_branch_operator_decorator.py for tasks to queue
[2023-09-05T12:34:14.184+0000] {logging_mixin.py:151} INFO - [2023-09-05T12:34:14.183+0000] {dagbag.py:539} INFO - Filling up the DagBag from /home/airflow/.local/lib/python3.8/site-packages/airflow/example_dags/example_branch_operator_decorator.py
[2023-09-05T12:34:14.192+0000] {processor.py:839} INFO - DAG(s) dict_keys(['example_branch_python_operator_decorator']) retrieved from /home/airflow/.local/lib/python3.8/site-packages/airflow/example_dags/example_branch_operator_decorator.py
[2023-09-05T12:34:14.211+0000] {logging_mixin.py:151} INFO - [2023-09-05T12:34:14.211+0000] {dag.py:2907} INFO - Sync 1 DAGs
[2023-09-05T12:34:14.227+0000] {logging_mixin.py:151} INFO - [2023-09-05T12:34:14.227+0000] {dag.py:3677} INFO - Setting next_dagrun for example_branch_python_operator_decorator to 2023-09-04T00:00:00+00:00, run_after=2023-09-05T00:00:00+00:00
[2023-09-05T12:34:14.240+0000] {processor.py:179} INFO - Processing /home/airflow/.local/lib/python3.8/site-packages/airflow/example_dags/example_branch_operator_decorator.py took 0.063 seconds
[2023-09-05T12:34:45.202+0000] {processor.py:157} INFO - Started process (PID=171) to work on /home/airflow/.local/lib/python3.8/site-packages/airflow/example_dags/example_branch_operator_decorator.py
[2023-09-05T12:34:45.210+0000] {processor.py:829} INFO - Processing file /home/airflow/.local/lib/python3.8/site-packages/airflow/example_dags/example_branch_operator_decorator.py for tasks to queue
[2023-09-05T12:34:45.224+0000] {logging_mixin.py:151} INFO - [2023-09-05T12:34:45.220+0000] {dagbag.py:539} INFO - Filling up the DagBag from /home/airflow/.local/lib/python3.8/site-packages/airflow/example_dags/example_branch_operator_decorator.py
[2023-09-05T12:34:45.240+0000] {processor.py:839} INFO - DAG(s) dict_keys(['example_branch_python_operator_decorator']) retrieved from /home/airflow/.local/lib/python3.8/site-packages/airflow/example_dags/example_branch_operator_decorator.py
[2023-09-05T12:34:45.302+0000] {logging_mixin.py:151} INFO - [2023-09-05T12:34:45.302+0000] {dag.py:2907} INFO - Sync 1 DAGs
[2023-09-05T12:34:45.339+0000] {logging_mixin.py:151} INFO - [2023-09-05T12:34:45.338+0000] {dag.py:3677} INFO - Setting next_dagrun for example_branch_python_operator_decorator to 2023-09-04T00:00:00+00:00, run_after=2023-09-05T00:00:00+00:00
[2023-09-05T12:34:45.382+0000] {processor.py:179} INFO - Processing /home/airflow/.local/lib/python3.8/site-packages/airflow/example_dags/example_branch_operator_decorator.py took 0.190 seconds
[2023-09-05T12:40:51.706+0000] {processor.py:157} INFO - Started process (PID=63) to work on /home/airflow/.local/lib/python3.8/site-packages/airflow/example_dags/example_branch_operator_decorator.py
[2023-09-05T12:40:51.708+0000] {processor.py:829} INFO - Processing file /home/airflow/.local/lib/python3.8/site-packages/airflow/example_dags/example_branch_operator_decorator.py for tasks to queue
[2023-09-05T12:40:51.710+0000] {logging_mixin.py:151} INFO - [2023-09-05T12:40:51.710+0000] {dagbag.py:539} INFO - Filling up the DagBag from /home/airflow/.local/lib/python3.8/site-packages/airflow/example_dags/example_branch_operator_decorator.py
[2023-09-05T12:40:51.718+0000] {processor.py:839} INFO - DAG(s) dict_keys(['example_branch_python_operator_decorator']) retrieved from /home/airflow/.local/lib/python3.8/site-packages/airflow/example_dags/example_branch_operator_decorator.py
[2023-09-05T12:40:51.788+0000] {logging_mixin.py:151} INFO - [2023-09-05T12:40:51.788+0000] {manager.py:501} INFO - Created Permission View: can read on DAG:example_branch_python_operator_decorator
[2023-09-05T12:40:51.794+0000] {logging_mixin.py:151} INFO - [2023-09-05T12:40:51.794+0000] {manager.py:501} INFO - Created Permission View: can edit on DAG:example_branch_python_operator_decorator
[2023-09-05T12:40:51.798+0000] {logging_mixin.py:151} INFO - [2023-09-05T12:40:51.798+0000] {manager.py:501} INFO - Created Permission View: can delete on DAG:example_branch_python_operator_decorator
[2023-09-05T12:40:51.805+0000] {logging_mixin.py:151} INFO - [2023-09-05T12:40:51.805+0000] {dag.py:2907} INFO - Sync 1 DAGs
[2023-09-05T12:40:51.814+0000] {logging_mixin.py:151} INFO - [2023-09-05T12:40:51.814+0000] {dag.py:2929} INFO - Creating ORM DAG for example_branch_python_operator_decorator
[2023-09-05T12:40:51.823+0000] {logging_mixin.py:151} INFO - [2023-09-05T12:40:51.823+0000] {dag.py:3677} INFO - Setting next_dagrun for example_branch_python_operator_decorator to 2023-09-04T00:00:00+00:00, run_after=2023-09-05T00:00:00+00:00
[2023-09-05T12:40:51.837+0000] {processor.py:179} INFO - Processing /home/airflow/.local/lib/python3.8/site-packages/airflow/example_dags/example_branch_operator_decorator.py took 0.134 seconds
[2023-09-05T12:41:22.034+0000] {processor.py:157} INFO - Started process (PID=116) to work on /home/airflow/.local/lib/python3.8/site-packages/airflow/example_dags/example_branch_operator_decorator.py
[2023-09-05T12:41:22.035+0000] {processor.py:829} INFO - Processing file /home/airflow/.local/lib/python3.8/site-packages/airflow/example_dags/example_branch_operator_decorator.py for tasks to queue
[2023-09-05T12:41:22.038+0000] {logging_mixin.py:151} INFO - [2023-09-05T12:41:22.037+0000] {dagbag.py:539} INFO - Filling up the DagBag from /home/airflow/.local/lib/python3.8/site-packages/airflow/example_dags/example_branch_operator_decorator.py
[2023-09-05T12:41:22.047+0000] {processor.py:839} INFO - DAG(s) dict_keys(['example_branch_python_operator_decorator']) retrieved from /home/airflow/.local/lib/python3.8/site-packages/airflow/example_dags/example_branch_operator_decorator.py
[2023-09-05T12:41:22.080+0000] {logging_mixin.py:151} INFO - [2023-09-05T12:41:22.080+0000] {dag.py:2907} INFO - Sync 1 DAGs
[2023-09-05T12:41:22.096+0000] {logging_mixin.py:151} INFO - [2023-09-05T12:41:22.096+0000] {dag.py:3677} INFO - Setting next_dagrun for example_branch_python_operator_decorator to 2023-09-04T00:00:00+00:00, run_after=2023-09-05T00:00:00+00:00
[2023-09-05T12:41:22.109+0000] {processor.py:179} INFO - Processing /home/airflow/.local/lib/python3.8/site-packages/airflow/example_dags/example_branch_operator_decorator.py took 0.078 seconds
[2023-09-05T12:41:52.524+0000] {processor.py:157} INFO - Started process (PID=170) to work on /home/airflow/.local/lib/python3.8/site-packages/airflow/example_dags/example_branch_operator_decorator.py
[2023-09-05T12:41:52.525+0000] {processor.py:829} INFO - Processing file /home/airflow/.local/lib/python3.8/site-packages/airflow/example_dags/example_branch_operator_decorator.py for tasks to queue
[2023-09-05T12:41:52.528+0000] {logging_mixin.py:151} INFO - [2023-09-05T12:41:52.527+0000] {dagbag.py:539} INFO - Filling up the DagBag from /home/airflow/.local/lib/python3.8/site-packages/airflow/example_dags/example_branch_operator_decorator.py
[2023-09-05T12:41:52.536+0000] {processor.py:839} INFO - DAG(s) dict_keys(['example_branch_python_operator_decorator']) retrieved from /home/airflow/.local/lib/python3.8/site-packages/airflow/example_dags/example_branch_operator_decorator.py
[2023-09-05T12:41:52.554+0000] {logging_mixin.py:151} INFO - [2023-09-05T12:41:52.553+0000] {dag.py:2907} INFO - Sync 1 DAGs
[2023-09-05T12:41:52.567+0000] {logging_mixin.py:151} INFO - [2023-09-05T12:41:52.567+0000] {dag.py:3677} INFO - Setting next_dagrun for example_branch_python_operator_decorator to 2023-09-04T00:00:00+00:00, run_after=2023-09-05T00:00:00+00:00
[2023-09-05T12:41:52.577+0000] {processor.py:179} INFO - Processing /home/airflow/.local/lib/python3.8/site-packages/airflow/example_dags/example_branch_operator_decorator.py took 0.056 seconds
[2023-09-05T12:42:23.180+0000] {processor.py:157} INFO - Started process (PID=224) to work on /home/airflow/.local/lib/python3.8/site-packages/airflow/example_dags/example_branch_operator_decorator.py
[2023-09-05T12:42:23.181+0000] {processor.py:829} INFO - Processing file /home/airflow/.local/lib/python3.8/site-packages/airflow/example_dags/example_branch_operator_decorator.py for tasks to queue
[2023-09-05T12:42:23.183+0000] {logging_mixin.py:151} INFO - [2023-09-05T12:42:23.183+0000] {dagbag.py:539} INFO - Filling up the DagBag from /home/airflow/.local/lib/python3.8/site-packages/airflow/example_dags/example_branch_operator_decorator.py
[2023-09-05T12:42:23.191+0000] {processor.py:839} INFO - DAG(s) dict_keys(['example_branch_python_operator_decorator']) retrieved from /home/airflow/.local/lib/python3.8/site-packages/airflow/example_dags/example_branch_operator_decorator.py
[2023-09-05T12:42:23.208+0000] {logging_mixin.py:151} INFO - [2023-09-05T12:42:23.208+0000] {dag.py:2907} INFO - Sync 1 DAGs
[2023-09-05T12:42:23.223+0000] {logging_mixin.py:151} INFO - [2023-09-05T12:42:23.223+0000] {dag.py:3677} INFO - Setting next_dagrun for example_branch_python_operator_decorator to 2023-09-04T00:00:00+00:00, run_after=2023-09-05T00:00:00+00:00
[2023-09-05T12:42:23.233+0000] {processor.py:179} INFO - Processing /home/airflow/.local/lib/python3.8/site-packages/airflow/example_dags/example_branch_operator_decorator.py took 0.055 seconds
[2023-09-05T12:42:53.794+0000] {processor.py:157} INFO - Started process (PID=278) to work on /home/airflow/.local/lib/python3.8/site-packages/airflow/example_dags/example_branch_operator_decorator.py
[2023-09-05T12:42:53.795+0000] {processor.py:829} INFO - Processing file /home/airflow/.local/lib/python3.8/site-packages/airflow/example_dags/example_branch_operator_decorator.py for tasks to queue
[2023-09-05T12:42:53.797+0000] {logging_mixin.py:151} INFO - [2023-09-05T12:42:53.797+0000] {dagbag.py:539} INFO - Filling up the DagBag from /home/airflow/.local/lib/python3.8/site-packages/airflow/example_dags/example_branch_operator_decorator.py
[2023-09-05T12:42:53.805+0000] {processor.py:839} INFO - DAG(s) dict_keys(['example_branch_python_operator_decorator']) retrieved from /home/airflow/.local/lib/python3.8/site-packages/airflow/example_dags/example_branch_operator_decorator.py
[2023-09-05T12:42:53.823+0000] {logging_mixin.py:151} INFO - [2023-09-05T12:42:53.823+0000] {dag.py:2907} INFO - Sync 1 DAGs
[2023-09-05T12:42:53.837+0000] {logging_mixin.py:151} INFO - [2023-09-05T12:42:53.837+0000] {dag.py:3677} INFO - Setting next_dagrun for example_branch_python_operator_decorator to 2023-09-04T00:00:00+00:00, run_after=2023-09-05T00:00:00+00:00
[2023-09-05T12:42:53.848+0000] {processor.py:179} INFO - Processing /home/airflow/.local/lib/python3.8/site-packages/airflow/example_dags/example_branch_operator_decorator.py took 0.057 seconds
[2023-09-05T12:44:38.523+0000] {processor.py:157} INFO - Started process (PID=62) to work on /home/airflow/.local/lib/python3.8/site-packages/airflow/example_dags/example_branch_operator_decorator.py
[2023-09-05T12:44:38.526+0000] {processor.py:829} INFO - Processing file /home/airflow/.local/lib/python3.8/site-packages/airflow/example_dags/example_branch_operator_decorator.py for tasks to queue
[2023-09-05T12:44:38.543+0000] {logging_mixin.py:151} INFO - [2023-09-05T12:44:38.542+0000] {dagbag.py:539} INFO - Filling up the DagBag from /home/airflow/.local/lib/python3.8/site-packages/airflow/example_dags/example_branch_operator_decorator.py
[2023-09-05T12:44:38.569+0000] {processor.py:839} INFO - DAG(s) dict_keys(['example_branch_python_operator_decorator']) retrieved from /home/airflow/.local/lib/python3.8/site-packages/airflow/example_dags/example_branch_operator_decorator.py
[2023-09-05T12:44:38.664+0000] {logging_mixin.py:151} INFO - [2023-09-05T12:44:38.664+0000] {manager.py:501} INFO - Created Permission View: can edit on DAG:example_branch_python_operator_decorator
[2023-09-05T12:44:38.672+0000] {logging_mixin.py:151} INFO - [2023-09-05T12:44:38.672+0000] {manager.py:501} INFO - Created Permission View: can read on DAG:example_branch_python_operator_decorator
[2023-09-05T12:44:38.677+0000] {logging_mixin.py:151} INFO - [2023-09-05T12:44:38.677+0000] {manager.py:501} INFO - Created Permission View: can delete on DAG:example_branch_python_operator_decorator
[2023-09-05T12:44:38.687+0000] {logging_mixin.py:151} INFO - [2023-09-05T12:44:38.687+0000] {dag.py:2907} INFO - Sync 1 DAGs
[2023-09-05T12:44:38.697+0000] {logging_mixin.py:151} INFO - [2023-09-05T12:44:38.697+0000] {dag.py:2929} INFO - Creating ORM DAG for example_branch_python_operator_decorator
[2023-09-05T12:44:38.706+0000] {logging_mixin.py:151} INFO - [2023-09-05T12:44:38.706+0000] {dag.py:3677} INFO - Setting next_dagrun for example_branch_python_operator_decorator to 2023-09-04T00:00:00+00:00, run_after=2023-09-05T00:00:00+00:00
[2023-09-05T12:44:38.720+0000] {processor.py:179} INFO - Processing /home/airflow/.local/lib/python3.8/site-packages/airflow/example_dags/example_branch_operator_decorator.py took 0.204 seconds
[2023-09-05T12:45:08.941+0000] {processor.py:157} INFO - Started process (PID=115) to work on /home/airflow/.local/lib/python3.8/site-packages/airflow/example_dags/example_branch_operator_decorator.py
[2023-09-05T12:45:08.942+0000] {processor.py:829} INFO - Processing file /home/airflow/.local/lib/python3.8/site-packages/airflow/example_dags/example_branch_operator_decorator.py for tasks to queue
[2023-09-05T12:45:08.944+0000] {logging_mixin.py:151} INFO - [2023-09-05T12:45:08.944+0000] {dagbag.py:539} INFO - Filling up the DagBag from /home/airflow/.local/lib/python3.8/site-packages/airflow/example_dags/example_branch_operator_decorator.py
[2023-09-05T12:45:08.953+0000] {processor.py:839} INFO - DAG(s) dict_keys(['example_branch_python_operator_decorator']) retrieved from /home/airflow/.local/lib/python3.8/site-packages/airflow/example_dags/example_branch_operator_decorator.py
[2023-09-05T12:45:08.971+0000] {logging_mixin.py:151} INFO - [2023-09-05T12:45:08.970+0000] {dag.py:2907} INFO - Sync 1 DAGs
[2023-09-05T12:45:08.984+0000] {logging_mixin.py:151} INFO - [2023-09-05T12:45:08.984+0000] {dag.py:3677} INFO - Setting next_dagrun for example_branch_python_operator_decorator to 2023-09-04T00:00:00+00:00, run_after=2023-09-05T00:00:00+00:00
[2023-09-05T12:45:08.995+0000] {processor.py:179} INFO - Processing /home/airflow/.local/lib/python3.8/site-packages/airflow/example_dags/example_branch_operator_decorator.py took 0.056 seconds
[2023-09-05T12:45:39.343+0000] {processor.py:157} INFO - Started process (PID=169) to work on /home/airflow/.local/lib/python3.8/site-packages/airflow/example_dags/example_branch_operator_decorator.py
[2023-09-05T12:45:39.344+0000] {processor.py:829} INFO - Processing file /home/airflow/.local/lib/python3.8/site-packages/airflow/example_dags/example_branch_operator_decorator.py for tasks to queue
[2023-09-05T12:45:39.346+0000] {logging_mixin.py:151} INFO - [2023-09-05T12:45:39.346+0000] {dagbag.py:539} INFO - Filling up the DagBag from /home/airflow/.local/lib/python3.8/site-packages/airflow/example_dags/example_branch_operator_decorator.py
[2023-09-05T12:45:39.354+0000] {processor.py:839} INFO - DAG(s) dict_keys(['example_branch_python_operator_decorator']) retrieved from /home/airflow/.local/lib/python3.8/site-packages/airflow/example_dags/example_branch_operator_decorator.py
[2023-09-05T12:45:39.371+0000] {logging_mixin.py:151} INFO - [2023-09-05T12:45:39.371+0000] {dag.py:2907} INFO - Sync 1 DAGs
[2023-09-05T12:45:39.384+0000] {logging_mixin.py:151} INFO - [2023-09-05T12:45:39.384+0000] {dag.py:3677} INFO - Setting next_dagrun for example_branch_python_operator_decorator to 2023-09-04T00:00:00+00:00, run_after=2023-09-05T00:00:00+00:00
[2023-09-05T12:45:39.395+0000] {processor.py:179} INFO - Processing /home/airflow/.local/lib/python3.8/site-packages/airflow/example_dags/example_branch_operator_decorator.py took 0.055 seconds
