[2023-09-05T12:33:42.648+0000] {processor.py:157} INFO - Started process (PID=55) to work on /home/airflow/.local/lib/python3.8/site-packages/airflow/example_dags/example_branch_datetime_operator.py
[2023-09-05T12:33:42.652+0000] {processor.py:829} INFO - Processing file /home/airflow/.local/lib/python3.8/site-packages/airflow/example_dags/example_branch_datetime_operator.py for tasks to queue
[2023-09-05T12:33:42.659+0000] {logging_mixin.py:151} INFO - [2023-09-05T12:33:42.659+0000] {dagbag.py:539} INFO - Filling up the DagBag from /home/airflow/.local/lib/python3.8/site-packages/airflow/example_dags/example_branch_datetime_operator.py
[2023-09-05T12:33:42.719+0000] {processor.py:839} INFO - DAG(s) dict_keys(['example_branch_datetime_operator', 'example_branch_datetime_operator_3', 'example_branch_datetime_operator_2']) retrieved from /home/airflow/.local/lib/python3.8/site-packages/airflow/example_dags/example_branch_datetime_operator.py
[2023-09-05T12:33:42.757+0000] {logging_mixin.py:151} INFO - [2023-09-05T12:33:42.756+0000] {dag.py:2907} INFO - Sync 3 DAGs
[2023-09-05T12:33:42.782+0000] {logging_mixin.py:151} INFO - [2023-09-05T12:33:42.781+0000] {dag.py:3677} INFO - Setting next_dagrun for example_branch_datetime_operator to 2023-09-04T00:00:00+00:00, run_after=2023-09-05T00:00:00+00:00
[2023-09-05T12:33:42.789+0000] {logging_mixin.py:151} INFO - [2023-09-05T12:33:42.789+0000] {dag.py:3677} INFO - Setting next_dagrun for example_branch_datetime_operator_2 to 2023-09-04T00:00:00+00:00, run_after=2023-09-05T00:00:00+00:00
[2023-09-05T12:33:42.793+0000] {logging_mixin.py:151} INFO - [2023-09-05T12:33:42.792+0000] {dag.py:3677} INFO - Setting next_dagrun for example_branch_datetime_operator_3 to 2023-09-04T00:00:00+00:00, run_after=2023-09-05T00:00:00+00:00
[2023-09-05T12:33:42.820+0000] {processor.py:179} INFO - Processing /home/airflow/.local/lib/python3.8/site-packages/airflow/example_dags/example_branch_datetime_operator.py took 0.182 seconds
[2023-09-05T12:34:13.710+0000] {processor.py:157} INFO - Started process (PID=110) to work on /home/airflow/.local/lib/python3.8/site-packages/airflow/example_dags/example_branch_datetime_operator.py
[2023-09-05T12:34:13.711+0000] {processor.py:829} INFO - Processing file /home/airflow/.local/lib/python3.8/site-packages/airflow/example_dags/example_branch_datetime_operator.py for tasks to queue
[2023-09-05T12:34:13.714+0000] {logging_mixin.py:151} INFO - [2023-09-05T12:34:13.714+0000] {dagbag.py:539} INFO - Filling up the DagBag from /home/airflow/.local/lib/python3.8/site-packages/airflow/example_dags/example_branch_datetime_operator.py
[2023-09-05T12:34:13.723+0000] {processor.py:839} INFO - DAG(s) dict_keys(['example_branch_datetime_operator_2', 'example_branch_datetime_operator', 'example_branch_datetime_operator_3']) retrieved from /home/airflow/.local/lib/python3.8/site-packages/airflow/example_dags/example_branch_datetime_operator.py
[2023-09-05T12:34:13.752+0000] {logging_mixin.py:151} INFO - [2023-09-05T12:34:13.752+0000] {dag.py:2907} INFO - Sync 3 DAGs
[2023-09-05T12:34:13.770+0000] {logging_mixin.py:151} INFO - [2023-09-05T12:34:13.770+0000] {dag.py:3677} INFO - Setting next_dagrun for example_branch_datetime_operator to 2023-09-04T00:00:00+00:00, run_after=2023-09-05T00:00:00+00:00
[2023-09-05T12:34:13.774+0000] {logging_mixin.py:151} INFO - [2023-09-05T12:34:13.774+0000] {dag.py:3677} INFO - Setting next_dagrun for example_branch_datetime_operator_2 to 2023-09-04T00:00:00+00:00, run_after=2023-09-05T00:00:00+00:00
[2023-09-05T12:34:13.776+0000] {logging_mixin.py:151} INFO - [2023-09-05T12:34:13.776+0000] {dag.py:3677} INFO - Setting next_dagrun for example_branch_datetime_operator_3 to 2023-09-04T00:00:00+00:00, run_after=2023-09-05T00:00:00+00:00
[2023-09-05T12:34:13.788+0000] {processor.py:179} INFO - Processing /home/airflow/.local/lib/python3.8/site-packages/airflow/example_dags/example_branch_datetime_operator.py took 0.081 seconds
[2023-09-05T12:34:44.122+0000] {processor.py:157} INFO - Started process (PID=164) to work on /home/airflow/.local/lib/python3.8/site-packages/airflow/example_dags/example_branch_datetime_operator.py
[2023-09-05T12:34:44.125+0000] {processor.py:829} INFO - Processing file /home/airflow/.local/lib/python3.8/site-packages/airflow/example_dags/example_branch_datetime_operator.py for tasks to queue
[2023-09-05T12:34:44.130+0000] {logging_mixin.py:151} INFO - [2023-09-05T12:34:44.129+0000] {dagbag.py:539} INFO - Filling up the DagBag from /home/airflow/.local/lib/python3.8/site-packages/airflow/example_dags/example_branch_datetime_operator.py
[2023-09-05T12:34:44.155+0000] {processor.py:839} INFO - DAG(s) dict_keys(['example_branch_datetime_operator_3', 'example_branch_datetime_operator_2', 'example_branch_datetime_operator']) retrieved from /home/airflow/.local/lib/python3.8/site-packages/airflow/example_dags/example_branch_datetime_operator.py
[2023-09-05T12:34:44.203+0000] {logging_mixin.py:151} INFO - [2023-09-05T12:34:44.202+0000] {dag.py:2907} INFO - Sync 3 DAGs
[2023-09-05T12:34:44.243+0000] {logging_mixin.py:151} INFO - [2023-09-05T12:34:44.242+0000] {dag.py:3677} INFO - Setting next_dagrun for example_branch_datetime_operator to 2023-09-04T00:00:00+00:00, run_after=2023-09-05T00:00:00+00:00
[2023-09-05T12:34:44.255+0000] {logging_mixin.py:151} INFO - [2023-09-05T12:34:44.255+0000] {dag.py:3677} INFO - Setting next_dagrun for example_branch_datetime_operator_2 to 2023-09-04T00:00:00+00:00, run_after=2023-09-05T00:00:00+00:00
[2023-09-05T12:34:44.270+0000] {logging_mixin.py:151} INFO - [2023-09-05T12:34:44.270+0000] {dag.py:3677} INFO - Setting next_dagrun for example_branch_datetime_operator_3 to 2023-09-04T00:00:00+00:00, run_after=2023-09-05T00:00:00+00:00
[2023-09-05T12:34:44.317+0000] {processor.py:179} INFO - Processing /home/airflow/.local/lib/python3.8/site-packages/airflow/example_dags/example_branch_datetime_operator.py took 0.200 seconds
[2023-09-05T12:40:50.730+0000] {processor.py:157} INFO - Started process (PID=55) to work on /home/airflow/.local/lib/python3.8/site-packages/airflow/example_dags/example_branch_datetime_operator.py
[2023-09-05T12:40:50.732+0000] {processor.py:829} INFO - Processing file /home/airflow/.local/lib/python3.8/site-packages/airflow/example_dags/example_branch_datetime_operator.py for tasks to queue
[2023-09-05T12:40:50.736+0000] {logging_mixin.py:151} INFO - [2023-09-05T12:40:50.736+0000] {dagbag.py:539} INFO - Filling up the DagBag from /home/airflow/.local/lib/python3.8/site-packages/airflow/example_dags/example_branch_datetime_operator.py
[2023-09-05T12:40:50.774+0000] {processor.py:839} INFO - DAG(s) dict_keys(['example_branch_datetime_operator_3', 'example_branch_datetime_operator', 'example_branch_datetime_operator_2']) retrieved from /home/airflow/.local/lib/python3.8/site-packages/airflow/example_dags/example_branch_datetime_operator.py
[2023-09-05T12:40:50.876+0000] {logging_mixin.py:151} INFO - [2023-09-05T12:40:50.876+0000] {manager.py:501} INFO - Created Permission View: can read on DAG:example_branch_datetime_operator_3
[2023-09-05T12:40:50.882+0000] {logging_mixin.py:151} INFO - [2023-09-05T12:40:50.882+0000] {manager.py:501} INFO - Created Permission View: can edit on DAG:example_branch_datetime_operator_3
[2023-09-05T12:40:50.885+0000] {logging_mixin.py:151} INFO - [2023-09-05T12:40:50.885+0000] {manager.py:501} INFO - Created Permission View: can delete on DAG:example_branch_datetime_operator_3
[2023-09-05T12:40:50.898+0000] {logging_mixin.py:151} INFO - [2023-09-05T12:40:50.898+0000] {manager.py:501} INFO - Created Permission View: can read on DAG:example_branch_datetime_operator
[2023-09-05T12:40:50.903+0000] {logging_mixin.py:151} INFO - [2023-09-05T12:40:50.903+0000] {manager.py:501} INFO - Created Permission View: can edit on DAG:example_branch_datetime_operator
[2023-09-05T12:40:50.918+0000] {logging_mixin.py:151} INFO - [2023-09-05T12:40:50.917+0000] {manager.py:501} INFO - Created Permission View: can delete on DAG:example_branch_datetime_operator
[2023-09-05T12:40:50.928+0000] {logging_mixin.py:151} INFO - [2023-09-05T12:40:50.928+0000] {manager.py:501} INFO - Created Permission View: can read on DAG:example_branch_datetime_operator_2
[2023-09-05T12:40:50.933+0000] {logging_mixin.py:151} INFO - [2023-09-05T12:40:50.933+0000] {manager.py:501} INFO - Created Permission View: can edit on DAG:example_branch_datetime_operator_2
[2023-09-05T12:40:50.937+0000] {logging_mixin.py:151} INFO - [2023-09-05T12:40:50.936+0000] {manager.py:501} INFO - Created Permission View: can delete on DAG:example_branch_datetime_operator_2
[2023-09-05T12:40:50.941+0000] {logging_mixin.py:151} INFO - [2023-09-05T12:40:50.941+0000] {dag.py:2907} INFO - Sync 3 DAGs
[2023-09-05T12:40:50.955+0000] {logging_mixin.py:151} INFO - [2023-09-05T12:40:50.955+0000] {dag.py:2929} INFO - Creating ORM DAG for example_branch_datetime_operator_2
[2023-09-05T12:40:50.957+0000] {logging_mixin.py:151} INFO - [2023-09-05T12:40:50.956+0000] {dag.py:2929} INFO - Creating ORM DAG for example_branch_datetime_operator_3
[2023-09-05T12:40:50.958+0000] {logging_mixin.py:151} INFO - [2023-09-05T12:40:50.958+0000] {dag.py:2929} INFO - Creating ORM DAG for example_branch_datetime_operator
[2023-09-05T12:40:50.967+0000] {logging_mixin.py:151} INFO - [2023-09-05T12:40:50.967+0000] {dag.py:3677} INFO - Setting next_dagrun for example_branch_datetime_operator to 2023-09-04T00:00:00+00:00, run_after=2023-09-05T00:00:00+00:00
[2023-09-05T12:40:50.969+0000] {logging_mixin.py:151} INFO - [2023-09-05T12:40:50.969+0000] {dag.py:3677} INFO - Setting next_dagrun for example_branch_datetime_operator_2 to 2023-09-04T00:00:00+00:00, run_after=2023-09-05T00:00:00+00:00
[2023-09-05T12:40:50.971+0000] {logging_mixin.py:151} INFO - [2023-09-05T12:40:50.971+0000] {dag.py:3677} INFO - Setting next_dagrun for example_branch_datetime_operator_3 to 2023-09-04T00:00:00+00:00, run_after=2023-09-05T00:00:00+00:00
[2023-09-05T12:40:50.983+0000] {processor.py:179} INFO - Processing /home/airflow/.local/lib/python3.8/site-packages/airflow/example_dags/example_branch_datetime_operator.py took 0.256 seconds
[2023-09-05T12:41:21.691+0000] {processor.py:157} INFO - Started process (PID=109) to work on /home/airflow/.local/lib/python3.8/site-packages/airflow/example_dags/example_branch_datetime_operator.py
[2023-09-05T12:41:21.693+0000] {processor.py:829} INFO - Processing file /home/airflow/.local/lib/python3.8/site-packages/airflow/example_dags/example_branch_datetime_operator.py for tasks to queue
[2023-09-05T12:41:21.695+0000] {logging_mixin.py:151} INFO - [2023-09-05T12:41:21.695+0000] {dagbag.py:539} INFO - Filling up the DagBag from /home/airflow/.local/lib/python3.8/site-packages/airflow/example_dags/example_branch_datetime_operator.py
[2023-09-05T12:41:21.703+0000] {processor.py:839} INFO - DAG(s) dict_keys(['example_branch_datetime_operator_2', 'example_branch_datetime_operator', 'example_branch_datetime_operator_3']) retrieved from /home/airflow/.local/lib/python3.8/site-packages/airflow/example_dags/example_branch_datetime_operator.py
[2023-09-05T12:41:21.728+0000] {logging_mixin.py:151} INFO - [2023-09-05T12:41:21.727+0000] {dag.py:2907} INFO - Sync 3 DAGs
[2023-09-05T12:41:21.746+0000] {logging_mixin.py:151} INFO - [2023-09-05T12:41:21.746+0000] {dag.py:3677} INFO - Setting next_dagrun for example_branch_datetime_operator to 2023-09-04T00:00:00+00:00, run_after=2023-09-05T00:00:00+00:00
[2023-09-05T12:41:21.751+0000] {logging_mixin.py:151} INFO - [2023-09-05T12:41:21.751+0000] {dag.py:3677} INFO - Setting next_dagrun for example_branch_datetime_operator_2 to 2023-09-04T00:00:00+00:00, run_after=2023-09-05T00:00:00+00:00
[2023-09-05T12:41:21.753+0000] {logging_mixin.py:151} INFO - [2023-09-05T12:41:21.753+0000] {dag.py:3677} INFO - Setting next_dagrun for example_branch_datetime_operator_3 to 2023-09-04T00:00:00+00:00, run_after=2023-09-05T00:00:00+00:00
[2023-09-05T12:41:21.766+0000] {processor.py:179} INFO - Processing /home/airflow/.local/lib/python3.8/site-packages/airflow/example_dags/example_branch_datetime_operator.py took 0.077 seconds
[2023-09-05T12:41:52.242+0000] {processor.py:157} INFO - Started process (PID=163) to work on /home/airflow/.local/lib/python3.8/site-packages/airflow/example_dags/example_branch_datetime_operator.py
[2023-09-05T12:41:52.244+0000] {processor.py:829} INFO - Processing file /home/airflow/.local/lib/python3.8/site-packages/airflow/example_dags/example_branch_datetime_operator.py for tasks to queue
[2023-09-05T12:41:52.246+0000] {logging_mixin.py:151} INFO - [2023-09-05T12:41:52.246+0000] {dagbag.py:539} INFO - Filling up the DagBag from /home/airflow/.local/lib/python3.8/site-packages/airflow/example_dags/example_branch_datetime_operator.py
[2023-09-05T12:41:52.253+0000] {processor.py:839} INFO - DAG(s) dict_keys(['example_branch_datetime_operator_2', 'example_branch_datetime_operator', 'example_branch_datetime_operator_3']) retrieved from /home/airflow/.local/lib/python3.8/site-packages/airflow/example_dags/example_branch_datetime_operator.py
[2023-09-05T12:41:52.273+0000] {logging_mixin.py:151} INFO - [2023-09-05T12:41:52.273+0000] {dag.py:2907} INFO - Sync 3 DAGs
[2023-09-05T12:41:52.289+0000] {logging_mixin.py:151} INFO - [2023-09-05T12:41:52.288+0000] {dag.py:3677} INFO - Setting next_dagrun for example_branch_datetime_operator to 2023-09-04T00:00:00+00:00, run_after=2023-09-05T00:00:00+00:00
[2023-09-05T12:41:52.292+0000] {logging_mixin.py:151} INFO - [2023-09-05T12:41:52.292+0000] {dag.py:3677} INFO - Setting next_dagrun for example_branch_datetime_operator_2 to 2023-09-04T00:00:00+00:00, run_after=2023-09-05T00:00:00+00:00
[2023-09-05T12:41:52.293+0000] {logging_mixin.py:151} INFO - [2023-09-05T12:41:52.293+0000] {dag.py:3677} INFO - Setting next_dagrun for example_branch_datetime_operator_3 to 2023-09-04T00:00:00+00:00, run_after=2023-09-05T00:00:00+00:00
[2023-09-05T12:41:52.303+0000] {processor.py:179} INFO - Processing /home/airflow/.local/lib/python3.8/site-packages/airflow/example_dags/example_branch_datetime_operator.py took 0.064 seconds
[2023-09-05T12:42:22.941+0000] {processor.py:157} INFO - Started process (PID=217) to work on /home/airflow/.local/lib/python3.8/site-packages/airflow/example_dags/example_branch_datetime_operator.py
[2023-09-05T12:42:22.942+0000] {processor.py:829} INFO - Processing file /home/airflow/.local/lib/python3.8/site-packages/airflow/example_dags/example_branch_datetime_operator.py for tasks to queue
[2023-09-05T12:42:22.944+0000] {logging_mixin.py:151} INFO - [2023-09-05T12:42:22.944+0000] {dagbag.py:539} INFO - Filling up the DagBag from /home/airflow/.local/lib/python3.8/site-packages/airflow/example_dags/example_branch_datetime_operator.py
[2023-09-05T12:42:22.951+0000] {processor.py:839} INFO - DAG(s) dict_keys(['example_branch_datetime_operator_2', 'example_branch_datetime_operator_3', 'example_branch_datetime_operator']) retrieved from /home/airflow/.local/lib/python3.8/site-packages/airflow/example_dags/example_branch_datetime_operator.py
[2023-09-05T12:42:22.972+0000] {logging_mixin.py:151} INFO - [2023-09-05T12:42:22.972+0000] {dag.py:2907} INFO - Sync 3 DAGs
[2023-09-05T12:42:22.986+0000] {logging_mixin.py:151} INFO - [2023-09-05T12:42:22.986+0000] {dag.py:3677} INFO - Setting next_dagrun for example_branch_datetime_operator to 2023-09-04T00:00:00+00:00, run_after=2023-09-05T00:00:00+00:00
[2023-09-05T12:42:22.989+0000] {logging_mixin.py:151} INFO - [2023-09-05T12:42:22.989+0000] {dag.py:3677} INFO - Setting next_dagrun for example_branch_datetime_operator_2 to 2023-09-04T00:00:00+00:00, run_after=2023-09-05T00:00:00+00:00
[2023-09-05T12:42:22.991+0000] {logging_mixin.py:151} INFO - [2023-09-05T12:42:22.990+0000] {dag.py:3677} INFO - Setting next_dagrun for example_branch_datetime_operator_3 to 2023-09-04T00:00:00+00:00, run_after=2023-09-05T00:00:00+00:00
[2023-09-05T12:42:23.000+0000] {processor.py:179} INFO - Processing /home/airflow/.local/lib/python3.8/site-packages/airflow/example_dags/example_branch_datetime_operator.py took 0.062 seconds
[2023-09-05T12:42:53.548+0000] {processor.py:157} INFO - Started process (PID=271) to work on /home/airflow/.local/lib/python3.8/site-packages/airflow/example_dags/example_branch_datetime_operator.py
[2023-09-05T12:42:53.550+0000] {processor.py:829} INFO - Processing file /home/airflow/.local/lib/python3.8/site-packages/airflow/example_dags/example_branch_datetime_operator.py for tasks to queue
[2023-09-05T12:42:53.552+0000] {logging_mixin.py:151} INFO - [2023-09-05T12:42:53.552+0000] {dagbag.py:539} INFO - Filling up the DagBag from /home/airflow/.local/lib/python3.8/site-packages/airflow/example_dags/example_branch_datetime_operator.py
[2023-09-05T12:42:53.559+0000] {processor.py:839} INFO - DAG(s) dict_keys(['example_branch_datetime_operator_3', 'example_branch_datetime_operator_2', 'example_branch_datetime_operator']) retrieved from /home/airflow/.local/lib/python3.8/site-packages/airflow/example_dags/example_branch_datetime_operator.py
[2023-09-05T12:42:53.580+0000] {logging_mixin.py:151} INFO - [2023-09-05T12:42:53.580+0000] {dag.py:2907} INFO - Sync 3 DAGs
[2023-09-05T12:42:53.593+0000] {logging_mixin.py:151} INFO - [2023-09-05T12:42:53.593+0000] {dag.py:3677} INFO - Setting next_dagrun for example_branch_datetime_operator to 2023-09-04T00:00:00+00:00, run_after=2023-09-05T00:00:00+00:00
[2023-09-05T12:42:53.597+0000] {logging_mixin.py:151} INFO - [2023-09-05T12:42:53.596+0000] {dag.py:3677} INFO - Setting next_dagrun for example_branch_datetime_operator_2 to 2023-09-04T00:00:00+00:00, run_after=2023-09-05T00:00:00+00:00
[2023-09-05T12:42:53.598+0000] {logging_mixin.py:151} INFO - [2023-09-05T12:42:53.598+0000] {dag.py:3677} INFO - Setting next_dagrun for example_branch_datetime_operator_3 to 2023-09-04T00:00:00+00:00, run_after=2023-09-05T00:00:00+00:00
[2023-09-05T12:42:53.610+0000] {processor.py:179} INFO - Processing /home/airflow/.local/lib/python3.8/site-packages/airflow/example_dags/example_branch_datetime_operator.py took 0.065 seconds
[2023-09-05T12:44:37.613+0000] {processor.py:157} INFO - Started process (PID=54) to work on /home/airflow/.local/lib/python3.8/site-packages/airflow/example_dags/example_branch_datetime_operator.py
[2023-09-05T12:44:37.615+0000] {processor.py:829} INFO - Processing file /home/airflow/.local/lib/python3.8/site-packages/airflow/example_dags/example_branch_datetime_operator.py for tasks to queue
[2023-09-05T12:44:37.617+0000] {logging_mixin.py:151} INFO - [2023-09-05T12:44:37.617+0000] {dagbag.py:539} INFO - Filling up the DagBag from /home/airflow/.local/lib/python3.8/site-packages/airflow/example_dags/example_branch_datetime_operator.py
[2023-09-05T12:44:37.627+0000] {processor.py:839} INFO - DAG(s) dict_keys(['example_branch_datetime_operator', 'example_branch_datetime_operator_2', 'example_branch_datetime_operator_3']) retrieved from /home/airflow/.local/lib/python3.8/site-packages/airflow/example_dags/example_branch_datetime_operator.py
[2023-09-05T12:44:37.707+0000] {logging_mixin.py:151} INFO - [2023-09-05T12:44:37.707+0000] {manager.py:501} INFO - Created Permission View: can edit on DAG:example_branch_datetime_operator
[2023-09-05T12:44:37.713+0000] {logging_mixin.py:151} INFO - [2023-09-05T12:44:37.713+0000] {manager.py:501} INFO - Created Permission View: can read on DAG:example_branch_datetime_operator
[2023-09-05T12:44:37.717+0000] {logging_mixin.py:151} INFO - [2023-09-05T12:44:37.717+0000] {manager.py:501} INFO - Created Permission View: can delete on DAG:example_branch_datetime_operator
[2023-09-05T12:44:37.732+0000] {logging_mixin.py:151} INFO - [2023-09-05T12:44:37.732+0000] {manager.py:501} INFO - Created Permission View: can edit on DAG:example_branch_datetime_operator_2
[2023-09-05T12:44:37.736+0000] {logging_mixin.py:151} INFO - [2023-09-05T12:44:37.736+0000] {manager.py:501} INFO - Created Permission View: can read on DAG:example_branch_datetime_operator_2
[2023-09-05T12:44:37.740+0000] {logging_mixin.py:151} INFO - [2023-09-05T12:44:37.740+0000] {manager.py:501} INFO - Created Permission View: can delete on DAG:example_branch_datetime_operator_2
[2023-09-05T12:44:37.749+0000] {logging_mixin.py:151} INFO - [2023-09-05T12:44:37.749+0000] {manager.py:501} INFO - Created Permission View: can edit on DAG:example_branch_datetime_operator_3
[2023-09-05T12:44:37.754+0000] {logging_mixin.py:151} INFO - [2023-09-05T12:44:37.754+0000] {manager.py:501} INFO - Created Permission View: can read on DAG:example_branch_datetime_operator_3
[2023-09-05T12:44:37.758+0000] {logging_mixin.py:151} INFO - [2023-09-05T12:44:37.758+0000] {manager.py:501} INFO - Created Permission View: can delete on DAG:example_branch_datetime_operator_3
[2023-09-05T12:44:37.762+0000] {logging_mixin.py:151} INFO - [2023-09-05T12:44:37.762+0000] {dag.py:2907} INFO - Sync 3 DAGs
[2023-09-05T12:44:37.768+0000] {logging_mixin.py:151} INFO - [2023-09-05T12:44:37.768+0000] {dag.py:2929} INFO - Creating ORM DAG for example_branch_datetime_operator
[2023-09-05T12:44:37.769+0000] {logging_mixin.py:151} INFO - [2023-09-05T12:44:37.769+0000] {dag.py:2929} INFO - Creating ORM DAG for example_branch_datetime_operator_3
[2023-09-05T12:44:37.770+0000] {logging_mixin.py:151} INFO - [2023-09-05T12:44:37.770+0000] {dag.py:2929} INFO - Creating ORM DAG for example_branch_datetime_operator_2
[2023-09-05T12:44:37.777+0000] {logging_mixin.py:151} INFO - [2023-09-05T12:44:37.777+0000] {dag.py:3677} INFO - Setting next_dagrun for example_branch_datetime_operator to 2023-09-04T00:00:00+00:00, run_after=2023-09-05T00:00:00+00:00
[2023-09-05T12:44:37.778+0000] {logging_mixin.py:151} INFO - [2023-09-05T12:44:37.778+0000] {dag.py:3677} INFO - Setting next_dagrun for example_branch_datetime_operator_2 to 2023-09-04T00:00:00+00:00, run_after=2023-09-05T00:00:00+00:00
[2023-09-05T12:44:37.779+0000] {logging_mixin.py:151} INFO - [2023-09-05T12:44:37.779+0000] {dag.py:3677} INFO - Setting next_dagrun for example_branch_datetime_operator_3 to 2023-09-04T00:00:00+00:00, run_after=2023-09-05T00:00:00+00:00
[2023-09-05T12:44:37.789+0000] {processor.py:179} INFO - Processing /home/airflow/.local/lib/python3.8/site-packages/airflow/example_dags/example_branch_datetime_operator.py took 0.181 seconds
[2023-09-05T12:45:08.638+0000] {processor.py:157} INFO - Started process (PID=108) to work on /home/airflow/.local/lib/python3.8/site-packages/airflow/example_dags/example_branch_datetime_operator.py
[2023-09-05T12:45:08.639+0000] {processor.py:829} INFO - Processing file /home/airflow/.local/lib/python3.8/site-packages/airflow/example_dags/example_branch_datetime_operator.py for tasks to queue
[2023-09-05T12:45:08.642+0000] {logging_mixin.py:151} INFO - [2023-09-05T12:45:08.641+0000] {dagbag.py:539} INFO - Filling up the DagBag from /home/airflow/.local/lib/python3.8/site-packages/airflow/example_dags/example_branch_datetime_operator.py
[2023-09-05T12:45:08.652+0000] {processor.py:839} INFO - DAG(s) dict_keys(['example_branch_datetime_operator', 'example_branch_datetime_operator_3', 'example_branch_datetime_operator_2']) retrieved from /home/airflow/.local/lib/python3.8/site-packages/airflow/example_dags/example_branch_datetime_operator.py
[2023-09-05T12:45:08.674+0000] {logging_mixin.py:151} INFO - [2023-09-05T12:45:08.674+0000] {dag.py:2907} INFO - Sync 3 DAGs
[2023-09-05T12:45:08.691+0000] {logging_mixin.py:151} INFO - [2023-09-05T12:45:08.691+0000] {dag.py:3677} INFO - Setting next_dagrun for example_branch_datetime_operator to 2023-09-04T00:00:00+00:00, run_after=2023-09-05T00:00:00+00:00
[2023-09-05T12:45:08.694+0000] {logging_mixin.py:151} INFO - [2023-09-05T12:45:08.694+0000] {dag.py:3677} INFO - Setting next_dagrun for example_branch_datetime_operator_2 to 2023-09-04T00:00:00+00:00, run_after=2023-09-05T00:00:00+00:00
[2023-09-05T12:45:08.696+0000] {logging_mixin.py:151} INFO - [2023-09-05T12:45:08.696+0000] {dag.py:3677} INFO - Setting next_dagrun for example_branch_datetime_operator_3 to 2023-09-04T00:00:00+00:00, run_after=2023-09-05T00:00:00+00:00
[2023-09-05T12:45:08.705+0000] {processor.py:179} INFO - Processing /home/airflow/.local/lib/python3.8/site-packages/airflow/example_dags/example_branch_datetime_operator.py took 0.071 seconds
[2023-09-05T12:45:39.056+0000] {processor.py:157} INFO - Started process (PID=162) to work on /home/airflow/.local/lib/python3.8/site-packages/airflow/example_dags/example_branch_datetime_operator.py
[2023-09-05T12:45:39.057+0000] {processor.py:829} INFO - Processing file /home/airflow/.local/lib/python3.8/site-packages/airflow/example_dags/example_branch_datetime_operator.py for tasks to queue
[2023-09-05T12:45:39.059+0000] {logging_mixin.py:151} INFO - [2023-09-05T12:45:39.059+0000] {dagbag.py:539} INFO - Filling up the DagBag from /home/airflow/.local/lib/python3.8/site-packages/airflow/example_dags/example_branch_datetime_operator.py
[2023-09-05T12:45:39.066+0000] {processor.py:839} INFO - DAG(s) dict_keys(['example_branch_datetime_operator_2', 'example_branch_datetime_operator', 'example_branch_datetime_operator_3']) retrieved from /home/airflow/.local/lib/python3.8/site-packages/airflow/example_dags/example_branch_datetime_operator.py
[2023-09-05T12:45:39.086+0000] {logging_mixin.py:151} INFO - [2023-09-05T12:45:39.086+0000] {dag.py:2907} INFO - Sync 3 DAGs
[2023-09-05T12:45:39.098+0000] {logging_mixin.py:151} INFO - [2023-09-05T12:45:39.098+0000] {dag.py:3677} INFO - Setting next_dagrun for example_branch_datetime_operator to 2023-09-04T00:00:00+00:00, run_after=2023-09-05T00:00:00+00:00
[2023-09-05T12:45:39.102+0000] {logging_mixin.py:151} INFO - [2023-09-05T12:45:39.102+0000] {dag.py:3677} INFO - Setting next_dagrun for example_branch_datetime_operator_2 to 2023-09-04T00:00:00+00:00, run_after=2023-09-05T00:00:00+00:00
[2023-09-05T12:45:39.104+0000] {logging_mixin.py:151} INFO - [2023-09-05T12:45:39.104+0000] {dag.py:3677} INFO - Setting next_dagrun for example_branch_datetime_operator_3 to 2023-09-04T00:00:00+00:00, run_after=2023-09-05T00:00:00+00:00
[2023-09-05T12:45:39.113+0000] {processor.py:179} INFO - Processing /home/airflow/.local/lib/python3.8/site-packages/airflow/example_dags/example_branch_datetime_operator.py took 0.060 seconds
