[2023-09-05T12:33:42.121+0000] {processor.py:157} INFO - Started process (PID=50) to work on /home/airflow/.local/lib/python3.8/site-packages/airflow/example_dags/example_sensors.py
[2023-09-05T12:33:42.122+0000] {processor.py:829} INFO - Processing file /home/airflow/.local/lib/python3.8/site-packages/airflow/example_dags/example_sensors.py for tasks to queue
[2023-09-05T12:33:42.124+0000] {logging_mixin.py:151} INFO - [2023-09-05T12:33:42.124+0000] {dagbag.py:539} INFO - Filling up the DagBag from /home/airflow/.local/lib/python3.8/site-packages/airflow/example_dags/example_sensors.py
[2023-09-05T12:33:42.137+0000] {processor.py:839} INFO - DAG(s) dict_keys(['example_sensors']) retrieved from /home/airflow/.local/lib/python3.8/site-packages/airflow/example_dags/example_sensors.py
[2023-09-05T12:33:42.164+0000] {logging_mixin.py:151} INFO - [2023-09-05T12:33:42.164+0000] {dag.py:2907} INFO - Sync 1 DAGs
[2023-09-05T12:33:42.175+0000] {logging_mixin.py:151} INFO - [2023-09-05T12:33:42.175+0000] {dag.py:3677} INFO - Setting next_dagrun for example_sensors to None, run_after=None
[2023-09-05T12:33:42.194+0000] {processor.py:179} INFO - Processing /home/airflow/.local/lib/python3.8/site-packages/airflow/example_dags/example_sensors.py took 0.076 seconds
[2023-09-05T12:34:12.404+0000] {processor.py:157} INFO - Started process (PID=105) to work on /home/airflow/.local/lib/python3.8/site-packages/airflow/example_dags/example_sensors.py
[2023-09-05T12:34:12.406+0000] {processor.py:829} INFO - Processing file /home/airflow/.local/lib/python3.8/site-packages/airflow/example_dags/example_sensors.py for tasks to queue
[2023-09-05T12:34:12.408+0000] {logging_mixin.py:151} INFO - [2023-09-05T12:34:12.408+0000] {dagbag.py:539} INFO - Filling up the DagBag from /home/airflow/.local/lib/python3.8/site-packages/airflow/example_dags/example_sensors.py
[2023-09-05T12:34:12.419+0000] {processor.py:839} INFO - DAG(s) dict_keys(['example_sensors']) retrieved from /home/airflow/.local/lib/python3.8/site-packages/airflow/example_dags/example_sensors.py
[2023-09-05T12:34:12.441+0000] {logging_mixin.py:151} INFO - [2023-09-05T12:34:12.441+0000] {dag.py:2907} INFO - Sync 1 DAGs
[2023-09-05T12:34:12.452+0000] {logging_mixin.py:151} INFO - [2023-09-05T12:34:12.452+0000] {dag.py:3677} INFO - Setting next_dagrun for example_sensors to None, run_after=None
[2023-09-05T12:34:12.466+0000] {processor.py:179} INFO - Processing /home/airflow/.local/lib/python3.8/site-packages/airflow/example_dags/example_sensors.py took 0.065 seconds
[2023-09-05T12:34:42.629+0000] {processor.py:157} INFO - Started process (PID=159) to work on /home/airflow/.local/lib/python3.8/site-packages/airflow/example_dags/example_sensors.py
[2023-09-05T12:34:42.631+0000] {processor.py:829} INFO - Processing file /home/airflow/.local/lib/python3.8/site-packages/airflow/example_dags/example_sensors.py for tasks to queue
[2023-09-05T12:34:42.633+0000] {logging_mixin.py:151} INFO - [2023-09-05T12:34:42.632+0000] {dagbag.py:539} INFO - Filling up the DagBag from /home/airflow/.local/lib/python3.8/site-packages/airflow/example_dags/example_sensors.py
[2023-09-05T12:34:42.641+0000] {processor.py:839} INFO - DAG(s) dict_keys(['example_sensors']) retrieved from /home/airflow/.local/lib/python3.8/site-packages/airflow/example_dags/example_sensors.py
[2023-09-05T12:34:42.669+0000] {logging_mixin.py:151} INFO - [2023-09-05T12:34:42.669+0000] {dag.py:2907} INFO - Sync 1 DAGs
[2023-09-05T12:34:42.695+0000] {logging_mixin.py:151} INFO - [2023-09-05T12:34:42.695+0000] {dag.py:3677} INFO - Setting next_dagrun for example_sensors to None, run_after=None
[2023-09-05T12:34:42.717+0000] {processor.py:179} INFO - Processing /home/airflow/.local/lib/python3.8/site-packages/airflow/example_dags/example_sensors.py took 0.091 seconds
[2023-09-05T12:40:49.469+0000] {processor.py:157} INFO - Started process (PID=50) to work on /home/airflow/.local/lib/python3.8/site-packages/airflow/example_dags/example_sensors.py
[2023-09-05T12:40:49.471+0000] {processor.py:829} INFO - Processing file /home/airflow/.local/lib/python3.8/site-packages/airflow/example_dags/example_sensors.py for tasks to queue
[2023-09-05T12:40:49.476+0000] {logging_mixin.py:151} INFO - [2023-09-05T12:40:49.476+0000] {dagbag.py:539} INFO - Filling up the DagBag from /home/airflow/.local/lib/python3.8/site-packages/airflow/example_dags/example_sensors.py
[2023-09-05T12:40:49.659+0000] {processor.py:839} INFO - DAG(s) dict_keys(['example_sensors']) retrieved from /home/airflow/.local/lib/python3.8/site-packages/airflow/example_dags/example_sensors.py
[2023-09-05T12:40:49.743+0000] {logging_mixin.py:151} INFO - [2023-09-05T12:40:49.743+0000] {manager.py:501} INFO - Created Permission View: can read on DAG:example_sensors
[2023-09-05T12:40:49.753+0000] {logging_mixin.py:151} INFO - [2023-09-05T12:40:49.753+0000] {manager.py:501} INFO - Created Permission View: can edit on DAG:example_sensors
[2023-09-05T12:40:49.762+0000] {logging_mixin.py:151} INFO - [2023-09-05T12:40:49.762+0000] {manager.py:501} INFO - Created Permission View: can delete on DAG:example_sensors
[2023-09-05T12:40:49.778+0000] {logging_mixin.py:151} INFO - [2023-09-05T12:40:49.778+0000] {dag.py:2907} INFO - Sync 1 DAGs
[2023-09-05T12:40:49.788+0000] {logging_mixin.py:151} INFO - [2023-09-05T12:40:49.787+0000] {dag.py:2929} INFO - Creating ORM DAG for example_sensors
[2023-09-05T12:40:49.789+0000] {logging_mixin.py:151} INFO - [2023-09-05T12:40:49.788+0000] {dag.py:3677} INFO - Setting next_dagrun for example_sensors to None, run_after=None
[2023-09-05T12:40:49.801+0000] {processor.py:179} INFO - Processing /home/airflow/.local/lib/python3.8/site-packages/airflow/example_dags/example_sensors.py took 0.338 seconds
[2023-09-05T12:41:20.484+0000] {processor.py:157} INFO - Started process (PID=104) to work on /home/airflow/.local/lib/python3.8/site-packages/airflow/example_dags/example_sensors.py
[2023-09-05T12:41:20.485+0000] {processor.py:829} INFO - Processing file /home/airflow/.local/lib/python3.8/site-packages/airflow/example_dags/example_sensors.py for tasks to queue
[2023-09-05T12:41:20.488+0000] {logging_mixin.py:151} INFO - [2023-09-05T12:41:20.487+0000] {dagbag.py:539} INFO - Filling up the DagBag from /home/airflow/.local/lib/python3.8/site-packages/airflow/example_dags/example_sensors.py
[2023-09-05T12:41:20.494+0000] {processor.py:839} INFO - DAG(s) dict_keys(['example_sensors']) retrieved from /home/airflow/.local/lib/python3.8/site-packages/airflow/example_dags/example_sensors.py
[2023-09-05T12:41:20.515+0000] {logging_mixin.py:151} INFO - [2023-09-05T12:41:20.515+0000] {dag.py:2907} INFO - Sync 1 DAGs
[2023-09-05T12:41:20.523+0000] {logging_mixin.py:151} INFO - [2023-09-05T12:41:20.522+0000] {dag.py:3677} INFO - Setting next_dagrun for example_sensors to None, run_after=None
[2023-09-05T12:41:20.538+0000] {processor.py:179} INFO - Processing /home/airflow/.local/lib/python3.8/site-packages/airflow/example_dags/example_sensors.py took 0.058 seconds
[2023-09-05T12:41:51.065+0000] {processor.py:157} INFO - Started process (PID=158) to work on /home/airflow/.local/lib/python3.8/site-packages/airflow/example_dags/example_sensors.py
[2023-09-05T12:41:51.066+0000] {processor.py:829} INFO - Processing file /home/airflow/.local/lib/python3.8/site-packages/airflow/example_dags/example_sensors.py for tasks to queue
[2023-09-05T12:41:51.068+0000] {logging_mixin.py:151} INFO - [2023-09-05T12:41:51.067+0000] {dagbag.py:539} INFO - Filling up the DagBag from /home/airflow/.local/lib/python3.8/site-packages/airflow/example_dags/example_sensors.py
[2023-09-05T12:41:51.074+0000] {processor.py:839} INFO - DAG(s) dict_keys(['example_sensors']) retrieved from /home/airflow/.local/lib/python3.8/site-packages/airflow/example_dags/example_sensors.py
[2023-09-05T12:41:51.093+0000] {logging_mixin.py:151} INFO - [2023-09-05T12:41:51.092+0000] {dag.py:2907} INFO - Sync 1 DAGs
[2023-09-05T12:41:51.100+0000] {logging_mixin.py:151} INFO - [2023-09-05T12:41:51.100+0000] {dag.py:3677} INFO - Setting next_dagrun for example_sensors to None, run_after=None
[2023-09-05T12:41:51.110+0000] {processor.py:179} INFO - Processing /home/airflow/.local/lib/python3.8/site-packages/airflow/example_dags/example_sensors.py took 0.048 seconds
[2023-09-05T12:42:21.677+0000] {processor.py:157} INFO - Started process (PID=212) to work on /home/airflow/.local/lib/python3.8/site-packages/airflow/example_dags/example_sensors.py
[2023-09-05T12:42:21.678+0000] {processor.py:829} INFO - Processing file /home/airflow/.local/lib/python3.8/site-packages/airflow/example_dags/example_sensors.py for tasks to queue
[2023-09-05T12:42:21.681+0000] {logging_mixin.py:151} INFO - [2023-09-05T12:42:21.680+0000] {dagbag.py:539} INFO - Filling up the DagBag from /home/airflow/.local/lib/python3.8/site-packages/airflow/example_dags/example_sensors.py
[2023-09-05T12:42:21.688+0000] {processor.py:839} INFO - DAG(s) dict_keys(['example_sensors']) retrieved from /home/airflow/.local/lib/python3.8/site-packages/airflow/example_dags/example_sensors.py
[2023-09-05T12:42:21.707+0000] {logging_mixin.py:151} INFO - [2023-09-05T12:42:21.707+0000] {dag.py:2907} INFO - Sync 1 DAGs
[2023-09-05T12:42:21.714+0000] {logging_mixin.py:151} INFO - [2023-09-05T12:42:21.714+0000] {dag.py:3677} INFO - Setting next_dagrun for example_sensors to None, run_after=None
[2023-09-05T12:42:21.726+0000] {processor.py:179} INFO - Processing /home/airflow/.local/lib/python3.8/site-packages/airflow/example_dags/example_sensors.py took 0.051 seconds
[2023-09-05T12:42:52.268+0000] {processor.py:157} INFO - Started process (PID=266) to work on /home/airflow/.local/lib/python3.8/site-packages/airflow/example_dags/example_sensors.py
[2023-09-05T12:42:52.270+0000] {processor.py:829} INFO - Processing file /home/airflow/.local/lib/python3.8/site-packages/airflow/example_dags/example_sensors.py for tasks to queue
[2023-09-05T12:42:52.272+0000] {logging_mixin.py:151} INFO - [2023-09-05T12:42:52.272+0000] {dagbag.py:539} INFO - Filling up the DagBag from /home/airflow/.local/lib/python3.8/site-packages/airflow/example_dags/example_sensors.py
[2023-09-05T12:42:52.280+0000] {processor.py:839} INFO - DAG(s) dict_keys(['example_sensors']) retrieved from /home/airflow/.local/lib/python3.8/site-packages/airflow/example_dags/example_sensors.py
[2023-09-05T12:42:52.300+0000] {logging_mixin.py:151} INFO - [2023-09-05T12:42:52.300+0000] {dag.py:2907} INFO - Sync 1 DAGs
[2023-09-05T12:42:52.308+0000] {logging_mixin.py:151} INFO - [2023-09-05T12:42:52.307+0000] {dag.py:3677} INFO - Setting next_dagrun for example_sensors to None, run_after=None
[2023-09-05T12:42:52.318+0000] {processor.py:179} INFO - Processing /home/airflow/.local/lib/python3.8/site-packages/airflow/example_dags/example_sensors.py took 0.053 seconds
[2023-09-05T12:44:36.878+0000] {processor.py:157} INFO - Started process (PID=49) to work on /home/airflow/.local/lib/python3.8/site-packages/airflow/example_dags/example_sensors.py
[2023-09-05T12:44:36.882+0000] {processor.py:829} INFO - Processing file /home/airflow/.local/lib/python3.8/site-packages/airflow/example_dags/example_sensors.py for tasks to queue
[2023-09-05T12:44:36.890+0000] {logging_mixin.py:151} INFO - [2023-09-05T12:44:36.889+0000] {dagbag.py:539} INFO - Filling up the DagBag from /home/airflow/.local/lib/python3.8/site-packages/airflow/example_dags/example_sensors.py
[2023-09-05T12:44:37.015+0000] {processor.py:839} INFO - DAG(s) dict_keys(['example_sensors']) retrieved from /home/airflow/.local/lib/python3.8/site-packages/airflow/example_dags/example_sensors.py
[2023-09-05T12:44:37.083+0000] {logging_mixin.py:151} INFO - [2023-09-05T12:44:37.083+0000] {manager.py:501} INFO - Created Permission View: can edit on DAG:example_sensors
[2023-09-05T12:44:37.089+0000] {logging_mixin.py:151} INFO - [2023-09-05T12:44:37.089+0000] {manager.py:501} INFO - Created Permission View: can read on DAG:example_sensors
[2023-09-05T12:44:37.093+0000] {logging_mixin.py:151} INFO - [2023-09-05T12:44:37.093+0000] {manager.py:501} INFO - Created Permission View: can delete on DAG:example_sensors
[2023-09-05T12:44:37.102+0000] {logging_mixin.py:151} INFO - [2023-09-05T12:44:37.102+0000] {dag.py:2907} INFO - Sync 1 DAGs
[2023-09-05T12:44:37.108+0000] {logging_mixin.py:151} INFO - [2023-09-05T12:44:37.108+0000] {dag.py:2929} INFO - Creating ORM DAG for example_sensors
[2023-09-05T12:44:37.110+0000] {logging_mixin.py:151} INFO - [2023-09-05T12:44:37.110+0000] {dag.py:3677} INFO - Setting next_dagrun for example_sensors to None, run_after=None
[2023-09-05T12:44:37.123+0000] {processor.py:179} INFO - Processing /home/airflow/.local/lib/python3.8/site-packages/airflow/example_dags/example_sensors.py took 0.249 seconds
[2023-09-05T12:45:07.360+0000] {processor.py:157} INFO - Started process (PID=103) to work on /home/airflow/.local/lib/python3.8/site-packages/airflow/example_dags/example_sensors.py
[2023-09-05T12:45:07.361+0000] {processor.py:829} INFO - Processing file /home/airflow/.local/lib/python3.8/site-packages/airflow/example_dags/example_sensors.py for tasks to queue
[2023-09-05T12:45:07.363+0000] {logging_mixin.py:151} INFO - [2023-09-05T12:45:07.363+0000] {dagbag.py:539} INFO - Filling up the DagBag from /home/airflow/.local/lib/python3.8/site-packages/airflow/example_dags/example_sensors.py
[2023-09-05T12:45:07.370+0000] {processor.py:839} INFO - DAG(s) dict_keys(['example_sensors']) retrieved from /home/airflow/.local/lib/python3.8/site-packages/airflow/example_dags/example_sensors.py
[2023-09-05T12:45:07.388+0000] {logging_mixin.py:151} INFO - [2023-09-05T12:45:07.388+0000] {dag.py:2907} INFO - Sync 1 DAGs
[2023-09-05T12:45:07.396+0000] {logging_mixin.py:151} INFO - [2023-09-05T12:45:07.396+0000] {dag.py:3677} INFO - Setting next_dagrun for example_sensors to None, run_after=None
[2023-09-05T12:45:07.405+0000] {processor.py:179} INFO - Processing /home/airflow/.local/lib/python3.8/site-packages/airflow/example_dags/example_sensors.py took 0.049 seconds
[2023-09-05T12:45:37.876+0000] {processor.py:157} INFO - Started process (PID=157) to work on /home/airflow/.local/lib/python3.8/site-packages/airflow/example_dags/example_sensors.py
[2023-09-05T12:45:37.877+0000] {processor.py:829} INFO - Processing file /home/airflow/.local/lib/python3.8/site-packages/airflow/example_dags/example_sensors.py for tasks to queue
[2023-09-05T12:45:37.879+0000] {logging_mixin.py:151} INFO - [2023-09-05T12:45:37.879+0000] {dagbag.py:539} INFO - Filling up the DagBag from /home/airflow/.local/lib/python3.8/site-packages/airflow/example_dags/example_sensors.py
[2023-09-05T12:45:37.886+0000] {processor.py:839} INFO - DAG(s) dict_keys(['example_sensors']) retrieved from /home/airflow/.local/lib/python3.8/site-packages/airflow/example_dags/example_sensors.py
[2023-09-05T12:45:37.905+0000] {logging_mixin.py:151} INFO - [2023-09-05T12:45:37.905+0000] {dag.py:2907} INFO - Sync 1 DAGs
[2023-09-05T12:45:37.913+0000] {logging_mixin.py:151} INFO - [2023-09-05T12:45:37.913+0000] {dag.py:3677} INFO - Setting next_dagrun for example_sensors to None, run_after=None
[2023-09-05T12:45:37.925+0000] {processor.py:179} INFO - Processing /home/airflow/.local/lib/python3.8/site-packages/airflow/example_dags/example_sensors.py took 0.053 seconds
