[2023-09-05T12:33:45.061+0000] {processor.py:157} INFO - Started process (PID=70) to work on /home/airflow/.local/lib/python3.8/site-packages/airflow/example_dags/example_xcomargs.py
[2023-09-05T12:33:45.062+0000] {processor.py:829} INFO - Processing file /home/airflow/.local/lib/python3.8/site-packages/airflow/example_dags/example_xcomargs.py for tasks to queue
[2023-09-05T12:33:45.064+0000] {logging_mixin.py:151} INFO - [2023-09-05T12:33:45.064+0000] {dagbag.py:539} INFO - Filling up the DagBag from /home/airflow/.local/lib/python3.8/site-packages/airflow/example_dags/example_xcomargs.py
[2023-09-05T12:33:45.072+0000] {processor.py:839} INFO - DAG(s) dict_keys(['example_xcom_args', 'example_xcom_args_with_operators']) retrieved from /home/airflow/.local/lib/python3.8/site-packages/airflow/example_dags/example_xcomargs.py
[2023-09-05T12:33:45.085+0000] {logging_mixin.py:151} INFO - [2023-09-05T12:33:45.085+0000] {dag.py:2907} INFO - Sync 2 DAGs
[2023-09-05T12:33:45.095+0000] {logging_mixin.py:151} INFO - [2023-09-05T12:33:45.095+0000] {dag.py:3677} INFO - Setting next_dagrun for example_xcom_args to None, run_after=None
[2023-09-05T12:33:45.098+0000] {logging_mixin.py:151} INFO - [2023-09-05T12:33:45.098+0000] {dag.py:3677} INFO - Setting next_dagrun for example_xcom_args_with_operators to None, run_after=None
[2023-09-05T12:33:45.108+0000] {processor.py:179} INFO - Processing /home/airflow/.local/lib/python3.8/site-packages/airflow/example_dags/example_xcomargs.py took 0.050 seconds
[2023-09-05T12:34:15.657+0000] {processor.py:157} INFO - Started process (PID=125) to work on /home/airflow/.local/lib/python3.8/site-packages/airflow/example_dags/example_xcomargs.py
[2023-09-05T12:34:15.658+0000] {processor.py:829} INFO - Processing file /home/airflow/.local/lib/python3.8/site-packages/airflow/example_dags/example_xcomargs.py for tasks to queue
[2023-09-05T12:34:15.660+0000] {logging_mixin.py:151} INFO - [2023-09-05T12:34:15.660+0000] {dagbag.py:539} INFO - Filling up the DagBag from /home/airflow/.local/lib/python3.8/site-packages/airflow/example_dags/example_xcomargs.py
[2023-09-05T12:34:15.667+0000] {processor.py:839} INFO - DAG(s) dict_keys(['example_xcom_args_with_operators', 'example_xcom_args']) retrieved from /home/airflow/.local/lib/python3.8/site-packages/airflow/example_dags/example_xcomargs.py
[2023-09-05T12:34:15.687+0000] {logging_mixin.py:151} INFO - [2023-09-05T12:34:15.687+0000] {dag.py:2907} INFO - Sync 2 DAGs
[2023-09-05T12:34:15.695+0000] {logging_mixin.py:151} INFO - [2023-09-05T12:34:15.695+0000] {dag.py:3677} INFO - Setting next_dagrun for example_xcom_args to None, run_after=None
[2023-09-05T12:34:15.698+0000] {logging_mixin.py:151} INFO - [2023-09-05T12:34:15.698+0000] {dag.py:3677} INFO - Setting next_dagrun for example_xcom_args_with_operators to None, run_after=None
[2023-09-05T12:34:15.707+0000] {processor.py:179} INFO - Processing /home/airflow/.local/lib/python3.8/site-packages/airflow/example_dags/example_xcomargs.py took 0.054 seconds
[2023-09-05T12:34:46.855+0000] {processor.py:157} INFO - Started process (PID=179) to work on /home/airflow/.local/lib/python3.8/site-packages/airflow/example_dags/example_xcomargs.py
[2023-09-05T12:34:46.873+0000] {processor.py:829} INFO - Processing file /home/airflow/.local/lib/python3.8/site-packages/airflow/example_dags/example_xcomargs.py for tasks to queue
[2023-09-05T12:34:46.896+0000] {logging_mixin.py:151} INFO - [2023-09-05T12:34:46.896+0000] {dagbag.py:539} INFO - Filling up the DagBag from /home/airflow/.local/lib/python3.8/site-packages/airflow/example_dags/example_xcomargs.py
[2023-09-05T12:34:46.945+0000] {processor.py:839} INFO - DAG(s) dict_keys(['example_xcom_args_with_operators', 'example_xcom_args']) retrieved from /home/airflow/.local/lib/python3.8/site-packages/airflow/example_dags/example_xcomargs.py
[2023-09-05T12:34:47.040+0000] {logging_mixin.py:151} INFO - [2023-09-05T12:34:47.039+0000] {dag.py:2907} INFO - Sync 2 DAGs
[2023-09-05T12:34:47.063+0000] {logging_mixin.py:151} INFO - [2023-09-05T12:34:47.062+0000] {dag.py:3677} INFO - Setting next_dagrun for example_xcom_args to None, run_after=None
[2023-09-05T12:34:47.113+0000] {logging_mixin.py:151} INFO - [2023-09-05T12:34:47.112+0000] {dag.py:3677} INFO - Setting next_dagrun for example_xcom_args_with_operators to None, run_after=None
[2023-09-05T12:34:47.249+0000] {processor.py:179} INFO - Processing /home/airflow/.local/lib/python3.8/site-packages/airflow/example_dags/example_xcomargs.py took 0.402 seconds
[2023-09-05T12:40:52.623+0000] {processor.py:157} INFO - Started process (PID=70) to work on /home/airflow/.local/lib/python3.8/site-packages/airflow/example_dags/example_xcomargs.py
[2023-09-05T12:40:52.626+0000] {processor.py:829} INFO - Processing file /home/airflow/.local/lib/python3.8/site-packages/airflow/example_dags/example_xcomargs.py for tasks to queue
[2023-09-05T12:40:52.633+0000] {logging_mixin.py:151} INFO - [2023-09-05T12:40:52.632+0000] {dagbag.py:539} INFO - Filling up the DagBag from /home/airflow/.local/lib/python3.8/site-packages/airflow/example_dags/example_xcomargs.py
[2023-09-05T12:40:52.645+0000] {processor.py:839} INFO - DAG(s) dict_keys(['example_xcom_args', 'example_xcom_args_with_operators']) retrieved from /home/airflow/.local/lib/python3.8/site-packages/airflow/example_dags/example_xcomargs.py
[2023-09-05T12:40:52.735+0000] {logging_mixin.py:151} INFO - [2023-09-05T12:40:52.735+0000] {manager.py:501} INFO - Created Permission View: can read on DAG:example_xcom_args
[2023-09-05T12:40:52.742+0000] {logging_mixin.py:151} INFO - [2023-09-05T12:40:52.741+0000] {manager.py:501} INFO - Created Permission View: can edit on DAG:example_xcom_args
[2023-09-05T12:40:52.747+0000] {logging_mixin.py:151} INFO - [2023-09-05T12:40:52.746+0000] {manager.py:501} INFO - Created Permission View: can delete on DAG:example_xcom_args
[2023-09-05T12:40:52.765+0000] {logging_mixin.py:151} INFO - [2023-09-05T12:40:52.765+0000] {manager.py:501} INFO - Created Permission View: can read on DAG:example_xcom_args_with_operators
[2023-09-05T12:40:52.770+0000] {logging_mixin.py:151} INFO - [2023-09-05T12:40:52.770+0000] {manager.py:501} INFO - Created Permission View: can edit on DAG:example_xcom_args_with_operators
[2023-09-05T12:40:52.777+0000] {logging_mixin.py:151} INFO - [2023-09-05T12:40:52.777+0000] {manager.py:501} INFO - Created Permission View: can delete on DAG:example_xcom_args_with_operators
[2023-09-05T12:40:52.781+0000] {logging_mixin.py:151} INFO - [2023-09-05T12:40:52.781+0000] {dag.py:2907} INFO - Sync 2 DAGs
[2023-09-05T12:40:52.788+0000] {logging_mixin.py:151} INFO - [2023-09-05T12:40:52.788+0000] {dag.py:2929} INFO - Creating ORM DAG for example_xcom_args
[2023-09-05T12:40:52.789+0000] {logging_mixin.py:151} INFO - [2023-09-05T12:40:52.789+0000] {dag.py:2929} INFO - Creating ORM DAG for example_xcom_args_with_operators
[2023-09-05T12:40:52.790+0000] {logging_mixin.py:151} INFO - [2023-09-05T12:40:52.790+0000] {dag.py:3677} INFO - Setting next_dagrun for example_xcom_args to None, run_after=None
[2023-09-05T12:40:52.791+0000] {logging_mixin.py:151} INFO - [2023-09-05T12:40:52.791+0000] {dag.py:3677} INFO - Setting next_dagrun for example_xcom_args_with_operators to None, run_after=None
[2023-09-05T12:40:52.801+0000] {processor.py:179} INFO - Processing /home/airflow/.local/lib/python3.8/site-packages/airflow/example_dags/example_xcomargs.py took 0.183 seconds
[2023-09-05T12:41:23.599+0000] {processor.py:157} INFO - Started process (PID=124) to work on /home/airflow/.local/lib/python3.8/site-packages/airflow/example_dags/example_xcomargs.py
[2023-09-05T12:41:23.600+0000] {processor.py:829} INFO - Processing file /home/airflow/.local/lib/python3.8/site-packages/airflow/example_dags/example_xcomargs.py for tasks to queue
[2023-09-05T12:41:23.602+0000] {logging_mixin.py:151} INFO - [2023-09-05T12:41:23.602+0000] {dagbag.py:539} INFO - Filling up the DagBag from /home/airflow/.local/lib/python3.8/site-packages/airflow/example_dags/example_xcomargs.py
[2023-09-05T12:41:23.609+0000] {processor.py:839} INFO - DAG(s) dict_keys(['example_xcom_args_with_operators', 'example_xcom_args']) retrieved from /home/airflow/.local/lib/python3.8/site-packages/airflow/example_dags/example_xcomargs.py
[2023-09-05T12:41:23.628+0000] {logging_mixin.py:151} INFO - [2023-09-05T12:41:23.627+0000] {dag.py:2907} INFO - Sync 2 DAGs
[2023-09-05T12:41:23.637+0000] {logging_mixin.py:151} INFO - [2023-09-05T12:41:23.637+0000] {dag.py:3677} INFO - Setting next_dagrun for example_xcom_args to None, run_after=None
[2023-09-05T12:41:23.640+0000] {logging_mixin.py:151} INFO - [2023-09-05T12:41:23.640+0000] {dag.py:3677} INFO - Setting next_dagrun for example_xcom_args_with_operators to None, run_after=None
[2023-09-05T12:41:23.650+0000] {processor.py:179} INFO - Processing /home/airflow/.local/lib/python3.8/site-packages/airflow/example_dags/example_xcomargs.py took 0.054 seconds
[2023-09-05T12:41:54.143+0000] {processor.py:157} INFO - Started process (PID=178) to work on /home/airflow/.local/lib/python3.8/site-packages/airflow/example_dags/example_xcomargs.py
[2023-09-05T12:41:54.145+0000] {processor.py:829} INFO - Processing file /home/airflow/.local/lib/python3.8/site-packages/airflow/example_dags/example_xcomargs.py for tasks to queue
[2023-09-05T12:41:54.147+0000] {logging_mixin.py:151} INFO - [2023-09-05T12:41:54.147+0000] {dagbag.py:539} INFO - Filling up the DagBag from /home/airflow/.local/lib/python3.8/site-packages/airflow/example_dags/example_xcomargs.py
[2023-09-05T12:41:54.153+0000] {processor.py:839} INFO - DAG(s) dict_keys(['example_xcom_args', 'example_xcom_args_with_operators']) retrieved from /home/airflow/.local/lib/python3.8/site-packages/airflow/example_dags/example_xcomargs.py
[2023-09-05T12:41:54.171+0000] {logging_mixin.py:151} INFO - [2023-09-05T12:41:54.171+0000] {dag.py:2907} INFO - Sync 2 DAGs
[2023-09-05T12:41:54.180+0000] {logging_mixin.py:151} INFO - [2023-09-05T12:41:54.180+0000] {dag.py:3677} INFO - Setting next_dagrun for example_xcom_args to None, run_after=None
[2023-09-05T12:41:54.182+0000] {logging_mixin.py:151} INFO - [2023-09-05T12:41:54.182+0000] {dag.py:3677} INFO - Setting next_dagrun for example_xcom_args_with_operators to None, run_after=None
[2023-09-05T12:41:54.192+0000] {processor.py:179} INFO - Processing /home/airflow/.local/lib/python3.8/site-packages/airflow/example_dags/example_xcomargs.py took 0.051 seconds
[2023-09-05T12:42:24.662+0000] {processor.py:157} INFO - Started process (PID=232) to work on /home/airflow/.local/lib/python3.8/site-packages/airflow/example_dags/example_xcomargs.py
[2023-09-05T12:42:24.664+0000] {processor.py:829} INFO - Processing file /home/airflow/.local/lib/python3.8/site-packages/airflow/example_dags/example_xcomargs.py for tasks to queue
[2023-09-05T12:42:24.665+0000] {logging_mixin.py:151} INFO - [2023-09-05T12:42:24.665+0000] {dagbag.py:539} INFO - Filling up the DagBag from /home/airflow/.local/lib/python3.8/site-packages/airflow/example_dags/example_xcomargs.py
[2023-09-05T12:42:24.671+0000] {processor.py:839} INFO - DAG(s) dict_keys(['example_xcom_args_with_operators', 'example_xcom_args']) retrieved from /home/airflow/.local/lib/python3.8/site-packages/airflow/example_dags/example_xcomargs.py
[2023-09-05T12:42:24.691+0000] {logging_mixin.py:151} INFO - [2023-09-05T12:42:24.690+0000] {dag.py:2907} INFO - Sync 2 DAGs
[2023-09-05T12:42:24.700+0000] {logging_mixin.py:151} INFO - [2023-09-05T12:42:24.699+0000] {dag.py:3677} INFO - Setting next_dagrun for example_xcom_args to None, run_after=None
[2023-09-05T12:42:24.702+0000] {logging_mixin.py:151} INFO - [2023-09-05T12:42:24.702+0000] {dag.py:3677} INFO - Setting next_dagrun for example_xcom_args_with_operators to None, run_after=None
[2023-09-05T12:42:24.711+0000] {processor.py:179} INFO - Processing /home/airflow/.local/lib/python3.8/site-packages/airflow/example_dags/example_xcomargs.py took 0.052 seconds
[2023-09-05T12:42:55.367+0000] {processor.py:157} INFO - Started process (PID=286) to work on /home/airflow/.local/lib/python3.8/site-packages/airflow/example_dags/example_xcomargs.py
[2023-09-05T12:42:55.368+0000] {processor.py:829} INFO - Processing file /home/airflow/.local/lib/python3.8/site-packages/airflow/example_dags/example_xcomargs.py for tasks to queue
[2023-09-05T12:42:55.371+0000] {logging_mixin.py:151} INFO - [2023-09-05T12:42:55.370+0000] {dagbag.py:539} INFO - Filling up the DagBag from /home/airflow/.local/lib/python3.8/site-packages/airflow/example_dags/example_xcomargs.py
[2023-09-05T12:42:55.376+0000] {processor.py:839} INFO - DAG(s) dict_keys(['example_xcom_args_with_operators', 'example_xcom_args']) retrieved from /home/airflow/.local/lib/python3.8/site-packages/airflow/example_dags/example_xcomargs.py
[2023-09-05T12:42:55.397+0000] {logging_mixin.py:151} INFO - [2023-09-05T12:42:55.397+0000] {dag.py:2907} INFO - Sync 2 DAGs
[2023-09-05T12:42:55.407+0000] {logging_mixin.py:151} INFO - [2023-09-05T12:42:55.407+0000] {dag.py:3677} INFO - Setting next_dagrun for example_xcom_args to None, run_after=None
[2023-09-05T12:42:55.409+0000] {logging_mixin.py:151} INFO - [2023-09-05T12:42:55.409+0000] {dag.py:3677} INFO - Setting next_dagrun for example_xcom_args_with_operators to None, run_after=None
[2023-09-05T12:42:55.419+0000] {processor.py:179} INFO - Processing /home/airflow/.local/lib/python3.8/site-packages/airflow/example_dags/example_xcomargs.py took 0.055 seconds
[2023-09-05T12:44:39.500+0000] {processor.py:157} INFO - Started process (PID=69) to work on /home/airflow/.local/lib/python3.8/site-packages/airflow/example_dags/example_xcomargs.py
[2023-09-05T12:44:39.501+0000] {processor.py:829} INFO - Processing file /home/airflow/.local/lib/python3.8/site-packages/airflow/example_dags/example_xcomargs.py for tasks to queue
[2023-09-05T12:44:39.503+0000] {logging_mixin.py:151} INFO - [2023-09-05T12:44:39.503+0000] {dagbag.py:539} INFO - Filling up the DagBag from /home/airflow/.local/lib/python3.8/site-packages/airflow/example_dags/example_xcomargs.py
[2023-09-05T12:44:39.510+0000] {processor.py:839} INFO - DAG(s) dict_keys(['example_xcom_args_with_operators', 'example_xcom_args']) retrieved from /home/airflow/.local/lib/python3.8/site-packages/airflow/example_dags/example_xcomargs.py
[2023-09-05T12:44:39.594+0000] {logging_mixin.py:151} INFO - [2023-09-05T12:44:39.593+0000] {manager.py:501} INFO - Created Permission View: can edit on DAG:example_xcom_args_with_operators
[2023-09-05T12:44:39.603+0000] {logging_mixin.py:151} INFO - [2023-09-05T12:44:39.603+0000] {manager.py:501} INFO - Created Permission View: can read on DAG:example_xcom_args_with_operators
[2023-09-05T12:44:39.610+0000] {logging_mixin.py:151} INFO - [2023-09-05T12:44:39.610+0000] {manager.py:501} INFO - Created Permission View: can delete on DAG:example_xcom_args_with_operators
[2023-09-05T12:44:39.647+0000] {logging_mixin.py:151} INFO - [2023-09-05T12:44:39.647+0000] {manager.py:501} INFO - Created Permission View: can edit on DAG:example_xcom_args
[2023-09-05T12:44:39.652+0000] {logging_mixin.py:151} INFO - [2023-09-05T12:44:39.652+0000] {manager.py:501} INFO - Created Permission View: can read on DAG:example_xcom_args
[2023-09-05T12:44:39.658+0000] {logging_mixin.py:151} INFO - [2023-09-05T12:44:39.658+0000] {manager.py:501} INFO - Created Permission View: can delete on DAG:example_xcom_args
[2023-09-05T12:44:39.665+0000] {logging_mixin.py:151} INFO - [2023-09-05T12:44:39.665+0000] {dag.py:2907} INFO - Sync 2 DAGs
[2023-09-05T12:44:39.685+0000] {logging_mixin.py:151} INFO - [2023-09-05T12:44:39.684+0000] {dag.py:2929} INFO - Creating ORM DAG for example_xcom_args_with_operators
[2023-09-05T12:44:39.687+0000] {logging_mixin.py:151} INFO - [2023-09-05T12:44:39.687+0000] {dag.py:2929} INFO - Creating ORM DAG for example_xcom_args
[2023-09-05T12:44:39.688+0000] {logging_mixin.py:151} INFO - [2023-09-05T12:44:39.688+0000] {dag.py:3677} INFO - Setting next_dagrun for example_xcom_args to None, run_after=None
[2023-09-05T12:44:39.690+0000] {logging_mixin.py:151} INFO - [2023-09-05T12:44:39.689+0000] {dag.py:3677} INFO - Setting next_dagrun for example_xcom_args_with_operators to None, run_after=None
[2023-09-05T12:44:39.705+0000] {processor.py:179} INFO - Processing /home/airflow/.local/lib/python3.8/site-packages/airflow/example_dags/example_xcomargs.py took 0.209 seconds
[2023-09-05T12:45:10.364+0000] {processor.py:157} INFO - Started process (PID=123) to work on /home/airflow/.local/lib/python3.8/site-packages/airflow/example_dags/example_xcomargs.py
[2023-09-05T12:45:10.365+0000] {processor.py:829} INFO - Processing file /home/airflow/.local/lib/python3.8/site-packages/airflow/example_dags/example_xcomargs.py for tasks to queue
[2023-09-05T12:45:10.367+0000] {logging_mixin.py:151} INFO - [2023-09-05T12:45:10.367+0000] {dagbag.py:539} INFO - Filling up the DagBag from /home/airflow/.local/lib/python3.8/site-packages/airflow/example_dags/example_xcomargs.py
[2023-09-05T12:45:10.373+0000] {processor.py:839} INFO - DAG(s) dict_keys(['example_xcom_args_with_operators', 'example_xcom_args']) retrieved from /home/airflow/.local/lib/python3.8/site-packages/airflow/example_dags/example_xcomargs.py
[2023-09-05T12:45:10.392+0000] {logging_mixin.py:151} INFO - [2023-09-05T12:45:10.392+0000] {dag.py:2907} INFO - Sync 2 DAGs
[2023-09-05T12:45:10.400+0000] {logging_mixin.py:151} INFO - [2023-09-05T12:45:10.400+0000] {dag.py:3677} INFO - Setting next_dagrun for example_xcom_args to None, run_after=None
[2023-09-05T12:45:10.403+0000] {logging_mixin.py:151} INFO - [2023-09-05T12:45:10.403+0000] {dag.py:3677} INFO - Setting next_dagrun for example_xcom_args_with_operators to None, run_after=None
[2023-09-05T12:45:10.413+0000] {processor.py:179} INFO - Processing /home/airflow/.local/lib/python3.8/site-packages/airflow/example_dags/example_xcomargs.py took 0.051 seconds
[2023-09-05T12:45:40.773+0000] {processor.py:157} INFO - Started process (PID=177) to work on /home/airflow/.local/lib/python3.8/site-packages/airflow/example_dags/example_xcomargs.py
[2023-09-05T12:45:40.775+0000] {processor.py:829} INFO - Processing file /home/airflow/.local/lib/python3.8/site-packages/airflow/example_dags/example_xcomargs.py for tasks to queue
[2023-09-05T12:45:40.777+0000] {logging_mixin.py:151} INFO - [2023-09-05T12:45:40.777+0000] {dagbag.py:539} INFO - Filling up the DagBag from /home/airflow/.local/lib/python3.8/site-packages/airflow/example_dags/example_xcomargs.py
[2023-09-05T12:45:40.783+0000] {processor.py:839} INFO - DAG(s) dict_keys(['example_xcom_args_with_operators', 'example_xcom_args']) retrieved from /home/airflow/.local/lib/python3.8/site-packages/airflow/example_dags/example_xcomargs.py
[2023-09-05T12:45:40.802+0000] {logging_mixin.py:151} INFO - [2023-09-05T12:45:40.802+0000] {dag.py:2907} INFO - Sync 2 DAGs
[2023-09-05T12:45:40.811+0000] {logging_mixin.py:151} INFO - [2023-09-05T12:45:40.811+0000] {dag.py:3677} INFO - Setting next_dagrun for example_xcom_args to None, run_after=None
[2023-09-05T12:45:40.813+0000] {logging_mixin.py:151} INFO - [2023-09-05T12:45:40.813+0000] {dag.py:3677} INFO - Setting next_dagrun for example_xcom_args_with_operators to None, run_after=None
[2023-09-05T12:45:40.822+0000] {processor.py:179} INFO - Processing /home/airflow/.local/lib/python3.8/site-packages/airflow/example_dags/example_xcomargs.py took 0.051 seconds
