[2023-09-05T12:33:43.405+0000] {processor.py:157} INFO - Started process (PID=60) to work on /home/airflow/.local/lib/python3.8/site-packages/airflow/example_dags/example_kubernetes_executor.py
[2023-09-05T12:33:43.419+0000] {processor.py:829} INFO - Processing file /home/airflow/.local/lib/python3.8/site-packages/airflow/example_dags/example_kubernetes_executor.py for tasks to queue
[2023-09-05T12:33:43.428+0000] {logging_mixin.py:151} INFO - [2023-09-05T12:33:43.427+0000] {dagbag.py:539} INFO - Filling up the DagBag from /home/airflow/.local/lib/python3.8/site-packages/airflow/example_dags/example_kubernetes_executor.py
[2023-09-05T12:33:44.833+0000] {processor.py:839} INFO - DAG(s) dict_keys(['example_kubernetes_executor']) retrieved from /home/airflow/.local/lib/python3.8/site-packages/airflow/example_dags/example_kubernetes_executor.py
[2023-09-05T12:33:44.872+0000] {logging_mixin.py:151} INFO - [2023-09-05T12:33:44.871+0000] {dag.py:2907} INFO - Sync 1 DAGs
[2023-09-05T12:33:44.884+0000] {logging_mixin.py:151} INFO - [2023-09-05T12:33:44.883+0000] {dag.py:3677} INFO - Setting next_dagrun for example_kubernetes_executor to None, run_after=None
[2023-09-05T12:33:44.924+0000] {processor.py:179} INFO - Processing /home/airflow/.local/lib/python3.8/site-packages/airflow/example_dags/example_kubernetes_executor.py took 1.540 seconds
[2023-09-05T12:34:15.226+0000] {processor.py:157} INFO - Started process (PID=118) to work on /home/airflow/.local/lib/python3.8/site-packages/airflow/example_dags/example_kubernetes_executor.py
[2023-09-05T12:34:15.228+0000] {processor.py:829} INFO - Processing file /home/airflow/.local/lib/python3.8/site-packages/airflow/example_dags/example_kubernetes_executor.py for tasks to queue
[2023-09-05T12:34:15.232+0000] {logging_mixin.py:151} INFO - [2023-09-05T12:34:15.232+0000] {dagbag.py:539} INFO - Filling up the DagBag from /home/airflow/.local/lib/python3.8/site-packages/airflow/example_dags/example_kubernetes_executor.py
[2023-09-05T12:34:15.460+0000] {processor.py:839} INFO - DAG(s) dict_keys(['example_kubernetes_executor']) retrieved from /home/airflow/.local/lib/python3.8/site-packages/airflow/example_dags/example_kubernetes_executor.py
[2023-09-05T12:34:15.504+0000] {logging_mixin.py:151} INFO - [2023-09-05T12:34:15.503+0000] {dag.py:2907} INFO - Sync 1 DAGs
[2023-09-05T12:34:15.512+0000] {logging_mixin.py:151} INFO - [2023-09-05T12:34:15.512+0000] {dag.py:3677} INFO - Setting next_dagrun for example_kubernetes_executor to None, run_after=None
[2023-09-05T12:34:15.523+0000] {processor.py:179} INFO - Processing /home/airflow/.local/lib/python3.8/site-packages/airflow/example_dags/example_kubernetes_executor.py took 0.304 seconds
[2023-09-05T12:34:45.700+0000] {processor.py:157} INFO - Started process (PID=173) to work on /home/airflow/.local/lib/python3.8/site-packages/airflow/example_dags/example_kubernetes_executor.py
[2023-09-05T12:34:45.710+0000] {processor.py:829} INFO - Processing file /home/airflow/.local/lib/python3.8/site-packages/airflow/example_dags/example_kubernetes_executor.py for tasks to queue
[2023-09-05T12:34:45.721+0000] {logging_mixin.py:151} INFO - [2023-09-05T12:34:45.720+0000] {dagbag.py:539} INFO - Filling up the DagBag from /home/airflow/.local/lib/python3.8/site-packages/airflow/example_dags/example_kubernetes_executor.py
[2023-09-05T12:34:45.987+0000] {processor.py:839} INFO - DAG(s) dict_keys(['example_kubernetes_executor']) retrieved from /home/airflow/.local/lib/python3.8/site-packages/airflow/example_dags/example_kubernetes_executor.py
[2023-09-05T12:34:46.216+0000] {logging_mixin.py:151} INFO - [2023-09-05T12:34:46.215+0000] {dag.py:2907} INFO - Sync 1 DAGs
[2023-09-05T12:34:46.296+0000] {logging_mixin.py:151} INFO - [2023-09-05T12:34:46.296+0000] {dag.py:3677} INFO - Setting next_dagrun for example_kubernetes_executor to None, run_after=None
[2023-09-05T12:34:46.369+0000] {processor.py:179} INFO - Processing /home/airflow/.local/lib/python3.8/site-packages/airflow/example_dags/example_kubernetes_executor.py took 0.673 seconds
[2023-09-05T12:40:51.290+0000] {processor.py:157} INFO - Started process (PID=60) to work on /home/airflow/.local/lib/python3.8/site-packages/airflow/example_dags/example_kubernetes_executor.py
[2023-09-05T12:40:51.291+0000] {processor.py:829} INFO - Processing file /home/airflow/.local/lib/python3.8/site-packages/airflow/example_dags/example_kubernetes_executor.py for tasks to queue
[2023-09-05T12:40:51.294+0000] {logging_mixin.py:151} INFO - [2023-09-05T12:40:51.294+0000] {dagbag.py:539} INFO - Filling up the DagBag from /home/airflow/.local/lib/python3.8/site-packages/airflow/example_dags/example_kubernetes_executor.py
[2023-09-05T12:40:52.182+0000] {processor.py:839} INFO - DAG(s) dict_keys(['example_kubernetes_executor']) retrieved from /home/airflow/.local/lib/python3.8/site-packages/airflow/example_dags/example_kubernetes_executor.py
[2023-09-05T12:40:52.267+0000] {logging_mixin.py:151} INFO - [2023-09-05T12:40:52.267+0000] {manager.py:501} INFO - Created Permission View: can read on DAG:example_kubernetes_executor
[2023-09-05T12:40:52.272+0000] {logging_mixin.py:151} INFO - [2023-09-05T12:40:52.272+0000] {manager.py:501} INFO - Created Permission View: can edit on DAG:example_kubernetes_executor
[2023-09-05T12:40:52.276+0000] {logging_mixin.py:151} INFO - [2023-09-05T12:40:52.276+0000] {manager.py:501} INFO - Created Permission View: can delete on DAG:example_kubernetes_executor
[2023-09-05T12:40:52.284+0000] {logging_mixin.py:151} INFO - [2023-09-05T12:40:52.284+0000] {dag.py:2907} INFO - Sync 1 DAGs
[2023-09-05T12:40:52.292+0000] {logging_mixin.py:151} INFO - [2023-09-05T12:40:52.291+0000] {dag.py:2929} INFO - Creating ORM DAG for example_kubernetes_executor
[2023-09-05T12:40:52.293+0000] {logging_mixin.py:151} INFO - [2023-09-05T12:40:52.293+0000] {dag.py:3677} INFO - Setting next_dagrun for example_kubernetes_executor to None, run_after=None
[2023-09-05T12:40:52.309+0000] {processor.py:179} INFO - Processing /home/airflow/.local/lib/python3.8/site-packages/airflow/example_dags/example_kubernetes_executor.py took 1.022 seconds
[2023-09-05T12:41:23.260+0000] {processor.py:157} INFO - Started process (PID=119) to work on /home/airflow/.local/lib/python3.8/site-packages/airflow/example_dags/example_kubernetes_executor.py
[2023-09-05T12:41:23.262+0000] {processor.py:829} INFO - Processing file /home/airflow/.local/lib/python3.8/site-packages/airflow/example_dags/example_kubernetes_executor.py for tasks to queue
[2023-09-05T12:41:23.266+0000] {logging_mixin.py:151} INFO - [2023-09-05T12:41:23.265+0000] {dagbag.py:539} INFO - Filling up the DagBag from /home/airflow/.local/lib/python3.8/site-packages/airflow/example_dags/example_kubernetes_executor.py
[2023-09-05T12:41:23.457+0000] {processor.py:839} INFO - DAG(s) dict_keys(['example_kubernetes_executor']) retrieved from /home/airflow/.local/lib/python3.8/site-packages/airflow/example_dags/example_kubernetes_executor.py
[2023-09-05T12:41:23.483+0000] {logging_mixin.py:151} INFO - [2023-09-05T12:41:23.483+0000] {dag.py:2907} INFO - Sync 1 DAGs
[2023-09-05T12:41:23.492+0000] {logging_mixin.py:151} INFO - [2023-09-05T12:41:23.492+0000] {dag.py:3677} INFO - Setting next_dagrun for example_kubernetes_executor to None, run_after=None
[2023-09-05T12:41:23.502+0000] {processor.py:179} INFO - Processing /home/airflow/.local/lib/python3.8/site-packages/airflow/example_dags/example_kubernetes_executor.py took 0.248 seconds
[2023-09-05T12:41:53.670+0000] {processor.py:157} INFO - Started process (PID=173) to work on /home/airflow/.local/lib/python3.8/site-packages/airflow/example_dags/example_kubernetes_executor.py
[2023-09-05T12:41:53.676+0000] {processor.py:829} INFO - Processing file /home/airflow/.local/lib/python3.8/site-packages/airflow/example_dags/example_kubernetes_executor.py for tasks to queue
[2023-09-05T12:41:53.680+0000] {logging_mixin.py:151} INFO - [2023-09-05T12:41:53.680+0000] {dagbag.py:539} INFO - Filling up the DagBag from /home/airflow/.local/lib/python3.8/site-packages/airflow/example_dags/example_kubernetes_executor.py
[2023-09-05T12:41:53.849+0000] {processor.py:839} INFO - DAG(s) dict_keys(['example_kubernetes_executor']) retrieved from /home/airflow/.local/lib/python3.8/site-packages/airflow/example_dags/example_kubernetes_executor.py
[2023-09-05T12:41:53.878+0000] {logging_mixin.py:151} INFO - [2023-09-05T12:41:53.877+0000] {dag.py:2907} INFO - Sync 1 DAGs
[2023-09-05T12:41:53.888+0000] {logging_mixin.py:151} INFO - [2023-09-05T12:41:53.888+0000] {dag.py:3677} INFO - Setting next_dagrun for example_kubernetes_executor to None, run_after=None
[2023-09-05T12:41:53.900+0000] {processor.py:179} INFO - Processing /home/airflow/.local/lib/python3.8/site-packages/airflow/example_dags/example_kubernetes_executor.py took 0.237 seconds
[2023-09-05T12:42:24.329+0000] {processor.py:157} INFO - Started process (PID=227) to work on /home/airflow/.local/lib/python3.8/site-packages/airflow/example_dags/example_kubernetes_executor.py
[2023-09-05T12:42:24.331+0000] {processor.py:829} INFO - Processing file /home/airflow/.local/lib/python3.8/site-packages/airflow/example_dags/example_kubernetes_executor.py for tasks to queue
[2023-09-05T12:42:24.333+0000] {logging_mixin.py:151} INFO - [2023-09-05T12:42:24.333+0000] {dagbag.py:539} INFO - Filling up the DagBag from /home/airflow/.local/lib/python3.8/site-packages/airflow/example_dags/example_kubernetes_executor.py
[2023-09-05T12:42:24.515+0000] {processor.py:839} INFO - DAG(s) dict_keys(['example_kubernetes_executor']) retrieved from /home/airflow/.local/lib/python3.8/site-packages/airflow/example_dags/example_kubernetes_executor.py
[2023-09-05T12:42:24.545+0000] {logging_mixin.py:151} INFO - [2023-09-05T12:42:24.545+0000] {dag.py:2907} INFO - Sync 1 DAGs
[2023-09-05T12:42:24.553+0000] {logging_mixin.py:151} INFO - [2023-09-05T12:42:24.553+0000] {dag.py:3677} INFO - Setting next_dagrun for example_kubernetes_executor to None, run_after=None
[2023-09-05T12:42:24.565+0000] {processor.py:179} INFO - Processing /home/airflow/.local/lib/python3.8/site-packages/airflow/example_dags/example_kubernetes_executor.py took 0.241 seconds
[2023-09-05T12:42:54.954+0000] {processor.py:157} INFO - Started process (PID=281) to work on /home/airflow/.local/lib/python3.8/site-packages/airflow/example_dags/example_kubernetes_executor.py
[2023-09-05T12:42:54.957+0000] {processor.py:829} INFO - Processing file /home/airflow/.local/lib/python3.8/site-packages/airflow/example_dags/example_kubernetes_executor.py for tasks to queue
[2023-09-05T12:42:54.962+0000] {logging_mixin.py:151} INFO - [2023-09-05T12:42:54.961+0000] {dagbag.py:539} INFO - Filling up the DagBag from /home/airflow/.local/lib/python3.8/site-packages/airflow/example_dags/example_kubernetes_executor.py
[2023-09-05T12:42:55.204+0000] {processor.py:839} INFO - DAG(s) dict_keys(['example_kubernetes_executor']) retrieved from /home/airflow/.local/lib/python3.8/site-packages/airflow/example_dags/example_kubernetes_executor.py
[2023-09-05T12:42:55.240+0000] {logging_mixin.py:151} INFO - [2023-09-05T12:42:55.239+0000] {dag.py:2907} INFO - Sync 1 DAGs
[2023-09-05T12:42:55.250+0000] {logging_mixin.py:151} INFO - [2023-09-05T12:42:55.250+0000] {dag.py:3677} INFO - Setting next_dagrun for example_kubernetes_executor to None, run_after=None
[2023-09-05T12:42:55.265+0000] {processor.py:179} INFO - Processing /home/airflow/.local/lib/python3.8/site-packages/airflow/example_dags/example_kubernetes_executor.py took 0.319 seconds
[2023-09-05T12:44:38.097+0000] {processor.py:157} INFO - Started process (PID=59) to work on /home/airflow/.local/lib/python3.8/site-packages/airflow/example_dags/example_kubernetes_executor.py
[2023-09-05T12:44:38.098+0000] {processor.py:829} INFO - Processing file /home/airflow/.local/lib/python3.8/site-packages/airflow/example_dags/example_kubernetes_executor.py for tasks to queue
[2023-09-05T12:44:38.100+0000] {logging_mixin.py:151} INFO - [2023-09-05T12:44:38.100+0000] {dagbag.py:539} INFO - Filling up the DagBag from /home/airflow/.local/lib/python3.8/site-packages/airflow/example_dags/example_kubernetes_executor.py
[2023-09-05T12:44:39.054+0000] {processor.py:839} INFO - DAG(s) dict_keys(['example_kubernetes_executor']) retrieved from /home/airflow/.local/lib/python3.8/site-packages/airflow/example_dags/example_kubernetes_executor.py
[2023-09-05T12:44:39.135+0000] {logging_mixin.py:151} INFO - [2023-09-05T12:44:39.135+0000] {manager.py:501} INFO - Created Permission View: can edit on DAG:example_kubernetes_executor
[2023-09-05T12:44:39.144+0000] {logging_mixin.py:151} INFO - [2023-09-05T12:44:39.143+0000] {manager.py:501} INFO - Created Permission View: can read on DAG:example_kubernetes_executor
[2023-09-05T12:44:39.148+0000] {logging_mixin.py:151} INFO - [2023-09-05T12:44:39.148+0000] {manager.py:501} INFO - Created Permission View: can delete on DAG:example_kubernetes_executor
[2023-09-05T12:44:39.158+0000] {logging_mixin.py:151} INFO - [2023-09-05T12:44:39.158+0000] {dag.py:2907} INFO - Sync 1 DAGs
[2023-09-05T12:44:39.167+0000] {logging_mixin.py:151} INFO - [2023-09-05T12:44:39.166+0000] {dag.py:2929} INFO - Creating ORM DAG for example_kubernetes_executor
[2023-09-05T12:44:39.168+0000] {logging_mixin.py:151} INFO - [2023-09-05T12:44:39.167+0000] {dag.py:3677} INFO - Setting next_dagrun for example_kubernetes_executor to None, run_after=None
[2023-09-05T12:44:39.185+0000] {processor.py:179} INFO - Processing /home/airflow/.local/lib/python3.8/site-packages/airflow/example_dags/example_kubernetes_executor.py took 1.092 seconds
[2023-09-05T12:45:10.044+0000] {processor.py:157} INFO - Started process (PID=117) to work on /home/airflow/.local/lib/python3.8/site-packages/airflow/example_dags/example_kubernetes_executor.py
[2023-09-05T12:45:10.047+0000] {processor.py:829} INFO - Processing file /home/airflow/.local/lib/python3.8/site-packages/airflow/example_dags/example_kubernetes_executor.py for tasks to queue
[2023-09-05T12:45:10.050+0000] {logging_mixin.py:151} INFO - [2023-09-05T12:45:10.050+0000] {dagbag.py:539} INFO - Filling up the DagBag from /home/airflow/.local/lib/python3.8/site-packages/airflow/example_dags/example_kubernetes_executor.py
[2023-09-05T12:45:10.222+0000] {processor.py:839} INFO - DAG(s) dict_keys(['example_kubernetes_executor']) retrieved from /home/airflow/.local/lib/python3.8/site-packages/airflow/example_dags/example_kubernetes_executor.py
[2023-09-05T12:45:10.247+0000] {logging_mixin.py:151} INFO - [2023-09-05T12:45:10.247+0000] {dag.py:2907} INFO - Sync 1 DAGs
[2023-09-05T12:45:10.255+0000] {logging_mixin.py:151} INFO - [2023-09-05T12:45:10.255+0000] {dag.py:3677} INFO - Setting next_dagrun for example_kubernetes_executor to None, run_after=None
[2023-09-05T12:45:10.268+0000] {processor.py:179} INFO - Processing /home/airflow/.local/lib/python3.8/site-packages/airflow/example_dags/example_kubernetes_executor.py took 0.230 seconds
[2023-09-05T12:45:40.463+0000] {processor.py:157} INFO - Started process (PID=171) to work on /home/airflow/.local/lib/python3.8/site-packages/airflow/example_dags/example_kubernetes_executor.py
[2023-09-05T12:45:40.465+0000] {processor.py:829} INFO - Processing file /home/airflow/.local/lib/python3.8/site-packages/airflow/example_dags/example_kubernetes_executor.py for tasks to queue
[2023-09-05T12:45:40.470+0000] {logging_mixin.py:151} INFO - [2023-09-05T12:45:40.469+0000] {dagbag.py:539} INFO - Filling up the DagBag from /home/airflow/.local/lib/python3.8/site-packages/airflow/example_dags/example_kubernetes_executor.py
[2023-09-05T12:45:40.653+0000] {processor.py:839} INFO - DAG(s) dict_keys(['example_kubernetes_executor']) retrieved from /home/airflow/.local/lib/python3.8/site-packages/airflow/example_dags/example_kubernetes_executor.py
[2023-09-05T12:45:40.679+0000] {logging_mixin.py:151} INFO - [2023-09-05T12:45:40.679+0000] {dag.py:2907} INFO - Sync 1 DAGs
[2023-09-05T12:45:40.687+0000] {logging_mixin.py:151} INFO - [2023-09-05T12:45:40.687+0000] {dag.py:3677} INFO - Setting next_dagrun for example_kubernetes_executor to None, run_after=None
[2023-09-05T12:45:40.699+0000] {processor.py:179} INFO - Processing /home/airflow/.local/lib/python3.8/site-packages/airflow/example_dags/example_kubernetes_executor.py took 0.243 seconds
