[2023-09-05T12:33:40.659+0000] {processor.py:157} INFO - Started process (PID=45) to work on /home/airflow/.local/lib/python3.8/site-packages/airflow/example_dags/example_skip_dag.py
[2023-09-05T12:33:40.660+0000] {processor.py:829} INFO - Processing file /home/airflow/.local/lib/python3.8/site-packages/airflow/example_dags/example_skip_dag.py for tasks to queue
[2023-09-05T12:33:40.662+0000] {logging_mixin.py:151} INFO - [2023-09-05T12:33:40.662+0000] {dagbag.py:539} INFO - Filling up the DagBag from /home/airflow/.local/lib/python3.8/site-packages/airflow/example_dags/example_skip_dag.py
[2023-09-05T12:33:40.909+0000] {processor.py:839} INFO - DAG(s) dict_keys(['example_skip_dag']) retrieved from /home/airflow/.local/lib/python3.8/site-packages/airflow/example_dags/example_skip_dag.py
[2023-09-05T12:33:40.937+0000] {logging_mixin.py:151} INFO - [2023-09-05T12:33:40.937+0000] {dag.py:2907} INFO - Sync 1 DAGs
[2023-09-05T12:33:40.954+0000] {logging_mixin.py:151} INFO - [2023-09-05T12:33:40.954+0000] {dag.py:3677} INFO - Setting next_dagrun for example_skip_dag to 2023-09-04T12:33:40.954610+00:00, run_after=2023-09-05T12:33:40.954610+00:00
[2023-09-05T12:33:41.013+0000] {processor.py:179} INFO - Processing /home/airflow/.local/lib/python3.8/site-packages/airflow/example_dags/example_skip_dag.py took 0.358 seconds
[2023-09-05T12:34:12.042+0000] {processor.py:157} INFO - Started process (PID=100) to work on /home/airflow/.local/lib/python3.8/site-packages/airflow/example_dags/example_skip_dag.py
[2023-09-05T12:34:12.043+0000] {processor.py:829} INFO - Processing file /home/airflow/.local/lib/python3.8/site-packages/airflow/example_dags/example_skip_dag.py for tasks to queue
[2023-09-05T12:34:12.046+0000] {logging_mixin.py:151} INFO - [2023-09-05T12:34:12.046+0000] {dagbag.py:539} INFO - Filling up the DagBag from /home/airflow/.local/lib/python3.8/site-packages/airflow/example_dags/example_skip_dag.py
[2023-09-05T12:34:12.054+0000] {processor.py:839} INFO - DAG(s) dict_keys(['example_skip_dag']) retrieved from /home/airflow/.local/lib/python3.8/site-packages/airflow/example_dags/example_skip_dag.py
[2023-09-05T12:34:12.074+0000] {logging_mixin.py:151} INFO - [2023-09-05T12:34:12.074+0000] {dag.py:2907} INFO - Sync 1 DAGs
[2023-09-05T12:34:12.088+0000] {logging_mixin.py:151} INFO - [2023-09-05T12:34:12.088+0000] {dag.py:3677} INFO - Setting next_dagrun for example_skip_dag to 2023-09-04T12:34:12.088320+00:00, run_after=2023-09-05T12:34:12.088320+00:00
[2023-09-05T12:34:12.099+0000] {processor.py:179} INFO - Processing /home/airflow/.local/lib/python3.8/site-packages/airflow/example_dags/example_skip_dag.py took 0.061 seconds
[2023-09-05T12:34:42.199+0000] {processor.py:157} INFO - Started process (PID=154) to work on /home/airflow/.local/lib/python3.8/site-packages/airflow/example_dags/example_skip_dag.py
[2023-09-05T12:34:42.202+0000] {processor.py:829} INFO - Processing file /home/airflow/.local/lib/python3.8/site-packages/airflow/example_dags/example_skip_dag.py for tasks to queue
[2023-09-05T12:34:42.206+0000] {logging_mixin.py:151} INFO - [2023-09-05T12:34:42.205+0000] {dagbag.py:539} INFO - Filling up the DagBag from /home/airflow/.local/lib/python3.8/site-packages/airflow/example_dags/example_skip_dag.py
[2023-09-05T12:34:42.218+0000] {processor.py:839} INFO - DAG(s) dict_keys(['example_skip_dag']) retrieved from /home/airflow/.local/lib/python3.8/site-packages/airflow/example_dags/example_skip_dag.py
[2023-09-05T12:34:42.258+0000] {logging_mixin.py:151} INFO - [2023-09-05T12:34:42.257+0000] {dag.py:2907} INFO - Sync 1 DAGs
[2023-09-05T12:34:42.278+0000] {logging_mixin.py:151} INFO - [2023-09-05T12:34:42.278+0000] {dag.py:3677} INFO - Setting next_dagrun for example_skip_dag to 2023-09-04T12:34:42.278287+00:00, run_after=2023-09-05T12:34:42.278287+00:00
[2023-09-05T12:34:42.294+0000] {processor.py:179} INFO - Processing /home/airflow/.local/lib/python3.8/site-packages/airflow/example_dags/example_skip_dag.py took 0.098 seconds
[2023-09-05T12:40:48.358+0000] {processor.py:157} INFO - Started process (PID=45) to work on /home/airflow/.local/lib/python3.8/site-packages/airflow/example_dags/example_skip_dag.py
[2023-09-05T12:40:48.365+0000] {processor.py:829} INFO - Processing file /home/airflow/.local/lib/python3.8/site-packages/airflow/example_dags/example_skip_dag.py for tasks to queue
[2023-09-05T12:40:48.367+0000] {logging_mixin.py:151} INFO - [2023-09-05T12:40:48.367+0000] {dagbag.py:539} INFO - Filling up the DagBag from /home/airflow/.local/lib/python3.8/site-packages/airflow/example_dags/example_skip_dag.py
[2023-09-05T12:40:48.392+0000] {processor.py:839} INFO - DAG(s) dict_keys(['example_skip_dag']) retrieved from /home/airflow/.local/lib/python3.8/site-packages/airflow/example_dags/example_skip_dag.py
[2023-09-05T12:40:48.683+0000] {logging_mixin.py:151} INFO - [2023-09-05T12:40:48.683+0000] {manager.py:501} INFO - Created Permission View: can read on DAG:example_skip_dag
[2023-09-05T12:40:48.690+0000] {logging_mixin.py:151} INFO - [2023-09-05T12:40:48.690+0000] {manager.py:501} INFO - Created Permission View: can edit on DAG:example_skip_dag
[2023-09-05T12:40:48.695+0000] {logging_mixin.py:151} INFO - [2023-09-05T12:40:48.694+0000] {manager.py:501} INFO - Created Permission View: can delete on DAG:example_skip_dag
[2023-09-05T12:40:48.704+0000] {logging_mixin.py:151} INFO - [2023-09-05T12:40:48.704+0000] {dag.py:2907} INFO - Sync 1 DAGs
[2023-09-05T12:40:48.714+0000] {logging_mixin.py:151} INFO - [2023-09-05T12:40:48.714+0000] {dag.py:2929} INFO - Creating ORM DAG for example_skip_dag
[2023-09-05T12:40:48.724+0000] {logging_mixin.py:151} INFO - [2023-09-05T12:40:48.724+0000] {dag.py:3677} INFO - Setting next_dagrun for example_skip_dag to 2023-09-04T12:40:48.723929+00:00, run_after=2023-09-05T12:40:48.723929+00:00
[2023-09-05T12:40:48.737+0000] {processor.py:179} INFO - Processing /home/airflow/.local/lib/python3.8/site-packages/airflow/example_dags/example_skip_dag.py took 0.382 seconds
[2023-09-05T12:41:19.165+0000] {processor.py:157} INFO - Started process (PID=99) to work on /home/airflow/.local/lib/python3.8/site-packages/airflow/example_dags/example_skip_dag.py
[2023-09-05T12:41:19.166+0000] {processor.py:829} INFO - Processing file /home/airflow/.local/lib/python3.8/site-packages/airflow/example_dags/example_skip_dag.py for tasks to queue
[2023-09-05T12:41:19.168+0000] {logging_mixin.py:151} INFO - [2023-09-05T12:41:19.168+0000] {dagbag.py:539} INFO - Filling up the DagBag from /home/airflow/.local/lib/python3.8/site-packages/airflow/example_dags/example_skip_dag.py
[2023-09-05T12:41:19.174+0000] {processor.py:839} INFO - DAG(s) dict_keys(['example_skip_dag']) retrieved from /home/airflow/.local/lib/python3.8/site-packages/airflow/example_dags/example_skip_dag.py
[2023-09-05T12:41:19.193+0000] {logging_mixin.py:151} INFO - [2023-09-05T12:41:19.193+0000] {dag.py:2907} INFO - Sync 1 DAGs
[2023-09-05T12:41:19.206+0000] {logging_mixin.py:151} INFO - [2023-09-05T12:41:19.206+0000] {dag.py:3677} INFO - Setting next_dagrun for example_skip_dag to 2023-09-04T12:41:19.206372+00:00, run_after=2023-09-05T12:41:19.206372+00:00
[2023-09-05T12:41:19.217+0000] {processor.py:179} INFO - Processing /home/airflow/.local/lib/python3.8/site-packages/airflow/example_dags/example_skip_dag.py took 0.055 seconds
[2023-09-05T12:41:49.791+0000] {processor.py:157} INFO - Started process (PID=153) to work on /home/airflow/.local/lib/python3.8/site-packages/airflow/example_dags/example_skip_dag.py
[2023-09-05T12:41:49.792+0000] {processor.py:829} INFO - Processing file /home/airflow/.local/lib/python3.8/site-packages/airflow/example_dags/example_skip_dag.py for tasks to queue
[2023-09-05T12:41:49.794+0000] {logging_mixin.py:151} INFO - [2023-09-05T12:41:49.794+0000] {dagbag.py:539} INFO - Filling up the DagBag from /home/airflow/.local/lib/python3.8/site-packages/airflow/example_dags/example_skip_dag.py
[2023-09-05T12:41:49.799+0000] {processor.py:839} INFO - DAG(s) dict_keys(['example_skip_dag']) retrieved from /home/airflow/.local/lib/python3.8/site-packages/airflow/example_dags/example_skip_dag.py
[2023-09-05T12:41:49.816+0000] {logging_mixin.py:151} INFO - [2023-09-05T12:41:49.816+0000] {dag.py:2907} INFO - Sync 1 DAGs
[2023-09-05T12:41:49.830+0000] {logging_mixin.py:151} INFO - [2023-09-05T12:41:49.830+0000] {dag.py:3677} INFO - Setting next_dagrun for example_skip_dag to 2023-09-04T12:41:49.830180+00:00, run_after=2023-09-05T12:41:49.830180+00:00
[2023-09-05T12:41:49.841+0000] {processor.py:179} INFO - Processing /home/airflow/.local/lib/python3.8/site-packages/airflow/example_dags/example_skip_dag.py took 0.053 seconds
[2023-09-05T12:42:20.399+0000] {processor.py:157} INFO - Started process (PID=207) to work on /home/airflow/.local/lib/python3.8/site-packages/airflow/example_dags/example_skip_dag.py
[2023-09-05T12:42:20.400+0000] {processor.py:829} INFO - Processing file /home/airflow/.local/lib/python3.8/site-packages/airflow/example_dags/example_skip_dag.py for tasks to queue
[2023-09-05T12:42:20.402+0000] {logging_mixin.py:151} INFO - [2023-09-05T12:42:20.402+0000] {dagbag.py:539} INFO - Filling up the DagBag from /home/airflow/.local/lib/python3.8/site-packages/airflow/example_dags/example_skip_dag.py
[2023-09-05T12:42:20.407+0000] {processor.py:839} INFO - DAG(s) dict_keys(['example_skip_dag']) retrieved from /home/airflow/.local/lib/python3.8/site-packages/airflow/example_dags/example_skip_dag.py
[2023-09-05T12:42:20.425+0000] {logging_mixin.py:151} INFO - [2023-09-05T12:42:20.424+0000] {dag.py:2907} INFO - Sync 1 DAGs
[2023-09-05T12:42:20.437+0000] {logging_mixin.py:151} INFO - [2023-09-05T12:42:20.437+0000] {dag.py:3677} INFO - Setting next_dagrun for example_skip_dag to 2023-09-04T12:42:20.437533+00:00, run_after=2023-09-05T12:42:20.437533+00:00
[2023-09-05T12:42:20.448+0000] {processor.py:179} INFO - Processing /home/airflow/.local/lib/python3.8/site-packages/airflow/example_dags/example_skip_dag.py took 0.052 seconds
[2023-09-05T12:42:50.948+0000] {processor.py:157} INFO - Started process (PID=261) to work on /home/airflow/.local/lib/python3.8/site-packages/airflow/example_dags/example_skip_dag.py
[2023-09-05T12:42:50.950+0000] {processor.py:829} INFO - Processing file /home/airflow/.local/lib/python3.8/site-packages/airflow/example_dags/example_skip_dag.py for tasks to queue
[2023-09-05T12:42:50.953+0000] {logging_mixin.py:151} INFO - [2023-09-05T12:42:50.952+0000] {dagbag.py:539} INFO - Filling up the DagBag from /home/airflow/.local/lib/python3.8/site-packages/airflow/example_dags/example_skip_dag.py
[2023-09-05T12:42:50.957+0000] {processor.py:839} INFO - DAG(s) dict_keys(['example_skip_dag']) retrieved from /home/airflow/.local/lib/python3.8/site-packages/airflow/example_dags/example_skip_dag.py
[2023-09-05T12:42:50.974+0000] {logging_mixin.py:151} INFO - [2023-09-05T12:42:50.974+0000] {dag.py:2907} INFO - Sync 1 DAGs
[2023-09-05T12:42:50.986+0000] {logging_mixin.py:151} INFO - [2023-09-05T12:42:50.986+0000] {dag.py:3677} INFO - Setting next_dagrun for example_skip_dag to 2023-09-04T12:42:50.986267+00:00, run_after=2023-09-05T12:42:50.986267+00:00
[2023-09-05T12:42:50.997+0000] {processor.py:179} INFO - Processing /home/airflow/.local/lib/python3.8/site-packages/airflow/example_dags/example_skip_dag.py took 0.052 seconds
[2023-09-05T12:44:35.676+0000] {processor.py:157} INFO - Started process (PID=44) to work on /home/airflow/.local/lib/python3.8/site-packages/airflow/example_dags/example_skip_dag.py
[2023-09-05T12:44:35.678+0000] {processor.py:829} INFO - Processing file /home/airflow/.local/lib/python3.8/site-packages/airflow/example_dags/example_skip_dag.py for tasks to queue
[2023-09-05T12:44:35.681+0000] {logging_mixin.py:151} INFO - [2023-09-05T12:44:35.681+0000] {dagbag.py:539} INFO - Filling up the DagBag from /home/airflow/.local/lib/python3.8/site-packages/airflow/example_dags/example_skip_dag.py
[2023-09-05T12:44:35.692+0000] {processor.py:839} INFO - DAG(s) dict_keys(['example_skip_dag']) retrieved from /home/airflow/.local/lib/python3.8/site-packages/airflow/example_dags/example_skip_dag.py
[2023-09-05T12:44:36.048+0000] {logging_mixin.py:151} INFO - [2023-09-05T12:44:36.047+0000] {manager.py:501} INFO - Created Permission View: can edit on DAG:example_skip_dag
[2023-09-05T12:44:36.057+0000] {logging_mixin.py:151} INFO - [2023-09-05T12:44:36.057+0000] {manager.py:501} INFO - Created Permission View: can read on DAG:example_skip_dag
[2023-09-05T12:44:36.062+0000] {logging_mixin.py:151} INFO - [2023-09-05T12:44:36.062+0000] {manager.py:501} INFO - Created Permission View: can delete on DAG:example_skip_dag
[2023-09-05T12:44:36.084+0000] {logging_mixin.py:151} INFO - [2023-09-05T12:44:36.084+0000] {dag.py:2907} INFO - Sync 1 DAGs
[2023-09-05T12:44:36.094+0000] {logging_mixin.py:151} INFO - [2023-09-05T12:44:36.094+0000] {dag.py:2929} INFO - Creating ORM DAG for example_skip_dag
[2023-09-05T12:44:36.101+0000] {logging_mixin.py:151} INFO - [2023-09-05T12:44:36.101+0000] {dag.py:3677} INFO - Setting next_dagrun for example_skip_dag to 2023-09-04T12:44:36.101100+00:00, run_after=2023-09-05T12:44:36.101100+00:00
[2023-09-05T12:44:36.123+0000] {processor.py:179} INFO - Processing /home/airflow/.local/lib/python3.8/site-packages/airflow/example_dags/example_skip_dag.py took 0.451 seconds
[2023-09-05T12:45:07.107+0000] {processor.py:157} INFO - Started process (PID=98) to work on /home/airflow/.local/lib/python3.8/site-packages/airflow/example_dags/example_skip_dag.py
[2023-09-05T12:45:07.110+0000] {processor.py:829} INFO - Processing file /home/airflow/.local/lib/python3.8/site-packages/airflow/example_dags/example_skip_dag.py for tasks to queue
[2023-09-05T12:45:07.116+0000] {logging_mixin.py:151} INFO - [2023-09-05T12:45:07.115+0000] {dagbag.py:539} INFO - Filling up the DagBag from /home/airflow/.local/lib/python3.8/site-packages/airflow/example_dags/example_skip_dag.py
[2023-09-05T12:45:07.124+0000] {processor.py:839} INFO - DAG(s) dict_keys(['example_skip_dag']) retrieved from /home/airflow/.local/lib/python3.8/site-packages/airflow/example_dags/example_skip_dag.py
[2023-09-05T12:45:07.147+0000] {logging_mixin.py:151} INFO - [2023-09-05T12:45:07.147+0000] {dag.py:2907} INFO - Sync 1 DAGs
[2023-09-05T12:45:07.161+0000] {logging_mixin.py:151} INFO - [2023-09-05T12:45:07.161+0000] {dag.py:3677} INFO - Setting next_dagrun for example_skip_dag to 2023-09-04T12:45:07.161170+00:00, run_after=2023-09-05T12:45:07.161170+00:00
[2023-09-05T12:45:07.172+0000] {processor.py:179} INFO - Processing /home/airflow/.local/lib/python3.8/site-packages/airflow/example_dags/example_skip_dag.py took 0.072 seconds
[2023-09-05T12:45:37.618+0000] {processor.py:157} INFO - Started process (PID=152) to work on /home/airflow/.local/lib/python3.8/site-packages/airflow/example_dags/example_skip_dag.py
[2023-09-05T12:45:37.620+0000] {processor.py:829} INFO - Processing file /home/airflow/.local/lib/python3.8/site-packages/airflow/example_dags/example_skip_dag.py for tasks to queue
[2023-09-05T12:45:37.622+0000] {logging_mixin.py:151} INFO - [2023-09-05T12:45:37.622+0000] {dagbag.py:539} INFO - Filling up the DagBag from /home/airflow/.local/lib/python3.8/site-packages/airflow/example_dags/example_skip_dag.py
[2023-09-05T12:45:37.628+0000] {processor.py:839} INFO - DAG(s) dict_keys(['example_skip_dag']) retrieved from /home/airflow/.local/lib/python3.8/site-packages/airflow/example_dags/example_skip_dag.py
[2023-09-05T12:45:37.652+0000] {logging_mixin.py:151} INFO - [2023-09-05T12:45:37.652+0000] {dag.py:2907} INFO - Sync 1 DAGs
[2023-09-05T12:45:37.668+0000] {logging_mixin.py:151} INFO - [2023-09-05T12:45:37.668+0000] {dag.py:3677} INFO - Setting next_dagrun for example_skip_dag to 2023-09-04T12:45:37.668122+00:00, run_after=2023-09-05T12:45:37.668122+00:00
[2023-09-05T12:45:37.680+0000] {processor.py:179} INFO - Processing /home/airflow/.local/lib/python3.8/site-packages/airflow/example_dags/example_skip_dag.py took 0.066 seconds
