[2023-09-05T12:33:42.645+0000] {processor.py:157} INFO - Started process (PID=54) to work on /home/airflow/.local/lib/python3.8/site-packages/airflow/example_dags/example_trigger_target_dag.py
[2023-09-05T12:33:42.646+0000] {processor.py:829} INFO - Processing file /home/airflow/.local/lib/python3.8/site-packages/airflow/example_dags/example_trigger_target_dag.py for tasks to queue
[2023-09-05T12:33:42.659+0000] {logging_mixin.py:151} INFO - [2023-09-05T12:33:42.658+0000] {dagbag.py:539} INFO - Filling up the DagBag from /home/airflow/.local/lib/python3.8/site-packages/airflow/example_dags/example_trigger_target_dag.py
[2023-09-05T12:33:42.691+0000] {processor.py:839} INFO - DAG(s) dict_keys(['example_trigger_target_dag']) retrieved from /home/airflow/.local/lib/python3.8/site-packages/airflow/example_dags/example_trigger_target_dag.py
[2023-09-05T12:33:42.732+0000] {logging_mixin.py:151} INFO - [2023-09-05T12:33:42.732+0000] {dag.py:2907} INFO - Sync 1 DAGs
[2023-09-05T12:33:42.750+0000] {logging_mixin.py:151} INFO - [2023-09-05T12:33:42.750+0000] {dag.py:3677} INFO - Setting next_dagrun for example_trigger_target_dag to None, run_after=None
[2023-09-05T12:33:42.805+0000] {processor.py:179} INFO - Processing /home/airflow/.local/lib/python3.8/site-packages/airflow/example_dags/example_trigger_target_dag.py took 0.167 seconds
[2023-09-05T12:34:13.703+0000] {processor.py:157} INFO - Started process (PID=109) to work on /home/airflow/.local/lib/python3.8/site-packages/airflow/example_dags/example_trigger_target_dag.py
[2023-09-05T12:34:13.705+0000] {processor.py:829} INFO - Processing file /home/airflow/.local/lib/python3.8/site-packages/airflow/example_dags/example_trigger_target_dag.py for tasks to queue
[2023-09-05T12:34:13.707+0000] {logging_mixin.py:151} INFO - [2023-09-05T12:34:13.707+0000] {dagbag.py:539} INFO - Filling up the DagBag from /home/airflow/.local/lib/python3.8/site-packages/airflow/example_dags/example_trigger_target_dag.py
[2023-09-05T12:34:13.713+0000] {processor.py:839} INFO - DAG(s) dict_keys(['example_trigger_target_dag']) retrieved from /home/airflow/.local/lib/python3.8/site-packages/airflow/example_dags/example_trigger_target_dag.py
[2023-09-05T12:34:13.734+0000] {logging_mixin.py:151} INFO - [2023-09-05T12:34:13.733+0000] {dag.py:2907} INFO - Sync 1 DAGs
[2023-09-05T12:34:13.754+0000] {logging_mixin.py:151} INFO - [2023-09-05T12:34:13.754+0000] {dag.py:3677} INFO - Setting next_dagrun for example_trigger_target_dag to None, run_after=None
[2023-09-05T12:34:13.769+0000] {processor.py:179} INFO - Processing /home/airflow/.local/lib/python3.8/site-packages/airflow/example_dags/example_trigger_target_dag.py took 0.070 seconds
[2023-09-05T12:34:44.119+0000] {processor.py:157} INFO - Started process (PID=163) to work on /home/airflow/.local/lib/python3.8/site-packages/airflow/example_dags/example_trigger_target_dag.py
[2023-09-05T12:34:44.122+0000] {processor.py:829} INFO - Processing file /home/airflow/.local/lib/python3.8/site-packages/airflow/example_dags/example_trigger_target_dag.py for tasks to queue
[2023-09-05T12:34:44.127+0000] {logging_mixin.py:151} INFO - [2023-09-05T12:34:44.126+0000] {dagbag.py:539} INFO - Filling up the DagBag from /home/airflow/.local/lib/python3.8/site-packages/airflow/example_dags/example_trigger_target_dag.py
[2023-09-05T12:34:44.137+0000] {processor.py:839} INFO - DAG(s) dict_keys(['example_trigger_target_dag']) retrieved from /home/airflow/.local/lib/python3.8/site-packages/airflow/example_dags/example_trigger_target_dag.py
[2023-09-05T12:34:44.183+0000] {logging_mixin.py:151} INFO - [2023-09-05T12:34:44.183+0000] {dag.py:2907} INFO - Sync 1 DAGs
[2023-09-05T12:34:44.201+0000] {logging_mixin.py:151} INFO - [2023-09-05T12:34:44.200+0000] {dag.py:3677} INFO - Setting next_dagrun for example_trigger_target_dag to None, run_after=None
[2023-09-05T12:34:44.247+0000] {processor.py:179} INFO - Processing /home/airflow/.local/lib/python3.8/site-packages/airflow/example_dags/example_trigger_target_dag.py took 0.133 seconds
[2023-09-05T12:40:50.719+0000] {processor.py:157} INFO - Started process (PID=54) to work on /home/airflow/.local/lib/python3.8/site-packages/airflow/example_dags/example_trigger_target_dag.py
[2023-09-05T12:40:50.721+0000] {processor.py:829} INFO - Processing file /home/airflow/.local/lib/python3.8/site-packages/airflow/example_dags/example_trigger_target_dag.py for tasks to queue
[2023-09-05T12:40:50.724+0000] {logging_mixin.py:151} INFO - [2023-09-05T12:40:50.724+0000] {dagbag.py:539} INFO - Filling up the DagBag from /home/airflow/.local/lib/python3.8/site-packages/airflow/example_dags/example_trigger_target_dag.py
[2023-09-05T12:40:50.736+0000] {processor.py:839} INFO - DAG(s) dict_keys(['example_trigger_target_dag']) retrieved from /home/airflow/.local/lib/python3.8/site-packages/airflow/example_dags/example_trigger_target_dag.py
[2023-09-05T12:40:50.863+0000] {logging_mixin.py:151} INFO - [2023-09-05T12:40:50.863+0000] {manager.py:501} INFO - Created Permission View: can read on DAG:example_trigger_target_dag
[2023-09-05T12:40:50.870+0000] {logging_mixin.py:151} INFO - [2023-09-05T12:40:50.870+0000] {manager.py:501} INFO - Created Permission View: can edit on DAG:example_trigger_target_dag
[2023-09-05T12:40:50.874+0000] {logging_mixin.py:151} INFO - [2023-09-05T12:40:50.873+0000] {manager.py:501} INFO - Created Permission View: can delete on DAG:example_trigger_target_dag
[2023-09-05T12:40:50.881+0000] {logging_mixin.py:151} INFO - [2023-09-05T12:40:50.881+0000] {dag.py:2907} INFO - Sync 1 DAGs
[2023-09-05T12:40:50.887+0000] {logging_mixin.py:151} INFO - [2023-09-05T12:40:50.887+0000] {dag.py:2929} INFO - Creating ORM DAG for example_trigger_target_dag
[2023-09-05T12:40:50.888+0000] {logging_mixin.py:151} INFO - [2023-09-05T12:40:50.888+0000] {dag.py:3677} INFO - Setting next_dagrun for example_trigger_target_dag to None, run_after=None
[2023-09-05T12:40:50.898+0000] {processor.py:179} INFO - Processing /home/airflow/.local/lib/python3.8/site-packages/airflow/example_dags/example_trigger_target_dag.py took 0.183 seconds
[2023-09-05T12:41:21.680+0000] {processor.py:157} INFO - Started process (PID=108) to work on /home/airflow/.local/lib/python3.8/site-packages/airflow/example_dags/example_trigger_target_dag.py
[2023-09-05T12:41:21.681+0000] {processor.py:829} INFO - Processing file /home/airflow/.local/lib/python3.8/site-packages/airflow/example_dags/example_trigger_target_dag.py for tasks to queue
[2023-09-05T12:41:21.683+0000] {logging_mixin.py:151} INFO - [2023-09-05T12:41:21.683+0000] {dagbag.py:539} INFO - Filling up the DagBag from /home/airflow/.local/lib/python3.8/site-packages/airflow/example_dags/example_trigger_target_dag.py
[2023-09-05T12:41:21.688+0000] {processor.py:839} INFO - DAG(s) dict_keys(['example_trigger_target_dag']) retrieved from /home/airflow/.local/lib/python3.8/site-packages/airflow/example_dags/example_trigger_target_dag.py
[2023-09-05T12:41:21.706+0000] {logging_mixin.py:151} INFO - [2023-09-05T12:41:21.705+0000] {dag.py:2907} INFO - Sync 1 DAGs
[2023-09-05T12:41:21.714+0000] {logging_mixin.py:151} INFO - [2023-09-05T12:41:21.714+0000] {dag.py:3677} INFO - Setting next_dagrun for example_trigger_target_dag to None, run_after=None
[2023-09-05T12:41:21.726+0000] {processor.py:179} INFO - Processing /home/airflow/.local/lib/python3.8/site-packages/airflow/example_dags/example_trigger_target_dag.py took 0.048 seconds
[2023-09-05T12:41:52.232+0000] {processor.py:157} INFO - Started process (PID=162) to work on /home/airflow/.local/lib/python3.8/site-packages/airflow/example_dags/example_trigger_target_dag.py
[2023-09-05T12:41:52.233+0000] {processor.py:829} INFO - Processing file /home/airflow/.local/lib/python3.8/site-packages/airflow/example_dags/example_trigger_target_dag.py for tasks to queue
[2023-09-05T12:41:52.235+0000] {logging_mixin.py:151} INFO - [2023-09-05T12:41:52.235+0000] {dagbag.py:539} INFO - Filling up the DagBag from /home/airflow/.local/lib/python3.8/site-packages/airflow/example_dags/example_trigger_target_dag.py
[2023-09-05T12:41:52.240+0000] {processor.py:839} INFO - DAG(s) dict_keys(['example_trigger_target_dag']) retrieved from /home/airflow/.local/lib/python3.8/site-packages/airflow/example_dags/example_trigger_target_dag.py
[2023-09-05T12:41:52.256+0000] {logging_mixin.py:151} INFO - [2023-09-05T12:41:52.256+0000] {dag.py:2907} INFO - Sync 1 DAGs
[2023-09-05T12:41:52.264+0000] {logging_mixin.py:151} INFO - [2023-09-05T12:41:52.264+0000] {dag.py:3677} INFO - Setting next_dagrun for example_trigger_target_dag to None, run_after=None
[2023-09-05T12:41:52.275+0000] {processor.py:179} INFO - Processing /home/airflow/.local/lib/python3.8/site-packages/airflow/example_dags/example_trigger_target_dag.py took 0.044 seconds
[2023-09-05T12:42:22.876+0000] {processor.py:157} INFO - Started process (PID=216) to work on /home/airflow/.local/lib/python3.8/site-packages/airflow/example_dags/example_trigger_target_dag.py
[2023-09-05T12:42:22.877+0000] {processor.py:829} INFO - Processing file /home/airflow/.local/lib/python3.8/site-packages/airflow/example_dags/example_trigger_target_dag.py for tasks to queue
[2023-09-05T12:42:22.879+0000] {logging_mixin.py:151} INFO - [2023-09-05T12:42:22.879+0000] {dagbag.py:539} INFO - Filling up the DagBag from /home/airflow/.local/lib/python3.8/site-packages/airflow/example_dags/example_trigger_target_dag.py
[2023-09-05T12:42:22.884+0000] {processor.py:839} INFO - DAG(s) dict_keys(['example_trigger_target_dag']) retrieved from /home/airflow/.local/lib/python3.8/site-packages/airflow/example_dags/example_trigger_target_dag.py
[2023-09-05T12:42:22.901+0000] {logging_mixin.py:151} INFO - [2023-09-05T12:42:22.900+0000] {dag.py:2907} INFO - Sync 1 DAGs
[2023-09-05T12:42:22.909+0000] {logging_mixin.py:151} INFO - [2023-09-05T12:42:22.908+0000] {dag.py:3677} INFO - Setting next_dagrun for example_trigger_target_dag to None, run_after=None
[2023-09-05T12:42:22.919+0000] {processor.py:179} INFO - Processing /home/airflow/.local/lib/python3.8/site-packages/airflow/example_dags/example_trigger_target_dag.py took 0.046 seconds
[2023-09-05T12:42:53.482+0000] {processor.py:157} INFO - Started process (PID=270) to work on /home/airflow/.local/lib/python3.8/site-packages/airflow/example_dags/example_trigger_target_dag.py
[2023-09-05T12:42:53.483+0000] {processor.py:829} INFO - Processing file /home/airflow/.local/lib/python3.8/site-packages/airflow/example_dags/example_trigger_target_dag.py for tasks to queue
[2023-09-05T12:42:53.485+0000] {logging_mixin.py:151} INFO - [2023-09-05T12:42:53.485+0000] {dagbag.py:539} INFO - Filling up the DagBag from /home/airflow/.local/lib/python3.8/site-packages/airflow/example_dags/example_trigger_target_dag.py
[2023-09-05T12:42:53.490+0000] {processor.py:839} INFO - DAG(s) dict_keys(['example_trigger_target_dag']) retrieved from /home/airflow/.local/lib/python3.8/site-packages/airflow/example_dags/example_trigger_target_dag.py
[2023-09-05T12:42:53.507+0000] {logging_mixin.py:151} INFO - [2023-09-05T12:42:53.507+0000] {dag.py:2907} INFO - Sync 1 DAGs
[2023-09-05T12:42:53.514+0000] {logging_mixin.py:151} INFO - [2023-09-05T12:42:53.514+0000] {dag.py:3677} INFO - Setting next_dagrun for example_trigger_target_dag to None, run_after=None
[2023-09-05T12:42:53.525+0000] {processor.py:179} INFO - Processing /home/airflow/.local/lib/python3.8/site-packages/airflow/example_dags/example_trigger_target_dag.py took 0.045 seconds
[2023-09-05T12:44:37.598+0000] {processor.py:157} INFO - Started process (PID=53) to work on /home/airflow/.local/lib/python3.8/site-packages/airflow/example_dags/example_trigger_target_dag.py
[2023-09-05T12:44:37.599+0000] {processor.py:829} INFO - Processing file /home/airflow/.local/lib/python3.8/site-packages/airflow/example_dags/example_trigger_target_dag.py for tasks to queue
[2023-09-05T12:44:37.602+0000] {logging_mixin.py:151} INFO - [2023-09-05T12:44:37.601+0000] {dagbag.py:539} INFO - Filling up the DagBag from /home/airflow/.local/lib/python3.8/site-packages/airflow/example_dags/example_trigger_target_dag.py
[2023-09-05T12:44:37.609+0000] {processor.py:839} INFO - DAG(s) dict_keys(['example_trigger_target_dag']) retrieved from /home/airflow/.local/lib/python3.8/site-packages/airflow/example_dags/example_trigger_target_dag.py
[2023-09-05T12:44:37.687+0000] {logging_mixin.py:151} INFO - [2023-09-05T12:44:37.687+0000] {manager.py:501} INFO - Created Permission View: can edit on DAG:example_trigger_target_dag
[2023-09-05T12:44:37.693+0000] {logging_mixin.py:151} INFO - [2023-09-05T12:44:37.693+0000] {manager.py:501} INFO - Created Permission View: can read on DAG:example_trigger_target_dag
[2023-09-05T12:44:37.697+0000] {logging_mixin.py:151} INFO - [2023-09-05T12:44:37.697+0000] {manager.py:501} INFO - Created Permission View: can delete on DAG:example_trigger_target_dag
[2023-09-05T12:44:37.705+0000] {logging_mixin.py:151} INFO - [2023-09-05T12:44:37.705+0000] {dag.py:2907} INFO - Sync 1 DAGs
[2023-09-05T12:44:37.711+0000] {logging_mixin.py:151} INFO - [2023-09-05T12:44:37.711+0000] {dag.py:2929} INFO - Creating ORM DAG for example_trigger_target_dag
[2023-09-05T12:44:37.713+0000] {logging_mixin.py:151} INFO - [2023-09-05T12:44:37.713+0000] {dag.py:3677} INFO - Setting next_dagrun for example_trigger_target_dag to None, run_after=None
[2023-09-05T12:44:37.724+0000] {processor.py:179} INFO - Processing /home/airflow/.local/lib/python3.8/site-packages/airflow/example_dags/example_trigger_target_dag.py took 0.128 seconds
[2023-09-05T12:45:08.572+0000] {processor.py:157} INFO - Started process (PID=107) to work on /home/airflow/.local/lib/python3.8/site-packages/airflow/example_dags/example_trigger_target_dag.py
[2023-09-05T12:45:08.573+0000] {processor.py:829} INFO - Processing file /home/airflow/.local/lib/python3.8/site-packages/airflow/example_dags/example_trigger_target_dag.py for tasks to queue
[2023-09-05T12:45:08.576+0000] {logging_mixin.py:151} INFO - [2023-09-05T12:45:08.575+0000] {dagbag.py:539} INFO - Filling up the DagBag from /home/airflow/.local/lib/python3.8/site-packages/airflow/example_dags/example_trigger_target_dag.py
[2023-09-05T12:45:08.581+0000] {processor.py:839} INFO - DAG(s) dict_keys(['example_trigger_target_dag']) retrieved from /home/airflow/.local/lib/python3.8/site-packages/airflow/example_dags/example_trigger_target_dag.py
[2023-09-05T12:45:08.597+0000] {logging_mixin.py:151} INFO - [2023-09-05T12:45:08.597+0000] {dag.py:2907} INFO - Sync 1 DAGs
[2023-09-05T12:45:08.605+0000] {logging_mixin.py:151} INFO - [2023-09-05T12:45:08.605+0000] {dag.py:3677} INFO - Setting next_dagrun for example_trigger_target_dag to None, run_after=None
[2023-09-05T12:45:08.615+0000] {processor.py:179} INFO - Processing /home/airflow/.local/lib/python3.8/site-packages/airflow/example_dags/example_trigger_target_dag.py took 0.046 seconds
[2023-09-05T12:45:39.052+0000] {processor.py:157} INFO - Started process (PID=161) to work on /home/airflow/.local/lib/python3.8/site-packages/airflow/example_dags/example_trigger_target_dag.py
[2023-09-05T12:45:39.053+0000] {processor.py:829} INFO - Processing file /home/airflow/.local/lib/python3.8/site-packages/airflow/example_dags/example_trigger_target_dag.py for tasks to queue
[2023-09-05T12:45:39.055+0000] {logging_mixin.py:151} INFO - [2023-09-05T12:45:39.054+0000] {dagbag.py:539} INFO - Filling up the DagBag from /home/airflow/.local/lib/python3.8/site-packages/airflow/example_dags/example_trigger_target_dag.py
[2023-09-05T12:45:39.059+0000] {processor.py:839} INFO - DAG(s) dict_keys(['example_trigger_target_dag']) retrieved from /home/airflow/.local/lib/python3.8/site-packages/airflow/example_dags/example_trigger_target_dag.py
[2023-09-05T12:45:39.076+0000] {logging_mixin.py:151} INFO - [2023-09-05T12:45:39.076+0000] {dag.py:2907} INFO - Sync 1 DAGs
[2023-09-05T12:45:39.083+0000] {logging_mixin.py:151} INFO - [2023-09-05T12:45:39.083+0000] {dag.py:3677} INFO - Setting next_dagrun for example_trigger_target_dag to None, run_after=None
[2023-09-05T12:45:39.095+0000] {processor.py:179} INFO - Processing /home/airflow/.local/lib/python3.8/site-packages/airflow/example_dags/example_trigger_target_dag.py took 0.046 seconds
