[2023-09-05T12:33:39.832+0000] {processor.py:157} INFO - Started process (PID=38) to work on /home/airflow/.local/lib/python3.8/site-packages/airflow/example_dags/example_setup_teardown_taskflow.py
[2023-09-05T12:33:39.834+0000] {processor.py:829} INFO - Processing file /home/airflow/.local/lib/python3.8/site-packages/airflow/example_dags/example_setup_teardown_taskflow.py for tasks to queue
[2023-09-05T12:33:39.837+0000] {logging_mixin.py:151} INFO - [2023-09-05T12:33:39.837+0000] {dagbag.py:539} INFO - Filling up the DagBag from /home/airflow/.local/lib/python3.8/site-packages/airflow/example_dags/example_setup_teardown_taskflow.py
[2023-09-05T12:33:39.851+0000] {processor.py:839} INFO - DAG(s) dict_keys(['example_setup_teardown_taskflow']) retrieved from /home/airflow/.local/lib/python3.8/site-packages/airflow/example_dags/example_setup_teardown_taskflow.py
[2023-09-05T12:33:39.975+0000] {logging_mixin.py:151} INFO - [2023-09-05T12:33:39.975+0000] {dag.py:2907} INFO - Sync 1 DAGs
[2023-09-05T12:33:39.989+0000] {logging_mixin.py:151} INFO - [2023-09-05T12:33:39.988+0000] {dag.py:3677} INFO - Setting next_dagrun for example_setup_teardown_taskflow to 2023-09-04T12:33:39.988719+00:00, run_after=2023-09-05T12:33:39.988719+00:00
[2023-09-05T12:33:39.998+0000] {processor.py:179} INFO - Processing /home/airflow/.local/lib/python3.8/site-packages/airflow/example_dags/example_setup_teardown_taskflow.py took 0.170 seconds
[2023-09-05T12:34:10.791+0000] {processor.py:157} INFO - Started process (PID=93) to work on /home/airflow/.local/lib/python3.8/site-packages/airflow/example_dags/example_setup_teardown_taskflow.py
[2023-09-05T12:34:10.792+0000] {processor.py:829} INFO - Processing file /home/airflow/.local/lib/python3.8/site-packages/airflow/example_dags/example_setup_teardown_taskflow.py for tasks to queue
[2023-09-05T12:34:10.794+0000] {logging_mixin.py:151} INFO - [2023-09-05T12:34:10.793+0000] {dagbag.py:539} INFO - Filling up the DagBag from /home/airflow/.local/lib/python3.8/site-packages/airflow/example_dags/example_setup_teardown_taskflow.py
[2023-09-05T12:34:10.801+0000] {processor.py:839} INFO - DAG(s) dict_keys(['example_setup_teardown_taskflow']) retrieved from /home/airflow/.local/lib/python3.8/site-packages/airflow/example_dags/example_setup_teardown_taskflow.py
[2023-09-05T12:34:10.819+0000] {logging_mixin.py:151} INFO - [2023-09-05T12:34:10.819+0000] {dag.py:2907} INFO - Sync 1 DAGs
[2023-09-05T12:34:10.831+0000] {logging_mixin.py:151} INFO - [2023-09-05T12:34:10.831+0000] {dag.py:3677} INFO - Setting next_dagrun for example_setup_teardown_taskflow to 2023-09-04T12:34:10.831520+00:00, run_after=2023-09-05T12:34:10.831520+00:00
[2023-09-05T12:34:10.842+0000] {processor.py:179} INFO - Processing /home/airflow/.local/lib/python3.8/site-packages/airflow/example_dags/example_setup_teardown_taskflow.py took 0.054 seconds
[2023-09-05T12:34:40.916+0000] {processor.py:157} INFO - Started process (PID=147) to work on /home/airflow/.local/lib/python3.8/site-packages/airflow/example_dags/example_setup_teardown_taskflow.py
[2023-09-05T12:34:40.917+0000] {processor.py:829} INFO - Processing file /home/airflow/.local/lib/python3.8/site-packages/airflow/example_dags/example_setup_teardown_taskflow.py for tasks to queue
[2023-09-05T12:34:40.919+0000] {logging_mixin.py:151} INFO - [2023-09-05T12:34:40.919+0000] {dagbag.py:539} INFO - Filling up the DagBag from /home/airflow/.local/lib/python3.8/site-packages/airflow/example_dags/example_setup_teardown_taskflow.py
[2023-09-05T12:34:40.927+0000] {processor.py:839} INFO - DAG(s) dict_keys(['example_setup_teardown_taskflow']) retrieved from /home/airflow/.local/lib/python3.8/site-packages/airflow/example_dags/example_setup_teardown_taskflow.py
[2023-09-05T12:34:40.944+0000] {logging_mixin.py:151} INFO - [2023-09-05T12:34:40.944+0000] {dag.py:2907} INFO - Sync 1 DAGs
[2023-09-05T12:34:40.957+0000] {logging_mixin.py:151} INFO - [2023-09-05T12:34:40.957+0000] {dag.py:3677} INFO - Setting next_dagrun for example_setup_teardown_taskflow to 2023-09-04T12:34:40.957208+00:00, run_after=2023-09-05T12:34:40.957208+00:00
[2023-09-05T12:34:40.967+0000] {processor.py:179} INFO - Processing /home/airflow/.local/lib/python3.8/site-packages/airflow/example_dags/example_setup_teardown_taskflow.py took 0.054 seconds
[2023-09-05T12:40:46.855+0000] {processor.py:157} INFO - Started process (PID=38) to work on /home/airflow/.local/lib/python3.8/site-packages/airflow/example_dags/example_setup_teardown_taskflow.py
[2023-09-05T12:40:46.857+0000] {processor.py:829} INFO - Processing file /home/airflow/.local/lib/python3.8/site-packages/airflow/example_dags/example_setup_teardown_taskflow.py for tasks to queue
[2023-09-05T12:40:46.861+0000] {logging_mixin.py:151} INFO - [2023-09-05T12:40:46.860+0000] {dagbag.py:539} INFO - Filling up the DagBag from /home/airflow/.local/lib/python3.8/site-packages/airflow/example_dags/example_setup_teardown_taskflow.py
[2023-09-05T12:40:46.872+0000] {processor.py:839} INFO - DAG(s) dict_keys(['example_setup_teardown_taskflow']) retrieved from /home/airflow/.local/lib/python3.8/site-packages/airflow/example_dags/example_setup_teardown_taskflow.py
[2023-09-05T12:40:47.130+0000] {logging_mixin.py:151} INFO - [2023-09-05T12:40:47.130+0000] {manager.py:501} INFO - Created Permission View: can read on DAG:example_setup_teardown_taskflow
[2023-09-05T12:40:47.143+0000] {logging_mixin.py:151} INFO - [2023-09-05T12:40:47.143+0000] {manager.py:501} INFO - Created Permission View: can edit on DAG:example_setup_teardown_taskflow
[2023-09-05T12:40:47.147+0000] {logging_mixin.py:151} INFO - [2023-09-05T12:40:47.147+0000] {manager.py:501} INFO - Created Permission View: can delete on DAG:example_setup_teardown_taskflow
[2023-09-05T12:40:47.165+0000] {logging_mixin.py:151} INFO - [2023-09-05T12:40:47.165+0000] {dag.py:2907} INFO - Sync 1 DAGs
[2023-09-05T12:40:47.178+0000] {logging_mixin.py:151} INFO - [2023-09-05T12:40:47.178+0000] {dag.py:2929} INFO - Creating ORM DAG for example_setup_teardown_taskflow
[2023-09-05T12:40:47.202+0000] {logging_mixin.py:151} INFO - [2023-09-05T12:40:47.201+0000] {dag.py:3677} INFO - Setting next_dagrun for example_setup_teardown_taskflow to 2023-09-04T12:40:47.201616+00:00, run_after=2023-09-05T12:40:47.201616+00:00
[2023-09-05T12:40:47.217+0000] {processor.py:179} INFO - Processing /home/airflow/.local/lib/python3.8/site-packages/airflow/example_dags/example_setup_teardown_taskflow.py took 0.364 seconds
[2023-09-05T12:41:17.805+0000] {processor.py:157} INFO - Started process (PID=92) to work on /home/airflow/.local/lib/python3.8/site-packages/airflow/example_dags/example_setup_teardown_taskflow.py
[2023-09-05T12:41:17.806+0000] {processor.py:829} INFO - Processing file /home/airflow/.local/lib/python3.8/site-packages/airflow/example_dags/example_setup_teardown_taskflow.py for tasks to queue
[2023-09-05T12:41:17.808+0000] {logging_mixin.py:151} INFO - [2023-09-05T12:41:17.808+0000] {dagbag.py:539} INFO - Filling up the DagBag from /home/airflow/.local/lib/python3.8/site-packages/airflow/example_dags/example_setup_teardown_taskflow.py
[2023-09-05T12:41:17.815+0000] {processor.py:839} INFO - DAG(s) dict_keys(['example_setup_teardown_taskflow']) retrieved from /home/airflow/.local/lib/python3.8/site-packages/airflow/example_dags/example_setup_teardown_taskflow.py
[2023-09-05T12:41:17.831+0000] {logging_mixin.py:151} INFO - [2023-09-05T12:41:17.831+0000] {dag.py:2907} INFO - Sync 1 DAGs
[2023-09-05T12:41:17.844+0000] {logging_mixin.py:151} INFO - [2023-09-05T12:41:17.844+0000] {dag.py:3677} INFO - Setting next_dagrun for example_setup_teardown_taskflow to 2023-09-04T12:41:17.843799+00:00, run_after=2023-09-05T12:41:17.843799+00:00
[2023-09-05T12:41:17.853+0000] {processor.py:179} INFO - Processing /home/airflow/.local/lib/python3.8/site-packages/airflow/example_dags/example_setup_teardown_taskflow.py took 0.052 seconds
[2023-09-05T12:41:48.408+0000] {processor.py:157} INFO - Started process (PID=146) to work on /home/airflow/.local/lib/python3.8/site-packages/airflow/example_dags/example_setup_teardown_taskflow.py
[2023-09-05T12:41:48.409+0000] {processor.py:829} INFO - Processing file /home/airflow/.local/lib/python3.8/site-packages/airflow/example_dags/example_setup_teardown_taskflow.py for tasks to queue
[2023-09-05T12:41:48.412+0000] {logging_mixin.py:151} INFO - [2023-09-05T12:41:48.411+0000] {dagbag.py:539} INFO - Filling up the DagBag from /home/airflow/.local/lib/python3.8/site-packages/airflow/example_dags/example_setup_teardown_taskflow.py
[2023-09-05T12:41:48.418+0000] {processor.py:839} INFO - DAG(s) dict_keys(['example_setup_teardown_taskflow']) retrieved from /home/airflow/.local/lib/python3.8/site-packages/airflow/example_dags/example_setup_teardown_taskflow.py
[2023-09-05T12:41:48.436+0000] {logging_mixin.py:151} INFO - [2023-09-05T12:41:48.436+0000] {dag.py:2907} INFO - Sync 1 DAGs
[2023-09-05T12:41:48.449+0000] {logging_mixin.py:151} INFO - [2023-09-05T12:41:48.449+0000] {dag.py:3677} INFO - Setting next_dagrun for example_setup_teardown_taskflow to 2023-09-04T12:41:48.449404+00:00, run_after=2023-09-05T12:41:48.449404+00:00
[2023-09-05T12:41:48.460+0000] {processor.py:179} INFO - Processing /home/airflow/.local/lib/python3.8/site-packages/airflow/example_dags/example_setup_teardown_taskflow.py took 0.055 seconds
[2023-09-05T12:42:19.050+0000] {processor.py:157} INFO - Started process (PID=200) to work on /home/airflow/.local/lib/python3.8/site-packages/airflow/example_dags/example_setup_teardown_taskflow.py
[2023-09-05T12:42:19.052+0000] {processor.py:829} INFO - Processing file /home/airflow/.local/lib/python3.8/site-packages/airflow/example_dags/example_setup_teardown_taskflow.py for tasks to queue
[2023-09-05T12:42:19.054+0000] {logging_mixin.py:151} INFO - [2023-09-05T12:42:19.053+0000] {dagbag.py:539} INFO - Filling up the DagBag from /home/airflow/.local/lib/python3.8/site-packages/airflow/example_dags/example_setup_teardown_taskflow.py
[2023-09-05T12:42:19.060+0000] {processor.py:839} INFO - DAG(s) dict_keys(['example_setup_teardown_taskflow']) retrieved from /home/airflow/.local/lib/python3.8/site-packages/airflow/example_dags/example_setup_teardown_taskflow.py
[2023-09-05T12:42:19.076+0000] {logging_mixin.py:151} INFO - [2023-09-05T12:42:19.076+0000] {dag.py:2907} INFO - Sync 1 DAGs
[2023-09-05T12:42:19.088+0000] {logging_mixin.py:151} INFO - [2023-09-05T12:42:19.088+0000] {dag.py:3677} INFO - Setting next_dagrun for example_setup_teardown_taskflow to 2023-09-04T12:42:19.088537+00:00, run_after=2023-09-05T12:42:19.088537+00:00
[2023-09-05T12:42:19.098+0000] {processor.py:179} INFO - Processing /home/airflow/.local/lib/python3.8/site-packages/airflow/example_dags/example_setup_teardown_taskflow.py took 0.051 seconds
[2023-09-05T12:42:49.623+0000] {processor.py:157} INFO - Started process (PID=254) to work on /home/airflow/.local/lib/python3.8/site-packages/airflow/example_dags/example_setup_teardown_taskflow.py
[2023-09-05T12:42:49.624+0000] {processor.py:829} INFO - Processing file /home/airflow/.local/lib/python3.8/site-packages/airflow/example_dags/example_setup_teardown_taskflow.py for tasks to queue
[2023-09-05T12:42:49.626+0000] {logging_mixin.py:151} INFO - [2023-09-05T12:42:49.626+0000] {dagbag.py:539} INFO - Filling up the DagBag from /home/airflow/.local/lib/python3.8/site-packages/airflow/example_dags/example_setup_teardown_taskflow.py
[2023-09-05T12:42:49.633+0000] {processor.py:839} INFO - DAG(s) dict_keys(['example_setup_teardown_taskflow']) retrieved from /home/airflow/.local/lib/python3.8/site-packages/airflow/example_dags/example_setup_teardown_taskflow.py
[2023-09-05T12:42:49.650+0000] {logging_mixin.py:151} INFO - [2023-09-05T12:42:49.650+0000] {dag.py:2907} INFO - Sync 1 DAGs
[2023-09-05T12:42:49.663+0000] {logging_mixin.py:151} INFO - [2023-09-05T12:42:49.663+0000] {dag.py:3677} INFO - Setting next_dagrun for example_setup_teardown_taskflow to 2023-09-04T12:42:49.662902+00:00, run_after=2023-09-05T12:42:49.662902+00:00
[2023-09-05T12:42:49.673+0000] {processor.py:179} INFO - Processing /home/airflow/.local/lib/python3.8/site-packages/airflow/example_dags/example_setup_teardown_taskflow.py took 0.053 seconds
[2023-09-05T12:44:33.918+0000] {processor.py:157} INFO - Started process (PID=37) to work on /home/airflow/.local/lib/python3.8/site-packages/airflow/example_dags/example_setup_teardown_taskflow.py
[2023-09-05T12:44:33.921+0000] {processor.py:829} INFO - Processing file /home/airflow/.local/lib/python3.8/site-packages/airflow/example_dags/example_setup_teardown_taskflow.py for tasks to queue
[2023-09-05T12:44:33.933+0000] {logging_mixin.py:151} INFO - [2023-09-05T12:44:33.932+0000] {dagbag.py:539} INFO - Filling up the DagBag from /home/airflow/.local/lib/python3.8/site-packages/airflow/example_dags/example_setup_teardown_taskflow.py
[2023-09-05T12:44:33.955+0000] {processor.py:839} INFO - DAG(s) dict_keys(['example_setup_teardown_taskflow']) retrieved from /home/airflow/.local/lib/python3.8/site-packages/airflow/example_dags/example_setup_teardown_taskflow.py
[2023-09-05T12:44:34.281+0000] {logging_mixin.py:151} INFO - [2023-09-05T12:44:34.280+0000] {manager.py:501} INFO - Created Permission View: can edit on DAG:example_setup_teardown_taskflow
[2023-09-05T12:44:34.290+0000] {logging_mixin.py:151} INFO - [2023-09-05T12:44:34.290+0000] {manager.py:501} INFO - Created Permission View: can read on DAG:example_setup_teardown_taskflow
[2023-09-05T12:44:34.295+0000] {logging_mixin.py:151} INFO - [2023-09-05T12:44:34.295+0000] {manager.py:501} INFO - Created Permission View: can delete on DAG:example_setup_teardown_taskflow
[2023-09-05T12:44:34.306+0000] {logging_mixin.py:151} INFO - [2023-09-05T12:44:34.305+0000] {dag.py:2907} INFO - Sync 1 DAGs
[2023-09-05T12:44:34.316+0000] {logging_mixin.py:151} INFO - [2023-09-05T12:44:34.316+0000] {dag.py:2929} INFO - Creating ORM DAG for example_setup_teardown_taskflow
[2023-09-05T12:44:34.326+0000] {logging_mixin.py:151} INFO - [2023-09-05T12:44:34.326+0000] {dag.py:3677} INFO - Setting next_dagrun for example_setup_teardown_taskflow to 2023-09-04T12:44:34.325998+00:00, run_after=2023-09-05T12:44:34.325998+00:00
[2023-09-05T12:44:34.357+0000] {processor.py:179} INFO - Processing /home/airflow/.local/lib/python3.8/site-packages/airflow/example_dags/example_setup_teardown_taskflow.py took 0.446 seconds
[2023-09-05T12:45:04.801+0000] {processor.py:157} INFO - Started process (PID=91) to work on /home/airflow/.local/lib/python3.8/site-packages/airflow/example_dags/example_setup_teardown_taskflow.py
[2023-09-05T12:45:04.802+0000] {processor.py:829} INFO - Processing file /home/airflow/.local/lib/python3.8/site-packages/airflow/example_dags/example_setup_teardown_taskflow.py for tasks to queue
[2023-09-05T12:45:04.804+0000] {logging_mixin.py:151} INFO - [2023-09-05T12:45:04.804+0000] {dagbag.py:539} INFO - Filling up the DagBag from /home/airflow/.local/lib/python3.8/site-packages/airflow/example_dags/example_setup_teardown_taskflow.py
[2023-09-05T12:45:04.811+0000] {processor.py:839} INFO - DAG(s) dict_keys(['example_setup_teardown_taskflow']) retrieved from /home/airflow/.local/lib/python3.8/site-packages/airflow/example_dags/example_setup_teardown_taskflow.py
[2023-09-05T12:45:04.828+0000] {logging_mixin.py:151} INFO - [2023-09-05T12:45:04.828+0000] {dag.py:2907} INFO - Sync 1 DAGs
[2023-09-05T12:45:04.843+0000] {logging_mixin.py:151} INFO - [2023-09-05T12:45:04.843+0000] {dag.py:3677} INFO - Setting next_dagrun for example_setup_teardown_taskflow to 2023-09-04T12:45:04.842814+00:00, run_after=2023-09-05T12:45:04.842814+00:00
[2023-09-05T12:45:04.854+0000] {processor.py:179} INFO - Processing /home/airflow/.local/lib/python3.8/site-packages/airflow/example_dags/example_setup_teardown_taskflow.py took 0.056 seconds
[2023-09-05T12:45:35.296+0000] {processor.py:157} INFO - Started process (PID=145) to work on /home/airflow/.local/lib/python3.8/site-packages/airflow/example_dags/example_setup_teardown_taskflow.py
[2023-09-05T12:45:35.298+0000] {processor.py:829} INFO - Processing file /home/airflow/.local/lib/python3.8/site-packages/airflow/example_dags/example_setup_teardown_taskflow.py for tasks to queue
[2023-09-05T12:45:35.300+0000] {logging_mixin.py:151} INFO - [2023-09-05T12:45:35.299+0000] {dagbag.py:539} INFO - Filling up the DagBag from /home/airflow/.local/lib/python3.8/site-packages/airflow/example_dags/example_setup_teardown_taskflow.py
[2023-09-05T12:45:35.307+0000] {processor.py:839} INFO - DAG(s) dict_keys(['example_setup_teardown_taskflow']) retrieved from /home/airflow/.local/lib/python3.8/site-packages/airflow/example_dags/example_setup_teardown_taskflow.py
[2023-09-05T12:45:35.326+0000] {logging_mixin.py:151} INFO - [2023-09-05T12:45:35.326+0000] {dag.py:2907} INFO - Sync 1 DAGs
[2023-09-05T12:45:35.340+0000] {logging_mixin.py:151} INFO - [2023-09-05T12:45:35.340+0000] {dag.py:3677} INFO - Setting next_dagrun for example_setup_teardown_taskflow to 2023-09-04T12:45:35.340404+00:00, run_after=2023-09-05T12:45:35.340404+00:00
[2023-09-05T12:45:35.352+0000] {processor.py:179} INFO - Processing /home/airflow/.local/lib/python3.8/site-packages/airflow/example_dags/example_setup_teardown_taskflow.py took 0.059 seconds
