[2023-09-05T12:33:40.186+0000] {processor.py:157} INFO - Started process (PID=41) to work on /home/airflow/.local/lib/python3.8/site-packages/airflow/example_dags/example_task_group_decorator.py
[2023-09-05T12:33:40.188+0000] {processor.py:829} INFO - Processing file /home/airflow/.local/lib/python3.8/site-packages/airflow/example_dags/example_task_group_decorator.py for tasks to queue
[2023-09-05T12:33:40.189+0000] {logging_mixin.py:151} INFO - [2023-09-05T12:33:40.189+0000] {dagbag.py:539} INFO - Filling up the DagBag from /home/airflow/.local/lib/python3.8/site-packages/airflow/example_dags/example_task_group_decorator.py
[2023-09-05T12:33:40.308+0000] {processor.py:839} INFO - DAG(s) dict_keys(['example_task_group_decorator']) retrieved from /home/airflow/.local/lib/python3.8/site-packages/airflow/example_dags/example_task_group_decorator.py
[2023-09-05T12:33:40.322+0000] {logging_mixin.py:151} INFO - [2023-09-05T12:33:40.322+0000] {dag.py:2907} INFO - Sync 1 DAGs
[2023-09-05T12:33:40.343+0000] {logging_mixin.py:151} INFO - [2023-09-05T12:33:40.343+0000] {dag.py:3677} INFO - Setting next_dagrun for example_task_group_decorator to 2023-09-04T12:33:40.342839+00:00, run_after=2023-09-05T12:33:40.342839+00:00
[2023-09-05T12:33:40.356+0000] {processor.py:179} INFO - Processing /home/airflow/.local/lib/python3.8/site-packages/airflow/example_dags/example_task_group_decorator.py took 0.173 seconds
[2023-09-05T12:34:10.896+0000] {processor.py:157} INFO - Started process (PID=96) to work on /home/airflow/.local/lib/python3.8/site-packages/airflow/example_dags/example_task_group_decorator.py
[2023-09-05T12:34:10.897+0000] {processor.py:829} INFO - Processing file /home/airflow/.local/lib/python3.8/site-packages/airflow/example_dags/example_task_group_decorator.py for tasks to queue
[2023-09-05T12:34:10.899+0000] {logging_mixin.py:151} INFO - [2023-09-05T12:34:10.899+0000] {dagbag.py:539} INFO - Filling up the DagBag from /home/airflow/.local/lib/python3.8/site-packages/airflow/example_dags/example_task_group_decorator.py
[2023-09-05T12:34:10.909+0000] {processor.py:839} INFO - DAG(s) dict_keys(['example_task_group_decorator']) retrieved from /home/airflow/.local/lib/python3.8/site-packages/airflow/example_dags/example_task_group_decorator.py
[2023-09-05T12:34:10.928+0000] {logging_mixin.py:151} INFO - [2023-09-05T12:34:10.928+0000] {dag.py:2907} INFO - Sync 1 DAGs
[2023-09-05T12:34:10.941+0000] {logging_mixin.py:151} INFO - [2023-09-05T12:34:10.941+0000] {dag.py:3677} INFO - Setting next_dagrun for example_task_group_decorator to 2023-09-04T12:34:10.941676+00:00, run_after=2023-09-05T12:34:10.941676+00:00
[2023-09-05T12:34:10.952+0000] {processor.py:179} INFO - Processing /home/airflow/.local/lib/python3.8/site-packages/airflow/example_dags/example_task_group_decorator.py took 0.059 seconds
[2023-09-05T12:34:41.017+0000] {processor.py:157} INFO - Started process (PID=150) to work on /home/airflow/.local/lib/python3.8/site-packages/airflow/example_dags/example_task_group_decorator.py
[2023-09-05T12:34:41.019+0000] {processor.py:829} INFO - Processing file /home/airflow/.local/lib/python3.8/site-packages/airflow/example_dags/example_task_group_decorator.py for tasks to queue
[2023-09-05T12:34:41.020+0000] {logging_mixin.py:151} INFO - [2023-09-05T12:34:41.020+0000] {dagbag.py:539} INFO - Filling up the DagBag from /home/airflow/.local/lib/python3.8/site-packages/airflow/example_dags/example_task_group_decorator.py
[2023-09-05T12:34:41.029+0000] {processor.py:839} INFO - DAG(s) dict_keys(['example_task_group_decorator']) retrieved from /home/airflow/.local/lib/python3.8/site-packages/airflow/example_dags/example_task_group_decorator.py
[2023-09-05T12:34:41.048+0000] {logging_mixin.py:151} INFO - [2023-09-05T12:34:41.048+0000] {dag.py:2907} INFO - Sync 1 DAGs
[2023-09-05T12:34:41.062+0000] {logging_mixin.py:151} INFO - [2023-09-05T12:34:41.062+0000] {dag.py:3677} INFO - Setting next_dagrun for example_task_group_decorator to 2023-09-04T12:34:41.062599+00:00, run_after=2023-09-05T12:34:41.062599+00:00
[2023-09-05T12:34:41.073+0000] {processor.py:179} INFO - Processing /home/airflow/.local/lib/python3.8/site-packages/airflow/example_dags/example_task_group_decorator.py took 0.058 seconds
[2023-09-05T12:40:47.394+0000] {processor.py:157} INFO - Started process (PID=41) to work on /home/airflow/.local/lib/python3.8/site-packages/airflow/example_dags/example_task_group_decorator.py
[2023-09-05T12:40:47.396+0000] {processor.py:829} INFO - Processing file /home/airflow/.local/lib/python3.8/site-packages/airflow/example_dags/example_task_group_decorator.py for tasks to queue
[2023-09-05T12:40:47.399+0000] {logging_mixin.py:151} INFO - [2023-09-05T12:40:47.399+0000] {dagbag.py:539} INFO - Filling up the DagBag from /home/airflow/.local/lib/python3.8/site-packages/airflow/example_dags/example_task_group_decorator.py
[2023-09-05T12:40:47.423+0000] {processor.py:839} INFO - DAG(s) dict_keys(['example_task_group_decorator']) retrieved from /home/airflow/.local/lib/python3.8/site-packages/airflow/example_dags/example_task_group_decorator.py
[2023-09-05T12:40:47.757+0000] {logging_mixin.py:151} INFO - [2023-09-05T12:40:47.757+0000] {manager.py:501} INFO - Created Permission View: can read on DAG:example_task_group_decorator
[2023-09-05T12:40:47.763+0000] {logging_mixin.py:151} INFO - [2023-09-05T12:40:47.763+0000] {manager.py:501} INFO - Created Permission View: can edit on DAG:example_task_group_decorator
[2023-09-05T12:40:47.768+0000] {logging_mixin.py:151} INFO - [2023-09-05T12:40:47.768+0000] {manager.py:501} INFO - Created Permission View: can delete on DAG:example_task_group_decorator
[2023-09-05T12:40:47.777+0000] {logging_mixin.py:151} INFO - [2023-09-05T12:40:47.776+0000] {dag.py:2907} INFO - Sync 1 DAGs
[2023-09-05T12:40:47.785+0000] {logging_mixin.py:151} INFO - [2023-09-05T12:40:47.785+0000] {dag.py:2929} INFO - Creating ORM DAG for example_task_group_decorator
[2023-09-05T12:40:47.793+0000] {logging_mixin.py:151} INFO - [2023-09-05T12:40:47.793+0000] {dag.py:3677} INFO - Setting next_dagrun for example_task_group_decorator to 2023-09-04T12:40:47.793355+00:00, run_after=2023-09-05T12:40:47.793355+00:00
[2023-09-05T12:40:47.806+0000] {processor.py:179} INFO - Processing /home/airflow/.local/lib/python3.8/site-packages/airflow/example_dags/example_task_group_decorator.py took 0.415 seconds
[2023-09-05T12:41:17.948+0000] {processor.py:157} INFO - Started process (PID=95) to work on /home/airflow/.local/lib/python3.8/site-packages/airflow/example_dags/example_task_group_decorator.py
[2023-09-05T12:41:17.949+0000] {processor.py:829} INFO - Processing file /home/airflow/.local/lib/python3.8/site-packages/airflow/example_dags/example_task_group_decorator.py for tasks to queue
[2023-09-05T12:41:17.952+0000] {logging_mixin.py:151} INFO - [2023-09-05T12:41:17.951+0000] {dagbag.py:539} INFO - Filling up the DagBag from /home/airflow/.local/lib/python3.8/site-packages/airflow/example_dags/example_task_group_decorator.py
[2023-09-05T12:41:17.961+0000] {processor.py:839} INFO - DAG(s) dict_keys(['example_task_group_decorator']) retrieved from /home/airflow/.local/lib/python3.8/site-packages/airflow/example_dags/example_task_group_decorator.py
[2023-09-05T12:41:17.978+0000] {logging_mixin.py:151} INFO - [2023-09-05T12:41:17.978+0000] {dag.py:2907} INFO - Sync 1 DAGs
[2023-09-05T12:41:17.990+0000] {logging_mixin.py:151} INFO - [2023-09-05T12:41:17.990+0000] {dag.py:3677} INFO - Setting next_dagrun for example_task_group_decorator to 2023-09-04T12:41:17.990176+00:00, run_after=2023-09-05T12:41:17.990176+00:00
[2023-09-05T12:41:18.000+0000] {processor.py:179} INFO - Processing /home/airflow/.local/lib/python3.8/site-packages/airflow/example_dags/example_task_group_decorator.py took 0.054 seconds
[2023-09-05T12:41:48.562+0000] {processor.py:157} INFO - Started process (PID=149) to work on /home/airflow/.local/lib/python3.8/site-packages/airflow/example_dags/example_task_group_decorator.py
[2023-09-05T12:41:48.564+0000] {processor.py:829} INFO - Processing file /home/airflow/.local/lib/python3.8/site-packages/airflow/example_dags/example_task_group_decorator.py for tasks to queue
[2023-09-05T12:41:48.568+0000] {logging_mixin.py:151} INFO - [2023-09-05T12:41:48.568+0000] {dagbag.py:539} INFO - Filling up the DagBag from /home/airflow/.local/lib/python3.8/site-packages/airflow/example_dags/example_task_group_decorator.py
[2023-09-05T12:41:48.578+0000] {processor.py:839} INFO - DAG(s) dict_keys(['example_task_group_decorator']) retrieved from /home/airflow/.local/lib/python3.8/site-packages/airflow/example_dags/example_task_group_decorator.py
[2023-09-05T12:41:48.601+0000] {logging_mixin.py:151} INFO - [2023-09-05T12:41:48.601+0000] {dag.py:2907} INFO - Sync 1 DAGs
[2023-09-05T12:41:48.616+0000] {logging_mixin.py:151} INFO - [2023-09-05T12:41:48.616+0000] {dag.py:3677} INFO - Setting next_dagrun for example_task_group_decorator to 2023-09-04T12:41:48.616068+00:00, run_after=2023-09-05T12:41:48.616068+00:00
[2023-09-05T12:41:48.628+0000] {processor.py:179} INFO - Processing /home/airflow/.local/lib/python3.8/site-packages/airflow/example_dags/example_task_group_decorator.py took 0.069 seconds
[2023-09-05T12:42:19.159+0000] {processor.py:157} INFO - Started process (PID=203) to work on /home/airflow/.local/lib/python3.8/site-packages/airflow/example_dags/example_task_group_decorator.py
[2023-09-05T12:42:19.160+0000] {processor.py:829} INFO - Processing file /home/airflow/.local/lib/python3.8/site-packages/airflow/example_dags/example_task_group_decorator.py for tasks to queue
[2023-09-05T12:42:19.162+0000] {logging_mixin.py:151} INFO - [2023-09-05T12:42:19.162+0000] {dagbag.py:539} INFO - Filling up the DagBag from /home/airflow/.local/lib/python3.8/site-packages/airflow/example_dags/example_task_group_decorator.py
[2023-09-05T12:42:19.172+0000] {processor.py:839} INFO - DAG(s) dict_keys(['example_task_group_decorator']) retrieved from /home/airflow/.local/lib/python3.8/site-packages/airflow/example_dags/example_task_group_decorator.py
[2023-09-05T12:42:19.191+0000] {logging_mixin.py:151} INFO - [2023-09-05T12:42:19.190+0000] {dag.py:2907} INFO - Sync 1 DAGs
[2023-09-05T12:42:19.204+0000] {logging_mixin.py:151} INFO - [2023-09-05T12:42:19.203+0000] {dag.py:3677} INFO - Setting next_dagrun for example_task_group_decorator to 2023-09-04T12:42:19.203648+00:00, run_after=2023-09-05T12:42:19.203648+00:00
[2023-09-05T12:42:19.215+0000] {processor.py:179} INFO - Processing /home/airflow/.local/lib/python3.8/site-packages/airflow/example_dags/example_task_group_decorator.py took 0.058 seconds
[2023-09-05T12:42:49.768+0000] {processor.py:157} INFO - Started process (PID=257) to work on /home/airflow/.local/lib/python3.8/site-packages/airflow/example_dags/example_task_group_decorator.py
[2023-09-05T12:42:49.770+0000] {processor.py:829} INFO - Processing file /home/airflow/.local/lib/python3.8/site-packages/airflow/example_dags/example_task_group_decorator.py for tasks to queue
[2023-09-05T12:42:49.772+0000] {logging_mixin.py:151} INFO - [2023-09-05T12:42:49.771+0000] {dagbag.py:539} INFO - Filling up the DagBag from /home/airflow/.local/lib/python3.8/site-packages/airflow/example_dags/example_task_group_decorator.py
[2023-09-05T12:42:49.781+0000] {processor.py:839} INFO - DAG(s) dict_keys(['example_task_group_decorator']) retrieved from /home/airflow/.local/lib/python3.8/site-packages/airflow/example_dags/example_task_group_decorator.py
[2023-09-05T12:42:49.800+0000] {logging_mixin.py:151} INFO - [2023-09-05T12:42:49.799+0000] {dag.py:2907} INFO - Sync 1 DAGs
[2023-09-05T12:42:49.813+0000] {logging_mixin.py:151} INFO - [2023-09-05T12:42:49.813+0000] {dag.py:3677} INFO - Setting next_dagrun for example_task_group_decorator to 2023-09-04T12:42:49.813353+00:00, run_after=2023-09-05T12:42:49.813353+00:00
[2023-09-05T12:42:49.823+0000] {processor.py:179} INFO - Processing /home/airflow/.local/lib/python3.8/site-packages/airflow/example_dags/example_task_group_decorator.py took 0.058 seconds
[2023-09-05T12:44:34.796+0000] {processor.py:157} INFO - Started process (PID=40) to work on /home/airflow/.local/lib/python3.8/site-packages/airflow/example_dags/example_task_group_decorator.py
[2023-09-05T12:44:34.801+0000] {processor.py:829} INFO - Processing file /home/airflow/.local/lib/python3.8/site-packages/airflow/example_dags/example_task_group_decorator.py for tasks to queue
[2023-09-05T12:44:34.810+0000] {logging_mixin.py:151} INFO - [2023-09-05T12:44:34.809+0000] {dagbag.py:539} INFO - Filling up the DagBag from /home/airflow/.local/lib/python3.8/site-packages/airflow/example_dags/example_task_group_decorator.py
[2023-09-05T12:44:34.843+0000] {processor.py:839} INFO - DAG(s) dict_keys(['example_task_group_decorator']) retrieved from /home/airflow/.local/lib/python3.8/site-packages/airflow/example_dags/example_task_group_decorator.py
[2023-09-05T12:44:35.074+0000] {logging_mixin.py:151} INFO - [2023-09-05T12:44:35.074+0000] {manager.py:501} INFO - Created Permission View: can edit on DAG:example_task_group_decorator
[2023-09-05T12:44:35.083+0000] {logging_mixin.py:151} INFO - [2023-09-05T12:44:35.083+0000] {manager.py:501} INFO - Created Permission View: can read on DAG:example_task_group_decorator
[2023-09-05T12:44:35.087+0000] {logging_mixin.py:151} INFO - [2023-09-05T12:44:35.087+0000] {manager.py:501} INFO - Created Permission View: can delete on DAG:example_task_group_decorator
[2023-09-05T12:44:35.096+0000] {logging_mixin.py:151} INFO - [2023-09-05T12:44:35.096+0000] {dag.py:2907} INFO - Sync 1 DAGs
[2023-09-05T12:44:35.105+0000] {logging_mixin.py:151} INFO - [2023-09-05T12:44:35.105+0000] {dag.py:2929} INFO - Creating ORM DAG for example_task_group_decorator
[2023-09-05T12:44:35.114+0000] {logging_mixin.py:151} INFO - [2023-09-05T12:44:35.114+0000] {dag.py:3677} INFO - Setting next_dagrun for example_task_group_decorator to 2023-09-04T12:44:35.113945+00:00, run_after=2023-09-05T12:44:35.113945+00:00
[2023-09-05T12:44:35.133+0000] {processor.py:179} INFO - Processing /home/airflow/.local/lib/python3.8/site-packages/airflow/example_dags/example_task_group_decorator.py took 0.350 seconds
[2023-09-05T12:45:05.911+0000] {processor.py:157} INFO - Started process (PID=94) to work on /home/airflow/.local/lib/python3.8/site-packages/airflow/example_dags/example_task_group_decorator.py
[2023-09-05T12:45:05.913+0000] {processor.py:829} INFO - Processing file /home/airflow/.local/lib/python3.8/site-packages/airflow/example_dags/example_task_group_decorator.py for tasks to queue
[2023-09-05T12:45:05.916+0000] {logging_mixin.py:151} INFO - [2023-09-05T12:45:05.915+0000] {dagbag.py:539} INFO - Filling up the DagBag from /home/airflow/.local/lib/python3.8/site-packages/airflow/example_dags/example_task_group_decorator.py
[2023-09-05T12:45:05.926+0000] {processor.py:839} INFO - DAG(s) dict_keys(['example_task_group_decorator']) retrieved from /home/airflow/.local/lib/python3.8/site-packages/airflow/example_dags/example_task_group_decorator.py
[2023-09-05T12:45:05.946+0000] {logging_mixin.py:151} INFO - [2023-09-05T12:45:05.946+0000] {dag.py:2907} INFO - Sync 1 DAGs
[2023-09-05T12:45:05.959+0000] {logging_mixin.py:151} INFO - [2023-09-05T12:45:05.959+0000] {dag.py:3677} INFO - Setting next_dagrun for example_task_group_decorator to 2023-09-04T12:45:05.958914+00:00, run_after=2023-09-05T12:45:05.958914+00:00
[2023-09-05T12:45:05.970+0000] {processor.py:179} INFO - Processing /home/airflow/.local/lib/python3.8/site-packages/airflow/example_dags/example_task_group_decorator.py took 0.062 seconds
[2023-09-05T12:45:36.421+0000] {processor.py:157} INFO - Started process (PID=148) to work on /home/airflow/.local/lib/python3.8/site-packages/airflow/example_dags/example_task_group_decorator.py
[2023-09-05T12:45:36.424+0000] {processor.py:829} INFO - Processing file /home/airflow/.local/lib/python3.8/site-packages/airflow/example_dags/example_task_group_decorator.py for tasks to queue
[2023-09-05T12:45:36.428+0000] {logging_mixin.py:151} INFO - [2023-09-05T12:45:36.427+0000] {dagbag.py:539} INFO - Filling up the DagBag from /home/airflow/.local/lib/python3.8/site-packages/airflow/example_dags/example_task_group_decorator.py
[2023-09-05T12:45:36.439+0000] {processor.py:839} INFO - DAG(s) dict_keys(['example_task_group_decorator']) retrieved from /home/airflow/.local/lib/python3.8/site-packages/airflow/example_dags/example_task_group_decorator.py
[2023-09-05T12:45:36.460+0000] {logging_mixin.py:151} INFO - [2023-09-05T12:45:36.460+0000] {dag.py:2907} INFO - Sync 1 DAGs
[2023-09-05T12:45:36.473+0000] {logging_mixin.py:151} INFO - [2023-09-05T12:45:36.473+0000] {dag.py:3677} INFO - Setting next_dagrun for example_task_group_decorator to 2023-09-04T12:45:36.473013+00:00, run_after=2023-09-05T12:45:36.473013+00:00
[2023-09-05T12:45:36.484+0000] {processor.py:179} INFO - Processing /home/airflow/.local/lib/python3.8/site-packages/airflow/example_dags/example_task_group_decorator.py took 0.068 seconds
