[2023-09-05T12:33:45.135+0000] {processor.py:157} INFO - Started process (PID=71) to work on /home/airflow/.local/lib/python3.8/site-packages/airflow/example_dags/example_python_operator.py
[2023-09-05T12:33:45.137+0000] {processor.py:829} INFO - Processing file /home/airflow/.local/lib/python3.8/site-packages/airflow/example_dags/example_python_operator.py for tasks to queue
[2023-09-05T12:33:45.139+0000] {logging_mixin.py:151} INFO - [2023-09-05T12:33:45.139+0000] {dagbag.py:539} INFO - Filling up the DagBag from /home/airflow/.local/lib/python3.8/site-packages/airflow/example_dags/example_python_operator.py
[2023-09-05T12:33:45.149+0000] {processor.py:839} INFO - DAG(s) dict_keys(['example_python_operator']) retrieved from /home/airflow/.local/lib/python3.8/site-packages/airflow/example_dags/example_python_operator.py
[2023-09-05T12:33:45.162+0000] {logging_mixin.py:151} INFO - [2023-09-05T12:33:45.162+0000] {dag.py:2907} INFO - Sync 1 DAGs
[2023-09-05T12:33:45.209+0000] {logging_mixin.py:151} INFO - [2023-09-05T12:33:45.209+0000] {dag.py:3677} INFO - Setting next_dagrun for example_python_operator to None, run_after=None
[2023-09-05T12:33:45.227+0000] {processor.py:179} INFO - Processing /home/airflow/.local/lib/python3.8/site-packages/airflow/example_dags/example_python_operator.py took 0.095 seconds
[2023-09-05T12:34:15.731+0000] {processor.py:157} INFO - Started process (PID=126) to work on /home/airflow/.local/lib/python3.8/site-packages/airflow/example_dags/example_python_operator.py
[2023-09-05T12:34:15.733+0000] {processor.py:829} INFO - Processing file /home/airflow/.local/lib/python3.8/site-packages/airflow/example_dags/example_python_operator.py for tasks to queue
[2023-09-05T12:34:15.734+0000] {logging_mixin.py:151} INFO - [2023-09-05T12:34:15.734+0000] {dagbag.py:539} INFO - Filling up the DagBag from /home/airflow/.local/lib/python3.8/site-packages/airflow/example_dags/example_python_operator.py
[2023-09-05T12:34:15.743+0000] {processor.py:839} INFO - DAG(s) dict_keys(['example_python_operator']) retrieved from /home/airflow/.local/lib/python3.8/site-packages/airflow/example_dags/example_python_operator.py
[2023-09-05T12:34:15.814+0000] {logging_mixin.py:151} INFO - [2023-09-05T12:34:15.814+0000] {dag.py:2907} INFO - Sync 1 DAGs
[2023-09-05T12:34:15.821+0000] {logging_mixin.py:151} INFO - [2023-09-05T12:34:15.820+0000] {dag.py:3677} INFO - Setting next_dagrun for example_python_operator to None, run_after=None
[2023-09-05T12:34:15.833+0000] {processor.py:179} INFO - Processing /home/airflow/.local/lib/python3.8/site-packages/airflow/example_dags/example_python_operator.py took 0.104 seconds
[2023-09-05T12:34:47.424+0000] {processor.py:157} INFO - Started process (PID=180) to work on /home/airflow/.local/lib/python3.8/site-packages/airflow/example_dags/example_python_operator.py
[2023-09-05T12:34:47.434+0000] {processor.py:829} INFO - Processing file /home/airflow/.local/lib/python3.8/site-packages/airflow/example_dags/example_python_operator.py for tasks to queue
[2023-09-05T12:34:47.447+0000] {logging_mixin.py:151} INFO - [2023-09-05T12:34:47.446+0000] {dagbag.py:539} INFO - Filling up the DagBag from /home/airflow/.local/lib/python3.8/site-packages/airflow/example_dags/example_python_operator.py
[2023-09-05T12:34:47.461+0000] {processor.py:839} INFO - DAG(s) dict_keys(['example_python_operator']) retrieved from /home/airflow/.local/lib/python3.8/site-packages/airflow/example_dags/example_python_operator.py
[2023-09-05T12:34:47.536+0000] {logging_mixin.py:151} INFO - [2023-09-05T12:34:47.536+0000] {dag.py:2907} INFO - Sync 1 DAGs
[2023-09-05T12:34:47.552+0000] {logging_mixin.py:151} INFO - [2023-09-05T12:34:47.552+0000] {dag.py:3677} INFO - Setting next_dagrun for example_python_operator to None, run_after=None
[2023-09-05T12:34:47.690+0000] {processor.py:179} INFO - Processing /home/airflow/.local/lib/python3.8/site-packages/airflow/example_dags/example_python_operator.py took 0.269 seconds
[2023-09-05T12:40:52.803+0000] {processor.py:157} INFO - Started process (PID=71) to work on /home/airflow/.local/lib/python3.8/site-packages/airflow/example_dags/example_python_operator.py
[2023-09-05T12:40:52.804+0000] {processor.py:829} INFO - Processing file /home/airflow/.local/lib/python3.8/site-packages/airflow/example_dags/example_python_operator.py for tasks to queue
[2023-09-05T12:40:52.807+0000] {logging_mixin.py:151} INFO - [2023-09-05T12:40:52.807+0000] {dagbag.py:539} INFO - Filling up the DagBag from /home/airflow/.local/lib/python3.8/site-packages/airflow/example_dags/example_python_operator.py
[2023-09-05T12:40:52.820+0000] {processor.py:839} INFO - DAG(s) dict_keys(['example_python_operator']) retrieved from /home/airflow/.local/lib/python3.8/site-packages/airflow/example_dags/example_python_operator.py
[2023-09-05T12:40:52.924+0000] {logging_mixin.py:151} INFO - [2023-09-05T12:40:52.924+0000] {manager.py:501} INFO - Created Permission View: can read on DAG:example_python_operator
[2023-09-05T12:40:52.930+0000] {logging_mixin.py:151} INFO - [2023-09-05T12:40:52.930+0000] {manager.py:501} INFO - Created Permission View: can edit on DAG:example_python_operator
[2023-09-05T12:40:52.935+0000] {logging_mixin.py:151} INFO - [2023-09-05T12:40:52.935+0000] {manager.py:501} INFO - Created Permission View: can delete on DAG:example_python_operator
[2023-09-05T12:40:52.944+0000] {logging_mixin.py:151} INFO - [2023-09-05T12:40:52.944+0000] {dag.py:2907} INFO - Sync 1 DAGs
[2023-09-05T12:40:52.952+0000] {logging_mixin.py:151} INFO - [2023-09-05T12:40:52.952+0000] {dag.py:2929} INFO - Creating ORM DAG for example_python_operator
[2023-09-05T12:40:52.953+0000] {logging_mixin.py:151} INFO - [2023-09-05T12:40:52.953+0000] {dag.py:3677} INFO - Setting next_dagrun for example_python_operator to None, run_after=None
[2023-09-05T12:40:52.964+0000] {processor.py:179} INFO - Processing /home/airflow/.local/lib/python3.8/site-packages/airflow/example_dags/example_python_operator.py took 0.165 seconds
[2023-09-05T12:41:23.659+0000] {processor.py:157} INFO - Started process (PID=125) to work on /home/airflow/.local/lib/python3.8/site-packages/airflow/example_dags/example_python_operator.py
[2023-09-05T12:41:23.661+0000] {processor.py:829} INFO - Processing file /home/airflow/.local/lib/python3.8/site-packages/airflow/example_dags/example_python_operator.py for tasks to queue
[2023-09-05T12:41:23.663+0000] {logging_mixin.py:151} INFO - [2023-09-05T12:41:23.663+0000] {dagbag.py:539} INFO - Filling up the DagBag from /home/airflow/.local/lib/python3.8/site-packages/airflow/example_dags/example_python_operator.py
[2023-09-05T12:41:23.671+0000] {processor.py:839} INFO - DAG(s) dict_keys(['example_python_operator']) retrieved from /home/airflow/.local/lib/python3.8/site-packages/airflow/example_dags/example_python_operator.py
[2023-09-05T12:41:23.689+0000] {logging_mixin.py:151} INFO - [2023-09-05T12:41:23.689+0000] {dag.py:2907} INFO - Sync 1 DAGs
[2023-09-05T12:41:23.696+0000] {logging_mixin.py:151} INFO - [2023-09-05T12:41:23.696+0000] {dag.py:3677} INFO - Setting next_dagrun for example_python_operator to None, run_after=None
[2023-09-05T12:41:23.709+0000] {processor.py:179} INFO - Processing /home/airflow/.local/lib/python3.8/site-packages/airflow/example_dags/example_python_operator.py took 0.054 seconds
[2023-09-05T12:41:54.150+0000] {processor.py:157} INFO - Started process (PID=179) to work on /home/airflow/.local/lib/python3.8/site-packages/airflow/example_dags/example_python_operator.py
[2023-09-05T12:41:54.151+0000] {processor.py:829} INFO - Processing file /home/airflow/.local/lib/python3.8/site-packages/airflow/example_dags/example_python_operator.py for tasks to queue
[2023-09-05T12:41:54.153+0000] {logging_mixin.py:151} INFO - [2023-09-05T12:41:54.153+0000] {dagbag.py:539} INFO - Filling up the DagBag from /home/airflow/.local/lib/python3.8/site-packages/airflow/example_dags/example_python_operator.py
[2023-09-05T12:41:54.159+0000] {processor.py:839} INFO - DAG(s) dict_keys(['example_python_operator']) retrieved from /home/airflow/.local/lib/python3.8/site-packages/airflow/example_dags/example_python_operator.py
[2023-09-05T12:41:54.178+0000] {logging_mixin.py:151} INFO - [2023-09-05T12:41:54.178+0000] {dag.py:2907} INFO - Sync 1 DAGs
[2023-09-05T12:41:54.186+0000] {logging_mixin.py:151} INFO - [2023-09-05T12:41:54.186+0000] {dag.py:3677} INFO - Setting next_dagrun for example_python_operator to None, run_after=None
[2023-09-05T12:41:54.196+0000] {processor.py:179} INFO - Processing /home/airflow/.local/lib/python3.8/site-packages/airflow/example_dags/example_python_operator.py took 0.049 seconds
[2023-09-05T12:42:24.710+0000] {processor.py:157} INFO - Started process (PID=233) to work on /home/airflow/.local/lib/python3.8/site-packages/airflow/example_dags/example_python_operator.py
[2023-09-05T12:42:24.711+0000] {processor.py:829} INFO - Processing file /home/airflow/.local/lib/python3.8/site-packages/airflow/example_dags/example_python_operator.py for tasks to queue
[2023-09-05T12:42:24.713+0000] {logging_mixin.py:151} INFO - [2023-09-05T12:42:24.713+0000] {dagbag.py:539} INFO - Filling up the DagBag from /home/airflow/.local/lib/python3.8/site-packages/airflow/example_dags/example_python_operator.py
[2023-09-05T12:42:24.722+0000] {processor.py:839} INFO - DAG(s) dict_keys(['example_python_operator']) retrieved from /home/airflow/.local/lib/python3.8/site-packages/airflow/example_dags/example_python_operator.py
[2023-09-05T12:42:24.741+0000] {logging_mixin.py:151} INFO - [2023-09-05T12:42:24.741+0000] {dag.py:2907} INFO - Sync 1 DAGs
[2023-09-05T12:42:24.749+0000] {logging_mixin.py:151} INFO - [2023-09-05T12:42:24.748+0000] {dag.py:3677} INFO - Setting next_dagrun for example_python_operator to None, run_after=None
[2023-09-05T12:42:24.760+0000] {processor.py:179} INFO - Processing /home/airflow/.local/lib/python3.8/site-packages/airflow/example_dags/example_python_operator.py took 0.053 seconds
[2023-09-05T12:42:55.404+0000] {processor.py:157} INFO - Started process (PID=287) to work on /home/airflow/.local/lib/python3.8/site-packages/airflow/example_dags/example_python_operator.py
[2023-09-05T12:42:55.405+0000] {processor.py:829} INFO - Processing file /home/airflow/.local/lib/python3.8/site-packages/airflow/example_dags/example_python_operator.py for tasks to queue
[2023-09-05T12:42:55.407+0000] {logging_mixin.py:151} INFO - [2023-09-05T12:42:55.407+0000] {dagbag.py:539} INFO - Filling up the DagBag from /home/airflow/.local/lib/python3.8/site-packages/airflow/example_dags/example_python_operator.py
[2023-09-05T12:42:55.415+0000] {processor.py:839} INFO - DAG(s) dict_keys(['example_python_operator']) retrieved from /home/airflow/.local/lib/python3.8/site-packages/airflow/example_dags/example_python_operator.py
[2023-09-05T12:42:55.434+0000] {logging_mixin.py:151} INFO - [2023-09-05T12:42:55.434+0000] {dag.py:2907} INFO - Sync 1 DAGs
[2023-09-05T12:42:55.443+0000] {logging_mixin.py:151} INFO - [2023-09-05T12:42:55.443+0000] {dag.py:3677} INFO - Setting next_dagrun for example_python_operator to None, run_after=None
[2023-09-05T12:42:55.453+0000] {processor.py:179} INFO - Processing /home/airflow/.local/lib/python3.8/site-packages/airflow/example_dags/example_python_operator.py took 0.052 seconds
[2023-09-05T12:44:39.720+0000] {processor.py:157} INFO - Started process (PID=70) to work on /home/airflow/.local/lib/python3.8/site-packages/airflow/example_dags/example_python_operator.py
[2023-09-05T12:44:39.722+0000] {processor.py:829} INFO - Processing file /home/airflow/.local/lib/python3.8/site-packages/airflow/example_dags/example_python_operator.py for tasks to queue
[2023-09-05T12:44:39.725+0000] {logging_mixin.py:151} INFO - [2023-09-05T12:44:39.724+0000] {dagbag.py:539} INFO - Filling up the DagBag from /home/airflow/.local/lib/python3.8/site-packages/airflow/example_dags/example_python_operator.py
[2023-09-05T12:44:39.733+0000] {processor.py:839} INFO - DAG(s) dict_keys(['example_python_operator']) retrieved from /home/airflow/.local/lib/python3.8/site-packages/airflow/example_dags/example_python_operator.py
[2023-09-05T12:44:39.801+0000] {logging_mixin.py:151} INFO - [2023-09-05T12:44:39.801+0000] {manager.py:501} INFO - Created Permission View: can edit on DAG:example_python_operator
[2023-09-05T12:44:39.810+0000] {logging_mixin.py:151} INFO - [2023-09-05T12:44:39.810+0000] {manager.py:501} INFO - Created Permission View: can read on DAG:example_python_operator
[2023-09-05T12:44:39.817+0000] {logging_mixin.py:151} INFO - [2023-09-05T12:44:39.817+0000] {manager.py:501} INFO - Created Permission View: can delete on DAG:example_python_operator
[2023-09-05T12:44:39.827+0000] {logging_mixin.py:151} INFO - [2023-09-05T12:44:39.827+0000] {dag.py:2907} INFO - Sync 1 DAGs
[2023-09-05T12:44:39.835+0000] {logging_mixin.py:151} INFO - [2023-09-05T12:44:39.835+0000] {dag.py:2929} INFO - Creating ORM DAG for example_python_operator
[2023-09-05T12:44:39.836+0000] {logging_mixin.py:151} INFO - [2023-09-05T12:44:39.836+0000] {dag.py:3677} INFO - Setting next_dagrun for example_python_operator to None, run_after=None
[2023-09-05T12:44:39.847+0000] {processor.py:179} INFO - Processing /home/airflow/.local/lib/python3.8/site-packages/airflow/example_dags/example_python_operator.py took 0.131 seconds
[2023-09-05T12:45:10.437+0000] {processor.py:157} INFO - Started process (PID=124) to work on /home/airflow/.local/lib/python3.8/site-packages/airflow/example_dags/example_python_operator.py
[2023-09-05T12:45:10.438+0000] {processor.py:829} INFO - Processing file /home/airflow/.local/lib/python3.8/site-packages/airflow/example_dags/example_python_operator.py for tasks to queue
[2023-09-05T12:45:10.440+0000] {logging_mixin.py:151} INFO - [2023-09-05T12:45:10.440+0000] {dagbag.py:539} INFO - Filling up the DagBag from /home/airflow/.local/lib/python3.8/site-packages/airflow/example_dags/example_python_operator.py
[2023-09-05T12:45:10.447+0000] {processor.py:839} INFO - DAG(s) dict_keys(['example_python_operator']) retrieved from /home/airflow/.local/lib/python3.8/site-packages/airflow/example_dags/example_python_operator.py
[2023-09-05T12:45:10.466+0000] {logging_mixin.py:151} INFO - [2023-09-05T12:45:10.466+0000] {dag.py:2907} INFO - Sync 1 DAGs
[2023-09-05T12:45:10.475+0000] {logging_mixin.py:151} INFO - [2023-09-05T12:45:10.475+0000] {dag.py:3677} INFO - Setting next_dagrun for example_python_operator to None, run_after=None
[2023-09-05T12:45:10.487+0000] {processor.py:179} INFO - Processing /home/airflow/.local/lib/python3.8/site-packages/airflow/example_dags/example_python_operator.py took 0.053 seconds
[2023-09-05T12:45:40.844+0000] {processor.py:157} INFO - Started process (PID=178) to work on /home/airflow/.local/lib/python3.8/site-packages/airflow/example_dags/example_python_operator.py
[2023-09-05T12:45:40.846+0000] {processor.py:829} INFO - Processing file /home/airflow/.local/lib/python3.8/site-packages/airflow/example_dags/example_python_operator.py for tasks to queue
[2023-09-05T12:45:40.847+0000] {logging_mixin.py:151} INFO - [2023-09-05T12:45:40.847+0000] {dagbag.py:539} INFO - Filling up the DagBag from /home/airflow/.local/lib/python3.8/site-packages/airflow/example_dags/example_python_operator.py
[2023-09-05T12:45:40.854+0000] {processor.py:839} INFO - DAG(s) dict_keys(['example_python_operator']) retrieved from /home/airflow/.local/lib/python3.8/site-packages/airflow/example_dags/example_python_operator.py
[2023-09-05T12:45:40.873+0000] {logging_mixin.py:151} INFO - [2023-09-05T12:45:40.872+0000] {dag.py:2907} INFO - Sync 1 DAGs
[2023-09-05T12:45:40.880+0000] {logging_mixin.py:151} INFO - [2023-09-05T12:45:40.880+0000] {dag.py:3677} INFO - Setting next_dagrun for example_python_operator to None, run_after=None
[2023-09-05T12:45:40.892+0000] {processor.py:179} INFO - Processing /home/airflow/.local/lib/python3.8/site-packages/airflow/example_dags/example_python_operator.py took 0.050 seconds
