[2023-09-05T12:33:41.085+0000] {processor.py:157} INFO - Started process (PID=47) to work on /home/airflow/.local/lib/python3.8/site-packages/airflow/example_dags/example_dag_decorator.py
[2023-09-05T12:33:41.087+0000] {processor.py:829} INFO - Processing file /home/airflow/.local/lib/python3.8/site-packages/airflow/example_dags/example_dag_decorator.py for tasks to queue
[2023-09-05T12:33:41.091+0000] {logging_mixin.py:151} INFO - [2023-09-05T12:33:41.091+0000] {dagbag.py:539} INFO - Filling up the DagBag from /home/airflow/.local/lib/python3.8/site-packages/airflow/example_dags/example_dag_decorator.py
[2023-09-05T12:33:41.467+0000] {processor.py:839} INFO - DAG(s) dict_keys(['example_dag_decorator']) retrieved from /home/airflow/.local/lib/python3.8/site-packages/airflow/example_dags/example_dag_decorator.py
[2023-09-05T12:33:41.495+0000] {logging_mixin.py:151} INFO - [2023-09-05T12:33:41.495+0000] {dag.py:2907} INFO - Sync 1 DAGs
[2023-09-05T12:33:41.507+0000] {logging_mixin.py:151} INFO - [2023-09-05T12:33:41.507+0000] {dag.py:3677} INFO - Setting next_dagrun for example_dag_decorator to None, run_after=None
[2023-09-05T12:33:41.533+0000] {processor.py:179} INFO - Processing /home/airflow/.local/lib/python3.8/site-packages/airflow/example_dags/example_dag_decorator.py took 0.451 seconds
[2023-09-05T12:34:12.222+0000] {processor.py:157} INFO - Started process (PID=102) to work on /home/airflow/.local/lib/python3.8/site-packages/airflow/example_dags/example_dag_decorator.py
[2023-09-05T12:34:12.224+0000] {processor.py:829} INFO - Processing file /home/airflow/.local/lib/python3.8/site-packages/airflow/example_dags/example_dag_decorator.py for tasks to queue
[2023-09-05T12:34:12.228+0000] {logging_mixin.py:151} INFO - [2023-09-05T12:34:12.227+0000] {dagbag.py:539} INFO - Filling up the DagBag from /home/airflow/.local/lib/python3.8/site-packages/airflow/example_dags/example_dag_decorator.py
[2023-09-05T12:34:12.293+0000] {processor.py:839} INFO - DAG(s) dict_keys(['example_dag_decorator']) retrieved from /home/airflow/.local/lib/python3.8/site-packages/airflow/example_dags/example_dag_decorator.py
[2023-09-05T12:34:12.440+0000] {logging_mixin.py:151} INFO - [2023-09-05T12:34:12.440+0000] {dag.py:2907} INFO - Sync 1 DAGs
[2023-09-05T12:34:12.448+0000] {logging_mixin.py:151} INFO - [2023-09-05T12:34:12.447+0000] {dag.py:3677} INFO - Setting next_dagrun for example_dag_decorator to None, run_after=None
[2023-09-05T12:34:12.461+0000] {processor.py:179} INFO - Processing /home/airflow/.local/lib/python3.8/site-packages/airflow/example_dags/example_dag_decorator.py took 0.242 seconds
[2023-09-05T12:34:42.518+0000] {processor.py:157} INFO - Started process (PID=157) to work on /home/airflow/.local/lib/python3.8/site-packages/airflow/example_dags/example_dag_decorator.py
[2023-09-05T12:34:42.520+0000] {processor.py:829} INFO - Processing file /home/airflow/.local/lib/python3.8/site-packages/airflow/example_dags/example_dag_decorator.py for tasks to queue
[2023-09-05T12:34:42.522+0000] {logging_mixin.py:151} INFO - [2023-09-05T12:34:42.522+0000] {dagbag.py:539} INFO - Filling up the DagBag from /home/airflow/.local/lib/python3.8/site-packages/airflow/example_dags/example_dag_decorator.py
[2023-09-05T12:34:42.581+0000] {processor.py:839} INFO - DAG(s) dict_keys(['example_dag_decorator']) retrieved from /home/airflow/.local/lib/python3.8/site-packages/airflow/example_dags/example_dag_decorator.py
[2023-09-05T12:34:42.677+0000] {logging_mixin.py:151} INFO - [2023-09-05T12:34:42.677+0000] {dag.py:2907} INFO - Sync 1 DAGs
[2023-09-05T12:34:42.697+0000] {logging_mixin.py:151} INFO - [2023-09-05T12:34:42.697+0000] {dag.py:3677} INFO - Setting next_dagrun for example_dag_decorator to None, run_after=None
[2023-09-05T12:34:42.718+0000] {processor.py:179} INFO - Processing /home/airflow/.local/lib/python3.8/site-packages/airflow/example_dags/example_dag_decorator.py took 0.203 seconds
[2023-09-05T12:40:48.799+0000] {processor.py:157} INFO - Started process (PID=47) to work on /home/airflow/.local/lib/python3.8/site-packages/airflow/example_dags/example_dag_decorator.py
[2023-09-05T12:40:48.802+0000] {processor.py:829} INFO - Processing file /home/airflow/.local/lib/python3.8/site-packages/airflow/example_dags/example_dag_decorator.py for tasks to queue
[2023-09-05T12:40:48.804+0000] {logging_mixin.py:151} INFO - [2023-09-05T12:40:48.804+0000] {dagbag.py:539} INFO - Filling up the DagBag from /home/airflow/.local/lib/python3.8/site-packages/airflow/example_dags/example_dag_decorator.py
[2023-09-05T12:40:49.214+0000] {processor.py:839} INFO - DAG(s) dict_keys(['example_dag_decorator']) retrieved from /home/airflow/.local/lib/python3.8/site-packages/airflow/example_dags/example_dag_decorator.py
[2023-09-05T12:40:49.306+0000] {logging_mixin.py:151} INFO - [2023-09-05T12:40:49.306+0000] {manager.py:501} INFO - Created Permission View: can read on DAG:example_dag_decorator
[2023-09-05T12:40:49.317+0000] {logging_mixin.py:151} INFO - [2023-09-05T12:40:49.316+0000] {manager.py:501} INFO - Created Permission View: can edit on DAG:example_dag_decorator
[2023-09-05T12:40:49.331+0000] {logging_mixin.py:151} INFO - [2023-09-05T12:40:49.331+0000] {manager.py:501} INFO - Created Permission View: can delete on DAG:example_dag_decorator
[2023-09-05T12:40:49.349+0000] {logging_mixin.py:151} INFO - [2023-09-05T12:40:49.348+0000] {dag.py:2907} INFO - Sync 1 DAGs
[2023-09-05T12:40:49.370+0000] {logging_mixin.py:151} INFO - [2023-09-05T12:40:49.370+0000] {dag.py:2929} INFO - Creating ORM DAG for example_dag_decorator
[2023-09-05T12:40:49.372+0000] {logging_mixin.py:151} INFO - [2023-09-05T12:40:49.372+0000] {dag.py:3677} INFO - Setting next_dagrun for example_dag_decorator to None, run_after=None
[2023-09-05T12:40:49.391+0000] {processor.py:179} INFO - Processing /home/airflow/.local/lib/python3.8/site-packages/airflow/example_dags/example_dag_decorator.py took 0.596 seconds
[2023-09-05T12:41:20.298+0000] {processor.py:157} INFO - Started process (PID=101) to work on /home/airflow/.local/lib/python3.8/site-packages/airflow/example_dags/example_dag_decorator.py
[2023-09-05T12:41:20.300+0000] {processor.py:829} INFO - Processing file /home/airflow/.local/lib/python3.8/site-packages/airflow/example_dags/example_dag_decorator.py for tasks to queue
[2023-09-05T12:41:20.304+0000] {logging_mixin.py:151} INFO - [2023-09-05T12:41:20.304+0000] {dagbag.py:539} INFO - Filling up the DagBag from /home/airflow/.local/lib/python3.8/site-packages/airflow/example_dags/example_dag_decorator.py
[2023-09-05T12:41:20.365+0000] {processor.py:839} INFO - DAG(s) dict_keys(['example_dag_decorator']) retrieved from /home/airflow/.local/lib/python3.8/site-packages/airflow/example_dags/example_dag_decorator.py
[2023-09-05T12:41:20.448+0000] {logging_mixin.py:151} INFO - [2023-09-05T12:41:20.448+0000] {dag.py:2907} INFO - Sync 1 DAGs
[2023-09-05T12:41:20.457+0000] {logging_mixin.py:151} INFO - [2023-09-05T12:41:20.457+0000] {dag.py:3677} INFO - Setting next_dagrun for example_dag_decorator to None, run_after=None
[2023-09-05T12:41:20.471+0000] {processor.py:179} INFO - Processing /home/airflow/.local/lib/python3.8/site-packages/airflow/example_dags/example_dag_decorator.py took 0.179 seconds
[2023-09-05T12:41:50.893+0000] {processor.py:157} INFO - Started process (PID=155) to work on /home/airflow/.local/lib/python3.8/site-packages/airflow/example_dags/example_dag_decorator.py
[2023-09-05T12:41:50.896+0000] {processor.py:829} INFO - Processing file /home/airflow/.local/lib/python3.8/site-packages/airflow/example_dags/example_dag_decorator.py for tasks to queue
[2023-09-05T12:41:50.899+0000] {logging_mixin.py:151} INFO - [2023-09-05T12:41:50.898+0000] {dagbag.py:539} INFO - Filling up the DagBag from /home/airflow/.local/lib/python3.8/site-packages/airflow/example_dags/example_dag_decorator.py
[2023-09-05T12:41:50.955+0000] {processor.py:839} INFO - DAG(s) dict_keys(['example_dag_decorator']) retrieved from /home/airflow/.local/lib/python3.8/site-packages/airflow/example_dags/example_dag_decorator.py
[2023-09-05T12:41:51.020+0000] {logging_mixin.py:151} INFO - [2023-09-05T12:41:51.020+0000] {dag.py:2907} INFO - Sync 1 DAGs
[2023-09-05T12:41:51.029+0000] {logging_mixin.py:151} INFO - [2023-09-05T12:41:51.028+0000] {dag.py:3677} INFO - Setting next_dagrun for example_dag_decorator to None, run_after=None
[2023-09-05T12:41:51.040+0000] {processor.py:179} INFO - Processing /home/airflow/.local/lib/python3.8/site-packages/airflow/example_dags/example_dag_decorator.py took 0.151 seconds
[2023-09-05T12:42:21.517+0000] {processor.py:157} INFO - Started process (PID=209) to work on /home/airflow/.local/lib/python3.8/site-packages/airflow/example_dags/example_dag_decorator.py
[2023-09-05T12:42:21.519+0000] {processor.py:829} INFO - Processing file /home/airflow/.local/lib/python3.8/site-packages/airflow/example_dags/example_dag_decorator.py for tasks to queue
[2023-09-05T12:42:21.522+0000] {logging_mixin.py:151} INFO - [2023-09-05T12:42:21.522+0000] {dagbag.py:539} INFO - Filling up the DagBag from /home/airflow/.local/lib/python3.8/site-packages/airflow/example_dags/example_dag_decorator.py
[2023-09-05T12:42:21.579+0000] {processor.py:839} INFO - DAG(s) dict_keys(['example_dag_decorator']) retrieved from /home/airflow/.local/lib/python3.8/site-packages/airflow/example_dags/example_dag_decorator.py
[2023-09-05T12:42:21.654+0000] {logging_mixin.py:151} INFO - [2023-09-05T12:42:21.653+0000] {dag.py:2907} INFO - Sync 1 DAGs
[2023-09-05T12:42:21.660+0000] {logging_mixin.py:151} INFO - [2023-09-05T12:42:21.660+0000] {dag.py:3677} INFO - Setting next_dagrun for example_dag_decorator to None, run_after=None
[2023-09-05T12:42:21.671+0000] {processor.py:179} INFO - Processing /home/airflow/.local/lib/python3.8/site-packages/airflow/example_dags/example_dag_decorator.py took 0.160 seconds
[2023-09-05T12:42:52.061+0000] {processor.py:157} INFO - Started process (PID=263) to work on /home/airflow/.local/lib/python3.8/site-packages/airflow/example_dags/example_dag_decorator.py
[2023-09-05T12:42:52.063+0000] {processor.py:829} INFO - Processing file /home/airflow/.local/lib/python3.8/site-packages/airflow/example_dags/example_dag_decorator.py for tasks to queue
[2023-09-05T12:42:52.067+0000] {logging_mixin.py:151} INFO - [2023-09-05T12:42:52.067+0000] {dagbag.py:539} INFO - Filling up the DagBag from /home/airflow/.local/lib/python3.8/site-packages/airflow/example_dags/example_dag_decorator.py
[2023-09-05T12:42:52.151+0000] {processor.py:839} INFO - DAG(s) dict_keys(['example_dag_decorator']) retrieved from /home/airflow/.local/lib/python3.8/site-packages/airflow/example_dags/example_dag_decorator.py
[2023-09-05T12:42:52.249+0000] {logging_mixin.py:151} INFO - [2023-09-05T12:42:52.249+0000] {dag.py:2907} INFO - Sync 1 DAGs
[2023-09-05T12:42:52.256+0000] {logging_mixin.py:151} INFO - [2023-09-05T12:42:52.256+0000] {dag.py:3677} INFO - Setting next_dagrun for example_dag_decorator to None, run_after=None
[2023-09-05T12:42:52.268+0000] {processor.py:179} INFO - Processing /home/airflow/.local/lib/python3.8/site-packages/airflow/example_dags/example_dag_decorator.py took 0.212 seconds
[2023-09-05T12:44:36.186+0000] {processor.py:157} INFO - Started process (PID=46) to work on /home/airflow/.local/lib/python3.8/site-packages/airflow/example_dags/example_dag_decorator.py
[2023-09-05T12:44:36.187+0000] {processor.py:829} INFO - Processing file /home/airflow/.local/lib/python3.8/site-packages/airflow/example_dags/example_dag_decorator.py for tasks to queue
[2023-09-05T12:44:36.190+0000] {logging_mixin.py:151} INFO - [2023-09-05T12:44:36.189+0000] {dagbag.py:539} INFO - Filling up the DagBag from /home/airflow/.local/lib/python3.8/site-packages/airflow/example_dags/example_dag_decorator.py
[2023-09-05T12:44:36.629+0000] {processor.py:839} INFO - DAG(s) dict_keys(['example_dag_decorator']) retrieved from /home/airflow/.local/lib/python3.8/site-packages/airflow/example_dags/example_dag_decorator.py
[2023-09-05T12:44:36.729+0000] {logging_mixin.py:151} INFO - [2023-09-05T12:44:36.728+0000] {manager.py:501} INFO - Created Permission View: can edit on DAG:example_dag_decorator
[2023-09-05T12:44:36.741+0000] {logging_mixin.py:151} INFO - [2023-09-05T12:44:36.741+0000] {manager.py:501} INFO - Created Permission View: can read on DAG:example_dag_decorator
[2023-09-05T12:44:36.751+0000] {logging_mixin.py:151} INFO - [2023-09-05T12:44:36.751+0000] {manager.py:501} INFO - Created Permission View: can delete on DAG:example_dag_decorator
[2023-09-05T12:44:36.768+0000] {logging_mixin.py:151} INFO - [2023-09-05T12:44:36.768+0000] {dag.py:2907} INFO - Sync 1 DAGs
[2023-09-05T12:44:36.778+0000] {logging_mixin.py:151} INFO - [2023-09-05T12:44:36.778+0000] {dag.py:2929} INFO - Creating ORM DAG for example_dag_decorator
[2023-09-05T12:44:36.780+0000] {logging_mixin.py:151} INFO - [2023-09-05T12:44:36.780+0000] {dag.py:3677} INFO - Setting next_dagrun for example_dag_decorator to None, run_after=None
[2023-09-05T12:44:36.802+0000] {processor.py:179} INFO - Processing /home/airflow/.local/lib/python3.8/site-packages/airflow/example_dags/example_dag_decorator.py took 0.618 seconds
[2023-09-05T12:45:07.195+0000] {processor.py:157} INFO - Started process (PID=100) to work on /home/airflow/.local/lib/python3.8/site-packages/airflow/example_dags/example_dag_decorator.py
[2023-09-05T12:45:07.196+0000] {processor.py:829} INFO - Processing file /home/airflow/.local/lib/python3.8/site-packages/airflow/example_dags/example_dag_decorator.py for tasks to queue
[2023-09-05T12:45:07.199+0000] {logging_mixin.py:151} INFO - [2023-09-05T12:45:07.199+0000] {dagbag.py:539} INFO - Filling up the DagBag from /home/airflow/.local/lib/python3.8/site-packages/airflow/example_dags/example_dag_decorator.py
[2023-09-05T12:45:07.246+0000] {processor.py:839} INFO - DAG(s) dict_keys(['example_dag_decorator']) retrieved from /home/airflow/.local/lib/python3.8/site-packages/airflow/example_dags/example_dag_decorator.py
[2023-09-05T12:45:07.330+0000] {logging_mixin.py:151} INFO - [2023-09-05T12:45:07.330+0000] {dag.py:2907} INFO - Sync 1 DAGs
[2023-09-05T12:45:07.336+0000] {logging_mixin.py:151} INFO - [2023-09-05T12:45:07.336+0000] {dag.py:3677} INFO - Setting next_dagrun for example_dag_decorator to None, run_after=None
[2023-09-05T12:45:07.348+0000] {processor.py:179} INFO - Processing /home/airflow/.local/lib/python3.8/site-packages/airflow/example_dags/example_dag_decorator.py took 0.156 seconds
[2023-09-05T12:45:37.703+0000] {processor.py:157} INFO - Started process (PID=154) to work on /home/airflow/.local/lib/python3.8/site-packages/airflow/example_dags/example_dag_decorator.py
[2023-09-05T12:45:37.705+0000] {processor.py:829} INFO - Processing file /home/airflow/.local/lib/python3.8/site-packages/airflow/example_dags/example_dag_decorator.py for tasks to queue
[2023-09-05T12:45:37.708+0000] {logging_mixin.py:151} INFO - [2023-09-05T12:45:37.707+0000] {dagbag.py:539} INFO - Filling up the DagBag from /home/airflow/.local/lib/python3.8/site-packages/airflow/example_dags/example_dag_decorator.py
[2023-09-05T12:45:37.759+0000] {processor.py:839} INFO - DAG(s) dict_keys(['example_dag_decorator']) retrieved from /home/airflow/.local/lib/python3.8/site-packages/airflow/example_dags/example_dag_decorator.py
[2023-09-05T12:45:37.841+0000] {logging_mixin.py:151} INFO - [2023-09-05T12:45:37.841+0000] {dag.py:2907} INFO - Sync 1 DAGs
[2023-09-05T12:45:37.848+0000] {logging_mixin.py:151} INFO - [2023-09-05T12:45:37.848+0000] {dag.py:3677} INFO - Setting next_dagrun for example_dag_decorator to None, run_after=None
[2023-09-05T12:45:37.861+0000] {processor.py:179} INFO - Processing /home/airflow/.local/lib/python3.8/site-packages/airflow/example_dags/example_dag_decorator.py took 0.160 seconds
