[2023-09-05T12:33:39.581+0000] {processor.py:157} INFO - Started process (PID=36) to work on /home/airflow/.local/lib/python3.8/site-packages/airflow/example_dags/example_branch_day_of_week_operator.py
[2023-09-05T12:33:39.582+0000] {processor.py:829} INFO - Processing file /home/airflow/.local/lib/python3.8/site-packages/airflow/example_dags/example_branch_day_of_week_operator.py for tasks to queue
[2023-09-05T12:33:39.585+0000] {logging_mixin.py:151} INFO - [2023-09-05T12:33:39.585+0000] {dagbag.py:539} INFO - Filling up the DagBag from /home/airflow/.local/lib/python3.8/site-packages/airflow/example_dags/example_branch_day_of_week_operator.py
[2023-09-05T12:33:39.601+0000] {processor.py:839} INFO - DAG(s) dict_keys(['example_weekday_branch_operator']) retrieved from /home/airflow/.local/lib/python3.8/site-packages/airflow/example_dags/example_branch_day_of_week_operator.py
[2023-09-05T12:33:39.621+0000] {logging_mixin.py:151} INFO - [2023-09-05T12:33:39.620+0000] {dag.py:2907} INFO - Sync 1 DAGs
[2023-09-05T12:33:39.766+0000] {logging_mixin.py:151} INFO - [2023-09-05T12:33:39.766+0000] {dag.py:3677} INFO - Setting next_dagrun for example_weekday_branch_operator to 2023-09-04T00:00:00+00:00, run_after=2023-09-05T00:00:00+00:00
[2023-09-05T12:33:39.784+0000] {processor.py:179} INFO - Processing /home/airflow/.local/lib/python3.8/site-packages/airflow/example_dags/example_branch_day_of_week_operator.py took 0.207 seconds
[2023-09-05T12:34:10.637+0000] {processor.py:157} INFO - Started process (PID=91) to work on /home/airflow/.local/lib/python3.8/site-packages/airflow/example_dags/example_branch_day_of_week_operator.py
[2023-09-05T12:34:10.638+0000] {processor.py:829} INFO - Processing file /home/airflow/.local/lib/python3.8/site-packages/airflow/example_dags/example_branch_day_of_week_operator.py for tasks to queue
[2023-09-05T12:34:10.641+0000] {logging_mixin.py:151} INFO - [2023-09-05T12:34:10.641+0000] {dagbag.py:539} INFO - Filling up the DagBag from /home/airflow/.local/lib/python3.8/site-packages/airflow/example_dags/example_branch_day_of_week_operator.py
[2023-09-05T12:34:10.648+0000] {processor.py:839} INFO - DAG(s) dict_keys(['example_weekday_branch_operator']) retrieved from /home/airflow/.local/lib/python3.8/site-packages/airflow/example_dags/example_branch_day_of_week_operator.py
[2023-09-05T12:34:10.672+0000] {logging_mixin.py:151} INFO - [2023-09-05T12:34:10.672+0000] {dag.py:2907} INFO - Sync 1 DAGs
[2023-09-05T12:34:10.689+0000] {logging_mixin.py:151} INFO - [2023-09-05T12:34:10.688+0000] {dag.py:3677} INFO - Setting next_dagrun for example_weekday_branch_operator to 2023-09-04T00:00:00+00:00, run_after=2023-09-05T00:00:00+00:00
[2023-09-05T12:34:10.700+0000] {processor.py:179} INFO - Processing /home/airflow/.local/lib/python3.8/site-packages/airflow/example_dags/example_branch_day_of_week_operator.py took 0.067 seconds
[2023-09-05T12:34:40.776+0000] {processor.py:157} INFO - Started process (PID=145) to work on /home/airflow/.local/lib/python3.8/site-packages/airflow/example_dags/example_branch_day_of_week_operator.py
[2023-09-05T12:34:40.778+0000] {processor.py:829} INFO - Processing file /home/airflow/.local/lib/python3.8/site-packages/airflow/example_dags/example_branch_day_of_week_operator.py for tasks to queue
[2023-09-05T12:34:40.780+0000] {logging_mixin.py:151} INFO - [2023-09-05T12:34:40.780+0000] {dagbag.py:539} INFO - Filling up the DagBag from /home/airflow/.local/lib/python3.8/site-packages/airflow/example_dags/example_branch_day_of_week_operator.py
[2023-09-05T12:34:40.787+0000] {processor.py:839} INFO - DAG(s) dict_keys(['example_weekday_branch_operator']) retrieved from /home/airflow/.local/lib/python3.8/site-packages/airflow/example_dags/example_branch_day_of_week_operator.py
[2023-09-05T12:34:40.806+0000] {logging_mixin.py:151} INFO - [2023-09-05T12:34:40.806+0000] {dag.py:2907} INFO - Sync 1 DAGs
[2023-09-05T12:34:40.820+0000] {logging_mixin.py:151} INFO - [2023-09-05T12:34:40.820+0000] {dag.py:3677} INFO - Setting next_dagrun for example_weekday_branch_operator to 2023-09-04T00:00:00+00:00, run_after=2023-09-05T00:00:00+00:00
[2023-09-05T12:34:40.830+0000] {processor.py:179} INFO - Processing /home/airflow/.local/lib/python3.8/site-packages/airflow/example_dags/example_branch_day_of_week_operator.py took 0.060 seconds
[2023-09-05T12:40:46.604+0000] {processor.py:157} INFO - Started process (PID=36) to work on /home/airflow/.local/lib/python3.8/site-packages/airflow/example_dags/example_branch_day_of_week_operator.py
[2023-09-05T12:40:46.606+0000] {processor.py:829} INFO - Processing file /home/airflow/.local/lib/python3.8/site-packages/airflow/example_dags/example_branch_day_of_week_operator.py for tasks to queue
[2023-09-05T12:40:46.609+0000] {logging_mixin.py:151} INFO - [2023-09-05T12:40:46.609+0000] {dagbag.py:539} INFO - Filling up the DagBag from /home/airflow/.local/lib/python3.8/site-packages/airflow/example_dags/example_branch_day_of_week_operator.py
[2023-09-05T12:40:46.618+0000] {processor.py:839} INFO - DAG(s) dict_keys(['example_weekday_branch_operator']) retrieved from /home/airflow/.local/lib/python3.8/site-packages/airflow/example_dags/example_branch_day_of_week_operator.py
[2023-09-05T12:40:46.772+0000] {logging_mixin.py:151} INFO - [2023-09-05T12:40:46.772+0000] {manager.py:501} INFO - Created Permission View: can read on DAG:example_weekday_branch_operator
[2023-09-05T12:40:46.778+0000] {logging_mixin.py:151} INFO - [2023-09-05T12:40:46.778+0000] {manager.py:501} INFO - Created Permission View: can edit on DAG:example_weekday_branch_operator
[2023-09-05T12:40:46.782+0000] {logging_mixin.py:151} INFO - [2023-09-05T12:40:46.782+0000] {manager.py:501} INFO - Created Permission View: can delete on DAG:example_weekday_branch_operator
[2023-09-05T12:40:46.790+0000] {logging_mixin.py:151} INFO - [2023-09-05T12:40:46.790+0000] {dag.py:2907} INFO - Sync 1 DAGs
[2023-09-05T12:40:46.796+0000] {logging_mixin.py:151} INFO - [2023-09-05T12:40:46.796+0000] {dag.py:2929} INFO - Creating ORM DAG for example_weekday_branch_operator
[2023-09-05T12:40:46.802+0000] {logging_mixin.py:151} INFO - [2023-09-05T12:40:46.802+0000] {dag.py:3677} INFO - Setting next_dagrun for example_weekday_branch_operator to 2023-09-04T00:00:00+00:00, run_after=2023-09-05T00:00:00+00:00
[2023-09-05T12:40:46.812+0000] {processor.py:179} INFO - Processing /home/airflow/.local/lib/python3.8/site-packages/airflow/example_dags/example_branch_day_of_week_operator.py took 0.220 seconds
[2023-09-05T12:41:17.730+0000] {processor.py:157} INFO - Started process (PID=90) to work on /home/airflow/.local/lib/python3.8/site-packages/airflow/example_dags/example_branch_day_of_week_operator.py
[2023-09-05T12:41:17.732+0000] {processor.py:829} INFO - Processing file /home/airflow/.local/lib/python3.8/site-packages/airflow/example_dags/example_branch_day_of_week_operator.py for tasks to queue
[2023-09-05T12:41:17.735+0000] {logging_mixin.py:151} INFO - [2023-09-05T12:41:17.735+0000] {dagbag.py:539} INFO - Filling up the DagBag from /home/airflow/.local/lib/python3.8/site-packages/airflow/example_dags/example_branch_day_of_week_operator.py
[2023-09-05T12:41:17.743+0000] {processor.py:839} INFO - DAG(s) dict_keys(['example_weekday_branch_operator']) retrieved from /home/airflow/.local/lib/python3.8/site-packages/airflow/example_dags/example_branch_day_of_week_operator.py
[2023-09-05T12:41:17.765+0000] {logging_mixin.py:151} INFO - [2023-09-05T12:41:17.765+0000] {dag.py:2907} INFO - Sync 1 DAGs
[2023-09-05T12:41:17.779+0000] {logging_mixin.py:151} INFO - [2023-09-05T12:41:17.779+0000] {dag.py:3677} INFO - Setting next_dagrun for example_weekday_branch_operator to 2023-09-04T00:00:00+00:00, run_after=2023-09-05T00:00:00+00:00
[2023-09-05T12:41:17.788+0000] {processor.py:179} INFO - Processing /home/airflow/.local/lib/python3.8/site-packages/airflow/example_dags/example_branch_day_of_week_operator.py took 0.063 seconds
[2023-09-05T12:41:48.325+0000] {processor.py:157} INFO - Started process (PID=144) to work on /home/airflow/.local/lib/python3.8/site-packages/airflow/example_dags/example_branch_day_of_week_operator.py
[2023-09-05T12:41:48.327+0000] {processor.py:829} INFO - Processing file /home/airflow/.local/lib/python3.8/site-packages/airflow/example_dags/example_branch_day_of_week_operator.py for tasks to queue
[2023-09-05T12:41:48.331+0000] {logging_mixin.py:151} INFO - [2023-09-05T12:41:48.330+0000] {dagbag.py:539} INFO - Filling up the DagBag from /home/airflow/.local/lib/python3.8/site-packages/airflow/example_dags/example_branch_day_of_week_operator.py
[2023-09-05T12:41:48.338+0000] {processor.py:839} INFO - DAG(s) dict_keys(['example_weekday_branch_operator']) retrieved from /home/airflow/.local/lib/python3.8/site-packages/airflow/example_dags/example_branch_day_of_week_operator.py
[2023-09-05T12:41:48.358+0000] {logging_mixin.py:151} INFO - [2023-09-05T12:41:48.358+0000] {dag.py:2907} INFO - Sync 1 DAGs
[2023-09-05T12:41:48.377+0000] {logging_mixin.py:151} INFO - [2023-09-05T12:41:48.377+0000] {dag.py:3677} INFO - Setting next_dagrun for example_weekday_branch_operator to 2023-09-04T00:00:00+00:00, run_after=2023-09-05T00:00:00+00:00
[2023-09-05T12:41:48.388+0000] {processor.py:179} INFO - Processing /home/airflow/.local/lib/python3.8/site-packages/airflow/example_dags/example_branch_day_of_week_operator.py took 0.067 seconds
[2023-09-05T12:42:18.972+0000] {processor.py:157} INFO - Started process (PID=198) to work on /home/airflow/.local/lib/python3.8/site-packages/airflow/example_dags/example_branch_day_of_week_operator.py
[2023-09-05T12:42:18.981+0000] {processor.py:829} INFO - Processing file /home/airflow/.local/lib/python3.8/site-packages/airflow/example_dags/example_branch_day_of_week_operator.py for tasks to queue
[2023-09-05T12:42:18.985+0000] {logging_mixin.py:151} INFO - [2023-09-05T12:42:18.984+0000] {dagbag.py:539} INFO - Filling up the DagBag from /home/airflow/.local/lib/python3.8/site-packages/airflow/example_dags/example_branch_day_of_week_operator.py
[2023-09-05T12:42:18.993+0000] {processor.py:839} INFO - DAG(s) dict_keys(['example_weekday_branch_operator']) retrieved from /home/airflow/.local/lib/python3.8/site-packages/airflow/example_dags/example_branch_day_of_week_operator.py
[2023-09-05T12:42:19.012+0000] {logging_mixin.py:151} INFO - [2023-09-05T12:42:19.012+0000] {dag.py:2907} INFO - Sync 1 DAGs
[2023-09-05T12:42:19.025+0000] {logging_mixin.py:151} INFO - [2023-09-05T12:42:19.025+0000] {dag.py:3677} INFO - Setting next_dagrun for example_weekday_branch_operator to 2023-09-04T00:00:00+00:00, run_after=2023-09-05T00:00:00+00:00
[2023-09-05T12:42:19.035+0000] {processor.py:179} INFO - Processing /home/airflow/.local/lib/python3.8/site-packages/airflow/example_dags/example_branch_day_of_week_operator.py took 0.069 seconds
[2023-09-05T12:42:49.524+0000] {processor.py:157} INFO - Started process (PID=252) to work on /home/airflow/.local/lib/python3.8/site-packages/airflow/example_dags/example_branch_day_of_week_operator.py
[2023-09-05T12:42:49.527+0000] {processor.py:829} INFO - Processing file /home/airflow/.local/lib/python3.8/site-packages/airflow/example_dags/example_branch_day_of_week_operator.py for tasks to queue
[2023-09-05T12:42:49.532+0000] {logging_mixin.py:151} INFO - [2023-09-05T12:42:49.531+0000] {dagbag.py:539} INFO - Filling up the DagBag from /home/airflow/.local/lib/python3.8/site-packages/airflow/example_dags/example_branch_day_of_week_operator.py
[2023-09-05T12:42:49.543+0000] {processor.py:839} INFO - DAG(s) dict_keys(['example_weekday_branch_operator']) retrieved from /home/airflow/.local/lib/python3.8/site-packages/airflow/example_dags/example_branch_day_of_week_operator.py
[2023-09-05T12:42:49.572+0000] {logging_mixin.py:151} INFO - [2023-09-05T12:42:49.572+0000] {dag.py:2907} INFO - Sync 1 DAGs
[2023-09-05T12:42:49.593+0000] {logging_mixin.py:151} INFO - [2023-09-05T12:42:49.593+0000] {dag.py:3677} INFO - Setting next_dagrun for example_weekday_branch_operator to 2023-09-04T00:00:00+00:00, run_after=2023-09-05T00:00:00+00:00
[2023-09-05T12:42:49.605+0000] {processor.py:179} INFO - Processing /home/airflow/.local/lib/python3.8/site-packages/airflow/example_dags/example_branch_day_of_week_operator.py took 0.088 seconds
[2023-09-05T12:44:33.610+0000] {processor.py:157} INFO - Started process (PID=35) to work on /home/airflow/.local/lib/python3.8/site-packages/airflow/example_dags/example_branch_day_of_week_operator.py
[2023-09-05T12:44:33.612+0000] {processor.py:829} INFO - Processing file /home/airflow/.local/lib/python3.8/site-packages/airflow/example_dags/example_branch_day_of_week_operator.py for tasks to queue
[2023-09-05T12:44:33.614+0000] {logging_mixin.py:151} INFO - [2023-09-05T12:44:33.614+0000] {dagbag.py:539} INFO - Filling up the DagBag from /home/airflow/.local/lib/python3.8/site-packages/airflow/example_dags/example_branch_day_of_week_operator.py
[2023-09-05T12:44:33.623+0000] {processor.py:839} INFO - DAG(s) dict_keys(['example_weekday_branch_operator']) retrieved from /home/airflow/.local/lib/python3.8/site-packages/airflow/example_dags/example_branch_day_of_week_operator.py
[2023-09-05T12:44:33.788+0000] {logging_mixin.py:151} INFO - [2023-09-05T12:44:33.787+0000] {manager.py:501} INFO - Created Permission View: can edit on DAG:example_weekday_branch_operator
[2023-09-05T12:44:33.795+0000] {logging_mixin.py:151} INFO - [2023-09-05T12:44:33.794+0000] {manager.py:501} INFO - Created Permission View: can read on DAG:example_weekday_branch_operator
[2023-09-05T12:44:33.799+0000] {logging_mixin.py:151} INFO - [2023-09-05T12:44:33.799+0000] {manager.py:501} INFO - Created Permission View: can delete on DAG:example_weekday_branch_operator
[2023-09-05T12:44:33.807+0000] {logging_mixin.py:151} INFO - [2023-09-05T12:44:33.807+0000] {dag.py:2907} INFO - Sync 1 DAGs
[2023-09-05T12:44:33.814+0000] {logging_mixin.py:151} INFO - [2023-09-05T12:44:33.814+0000] {dag.py:2929} INFO - Creating ORM DAG for example_weekday_branch_operator
[2023-09-05T12:44:33.822+0000] {logging_mixin.py:151} INFO - [2023-09-05T12:44:33.822+0000] {dag.py:3677} INFO - Setting next_dagrun for example_weekday_branch_operator to 2023-09-04T00:00:00+00:00, run_after=2023-09-05T00:00:00+00:00
[2023-09-05T12:44:33.833+0000] {processor.py:179} INFO - Processing /home/airflow/.local/lib/python3.8/site-packages/airflow/example_dags/example_branch_day_of_week_operator.py took 0.225 seconds
[2023-09-05T12:45:04.714+0000] {processor.py:157} INFO - Started process (PID=89) to work on /home/airflow/.local/lib/python3.8/site-packages/airflow/example_dags/example_branch_day_of_week_operator.py
[2023-09-05T12:45:04.716+0000] {processor.py:829} INFO - Processing file /home/airflow/.local/lib/python3.8/site-packages/airflow/example_dags/example_branch_day_of_week_operator.py for tasks to queue
[2023-09-05T12:45:04.720+0000] {logging_mixin.py:151} INFO - [2023-09-05T12:45:04.719+0000] {dagbag.py:539} INFO - Filling up the DagBag from /home/airflow/.local/lib/python3.8/site-packages/airflow/example_dags/example_branch_day_of_week_operator.py
[2023-09-05T12:45:04.727+0000] {processor.py:839} INFO - DAG(s) dict_keys(['example_weekday_branch_operator']) retrieved from /home/airflow/.local/lib/python3.8/site-packages/airflow/example_dags/example_branch_day_of_week_operator.py
[2023-09-05T12:45:04.753+0000] {logging_mixin.py:151} INFO - [2023-09-05T12:45:04.752+0000] {dag.py:2907} INFO - Sync 1 DAGs
[2023-09-05T12:45:04.770+0000] {logging_mixin.py:151} INFO - [2023-09-05T12:45:04.770+0000] {dag.py:3677} INFO - Setting next_dagrun for example_weekday_branch_operator to 2023-09-04T00:00:00+00:00, run_after=2023-09-05T00:00:00+00:00
[2023-09-05T12:45:04.780+0000] {processor.py:179} INFO - Processing /home/airflow/.local/lib/python3.8/site-packages/airflow/example_dags/example_branch_day_of_week_operator.py took 0.070 seconds
[2023-09-05T12:45:35.209+0000] {processor.py:157} INFO - Started process (PID=143) to work on /home/airflow/.local/lib/python3.8/site-packages/airflow/example_dags/example_branch_day_of_week_operator.py
[2023-09-05T12:45:35.213+0000] {processor.py:829} INFO - Processing file /home/airflow/.local/lib/python3.8/site-packages/airflow/example_dags/example_branch_day_of_week_operator.py for tasks to queue
[2023-09-05T12:45:35.217+0000] {logging_mixin.py:151} INFO - [2023-09-05T12:45:35.217+0000] {dagbag.py:539} INFO - Filling up the DagBag from /home/airflow/.local/lib/python3.8/site-packages/airflow/example_dags/example_branch_day_of_week_operator.py
[2023-09-05T12:45:35.231+0000] {processor.py:839} INFO - DAG(s) dict_keys(['example_weekday_branch_operator']) retrieved from /home/airflow/.local/lib/python3.8/site-packages/airflow/example_dags/example_branch_day_of_week_operator.py
[2023-09-05T12:45:35.253+0000] {logging_mixin.py:151} INFO - [2023-09-05T12:45:35.253+0000] {dag.py:2907} INFO - Sync 1 DAGs
[2023-09-05T12:45:35.267+0000] {logging_mixin.py:151} INFO - [2023-09-05T12:45:35.267+0000] {dag.py:3677} INFO - Setting next_dagrun for example_weekday_branch_operator to 2023-09-04T00:00:00+00:00, run_after=2023-09-05T00:00:00+00:00
[2023-09-05T12:45:35.277+0000] {processor.py:179} INFO - Processing /home/airflow/.local/lib/python3.8/site-packages/airflow/example_dags/example_branch_day_of_week_operator.py took 0.075 seconds
