[2023-09-05T12:33:41.490+0000] {processor.py:157} INFO - Started process (PID=48) to work on /home/airflow/.local/lib/python3.8/site-packages/airflow/example_dags/example_latest_only_with_trigger.py
[2023-09-05T12:33:41.503+0000] {processor.py:829} INFO - Processing file /home/airflow/.local/lib/python3.8/site-packages/airflow/example_dags/example_latest_only_with_trigger.py for tasks to queue
[2023-09-05T12:33:41.514+0000] {logging_mixin.py:151} INFO - [2023-09-05T12:33:41.514+0000] {dagbag.py:539} INFO - Filling up the DagBag from /home/airflow/.local/lib/python3.8/site-packages/airflow/example_dags/example_latest_only_with_trigger.py
[2023-09-05T12:33:41.736+0000] {processor.py:839} INFO - DAG(s) dict_keys(['latest_only_with_trigger']) retrieved from /home/airflow/.local/lib/python3.8/site-packages/airflow/example_dags/example_latest_only_with_trigger.py
[2023-09-05T12:33:41.764+0000] {logging_mixin.py:151} INFO - [2023-09-05T12:33:41.764+0000] {dag.py:2907} INFO - Sync 1 DAGs
[2023-09-05T12:33:41.828+0000] {logging_mixin.py:151} INFO - [2023-09-05T12:33:41.822+0000] {dag.py:3677} INFO - Setting next_dagrun for latest_only_with_trigger to 2023-09-05T08:33:41.819974+00:00, run_after=2023-09-05T12:33:41.819974+00:00
[2023-09-05T12:33:41.893+0000] {processor.py:179} INFO - Processing /home/airflow/.local/lib/python3.8/site-packages/airflow/example_dags/example_latest_only_with_trigger.py took 0.416 seconds
[2023-09-05T12:34:12.229+0000] {processor.py:157} INFO - Started process (PID=103) to work on /home/airflow/.local/lib/python3.8/site-packages/airflow/example_dags/example_latest_only_with_trigger.py
[2023-09-05T12:34:12.231+0000] {processor.py:829} INFO - Processing file /home/airflow/.local/lib/python3.8/site-packages/airflow/example_dags/example_latest_only_with_trigger.py for tasks to queue
[2023-09-05T12:34:12.237+0000] {logging_mixin.py:151} INFO - [2023-09-05T12:34:12.236+0000] {dagbag.py:539} INFO - Filling up the DagBag from /home/airflow/.local/lib/python3.8/site-packages/airflow/example_dags/example_latest_only_with_trigger.py
[2023-09-05T12:34:12.244+0000] {processor.py:839} INFO - DAG(s) dict_keys(['latest_only_with_trigger']) retrieved from /home/airflow/.local/lib/python3.8/site-packages/airflow/example_dags/example_latest_only_with_trigger.py
[2023-09-05T12:34:12.266+0000] {logging_mixin.py:151} INFO - [2023-09-05T12:34:12.266+0000] {dag.py:2907} INFO - Sync 1 DAGs
[2023-09-05T12:34:12.281+0000] {logging_mixin.py:151} INFO - [2023-09-05T12:34:12.281+0000] {dag.py:3677} INFO - Setting next_dagrun for latest_only_with_trigger to 2023-09-05T08:34:12.281009+00:00, run_after=2023-09-05T12:34:12.281009+00:00
[2023-09-05T12:34:12.294+0000] {processor.py:179} INFO - Processing /home/airflow/.local/lib/python3.8/site-packages/airflow/example_dags/example_latest_only_with_trigger.py took 0.068 seconds
[2023-09-05T12:34:42.411+0000] {processor.py:157} INFO - Started process (PID=156) to work on /home/airflow/.local/lib/python3.8/site-packages/airflow/example_dags/example_latest_only_with_trigger.py
[2023-09-05T12:34:42.413+0000] {processor.py:829} INFO - Processing file /home/airflow/.local/lib/python3.8/site-packages/airflow/example_dags/example_latest_only_with_trigger.py for tasks to queue
[2023-09-05T12:34:42.415+0000] {logging_mixin.py:151} INFO - [2023-09-05T12:34:42.414+0000] {dagbag.py:539} INFO - Filling up the DagBag from /home/airflow/.local/lib/python3.8/site-packages/airflow/example_dags/example_latest_only_with_trigger.py
[2023-09-05T12:34:42.420+0000] {processor.py:839} INFO - DAG(s) dict_keys(['latest_only_with_trigger']) retrieved from /home/airflow/.local/lib/python3.8/site-packages/airflow/example_dags/example_latest_only_with_trigger.py
[2023-09-05T12:34:42.455+0000] {logging_mixin.py:151} INFO - [2023-09-05T12:34:42.455+0000] {dag.py:2907} INFO - Sync 1 DAGs
[2023-09-05T12:34:42.473+0000] {logging_mixin.py:151} INFO - [2023-09-05T12:34:42.473+0000] {dag.py:3677} INFO - Setting next_dagrun for latest_only_with_trigger to 2023-09-05T08:34:42.473080+00:00, run_after=2023-09-05T12:34:42.473080+00:00
[2023-09-05T12:34:42.487+0000] {processor.py:179} INFO - Processing /home/airflow/.local/lib/python3.8/site-packages/airflow/example_dags/example_latest_only_with_trigger.py took 0.079 seconds
[2023-09-05T12:40:48.919+0000] {processor.py:157} INFO - Started process (PID=48) to work on /home/airflow/.local/lib/python3.8/site-packages/airflow/example_dags/example_latest_only_with_trigger.py
[2023-09-05T12:40:48.930+0000] {processor.py:829} INFO - Processing file /home/airflow/.local/lib/python3.8/site-packages/airflow/example_dags/example_latest_only_with_trigger.py for tasks to queue
[2023-09-05T12:40:48.960+0000] {logging_mixin.py:151} INFO - [2023-09-05T12:40:48.956+0000] {dagbag.py:539} INFO - Filling up the DagBag from /home/airflow/.local/lib/python3.8/site-packages/airflow/example_dags/example_latest_only_with_trigger.py
[2023-09-05T12:40:49.016+0000] {processor.py:839} INFO - DAG(s) dict_keys(['latest_only_with_trigger']) retrieved from /home/airflow/.local/lib/python3.8/site-packages/airflow/example_dags/example_latest_only_with_trigger.py
[2023-09-05T12:40:49.304+0000] {logging_mixin.py:151} INFO - [2023-09-05T12:40:49.304+0000] {manager.py:501} INFO - Created Permission View: can read on DAG:latest_only_with_trigger
[2023-09-05T12:40:49.315+0000] {logging_mixin.py:151} INFO - [2023-09-05T12:40:49.315+0000] {manager.py:501} INFO - Created Permission View: can edit on DAG:latest_only_with_trigger
[2023-09-05T12:40:49.320+0000] {logging_mixin.py:151} INFO - [2023-09-05T12:40:49.320+0000] {manager.py:501} INFO - Created Permission View: can delete on DAG:latest_only_with_trigger
[2023-09-05T12:40:49.347+0000] {logging_mixin.py:151} INFO - [2023-09-05T12:40:49.347+0000] {dag.py:2907} INFO - Sync 1 DAGs
[2023-09-05T12:40:49.368+0000] {logging_mixin.py:151} INFO - [2023-09-05T12:40:49.368+0000] {dag.py:2929} INFO - Creating ORM DAG for latest_only_with_trigger
[2023-09-05T12:40:49.380+0000] {logging_mixin.py:151} INFO - [2023-09-05T12:40:49.380+0000] {dag.py:3677} INFO - Setting next_dagrun for latest_only_with_trigger to 2023-09-05T08:40:49.380269+00:00, run_after=2023-09-05T12:40:49.380269+00:00
[2023-09-05T12:40:49.399+0000] {processor.py:179} INFO - Processing /home/airflow/.local/lib/python3.8/site-packages/airflow/example_dags/example_latest_only_with_trigger.py took 0.512 seconds
[2023-09-05T12:41:20.300+0000] {processor.py:157} INFO - Started process (PID=102) to work on /home/airflow/.local/lib/python3.8/site-packages/airflow/example_dags/example_latest_only_with_trigger.py
[2023-09-05T12:41:20.302+0000] {processor.py:829} INFO - Processing file /home/airflow/.local/lib/python3.8/site-packages/airflow/example_dags/example_latest_only_with_trigger.py for tasks to queue
[2023-09-05T12:41:20.306+0000] {logging_mixin.py:151} INFO - [2023-09-05T12:41:20.306+0000] {dagbag.py:539} INFO - Filling up the DagBag from /home/airflow/.local/lib/python3.8/site-packages/airflow/example_dags/example_latest_only_with_trigger.py
[2023-09-05T12:41:20.314+0000] {processor.py:839} INFO - DAG(s) dict_keys(['latest_only_with_trigger']) retrieved from /home/airflow/.local/lib/python3.8/site-packages/airflow/example_dags/example_latest_only_with_trigger.py
[2023-09-05T12:41:20.338+0000] {logging_mixin.py:151} INFO - [2023-09-05T12:41:20.338+0000] {dag.py:2907} INFO - Sync 1 DAGs
[2023-09-05T12:41:20.354+0000] {logging_mixin.py:151} INFO - [2023-09-05T12:41:20.353+0000] {dag.py:3677} INFO - Setting next_dagrun for latest_only_with_trigger to 2023-09-05T08:41:20.353675+00:00, run_after=2023-09-05T12:41:20.353675+00:00
[2023-09-05T12:41:20.366+0000] {processor.py:179} INFO - Processing /home/airflow/.local/lib/python3.8/site-packages/airflow/example_dags/example_latest_only_with_trigger.py took 0.070 seconds
[2023-09-05T12:41:50.898+0000] {processor.py:157} INFO - Started process (PID=156) to work on /home/airflow/.local/lib/python3.8/site-packages/airflow/example_dags/example_latest_only_with_trigger.py
[2023-09-05T12:41:50.901+0000] {processor.py:829} INFO - Processing file /home/airflow/.local/lib/python3.8/site-packages/airflow/example_dags/example_latest_only_with_trigger.py for tasks to queue
[2023-09-05T12:41:50.909+0000] {logging_mixin.py:151} INFO - [2023-09-05T12:41:50.909+0000] {dagbag.py:539} INFO - Filling up the DagBag from /home/airflow/.local/lib/python3.8/site-packages/airflow/example_dags/example_latest_only_with_trigger.py
[2023-09-05T12:41:50.916+0000] {processor.py:839} INFO - DAG(s) dict_keys(['latest_only_with_trigger']) retrieved from /home/airflow/.local/lib/python3.8/site-packages/airflow/example_dags/example_latest_only_with_trigger.py
[2023-09-05T12:41:50.937+0000] {logging_mixin.py:151} INFO - [2023-09-05T12:41:50.937+0000] {dag.py:2907} INFO - Sync 1 DAGs
[2023-09-05T12:41:50.953+0000] {logging_mixin.py:151} INFO - [2023-09-05T12:41:50.952+0000] {dag.py:3677} INFO - Setting next_dagrun for latest_only_with_trigger to 2023-09-05T08:41:50.952712+00:00, run_after=2023-09-05T12:41:50.952712+00:00
[2023-09-05T12:41:50.964+0000] {processor.py:179} INFO - Processing /home/airflow/.local/lib/python3.8/site-packages/airflow/example_dags/example_latest_only_with_trigger.py took 0.070 seconds
[2023-09-05T12:42:21.522+0000] {processor.py:157} INFO - Started process (PID=210) to work on /home/airflow/.local/lib/python3.8/site-packages/airflow/example_dags/example_latest_only_with_trigger.py
[2023-09-05T12:42:21.523+0000] {processor.py:829} INFO - Processing file /home/airflow/.local/lib/python3.8/site-packages/airflow/example_dags/example_latest_only_with_trigger.py for tasks to queue
[2023-09-05T12:42:21.526+0000] {logging_mixin.py:151} INFO - [2023-09-05T12:42:21.526+0000] {dagbag.py:539} INFO - Filling up the DagBag from /home/airflow/.local/lib/python3.8/site-packages/airflow/example_dags/example_latest_only_with_trigger.py
[2023-09-05T12:42:21.533+0000] {processor.py:839} INFO - DAG(s) dict_keys(['latest_only_with_trigger']) retrieved from /home/airflow/.local/lib/python3.8/site-packages/airflow/example_dags/example_latest_only_with_trigger.py
[2023-09-05T12:42:21.553+0000] {logging_mixin.py:151} INFO - [2023-09-05T12:42:21.553+0000] {dag.py:2907} INFO - Sync 1 DAGs
[2023-09-05T12:42:21.566+0000] {logging_mixin.py:151} INFO - [2023-09-05T12:42:21.566+0000] {dag.py:3677} INFO - Setting next_dagrun for latest_only_with_trigger to 2023-09-05T08:42:21.566570+00:00, run_after=2023-09-05T12:42:21.566570+00:00
[2023-09-05T12:42:21.578+0000] {processor.py:179} INFO - Processing /home/airflow/.local/lib/python3.8/site-packages/airflow/example_dags/example_latest_only_with_trigger.py took 0.060 seconds
[2023-09-05T12:42:52.066+0000] {processor.py:157} INFO - Started process (PID=264) to work on /home/airflow/.local/lib/python3.8/site-packages/airflow/example_dags/example_latest_only_with_trigger.py
[2023-09-05T12:42:52.067+0000] {processor.py:829} INFO - Processing file /home/airflow/.local/lib/python3.8/site-packages/airflow/example_dags/example_latest_only_with_trigger.py for tasks to queue
[2023-09-05T12:42:52.071+0000] {logging_mixin.py:151} INFO - [2023-09-05T12:42:52.071+0000] {dagbag.py:539} INFO - Filling up the DagBag from /home/airflow/.local/lib/python3.8/site-packages/airflow/example_dags/example_latest_only_with_trigger.py
[2023-09-05T12:42:52.076+0000] {processor.py:839} INFO - DAG(s) dict_keys(['latest_only_with_trigger']) retrieved from /home/airflow/.local/lib/python3.8/site-packages/airflow/example_dags/example_latest_only_with_trigger.py
[2023-09-05T12:42:52.099+0000] {logging_mixin.py:151} INFO - [2023-09-05T12:42:52.099+0000] {dag.py:2907} INFO - Sync 1 DAGs
[2023-09-05T12:42:52.115+0000] {logging_mixin.py:151} INFO - [2023-09-05T12:42:52.115+0000] {dag.py:3677} INFO - Setting next_dagrun for latest_only_with_trigger to 2023-09-05T08:42:52.114765+00:00, run_after=2023-09-05T12:42:52.114765+00:00
[2023-09-05T12:42:52.131+0000] {processor.py:179} INFO - Processing /home/airflow/.local/lib/python3.8/site-packages/airflow/example_dags/example_latest_only_with_trigger.py took 0.069 seconds
[2023-09-05T12:44:36.366+0000] {processor.py:157} INFO - Started process (PID=47) to work on /home/airflow/.local/lib/python3.8/site-packages/airflow/example_dags/example_latest_only_with_trigger.py
[2023-09-05T12:44:36.369+0000] {processor.py:829} INFO - Processing file /home/airflow/.local/lib/python3.8/site-packages/airflow/example_dags/example_latest_only_with_trigger.py for tasks to queue
[2023-09-05T12:44:36.374+0000] {logging_mixin.py:151} INFO - [2023-09-05T12:44:36.373+0000] {dagbag.py:539} INFO - Filling up the DagBag from /home/airflow/.local/lib/python3.8/site-packages/airflow/example_dags/example_latest_only_with_trigger.py
[2023-09-05T12:44:36.387+0000] {processor.py:839} INFO - DAG(s) dict_keys(['latest_only_with_trigger']) retrieved from /home/airflow/.local/lib/python3.8/site-packages/airflow/example_dags/example_latest_only_with_trigger.py
[2023-09-05T12:44:36.698+0000] {logging_mixin.py:151} INFO - [2023-09-05T12:44:36.698+0000] {manager.py:501} INFO - Created Permission View: can edit on DAG:latest_only_with_trigger
[2023-09-05T12:44:36.708+0000] {logging_mixin.py:151} INFO - [2023-09-05T12:44:36.708+0000] {manager.py:501} INFO - Created Permission View: can read on DAG:latest_only_with_trigger
[2023-09-05T12:44:36.714+0000] {logging_mixin.py:151} INFO - [2023-09-05T12:44:36.714+0000] {manager.py:501} INFO - Created Permission View: can delete on DAG:latest_only_with_trigger
[2023-09-05T12:44:36.739+0000] {logging_mixin.py:151} INFO - [2023-09-05T12:44:36.738+0000] {dag.py:2907} INFO - Sync 1 DAGs
[2023-09-05T12:44:36.757+0000] {logging_mixin.py:151} INFO - [2023-09-05T12:44:36.755+0000] {dag.py:2929} INFO - Creating ORM DAG for latest_only_with_trigger
[2023-09-05T12:44:36.767+0000] {logging_mixin.py:151} INFO - [2023-09-05T12:44:36.767+0000] {dag.py:3677} INFO - Setting next_dagrun for latest_only_with_trigger to 2023-09-05T08:44:36.767533+00:00, run_after=2023-09-05T12:44:36.767533+00:00
[2023-09-05T12:44:36.791+0000] {processor.py:179} INFO - Processing /home/airflow/.local/lib/python3.8/site-packages/airflow/example_dags/example_latest_only_with_trigger.py took 0.431 seconds
[2023-09-05T12:45:07.206+0000] {processor.py:157} INFO - Started process (PID=101) to work on /home/airflow/.local/lib/python3.8/site-packages/airflow/example_dags/example_latest_only_with_trigger.py
[2023-09-05T12:45:07.207+0000] {processor.py:829} INFO - Processing file /home/airflow/.local/lib/python3.8/site-packages/airflow/example_dags/example_latest_only_with_trigger.py for tasks to queue
[2023-09-05T12:45:07.209+0000] {logging_mixin.py:151} INFO - [2023-09-05T12:45:07.209+0000] {dagbag.py:539} INFO - Filling up the DagBag from /home/airflow/.local/lib/python3.8/site-packages/airflow/example_dags/example_latest_only_with_trigger.py
[2023-09-05T12:45:07.213+0000] {processor.py:839} INFO - DAG(s) dict_keys(['latest_only_with_trigger']) retrieved from /home/airflow/.local/lib/python3.8/site-packages/airflow/example_dags/example_latest_only_with_trigger.py
[2023-09-05T12:45:07.230+0000] {logging_mixin.py:151} INFO - [2023-09-05T12:45:07.230+0000] {dag.py:2907} INFO - Sync 1 DAGs
[2023-09-05T12:45:07.243+0000] {logging_mixin.py:151} INFO - [2023-09-05T12:45:07.243+0000] {dag.py:3677} INFO - Setting next_dagrun for latest_only_with_trigger to 2023-09-05T08:45:07.243511+00:00, run_after=2023-09-05T12:45:07.243511+00:00
[2023-09-05T12:45:07.255+0000] {processor.py:179} INFO - Processing /home/airflow/.local/lib/python3.8/site-packages/airflow/example_dags/example_latest_only_with_trigger.py took 0.052 seconds
[2023-09-05T12:45:37.717+0000] {processor.py:157} INFO - Started process (PID=155) to work on /home/airflow/.local/lib/python3.8/site-packages/airflow/example_dags/example_latest_only_with_trigger.py
[2023-09-05T12:45:37.718+0000] {processor.py:829} INFO - Processing file /home/airflow/.local/lib/python3.8/site-packages/airflow/example_dags/example_latest_only_with_trigger.py for tasks to queue
[2023-09-05T12:45:37.721+0000] {logging_mixin.py:151} INFO - [2023-09-05T12:45:37.720+0000] {dagbag.py:539} INFO - Filling up the DagBag from /home/airflow/.local/lib/python3.8/site-packages/airflow/example_dags/example_latest_only_with_trigger.py
[2023-09-05T12:45:37.726+0000] {processor.py:839} INFO - DAG(s) dict_keys(['latest_only_with_trigger']) retrieved from /home/airflow/.local/lib/python3.8/site-packages/airflow/example_dags/example_latest_only_with_trigger.py
[2023-09-05T12:45:37.745+0000] {logging_mixin.py:151} INFO - [2023-09-05T12:45:37.745+0000] {dag.py:2907} INFO - Sync 1 DAGs
[2023-09-05T12:45:37.758+0000] {logging_mixin.py:151} INFO - [2023-09-05T12:45:37.758+0000] {dag.py:3677} INFO - Setting next_dagrun for latest_only_with_trigger to 2023-09-05T08:45:37.758345+00:00, run_after=2023-09-05T12:45:37.758345+00:00
[2023-09-05T12:45:37.770+0000] {processor.py:179} INFO - Processing /home/airflow/.local/lib/python3.8/site-packages/airflow/example_dags/example_latest_only_with_trigger.py took 0.056 seconds
