[2023-09-05T12:33:41.592+0000] {processor.py:157} INFO - Started process (PID=49) to work on /home/airflow/.local/lib/python3.8/site-packages/airflow/example_dags/example_short_circuit_operator.py
[2023-09-05T12:33:41.594+0000] {processor.py:829} INFO - Processing file /home/airflow/.local/lib/python3.8/site-packages/airflow/example_dags/example_short_circuit_operator.py for tasks to queue
[2023-09-05T12:33:41.596+0000] {logging_mixin.py:151} INFO - [2023-09-05T12:33:41.596+0000] {dagbag.py:539} INFO - Filling up the DagBag from /home/airflow/.local/lib/python3.8/site-packages/airflow/example_dags/example_short_circuit_operator.py
[2023-09-05T12:33:41.867+0000] {processor.py:839} INFO - DAG(s) dict_keys(['example_short_circuit_operator']) retrieved from /home/airflow/.local/lib/python3.8/site-packages/airflow/example_dags/example_short_circuit_operator.py
[2023-09-05T12:33:41.921+0000] {logging_mixin.py:151} INFO - [2023-09-05T12:33:41.921+0000] {dag.py:2907} INFO - Sync 1 DAGs
[2023-09-05T12:33:41.958+0000] {logging_mixin.py:151} INFO - [2023-09-05T12:33:41.958+0000] {dag.py:3677} INFO - Setting next_dagrun for example_short_circuit_operator to 2023-09-04T12:33:41.957921+00:00, run_after=2023-09-05T12:33:41.957921+00:00
[2023-09-05T12:33:41.987+0000] {processor.py:179} INFO - Processing /home/airflow/.local/lib/python3.8/site-packages/airflow/example_dags/example_short_circuit_operator.py took 0.399 seconds
[2023-09-05T12:34:12.320+0000] {processor.py:157} INFO - Started process (PID=104) to work on /home/airflow/.local/lib/python3.8/site-packages/airflow/example_dags/example_short_circuit_operator.py
[2023-09-05T12:34:12.321+0000] {processor.py:829} INFO - Processing file /home/airflow/.local/lib/python3.8/site-packages/airflow/example_dags/example_short_circuit_operator.py for tasks to queue
[2023-09-05T12:34:12.324+0000] {logging_mixin.py:151} INFO - [2023-09-05T12:34:12.324+0000] {dagbag.py:539} INFO - Filling up the DagBag from /home/airflow/.local/lib/python3.8/site-packages/airflow/example_dags/example_short_circuit_operator.py
[2023-09-05T12:34:12.330+0000] {processor.py:839} INFO - DAG(s) dict_keys(['example_short_circuit_operator']) retrieved from /home/airflow/.local/lib/python3.8/site-packages/airflow/example_dags/example_short_circuit_operator.py
[2023-09-05T12:34:12.350+0000] {logging_mixin.py:151} INFO - [2023-09-05T12:34:12.350+0000] {dag.py:2907} INFO - Sync 1 DAGs
[2023-09-05T12:34:12.365+0000] {logging_mixin.py:151} INFO - [2023-09-05T12:34:12.364+0000] {dag.py:3677} INFO - Setting next_dagrun for example_short_circuit_operator to 2023-09-04T12:34:12.364679+00:00, run_after=2023-09-05T12:34:12.364679+00:00
[2023-09-05T12:34:12.377+0000] {processor.py:179} INFO - Processing /home/airflow/.local/lib/python3.8/site-packages/airflow/example_dags/example_short_circuit_operator.py took 0.060 seconds
[2023-09-05T12:34:42.524+0000] {processor.py:157} INFO - Started process (PID=158) to work on /home/airflow/.local/lib/python3.8/site-packages/airflow/example_dags/example_short_circuit_operator.py
[2023-09-05T12:34:42.525+0000] {processor.py:829} INFO - Processing file /home/airflow/.local/lib/python3.8/site-packages/airflow/example_dags/example_short_circuit_operator.py for tasks to queue
[2023-09-05T12:34:42.528+0000] {logging_mixin.py:151} INFO - [2023-09-05T12:34:42.528+0000] {dagbag.py:539} INFO - Filling up the DagBag from /home/airflow/.local/lib/python3.8/site-packages/airflow/example_dags/example_short_circuit_operator.py
[2023-09-05T12:34:42.536+0000] {processor.py:839} INFO - DAG(s) dict_keys(['example_short_circuit_operator']) retrieved from /home/airflow/.local/lib/python3.8/site-packages/airflow/example_dags/example_short_circuit_operator.py
[2023-09-05T12:34:42.560+0000] {logging_mixin.py:151} INFO - [2023-09-05T12:34:42.560+0000] {dag.py:2907} INFO - Sync 1 DAGs
[2023-09-05T12:34:42.579+0000] {logging_mixin.py:151} INFO - [2023-09-05T12:34:42.579+0000] {dag.py:3677} INFO - Setting next_dagrun for example_short_circuit_operator to 2023-09-04T12:34:42.578802+00:00, run_after=2023-09-05T12:34:42.578802+00:00
[2023-09-05T12:34:42.599+0000] {processor.py:179} INFO - Processing /home/airflow/.local/lib/python3.8/site-packages/airflow/example_dags/example_short_circuit_operator.py took 0.080 seconds
[2023-09-05T12:40:49.449+0000] {processor.py:157} INFO - Started process (PID=49) to work on /home/airflow/.local/lib/python3.8/site-packages/airflow/example_dags/example_short_circuit_operator.py
[2023-09-05T12:40:49.451+0000] {processor.py:829} INFO - Processing file /home/airflow/.local/lib/python3.8/site-packages/airflow/example_dags/example_short_circuit_operator.py for tasks to queue
[2023-09-05T12:40:49.453+0000] {logging_mixin.py:151} INFO - [2023-09-05T12:40:49.453+0000] {dagbag.py:539} INFO - Filling up the DagBag from /home/airflow/.local/lib/python3.8/site-packages/airflow/example_dags/example_short_circuit_operator.py
[2023-09-05T12:40:49.465+0000] {processor.py:839} INFO - DAG(s) dict_keys(['example_short_circuit_operator']) retrieved from /home/airflow/.local/lib/python3.8/site-packages/airflow/example_dags/example_short_circuit_operator.py
[2023-09-05T12:40:49.783+0000] {logging_mixin.py:151} INFO - [2023-09-05T12:40:49.783+0000] {manager.py:501} INFO - Created Permission View: can read on DAG:example_short_circuit_operator
[2023-09-05T12:40:49.792+0000] {logging_mixin.py:151} INFO - [2023-09-05T12:40:49.792+0000] {manager.py:501} INFO - Created Permission View: can edit on DAG:example_short_circuit_operator
[2023-09-05T12:40:49.801+0000] {logging_mixin.py:151} INFO - [2023-09-05T12:40:49.801+0000] {manager.py:501} INFO - Created Permission View: can delete on DAG:example_short_circuit_operator
[2023-09-05T12:40:49.817+0000] {logging_mixin.py:151} INFO - [2023-09-05T12:40:49.816+0000] {dag.py:2907} INFO - Sync 1 DAGs
[2023-09-05T12:40:49.826+0000] {logging_mixin.py:151} INFO - [2023-09-05T12:40:49.825+0000] {dag.py:2929} INFO - Creating ORM DAG for example_short_circuit_operator
[2023-09-05T12:40:49.834+0000] {logging_mixin.py:151} INFO - [2023-09-05T12:40:49.834+0000] {dag.py:3677} INFO - Setting next_dagrun for example_short_circuit_operator to 2023-09-04T12:40:49.834150+00:00, run_after=2023-09-05T12:40:49.834150+00:00
[2023-09-05T12:40:49.854+0000] {processor.py:179} INFO - Processing /home/airflow/.local/lib/python3.8/site-packages/airflow/example_dags/example_short_circuit_operator.py took 0.408 seconds
[2023-09-05T12:41:20.390+0000] {processor.py:157} INFO - Started process (PID=103) to work on /home/airflow/.local/lib/python3.8/site-packages/airflow/example_dags/example_short_circuit_operator.py
[2023-09-05T12:41:20.392+0000] {processor.py:829} INFO - Processing file /home/airflow/.local/lib/python3.8/site-packages/airflow/example_dags/example_short_circuit_operator.py for tasks to queue
[2023-09-05T12:41:20.394+0000] {logging_mixin.py:151} INFO - [2023-09-05T12:41:20.394+0000] {dagbag.py:539} INFO - Filling up the DagBag from /home/airflow/.local/lib/python3.8/site-packages/airflow/example_dags/example_short_circuit_operator.py
[2023-09-05T12:41:20.400+0000] {processor.py:839} INFO - DAG(s) dict_keys(['example_short_circuit_operator']) retrieved from /home/airflow/.local/lib/python3.8/site-packages/airflow/example_dags/example_short_circuit_operator.py
[2023-09-05T12:41:20.421+0000] {logging_mixin.py:151} INFO - [2023-09-05T12:41:20.421+0000] {dag.py:2907} INFO - Sync 1 DAGs
[2023-09-05T12:41:20.438+0000] {logging_mixin.py:151} INFO - [2023-09-05T12:41:20.438+0000] {dag.py:3677} INFO - Setting next_dagrun for example_short_circuit_operator to 2023-09-04T12:41:20.437939+00:00, run_after=2023-09-05T12:41:20.437939+00:00
[2023-09-05T12:41:20.458+0000] {processor.py:179} INFO - Processing /home/airflow/.local/lib/python3.8/site-packages/airflow/example_dags/example_short_circuit_operator.py took 0.070 seconds
[2023-09-05T12:41:50.985+0000] {processor.py:157} INFO - Started process (PID=157) to work on /home/airflow/.local/lib/python3.8/site-packages/airflow/example_dags/example_short_circuit_operator.py
[2023-09-05T12:41:50.986+0000] {processor.py:829} INFO - Processing file /home/airflow/.local/lib/python3.8/site-packages/airflow/example_dags/example_short_circuit_operator.py for tasks to queue
[2023-09-05T12:41:50.989+0000] {logging_mixin.py:151} INFO - [2023-09-05T12:41:50.989+0000] {dagbag.py:539} INFO - Filling up the DagBag from /home/airflow/.local/lib/python3.8/site-packages/airflow/example_dags/example_short_circuit_operator.py
[2023-09-05T12:41:50.995+0000] {processor.py:839} INFO - DAG(s) dict_keys(['example_short_circuit_operator']) retrieved from /home/airflow/.local/lib/python3.8/site-packages/airflow/example_dags/example_short_circuit_operator.py
[2023-09-05T12:41:51.013+0000] {logging_mixin.py:151} INFO - [2023-09-05T12:41:51.013+0000] {dag.py:2907} INFO - Sync 1 DAGs
[2023-09-05T12:41:51.028+0000] {logging_mixin.py:151} INFO - [2023-09-05T12:41:51.028+0000] {dag.py:3677} INFO - Setting next_dagrun for example_short_circuit_operator to 2023-09-04T12:41:51.028615+00:00, run_after=2023-09-05T12:41:51.028615+00:00
[2023-09-05T12:41:51.041+0000] {processor.py:179} INFO - Processing /home/airflow/.local/lib/python3.8/site-packages/airflow/example_dags/example_short_circuit_operator.py took 0.058 seconds
[2023-09-05T12:42:21.599+0000] {processor.py:157} INFO - Started process (PID=211) to work on /home/airflow/.local/lib/python3.8/site-packages/airflow/example_dags/example_short_circuit_operator.py
[2023-09-05T12:42:21.600+0000] {processor.py:829} INFO - Processing file /home/airflow/.local/lib/python3.8/site-packages/airflow/example_dags/example_short_circuit_operator.py for tasks to queue
[2023-09-05T12:42:21.602+0000] {logging_mixin.py:151} INFO - [2023-09-05T12:42:21.602+0000] {dagbag.py:539} INFO - Filling up the DagBag from /home/airflow/.local/lib/python3.8/site-packages/airflow/example_dags/example_short_circuit_operator.py
[2023-09-05T12:42:21.608+0000] {processor.py:839} INFO - DAG(s) dict_keys(['example_short_circuit_operator']) retrieved from /home/airflow/.local/lib/python3.8/site-packages/airflow/example_dags/example_short_circuit_operator.py
[2023-09-05T12:42:21.628+0000] {logging_mixin.py:151} INFO - [2023-09-05T12:42:21.628+0000] {dag.py:2907} INFO - Sync 1 DAGs
[2023-09-05T12:42:21.643+0000] {logging_mixin.py:151} INFO - [2023-09-05T12:42:21.643+0000] {dag.py:3677} INFO - Setting next_dagrun for example_short_circuit_operator to 2023-09-04T12:42:21.643353+00:00, run_after=2023-09-05T12:42:21.643353+00:00
[2023-09-05T12:42:21.654+0000] {processor.py:179} INFO - Processing /home/airflow/.local/lib/python3.8/site-packages/airflow/example_dags/example_short_circuit_operator.py took 0.058 seconds
[2023-09-05T12:42:52.174+0000] {processor.py:157} INFO - Started process (PID=265) to work on /home/airflow/.local/lib/python3.8/site-packages/airflow/example_dags/example_short_circuit_operator.py
[2023-09-05T12:42:52.175+0000] {processor.py:829} INFO - Processing file /home/airflow/.local/lib/python3.8/site-packages/airflow/example_dags/example_short_circuit_operator.py for tasks to queue
[2023-09-05T12:42:52.178+0000] {logging_mixin.py:151} INFO - [2023-09-05T12:42:52.178+0000] {dagbag.py:539} INFO - Filling up the DagBag from /home/airflow/.local/lib/python3.8/site-packages/airflow/example_dags/example_short_circuit_operator.py
[2023-09-05T12:42:52.184+0000] {processor.py:839} INFO - DAG(s) dict_keys(['example_short_circuit_operator']) retrieved from /home/airflow/.local/lib/python3.8/site-packages/airflow/example_dags/example_short_circuit_operator.py
[2023-09-05T12:42:52.206+0000] {logging_mixin.py:151} INFO - [2023-09-05T12:42:52.206+0000] {dag.py:2907} INFO - Sync 1 DAGs
[2023-09-05T12:42:52.225+0000] {logging_mixin.py:151} INFO - [2023-09-05T12:42:52.225+0000] {dag.py:3677} INFO - Setting next_dagrun for example_short_circuit_operator to 2023-09-04T12:42:52.224711+00:00, run_after=2023-09-05T12:42:52.224711+00:00
[2023-09-05T12:42:52.240+0000] {processor.py:179} INFO - Processing /home/airflow/.local/lib/python3.8/site-packages/airflow/example_dags/example_short_circuit_operator.py took 0.070 seconds
[2023-09-05T12:44:36.840+0000] {processor.py:157} INFO - Started process (PID=48) to work on /home/airflow/.local/lib/python3.8/site-packages/airflow/example_dags/example_short_circuit_operator.py
[2023-09-05T12:44:36.853+0000] {processor.py:829} INFO - Processing file /home/airflow/.local/lib/python3.8/site-packages/airflow/example_dags/example_short_circuit_operator.py for tasks to queue
[2023-09-05T12:44:36.864+0000] {logging_mixin.py:151} INFO - [2023-09-05T12:44:36.864+0000] {dagbag.py:539} INFO - Filling up the DagBag from /home/airflow/.local/lib/python3.8/site-packages/airflow/example_dags/example_short_circuit_operator.py
[2023-09-05T12:44:36.884+0000] {processor.py:839} INFO - DAG(s) dict_keys(['example_short_circuit_operator']) retrieved from /home/airflow/.local/lib/python3.8/site-packages/airflow/example_dags/example_short_circuit_operator.py
[2023-09-05T12:44:37.070+0000] {logging_mixin.py:151} INFO - [2023-09-05T12:44:37.069+0000] {manager.py:501} INFO - Created Permission View: can edit on DAG:example_short_circuit_operator
[2023-09-05T12:44:37.077+0000] {logging_mixin.py:151} INFO - [2023-09-05T12:44:37.077+0000] {manager.py:501} INFO - Created Permission View: can read on DAG:example_short_circuit_operator
[2023-09-05T12:44:37.081+0000] {logging_mixin.py:151} INFO - [2023-09-05T12:44:37.081+0000] {manager.py:501} INFO - Created Permission View: can delete on DAG:example_short_circuit_operator
[2023-09-05T12:44:37.089+0000] {logging_mixin.py:151} INFO - [2023-09-05T12:44:37.089+0000] {dag.py:2907} INFO - Sync 1 DAGs
[2023-09-05T12:44:37.096+0000] {logging_mixin.py:151} INFO - [2023-09-05T12:44:37.095+0000] {dag.py:2929} INFO - Creating ORM DAG for example_short_circuit_operator
[2023-09-05T12:44:37.102+0000] {logging_mixin.py:151} INFO - [2023-09-05T12:44:37.102+0000] {dag.py:3677} INFO - Setting next_dagrun for example_short_circuit_operator to 2023-09-04T12:44:37.101833+00:00, run_after=2023-09-05T12:44:37.101833+00:00
[2023-09-05T12:44:37.113+0000] {processor.py:179} INFO - Processing /home/airflow/.local/lib/python3.8/site-packages/airflow/example_dags/example_short_circuit_operator.py took 0.285 seconds
[2023-09-05T12:45:07.280+0000] {processor.py:157} INFO - Started process (PID=102) to work on /home/airflow/.local/lib/python3.8/site-packages/airflow/example_dags/example_short_circuit_operator.py
[2023-09-05T12:45:07.282+0000] {processor.py:829} INFO - Processing file /home/airflow/.local/lib/python3.8/site-packages/airflow/example_dags/example_short_circuit_operator.py for tasks to queue
[2023-09-05T12:45:07.284+0000] {logging_mixin.py:151} INFO - [2023-09-05T12:45:07.284+0000] {dagbag.py:539} INFO - Filling up the DagBag from /home/airflow/.local/lib/python3.8/site-packages/airflow/example_dags/example_short_circuit_operator.py
[2023-09-05T12:45:07.290+0000] {processor.py:839} INFO - DAG(s) dict_keys(['example_short_circuit_operator']) retrieved from /home/airflow/.local/lib/python3.8/site-packages/airflow/example_dags/example_short_circuit_operator.py
[2023-09-05T12:45:07.312+0000] {logging_mixin.py:151} INFO - [2023-09-05T12:45:07.312+0000] {dag.py:2907} INFO - Sync 1 DAGs
[2023-09-05T12:45:07.324+0000] {logging_mixin.py:151} INFO - [2023-09-05T12:45:07.324+0000] {dag.py:3677} INFO - Setting next_dagrun for example_short_circuit_operator to 2023-09-04T12:45:07.324543+00:00, run_after=2023-09-05T12:45:07.324543+00:00
[2023-09-05T12:45:07.335+0000] {processor.py:179} INFO - Processing /home/airflow/.local/lib/python3.8/site-packages/airflow/example_dags/example_short_circuit_operator.py took 0.058 seconds
[2023-09-05T12:45:37.794+0000] {processor.py:157} INFO - Started process (PID=156) to work on /home/airflow/.local/lib/python3.8/site-packages/airflow/example_dags/example_short_circuit_operator.py
[2023-09-05T12:45:37.795+0000] {processor.py:829} INFO - Processing file /home/airflow/.local/lib/python3.8/site-packages/airflow/example_dags/example_short_circuit_operator.py for tasks to queue
[2023-09-05T12:45:37.797+0000] {logging_mixin.py:151} INFO - [2023-09-05T12:45:37.797+0000] {dagbag.py:539} INFO - Filling up the DagBag from /home/airflow/.local/lib/python3.8/site-packages/airflow/example_dags/example_short_circuit_operator.py
[2023-09-05T12:45:37.804+0000] {processor.py:839} INFO - DAG(s) dict_keys(['example_short_circuit_operator']) retrieved from /home/airflow/.local/lib/python3.8/site-packages/airflow/example_dags/example_short_circuit_operator.py
[2023-09-05T12:45:37.825+0000] {logging_mixin.py:151} INFO - [2023-09-05T12:45:37.825+0000] {dag.py:2907} INFO - Sync 1 DAGs
[2023-09-05T12:45:37.839+0000] {logging_mixin.py:151} INFO - [2023-09-05T12:45:37.839+0000] {dag.py:3677} INFO - Setting next_dagrun for example_short_circuit_operator to 2023-09-04T12:45:37.839397+00:00, run_after=2023-09-05T12:45:37.839397+00:00
[2023-09-05T12:45:37.852+0000] {processor.py:179} INFO - Processing /home/airflow/.local/lib/python3.8/site-packages/airflow/example_dags/example_short_circuit_operator.py took 0.061 seconds
