[2023-09-05T12:33:44.529+0000] {processor.py:157} INFO - Started process (PID=67) to work on /home/airflow/.local/lib/python3.8/site-packages/airflow/example_dags/example_dynamic_task_mapping.py
[2023-09-05T12:33:44.533+0000] {processor.py:829} INFO - Processing file /home/airflow/.local/lib/python3.8/site-packages/airflow/example_dags/example_dynamic_task_mapping.py for tasks to queue
[2023-09-05T12:33:44.535+0000] {logging_mixin.py:151} INFO - [2023-09-05T12:33:44.535+0000] {dagbag.py:539} INFO - Filling up the DagBag from /home/airflow/.local/lib/python3.8/site-packages/airflow/example_dags/example_dynamic_task_mapping.py
[2023-09-05T12:33:44.544+0000] {processor.py:839} INFO - DAG(s) dict_keys(['example_dynamic_task_mapping']) retrieved from /home/airflow/.local/lib/python3.8/site-packages/airflow/example_dags/example_dynamic_task_mapping.py
[2023-09-05T12:33:44.562+0000] {logging_mixin.py:151} INFO - [2023-09-05T12:33:44.562+0000] {dag.py:2907} INFO - Sync 1 DAGs
[2023-09-05T12:33:44.582+0000] {logging_mixin.py:151} INFO - [2023-09-05T12:33:44.582+0000] {dag.py:3677} INFO - Setting next_dagrun for example_dynamic_task_mapping to 2022-03-04T00:00:00+00:00, run_after=2022-03-05T00:00:00+00:00
[2023-09-05T12:33:44.609+0000] {processor.py:179} INFO - Processing /home/airflow/.local/lib/python3.8/site-packages/airflow/example_dags/example_dynamic_task_mapping.py took 0.086 seconds
[2023-09-05T12:34:15.513+0000] {processor.py:157} INFO - Started process (PID=122) to work on /home/airflow/.local/lib/python3.8/site-packages/airflow/example_dags/example_dynamic_task_mapping.py
[2023-09-05T12:34:15.514+0000] {processor.py:829} INFO - Processing file /home/airflow/.local/lib/python3.8/site-packages/airflow/example_dags/example_dynamic_task_mapping.py for tasks to queue
[2023-09-05T12:34:15.516+0000] {logging_mixin.py:151} INFO - [2023-09-05T12:34:15.516+0000] {dagbag.py:539} INFO - Filling up the DagBag from /home/airflow/.local/lib/python3.8/site-packages/airflow/example_dags/example_dynamic_task_mapping.py
[2023-09-05T12:34:15.522+0000] {processor.py:839} INFO - DAG(s) dict_keys(['example_dynamic_task_mapping']) retrieved from /home/airflow/.local/lib/python3.8/site-packages/airflow/example_dags/example_dynamic_task_mapping.py
[2023-09-05T12:34:15.540+0000] {logging_mixin.py:151} INFO - [2023-09-05T12:34:15.540+0000] {dag.py:2907} INFO - Sync 1 DAGs
[2023-09-05T12:34:15.555+0000] {logging_mixin.py:151} INFO - [2023-09-05T12:34:15.555+0000] {dag.py:3677} INFO - Setting next_dagrun for example_dynamic_task_mapping to 2022-03-04T00:00:00+00:00, run_after=2022-03-05T00:00:00+00:00
[2023-09-05T12:34:15.566+0000] {processor.py:179} INFO - Processing /home/airflow/.local/lib/python3.8/site-packages/airflow/example_dags/example_dynamic_task_mapping.py took 0.056 seconds
[2023-09-05T12:34:46.519+0000] {processor.py:157} INFO - Started process (PID=176) to work on /home/airflow/.local/lib/python3.8/site-packages/airflow/example_dags/example_dynamic_task_mapping.py
[2023-09-05T12:34:46.544+0000] {processor.py:829} INFO - Processing file /home/airflow/.local/lib/python3.8/site-packages/airflow/example_dags/example_dynamic_task_mapping.py for tasks to queue
[2023-09-05T12:34:46.549+0000] {logging_mixin.py:151} INFO - [2023-09-05T12:34:46.548+0000] {dagbag.py:539} INFO - Filling up the DagBag from /home/airflow/.local/lib/python3.8/site-packages/airflow/example_dags/example_dynamic_task_mapping.py
[2023-09-05T12:34:46.562+0000] {processor.py:839} INFO - DAG(s) dict_keys(['example_dynamic_task_mapping']) retrieved from /home/airflow/.local/lib/python3.8/site-packages/airflow/example_dags/example_dynamic_task_mapping.py
[2023-09-05T12:34:46.607+0000] {logging_mixin.py:151} INFO - [2023-09-05T12:34:46.606+0000] {dag.py:2907} INFO - Sync 1 DAGs
[2023-09-05T12:34:46.640+0000] {logging_mixin.py:151} INFO - [2023-09-05T12:34:46.640+0000] {dag.py:3677} INFO - Setting next_dagrun for example_dynamic_task_mapping to 2022-03-04T00:00:00+00:00, run_after=2022-03-05T00:00:00+00:00
[2023-09-05T12:34:46.664+0000] {processor.py:179} INFO - Processing /home/airflow/.local/lib/python3.8/site-packages/airflow/example_dags/example_dynamic_task_mapping.py took 0.151 seconds
[2023-09-05T12:40:52.340+0000] {processor.py:157} INFO - Started process (PID=67) to work on /home/airflow/.local/lib/python3.8/site-packages/airflow/example_dags/example_dynamic_task_mapping.py
[2023-09-05T12:40:52.343+0000] {processor.py:829} INFO - Processing file /home/airflow/.local/lib/python3.8/site-packages/airflow/example_dags/example_dynamic_task_mapping.py for tasks to queue
[2023-09-05T12:40:52.349+0000] {logging_mixin.py:151} INFO - [2023-09-05T12:40:52.349+0000] {dagbag.py:539} INFO - Filling up the DagBag from /home/airflow/.local/lib/python3.8/site-packages/airflow/example_dags/example_dynamic_task_mapping.py
[2023-09-05T12:40:52.354+0000] {processor.py:839} INFO - DAG(s) dict_keys(['example_dynamic_task_mapping']) retrieved from /home/airflow/.local/lib/python3.8/site-packages/airflow/example_dags/example_dynamic_task_mapping.py
[2023-09-05T12:40:52.416+0000] {logging_mixin.py:151} INFO - [2023-09-05T12:40:52.416+0000] {manager.py:501} INFO - Created Permission View: can read on DAG:example_dynamic_task_mapping
[2023-09-05T12:40:52.422+0000] {logging_mixin.py:151} INFO - [2023-09-05T12:40:52.422+0000] {manager.py:501} INFO - Created Permission View: can edit on DAG:example_dynamic_task_mapping
[2023-09-05T12:40:52.426+0000] {logging_mixin.py:151} INFO - [2023-09-05T12:40:52.426+0000] {manager.py:501} INFO - Created Permission View: can delete on DAG:example_dynamic_task_mapping
[2023-09-05T12:40:52.433+0000] {logging_mixin.py:151} INFO - [2023-09-05T12:40:52.433+0000] {dag.py:2907} INFO - Sync 1 DAGs
[2023-09-05T12:40:52.438+0000] {logging_mixin.py:151} INFO - [2023-09-05T12:40:52.438+0000] {dag.py:2929} INFO - Creating ORM DAG for example_dynamic_task_mapping
[2023-09-05T12:40:52.444+0000] {logging_mixin.py:151} INFO - [2023-09-05T12:40:52.444+0000] {dag.py:3677} INFO - Setting next_dagrun for example_dynamic_task_mapping to 2022-03-04T00:00:00+00:00, run_after=2022-03-05T00:00:00+00:00
[2023-09-05T12:40:52.453+0000] {processor.py:179} INFO - Processing /home/airflow/.local/lib/python3.8/site-packages/airflow/example_dags/example_dynamic_task_mapping.py took 0.116 seconds
[2023-09-05T12:41:23.359+0000] {processor.py:157} INFO - Started process (PID=121) to work on /home/airflow/.local/lib/python3.8/site-packages/airflow/example_dags/example_dynamic_task_mapping.py
[2023-09-05T12:41:23.361+0000] {processor.py:829} INFO - Processing file /home/airflow/.local/lib/python3.8/site-packages/airflow/example_dags/example_dynamic_task_mapping.py for tasks to queue
[2023-09-05T12:41:23.364+0000] {logging_mixin.py:151} INFO - [2023-09-05T12:41:23.363+0000] {dagbag.py:539} INFO - Filling up the DagBag from /home/airflow/.local/lib/python3.8/site-packages/airflow/example_dags/example_dynamic_task_mapping.py
[2023-09-05T12:41:23.369+0000] {processor.py:839} INFO - DAG(s) dict_keys(['example_dynamic_task_mapping']) retrieved from /home/airflow/.local/lib/python3.8/site-packages/airflow/example_dags/example_dynamic_task_mapping.py
[2023-09-05T12:41:23.387+0000] {logging_mixin.py:151} INFO - [2023-09-05T12:41:23.387+0000] {dag.py:2907} INFO - Sync 1 DAGs
[2023-09-05T12:41:23.402+0000] {logging_mixin.py:151} INFO - [2023-09-05T12:41:23.402+0000] {dag.py:3677} INFO - Setting next_dagrun for example_dynamic_task_mapping to 2022-03-04T00:00:00+00:00, run_after=2022-03-05T00:00:00+00:00
[2023-09-05T12:41:23.412+0000] {processor.py:179} INFO - Processing /home/airflow/.local/lib/python3.8/site-packages/airflow/example_dags/example_dynamic_task_mapping.py took 0.056 seconds
[2023-09-05T12:41:53.772+0000] {processor.py:157} INFO - Started process (PID=175) to work on /home/airflow/.local/lib/python3.8/site-packages/airflow/example_dags/example_dynamic_task_mapping.py
[2023-09-05T12:41:53.774+0000] {processor.py:829} INFO - Processing file /home/airflow/.local/lib/python3.8/site-packages/airflow/example_dags/example_dynamic_task_mapping.py for tasks to queue
[2023-09-05T12:41:53.776+0000] {logging_mixin.py:151} INFO - [2023-09-05T12:41:53.776+0000] {dagbag.py:539} INFO - Filling up the DagBag from /home/airflow/.local/lib/python3.8/site-packages/airflow/example_dags/example_dynamic_task_mapping.py
[2023-09-05T12:41:53.783+0000] {processor.py:839} INFO - DAG(s) dict_keys(['example_dynamic_task_mapping']) retrieved from /home/airflow/.local/lib/python3.8/site-packages/airflow/example_dags/example_dynamic_task_mapping.py
[2023-09-05T12:41:53.803+0000] {logging_mixin.py:151} INFO - [2023-09-05T12:41:53.803+0000] {dag.py:2907} INFO - Sync 1 DAGs
[2023-09-05T12:41:53.819+0000] {logging_mixin.py:151} INFO - [2023-09-05T12:41:53.819+0000] {dag.py:3677} INFO - Setting next_dagrun for example_dynamic_task_mapping to 2022-03-04T00:00:00+00:00, run_after=2022-03-05T00:00:00+00:00
[2023-09-05T12:41:53.831+0000] {processor.py:179} INFO - Processing /home/airflow/.local/lib/python3.8/site-packages/airflow/example_dags/example_dynamic_task_mapping.py took 0.063 seconds
[2023-09-05T12:42:24.411+0000] {processor.py:157} INFO - Started process (PID=229) to work on /home/airflow/.local/lib/python3.8/site-packages/airflow/example_dags/example_dynamic_task_mapping.py
[2023-09-05T12:42:24.412+0000] {processor.py:829} INFO - Processing file /home/airflow/.local/lib/python3.8/site-packages/airflow/example_dags/example_dynamic_task_mapping.py for tasks to queue
[2023-09-05T12:42:24.414+0000] {logging_mixin.py:151} INFO - [2023-09-05T12:42:24.414+0000] {dagbag.py:539} INFO - Filling up the DagBag from /home/airflow/.local/lib/python3.8/site-packages/airflow/example_dags/example_dynamic_task_mapping.py
[2023-09-05T12:42:24.420+0000] {processor.py:839} INFO - DAG(s) dict_keys(['example_dynamic_task_mapping']) retrieved from /home/airflow/.local/lib/python3.8/site-packages/airflow/example_dags/example_dynamic_task_mapping.py
[2023-09-05T12:42:24.437+0000] {logging_mixin.py:151} INFO - [2023-09-05T12:42:24.437+0000] {dag.py:2907} INFO - Sync 1 DAGs
[2023-09-05T12:42:24.451+0000] {logging_mixin.py:151} INFO - [2023-09-05T12:42:24.451+0000] {dag.py:3677} INFO - Setting next_dagrun for example_dynamic_task_mapping to 2022-03-04T00:00:00+00:00, run_after=2022-03-05T00:00:00+00:00
[2023-09-05T12:42:24.462+0000] {processor.py:179} INFO - Processing /home/airflow/.local/lib/python3.8/site-packages/airflow/example_dags/example_dynamic_task_mapping.py took 0.054 seconds
[2023-09-05T12:42:55.068+0000] {processor.py:157} INFO - Started process (PID=283) to work on /home/airflow/.local/lib/python3.8/site-packages/airflow/example_dags/example_dynamic_task_mapping.py
[2023-09-05T12:42:55.070+0000] {processor.py:829} INFO - Processing file /home/airflow/.local/lib/python3.8/site-packages/airflow/example_dags/example_dynamic_task_mapping.py for tasks to queue
[2023-09-05T12:42:55.074+0000] {logging_mixin.py:151} INFO - [2023-09-05T12:42:55.074+0000] {dagbag.py:539} INFO - Filling up the DagBag from /home/airflow/.local/lib/python3.8/site-packages/airflow/example_dags/example_dynamic_task_mapping.py
[2023-09-05T12:42:55.081+0000] {processor.py:839} INFO - DAG(s) dict_keys(['example_dynamic_task_mapping']) retrieved from /home/airflow/.local/lib/python3.8/site-packages/airflow/example_dags/example_dynamic_task_mapping.py
[2023-09-05T12:42:55.111+0000] {logging_mixin.py:151} INFO - [2023-09-05T12:42:55.111+0000] {dag.py:2907} INFO - Sync 1 DAGs
[2023-09-05T12:42:55.129+0000] {logging_mixin.py:151} INFO - [2023-09-05T12:42:55.129+0000] {dag.py:3677} INFO - Setting next_dagrun for example_dynamic_task_mapping to 2022-03-04T00:00:00+00:00, run_after=2022-03-05T00:00:00+00:00
[2023-09-05T12:42:55.143+0000] {processor.py:179} INFO - Processing /home/airflow/.local/lib/python3.8/site-packages/airflow/example_dags/example_dynamic_task_mapping.py took 0.078 seconds
[2023-09-05T12:44:39.219+0000] {processor.py:157} INFO - Started process (PID=66) to work on /home/airflow/.local/lib/python3.8/site-packages/airflow/example_dags/example_dynamic_task_mapping.py
[2023-09-05T12:44:39.220+0000] {processor.py:829} INFO - Processing file /home/airflow/.local/lib/python3.8/site-packages/airflow/example_dags/example_dynamic_task_mapping.py for tasks to queue
[2023-09-05T12:44:39.224+0000] {logging_mixin.py:151} INFO - [2023-09-05T12:44:39.223+0000] {dagbag.py:539} INFO - Filling up the DagBag from /home/airflow/.local/lib/python3.8/site-packages/airflow/example_dags/example_dynamic_task_mapping.py
[2023-09-05T12:44:39.229+0000] {processor.py:839} INFO - DAG(s) dict_keys(['example_dynamic_task_mapping']) retrieved from /home/airflow/.local/lib/python3.8/site-packages/airflow/example_dags/example_dynamic_task_mapping.py
[2023-09-05T12:44:39.290+0000] {logging_mixin.py:151} INFO - [2023-09-05T12:44:39.290+0000] {manager.py:501} INFO - Created Permission View: can edit on DAG:example_dynamic_task_mapping
[2023-09-05T12:44:39.296+0000] {logging_mixin.py:151} INFO - [2023-09-05T12:44:39.296+0000] {manager.py:501} INFO - Created Permission View: can read on DAG:example_dynamic_task_mapping
[2023-09-05T12:44:39.300+0000] {logging_mixin.py:151} INFO - [2023-09-05T12:44:39.300+0000] {manager.py:501} INFO - Created Permission View: can delete on DAG:example_dynamic_task_mapping
[2023-09-05T12:44:39.308+0000] {logging_mixin.py:151} INFO - [2023-09-05T12:44:39.308+0000] {dag.py:2907} INFO - Sync 1 DAGs
[2023-09-05T12:44:39.314+0000] {logging_mixin.py:151} INFO - [2023-09-05T12:44:39.314+0000] {dag.py:2929} INFO - Creating ORM DAG for example_dynamic_task_mapping
[2023-09-05T12:44:39.320+0000] {logging_mixin.py:151} INFO - [2023-09-05T12:44:39.320+0000] {dag.py:3677} INFO - Setting next_dagrun for example_dynamic_task_mapping to 2022-03-04T00:00:00+00:00, run_after=2022-03-05T00:00:00+00:00
[2023-09-05T12:44:39.329+0000] {processor.py:179} INFO - Processing /home/airflow/.local/lib/python3.8/site-packages/airflow/example_dags/example_dynamic_task_mapping.py took 0.113 seconds
[2023-09-05T12:45:10.204+0000] {processor.py:157} INFO - Started process (PID=120) to work on /home/airflow/.local/lib/python3.8/site-packages/airflow/example_dags/example_dynamic_task_mapping.py
[2023-09-05T12:45:10.206+0000] {processor.py:829} INFO - Processing file /home/airflow/.local/lib/python3.8/site-packages/airflow/example_dags/example_dynamic_task_mapping.py for tasks to queue
[2023-09-05T12:45:10.208+0000] {logging_mixin.py:151} INFO - [2023-09-05T12:45:10.207+0000] {dagbag.py:539} INFO - Filling up the DagBag from /home/airflow/.local/lib/python3.8/site-packages/airflow/example_dags/example_dynamic_task_mapping.py
[2023-09-05T12:45:10.213+0000] {processor.py:839} INFO - DAG(s) dict_keys(['example_dynamic_task_mapping']) retrieved from /home/airflow/.local/lib/python3.8/site-packages/airflow/example_dags/example_dynamic_task_mapping.py
[2023-09-05T12:45:10.230+0000] {logging_mixin.py:151} INFO - [2023-09-05T12:45:10.230+0000] {dag.py:2907} INFO - Sync 1 DAGs
[2023-09-05T12:45:10.244+0000] {logging_mixin.py:151} INFO - [2023-09-05T12:45:10.243+0000] {dag.py:3677} INFO - Setting next_dagrun for example_dynamic_task_mapping to 2022-03-04T00:00:00+00:00, run_after=2022-03-05T00:00:00+00:00
[2023-09-05T12:45:10.253+0000] {processor.py:179} INFO - Processing /home/airflow/.local/lib/python3.8/site-packages/airflow/example_dags/example_dynamic_task_mapping.py took 0.052 seconds
[2023-09-05T12:45:40.632+0000] {processor.py:157} INFO - Started process (PID=174) to work on /home/airflow/.local/lib/python3.8/site-packages/airflow/example_dags/example_dynamic_task_mapping.py
[2023-09-05T12:45:40.633+0000] {processor.py:829} INFO - Processing file /home/airflow/.local/lib/python3.8/site-packages/airflow/example_dags/example_dynamic_task_mapping.py for tasks to queue
[2023-09-05T12:45:40.635+0000] {logging_mixin.py:151} INFO - [2023-09-05T12:45:40.635+0000] {dagbag.py:539} INFO - Filling up the DagBag from /home/airflow/.local/lib/python3.8/site-packages/airflow/example_dags/example_dynamic_task_mapping.py
[2023-09-05T12:45:40.640+0000] {processor.py:839} INFO - DAG(s) dict_keys(['example_dynamic_task_mapping']) retrieved from /home/airflow/.local/lib/python3.8/site-packages/airflow/example_dags/example_dynamic_task_mapping.py
[2023-09-05T12:45:40.657+0000] {logging_mixin.py:151} INFO - [2023-09-05T12:45:40.657+0000] {dag.py:2907} INFO - Sync 1 DAGs
[2023-09-05T12:45:40.671+0000] {logging_mixin.py:151} INFO - [2023-09-05T12:45:40.671+0000] {dag.py:3677} INFO - Setting next_dagrun for example_dynamic_task_mapping to 2022-03-04T00:00:00+00:00, run_after=2022-03-05T00:00:00+00:00
[2023-09-05T12:45:40.681+0000] {processor.py:179} INFO - Processing /home/airflow/.local/lib/python3.8/site-packages/airflow/example_dags/example_dynamic_task_mapping.py took 0.052 seconds
