[2023-09-05T12:33:42.851+0000] {processor.py:157} INFO - Started process (PID=56) to work on /home/airflow/.local/lib/python3.8/site-packages/airflow/example_dags/example_dynamic_task_mapping_with_no_taskflow_operators.py
[2023-09-05T12:33:42.853+0000] {processor.py:829} INFO - Processing file /home/airflow/.local/lib/python3.8/site-packages/airflow/example_dags/example_dynamic_task_mapping_with_no_taskflow_operators.py for tasks to queue
[2023-09-05T12:33:42.856+0000] {logging_mixin.py:151} INFO - [2023-09-05T12:33:42.855+0000] {dagbag.py:539} INFO - Filling up the DagBag from /home/airflow/.local/lib/python3.8/site-packages/airflow/example_dags/example_dynamic_task_mapping_with_no_taskflow_operators.py
[2023-09-05T12:33:42.866+0000] {processor.py:839} INFO - DAG(s) dict_keys(['example_dynamic_task_mapping_with_no_taskflow_operators']) retrieved from /home/airflow/.local/lib/python3.8/site-packages/airflow/example_dags/example_dynamic_task_mapping_with_no_taskflow_operators.py
[2023-09-05T12:33:42.902+0000] {logging_mixin.py:151} INFO - [2023-09-05T12:33:42.902+0000] {dag.py:2907} INFO - Sync 1 DAGs
[2023-09-05T12:33:42.955+0000] {logging_mixin.py:151} INFO - [2023-09-05T12:33:42.954+0000] {dag.py:3677} INFO - Setting next_dagrun for example_dynamic_task_mapping_with_no_taskflow_operators to 2023-09-04T12:33:42.954541+00:00, run_after=2023-09-05T12:33:42.954541+00:00
[2023-09-05T12:33:42.968+0000] {processor.py:179} INFO - Processing /home/airflow/.local/lib/python3.8/site-packages/airflow/example_dags/example_dynamic_task_mapping_with_no_taskflow_operators.py took 0.121 seconds
[2023-09-05T12:34:13.807+0000] {processor.py:157} INFO - Started process (PID=111) to work on /home/airflow/.local/lib/python3.8/site-packages/airflow/example_dags/example_dynamic_task_mapping_with_no_taskflow_operators.py
[2023-09-05T12:34:13.810+0000] {processor.py:829} INFO - Processing file /home/airflow/.local/lib/python3.8/site-packages/airflow/example_dags/example_dynamic_task_mapping_with_no_taskflow_operators.py for tasks to queue
[2023-09-05T12:34:13.814+0000] {logging_mixin.py:151} INFO - [2023-09-05T12:34:13.813+0000] {dagbag.py:539} INFO - Filling up the DagBag from /home/airflow/.local/lib/python3.8/site-packages/airflow/example_dags/example_dynamic_task_mapping_with_no_taskflow_operators.py
[2023-09-05T12:34:13.825+0000] {processor.py:839} INFO - DAG(s) dict_keys(['example_dynamic_task_mapping_with_no_taskflow_operators']) retrieved from /home/airflow/.local/lib/python3.8/site-packages/airflow/example_dags/example_dynamic_task_mapping_with_no_taskflow_operators.py
[2023-09-05T12:34:13.849+0000] {logging_mixin.py:151} INFO - [2023-09-05T12:34:13.849+0000] {dag.py:2907} INFO - Sync 1 DAGs
[2023-09-05T12:34:13.866+0000] {logging_mixin.py:151} INFO - [2023-09-05T12:34:13.865+0000] {dag.py:3677} INFO - Setting next_dagrun for example_dynamic_task_mapping_with_no_taskflow_operators to 2023-09-04T12:34:13.865698+00:00, run_after=2023-09-05T12:34:13.865698+00:00
[2023-09-05T12:34:13.877+0000] {processor.py:179} INFO - Processing /home/airflow/.local/lib/python3.8/site-packages/airflow/example_dags/example_dynamic_task_mapping_with_no_taskflow_operators.py took 0.078 seconds
[2023-09-05T12:34:44.317+0000] {processor.py:157} INFO - Started process (PID=165) to work on /home/airflow/.local/lib/python3.8/site-packages/airflow/example_dags/example_dynamic_task_mapping_with_no_taskflow_operators.py
[2023-09-05T12:34:44.320+0000] {processor.py:829} INFO - Processing file /home/airflow/.local/lib/python3.8/site-packages/airflow/example_dags/example_dynamic_task_mapping_with_no_taskflow_operators.py for tasks to queue
[2023-09-05T12:34:44.323+0000] {logging_mixin.py:151} INFO - [2023-09-05T12:34:44.323+0000] {dagbag.py:539} INFO - Filling up the DagBag from /home/airflow/.local/lib/python3.8/site-packages/airflow/example_dags/example_dynamic_task_mapping_with_no_taskflow_operators.py
[2023-09-05T12:34:44.332+0000] {processor.py:839} INFO - DAG(s) dict_keys(['example_dynamic_task_mapping_with_no_taskflow_operators']) retrieved from /home/airflow/.local/lib/python3.8/site-packages/airflow/example_dags/example_dynamic_task_mapping_with_no_taskflow_operators.py
[2023-09-05T12:34:44.441+0000] {logging_mixin.py:151} INFO - [2023-09-05T12:34:44.440+0000] {dag.py:2907} INFO - Sync 1 DAGs
[2023-09-05T12:34:44.506+0000] {logging_mixin.py:151} INFO - [2023-09-05T12:34:44.506+0000] {dag.py:3677} INFO - Setting next_dagrun for example_dynamic_task_mapping_with_no_taskflow_operators to 2023-09-04T12:34:44.505530+00:00, run_after=2023-09-05T12:34:44.505530+00:00
[2023-09-05T12:34:44.551+0000] {processor.py:179} INFO - Processing /home/airflow/.local/lib/python3.8/site-packages/airflow/example_dags/example_dynamic_task_mapping_with_no_taskflow_operators.py took 0.239 seconds
[2023-09-05T12:40:50.935+0000] {processor.py:157} INFO - Started process (PID=56) to work on /home/airflow/.local/lib/python3.8/site-packages/airflow/example_dags/example_dynamic_task_mapping_with_no_taskflow_operators.py
[2023-09-05T12:40:50.936+0000] {processor.py:829} INFO - Processing file /home/airflow/.local/lib/python3.8/site-packages/airflow/example_dags/example_dynamic_task_mapping_with_no_taskflow_operators.py for tasks to queue
[2023-09-05T12:40:50.938+0000] {logging_mixin.py:151} INFO - [2023-09-05T12:40:50.938+0000] {dagbag.py:539} INFO - Filling up the DagBag from /home/airflow/.local/lib/python3.8/site-packages/airflow/example_dags/example_dynamic_task_mapping_with_no_taskflow_operators.py
[2023-09-05T12:40:50.952+0000] {processor.py:839} INFO - DAG(s) dict_keys(['example_dynamic_task_mapping_with_no_taskflow_operators']) retrieved from /home/airflow/.local/lib/python3.8/site-packages/airflow/example_dags/example_dynamic_task_mapping_with_no_taskflow_operators.py
[2023-09-05T12:40:51.048+0000] {logging_mixin.py:151} INFO - [2023-09-05T12:40:51.048+0000] {manager.py:501} INFO - Created Permission View: can read on DAG:example_dynamic_task_mapping_with_no_taskflow_operators
[2023-09-05T12:40:51.054+0000] {logging_mixin.py:151} INFO - [2023-09-05T12:40:51.054+0000] {manager.py:501} INFO - Created Permission View: can edit on DAG:example_dynamic_task_mapping_with_no_taskflow_operators
[2023-09-05T12:40:51.058+0000] {logging_mixin.py:151} INFO - [2023-09-05T12:40:51.058+0000] {manager.py:501} INFO - Created Permission View: can delete on DAG:example_dynamic_task_mapping_with_no_taskflow_operators
[2023-09-05T12:40:51.066+0000] {logging_mixin.py:151} INFO - [2023-09-05T12:40:51.066+0000] {dag.py:2907} INFO - Sync 1 DAGs
[2023-09-05T12:40:51.073+0000] {logging_mixin.py:151} INFO - [2023-09-05T12:40:51.073+0000] {dag.py:2929} INFO - Creating ORM DAG for example_dynamic_task_mapping_with_no_taskflow_operators
[2023-09-05T12:40:51.080+0000] {logging_mixin.py:151} INFO - [2023-09-05T12:40:51.080+0000] {dag.py:3677} INFO - Setting next_dagrun for example_dynamic_task_mapping_with_no_taskflow_operators to 2023-09-04T12:40:51.080095+00:00, run_after=2023-09-05T12:40:51.080095+00:00
[2023-09-05T12:40:51.089+0000] {processor.py:179} INFO - Processing /home/airflow/.local/lib/python3.8/site-packages/airflow/example_dags/example_dynamic_task_mapping_with_no_taskflow_operators.py took 0.158 seconds
[2023-09-05T12:41:21.764+0000] {processor.py:157} INFO - Started process (PID=110) to work on /home/airflow/.local/lib/python3.8/site-packages/airflow/example_dags/example_dynamic_task_mapping_with_no_taskflow_operators.py
[2023-09-05T12:41:21.766+0000] {processor.py:829} INFO - Processing file /home/airflow/.local/lib/python3.8/site-packages/airflow/example_dags/example_dynamic_task_mapping_with_no_taskflow_operators.py for tasks to queue
[2023-09-05T12:41:21.768+0000] {logging_mixin.py:151} INFO - [2023-09-05T12:41:21.768+0000] {dagbag.py:539} INFO - Filling up the DagBag from /home/airflow/.local/lib/python3.8/site-packages/airflow/example_dags/example_dynamic_task_mapping_with_no_taskflow_operators.py
[2023-09-05T12:41:21.776+0000] {processor.py:839} INFO - DAG(s) dict_keys(['example_dynamic_task_mapping_with_no_taskflow_operators']) retrieved from /home/airflow/.local/lib/python3.8/site-packages/airflow/example_dags/example_dynamic_task_mapping_with_no_taskflow_operators.py
[2023-09-05T12:41:21.810+0000] {logging_mixin.py:151} INFO - [2023-09-05T12:41:21.810+0000] {dag.py:2907} INFO - Sync 1 DAGs
[2023-09-05T12:41:21.826+0000] {logging_mixin.py:151} INFO - [2023-09-05T12:41:21.826+0000] {dag.py:3677} INFO - Setting next_dagrun for example_dynamic_task_mapping_with_no_taskflow_operators to 2023-09-04T12:41:21.826539+00:00, run_after=2023-09-05T12:41:21.826539+00:00
[2023-09-05T12:41:21.838+0000] {processor.py:179} INFO - Processing /home/airflow/.local/lib/python3.8/site-packages/airflow/example_dags/example_dynamic_task_mapping_with_no_taskflow_operators.py took 0.078 seconds
[2023-09-05T12:41:52.297+0000] {processor.py:157} INFO - Started process (PID=164) to work on /home/airflow/.local/lib/python3.8/site-packages/airflow/example_dags/example_dynamic_task_mapping_with_no_taskflow_operators.py
[2023-09-05T12:41:52.298+0000] {processor.py:829} INFO - Processing file /home/airflow/.local/lib/python3.8/site-packages/airflow/example_dags/example_dynamic_task_mapping_with_no_taskflow_operators.py for tasks to queue
[2023-09-05T12:41:52.301+0000] {logging_mixin.py:151} INFO - [2023-09-05T12:41:52.300+0000] {dagbag.py:539} INFO - Filling up the DagBag from /home/airflow/.local/lib/python3.8/site-packages/airflow/example_dags/example_dynamic_task_mapping_with_no_taskflow_operators.py
[2023-09-05T12:41:52.306+0000] {processor.py:839} INFO - DAG(s) dict_keys(['example_dynamic_task_mapping_with_no_taskflow_operators']) retrieved from /home/airflow/.local/lib/python3.8/site-packages/airflow/example_dags/example_dynamic_task_mapping_with_no_taskflow_operators.py
[2023-09-05T12:41:52.325+0000] {logging_mixin.py:151} INFO - [2023-09-05T12:41:52.324+0000] {dag.py:2907} INFO - Sync 1 DAGs
[2023-09-05T12:41:52.338+0000] {logging_mixin.py:151} INFO - [2023-09-05T12:41:52.338+0000] {dag.py:3677} INFO - Setting next_dagrun for example_dynamic_task_mapping_with_no_taskflow_operators to 2023-09-04T12:41:52.337854+00:00, run_after=2023-09-05T12:41:52.337854+00:00
[2023-09-05T12:41:52.347+0000] {processor.py:179} INFO - Processing /home/airflow/.local/lib/python3.8/site-packages/airflow/example_dags/example_dynamic_task_mapping_with_no_taskflow_operators.py took 0.052 seconds
[2023-09-05T12:42:22.947+0000] {processor.py:157} INFO - Started process (PID=218) to work on /home/airflow/.local/lib/python3.8/site-packages/airflow/example_dags/example_dynamic_task_mapping_with_no_taskflow_operators.py
[2023-09-05T12:42:22.948+0000] {processor.py:829} INFO - Processing file /home/airflow/.local/lib/python3.8/site-packages/airflow/example_dags/example_dynamic_task_mapping_with_no_taskflow_operators.py for tasks to queue
[2023-09-05T12:42:22.950+0000] {logging_mixin.py:151} INFO - [2023-09-05T12:42:22.950+0000] {dagbag.py:539} INFO - Filling up the DagBag from /home/airflow/.local/lib/python3.8/site-packages/airflow/example_dags/example_dynamic_task_mapping_with_no_taskflow_operators.py
[2023-09-05T12:42:22.955+0000] {processor.py:839} INFO - DAG(s) dict_keys(['example_dynamic_task_mapping_with_no_taskflow_operators']) retrieved from /home/airflow/.local/lib/python3.8/site-packages/airflow/example_dags/example_dynamic_task_mapping_with_no_taskflow_operators.py
[2023-09-05T12:42:22.970+0000] {logging_mixin.py:151} INFO - [2023-09-05T12:42:22.969+0000] {dag.py:2907} INFO - Sync 1 DAGs
[2023-09-05T12:42:22.983+0000] {logging_mixin.py:151} INFO - [2023-09-05T12:42:22.983+0000] {dag.py:3677} INFO - Setting next_dagrun for example_dynamic_task_mapping_with_no_taskflow_operators to 2023-09-04T12:42:22.982992+00:00, run_after=2023-09-05T12:42:22.982992+00:00
[2023-09-05T12:42:22.993+0000] {processor.py:179} INFO - Processing /home/airflow/.local/lib/python3.8/site-packages/airflow/example_dags/example_dynamic_task_mapping_with_no_taskflow_operators.py took 0.049 seconds
[2023-09-05T12:42:53.551+0000] {processor.py:157} INFO - Started process (PID=272) to work on /home/airflow/.local/lib/python3.8/site-packages/airflow/example_dags/example_dynamic_task_mapping_with_no_taskflow_operators.py
[2023-09-05T12:42:53.552+0000] {processor.py:829} INFO - Processing file /home/airflow/.local/lib/python3.8/site-packages/airflow/example_dags/example_dynamic_task_mapping_with_no_taskflow_operators.py for tasks to queue
[2023-09-05T12:42:53.554+0000] {logging_mixin.py:151} INFO - [2023-09-05T12:42:53.554+0000] {dagbag.py:539} INFO - Filling up the DagBag from /home/airflow/.local/lib/python3.8/site-packages/airflow/example_dags/example_dynamic_task_mapping_with_no_taskflow_operators.py
[2023-09-05T12:42:53.559+0000] {processor.py:839} INFO - DAG(s) dict_keys(['example_dynamic_task_mapping_with_no_taskflow_operators']) retrieved from /home/airflow/.local/lib/python3.8/site-packages/airflow/example_dags/example_dynamic_task_mapping_with_no_taskflow_operators.py
[2023-09-05T12:42:53.576+0000] {logging_mixin.py:151} INFO - [2023-09-05T12:42:53.576+0000] {dag.py:2907} INFO - Sync 1 DAGs
[2023-09-05T12:42:53.589+0000] {logging_mixin.py:151} INFO - [2023-09-05T12:42:53.589+0000] {dag.py:3677} INFO - Setting next_dagrun for example_dynamic_task_mapping_with_no_taskflow_operators to 2023-09-04T12:42:53.589494+00:00, run_after=2023-09-05T12:42:53.589494+00:00
[2023-09-05T12:42:53.602+0000] {processor.py:179} INFO - Processing /home/airflow/.local/lib/python3.8/site-packages/airflow/example_dags/example_dynamic_task_mapping_with_no_taskflow_operators.py took 0.054 seconds
[2023-09-05T12:44:37.750+0000] {processor.py:157} INFO - Started process (PID=55) to work on /home/airflow/.local/lib/python3.8/site-packages/airflow/example_dags/example_dynamic_task_mapping_with_no_taskflow_operators.py
[2023-09-05T12:44:37.751+0000] {processor.py:829} INFO - Processing file /home/airflow/.local/lib/python3.8/site-packages/airflow/example_dags/example_dynamic_task_mapping_with_no_taskflow_operators.py for tasks to queue
[2023-09-05T12:44:37.753+0000] {logging_mixin.py:151} INFO - [2023-09-05T12:44:37.753+0000] {dagbag.py:539} INFO - Filling up the DagBag from /home/airflow/.local/lib/python3.8/site-packages/airflow/example_dags/example_dynamic_task_mapping_with_no_taskflow_operators.py
[2023-09-05T12:44:37.761+0000] {processor.py:839} INFO - DAG(s) dict_keys(['example_dynamic_task_mapping_with_no_taskflow_operators']) retrieved from /home/airflow/.local/lib/python3.8/site-packages/airflow/example_dags/example_dynamic_task_mapping_with_no_taskflow_operators.py
[2023-09-05T12:44:37.827+0000] {logging_mixin.py:151} INFO - [2023-09-05T12:44:37.827+0000] {manager.py:501} INFO - Created Permission View: can edit on DAG:example_dynamic_task_mapping_with_no_taskflow_operators
[2023-09-05T12:44:37.833+0000] {logging_mixin.py:151} INFO - [2023-09-05T12:44:37.833+0000] {manager.py:501} INFO - Created Permission View: can read on DAG:example_dynamic_task_mapping_with_no_taskflow_operators
[2023-09-05T12:44:37.837+0000] {logging_mixin.py:151} INFO - [2023-09-05T12:44:37.837+0000] {manager.py:501} INFO - Created Permission View: can delete on DAG:example_dynamic_task_mapping_with_no_taskflow_operators
[2023-09-05T12:44:37.846+0000] {logging_mixin.py:151} INFO - [2023-09-05T12:44:37.846+0000] {dag.py:2907} INFO - Sync 1 DAGs
[2023-09-05T12:44:37.852+0000] {logging_mixin.py:151} INFO - [2023-09-05T12:44:37.852+0000] {dag.py:2929} INFO - Creating ORM DAG for example_dynamic_task_mapping_with_no_taskflow_operators
[2023-09-05T12:44:37.859+0000] {logging_mixin.py:151} INFO - [2023-09-05T12:44:37.859+0000] {dag.py:3677} INFO - Setting next_dagrun for example_dynamic_task_mapping_with_no_taskflow_operators to 2023-09-04T12:44:37.858794+00:00, run_after=2023-09-05T12:44:37.858794+00:00
[2023-09-05T12:44:37.867+0000] {processor.py:179} INFO - Processing /home/airflow/.local/lib/python3.8/site-packages/airflow/example_dags/example_dynamic_task_mapping_with_no_taskflow_operators.py took 0.121 seconds
[2023-09-05T12:45:08.640+0000] {processor.py:157} INFO - Started process (PID=109) to work on /home/airflow/.local/lib/python3.8/site-packages/airflow/example_dags/example_dynamic_task_mapping_with_no_taskflow_operators.py
[2023-09-05T12:45:08.642+0000] {processor.py:829} INFO - Processing file /home/airflow/.local/lib/python3.8/site-packages/airflow/example_dags/example_dynamic_task_mapping_with_no_taskflow_operators.py for tasks to queue
[2023-09-05T12:45:08.647+0000] {logging_mixin.py:151} INFO - [2023-09-05T12:45:08.646+0000] {dagbag.py:539} INFO - Filling up the DagBag from /home/airflow/.local/lib/python3.8/site-packages/airflow/example_dags/example_dynamic_task_mapping_with_no_taskflow_operators.py
[2023-09-05T12:45:08.653+0000] {processor.py:839} INFO - DAG(s) dict_keys(['example_dynamic_task_mapping_with_no_taskflow_operators']) retrieved from /home/airflow/.local/lib/python3.8/site-packages/airflow/example_dags/example_dynamic_task_mapping_with_no_taskflow_operators.py
[2023-09-05T12:45:08.671+0000] {logging_mixin.py:151} INFO - [2023-09-05T12:45:08.671+0000] {dag.py:2907} INFO - Sync 1 DAGs
[2023-09-05T12:45:08.687+0000] {logging_mixin.py:151} INFO - [2023-09-05T12:45:08.687+0000] {dag.py:3677} INFO - Setting next_dagrun for example_dynamic_task_mapping_with_no_taskflow_operators to 2023-09-04T12:45:08.686048+00:00, run_after=2023-09-05T12:45:08.686048+00:00
[2023-09-05T12:45:08.699+0000] {processor.py:179} INFO - Processing /home/airflow/.local/lib/python3.8/site-packages/airflow/example_dags/example_dynamic_task_mapping_with_no_taskflow_operators.py took 0.061 seconds
[2023-09-05T12:45:39.117+0000] {processor.py:157} INFO - Started process (PID=163) to work on /home/airflow/.local/lib/python3.8/site-packages/airflow/example_dags/example_dynamic_task_mapping_with_no_taskflow_operators.py
[2023-09-05T12:45:39.119+0000] {processor.py:829} INFO - Processing file /home/airflow/.local/lib/python3.8/site-packages/airflow/example_dags/example_dynamic_task_mapping_with_no_taskflow_operators.py for tasks to queue
[2023-09-05T12:45:39.121+0000] {logging_mixin.py:151} INFO - [2023-09-05T12:45:39.121+0000] {dagbag.py:539} INFO - Filling up the DagBag from /home/airflow/.local/lib/python3.8/site-packages/airflow/example_dags/example_dynamic_task_mapping_with_no_taskflow_operators.py
[2023-09-05T12:45:39.126+0000] {processor.py:839} INFO - DAG(s) dict_keys(['example_dynamic_task_mapping_with_no_taskflow_operators']) retrieved from /home/airflow/.local/lib/python3.8/site-packages/airflow/example_dags/example_dynamic_task_mapping_with_no_taskflow_operators.py
[2023-09-05T12:45:39.142+0000] {logging_mixin.py:151} INFO - [2023-09-05T12:45:39.142+0000] {dag.py:2907} INFO - Sync 1 DAGs
[2023-09-05T12:45:39.155+0000] {logging_mixin.py:151} INFO - [2023-09-05T12:45:39.155+0000] {dag.py:3677} INFO - Setting next_dagrun for example_dynamic_task_mapping_with_no_taskflow_operators to 2023-09-04T12:45:39.154972+00:00, run_after=2023-09-05T12:45:39.154972+00:00
[2023-09-05T12:45:39.165+0000] {processor.py:179} INFO - Processing /home/airflow/.local/lib/python3.8/site-packages/airflow/example_dags/example_dynamic_task_mapping_with_no_taskflow_operators.py took 0.051 seconds
