[2023-09-05T12:33:44.445+0000] {processor.py:157} INFO - Started process (PID=66) to work on /home/airflow/.local/lib/python3.8/site-packages/airflow/example_dags/example_short_circuit_decorator.py
[2023-09-05T12:33:44.446+0000] {processor.py:829} INFO - Processing file /home/airflow/.local/lib/python3.8/site-packages/airflow/example_dags/example_short_circuit_decorator.py for tasks to queue
[2023-09-05T12:33:44.449+0000] {logging_mixin.py:151} INFO - [2023-09-05T12:33:44.448+0000] {dagbag.py:539} INFO - Filling up the DagBag from /home/airflow/.local/lib/python3.8/site-packages/airflow/example_dags/example_short_circuit_decorator.py
[2023-09-05T12:33:44.456+0000] {processor.py:839} INFO - DAG(s) dict_keys(['example_short_circuit_decorator']) retrieved from /home/airflow/.local/lib/python3.8/site-packages/airflow/example_dags/example_short_circuit_decorator.py
[2023-09-05T12:33:44.469+0000] {logging_mixin.py:151} INFO - [2023-09-05T12:33:44.469+0000] {dag.py:2907} INFO - Sync 1 DAGs
[2023-09-05T12:33:44.486+0000] {logging_mixin.py:151} INFO - [2023-09-05T12:33:44.486+0000] {dag.py:3677} INFO - Setting next_dagrun for example_short_circuit_decorator to 2023-09-04T12:33:44.485989+00:00, run_after=2023-09-05T12:33:44.485989+00:00
[2023-09-05T12:33:44.499+0000] {processor.py:179} INFO - Processing /home/airflow/.local/lib/python3.8/site-packages/airflow/example_dags/example_short_circuit_decorator.py took 0.058 seconds
[2023-09-05T12:34:15.420+0000] {processor.py:157} INFO - Started process (PID=121) to work on /home/airflow/.local/lib/python3.8/site-packages/airflow/example_dags/example_short_circuit_decorator.py
[2023-09-05T12:34:15.421+0000] {processor.py:829} INFO - Processing file /home/airflow/.local/lib/python3.8/site-packages/airflow/example_dags/example_short_circuit_decorator.py for tasks to queue
[2023-09-05T12:34:15.423+0000] {logging_mixin.py:151} INFO - [2023-09-05T12:34:15.423+0000] {dagbag.py:539} INFO - Filling up the DagBag from /home/airflow/.local/lib/python3.8/site-packages/airflow/example_dags/example_short_circuit_decorator.py
[2023-09-05T12:34:15.432+0000] {processor.py:839} INFO - DAG(s) dict_keys(['example_short_circuit_decorator']) retrieved from /home/airflow/.local/lib/python3.8/site-packages/airflow/example_dags/example_short_circuit_decorator.py
[2023-09-05T12:34:15.459+0000] {logging_mixin.py:151} INFO - [2023-09-05T12:34:15.459+0000] {dag.py:2907} INFO - Sync 1 DAGs
[2023-09-05T12:34:15.476+0000] {logging_mixin.py:151} INFO - [2023-09-05T12:34:15.476+0000] {dag.py:3677} INFO - Setting next_dagrun for example_short_circuit_decorator to 2023-09-04T12:34:15.476303+00:00, run_after=2023-09-05T12:34:15.476303+00:00
[2023-09-05T12:34:15.490+0000] {processor.py:179} INFO - Processing /home/airflow/.local/lib/python3.8/site-packages/airflow/example_dags/example_short_circuit_decorator.py took 0.072 seconds
[2023-09-05T12:34:46.034+0000] {processor.py:157} INFO - Started process (PID=175) to work on /home/airflow/.local/lib/python3.8/site-packages/airflow/example_dags/example_short_circuit_decorator.py
[2023-09-05T12:34:46.054+0000] {processor.py:829} INFO - Processing file /home/airflow/.local/lib/python3.8/site-packages/airflow/example_dags/example_short_circuit_decorator.py for tasks to queue
[2023-09-05T12:34:46.073+0000] {logging_mixin.py:151} INFO - [2023-09-05T12:34:46.069+0000] {dagbag.py:539} INFO - Filling up the DagBag from /home/airflow/.local/lib/python3.8/site-packages/airflow/example_dags/example_short_circuit_decorator.py
[2023-09-05T12:34:46.177+0000] {processor.py:839} INFO - DAG(s) dict_keys(['example_short_circuit_decorator']) retrieved from /home/airflow/.local/lib/python3.8/site-packages/airflow/example_dags/example_short_circuit_decorator.py
[2023-09-05T12:34:46.338+0000] {logging_mixin.py:151} INFO - [2023-09-05T12:34:46.338+0000] {dag.py:2907} INFO - Sync 1 DAGs
[2023-09-05T12:34:46.417+0000] {logging_mixin.py:151} INFO - [2023-09-05T12:34:46.416+0000] {dag.py:3677} INFO - Setting next_dagrun for example_short_circuit_decorator to 2023-09-04T12:34:46.415932+00:00, run_after=2023-09-05T12:34:46.415932+00:00
[2023-09-05T12:34:46.511+0000] {processor.py:179} INFO - Processing /home/airflow/.local/lib/python3.8/site-packages/airflow/example_dags/example_short_circuit_decorator.py took 0.489 seconds
[2023-09-05T12:40:52.168+0000] {processor.py:157} INFO - Started process (PID=66) to work on /home/airflow/.local/lib/python3.8/site-packages/airflow/example_dags/example_short_circuit_decorator.py
[2023-09-05T12:40:52.170+0000] {processor.py:829} INFO - Processing file /home/airflow/.local/lib/python3.8/site-packages/airflow/example_dags/example_short_circuit_decorator.py for tasks to queue
[2023-09-05T12:40:52.174+0000] {logging_mixin.py:151} INFO - [2023-09-05T12:40:52.174+0000] {dagbag.py:539} INFO - Filling up the DagBag from /home/airflow/.local/lib/python3.8/site-packages/airflow/example_dags/example_short_circuit_decorator.py
[2023-09-05T12:40:52.185+0000] {processor.py:839} INFO - DAG(s) dict_keys(['example_short_circuit_decorator']) retrieved from /home/airflow/.local/lib/python3.8/site-packages/airflow/example_dags/example_short_circuit_decorator.py
[2023-09-05T12:40:52.258+0000] {logging_mixin.py:151} INFO - [2023-09-05T12:40:52.258+0000] {manager.py:501} INFO - Created Permission View: can read on DAG:example_short_circuit_decorator
[2023-09-05T12:40:52.264+0000] {logging_mixin.py:151} INFO - [2023-09-05T12:40:52.264+0000] {manager.py:501} INFO - Created Permission View: can edit on DAG:example_short_circuit_decorator
[2023-09-05T12:40:52.269+0000] {logging_mixin.py:151} INFO - [2023-09-05T12:40:52.269+0000] {manager.py:501} INFO - Created Permission View: can delete on DAG:example_short_circuit_decorator
[2023-09-05T12:40:52.278+0000] {logging_mixin.py:151} INFO - [2023-09-05T12:40:52.278+0000] {dag.py:2907} INFO - Sync 1 DAGs
[2023-09-05T12:40:52.286+0000] {logging_mixin.py:151} INFO - [2023-09-05T12:40:52.286+0000] {dag.py:2929} INFO - Creating ORM DAG for example_short_circuit_decorator
[2023-09-05T12:40:52.293+0000] {logging_mixin.py:151} INFO - [2023-09-05T12:40:52.293+0000] {dag.py:3677} INFO - Setting next_dagrun for example_short_circuit_decorator to 2023-09-04T12:40:52.293300+00:00, run_after=2023-09-05T12:40:52.293300+00:00
[2023-09-05T12:40:52.308+0000] {processor.py:179} INFO - Processing /home/airflow/.local/lib/python3.8/site-packages/airflow/example_dags/example_short_circuit_decorator.py took 0.144 seconds
[2023-09-05T12:41:23.267+0000] {processor.py:157} INFO - Started process (PID=120) to work on /home/airflow/.local/lib/python3.8/site-packages/airflow/example_dags/example_short_circuit_decorator.py
[2023-09-05T12:41:23.269+0000] {processor.py:829} INFO - Processing file /home/airflow/.local/lib/python3.8/site-packages/airflow/example_dags/example_short_circuit_decorator.py for tasks to queue
[2023-09-05T12:41:23.272+0000] {logging_mixin.py:151} INFO - [2023-09-05T12:41:23.271+0000] {dagbag.py:539} INFO - Filling up the DagBag from /home/airflow/.local/lib/python3.8/site-packages/airflow/example_dags/example_short_circuit_decorator.py
[2023-09-05T12:41:23.280+0000] {processor.py:839} INFO - DAG(s) dict_keys(['example_short_circuit_decorator']) retrieved from /home/airflow/.local/lib/python3.8/site-packages/airflow/example_dags/example_short_circuit_decorator.py
[2023-09-05T12:41:23.306+0000] {logging_mixin.py:151} INFO - [2023-09-05T12:41:23.306+0000] {dag.py:2907} INFO - Sync 1 DAGs
[2023-09-05T12:41:23.321+0000] {logging_mixin.py:151} INFO - [2023-09-05T12:41:23.321+0000] {dag.py:3677} INFO - Setting next_dagrun for example_short_circuit_decorator to 2023-09-04T12:41:23.320957+00:00, run_after=2023-09-05T12:41:23.320957+00:00
[2023-09-05T12:41:23.333+0000] {processor.py:179} INFO - Processing /home/airflow/.local/lib/python3.8/site-packages/airflow/example_dags/example_short_circuit_decorator.py took 0.071 seconds
[2023-09-05T12:41:53.677+0000] {processor.py:157} INFO - Started process (PID=174) to work on /home/airflow/.local/lib/python3.8/site-packages/airflow/example_dags/example_short_circuit_decorator.py
[2023-09-05T12:41:53.679+0000] {processor.py:829} INFO - Processing file /home/airflow/.local/lib/python3.8/site-packages/airflow/example_dags/example_short_circuit_decorator.py for tasks to queue
[2023-09-05T12:41:53.683+0000] {logging_mixin.py:151} INFO - [2023-09-05T12:41:53.683+0000] {dagbag.py:539} INFO - Filling up the DagBag from /home/airflow/.local/lib/python3.8/site-packages/airflow/example_dags/example_short_circuit_decorator.py
[2023-09-05T12:41:53.692+0000] {processor.py:839} INFO - DAG(s) dict_keys(['example_short_circuit_decorator']) retrieved from /home/airflow/.local/lib/python3.8/site-packages/airflow/example_dags/example_short_circuit_decorator.py
[2023-09-05T12:41:53.714+0000] {logging_mixin.py:151} INFO - [2023-09-05T12:41:53.713+0000] {dag.py:2907} INFO - Sync 1 DAGs
[2023-09-05T12:41:53.727+0000] {logging_mixin.py:151} INFO - [2023-09-05T12:41:53.727+0000] {dag.py:3677} INFO - Setting next_dagrun for example_short_circuit_decorator to 2023-09-04T12:41:53.727526+00:00, run_after=2023-09-05T12:41:53.727526+00:00
[2023-09-05T12:41:53.741+0000] {processor.py:179} INFO - Processing /home/airflow/.local/lib/python3.8/site-packages/airflow/example_dags/example_short_circuit_decorator.py took 0.069 seconds
[2023-09-05T12:42:24.335+0000] {processor.py:157} INFO - Started process (PID=228) to work on /home/airflow/.local/lib/python3.8/site-packages/airflow/example_dags/example_short_circuit_decorator.py
[2023-09-05T12:42:24.336+0000] {processor.py:829} INFO - Processing file /home/airflow/.local/lib/python3.8/site-packages/airflow/example_dags/example_short_circuit_decorator.py for tasks to queue
[2023-09-05T12:42:24.338+0000] {logging_mixin.py:151} INFO - [2023-09-05T12:42:24.338+0000] {dagbag.py:539} INFO - Filling up the DagBag from /home/airflow/.local/lib/python3.8/site-packages/airflow/example_dags/example_short_circuit_decorator.py
[2023-09-05T12:42:24.345+0000] {processor.py:839} INFO - DAG(s) dict_keys(['example_short_circuit_decorator']) retrieved from /home/airflow/.local/lib/python3.8/site-packages/airflow/example_dags/example_short_circuit_decorator.py
[2023-09-05T12:42:24.366+0000] {logging_mixin.py:151} INFO - [2023-09-05T12:42:24.366+0000] {dag.py:2907} INFO - Sync 1 DAGs
[2023-09-05T12:42:24.379+0000] {logging_mixin.py:151} INFO - [2023-09-05T12:42:24.379+0000] {dag.py:3677} INFO - Setting next_dagrun for example_short_circuit_decorator to 2023-09-04T12:42:24.379599+00:00, run_after=2023-09-05T12:42:24.379599+00:00
[2023-09-05T12:42:24.390+0000] {processor.py:179} INFO - Processing /home/airflow/.local/lib/python3.8/site-packages/airflow/example_dags/example_short_circuit_decorator.py took 0.058 seconds
[2023-09-05T12:42:54.967+0000] {processor.py:157} INFO - Started process (PID=282) to work on /home/airflow/.local/lib/python3.8/site-packages/airflow/example_dags/example_short_circuit_decorator.py
[2023-09-05T12:42:54.970+0000] {processor.py:829} INFO - Processing file /home/airflow/.local/lib/python3.8/site-packages/airflow/example_dags/example_short_circuit_decorator.py for tasks to queue
[2023-09-05T12:42:54.974+0000] {logging_mixin.py:151} INFO - [2023-09-05T12:42:54.973+0000] {dagbag.py:539} INFO - Filling up the DagBag from /home/airflow/.local/lib/python3.8/site-packages/airflow/example_dags/example_short_circuit_decorator.py
[2023-09-05T12:42:54.984+0000] {processor.py:839} INFO - DAG(s) dict_keys(['example_short_circuit_decorator']) retrieved from /home/airflow/.local/lib/python3.8/site-packages/airflow/example_dags/example_short_circuit_decorator.py
[2023-09-05T12:42:55.012+0000] {logging_mixin.py:151} INFO - [2023-09-05T12:42:55.012+0000] {dag.py:2907} INFO - Sync 1 DAGs
[2023-09-05T12:42:55.030+0000] {logging_mixin.py:151} INFO - [2023-09-05T12:42:55.030+0000] {dag.py:3677} INFO - Setting next_dagrun for example_short_circuit_decorator to 2023-09-04T12:42:55.029975+00:00, run_after=2023-09-05T12:42:55.029975+00:00
[2023-09-05T12:42:55.043+0000] {processor.py:179} INFO - Processing /home/airflow/.local/lib/python3.8/site-packages/airflow/example_dags/example_short_circuit_decorator.py took 0.080 seconds
[2023-09-05T12:44:39.054+0000] {processor.py:157} INFO - Started process (PID=65) to work on /home/airflow/.local/lib/python3.8/site-packages/airflow/example_dags/example_short_circuit_decorator.py
[2023-09-05T12:44:39.056+0000] {processor.py:829} INFO - Processing file /home/airflow/.local/lib/python3.8/site-packages/airflow/example_dags/example_short_circuit_decorator.py for tasks to queue
[2023-09-05T12:44:39.059+0000] {logging_mixin.py:151} INFO - [2023-09-05T12:44:39.059+0000] {dagbag.py:539} INFO - Filling up the DagBag from /home/airflow/.local/lib/python3.8/site-packages/airflow/example_dags/example_short_circuit_decorator.py
[2023-09-05T12:44:39.066+0000] {processor.py:839} INFO - DAG(s) dict_keys(['example_short_circuit_decorator']) retrieved from /home/airflow/.local/lib/python3.8/site-packages/airflow/example_dags/example_short_circuit_decorator.py
[2023-09-05T12:44:39.142+0000] {logging_mixin.py:151} INFO - [2023-09-05T12:44:39.142+0000] {manager.py:501} INFO - Created Permission View: can edit on DAG:example_short_circuit_decorator
[2023-09-05T12:44:39.150+0000] {logging_mixin.py:151} INFO - [2023-09-05T12:44:39.150+0000] {manager.py:501} INFO - Created Permission View: can read on DAG:example_short_circuit_decorator
[2023-09-05T12:44:39.155+0000] {logging_mixin.py:151} INFO - [2023-09-05T12:44:39.155+0000] {manager.py:501} INFO - Created Permission View: can delete on DAG:example_short_circuit_decorator
[2023-09-05T12:44:39.165+0000] {logging_mixin.py:151} INFO - [2023-09-05T12:44:39.165+0000] {dag.py:2907} INFO - Sync 1 DAGs
[2023-09-05T12:44:39.175+0000] {logging_mixin.py:151} INFO - [2023-09-05T12:44:39.175+0000] {dag.py:2929} INFO - Creating ORM DAG for example_short_circuit_decorator
[2023-09-05T12:44:39.183+0000] {logging_mixin.py:151} INFO - [2023-09-05T12:44:39.183+0000] {dag.py:3677} INFO - Setting next_dagrun for example_short_circuit_decorator to 2023-09-04T12:44:39.183065+00:00, run_after=2023-09-05T12:44:39.183065+00:00
[2023-09-05T12:44:39.198+0000] {processor.py:179} INFO - Processing /home/airflow/.local/lib/python3.8/site-packages/airflow/example_dags/example_short_circuit_decorator.py took 0.146 seconds
[2023-09-05T12:45:10.131+0000] {processor.py:157} INFO - Started process (PID=119) to work on /home/airflow/.local/lib/python3.8/site-packages/airflow/example_dags/example_short_circuit_decorator.py
[2023-09-05T12:45:10.132+0000] {processor.py:829} INFO - Processing file /home/airflow/.local/lib/python3.8/site-packages/airflow/example_dags/example_short_circuit_decorator.py for tasks to queue
[2023-09-05T12:45:10.134+0000] {logging_mixin.py:151} INFO - [2023-09-05T12:45:10.134+0000] {dagbag.py:539} INFO - Filling up the DagBag from /home/airflow/.local/lib/python3.8/site-packages/airflow/example_dags/example_short_circuit_decorator.py
[2023-09-05T12:45:10.140+0000] {processor.py:839} INFO - DAG(s) dict_keys(['example_short_circuit_decorator']) retrieved from /home/airflow/.local/lib/python3.8/site-packages/airflow/example_dags/example_short_circuit_decorator.py
[2023-09-05T12:45:10.158+0000] {logging_mixin.py:151} INFO - [2023-09-05T12:45:10.158+0000] {dag.py:2907} INFO - Sync 1 DAGs
[2023-09-05T12:45:10.171+0000] {logging_mixin.py:151} INFO - [2023-09-05T12:45:10.171+0000] {dag.py:3677} INFO - Setting next_dagrun for example_short_circuit_decorator to 2023-09-04T12:45:10.170965+00:00, run_after=2023-09-05T12:45:10.170965+00:00
[2023-09-05T12:45:10.181+0000] {processor.py:179} INFO - Processing /home/airflow/.local/lib/python3.8/site-packages/airflow/example_dags/example_short_circuit_decorator.py took 0.053 seconds
[2023-09-05T12:45:40.556+0000] {processor.py:157} INFO - Started process (PID=173) to work on /home/airflow/.local/lib/python3.8/site-packages/airflow/example_dags/example_short_circuit_decorator.py
[2023-09-05T12:45:40.557+0000] {processor.py:829} INFO - Processing file /home/airflow/.local/lib/python3.8/site-packages/airflow/example_dags/example_short_circuit_decorator.py for tasks to queue
[2023-09-05T12:45:40.559+0000] {logging_mixin.py:151} INFO - [2023-09-05T12:45:40.559+0000] {dagbag.py:539} INFO - Filling up the DagBag from /home/airflow/.local/lib/python3.8/site-packages/airflow/example_dags/example_short_circuit_decorator.py
[2023-09-05T12:45:40.567+0000] {processor.py:839} INFO - DAG(s) dict_keys(['example_short_circuit_decorator']) retrieved from /home/airflow/.local/lib/python3.8/site-packages/airflow/example_dags/example_short_circuit_decorator.py
[2023-09-05T12:45:40.586+0000] {logging_mixin.py:151} INFO - [2023-09-05T12:45:40.585+0000] {dag.py:2907} INFO - Sync 1 DAGs
[2023-09-05T12:45:40.599+0000] {logging_mixin.py:151} INFO - [2023-09-05T12:45:40.599+0000] {dag.py:3677} INFO - Setting next_dagrun for example_short_circuit_decorator to 2023-09-04T12:45:40.599345+00:00, run_after=2023-09-05T12:45:40.599345+00:00
[2023-09-05T12:45:40.610+0000] {processor.py:179} INFO - Processing /home/airflow/.local/lib/python3.8/site-packages/airflow/example_dags/example_short_circuit_decorator.py took 0.057 seconds
