[2023-09-05T12:33:40.408+0000] {processor.py:157} INFO - Started process (PID=43) to work on /home/airflow/.local/lib/python3.8/site-packages/airflow/example_dags/example_nested_branch_dag.py
[2023-09-05T12:33:40.410+0000] {processor.py:829} INFO - Processing file /home/airflow/.local/lib/python3.8/site-packages/airflow/example_dags/example_nested_branch_dag.py for tasks to queue
[2023-09-05T12:33:40.412+0000] {logging_mixin.py:151} INFO - [2023-09-05T12:33:40.412+0000] {dagbag.py:539} INFO - Filling up the DagBag from /home/airflow/.local/lib/python3.8/site-packages/airflow/example_dags/example_nested_branch_dag.py
[2023-09-05T12:33:40.426+0000] {processor.py:839} INFO - DAG(s) dict_keys(['example_nested_branch_dag']) retrieved from /home/airflow/.local/lib/python3.8/site-packages/airflow/example_dags/example_nested_branch_dag.py
[2023-09-05T12:33:40.563+0000] {logging_mixin.py:151} INFO - [2023-09-05T12:33:40.563+0000] {dag.py:2907} INFO - Sync 1 DAGs
[2023-09-05T12:33:40.593+0000] {logging_mixin.py:151} INFO - [2023-09-05T12:33:40.593+0000] {dag.py:3677} INFO - Setting next_dagrun for example_nested_branch_dag to 2023-09-04T00:00:00+00:00, run_after=2023-09-05T00:00:00+00:00
[2023-09-05T12:33:40.611+0000] {processor.py:179} INFO - Processing /home/airflow/.local/lib/python3.8/site-packages/airflow/example_dags/example_nested_branch_dag.py took 0.206 seconds
[2023-09-05T12:34:10.978+0000] {processor.py:157} INFO - Started process (PID=98) to work on /home/airflow/.local/lib/python3.8/site-packages/airflow/example_dags/example_nested_branch_dag.py
[2023-09-05T12:34:10.980+0000] {processor.py:829} INFO - Processing file /home/airflow/.local/lib/python3.8/site-packages/airflow/example_dags/example_nested_branch_dag.py for tasks to queue
[2023-09-05T12:34:10.982+0000] {logging_mixin.py:151} INFO - [2023-09-05T12:34:10.982+0000] {dagbag.py:539} INFO - Filling up the DagBag from /home/airflow/.local/lib/python3.8/site-packages/airflow/example_dags/example_nested_branch_dag.py
[2023-09-05T12:34:10.990+0000] {processor.py:839} INFO - DAG(s) dict_keys(['example_nested_branch_dag']) retrieved from /home/airflow/.local/lib/python3.8/site-packages/airflow/example_dags/example_nested_branch_dag.py
[2023-09-05T12:34:11.012+0000] {logging_mixin.py:151} INFO - [2023-09-05T12:34:11.011+0000] {dag.py:2907} INFO - Sync 1 DAGs
[2023-09-05T12:34:11.026+0000] {logging_mixin.py:151} INFO - [2023-09-05T12:34:11.026+0000] {dag.py:3677} INFO - Setting next_dagrun for example_nested_branch_dag to 2023-09-04T00:00:00+00:00, run_after=2023-09-05T00:00:00+00:00
[2023-09-05T12:34:11.036+0000] {processor.py:179} INFO - Processing /home/airflow/.local/lib/python3.8/site-packages/airflow/example_dags/example_nested_branch_dag.py took 0.061 seconds
[2023-09-05T12:34:41.097+0000] {processor.py:157} INFO - Started process (PID=152) to work on /home/airflow/.local/lib/python3.8/site-packages/airflow/example_dags/example_nested_branch_dag.py
[2023-09-05T12:34:41.099+0000] {processor.py:829} INFO - Processing file /home/airflow/.local/lib/python3.8/site-packages/airflow/example_dags/example_nested_branch_dag.py for tasks to queue
[2023-09-05T12:34:41.101+0000] {logging_mixin.py:151} INFO - [2023-09-05T12:34:41.101+0000] {dagbag.py:539} INFO - Filling up the DagBag from /home/airflow/.local/lib/python3.8/site-packages/airflow/example_dags/example_nested_branch_dag.py
[2023-09-05T12:34:41.109+0000] {processor.py:839} INFO - DAG(s) dict_keys(['example_nested_branch_dag']) retrieved from /home/airflow/.local/lib/python3.8/site-packages/airflow/example_dags/example_nested_branch_dag.py
[2023-09-05T12:34:41.129+0000] {logging_mixin.py:151} INFO - [2023-09-05T12:34:41.129+0000] {dag.py:2907} INFO - Sync 1 DAGs
[2023-09-05T12:34:41.142+0000] {logging_mixin.py:151} INFO - [2023-09-05T12:34:41.142+0000] {dag.py:3677} INFO - Setting next_dagrun for example_nested_branch_dag to 2023-09-04T00:00:00+00:00, run_after=2023-09-05T00:00:00+00:00
[2023-09-05T12:34:41.151+0000] {processor.py:179} INFO - Processing /home/airflow/.local/lib/python3.8/site-packages/airflow/example_dags/example_nested_branch_dag.py took 0.057 seconds
[2023-09-05T12:40:47.858+0000] {processor.py:157} INFO - Started process (PID=43) to work on /home/airflow/.local/lib/python3.8/site-packages/airflow/example_dags/example_nested_branch_dag.py
[2023-09-05T12:40:47.859+0000] {processor.py:829} INFO - Processing file /home/airflow/.local/lib/python3.8/site-packages/airflow/example_dags/example_nested_branch_dag.py for tasks to queue
[2023-09-05T12:40:47.862+0000] {logging_mixin.py:151} INFO - [2023-09-05T12:40:47.862+0000] {dagbag.py:539} INFO - Filling up the DagBag from /home/airflow/.local/lib/python3.8/site-packages/airflow/example_dags/example_nested_branch_dag.py
[2023-09-05T12:40:47.878+0000] {processor.py:839} INFO - DAG(s) dict_keys(['example_nested_branch_dag']) retrieved from /home/airflow/.local/lib/python3.8/site-packages/airflow/example_dags/example_nested_branch_dag.py
[2023-09-05T12:40:48.238+0000] {logging_mixin.py:151} INFO - [2023-09-05T12:40:48.238+0000] {manager.py:501} INFO - Created Permission View: can read on DAG:example_nested_branch_dag
[2023-09-05T12:40:48.247+0000] {logging_mixin.py:151} INFO - [2023-09-05T12:40:48.247+0000] {manager.py:501} INFO - Created Permission View: can edit on DAG:example_nested_branch_dag
[2023-09-05T12:40:48.252+0000] {logging_mixin.py:151} INFO - [2023-09-05T12:40:48.252+0000] {manager.py:501} INFO - Created Permission View: can delete on DAG:example_nested_branch_dag
[2023-09-05T12:40:48.262+0000] {logging_mixin.py:151} INFO - [2023-09-05T12:40:48.261+0000] {dag.py:2907} INFO - Sync 1 DAGs
[2023-09-05T12:40:48.271+0000] {logging_mixin.py:151} INFO - [2023-09-05T12:40:48.271+0000] {dag.py:2929} INFO - Creating ORM DAG for example_nested_branch_dag
[2023-09-05T12:40:48.281+0000] {logging_mixin.py:151} INFO - [2023-09-05T12:40:48.280+0000] {dag.py:3677} INFO - Setting next_dagrun for example_nested_branch_dag to 2023-09-04T00:00:00+00:00, run_after=2023-09-05T00:00:00+00:00
[2023-09-05T12:40:48.293+0000] {processor.py:179} INFO - Processing /home/airflow/.local/lib/python3.8/site-packages/airflow/example_dags/example_nested_branch_dag.py took 0.439 seconds
[2023-09-05T12:41:19.013+0000] {processor.py:157} INFO - Started process (PID=97) to work on /home/airflow/.local/lib/python3.8/site-packages/airflow/example_dags/example_nested_branch_dag.py
[2023-09-05T12:41:19.015+0000] {processor.py:829} INFO - Processing file /home/airflow/.local/lib/python3.8/site-packages/airflow/example_dags/example_nested_branch_dag.py for tasks to queue
[2023-09-05T12:41:19.018+0000] {logging_mixin.py:151} INFO - [2023-09-05T12:41:19.018+0000] {dagbag.py:539} INFO - Filling up the DagBag from /home/airflow/.local/lib/python3.8/site-packages/airflow/example_dags/example_nested_branch_dag.py
[2023-09-05T12:41:19.029+0000] {processor.py:839} INFO - DAG(s) dict_keys(['example_nested_branch_dag']) retrieved from /home/airflow/.local/lib/python3.8/site-packages/airflow/example_dags/example_nested_branch_dag.py
[2023-09-05T12:41:19.050+0000] {logging_mixin.py:151} INFO - [2023-09-05T12:41:19.050+0000] {dag.py:2907} INFO - Sync 1 DAGs
[2023-09-05T12:41:19.063+0000] {logging_mixin.py:151} INFO - [2023-09-05T12:41:19.063+0000] {dag.py:3677} INFO - Setting next_dagrun for example_nested_branch_dag to 2023-09-04T00:00:00+00:00, run_after=2023-09-05T00:00:00+00:00
[2023-09-05T12:41:19.073+0000] {processor.py:179} INFO - Processing /home/airflow/.local/lib/python3.8/site-packages/airflow/example_dags/example_nested_branch_dag.py took 0.065 seconds
[2023-09-05T12:41:49.641+0000] {processor.py:157} INFO - Started process (PID=151) to work on /home/airflow/.local/lib/python3.8/site-packages/airflow/example_dags/example_nested_branch_dag.py
[2023-09-05T12:41:49.643+0000] {processor.py:829} INFO - Processing file /home/airflow/.local/lib/python3.8/site-packages/airflow/example_dags/example_nested_branch_dag.py for tasks to queue
[2023-09-05T12:41:49.648+0000] {logging_mixin.py:151} INFO - [2023-09-05T12:41:49.647+0000] {dagbag.py:539} INFO - Filling up the DagBag from /home/airflow/.local/lib/python3.8/site-packages/airflow/example_dags/example_nested_branch_dag.py
[2023-09-05T12:41:49.657+0000] {processor.py:839} INFO - DAG(s) dict_keys(['example_nested_branch_dag']) retrieved from /home/airflow/.local/lib/python3.8/site-packages/airflow/example_dags/example_nested_branch_dag.py
[2023-09-05T12:41:49.675+0000] {logging_mixin.py:151} INFO - [2023-09-05T12:41:49.675+0000] {dag.py:2907} INFO - Sync 1 DAGs
[2023-09-05T12:41:49.688+0000] {logging_mixin.py:151} INFO - [2023-09-05T12:41:49.688+0000] {dag.py:3677} INFO - Setting next_dagrun for example_nested_branch_dag to 2023-09-04T00:00:00+00:00, run_after=2023-09-05T00:00:00+00:00
[2023-09-05T12:41:49.698+0000] {processor.py:179} INFO - Processing /home/airflow/.local/lib/python3.8/site-packages/airflow/example_dags/example_nested_branch_dag.py took 0.063 seconds
[2023-09-05T12:42:20.247+0000] {processor.py:157} INFO - Started process (PID=205) to work on /home/airflow/.local/lib/python3.8/site-packages/airflow/example_dags/example_nested_branch_dag.py
[2023-09-05T12:42:20.249+0000] {processor.py:829} INFO - Processing file /home/airflow/.local/lib/python3.8/site-packages/airflow/example_dags/example_nested_branch_dag.py for tasks to queue
[2023-09-05T12:42:20.252+0000] {logging_mixin.py:151} INFO - [2023-09-05T12:42:20.252+0000] {dagbag.py:539} INFO - Filling up the DagBag from /home/airflow/.local/lib/python3.8/site-packages/airflow/example_dags/example_nested_branch_dag.py
[2023-09-05T12:42:20.261+0000] {processor.py:839} INFO - DAG(s) dict_keys(['example_nested_branch_dag']) retrieved from /home/airflow/.local/lib/python3.8/site-packages/airflow/example_dags/example_nested_branch_dag.py
[2023-09-05T12:42:20.280+0000] {logging_mixin.py:151} INFO - [2023-09-05T12:42:20.279+0000] {dag.py:2907} INFO - Sync 1 DAGs
[2023-09-05T12:42:20.293+0000] {logging_mixin.py:151} INFO - [2023-09-05T12:42:20.293+0000] {dag.py:3677} INFO - Setting next_dagrun for example_nested_branch_dag to 2023-09-04T00:00:00+00:00, run_after=2023-09-05T00:00:00+00:00
[2023-09-05T12:42:20.304+0000] {processor.py:179} INFO - Processing /home/airflow/.local/lib/python3.8/site-packages/airflow/example_dags/example_nested_branch_dag.py took 0.061 seconds
[2023-09-05T12:42:50.855+0000] {processor.py:157} INFO - Started process (PID=259) to work on /home/airflow/.local/lib/python3.8/site-packages/airflow/example_dags/example_nested_branch_dag.py
[2023-09-05T12:42:50.857+0000] {processor.py:829} INFO - Processing file /home/airflow/.local/lib/python3.8/site-packages/airflow/example_dags/example_nested_branch_dag.py for tasks to queue
[2023-09-05T12:42:50.861+0000] {logging_mixin.py:151} INFO - [2023-09-05T12:42:50.861+0000] {dagbag.py:539} INFO - Filling up the DagBag from /home/airflow/.local/lib/python3.8/site-packages/airflow/example_dags/example_nested_branch_dag.py
[2023-09-05T12:42:50.874+0000] {processor.py:839} INFO - DAG(s) dict_keys(['example_nested_branch_dag']) retrieved from /home/airflow/.local/lib/python3.8/site-packages/airflow/example_dags/example_nested_branch_dag.py
[2023-09-05T12:42:50.894+0000] {logging_mixin.py:151} INFO - [2023-09-05T12:42:50.894+0000] {dag.py:2907} INFO - Sync 1 DAGs
[2023-09-05T12:42:50.912+0000] {logging_mixin.py:151} INFO - [2023-09-05T12:42:50.912+0000] {dag.py:3677} INFO - Setting next_dagrun for example_nested_branch_dag to 2023-09-04T00:00:00+00:00, run_after=2023-09-05T00:00:00+00:00
[2023-09-05T12:42:50.923+0000] {processor.py:179} INFO - Processing /home/airflow/.local/lib/python3.8/site-packages/airflow/example_dags/example_nested_branch_dag.py took 0.074 seconds
[2023-09-05T12:44:35.184+0000] {processor.py:157} INFO - Started process (PID=42) to work on /home/airflow/.local/lib/python3.8/site-packages/airflow/example_dags/example_nested_branch_dag.py
[2023-09-05T12:44:35.186+0000] {processor.py:829} INFO - Processing file /home/airflow/.local/lib/python3.8/site-packages/airflow/example_dags/example_nested_branch_dag.py for tasks to queue
[2023-09-05T12:44:35.189+0000] {logging_mixin.py:151} INFO - [2023-09-05T12:44:35.189+0000] {dagbag.py:539} INFO - Filling up the DagBag from /home/airflow/.local/lib/python3.8/site-packages/airflow/example_dags/example_nested_branch_dag.py
[2023-09-05T12:44:35.208+0000] {processor.py:839} INFO - DAG(s) dict_keys(['example_nested_branch_dag']) retrieved from /home/airflow/.local/lib/python3.8/site-packages/airflow/example_dags/example_nested_branch_dag.py
[2023-09-05T12:44:35.504+0000] {logging_mixin.py:151} INFO - [2023-09-05T12:44:35.504+0000] {manager.py:501} INFO - Created Permission View: can edit on DAG:example_nested_branch_dag
[2023-09-05T12:44:35.516+0000] {logging_mixin.py:151} INFO - [2023-09-05T12:44:35.516+0000] {manager.py:501} INFO - Created Permission View: can read on DAG:example_nested_branch_dag
[2023-09-05T12:44:35.531+0000] {logging_mixin.py:151} INFO - [2023-09-05T12:44:35.531+0000] {manager.py:501} INFO - Created Permission View: can delete on DAG:example_nested_branch_dag
[2023-09-05T12:44:35.558+0000] {logging_mixin.py:151} INFO - [2023-09-05T12:44:35.558+0000] {dag.py:2907} INFO - Sync 1 DAGs
[2023-09-05T12:44:35.569+0000] {logging_mixin.py:151} INFO - [2023-09-05T12:44:35.569+0000] {dag.py:2929} INFO - Creating ORM DAG for example_nested_branch_dag
[2023-09-05T12:44:35.587+0000] {logging_mixin.py:151} INFO - [2023-09-05T12:44:35.587+0000] {dag.py:3677} INFO - Setting next_dagrun for example_nested_branch_dag to 2023-09-04T00:00:00+00:00, run_after=2023-09-05T00:00:00+00:00
[2023-09-05T12:44:35.614+0000] {processor.py:179} INFO - Processing /home/airflow/.local/lib/python3.8/site-packages/airflow/example_dags/example_nested_branch_dag.py took 0.433 seconds
[2023-09-05T12:45:05.994+0000] {processor.py:157} INFO - Started process (PID=96) to work on /home/airflow/.local/lib/python3.8/site-packages/airflow/example_dags/example_nested_branch_dag.py
[2023-09-05T12:45:05.995+0000] {processor.py:829} INFO - Processing file /home/airflow/.local/lib/python3.8/site-packages/airflow/example_dags/example_nested_branch_dag.py for tasks to queue
[2023-09-05T12:45:05.997+0000] {logging_mixin.py:151} INFO - [2023-09-05T12:45:05.997+0000] {dagbag.py:539} INFO - Filling up the DagBag from /home/airflow/.local/lib/python3.8/site-packages/airflow/example_dags/example_nested_branch_dag.py
[2023-09-05T12:45:06.004+0000] {processor.py:839} INFO - DAG(s) dict_keys(['example_nested_branch_dag']) retrieved from /home/airflow/.local/lib/python3.8/site-packages/airflow/example_dags/example_nested_branch_dag.py
[2023-09-05T12:45:06.022+0000] {logging_mixin.py:151} INFO - [2023-09-05T12:45:06.022+0000] {dag.py:2907} INFO - Sync 1 DAGs
[2023-09-05T12:45:06.034+0000] {logging_mixin.py:151} INFO - [2023-09-05T12:45:06.034+0000] {dag.py:3677} INFO - Setting next_dagrun for example_nested_branch_dag to 2023-09-04T00:00:00+00:00, run_after=2023-09-05T00:00:00+00:00
[2023-09-05T12:45:06.045+0000] {processor.py:179} INFO - Processing /home/airflow/.local/lib/python3.8/site-packages/airflow/example_dags/example_nested_branch_dag.py took 0.054 seconds
[2023-09-05T12:45:36.508+0000] {processor.py:157} INFO - Started process (PID=150) to work on /home/airflow/.local/lib/python3.8/site-packages/airflow/example_dags/example_nested_branch_dag.py
[2023-09-05T12:45:36.510+0000] {processor.py:829} INFO - Processing file /home/airflow/.local/lib/python3.8/site-packages/airflow/example_dags/example_nested_branch_dag.py for tasks to queue
[2023-09-05T12:45:36.512+0000] {logging_mixin.py:151} INFO - [2023-09-05T12:45:36.512+0000] {dagbag.py:539} INFO - Filling up the DagBag from /home/airflow/.local/lib/python3.8/site-packages/airflow/example_dags/example_nested_branch_dag.py
[2023-09-05T12:45:36.519+0000] {processor.py:839} INFO - DAG(s) dict_keys(['example_nested_branch_dag']) retrieved from /home/airflow/.local/lib/python3.8/site-packages/airflow/example_dags/example_nested_branch_dag.py
[2023-09-05T12:45:36.535+0000] {logging_mixin.py:151} INFO - [2023-09-05T12:45:36.535+0000] {dag.py:2907} INFO - Sync 1 DAGs
[2023-09-05T12:45:36.550+0000] {logging_mixin.py:151} INFO - [2023-09-05T12:45:36.550+0000] {dag.py:3677} INFO - Setting next_dagrun for example_nested_branch_dag to 2023-09-04T00:00:00+00:00, run_after=2023-09-05T00:00:00+00:00
[2023-09-05T12:45:36.562+0000] {processor.py:179} INFO - Processing /home/airflow/.local/lib/python3.8/site-packages/airflow/example_dags/example_nested_branch_dag.py took 0.056 seconds
