[2023-09-05T12:33:40.037+0000] {processor.py:157} INFO - Started process (PID=40) to work on /home/airflow/.local/lib/python3.8/site-packages/airflow/example_dags/example_latest_only.py
[2023-09-05T12:33:40.039+0000] {processor.py:829} INFO - Processing file /home/airflow/.local/lib/python3.8/site-packages/airflow/example_dags/example_latest_only.py for tasks to queue
[2023-09-05T12:33:40.042+0000] {logging_mixin.py:151} INFO - [2023-09-05T12:33:40.041+0000] {dagbag.py:539} INFO - Filling up the DagBag from /home/airflow/.local/lib/python3.8/site-packages/airflow/example_dags/example_latest_only.py
[2023-09-05T12:33:40.051+0000] {processor.py:839} INFO - DAG(s) dict_keys(['latest_only']) retrieved from /home/airflow/.local/lib/python3.8/site-packages/airflow/example_dags/example_latest_only.py
[2023-09-05T12:33:40.186+0000] {logging_mixin.py:151} INFO - [2023-09-05T12:33:40.185+0000] {dag.py:2907} INFO - Sync 1 DAGs
[2023-09-05T12:33:40.203+0000] {logging_mixin.py:151} INFO - [2023-09-05T12:33:40.203+0000] {dag.py:3677} INFO - Setting next_dagrun for latest_only to 2023-09-05T08:33:40.203030+00:00, run_after=2023-09-05T12:33:40.203030+00:00
[2023-09-05T12:33:40.213+0000] {processor.py:179} INFO - Processing /home/airflow/.local/lib/python3.8/site-packages/airflow/example_dags/example_latest_only.py took 0.180 seconds
[2023-09-05T12:34:10.865+0000] {processor.py:157} INFO - Started process (PID=95) to work on /home/airflow/.local/lib/python3.8/site-packages/airflow/example_dags/example_latest_only.py
[2023-09-05T12:34:10.866+0000] {processor.py:829} INFO - Processing file /home/airflow/.local/lib/python3.8/site-packages/airflow/example_dags/example_latest_only.py for tasks to queue
[2023-09-05T12:34:10.868+0000] {logging_mixin.py:151} INFO - [2023-09-05T12:34:10.868+0000] {dagbag.py:539} INFO - Filling up the DagBag from /home/airflow/.local/lib/python3.8/site-packages/airflow/example_dags/example_latest_only.py
[2023-09-05T12:34:10.873+0000] {processor.py:839} INFO - DAG(s) dict_keys(['latest_only']) retrieved from /home/airflow/.local/lib/python3.8/site-packages/airflow/example_dags/example_latest_only.py
[2023-09-05T12:34:10.892+0000] {logging_mixin.py:151} INFO - [2023-09-05T12:34:10.892+0000] {dag.py:2907} INFO - Sync 1 DAGs
[2023-09-05T12:34:10.906+0000] {logging_mixin.py:151} INFO - [2023-09-05T12:34:10.906+0000] {dag.py:3677} INFO - Setting next_dagrun for latest_only to 2023-09-05T08:34:10.906522+00:00, run_after=2023-09-05T12:34:10.906522+00:00
[2023-09-05T12:34:10.918+0000] {processor.py:179} INFO - Processing /home/airflow/.local/lib/python3.8/site-packages/airflow/example_dags/example_latest_only.py took 0.055 seconds
[2023-09-05T12:34:40.990+0000] {processor.py:157} INFO - Started process (PID=149) to work on /home/airflow/.local/lib/python3.8/site-packages/airflow/example_dags/example_latest_only.py
[2023-09-05T12:34:40.992+0000] {processor.py:829} INFO - Processing file /home/airflow/.local/lib/python3.8/site-packages/airflow/example_dags/example_latest_only.py for tasks to queue
[2023-09-05T12:34:40.994+0000] {logging_mixin.py:151} INFO - [2023-09-05T12:34:40.994+0000] {dagbag.py:539} INFO - Filling up the DagBag from /home/airflow/.local/lib/python3.8/site-packages/airflow/example_dags/example_latest_only.py
[2023-09-05T12:34:40.999+0000] {processor.py:839} INFO - DAG(s) dict_keys(['latest_only']) retrieved from /home/airflow/.local/lib/python3.8/site-packages/airflow/example_dags/example_latest_only.py
[2023-09-05T12:34:41.017+0000] {logging_mixin.py:151} INFO - [2023-09-05T12:34:41.017+0000] {dag.py:2907} INFO - Sync 1 DAGs
[2023-09-05T12:34:41.031+0000] {logging_mixin.py:151} INFO - [2023-09-05T12:34:41.031+0000] {dag.py:3677} INFO - Setting next_dagrun for latest_only to 2023-09-05T08:34:41.031171+00:00, run_after=2023-09-05T12:34:41.031171+00:00
[2023-09-05T12:34:41.041+0000] {processor.py:179} INFO - Processing /home/airflow/.local/lib/python3.8/site-packages/airflow/example_dags/example_latest_only.py took 0.054 seconds
[2023-09-05T12:40:47.285+0000] {processor.py:157} INFO - Started process (PID=40) to work on /home/airflow/.local/lib/python3.8/site-packages/airflow/example_dags/example_latest_only.py
[2023-09-05T12:40:47.297+0000] {processor.py:829} INFO - Processing file /home/airflow/.local/lib/python3.8/site-packages/airflow/example_dags/example_latest_only.py for tasks to queue
[2023-09-05T12:40:47.312+0000] {logging_mixin.py:151} INFO - [2023-09-05T12:40:47.310+0000] {dagbag.py:539} INFO - Filling up the DagBag from /home/airflow/.local/lib/python3.8/site-packages/airflow/example_dags/example_latest_only.py
[2023-09-05T12:40:47.351+0000] {processor.py:839} INFO - DAG(s) dict_keys(['latest_only']) retrieved from /home/airflow/.local/lib/python3.8/site-packages/airflow/example_dags/example_latest_only.py
[2023-09-05T12:40:47.585+0000] {logging_mixin.py:151} INFO - [2023-09-05T12:40:47.585+0000] {manager.py:501} INFO - Created Permission View: can read on DAG:latest_only
[2023-09-05T12:40:47.594+0000] {logging_mixin.py:151} INFO - [2023-09-05T12:40:47.594+0000] {manager.py:501} INFO - Created Permission View: can edit on DAG:latest_only
[2023-09-05T12:40:47.598+0000] {logging_mixin.py:151} INFO - [2023-09-05T12:40:47.598+0000] {manager.py:501} INFO - Created Permission View: can delete on DAG:latest_only
[2023-09-05T12:40:47.609+0000] {logging_mixin.py:151} INFO - [2023-09-05T12:40:47.608+0000] {dag.py:2907} INFO - Sync 1 DAGs
[2023-09-05T12:40:47.632+0000] {logging_mixin.py:151} INFO - [2023-09-05T12:40:47.632+0000] {dag.py:2929} INFO - Creating ORM DAG for latest_only
[2023-09-05T12:40:47.641+0000] {logging_mixin.py:151} INFO - [2023-09-05T12:40:47.641+0000] {dag.py:3677} INFO - Setting next_dagrun for latest_only to 2023-09-05T08:40:47.641061+00:00, run_after=2023-09-05T12:40:47.641061+00:00
[2023-09-05T12:40:47.652+0000] {processor.py:179} INFO - Processing /home/airflow/.local/lib/python3.8/site-packages/airflow/example_dags/example_latest_only.py took 0.390 seconds
[2023-09-05T12:41:17.880+0000] {processor.py:157} INFO - Started process (PID=94) to work on /home/airflow/.local/lib/python3.8/site-packages/airflow/example_dags/example_latest_only.py
[2023-09-05T12:41:17.882+0000] {processor.py:829} INFO - Processing file /home/airflow/.local/lib/python3.8/site-packages/airflow/example_dags/example_latest_only.py for tasks to queue
[2023-09-05T12:41:17.884+0000] {logging_mixin.py:151} INFO - [2023-09-05T12:41:17.883+0000] {dagbag.py:539} INFO - Filling up the DagBag from /home/airflow/.local/lib/python3.8/site-packages/airflow/example_dags/example_latest_only.py
[2023-09-05T12:41:17.887+0000] {processor.py:839} INFO - DAG(s) dict_keys(['latest_only']) retrieved from /home/airflow/.local/lib/python3.8/site-packages/airflow/example_dags/example_latest_only.py
[2023-09-05T12:41:17.903+0000] {logging_mixin.py:151} INFO - [2023-09-05T12:41:17.903+0000] {dag.py:2907} INFO - Sync 1 DAGs
[2023-09-05T12:41:17.916+0000] {logging_mixin.py:151} INFO - [2023-09-05T12:41:17.916+0000] {dag.py:3677} INFO - Setting next_dagrun for latest_only to 2023-09-05T08:41:17.916007+00:00, run_after=2023-09-05T12:41:17.916007+00:00
[2023-09-05T12:41:17.927+0000] {processor.py:179} INFO - Processing /home/airflow/.local/lib/python3.8/site-packages/airflow/example_dags/example_latest_only.py took 0.049 seconds
[2023-09-05T12:41:48.488+0000] {processor.py:157} INFO - Started process (PID=148) to work on /home/airflow/.local/lib/python3.8/site-packages/airflow/example_dags/example_latest_only.py
[2023-09-05T12:41:48.489+0000] {processor.py:829} INFO - Processing file /home/airflow/.local/lib/python3.8/site-packages/airflow/example_dags/example_latest_only.py for tasks to queue
[2023-09-05T12:41:48.491+0000] {logging_mixin.py:151} INFO - [2023-09-05T12:41:48.491+0000] {dagbag.py:539} INFO - Filling up the DagBag from /home/airflow/.local/lib/python3.8/site-packages/airflow/example_dags/example_latest_only.py
[2023-09-05T12:41:48.496+0000] {processor.py:839} INFO - DAG(s) dict_keys(['latest_only']) retrieved from /home/airflow/.local/lib/python3.8/site-packages/airflow/example_dags/example_latest_only.py
[2023-09-05T12:41:48.512+0000] {logging_mixin.py:151} INFO - [2023-09-05T12:41:48.512+0000] {dag.py:2907} INFO - Sync 1 DAGs
[2023-09-05T12:41:48.526+0000] {logging_mixin.py:151} INFO - [2023-09-05T12:41:48.526+0000] {dag.py:3677} INFO - Setting next_dagrun for latest_only to 2023-09-05T08:41:48.526471+00:00, run_after=2023-09-05T12:41:48.526471+00:00
[2023-09-05T12:41:48.538+0000] {processor.py:179} INFO - Processing /home/airflow/.local/lib/python3.8/site-packages/airflow/example_dags/example_latest_only.py took 0.053 seconds
[2023-09-05T12:42:19.124+0000] {processor.py:157} INFO - Started process (PID=202) to work on /home/airflow/.local/lib/python3.8/site-packages/airflow/example_dags/example_latest_only.py
[2023-09-05T12:42:19.125+0000] {processor.py:829} INFO - Processing file /home/airflow/.local/lib/python3.8/site-packages/airflow/example_dags/example_latest_only.py for tasks to queue
[2023-09-05T12:42:19.127+0000] {logging_mixin.py:151} INFO - [2023-09-05T12:42:19.127+0000] {dagbag.py:539} INFO - Filling up the DagBag from /home/airflow/.local/lib/python3.8/site-packages/airflow/example_dags/example_latest_only.py
[2023-09-05T12:42:19.131+0000] {processor.py:839} INFO - DAG(s) dict_keys(['latest_only']) retrieved from /home/airflow/.local/lib/python3.8/site-packages/airflow/example_dags/example_latest_only.py
[2023-09-05T12:42:19.149+0000] {logging_mixin.py:151} INFO - [2023-09-05T12:42:19.148+0000] {dag.py:2907} INFO - Sync 1 DAGs
[2023-09-05T12:42:19.162+0000] {logging_mixin.py:151} INFO - [2023-09-05T12:42:19.162+0000] {dag.py:3677} INFO - Setting next_dagrun for latest_only to 2023-09-05T08:42:19.162200+00:00, run_after=2023-09-05T12:42:19.162200+00:00
[2023-09-05T12:42:19.172+0000] {processor.py:179} INFO - Processing /home/airflow/.local/lib/python3.8/site-packages/airflow/example_dags/example_latest_only.py took 0.051 seconds
[2023-09-05T12:42:49.700+0000] {processor.py:157} INFO - Started process (PID=256) to work on /home/airflow/.local/lib/python3.8/site-packages/airflow/example_dags/example_latest_only.py
[2023-09-05T12:42:49.701+0000] {processor.py:829} INFO - Processing file /home/airflow/.local/lib/python3.8/site-packages/airflow/example_dags/example_latest_only.py for tasks to queue
[2023-09-05T12:42:49.703+0000] {logging_mixin.py:151} INFO - [2023-09-05T12:42:49.703+0000] {dagbag.py:539} INFO - Filling up the DagBag from /home/airflow/.local/lib/python3.8/site-packages/airflow/example_dags/example_latest_only.py
[2023-09-05T12:42:49.707+0000] {processor.py:839} INFO - DAG(s) dict_keys(['latest_only']) retrieved from /home/airflow/.local/lib/python3.8/site-packages/airflow/example_dags/example_latest_only.py
[2023-09-05T12:42:49.722+0000] {logging_mixin.py:151} INFO - [2023-09-05T12:42:49.722+0000] {dag.py:2907} INFO - Sync 1 DAGs
[2023-09-05T12:42:49.736+0000] {logging_mixin.py:151} INFO - [2023-09-05T12:42:49.735+0000] {dag.py:3677} INFO - Setting next_dagrun for latest_only to 2023-09-05T08:42:49.735665+00:00, run_after=2023-09-05T12:42:49.735665+00:00
[2023-09-05T12:42:49.746+0000] {processor.py:179} INFO - Processing /home/airflow/.local/lib/python3.8/site-packages/airflow/example_dags/example_latest_only.py took 0.049 seconds
[2023-09-05T12:44:34.407+0000] {processor.py:157} INFO - Started process (PID=39) to work on /home/airflow/.local/lib/python3.8/site-packages/airflow/example_dags/example_latest_only.py
[2023-09-05T12:44:34.409+0000] {processor.py:829} INFO - Processing file /home/airflow/.local/lib/python3.8/site-packages/airflow/example_dags/example_latest_only.py for tasks to queue
[2023-09-05T12:44:34.412+0000] {logging_mixin.py:151} INFO - [2023-09-05T12:44:34.411+0000] {dagbag.py:539} INFO - Filling up the DagBag from /home/airflow/.local/lib/python3.8/site-packages/airflow/example_dags/example_latest_only.py
[2023-09-05T12:44:34.423+0000] {processor.py:839} INFO - DAG(s) dict_keys(['latest_only']) retrieved from /home/airflow/.local/lib/python3.8/site-packages/airflow/example_dags/example_latest_only.py
[2023-09-05T12:44:34.866+0000] {logging_mixin.py:151} INFO - [2023-09-05T12:44:34.866+0000] {manager.py:501} INFO - Created Permission View: can edit on DAG:latest_only
[2023-09-05T12:44:34.874+0000] {logging_mixin.py:151} INFO - [2023-09-05T12:44:34.874+0000] {manager.py:501} INFO - Created Permission View: can read on DAG:latest_only
[2023-09-05T12:44:34.881+0000] {logging_mixin.py:151} INFO - [2023-09-05T12:44:34.881+0000] {manager.py:501} INFO - Created Permission View: can delete on DAG:latest_only
[2023-09-05T12:44:34.890+0000] {logging_mixin.py:151} INFO - [2023-09-05T12:44:34.890+0000] {dag.py:2907} INFO - Sync 1 DAGs
[2023-09-05T12:44:34.900+0000] {logging_mixin.py:151} INFO - [2023-09-05T12:44:34.899+0000] {dag.py:2929} INFO - Creating ORM DAG for latest_only
[2023-09-05T12:44:34.907+0000] {logging_mixin.py:151} INFO - [2023-09-05T12:44:34.907+0000] {dag.py:3677} INFO - Setting next_dagrun for latest_only to 2023-09-05T08:44:34.907293+00:00, run_after=2023-09-05T12:44:34.907293+00:00
[2023-09-05T12:44:34.919+0000] {processor.py:179} INFO - Processing /home/airflow/.local/lib/python3.8/site-packages/airflow/example_dags/example_latest_only.py took 0.516 seconds
[2023-09-05T12:45:05.904+0000] {processor.py:157} INFO - Started process (PID=93) to work on /home/airflow/.local/lib/python3.8/site-packages/airflow/example_dags/example_latest_only.py
[2023-09-05T12:45:05.907+0000] {processor.py:829} INFO - Processing file /home/airflow/.local/lib/python3.8/site-packages/airflow/example_dags/example_latest_only.py for tasks to queue
[2023-09-05T12:45:05.910+0000] {logging_mixin.py:151} INFO - [2023-09-05T12:45:05.910+0000] {dagbag.py:539} INFO - Filling up the DagBag from /home/airflow/.local/lib/python3.8/site-packages/airflow/example_dags/example_latest_only.py
[2023-09-05T12:45:05.917+0000] {processor.py:839} INFO - DAG(s) dict_keys(['latest_only']) retrieved from /home/airflow/.local/lib/python3.8/site-packages/airflow/example_dags/example_latest_only.py
[2023-09-05T12:45:05.936+0000] {logging_mixin.py:151} INFO - [2023-09-05T12:45:05.936+0000] {dag.py:2907} INFO - Sync 1 DAGs
[2023-09-05T12:45:05.949+0000] {logging_mixin.py:151} INFO - [2023-09-05T12:45:05.949+0000] {dag.py:3677} INFO - Setting next_dagrun for latest_only to 2023-09-05T08:45:05.949031+00:00, run_after=2023-09-05T12:45:05.949031+00:00
[2023-09-05T12:45:05.959+0000] {processor.py:179} INFO - Processing /home/airflow/.local/lib/python3.8/site-packages/airflow/example_dags/example_latest_only.py took 0.062 seconds
[2023-09-05T12:45:36.416+0000] {processor.py:157} INFO - Started process (PID=147) to work on /home/airflow/.local/lib/python3.8/site-packages/airflow/example_dags/example_latest_only.py
[2023-09-05T12:45:36.419+0000] {processor.py:829} INFO - Processing file /home/airflow/.local/lib/python3.8/site-packages/airflow/example_dags/example_latest_only.py for tasks to queue
[2023-09-05T12:45:36.423+0000] {logging_mixin.py:151} INFO - [2023-09-05T12:45:36.422+0000] {dagbag.py:539} INFO - Filling up the DagBag from /home/airflow/.local/lib/python3.8/site-packages/airflow/example_dags/example_latest_only.py
[2023-09-05T12:45:36.431+0000] {processor.py:839} INFO - DAG(s) dict_keys(['latest_only']) retrieved from /home/airflow/.local/lib/python3.8/site-packages/airflow/example_dags/example_latest_only.py
[2023-09-05T12:45:36.451+0000] {logging_mixin.py:151} INFO - [2023-09-05T12:45:36.451+0000] {dag.py:2907} INFO - Sync 1 DAGs
[2023-09-05T12:45:36.464+0000] {logging_mixin.py:151} INFO - [2023-09-05T12:45:36.464+0000] {dag.py:3677} INFO - Setting next_dagrun for latest_only to 2023-09-05T08:45:36.464412+00:00, run_after=2023-09-05T12:45:36.464412+00:00
[2023-09-05T12:45:36.474+0000] {processor.py:179} INFO - Processing /home/airflow/.local/lib/python3.8/site-packages/airflow/example_dags/example_latest_only.py took 0.066 seconds
