[2023-09-05T12:33:39.928+0000] {processor.py:157} INFO - Started process (PID=39) to work on /home/airflow/.local/lib/python3.8/site-packages/airflow/example_dags/example_datasets.py
[2023-09-05T12:33:39.930+0000] {processor.py:829} INFO - Processing file /home/airflow/.local/lib/python3.8/site-packages/airflow/example_dags/example_datasets.py for tasks to queue
[2023-09-05T12:33:39.932+0000] {logging_mixin.py:151} INFO - [2023-09-05T12:33:39.932+0000] {dagbag.py:539} INFO - Filling up the DagBag from /home/airflow/.local/lib/python3.8/site-packages/airflow/example_dags/example_datasets.py
[2023-09-05T12:33:39.945+0000] {processor.py:839} INFO - DAG(s) dict_keys(['dataset_consumes_1_and_2', 'dataset_consumes_unknown_never_scheduled', 'dataset_produces_1', 'dataset_consumes_1', 'dataset_consumes_1_never_scheduled', 'dataset_produces_2']) retrieved from /home/airflow/.local/lib/python3.8/site-packages/airflow/example_dags/example_datasets.py
[2023-09-05T12:33:40.101+0000] {logging_mixin.py:151} INFO - [2023-09-05T12:33:40.101+0000] {dag.py:2907} INFO - Sync 6 DAGs
[2023-09-05T12:33:40.121+0000] {logging_mixin.py:151} INFO - [2023-09-05T12:33:40.120+0000] {dag.py:3677} INFO - Setting next_dagrun for dataset_consumes_1 to None, run_after=None
[2023-09-05T12:33:40.124+0000] {logging_mixin.py:151} INFO - [2023-09-05T12:33:40.124+0000] {dag.py:3677} INFO - Setting next_dagrun for dataset_consumes_1_and_2 to None, run_after=None
[2023-09-05T12:33:40.125+0000] {logging_mixin.py:151} INFO - [2023-09-05T12:33:40.125+0000] {dag.py:3677} INFO - Setting next_dagrun for dataset_consumes_1_never_scheduled to None, run_after=None
[2023-09-05T12:33:40.126+0000] {logging_mixin.py:151} INFO - [2023-09-05T12:33:40.126+0000] {dag.py:3677} INFO - Setting next_dagrun for dataset_consumes_unknown_never_scheduled to None, run_after=None
[2023-09-05T12:33:40.128+0000] {logging_mixin.py:151} INFO - [2023-09-05T12:33:40.128+0000] {dag.py:3677} INFO - Setting next_dagrun for dataset_produces_1 to 2023-09-04T00:00:00+00:00, run_after=2023-09-05T00:00:00+00:00
[2023-09-05T12:33:40.130+0000] {logging_mixin.py:151} INFO - [2023-09-05T12:33:40.130+0000] {dag.py:3677} INFO - Setting next_dagrun for dataset_produces_2 to None, run_after=None
[2023-09-05T12:33:40.148+0000] {processor.py:179} INFO - Processing /home/airflow/.local/lib/python3.8/site-packages/airflow/example_dags/example_datasets.py took 0.223 seconds
[2023-09-05T12:34:10.796+0000] {processor.py:157} INFO - Started process (PID=94) to work on /home/airflow/.local/lib/python3.8/site-packages/airflow/example_dags/example_datasets.py
[2023-09-05T12:34:10.797+0000] {processor.py:829} INFO - Processing file /home/airflow/.local/lib/python3.8/site-packages/airflow/example_dags/example_datasets.py for tasks to queue
[2023-09-05T12:34:10.799+0000] {logging_mixin.py:151} INFO - [2023-09-05T12:34:10.799+0000] {dagbag.py:539} INFO - Filling up the DagBag from /home/airflow/.local/lib/python3.8/site-packages/airflow/example_dags/example_datasets.py
[2023-09-05T12:34:10.807+0000] {processor.py:839} INFO - DAG(s) dict_keys(['dataset_produces_1', 'dataset_consumes_1', 'dataset_consumes_unknown_never_scheduled', 'dataset_consumes_1_and_2', 'dataset_consumes_1_never_scheduled', 'dataset_produces_2']) retrieved from /home/airflow/.local/lib/python3.8/site-packages/airflow/example_dags/example_datasets.py
[2023-09-05T12:34:10.830+0000] {logging_mixin.py:151} INFO - [2023-09-05T12:34:10.830+0000] {dag.py:2907} INFO - Sync 6 DAGs
[2023-09-05T12:34:10.843+0000] {logging_mixin.py:151} INFO - [2023-09-05T12:34:10.843+0000] {dag.py:3677} INFO - Setting next_dagrun for dataset_consumes_1 to None, run_after=None
[2023-09-05T12:34:10.846+0000] {logging_mixin.py:151} INFO - [2023-09-05T12:34:10.845+0000] {dag.py:3677} INFO - Setting next_dagrun for dataset_consumes_1_and_2 to None, run_after=None
[2023-09-05T12:34:10.847+0000] {logging_mixin.py:151} INFO - [2023-09-05T12:34:10.847+0000] {dag.py:3677} INFO - Setting next_dagrun for dataset_consumes_1_never_scheduled to None, run_after=None
[2023-09-05T12:34:10.848+0000] {logging_mixin.py:151} INFO - [2023-09-05T12:34:10.848+0000] {dag.py:3677} INFO - Setting next_dagrun for dataset_consumes_unknown_never_scheduled to None, run_after=None
[2023-09-05T12:34:10.851+0000] {logging_mixin.py:151} INFO - [2023-09-05T12:34:10.850+0000] {dag.py:3677} INFO - Setting next_dagrun for dataset_produces_1 to 2023-09-04T00:00:00+00:00, run_after=2023-09-05T00:00:00+00:00
[2023-09-05T12:34:10.852+0000] {logging_mixin.py:151} INFO - [2023-09-05T12:34:10.852+0000] {dag.py:3677} INFO - Setting next_dagrun for dataset_produces_2 to None, run_after=None
[2023-09-05T12:34:10.871+0000] {processor.py:179} INFO - Processing /home/airflow/.local/lib/python3.8/site-packages/airflow/example_dags/example_datasets.py took 0.078 seconds
[2023-09-05T12:34:40.920+0000] {processor.py:157} INFO - Started process (PID=148) to work on /home/airflow/.local/lib/python3.8/site-packages/airflow/example_dags/example_datasets.py
[2023-09-05T12:34:40.921+0000] {processor.py:829} INFO - Processing file /home/airflow/.local/lib/python3.8/site-packages/airflow/example_dags/example_datasets.py for tasks to queue
[2023-09-05T12:34:40.923+0000] {logging_mixin.py:151} INFO - [2023-09-05T12:34:40.923+0000] {dagbag.py:539} INFO - Filling up the DagBag from /home/airflow/.local/lib/python3.8/site-packages/airflow/example_dags/example_datasets.py
[2023-09-05T12:34:40.930+0000] {processor.py:839} INFO - DAG(s) dict_keys(['dataset_consumes_1', 'dataset_produces_1', 'dataset_consumes_1_never_scheduled', 'dataset_consumes_unknown_never_scheduled', 'dataset_produces_2', 'dataset_consumes_1_and_2']) retrieved from /home/airflow/.local/lib/python3.8/site-packages/airflow/example_dags/example_datasets.py
[2023-09-05T12:34:40.953+0000] {logging_mixin.py:151} INFO - [2023-09-05T12:34:40.953+0000] {dag.py:2907} INFO - Sync 6 DAGs
[2023-09-05T12:34:40.967+0000] {logging_mixin.py:151} INFO - [2023-09-05T12:34:40.967+0000] {dag.py:3677} INFO - Setting next_dagrun for dataset_consumes_1 to None, run_after=None
[2023-09-05T12:34:40.969+0000] {logging_mixin.py:151} INFO - [2023-09-05T12:34:40.969+0000] {dag.py:3677} INFO - Setting next_dagrun for dataset_consumes_1_and_2 to None, run_after=None
[2023-09-05T12:34:40.971+0000] {logging_mixin.py:151} INFO - [2023-09-05T12:34:40.971+0000] {dag.py:3677} INFO - Setting next_dagrun for dataset_consumes_1_never_scheduled to None, run_after=None
[2023-09-05T12:34:40.972+0000] {logging_mixin.py:151} INFO - [2023-09-05T12:34:40.972+0000] {dag.py:3677} INFO - Setting next_dagrun for dataset_consumes_unknown_never_scheduled to None, run_after=None
[2023-09-05T12:34:40.974+0000] {logging_mixin.py:151} INFO - [2023-09-05T12:34:40.974+0000] {dag.py:3677} INFO - Setting next_dagrun for dataset_produces_1 to 2023-09-04T00:00:00+00:00, run_after=2023-09-05T00:00:00+00:00
[2023-09-05T12:34:40.975+0000] {logging_mixin.py:151} INFO - [2023-09-05T12:34:40.975+0000] {dag.py:3677} INFO - Setting next_dagrun for dataset_produces_2 to None, run_after=None
[2023-09-05T12:34:40.993+0000] {processor.py:179} INFO - Processing /home/airflow/.local/lib/python3.8/site-packages/airflow/example_dags/example_datasets.py took 0.076 seconds
[2023-09-05T12:40:46.866+0000] {processor.py:157} INFO - Started process (PID=39) to work on /home/airflow/.local/lib/python3.8/site-packages/airflow/example_dags/example_datasets.py
[2023-09-05T12:40:46.868+0000] {processor.py:829} INFO - Processing file /home/airflow/.local/lib/python3.8/site-packages/airflow/example_dags/example_datasets.py for tasks to queue
[2023-09-05T12:40:46.870+0000] {logging_mixin.py:151} INFO - [2023-09-05T12:40:46.870+0000] {dagbag.py:539} INFO - Filling up the DagBag from /home/airflow/.local/lib/python3.8/site-packages/airflow/example_dags/example_datasets.py
[2023-09-05T12:40:46.885+0000] {processor.py:839} INFO - DAG(s) dict_keys(['dataset_produces_2', 'dataset_consumes_1_and_2', 'dataset_consumes_unknown_never_scheduled', 'dataset_produces_1', 'dataset_consumes_1_never_scheduled', 'dataset_consumes_1']) retrieved from /home/airflow/.local/lib/python3.8/site-packages/airflow/example_dags/example_datasets.py
[2023-09-05T12:40:47.085+0000] {logging_mixin.py:151} INFO - [2023-09-05T12:40:47.084+0000] {manager.py:501} INFO - Created Permission View: can read on DAG:dataset_produces_2
[2023-09-05T12:40:47.096+0000] {logging_mixin.py:151} INFO - [2023-09-05T12:40:47.096+0000] {manager.py:501} INFO - Created Permission View: can edit on DAG:dataset_produces_2
[2023-09-05T12:40:47.100+0000] {logging_mixin.py:151} INFO - [2023-09-05T12:40:47.100+0000] {manager.py:501} INFO - Created Permission View: can delete on DAG:dataset_produces_2
[2023-09-05T12:40:47.118+0000] {logging_mixin.py:151} INFO - [2023-09-05T12:40:47.118+0000] {manager.py:501} INFO - Created Permission View: can read on DAG:dataset_consumes_1_and_2
[2023-09-05T12:40:47.122+0000] {logging_mixin.py:151} INFO - [2023-09-05T12:40:47.122+0000] {manager.py:501} INFO - Created Permission View: can edit on DAG:dataset_consumes_1_and_2
[2023-09-05T12:40:47.127+0000] {logging_mixin.py:151} INFO - [2023-09-05T12:40:47.126+0000] {manager.py:501} INFO - Created Permission View: can delete on DAG:dataset_consumes_1_and_2
[2023-09-05T12:40:47.140+0000] {logging_mixin.py:151} INFO - [2023-09-05T12:40:47.140+0000] {manager.py:501} INFO - Created Permission View: can read on DAG:dataset_consumes_unknown_never_scheduled
[2023-09-05T12:40:47.144+0000] {logging_mixin.py:151} INFO - [2023-09-05T12:40:47.144+0000] {manager.py:501} INFO - Created Permission View: can edit on DAG:dataset_consumes_unknown_never_scheduled
[2023-09-05T12:40:47.148+0000] {logging_mixin.py:151} INFO - [2023-09-05T12:40:47.148+0000] {manager.py:501} INFO - Created Permission View: can delete on DAG:dataset_consumes_unknown_never_scheduled
[2023-09-05T12:40:47.162+0000] {logging_mixin.py:151} INFO - [2023-09-05T12:40:47.162+0000] {manager.py:501} INFO - Created Permission View: can read on DAG:dataset_produces_1
[2023-09-05T12:40:47.168+0000] {logging_mixin.py:151} INFO - [2023-09-05T12:40:47.167+0000] {manager.py:501} INFO - Created Permission View: can edit on DAG:dataset_produces_1
[2023-09-05T12:40:47.179+0000] {logging_mixin.py:151} INFO - [2023-09-05T12:40:47.179+0000] {manager.py:501} INFO - Created Permission View: can delete on DAG:dataset_produces_1
[2023-09-05T12:40:47.205+0000] {logging_mixin.py:151} INFO - [2023-09-05T12:40:47.205+0000] {manager.py:501} INFO - Created Permission View: can read on DAG:dataset_consumes_1_never_scheduled
[2023-09-05T12:40:47.209+0000] {logging_mixin.py:151} INFO - [2023-09-05T12:40:47.209+0000] {manager.py:501} INFO - Created Permission View: can edit on DAG:dataset_consumes_1_never_scheduled
[2023-09-05T12:40:47.213+0000] {logging_mixin.py:151} INFO - [2023-09-05T12:40:47.213+0000] {manager.py:501} INFO - Created Permission View: can delete on DAG:dataset_consumes_1_never_scheduled
[2023-09-05T12:40:47.234+0000] {logging_mixin.py:151} INFO - [2023-09-05T12:40:47.234+0000] {manager.py:501} INFO - Created Permission View: can read on DAG:dataset_consumes_1
[2023-09-05T12:40:47.238+0000] {logging_mixin.py:151} INFO - [2023-09-05T12:40:47.237+0000] {manager.py:501} INFO - Created Permission View: can edit on DAG:dataset_consumes_1
[2023-09-05T12:40:47.241+0000] {logging_mixin.py:151} INFO - [2023-09-05T12:40:47.241+0000] {manager.py:501} INFO - Created Permission View: can delete on DAG:dataset_consumes_1
[2023-09-05T12:40:47.245+0000] {logging_mixin.py:151} INFO - [2023-09-05T12:40:47.245+0000] {dag.py:2907} INFO - Sync 6 DAGs
[2023-09-05T12:40:47.251+0000] {logging_mixin.py:151} INFO - [2023-09-05T12:40:47.251+0000] {dag.py:2929} INFO - Creating ORM DAG for dataset_produces_2
[2023-09-05T12:40:47.252+0000] {logging_mixin.py:151} INFO - [2023-09-05T12:40:47.252+0000] {dag.py:2929} INFO - Creating ORM DAG for dataset_consumes_unknown_never_scheduled
[2023-09-05T12:40:47.252+0000] {logging_mixin.py:151} INFO - [2023-09-05T12:40:47.252+0000] {dag.py:2929} INFO - Creating ORM DAG for dataset_consumes_1_never_scheduled
[2023-09-05T12:40:47.253+0000] {logging_mixin.py:151} INFO - [2023-09-05T12:40:47.253+0000] {dag.py:2929} INFO - Creating ORM DAG for dataset_produces_1
[2023-09-05T12:40:47.254+0000] {logging_mixin.py:151} INFO - [2023-09-05T12:40:47.254+0000] {dag.py:2929} INFO - Creating ORM DAG for dataset_consumes_1
[2023-09-05T12:40:47.254+0000] {logging_mixin.py:151} INFO - [2023-09-05T12:40:47.254+0000] {dag.py:2929} INFO - Creating ORM DAG for dataset_consumes_1_and_2
[2023-09-05T12:40:47.262+0000] {logging_mixin.py:151} INFO - [2023-09-05T12:40:47.262+0000] {dag.py:3677} INFO - Setting next_dagrun for dataset_consumes_1 to None, run_after=None
[2023-09-05T12:40:47.262+0000] {logging_mixin.py:151} INFO - [2023-09-05T12:40:47.262+0000] {dag.py:3677} INFO - Setting next_dagrun for dataset_consumes_1_and_2 to None, run_after=None
[2023-09-05T12:40:47.263+0000] {logging_mixin.py:151} INFO - [2023-09-05T12:40:47.263+0000] {dag.py:3677} INFO - Setting next_dagrun for dataset_consumes_1_never_scheduled to None, run_after=None
[2023-09-05T12:40:47.264+0000] {logging_mixin.py:151} INFO - [2023-09-05T12:40:47.264+0000] {dag.py:3677} INFO - Setting next_dagrun for dataset_consumes_unknown_never_scheduled to None, run_after=None
[2023-09-05T12:40:47.266+0000] {logging_mixin.py:151} INFO - [2023-09-05T12:40:47.266+0000] {dag.py:3677} INFO - Setting next_dagrun for dataset_produces_1 to 2023-09-04T00:00:00+00:00, run_after=2023-09-05T00:00:00+00:00
[2023-09-05T12:40:47.270+0000] {logging_mixin.py:151} INFO - [2023-09-05T12:40:47.270+0000] {dag.py:3677} INFO - Setting next_dagrun for dataset_produces_2 to None, run_after=None
[2023-09-05T12:40:47.341+0000] {processor.py:179} INFO - Processing /home/airflow/.local/lib/python3.8/site-packages/airflow/example_dags/example_datasets.py took 0.478 seconds
[2023-09-05T12:41:17.876+0000] {processor.py:157} INFO - Started process (PID=93) to work on /home/airflow/.local/lib/python3.8/site-packages/airflow/example_dags/example_datasets.py
[2023-09-05T12:41:17.877+0000] {processor.py:829} INFO - Processing file /home/airflow/.local/lib/python3.8/site-packages/airflow/example_dags/example_datasets.py for tasks to queue
[2023-09-05T12:41:17.879+0000] {logging_mixin.py:151} INFO - [2023-09-05T12:41:17.879+0000] {dagbag.py:539} INFO - Filling up the DagBag from /home/airflow/.local/lib/python3.8/site-packages/airflow/example_dags/example_datasets.py
[2023-09-05T12:41:17.887+0000] {processor.py:839} INFO - DAG(s) dict_keys(['dataset_consumes_1_never_scheduled', 'dataset_consumes_1_and_2', 'dataset_produces_2', 'dataset_produces_1', 'dataset_consumes_unknown_never_scheduled', 'dataset_consumes_1']) retrieved from /home/airflow/.local/lib/python3.8/site-packages/airflow/example_dags/example_datasets.py
[2023-09-05T12:41:17.911+0000] {logging_mixin.py:151} INFO - [2023-09-05T12:41:17.911+0000] {dag.py:2907} INFO - Sync 6 DAGs
[2023-09-05T12:41:17.924+0000] {logging_mixin.py:151} INFO - [2023-09-05T12:41:17.924+0000] {dag.py:3677} INFO - Setting next_dagrun for dataset_consumes_1 to None, run_after=None
[2023-09-05T12:41:17.926+0000] {logging_mixin.py:151} INFO - [2023-09-05T12:41:17.926+0000] {dag.py:3677} INFO - Setting next_dagrun for dataset_consumes_1_and_2 to None, run_after=None
[2023-09-05T12:41:17.927+0000] {logging_mixin.py:151} INFO - [2023-09-05T12:41:17.927+0000] {dag.py:3677} INFO - Setting next_dagrun for dataset_consumes_1_never_scheduled to None, run_after=None
[2023-09-05T12:41:17.928+0000] {logging_mixin.py:151} INFO - [2023-09-05T12:41:17.928+0000] {dag.py:3677} INFO - Setting next_dagrun for dataset_consumes_unknown_never_scheduled to None, run_after=None
[2023-09-05T12:41:17.930+0000] {logging_mixin.py:151} INFO - [2023-09-05T12:41:17.930+0000] {dag.py:3677} INFO - Setting next_dagrun for dataset_produces_1 to 2023-09-04T00:00:00+00:00, run_after=2023-09-05T00:00:00+00:00
[2023-09-05T12:41:17.932+0000] {logging_mixin.py:151} INFO - [2023-09-05T12:41:17.931+0000] {dag.py:3677} INFO - Setting next_dagrun for dataset_produces_2 to None, run_after=None
[2023-09-05T12:41:17.950+0000] {processor.py:179} INFO - Processing /home/airflow/.local/lib/python3.8/site-packages/airflow/example_dags/example_datasets.py took 0.077 seconds
[2023-09-05T12:41:48.484+0000] {processor.py:157} INFO - Started process (PID=147) to work on /home/airflow/.local/lib/python3.8/site-packages/airflow/example_dags/example_datasets.py
[2023-09-05T12:41:48.485+0000] {processor.py:829} INFO - Processing file /home/airflow/.local/lib/python3.8/site-packages/airflow/example_dags/example_datasets.py for tasks to queue
[2023-09-05T12:41:48.487+0000] {logging_mixin.py:151} INFO - [2023-09-05T12:41:48.487+0000] {dagbag.py:539} INFO - Filling up the DagBag from /home/airflow/.local/lib/python3.8/site-packages/airflow/example_dags/example_datasets.py
[2023-09-05T12:41:48.494+0000] {processor.py:839} INFO - DAG(s) dict_keys(['dataset_consumes_1_and_2', 'dataset_consumes_1_never_scheduled', 'dataset_produces_2', 'dataset_consumes_1', 'dataset_consumes_unknown_never_scheduled', 'dataset_produces_1']) retrieved from /home/airflow/.local/lib/python3.8/site-packages/airflow/example_dags/example_datasets.py
[2023-09-05T12:41:48.519+0000] {logging_mixin.py:151} INFO - [2023-09-05T12:41:48.519+0000] {dag.py:2907} INFO - Sync 6 DAGs
[2023-09-05T12:41:48.533+0000] {logging_mixin.py:151} INFO - [2023-09-05T12:41:48.533+0000] {dag.py:3677} INFO - Setting next_dagrun for dataset_consumes_1 to None, run_after=None
[2023-09-05T12:41:48.536+0000] {logging_mixin.py:151} INFO - [2023-09-05T12:41:48.535+0000] {dag.py:3677} INFO - Setting next_dagrun for dataset_consumes_1_and_2 to None, run_after=None
[2023-09-05T12:41:48.537+0000] {logging_mixin.py:151} INFO - [2023-09-05T12:41:48.537+0000] {dag.py:3677} INFO - Setting next_dagrun for dataset_consumes_1_never_scheduled to None, run_after=None
[2023-09-05T12:41:48.538+0000] {logging_mixin.py:151} INFO - [2023-09-05T12:41:48.538+0000] {dag.py:3677} INFO - Setting next_dagrun for dataset_consumes_unknown_never_scheduled to None, run_after=None
[2023-09-05T12:41:48.541+0000] {logging_mixin.py:151} INFO - [2023-09-05T12:41:48.541+0000] {dag.py:3677} INFO - Setting next_dagrun for dataset_produces_1 to 2023-09-04T00:00:00+00:00, run_after=2023-09-05T00:00:00+00:00
[2023-09-05T12:41:48.543+0000] {logging_mixin.py:151} INFO - [2023-09-05T12:41:48.542+0000] {dag.py:3677} INFO - Setting next_dagrun for dataset_produces_2 to None, run_after=None
[2023-09-05T12:41:48.563+0000] {processor.py:179} INFO - Processing /home/airflow/.local/lib/python3.8/site-packages/airflow/example_dags/example_datasets.py took 0.082 seconds
[2023-09-05T12:42:19.059+0000] {processor.py:157} INFO - Started process (PID=201) to work on /home/airflow/.local/lib/python3.8/site-packages/airflow/example_dags/example_datasets.py
[2023-09-05T12:42:19.061+0000] {processor.py:829} INFO - Processing file /home/airflow/.local/lib/python3.8/site-packages/airflow/example_dags/example_datasets.py for tasks to queue
[2023-09-05T12:42:19.063+0000] {logging_mixin.py:151} INFO - [2023-09-05T12:42:19.062+0000] {dagbag.py:539} INFO - Filling up the DagBag from /home/airflow/.local/lib/python3.8/site-packages/airflow/example_dags/example_datasets.py
[2023-09-05T12:42:19.070+0000] {processor.py:839} INFO - DAG(s) dict_keys(['dataset_produces_2', 'dataset_consumes_1_never_scheduled', 'dataset_consumes_1', 'dataset_consumes_1_and_2', 'dataset_produces_1', 'dataset_consumes_unknown_never_scheduled']) retrieved from /home/airflow/.local/lib/python3.8/site-packages/airflow/example_dags/example_datasets.py
[2023-09-05T12:42:19.094+0000] {logging_mixin.py:151} INFO - [2023-09-05T12:42:19.094+0000] {dag.py:2907} INFO - Sync 6 DAGs
[2023-09-05T12:42:19.108+0000] {logging_mixin.py:151} INFO - [2023-09-05T12:42:19.108+0000] {dag.py:3677} INFO - Setting next_dagrun for dataset_consumes_1 to None, run_after=None
[2023-09-05T12:42:19.110+0000] {logging_mixin.py:151} INFO - [2023-09-05T12:42:19.110+0000] {dag.py:3677} INFO - Setting next_dagrun for dataset_consumes_1_and_2 to None, run_after=None
[2023-09-05T12:42:19.112+0000] {logging_mixin.py:151} INFO - [2023-09-05T12:42:19.112+0000] {dag.py:3677} INFO - Setting next_dagrun for dataset_consumes_1_never_scheduled to None, run_after=None
[2023-09-05T12:42:19.113+0000] {logging_mixin.py:151} INFO - [2023-09-05T12:42:19.113+0000] {dag.py:3677} INFO - Setting next_dagrun for dataset_consumes_unknown_never_scheduled to None, run_after=None
[2023-09-05T12:42:19.115+0000] {logging_mixin.py:151} INFO - [2023-09-05T12:42:19.115+0000] {dag.py:3677} INFO - Setting next_dagrun for dataset_produces_1 to 2023-09-04T00:00:00+00:00, run_after=2023-09-05T00:00:00+00:00
[2023-09-05T12:42:19.119+0000] {logging_mixin.py:151} INFO - [2023-09-05T12:42:19.119+0000] {dag.py:3677} INFO - Setting next_dagrun for dataset_produces_2 to None, run_after=None
[2023-09-05T12:42:19.136+0000] {processor.py:179} INFO - Processing /home/airflow/.local/lib/python3.8/site-packages/airflow/example_dags/example_datasets.py took 0.079 seconds
[2023-09-05T12:42:49.696+0000] {processor.py:157} INFO - Started process (PID=255) to work on /home/airflow/.local/lib/python3.8/site-packages/airflow/example_dags/example_datasets.py
[2023-09-05T12:42:49.697+0000] {processor.py:829} INFO - Processing file /home/airflow/.local/lib/python3.8/site-packages/airflow/example_dags/example_datasets.py for tasks to queue
[2023-09-05T12:42:49.699+0000] {logging_mixin.py:151} INFO - [2023-09-05T12:42:49.699+0000] {dagbag.py:539} INFO - Filling up the DagBag from /home/airflow/.local/lib/python3.8/site-packages/airflow/example_dags/example_datasets.py
[2023-09-05T12:42:49.706+0000] {processor.py:839} INFO - DAG(s) dict_keys(['dataset_consumes_1', 'dataset_consumes_1_never_scheduled', 'dataset_consumes_unknown_never_scheduled', 'dataset_consumes_1_and_2', 'dataset_produces_2', 'dataset_produces_1']) retrieved from /home/airflow/.local/lib/python3.8/site-packages/airflow/example_dags/example_datasets.py
[2023-09-05T12:42:49.730+0000] {logging_mixin.py:151} INFO - [2023-09-05T12:42:49.730+0000] {dag.py:2907} INFO - Sync 6 DAGs
[2023-09-05T12:42:49.744+0000] {logging_mixin.py:151} INFO - [2023-09-05T12:42:49.744+0000] {dag.py:3677} INFO - Setting next_dagrun for dataset_consumes_1 to None, run_after=None
[2023-09-05T12:42:49.746+0000] {logging_mixin.py:151} INFO - [2023-09-05T12:42:49.746+0000] {dag.py:3677} INFO - Setting next_dagrun for dataset_consumes_1_and_2 to None, run_after=None
[2023-09-05T12:42:49.752+0000] {logging_mixin.py:151} INFO - [2023-09-05T12:42:49.751+0000] {dag.py:3677} INFO - Setting next_dagrun for dataset_consumes_1_never_scheduled to None, run_after=None
[2023-09-05T12:42:49.753+0000] {logging_mixin.py:151} INFO - [2023-09-05T12:42:49.753+0000] {dag.py:3677} INFO - Setting next_dagrun for dataset_consumes_unknown_never_scheduled to None, run_after=None
[2023-09-05T12:42:49.756+0000] {logging_mixin.py:151} INFO - [2023-09-05T12:42:49.756+0000] {dag.py:3677} INFO - Setting next_dagrun for dataset_produces_1 to 2023-09-04T00:00:00+00:00, run_after=2023-09-05T00:00:00+00:00
[2023-09-05T12:42:49.757+0000] {logging_mixin.py:151} INFO - [2023-09-05T12:42:49.757+0000] {dag.py:3677} INFO - Setting next_dagrun for dataset_produces_2 to None, run_after=None
[2023-09-05T12:42:49.774+0000] {processor.py:179} INFO - Processing /home/airflow/.local/lib/python3.8/site-packages/airflow/example_dags/example_datasets.py took 0.081 seconds
[2023-09-05T12:44:33.993+0000] {processor.py:157} INFO - Started process (PID=38) to work on /home/airflow/.local/lib/python3.8/site-packages/airflow/example_dags/example_datasets.py
[2023-09-05T12:44:33.994+0000] {processor.py:829} INFO - Processing file /home/airflow/.local/lib/python3.8/site-packages/airflow/example_dags/example_datasets.py for tasks to queue
[2023-09-05T12:44:33.997+0000] {logging_mixin.py:151} INFO - [2023-09-05T12:44:33.996+0000] {dagbag.py:539} INFO - Filling up the DagBag from /home/airflow/.local/lib/python3.8/site-packages/airflow/example_dags/example_datasets.py
[2023-09-05T12:44:34.017+0000] {processor.py:839} INFO - DAG(s) dict_keys(['dataset_consumes_unknown_never_scheduled', 'dataset_consumes_1', 'dataset_consumes_1_and_2', 'dataset_produces_2', 'dataset_consumes_1_never_scheduled', 'dataset_produces_1']) retrieved from /home/airflow/.local/lib/python3.8/site-packages/airflow/example_dags/example_datasets.py
[2023-09-05T12:44:34.379+0000] {logging_mixin.py:151} INFO - [2023-09-05T12:44:34.379+0000] {manager.py:501} INFO - Created Permission View: can edit on DAG:dataset_consumes_unknown_never_scheduled
[2023-09-05T12:44:34.387+0000] {logging_mixin.py:151} INFO - [2023-09-05T12:44:34.387+0000] {manager.py:501} INFO - Created Permission View: can read on DAG:dataset_consumes_unknown_never_scheduled
[2023-09-05T12:44:34.399+0000] {logging_mixin.py:151} INFO - [2023-09-05T12:44:34.399+0000] {manager.py:501} INFO - Created Permission View: can delete on DAG:dataset_consumes_unknown_never_scheduled
[2023-09-05T12:44:34.448+0000] {logging_mixin.py:151} INFO - [2023-09-05T12:44:34.448+0000] {manager.py:501} INFO - Created Permission View: can edit on DAG:dataset_consumes_1
[2023-09-05T12:44:34.458+0000] {logging_mixin.py:151} INFO - [2023-09-05T12:44:34.458+0000] {manager.py:501} INFO - Created Permission View: can read on DAG:dataset_consumes_1
[2023-09-05T12:44:34.469+0000] {logging_mixin.py:151} INFO - [2023-09-05T12:44:34.469+0000] {manager.py:501} INFO - Created Permission View: can delete on DAG:dataset_consumes_1
[2023-09-05T12:44:34.495+0000] {logging_mixin.py:151} INFO - [2023-09-05T12:44:34.495+0000] {manager.py:501} INFO - Created Permission View: can edit on DAG:dataset_consumes_1_and_2
[2023-09-05T12:44:34.501+0000] {logging_mixin.py:151} INFO - [2023-09-05T12:44:34.500+0000] {manager.py:501} INFO - Created Permission View: can read on DAG:dataset_consumes_1_and_2
[2023-09-05T12:44:34.516+0000] {logging_mixin.py:151} INFO - [2023-09-05T12:44:34.516+0000] {manager.py:501} INFO - Created Permission View: can delete on DAG:dataset_consumes_1_and_2
[2023-09-05T12:44:34.553+0000] {logging_mixin.py:151} INFO - [2023-09-05T12:44:34.552+0000] {manager.py:501} INFO - Created Permission View: can edit on DAG:dataset_produces_2
[2023-09-05T12:44:34.560+0000] {logging_mixin.py:151} INFO - [2023-09-05T12:44:34.560+0000] {manager.py:501} INFO - Created Permission View: can read on DAG:dataset_produces_2
[2023-09-05T12:44:34.565+0000] {logging_mixin.py:151} INFO - [2023-09-05T12:44:34.565+0000] {manager.py:501} INFO - Created Permission View: can delete on DAG:dataset_produces_2
[2023-09-05T12:44:34.582+0000] {logging_mixin.py:151} INFO - [2023-09-05T12:44:34.582+0000] {manager.py:501} INFO - Created Permission View: can edit on DAG:dataset_consumes_1_never_scheduled
[2023-09-05T12:44:34.590+0000] {logging_mixin.py:151} INFO - [2023-09-05T12:44:34.589+0000] {manager.py:501} INFO - Created Permission View: can read on DAG:dataset_consumes_1_never_scheduled
[2023-09-05T12:44:34.597+0000] {logging_mixin.py:151} INFO - [2023-09-05T12:44:34.597+0000] {manager.py:501} INFO - Created Permission View: can delete on DAG:dataset_consumes_1_never_scheduled
[2023-09-05T12:44:34.613+0000] {logging_mixin.py:151} INFO - [2023-09-05T12:44:34.613+0000] {manager.py:501} INFO - Created Permission View: can edit on DAG:dataset_produces_1
[2023-09-05T12:44:34.620+0000] {logging_mixin.py:151} INFO - [2023-09-05T12:44:34.619+0000] {manager.py:501} INFO - Created Permission View: can read on DAG:dataset_produces_1
[2023-09-05T12:44:34.624+0000] {logging_mixin.py:151} INFO - [2023-09-05T12:44:34.624+0000] {manager.py:501} INFO - Created Permission View: can delete on DAG:dataset_produces_1
[2023-09-05T12:44:34.630+0000] {logging_mixin.py:151} INFO - [2023-09-05T12:44:34.630+0000] {dag.py:2907} INFO - Sync 6 DAGs
[2023-09-05T12:44:34.641+0000] {logging_mixin.py:151} INFO - [2023-09-05T12:44:34.640+0000] {dag.py:2929} INFO - Creating ORM DAG for dataset_produces_1
[2023-09-05T12:44:34.643+0000] {logging_mixin.py:151} INFO - [2023-09-05T12:44:34.642+0000] {dag.py:2929} INFO - Creating ORM DAG for dataset_consumes_1_and_2
[2023-09-05T12:44:34.644+0000] {logging_mixin.py:151} INFO - [2023-09-05T12:44:34.644+0000] {dag.py:2929} INFO - Creating ORM DAG for dataset_produces_2
[2023-09-05T12:44:34.645+0000] {logging_mixin.py:151} INFO - [2023-09-05T12:44:34.645+0000] {dag.py:2929} INFO - Creating ORM DAG for dataset_consumes_unknown_never_scheduled
[2023-09-05T12:44:34.647+0000] {logging_mixin.py:151} INFO - [2023-09-05T12:44:34.647+0000] {dag.py:2929} INFO - Creating ORM DAG for dataset_consumes_1
[2023-09-05T12:44:34.648+0000] {logging_mixin.py:151} INFO - [2023-09-05T12:44:34.648+0000] {dag.py:2929} INFO - Creating ORM DAG for dataset_consumes_1_never_scheduled
[2023-09-05T12:44:34.659+0000] {logging_mixin.py:151} INFO - [2023-09-05T12:44:34.658+0000] {dag.py:3677} INFO - Setting next_dagrun for dataset_consumes_1 to None, run_after=None
[2023-09-05T12:44:34.660+0000] {logging_mixin.py:151} INFO - [2023-09-05T12:44:34.660+0000] {dag.py:3677} INFO - Setting next_dagrun for dataset_consumes_1_and_2 to None, run_after=None
[2023-09-05T12:44:34.661+0000] {logging_mixin.py:151} INFO - [2023-09-05T12:44:34.661+0000] {dag.py:3677} INFO - Setting next_dagrun for dataset_consumes_1_never_scheduled to None, run_after=None
[2023-09-05T12:44:34.662+0000] {logging_mixin.py:151} INFO - [2023-09-05T12:44:34.662+0000] {dag.py:3677} INFO - Setting next_dagrun for dataset_consumes_unknown_never_scheduled to None, run_after=None
[2023-09-05T12:44:34.679+0000] {logging_mixin.py:151} INFO - [2023-09-05T12:44:34.671+0000] {dag.py:3677} INFO - Setting next_dagrun for dataset_produces_1 to 2023-09-04T00:00:00+00:00, run_after=2023-09-05T00:00:00+00:00
[2023-09-05T12:44:34.681+0000] {logging_mixin.py:151} INFO - [2023-09-05T12:44:34.681+0000] {dag.py:3677} INFO - Setting next_dagrun for dataset_produces_2 to None, run_after=None
[2023-09-05T12:44:34.729+0000] {processor.py:179} INFO - Processing /home/airflow/.local/lib/python3.8/site-packages/airflow/example_dags/example_datasets.py took 0.740 seconds
[2023-09-05T12:45:04.810+0000] {processor.py:157} INFO - Started process (PID=92) to work on /home/airflow/.local/lib/python3.8/site-packages/airflow/example_dags/example_datasets.py
[2023-09-05T12:45:04.811+0000] {processor.py:829} INFO - Processing file /home/airflow/.local/lib/python3.8/site-packages/airflow/example_dags/example_datasets.py for tasks to queue
[2023-09-05T12:45:04.814+0000] {logging_mixin.py:151} INFO - [2023-09-05T12:45:04.813+0000] {dagbag.py:539} INFO - Filling up the DagBag from /home/airflow/.local/lib/python3.8/site-packages/airflow/example_dags/example_datasets.py
[2023-09-05T12:45:04.821+0000] {processor.py:839} INFO - DAG(s) dict_keys(['dataset_consumes_1_never_scheduled', 'dataset_produces_1', 'dataset_consumes_1', 'dataset_consumes_1_and_2', 'dataset_consumes_unknown_never_scheduled', 'dataset_produces_2']) retrieved from /home/airflow/.local/lib/python3.8/site-packages/airflow/example_dags/example_datasets.py
[2023-09-05T12:45:04.848+0000] {logging_mixin.py:151} INFO - [2023-09-05T12:45:04.848+0000] {dag.py:2907} INFO - Sync 6 DAGs
[2023-09-05T12:45:04.861+0000] {logging_mixin.py:151} INFO - [2023-09-05T12:45:04.861+0000] {dag.py:3677} INFO - Setting next_dagrun for dataset_consumes_1 to None, run_after=None
[2023-09-05T12:45:04.865+0000] {logging_mixin.py:151} INFO - [2023-09-05T12:45:04.865+0000] {dag.py:3677} INFO - Setting next_dagrun for dataset_consumes_1_and_2 to None, run_after=None
[2023-09-05T12:45:04.866+0000] {logging_mixin.py:151} INFO - [2023-09-05T12:45:04.866+0000] {dag.py:3677} INFO - Setting next_dagrun for dataset_consumes_1_never_scheduled to None, run_after=None
[2023-09-05T12:45:04.867+0000] {logging_mixin.py:151} INFO - [2023-09-05T12:45:04.867+0000] {dag.py:3677} INFO - Setting next_dagrun for dataset_consumes_unknown_never_scheduled to None, run_after=None
[2023-09-05T12:45:04.869+0000] {logging_mixin.py:151} INFO - [2023-09-05T12:45:04.868+0000] {dag.py:3677} INFO - Setting next_dagrun for dataset_produces_1 to 2023-09-04T00:00:00+00:00, run_after=2023-09-05T00:00:00+00:00
[2023-09-05T12:45:04.870+0000] {logging_mixin.py:151} INFO - [2023-09-05T12:45:04.869+0000] {dag.py:3677} INFO - Setting next_dagrun for dataset_produces_2 to None, run_after=None
[2023-09-05T12:45:04.887+0000] {processor.py:179} INFO - Processing /home/airflow/.local/lib/python3.8/site-packages/airflow/example_dags/example_datasets.py took 0.080 seconds
[2023-09-05T12:45:35.375+0000] {processor.py:157} INFO - Started process (PID=146) to work on /home/airflow/.local/lib/python3.8/site-packages/airflow/example_dags/example_datasets.py
[2023-09-05T12:45:35.376+0000] {processor.py:829} INFO - Processing file /home/airflow/.local/lib/python3.8/site-packages/airflow/example_dags/example_datasets.py for tasks to queue
[2023-09-05T12:45:35.379+0000] {logging_mixin.py:151} INFO - [2023-09-05T12:45:35.378+0000] {dagbag.py:539} INFO - Filling up the DagBag from /home/airflow/.local/lib/python3.8/site-packages/airflow/example_dags/example_datasets.py
[2023-09-05T12:45:35.386+0000] {processor.py:839} INFO - DAG(s) dict_keys(['dataset_produces_2', 'dataset_consumes_1_and_2', 'dataset_consumes_1_never_scheduled', 'dataset_produces_1', 'dataset_consumes_1', 'dataset_consumes_unknown_never_scheduled']) retrieved from /home/airflow/.local/lib/python3.8/site-packages/airflow/example_dags/example_datasets.py
[2023-09-05T12:45:35.410+0000] {logging_mixin.py:151} INFO - [2023-09-05T12:45:35.409+0000] {dag.py:2907} INFO - Sync 6 DAGs
[2023-09-05T12:45:35.423+0000] {logging_mixin.py:151} INFO - [2023-09-05T12:45:35.423+0000] {dag.py:3677} INFO - Setting next_dagrun for dataset_consumes_1 to None, run_after=None
[2023-09-05T12:45:35.427+0000] {logging_mixin.py:151} INFO - [2023-09-05T12:45:35.427+0000] {dag.py:3677} INFO - Setting next_dagrun for dataset_consumes_1_and_2 to None, run_after=None
[2023-09-05T12:45:35.429+0000] {logging_mixin.py:151} INFO - [2023-09-05T12:45:35.429+0000] {dag.py:3677} INFO - Setting next_dagrun for dataset_consumes_1_never_scheduled to None, run_after=None
[2023-09-05T12:45:35.430+0000] {logging_mixin.py:151} INFO - [2023-09-05T12:45:35.430+0000] {dag.py:3677} INFO - Setting next_dagrun for dataset_consumes_unknown_never_scheduled to None, run_after=None
[2023-09-05T12:45:35.432+0000] {logging_mixin.py:151} INFO - [2023-09-05T12:45:35.432+0000] {dag.py:3677} INFO - Setting next_dagrun for dataset_produces_1 to 2023-09-04T00:00:00+00:00, run_after=2023-09-05T00:00:00+00:00
[2023-09-05T12:45:35.433+0000] {logging_mixin.py:151} INFO - [2023-09-05T12:45:35.433+0000] {dag.py:3677} INFO - Setting next_dagrun for dataset_produces_2 to None, run_after=None
[2023-09-05T12:45:35.451+0000] {processor.py:179} INFO - Processing /home/airflow/.local/lib/python3.8/site-packages/airflow/example_dags/example_datasets.py took 0.078 seconds
