[2023-09-05T12:33:43.039+0000] {processor.py:157} INFO - Started process (PID=58) to work on /home/airflow/.local/lib/python3.8/site-packages/airflow/example_dags/example_subdag_operator.py
[2023-09-05T12:33:43.040+0000] {processor.py:829} INFO - Processing file /home/airflow/.local/lib/python3.8/site-packages/airflow/example_dags/example_subdag_operator.py for tasks to queue
[2023-09-05T12:33:43.043+0000] {logging_mixin.py:151} INFO - [2023-09-05T12:33:43.043+0000] {dagbag.py:539} INFO - Filling up the DagBag from /home/airflow/.local/lib/python3.8/site-packages/airflow/example_dags/example_subdag_operator.py
[2023-09-05T12:33:43.147+0000] {processor.py:839} INFO - DAG(s) dict_keys(['example_subdag_operator.section-1', 'example_subdag_operator.section-2', 'example_subdag_operator']) retrieved from /home/airflow/.local/lib/python3.8/site-packages/airflow/example_dags/example_subdag_operator.py
[2023-09-05T12:33:43.158+0000] {logging_mixin.py:151} INFO - [2023-09-05T12:33:43.158+0000] {dag.py:2907} INFO - Sync 3 DAGs
[2023-09-05T12:33:43.184+0000] {logging_mixin.py:151} INFO - [2023-09-05T12:33:43.183+0000] {dag.py:3677} INFO - Setting next_dagrun for example_subdag_operator to 2022-01-01T00:00:00+00:00, run_after=2022-01-01T00:00:00+00:00
[2023-09-05T12:33:43.195+0000] {logging_mixin.py:151} INFO - [2023-09-05T12:33:43.195+0000] {dag.py:3677} INFO - Setting next_dagrun for example_subdag_operator.section-1 to None, run_after=None
[2023-09-05T12:33:43.198+0000] {logging_mixin.py:151} INFO - [2023-09-05T12:33:43.198+0000] {dag.py:3677} INFO - Setting next_dagrun for example_subdag_operator.section-2 to None, run_after=None
[2023-09-05T12:33:43.208+0000] {logging_mixin.py:151} INFO - [2023-09-05T12:33:43.208+0000] {dag.py:2907} INFO - Sync 2 DAGs
[2023-09-05T12:33:43.219+0000] {logging_mixin.py:151} INFO - [2023-09-05T12:33:43.219+0000] {dag.py:3677} INFO - Setting next_dagrun for example_subdag_operator.section-1 to None, run_after=None
[2023-09-05T12:33:43.220+0000] {logging_mixin.py:151} INFO - [2023-09-05T12:33:43.220+0000] {dag.py:3677} INFO - Setting next_dagrun for example_subdag_operator.section-2 to None, run_after=None
[2023-09-05T12:33:43.240+0000] {processor.py:179} INFO - Processing /home/airflow/.local/lib/python3.8/site-packages/airflow/example_dags/example_subdag_operator.py took 0.215 seconds
[2023-09-05T12:34:13.903+0000] {processor.py:157} INFO - Started process (PID=113) to work on /home/airflow/.local/lib/python3.8/site-packages/airflow/example_dags/example_subdag_operator.py
[2023-09-05T12:34:13.904+0000] {processor.py:829} INFO - Processing file /home/airflow/.local/lib/python3.8/site-packages/airflow/example_dags/example_subdag_operator.py for tasks to queue
[2023-09-05T12:34:13.906+0000] {logging_mixin.py:151} INFO - [2023-09-05T12:34:13.906+0000] {dagbag.py:539} INFO - Filling up the DagBag from /home/airflow/.local/lib/python3.8/site-packages/airflow/example_dags/example_subdag_operator.py
[2023-09-05T12:34:13.928+0000] {processor.py:839} INFO - DAG(s) dict_keys(['example_subdag_operator.section-1', 'example_subdag_operator.section-2', 'example_subdag_operator']) retrieved from /home/airflow/.local/lib/python3.8/site-packages/airflow/example_dags/example_subdag_operator.py
[2023-09-05T12:34:13.938+0000] {logging_mixin.py:151} INFO - [2023-09-05T12:34:13.938+0000] {dag.py:2907} INFO - Sync 3 DAGs
[2023-09-05T12:34:13.952+0000] {logging_mixin.py:151} INFO - [2023-09-05T12:34:13.951+0000] {dag.py:3677} INFO - Setting next_dagrun for example_subdag_operator to 2022-01-01T00:00:00+00:00, run_after=2022-01-01T00:00:00+00:00
[2023-09-05T12:34:13.955+0000] {logging_mixin.py:151} INFO - [2023-09-05T12:34:13.955+0000] {dag.py:3677} INFO - Setting next_dagrun for example_subdag_operator.section-1 to None, run_after=None
[2023-09-05T12:34:13.956+0000] {logging_mixin.py:151} INFO - [2023-09-05T12:34:13.956+0000] {dag.py:3677} INFO - Setting next_dagrun for example_subdag_operator.section-2 to None, run_after=None
[2023-09-05T12:34:13.961+0000] {logging_mixin.py:151} INFO - [2023-09-05T12:34:13.961+0000] {dag.py:2907} INFO - Sync 2 DAGs
[2023-09-05T12:34:13.965+0000] {logging_mixin.py:151} INFO - [2023-09-05T12:34:13.965+0000] {dag.py:3677} INFO - Setting next_dagrun for example_subdag_operator.section-1 to None, run_after=None
[2023-09-05T12:34:13.966+0000] {logging_mixin.py:151} INFO - [2023-09-05T12:34:13.966+0000] {dag.py:3677} INFO - Setting next_dagrun for example_subdag_operator.section-2 to None, run_after=None
[2023-09-05T12:34:13.973+0000] {processor.py:179} INFO - Processing /home/airflow/.local/lib/python3.8/site-packages/airflow/example_dags/example_subdag_operator.py took 0.073 seconds
[2023-09-05T12:34:44.645+0000] {processor.py:157} INFO - Started process (PID=167) to work on /home/airflow/.local/lib/python3.8/site-packages/airflow/example_dags/example_subdag_operator.py
[2023-09-05T12:34:44.647+0000] {processor.py:829} INFO - Processing file /home/airflow/.local/lib/python3.8/site-packages/airflow/example_dags/example_subdag_operator.py for tasks to queue
[2023-09-05T12:34:44.681+0000] {logging_mixin.py:151} INFO - [2023-09-05T12:34:44.681+0000] {dagbag.py:539} INFO - Filling up the DagBag from /home/airflow/.local/lib/python3.8/site-packages/airflow/example_dags/example_subdag_operator.py
[2023-09-05T12:34:44.762+0000] {processor.py:839} INFO - DAG(s) dict_keys(['example_subdag_operator.section-1', 'example_subdag_operator.section-2', 'example_subdag_operator']) retrieved from /home/airflow/.local/lib/python3.8/site-packages/airflow/example_dags/example_subdag_operator.py
[2023-09-05T12:34:44.796+0000] {logging_mixin.py:151} INFO - [2023-09-05T12:34:44.793+0000] {dag.py:2907} INFO - Sync 3 DAGs
[2023-09-05T12:34:44.843+0000] {logging_mixin.py:151} INFO - [2023-09-05T12:34:44.843+0000] {dag.py:3677} INFO - Setting next_dagrun for example_subdag_operator to 2022-01-01T00:00:00+00:00, run_after=2022-01-01T00:00:00+00:00
[2023-09-05T12:34:44.861+0000] {logging_mixin.py:151} INFO - [2023-09-05T12:34:44.860+0000] {dag.py:3677} INFO - Setting next_dagrun for example_subdag_operator.section-1 to None, run_after=None
[2023-09-05T12:34:44.865+0000] {logging_mixin.py:151} INFO - [2023-09-05T12:34:44.865+0000] {dag.py:3677} INFO - Setting next_dagrun for example_subdag_operator.section-2 to None, run_after=None
[2023-09-05T12:34:44.875+0000] {logging_mixin.py:151} INFO - [2023-09-05T12:34:44.875+0000] {dag.py:2907} INFO - Sync 2 DAGs
[2023-09-05T12:34:44.893+0000] {logging_mixin.py:151} INFO - [2023-09-05T12:34:44.893+0000] {dag.py:3677} INFO - Setting next_dagrun for example_subdag_operator.section-1 to None, run_after=None
[2023-09-05T12:34:44.896+0000] {logging_mixin.py:151} INFO - [2023-09-05T12:34:44.896+0000] {dag.py:3677} INFO - Setting next_dagrun for example_subdag_operator.section-2 to None, run_after=None
[2023-09-05T12:34:44.918+0000] {processor.py:179} INFO - Processing /home/airflow/.local/lib/python3.8/site-packages/airflow/example_dags/example_subdag_operator.py took 0.283 seconds
[2023-09-05T12:40:51.123+0000] {processor.py:157} INFO - Started process (PID=58) to work on /home/airflow/.local/lib/python3.8/site-packages/airflow/example_dags/example_subdag_operator.py
[2023-09-05T12:40:51.125+0000] {processor.py:829} INFO - Processing file /home/airflow/.local/lib/python3.8/site-packages/airflow/example_dags/example_subdag_operator.py for tasks to queue
[2023-09-05T12:40:51.127+0000] {logging_mixin.py:151} INFO - [2023-09-05T12:40:51.127+0000] {dagbag.py:539} INFO - Filling up the DagBag from /home/airflow/.local/lib/python3.8/site-packages/airflow/example_dags/example_subdag_operator.py
[2023-09-05T12:40:51.154+0000] {processor.py:839} INFO - DAG(s) dict_keys(['example_subdag_operator.section-1', 'example_subdag_operator.section-2', 'example_subdag_operator']) retrieved from /home/airflow/.local/lib/python3.8/site-packages/airflow/example_dags/example_subdag_operator.py
[2023-09-05T12:40:51.212+0000] {logging_mixin.py:151} INFO - [2023-09-05T12:40:51.212+0000] {manager.py:501} INFO - Created Permission View: can read on DAG:example_subdag_operator
[2023-09-05T12:40:51.217+0000] {logging_mixin.py:151} INFO - [2023-09-05T12:40:51.217+0000] {manager.py:501} INFO - Created Permission View: can edit on DAG:example_subdag_operator
[2023-09-05T12:40:51.221+0000] {logging_mixin.py:151} INFO - [2023-09-05T12:40:51.221+0000] {manager.py:501} INFO - Created Permission View: can delete on DAG:example_subdag_operator
[2023-09-05T12:40:51.227+0000] {logging_mixin.py:151} INFO - [2023-09-05T12:40:51.227+0000] {dag.py:2907} INFO - Sync 3 DAGs
[2023-09-05T12:40:51.234+0000] {logging_mixin.py:151} INFO - [2023-09-05T12:40:51.234+0000] {dag.py:2929} INFO - Creating ORM DAG for example_subdag_operator.section-1
[2023-09-05T12:40:51.235+0000] {logging_mixin.py:151} INFO - [2023-09-05T12:40:51.235+0000] {dag.py:2929} INFO - Creating ORM DAG for example_subdag_operator
[2023-09-05T12:40:51.236+0000] {logging_mixin.py:151} INFO - [2023-09-05T12:40:51.236+0000] {dag.py:2929} INFO - Creating ORM DAG for example_subdag_operator.section-2
[2023-09-05T12:40:51.242+0000] {logging_mixin.py:151} INFO - [2023-09-05T12:40:51.242+0000] {dag.py:3677} INFO - Setting next_dagrun for example_subdag_operator to 2022-01-01T00:00:00+00:00, run_after=2022-01-01T00:00:00+00:00
[2023-09-05T12:40:51.243+0000] {logging_mixin.py:151} INFO - [2023-09-05T12:40:51.243+0000] {dag.py:3677} INFO - Setting next_dagrun for example_subdag_operator.section-1 to None, run_after=None
[2023-09-05T12:40:51.244+0000] {logging_mixin.py:151} INFO - [2023-09-05T12:40:51.244+0000] {dag.py:3677} INFO - Setting next_dagrun for example_subdag_operator.section-2 to None, run_after=None
[2023-09-05T12:40:51.249+0000] {logging_mixin.py:151} INFO - [2023-09-05T12:40:51.249+0000] {dag.py:2907} INFO - Sync 2 DAGs
[2023-09-05T12:40:51.252+0000] {logging_mixin.py:151} INFO - [2023-09-05T12:40:51.252+0000] {dag.py:3677} INFO - Setting next_dagrun for example_subdag_operator.section-1 to None, run_after=None
[2023-09-05T12:40:51.254+0000] {logging_mixin.py:151} INFO - [2023-09-05T12:40:51.254+0000] {dag.py:3677} INFO - Setting next_dagrun for example_subdag_operator.section-2 to None, run_after=None
[2023-09-05T12:40:51.261+0000] {processor.py:179} INFO - Processing /home/airflow/.local/lib/python3.8/site-packages/airflow/example_dags/example_subdag_operator.py took 0.143 seconds
[2023-09-05T12:41:21.864+0000] {processor.py:157} INFO - Started process (PID=112) to work on /home/airflow/.local/lib/python3.8/site-packages/airflow/example_dags/example_subdag_operator.py
[2023-09-05T12:41:21.866+0000] {processor.py:829} INFO - Processing file /home/airflow/.local/lib/python3.8/site-packages/airflow/example_dags/example_subdag_operator.py for tasks to queue
[2023-09-05T12:41:21.868+0000] {logging_mixin.py:151} INFO - [2023-09-05T12:41:21.867+0000] {dagbag.py:539} INFO - Filling up the DagBag from /home/airflow/.local/lib/python3.8/site-packages/airflow/example_dags/example_subdag_operator.py
[2023-09-05T12:41:21.893+0000] {processor.py:839} INFO - DAG(s) dict_keys(['example_subdag_operator.section-1', 'example_subdag_operator.section-2', 'example_subdag_operator']) retrieved from /home/airflow/.local/lib/python3.8/site-packages/airflow/example_dags/example_subdag_operator.py
[2023-09-05T12:41:21.904+0000] {logging_mixin.py:151} INFO - [2023-09-05T12:41:21.903+0000] {dag.py:2907} INFO - Sync 3 DAGs
[2023-09-05T12:41:21.918+0000] {logging_mixin.py:151} INFO - [2023-09-05T12:41:21.918+0000] {dag.py:3677} INFO - Setting next_dagrun for example_subdag_operator to 2022-01-01T00:00:00+00:00, run_after=2022-01-01T00:00:00+00:00
[2023-09-05T12:41:21.921+0000] {logging_mixin.py:151} INFO - [2023-09-05T12:41:21.921+0000] {dag.py:3677} INFO - Setting next_dagrun for example_subdag_operator.section-1 to None, run_after=None
[2023-09-05T12:41:21.923+0000] {logging_mixin.py:151} INFO - [2023-09-05T12:41:21.923+0000] {dag.py:3677} INFO - Setting next_dagrun for example_subdag_operator.section-2 to None, run_after=None
[2023-09-05T12:41:21.928+0000] {logging_mixin.py:151} INFO - [2023-09-05T12:41:21.928+0000] {dag.py:2907} INFO - Sync 2 DAGs
[2023-09-05T12:41:21.931+0000] {logging_mixin.py:151} INFO - [2023-09-05T12:41:21.931+0000] {dag.py:3677} INFO - Setting next_dagrun for example_subdag_operator.section-1 to None, run_after=None
[2023-09-05T12:41:21.933+0000] {logging_mixin.py:151} INFO - [2023-09-05T12:41:21.933+0000] {dag.py:3677} INFO - Setting next_dagrun for example_subdag_operator.section-2 to None, run_after=None
[2023-09-05T12:41:21.939+0000] {processor.py:179} INFO - Processing /home/airflow/.local/lib/python3.8/site-packages/airflow/example_dags/example_subdag_operator.py took 0.078 seconds
[2023-09-05T12:41:52.371+0000] {processor.py:157} INFO - Started process (PID=166) to work on /home/airflow/.local/lib/python3.8/site-packages/airflow/example_dags/example_subdag_operator.py
[2023-09-05T12:41:52.372+0000] {processor.py:829} INFO - Processing file /home/airflow/.local/lib/python3.8/site-packages/airflow/example_dags/example_subdag_operator.py for tasks to queue
[2023-09-05T12:41:52.374+0000] {logging_mixin.py:151} INFO - [2023-09-05T12:41:52.374+0000] {dagbag.py:539} INFO - Filling up the DagBag from /home/airflow/.local/lib/python3.8/site-packages/airflow/example_dags/example_subdag_operator.py
[2023-09-05T12:41:52.395+0000] {processor.py:839} INFO - DAG(s) dict_keys(['example_subdag_operator.section-1', 'example_subdag_operator.section-2', 'example_subdag_operator']) retrieved from /home/airflow/.local/lib/python3.8/site-packages/airflow/example_dags/example_subdag_operator.py
[2023-09-05T12:41:52.404+0000] {logging_mixin.py:151} INFO - [2023-09-05T12:41:52.404+0000] {dag.py:2907} INFO - Sync 3 DAGs
[2023-09-05T12:41:52.416+0000] {logging_mixin.py:151} INFO - [2023-09-05T12:41:52.416+0000] {dag.py:3677} INFO - Setting next_dagrun for example_subdag_operator to 2022-01-01T00:00:00+00:00, run_after=2022-01-01T00:00:00+00:00
[2023-09-05T12:41:52.418+0000] {logging_mixin.py:151} INFO - [2023-09-05T12:41:52.418+0000] {dag.py:3677} INFO - Setting next_dagrun for example_subdag_operator.section-1 to None, run_after=None
[2023-09-05T12:41:52.419+0000] {logging_mixin.py:151} INFO - [2023-09-05T12:41:52.419+0000] {dag.py:3677} INFO - Setting next_dagrun for example_subdag_operator.section-2 to None, run_after=None
[2023-09-05T12:41:52.423+0000] {logging_mixin.py:151} INFO - [2023-09-05T12:41:52.423+0000] {dag.py:2907} INFO - Sync 2 DAGs
[2023-09-05T12:41:52.426+0000] {logging_mixin.py:151} INFO - [2023-09-05T12:41:52.426+0000] {dag.py:3677} INFO - Setting next_dagrun for example_subdag_operator.section-1 to None, run_after=None
[2023-09-05T12:41:52.427+0000] {logging_mixin.py:151} INFO - [2023-09-05T12:41:52.427+0000] {dag.py:3677} INFO - Setting next_dagrun for example_subdag_operator.section-2 to None, run_after=None
[2023-09-05T12:41:52.433+0000] {processor.py:179} INFO - Processing /home/airflow/.local/lib/python3.8/site-packages/airflow/example_dags/example_subdag_operator.py took 0.065 seconds
[2023-09-05T12:42:23.026+0000] {processor.py:157} INFO - Started process (PID=220) to work on /home/airflow/.local/lib/python3.8/site-packages/airflow/example_dags/example_subdag_operator.py
[2023-09-05T12:42:23.027+0000] {processor.py:829} INFO - Processing file /home/airflow/.local/lib/python3.8/site-packages/airflow/example_dags/example_subdag_operator.py for tasks to queue
[2023-09-05T12:42:23.029+0000] {logging_mixin.py:151} INFO - [2023-09-05T12:42:23.029+0000] {dagbag.py:539} INFO - Filling up the DagBag from /home/airflow/.local/lib/python3.8/site-packages/airflow/example_dags/example_subdag_operator.py
[2023-09-05T12:42:23.049+0000] {processor.py:839} INFO - DAG(s) dict_keys(['example_subdag_operator.section-1', 'example_subdag_operator.section-2', 'example_subdag_operator']) retrieved from /home/airflow/.local/lib/python3.8/site-packages/airflow/example_dags/example_subdag_operator.py
[2023-09-05T12:42:23.058+0000] {logging_mixin.py:151} INFO - [2023-09-05T12:42:23.058+0000] {dag.py:2907} INFO - Sync 3 DAGs
[2023-09-05T12:42:23.071+0000] {logging_mixin.py:151} INFO - [2023-09-05T12:42:23.071+0000] {dag.py:3677} INFO - Setting next_dagrun for example_subdag_operator to 2022-01-01T00:00:00+00:00, run_after=2022-01-01T00:00:00+00:00
[2023-09-05T12:42:23.074+0000] {logging_mixin.py:151} INFO - [2023-09-05T12:42:23.074+0000] {dag.py:3677} INFO - Setting next_dagrun for example_subdag_operator.section-1 to None, run_after=None
[2023-09-05T12:42:23.075+0000] {logging_mixin.py:151} INFO - [2023-09-05T12:42:23.075+0000] {dag.py:3677} INFO - Setting next_dagrun for example_subdag_operator.section-2 to None, run_after=None
[2023-09-05T12:42:23.079+0000] {logging_mixin.py:151} INFO - [2023-09-05T12:42:23.079+0000] {dag.py:2907} INFO - Sync 2 DAGs
[2023-09-05T12:42:23.082+0000] {logging_mixin.py:151} INFO - [2023-09-05T12:42:23.082+0000] {dag.py:3677} INFO - Setting next_dagrun for example_subdag_operator.section-1 to None, run_after=None
[2023-09-05T12:42:23.083+0000] {logging_mixin.py:151} INFO - [2023-09-05T12:42:23.083+0000] {dag.py:3677} INFO - Setting next_dagrun for example_subdag_operator.section-2 to None, run_after=None
[2023-09-05T12:42:23.089+0000] {processor.py:179} INFO - Processing /home/airflow/.local/lib/python3.8/site-packages/airflow/example_dags/example_subdag_operator.py took 0.066 seconds
[2023-09-05T12:42:53.634+0000] {processor.py:157} INFO - Started process (PID=274) to work on /home/airflow/.local/lib/python3.8/site-packages/airflow/example_dags/example_subdag_operator.py
[2023-09-05T12:42:53.635+0000] {processor.py:829} INFO - Processing file /home/airflow/.local/lib/python3.8/site-packages/airflow/example_dags/example_subdag_operator.py for tasks to queue
[2023-09-05T12:42:53.637+0000] {logging_mixin.py:151} INFO - [2023-09-05T12:42:53.637+0000] {dagbag.py:539} INFO - Filling up the DagBag from /home/airflow/.local/lib/python3.8/site-packages/airflow/example_dags/example_subdag_operator.py
[2023-09-05T12:42:53.657+0000] {processor.py:839} INFO - DAG(s) dict_keys(['example_subdag_operator.section-1', 'example_subdag_operator.section-2', 'example_subdag_operator']) retrieved from /home/airflow/.local/lib/python3.8/site-packages/airflow/example_dags/example_subdag_operator.py
[2023-09-05T12:42:53.666+0000] {logging_mixin.py:151} INFO - [2023-09-05T12:42:53.666+0000] {dag.py:2907} INFO - Sync 3 DAGs
[2023-09-05T12:42:53.680+0000] {logging_mixin.py:151} INFO - [2023-09-05T12:42:53.679+0000] {dag.py:3677} INFO - Setting next_dagrun for example_subdag_operator to 2022-01-01T00:00:00+00:00, run_after=2022-01-01T00:00:00+00:00
[2023-09-05T12:42:53.683+0000] {logging_mixin.py:151} INFO - [2023-09-05T12:42:53.683+0000] {dag.py:3677} INFO - Setting next_dagrun for example_subdag_operator.section-1 to None, run_after=None
[2023-09-05T12:42:53.684+0000] {logging_mixin.py:151} INFO - [2023-09-05T12:42:53.684+0000] {dag.py:3677} INFO - Setting next_dagrun for example_subdag_operator.section-2 to None, run_after=None
[2023-09-05T12:42:53.689+0000] {logging_mixin.py:151} INFO - [2023-09-05T12:42:53.689+0000] {dag.py:2907} INFO - Sync 2 DAGs
[2023-09-05T12:42:53.693+0000] {logging_mixin.py:151} INFO - [2023-09-05T12:42:53.693+0000] {dag.py:3677} INFO - Setting next_dagrun for example_subdag_operator.section-1 to None, run_after=None
[2023-09-05T12:42:53.693+0000] {logging_mixin.py:151} INFO - [2023-09-05T12:42:53.693+0000] {dag.py:3677} INFO - Setting next_dagrun for example_subdag_operator.section-2 to None, run_after=None
[2023-09-05T12:42:53.700+0000] {processor.py:179} INFO - Processing /home/airflow/.local/lib/python3.8/site-packages/airflow/example_dags/example_subdag_operator.py took 0.069 seconds
[2023-09-05T12:44:37.916+0000] {processor.py:157} INFO - Started process (PID=57) to work on /home/airflow/.local/lib/python3.8/site-packages/airflow/example_dags/example_subdag_operator.py
[2023-09-05T12:44:37.919+0000] {processor.py:829} INFO - Processing file /home/airflow/.local/lib/python3.8/site-packages/airflow/example_dags/example_subdag_operator.py for tasks to queue
[2023-09-05T12:44:37.924+0000] {logging_mixin.py:151} INFO - [2023-09-05T12:44:37.924+0000] {dagbag.py:539} INFO - Filling up the DagBag from /home/airflow/.local/lib/python3.8/site-packages/airflow/example_dags/example_subdag_operator.py
[2023-09-05T12:44:37.951+0000] {processor.py:839} INFO - DAG(s) dict_keys(['example_subdag_operator.section-1', 'example_subdag_operator.section-2', 'example_subdag_operator']) retrieved from /home/airflow/.local/lib/python3.8/site-packages/airflow/example_dags/example_subdag_operator.py
[2023-09-05T12:44:38.010+0000] {logging_mixin.py:151} INFO - [2023-09-05T12:44:38.010+0000] {manager.py:501} INFO - Created Permission View: can edit on DAG:example_subdag_operator
[2023-09-05T12:44:38.016+0000] {logging_mixin.py:151} INFO - [2023-09-05T12:44:38.016+0000] {manager.py:501} INFO - Created Permission View: can read on DAG:example_subdag_operator
[2023-09-05T12:44:38.020+0000] {logging_mixin.py:151} INFO - [2023-09-05T12:44:38.020+0000] {manager.py:501} INFO - Created Permission View: can delete on DAG:example_subdag_operator
[2023-09-05T12:44:38.027+0000] {logging_mixin.py:151} INFO - [2023-09-05T12:44:38.027+0000] {dag.py:2907} INFO - Sync 3 DAGs
[2023-09-05T12:44:38.035+0000] {logging_mixin.py:151} INFO - [2023-09-05T12:44:38.035+0000] {dag.py:2929} INFO - Creating ORM DAG for example_subdag_operator.section-1
[2023-09-05T12:44:38.036+0000] {logging_mixin.py:151} INFO - [2023-09-05T12:44:38.036+0000] {dag.py:2929} INFO - Creating ORM DAG for example_subdag_operator
[2023-09-05T12:44:38.037+0000] {logging_mixin.py:151} INFO - [2023-09-05T12:44:38.037+0000] {dag.py:2929} INFO - Creating ORM DAG for example_subdag_operator.section-2
[2023-09-05T12:44:38.042+0000] {logging_mixin.py:151} INFO - [2023-09-05T12:44:38.042+0000] {dag.py:3677} INFO - Setting next_dagrun for example_subdag_operator to 2022-01-01T00:00:00+00:00, run_after=2022-01-01T00:00:00+00:00
[2023-09-05T12:44:38.043+0000] {logging_mixin.py:151} INFO - [2023-09-05T12:44:38.043+0000] {dag.py:3677} INFO - Setting next_dagrun for example_subdag_operator.section-1 to None, run_after=None
[2023-09-05T12:44:38.043+0000] {logging_mixin.py:151} INFO - [2023-09-05T12:44:38.043+0000] {dag.py:3677} INFO - Setting next_dagrun for example_subdag_operator.section-2 to None, run_after=None
[2023-09-05T12:44:38.048+0000] {logging_mixin.py:151} INFO - [2023-09-05T12:44:38.048+0000] {dag.py:2907} INFO - Sync 2 DAGs
[2023-09-05T12:44:38.052+0000] {logging_mixin.py:151} INFO - [2023-09-05T12:44:38.052+0000] {dag.py:3677} INFO - Setting next_dagrun for example_subdag_operator.section-1 to None, run_after=None
[2023-09-05T12:44:38.054+0000] {logging_mixin.py:151} INFO - [2023-09-05T12:44:38.053+0000] {dag.py:3677} INFO - Setting next_dagrun for example_subdag_operator.section-2 to None, run_after=None
[2023-09-05T12:44:38.063+0000] {processor.py:179} INFO - Processing /home/airflow/.local/lib/python3.8/site-packages/airflow/example_dags/example_subdag_operator.py took 0.154 seconds
[2023-09-05T12:45:08.797+0000] {processor.py:157} INFO - Started process (PID=111) to work on /home/airflow/.local/lib/python3.8/site-packages/airflow/example_dags/example_subdag_operator.py
[2023-09-05T12:45:08.799+0000] {processor.py:829} INFO - Processing file /home/airflow/.local/lib/python3.8/site-packages/airflow/example_dags/example_subdag_operator.py for tasks to queue
[2023-09-05T12:45:08.802+0000] {logging_mixin.py:151} INFO - [2023-09-05T12:45:08.802+0000] {dagbag.py:539} INFO - Filling up the DagBag from /home/airflow/.local/lib/python3.8/site-packages/airflow/example_dags/example_subdag_operator.py
[2023-09-05T12:45:08.823+0000] {processor.py:839} INFO - DAG(s) dict_keys(['example_subdag_operator.section-1', 'example_subdag_operator.section-2', 'example_subdag_operator']) retrieved from /home/airflow/.local/lib/python3.8/site-packages/airflow/example_dags/example_subdag_operator.py
[2023-09-05T12:45:08.832+0000] {logging_mixin.py:151} INFO - [2023-09-05T12:45:08.832+0000] {dag.py:2907} INFO - Sync 3 DAGs
[2023-09-05T12:45:08.845+0000] {logging_mixin.py:151} INFO - [2023-09-05T12:45:08.844+0000] {dag.py:3677} INFO - Setting next_dagrun for example_subdag_operator to 2022-01-01T00:00:00+00:00, run_after=2022-01-01T00:00:00+00:00
[2023-09-05T12:45:08.847+0000] {logging_mixin.py:151} INFO - [2023-09-05T12:45:08.847+0000] {dag.py:3677} INFO - Setting next_dagrun for example_subdag_operator.section-1 to None, run_after=None
[2023-09-05T12:45:08.849+0000] {logging_mixin.py:151} INFO - [2023-09-05T12:45:08.849+0000] {dag.py:3677} INFO - Setting next_dagrun for example_subdag_operator.section-2 to None, run_after=None
[2023-09-05T12:45:08.853+0000] {logging_mixin.py:151} INFO - [2023-09-05T12:45:08.853+0000] {dag.py:2907} INFO - Sync 2 DAGs
[2023-09-05T12:45:08.857+0000] {logging_mixin.py:151} INFO - [2023-09-05T12:45:08.857+0000] {dag.py:3677} INFO - Setting next_dagrun for example_subdag_operator.section-1 to None, run_after=None
[2023-09-05T12:45:08.858+0000] {logging_mixin.py:151} INFO - [2023-09-05T12:45:08.858+0000] {dag.py:3677} INFO - Setting next_dagrun for example_subdag_operator.section-2 to None, run_after=None
[2023-09-05T12:45:08.867+0000] {processor.py:179} INFO - Processing /home/airflow/.local/lib/python3.8/site-packages/airflow/example_dags/example_subdag_operator.py took 0.072 seconds
[2023-09-05T12:45:39.187+0000] {processor.py:157} INFO - Started process (PID=165) to work on /home/airflow/.local/lib/python3.8/site-packages/airflow/example_dags/example_subdag_operator.py
[2023-09-05T12:45:39.188+0000] {processor.py:829} INFO - Processing file /home/airflow/.local/lib/python3.8/site-packages/airflow/example_dags/example_subdag_operator.py for tasks to queue
[2023-09-05T12:45:39.190+0000] {logging_mixin.py:151} INFO - [2023-09-05T12:45:39.190+0000] {dagbag.py:539} INFO - Filling up the DagBag from /home/airflow/.local/lib/python3.8/site-packages/airflow/example_dags/example_subdag_operator.py
[2023-09-05T12:45:39.211+0000] {processor.py:839} INFO - DAG(s) dict_keys(['example_subdag_operator.section-1', 'example_subdag_operator.section-2', 'example_subdag_operator']) retrieved from /home/airflow/.local/lib/python3.8/site-packages/airflow/example_dags/example_subdag_operator.py
[2023-09-05T12:45:39.220+0000] {logging_mixin.py:151} INFO - [2023-09-05T12:45:39.220+0000] {dag.py:2907} INFO - Sync 3 DAGs
[2023-09-05T12:45:39.232+0000] {logging_mixin.py:151} INFO - [2023-09-05T12:45:39.232+0000] {dag.py:3677} INFO - Setting next_dagrun for example_subdag_operator to 2022-01-01T00:00:00+00:00, run_after=2022-01-01T00:00:00+00:00
[2023-09-05T12:45:39.235+0000] {logging_mixin.py:151} INFO - [2023-09-05T12:45:39.235+0000] {dag.py:3677} INFO - Setting next_dagrun for example_subdag_operator.section-1 to None, run_after=None
[2023-09-05T12:45:39.236+0000] {logging_mixin.py:151} INFO - [2023-09-05T12:45:39.236+0000] {dag.py:3677} INFO - Setting next_dagrun for example_subdag_operator.section-2 to None, run_after=None
[2023-09-05T12:45:39.240+0000] {logging_mixin.py:151} INFO - [2023-09-05T12:45:39.240+0000] {dag.py:2907} INFO - Sync 2 DAGs
[2023-09-05T12:45:39.243+0000] {logging_mixin.py:151} INFO - [2023-09-05T12:45:39.243+0000] {dag.py:3677} INFO - Setting next_dagrun for example_subdag_operator.section-1 to None, run_after=None
[2023-09-05T12:45:39.243+0000] {logging_mixin.py:151} INFO - [2023-09-05T12:45:39.243+0000] {dag.py:3677} INFO - Setting next_dagrun for example_subdag_operator.section-2 to None, run_after=None
[2023-09-05T12:45:39.250+0000] {processor.py:179} INFO - Processing /home/airflow/.local/lib/python3.8/site-packages/airflow/example_dags/example_subdag_operator.py took 0.066 seconds
