[2023-09-05T12:33:44.342+0000] {processor.py:157} INFO - Started process (PID=65) to work on /home/airflow/.local/lib/python3.8/site-packages/airflow/example_dags/example_branch_python_dop_operator_3.py
[2023-09-05T12:33:44.343+0000] {processor.py:829} INFO - Processing file /home/airflow/.local/lib/python3.8/site-packages/airflow/example_dags/example_branch_python_dop_operator_3.py for tasks to queue
[2023-09-05T12:33:44.348+0000] {logging_mixin.py:151} INFO - [2023-09-05T12:33:44.347+0000] {dagbag.py:539} INFO - Filling up the DagBag from /home/airflow/.local/lib/python3.8/site-packages/airflow/example_dags/example_branch_python_dop_operator_3.py
[2023-09-05T12:33:44.364+0000] {processor.py:839} INFO - DAG(s) dict_keys(['example_branch_dop_operator_v3']) retrieved from /home/airflow/.local/lib/python3.8/site-packages/airflow/example_dags/example_branch_python_dop_operator_3.py
[2023-09-05T12:33:44.386+0000] {logging_mixin.py:151} INFO - [2023-09-05T12:33:44.386+0000] {dag.py:2907} INFO - Sync 1 DAGs
[2023-09-05T12:33:44.405+0000] {logging_mixin.py:151} INFO - [2023-09-05T12:33:44.404+0000] {dag.py:3677} INFO - Setting next_dagrun for example_branch_dop_operator_v3 to 2023-09-05T12:32:00+00:00, run_after=2023-09-05T12:33:00+00:00
[2023-09-05T12:33:44.417+0000] {processor.py:179} INFO - Processing /home/airflow/.local/lib/python3.8/site-packages/airflow/example_dags/example_branch_python_dop_operator_3.py took 0.086 seconds
[2023-09-05T12:34:15.324+0000] {processor.py:157} INFO - Started process (PID=120) to work on /home/airflow/.local/lib/python3.8/site-packages/airflow/example_dags/example_branch_python_dop_operator_3.py
[2023-09-05T12:34:15.326+0000] {processor.py:829} INFO - Processing file /home/airflow/.local/lib/python3.8/site-packages/airflow/example_dags/example_branch_python_dop_operator_3.py for tasks to queue
[2023-09-05T12:34:15.328+0000] {logging_mixin.py:151} INFO - [2023-09-05T12:34:15.328+0000] {dagbag.py:539} INFO - Filling up the DagBag from /home/airflow/.local/lib/python3.8/site-packages/airflow/example_dags/example_branch_python_dop_operator_3.py
[2023-09-05T12:34:15.336+0000] {processor.py:839} INFO - DAG(s) dict_keys(['example_branch_dop_operator_v3']) retrieved from /home/airflow/.local/lib/python3.8/site-packages/airflow/example_dags/example_branch_python_dop_operator_3.py
[2023-09-05T12:34:15.356+0000] {logging_mixin.py:151} INFO - [2023-09-05T12:34:15.356+0000] {dag.py:2907} INFO - Sync 1 DAGs
[2023-09-05T12:34:15.378+0000] {logging_mixin.py:151} INFO - [2023-09-05T12:34:15.378+0000] {dag.py:3677} INFO - Setting next_dagrun for example_branch_dop_operator_v3 to 2023-09-05T12:33:00+00:00, run_after=2023-09-05T12:34:00+00:00
[2023-09-05T12:34:15.396+0000] {processor.py:179} INFO - Processing /home/airflow/.local/lib/python3.8/site-packages/airflow/example_dags/example_branch_python_dop_operator_3.py took 0.075 seconds
[2023-09-05T12:34:45.701+0000] {processor.py:157} INFO - Started process (PID=174) to work on /home/airflow/.local/lib/python3.8/site-packages/airflow/example_dags/example_branch_python_dop_operator_3.py
[2023-09-05T12:34:45.710+0000] {processor.py:829} INFO - Processing file /home/airflow/.local/lib/python3.8/site-packages/airflow/example_dags/example_branch_python_dop_operator_3.py for tasks to queue
[2023-09-05T12:34:45.721+0000] {logging_mixin.py:151} INFO - [2023-09-05T12:34:45.720+0000] {dagbag.py:539} INFO - Filling up the DagBag from /home/airflow/.local/lib/python3.8/site-packages/airflow/example_dags/example_branch_python_dop_operator_3.py
[2023-09-05T12:34:45.731+0000] {processor.py:839} INFO - DAG(s) dict_keys(['example_branch_dop_operator_v3']) retrieved from /home/airflow/.local/lib/python3.8/site-packages/airflow/example_dags/example_branch_python_dop_operator_3.py
[2023-09-05T12:34:45.788+0000] {logging_mixin.py:151} INFO - [2023-09-05T12:34:45.787+0000] {dag.py:2907} INFO - Sync 1 DAGs
[2023-09-05T12:34:45.841+0000] {logging_mixin.py:151} INFO - [2023-09-05T12:34:45.840+0000] {dag.py:3677} INFO - Setting next_dagrun for example_branch_dop_operator_v3 to 2023-09-05T12:33:00+00:00, run_after=2023-09-05T12:34:00+00:00
[2023-09-05T12:34:45.901+0000] {processor.py:179} INFO - Processing /home/airflow/.local/lib/python3.8/site-packages/airflow/example_dags/example_branch_python_dop_operator_3.py took 0.204 seconds
[2023-09-05T12:40:52.016+0000] {processor.py:157} INFO - Started process (PID=65) to work on /home/airflow/.local/lib/python3.8/site-packages/airflow/example_dags/example_branch_python_dop_operator_3.py
[2023-09-05T12:40:52.018+0000] {processor.py:829} INFO - Processing file /home/airflow/.local/lib/python3.8/site-packages/airflow/example_dags/example_branch_python_dop_operator_3.py for tasks to queue
[2023-09-05T12:40:52.020+0000] {logging_mixin.py:151} INFO - [2023-09-05T12:40:52.019+0000] {dagbag.py:539} INFO - Filling up the DagBag from /home/airflow/.local/lib/python3.8/site-packages/airflow/example_dags/example_branch_python_dop_operator_3.py
[2023-09-05T12:40:52.027+0000] {processor.py:839} INFO - DAG(s) dict_keys(['example_branch_dop_operator_v3']) retrieved from /home/airflow/.local/lib/python3.8/site-packages/airflow/example_dags/example_branch_python_dop_operator_3.py
[2023-09-05T12:40:52.091+0000] {logging_mixin.py:151} INFO - [2023-09-05T12:40:52.091+0000] {manager.py:501} INFO - Created Permission View: can read on DAG:example_branch_dop_operator_v3
[2023-09-05T12:40:52.098+0000] {logging_mixin.py:151} INFO - [2023-09-05T12:40:52.097+0000] {manager.py:501} INFO - Created Permission View: can edit on DAG:example_branch_dop_operator_v3
[2023-09-05T12:40:52.102+0000] {logging_mixin.py:151} INFO - [2023-09-05T12:40:52.101+0000] {manager.py:501} INFO - Created Permission View: can delete on DAG:example_branch_dop_operator_v3
[2023-09-05T12:40:52.110+0000] {logging_mixin.py:151} INFO - [2023-09-05T12:40:52.110+0000] {dag.py:2907} INFO - Sync 1 DAGs
[2023-09-05T12:40:52.118+0000] {logging_mixin.py:151} INFO - [2023-09-05T12:40:52.118+0000] {dag.py:2929} INFO - Creating ORM DAG for example_branch_dop_operator_v3
[2023-09-05T12:40:52.128+0000] {logging_mixin.py:151} INFO - [2023-09-05T12:40:52.128+0000] {dag.py:3677} INFO - Setting next_dagrun for example_branch_dop_operator_v3 to 2023-09-05T12:39:00+00:00, run_after=2023-09-05T12:40:00+00:00
[2023-09-05T12:40:52.140+0000] {processor.py:179} INFO - Processing /home/airflow/.local/lib/python3.8/site-packages/airflow/example_dags/example_branch_python_dop_operator_3.py took 0.126 seconds
[2023-09-05T12:41:22.216+0000] {processor.py:157} INFO - Started process (PID=118) to work on /home/airflow/.local/lib/python3.8/site-packages/airflow/example_dags/example_branch_python_dop_operator_3.py
[2023-09-05T12:41:22.218+0000] {processor.py:829} INFO - Processing file /home/airflow/.local/lib/python3.8/site-packages/airflow/example_dags/example_branch_python_dop_operator_3.py for tasks to queue
[2023-09-05T12:41:22.220+0000] {logging_mixin.py:151} INFO - [2023-09-05T12:41:22.219+0000] {dagbag.py:539} INFO - Filling up the DagBag from /home/airflow/.local/lib/python3.8/site-packages/airflow/example_dags/example_branch_python_dop_operator_3.py
[2023-09-05T12:41:22.227+0000] {processor.py:839} INFO - DAG(s) dict_keys(['example_branch_dop_operator_v3']) retrieved from /home/airflow/.local/lib/python3.8/site-packages/airflow/example_dags/example_branch_python_dop_operator_3.py
[2023-09-05T12:41:22.245+0000] {logging_mixin.py:151} INFO - [2023-09-05T12:41:22.244+0000] {dag.py:2907} INFO - Sync 1 DAGs
[2023-09-05T12:41:22.261+0000] {logging_mixin.py:151} INFO - [2023-09-05T12:41:22.261+0000] {dag.py:3677} INFO - Setting next_dagrun for example_branch_dop_operator_v3 to 2023-09-05T12:40:00+00:00, run_after=2023-09-05T12:41:00+00:00
[2023-09-05T12:41:22.272+0000] {processor.py:179} INFO - Processing /home/airflow/.local/lib/python3.8/site-packages/airflow/example_dags/example_branch_python_dop_operator_3.py took 0.058 seconds
[2023-09-05T12:41:52.599+0000] {processor.py:157} INFO - Started process (PID=172) to work on /home/airflow/.local/lib/python3.8/site-packages/airflow/example_dags/example_branch_python_dop_operator_3.py
[2023-09-05T12:41:52.601+0000] {processor.py:829} INFO - Processing file /home/airflow/.local/lib/python3.8/site-packages/airflow/example_dags/example_branch_python_dop_operator_3.py for tasks to queue
[2023-09-05T12:41:52.603+0000] {logging_mixin.py:151} INFO - [2023-09-05T12:41:52.603+0000] {dagbag.py:539} INFO - Filling up the DagBag from /home/airflow/.local/lib/python3.8/site-packages/airflow/example_dags/example_branch_python_dop_operator_3.py
[2023-09-05T12:41:52.611+0000] {processor.py:839} INFO - DAG(s) dict_keys(['example_branch_dop_operator_v3']) retrieved from /home/airflow/.local/lib/python3.8/site-packages/airflow/example_dags/example_branch_python_dop_operator_3.py
[2023-09-05T12:41:52.627+0000] {logging_mixin.py:151} INFO - [2023-09-05T12:41:52.627+0000] {dag.py:2907} INFO - Sync 1 DAGs
[2023-09-05T12:41:52.641+0000] {logging_mixin.py:151} INFO - [2023-09-05T12:41:52.641+0000] {dag.py:3677} INFO - Setting next_dagrun for example_branch_dop_operator_v3 to 2023-09-05T12:40:00+00:00, run_after=2023-09-05T12:41:00+00:00
[2023-09-05T12:41:52.651+0000] {processor.py:179} INFO - Processing /home/airflow/.local/lib/python3.8/site-packages/airflow/example_dags/example_branch_python_dop_operator_3.py took 0.054 seconds
[2023-09-05T12:42:23.257+0000] {processor.py:157} INFO - Started process (PID=226) to work on /home/airflow/.local/lib/python3.8/site-packages/airflow/example_dags/example_branch_python_dop_operator_3.py
[2023-09-05T12:42:23.258+0000] {processor.py:829} INFO - Processing file /home/airflow/.local/lib/python3.8/site-packages/airflow/example_dags/example_branch_python_dop_operator_3.py for tasks to queue
[2023-09-05T12:42:23.260+0000] {logging_mixin.py:151} INFO - [2023-09-05T12:42:23.260+0000] {dagbag.py:539} INFO - Filling up the DagBag from /home/airflow/.local/lib/python3.8/site-packages/airflow/example_dags/example_branch_python_dop_operator_3.py
[2023-09-05T12:42:23.266+0000] {processor.py:839} INFO - DAG(s) dict_keys(['example_branch_dop_operator_v3']) retrieved from /home/airflow/.local/lib/python3.8/site-packages/airflow/example_dags/example_branch_python_dop_operator_3.py
[2023-09-05T12:42:23.283+0000] {logging_mixin.py:151} INFO - [2023-09-05T12:42:23.283+0000] {dag.py:2907} INFO - Sync 1 DAGs
[2023-09-05T12:42:23.299+0000] {logging_mixin.py:151} INFO - [2023-09-05T12:42:23.299+0000] {dag.py:3677} INFO - Setting next_dagrun for example_branch_dop_operator_v3 to 2023-09-05T12:41:00+00:00, run_after=2023-09-05T12:42:00+00:00
[2023-09-05T12:42:23.310+0000] {processor.py:179} INFO - Processing /home/airflow/.local/lib/python3.8/site-packages/airflow/example_dags/example_branch_python_dop_operator_3.py took 0.055 seconds
[2023-09-05T12:42:53.872+0000] {processor.py:157} INFO - Started process (PID=280) to work on /home/airflow/.local/lib/python3.8/site-packages/airflow/example_dags/example_branch_python_dop_operator_3.py
[2023-09-05T12:42:53.873+0000] {processor.py:829} INFO - Processing file /home/airflow/.local/lib/python3.8/site-packages/airflow/example_dags/example_branch_python_dop_operator_3.py for tasks to queue
[2023-09-05T12:42:53.875+0000] {logging_mixin.py:151} INFO - [2023-09-05T12:42:53.875+0000] {dagbag.py:539} INFO - Filling up the DagBag from /home/airflow/.local/lib/python3.8/site-packages/airflow/example_dags/example_branch_python_dop_operator_3.py
[2023-09-05T12:42:53.881+0000] {processor.py:839} INFO - DAG(s) dict_keys(['example_branch_dop_operator_v3']) retrieved from /home/airflow/.local/lib/python3.8/site-packages/airflow/example_dags/example_branch_python_dop_operator_3.py
[2023-09-05T12:42:53.897+0000] {logging_mixin.py:151} INFO - [2023-09-05T12:42:53.897+0000] {dag.py:2907} INFO - Sync 1 DAGs
[2023-09-05T12:42:53.914+0000] {logging_mixin.py:151} INFO - [2023-09-05T12:42:53.914+0000] {dag.py:3677} INFO - Setting next_dagrun for example_branch_dop_operator_v3 to 2023-09-05T12:41:00+00:00, run_after=2023-09-05T12:42:00+00:00
[2023-09-05T12:42:53.925+0000] {processor.py:179} INFO - Processing /home/airflow/.local/lib/python3.8/site-packages/airflow/example_dags/example_branch_python_dop_operator_3.py took 0.056 seconds
[2023-09-05T12:44:38.898+0000] {processor.py:157} INFO - Started process (PID=64) to work on /home/airflow/.local/lib/python3.8/site-packages/airflow/example_dags/example_branch_python_dop_operator_3.py
[2023-09-05T12:44:38.900+0000] {processor.py:829} INFO - Processing file /home/airflow/.local/lib/python3.8/site-packages/airflow/example_dags/example_branch_python_dop_operator_3.py for tasks to queue
[2023-09-05T12:44:38.902+0000] {logging_mixin.py:151} INFO - [2023-09-05T12:44:38.902+0000] {dagbag.py:539} INFO - Filling up the DagBag from /home/airflow/.local/lib/python3.8/site-packages/airflow/example_dags/example_branch_python_dop_operator_3.py
[2023-09-05T12:44:38.909+0000] {processor.py:839} INFO - DAG(s) dict_keys(['example_branch_dop_operator_v3']) retrieved from /home/airflow/.local/lib/python3.8/site-packages/airflow/example_dags/example_branch_python_dop_operator_3.py
[2023-09-05T12:44:38.972+0000] {logging_mixin.py:151} INFO - [2023-09-05T12:44:38.972+0000] {manager.py:501} INFO - Created Permission View: can edit on DAG:example_branch_dop_operator_v3
[2023-09-05T12:44:38.979+0000] {logging_mixin.py:151} INFO - [2023-09-05T12:44:38.978+0000] {manager.py:501} INFO - Created Permission View: can read on DAG:example_branch_dop_operator_v3
[2023-09-05T12:44:38.983+0000] {logging_mixin.py:151} INFO - [2023-09-05T12:44:38.982+0000] {manager.py:501} INFO - Created Permission View: can delete on DAG:example_branch_dop_operator_v3
[2023-09-05T12:44:38.990+0000] {logging_mixin.py:151} INFO - [2023-09-05T12:44:38.989+0000] {dag.py:2907} INFO - Sync 1 DAGs
[2023-09-05T12:44:38.997+0000] {logging_mixin.py:151} INFO - [2023-09-05T12:44:38.997+0000] {dag.py:2929} INFO - Creating ORM DAG for example_branch_dop_operator_v3
[2023-09-05T12:44:39.010+0000] {logging_mixin.py:151} INFO - [2023-09-05T12:44:39.010+0000] {dag.py:3677} INFO - Setting next_dagrun for example_branch_dop_operator_v3 to 2023-09-05T12:43:00+00:00, run_after=2023-09-05T12:44:00+00:00
[2023-09-05T12:44:39.027+0000] {processor.py:179} INFO - Processing /home/airflow/.local/lib/python3.8/site-packages/airflow/example_dags/example_branch_python_dop_operator_3.py took 0.132 seconds
[2023-09-05T12:45:10.051+0000] {processor.py:157} INFO - Started process (PID=118) to work on /home/airflow/.local/lib/python3.8/site-packages/airflow/example_dags/example_branch_python_dop_operator_3.py
[2023-09-05T12:45:10.053+0000] {processor.py:829} INFO - Processing file /home/airflow/.local/lib/python3.8/site-packages/airflow/example_dags/example_branch_python_dop_operator_3.py for tasks to queue
[2023-09-05T12:45:10.055+0000] {logging_mixin.py:151} INFO - [2023-09-05T12:45:10.055+0000] {dagbag.py:539} INFO - Filling up the DagBag from /home/airflow/.local/lib/python3.8/site-packages/airflow/example_dags/example_branch_python_dop_operator_3.py
[2023-09-05T12:45:10.063+0000] {processor.py:839} INFO - DAG(s) dict_keys(['example_branch_dop_operator_v3']) retrieved from /home/airflow/.local/lib/python3.8/site-packages/airflow/example_dags/example_branch_python_dop_operator_3.py
[2023-09-05T12:45:10.082+0000] {logging_mixin.py:151} INFO - [2023-09-05T12:45:10.081+0000] {dag.py:2907} INFO - Sync 1 DAGs
[2023-09-05T12:45:10.097+0000] {logging_mixin.py:151} INFO - [2023-09-05T12:45:10.097+0000] {dag.py:3677} INFO - Setting next_dagrun for example_branch_dop_operator_v3 to 2023-09-05T12:44:00+00:00, run_after=2023-09-05T12:45:00+00:00
[2023-09-05T12:45:10.108+0000] {processor.py:179} INFO - Processing /home/airflow/.local/lib/python3.8/site-packages/airflow/example_dags/example_branch_python_dop_operator_3.py took 0.061 seconds
[2023-09-05T12:45:40.472+0000] {processor.py:157} INFO - Started process (PID=172) to work on /home/airflow/.local/lib/python3.8/site-packages/airflow/example_dags/example_branch_python_dop_operator_3.py
[2023-09-05T12:45:40.473+0000] {processor.py:829} INFO - Processing file /home/airflow/.local/lib/python3.8/site-packages/airflow/example_dags/example_branch_python_dop_operator_3.py for tasks to queue
[2023-09-05T12:45:40.476+0000] {logging_mixin.py:151} INFO - [2023-09-05T12:45:40.476+0000] {dagbag.py:539} INFO - Filling up the DagBag from /home/airflow/.local/lib/python3.8/site-packages/airflow/example_dags/example_branch_python_dop_operator_3.py
[2023-09-05T12:45:40.485+0000] {processor.py:839} INFO - DAG(s) dict_keys(['example_branch_dop_operator_v3']) retrieved from /home/airflow/.local/lib/python3.8/site-packages/airflow/example_dags/example_branch_python_dop_operator_3.py
[2023-09-05T12:45:40.506+0000] {logging_mixin.py:151} INFO - [2023-09-05T12:45:40.506+0000] {dag.py:2907} INFO - Sync 1 DAGs
[2023-09-05T12:45:40.522+0000] {logging_mixin.py:151} INFO - [2023-09-05T12:45:40.522+0000] {dag.py:3677} INFO - Setting next_dagrun for example_branch_dop_operator_v3 to 2023-09-05T12:44:00+00:00, run_after=2023-09-05T12:45:00+00:00
[2023-09-05T12:45:40.533+0000] {processor.py:179} INFO - Processing /home/airflow/.local/lib/python3.8/site-packages/airflow/example_dags/example_branch_python_dop_operator_3.py took 0.066 seconds
