[2023-09-05T12:33:43.234+0000] {processor.py:157} INFO - Started process (PID=59) to work on /home/airflow/.local/lib/python3.8/site-packages/airflow/example_dags/example_complex.py
[2023-09-05T12:33:43.237+0000] {processor.py:829} INFO - Processing file /home/airflow/.local/lib/python3.8/site-packages/airflow/example_dags/example_complex.py for tasks to queue
[2023-09-05T12:33:43.244+0000] {logging_mixin.py:151} INFO - [2023-09-05T12:33:43.243+0000] {dagbag.py:539} INFO - Filling up the DagBag from /home/airflow/.local/lib/python3.8/site-packages/airflow/example_dags/example_complex.py
[2023-09-05T12:33:43.259+0000] {processor.py:839} INFO - DAG(s) dict_keys(['example_complex']) retrieved from /home/airflow/.local/lib/python3.8/site-packages/airflow/example_dags/example_complex.py
[2023-09-05T12:33:43.284+0000] {logging_mixin.py:151} INFO - [2023-09-05T12:33:43.284+0000] {dag.py:2907} INFO - Sync 1 DAGs
[2023-09-05T12:33:43.305+0000] {logging_mixin.py:151} INFO - [2023-09-05T12:33:43.305+0000] {dag.py:3677} INFO - Setting next_dagrun for example_complex to None, run_after=None
[2023-09-05T12:33:43.345+0000] {processor.py:179} INFO - Processing /home/airflow/.local/lib/python3.8/site-packages/airflow/example_dags/example_complex.py took 0.116 seconds
[2023-09-05T12:34:13.920+0000] {processor.py:157} INFO - Started process (PID=114) to work on /home/airflow/.local/lib/python3.8/site-packages/airflow/example_dags/example_complex.py
[2023-09-05T12:34:13.922+0000] {processor.py:829} INFO - Processing file /home/airflow/.local/lib/python3.8/site-packages/airflow/example_dags/example_complex.py for tasks to queue
[2023-09-05T12:34:13.924+0000] {logging_mixin.py:151} INFO - [2023-09-05T12:34:13.924+0000] {dagbag.py:539} INFO - Filling up the DagBag from /home/airflow/.local/lib/python3.8/site-packages/airflow/example_dags/example_complex.py
[2023-09-05T12:34:13.932+0000] {processor.py:839} INFO - DAG(s) dict_keys(['example_complex']) retrieved from /home/airflow/.local/lib/python3.8/site-packages/airflow/example_dags/example_complex.py
[2023-09-05T12:34:13.955+0000] {logging_mixin.py:151} INFO - [2023-09-05T12:34:13.955+0000] {dag.py:2907} INFO - Sync 1 DAGs
[2023-09-05T12:34:13.963+0000] {logging_mixin.py:151} INFO - [2023-09-05T12:34:13.963+0000] {dag.py:3677} INFO - Setting next_dagrun for example_complex to None, run_after=None
[2023-09-05T12:34:13.975+0000] {processor.py:179} INFO - Processing /home/airflow/.local/lib/python3.8/site-packages/airflow/example_dags/example_complex.py took 0.058 seconds
[2023-09-05T12:34:44.836+0000] {processor.py:157} INFO - Started process (PID=168) to work on /home/airflow/.local/lib/python3.8/site-packages/airflow/example_dags/example_complex.py
[2023-09-05T12:34:44.852+0000] {processor.py:829} INFO - Processing file /home/airflow/.local/lib/python3.8/site-packages/airflow/example_dags/example_complex.py for tasks to queue
[2023-09-05T12:34:44.862+0000] {logging_mixin.py:151} INFO - [2023-09-05T12:34:44.862+0000] {dagbag.py:539} INFO - Filling up the DagBag from /home/airflow/.local/lib/python3.8/site-packages/airflow/example_dags/example_complex.py
[2023-09-05T12:34:44.873+0000] {processor.py:839} INFO - DAG(s) dict_keys(['example_complex']) retrieved from /home/airflow/.local/lib/python3.8/site-packages/airflow/example_dags/example_complex.py
[2023-09-05T12:34:44.919+0000] {logging_mixin.py:151} INFO - [2023-09-05T12:34:44.919+0000] {dag.py:2907} INFO - Sync 1 DAGs
[2023-09-05T12:34:44.933+0000] {logging_mixin.py:151} INFO - [2023-09-05T12:34:44.933+0000] {dag.py:3677} INFO - Setting next_dagrun for example_complex to None, run_after=None
[2023-09-05T12:34:44.966+0000] {processor.py:179} INFO - Processing /home/airflow/.local/lib/python3.8/site-packages/airflow/example_dags/example_complex.py took 0.133 seconds
[2023-09-05T12:40:51.187+0000] {processor.py:157} INFO - Started process (PID=59) to work on /home/airflow/.local/lib/python3.8/site-packages/airflow/example_dags/example_complex.py
[2023-09-05T12:40:51.189+0000] {processor.py:829} INFO - Processing file /home/airflow/.local/lib/python3.8/site-packages/airflow/example_dags/example_complex.py for tasks to queue
[2023-09-05T12:40:51.192+0000] {logging_mixin.py:151} INFO - [2023-09-05T12:40:51.191+0000] {dagbag.py:539} INFO - Filling up the DagBag from /home/airflow/.local/lib/python3.8/site-packages/airflow/example_dags/example_complex.py
[2023-09-05T12:40:51.200+0000] {processor.py:839} INFO - DAG(s) dict_keys(['example_complex']) retrieved from /home/airflow/.local/lib/python3.8/site-packages/airflow/example_dags/example_complex.py
[2023-09-05T12:40:51.266+0000] {logging_mixin.py:151} INFO - [2023-09-05T12:40:51.265+0000] {manager.py:501} INFO - Created Permission View: can read on DAG:example_complex
[2023-09-05T12:40:51.271+0000] {logging_mixin.py:151} INFO - [2023-09-05T12:40:51.271+0000] {manager.py:501} INFO - Created Permission View: can edit on DAG:example_complex
[2023-09-05T12:40:51.276+0000] {logging_mixin.py:151} INFO - [2023-09-05T12:40:51.275+0000] {manager.py:501} INFO - Created Permission View: can delete on DAG:example_complex
[2023-09-05T12:40:51.283+0000] {logging_mixin.py:151} INFO - [2023-09-05T12:40:51.283+0000] {dag.py:2907} INFO - Sync 1 DAGs
[2023-09-05T12:40:51.291+0000] {logging_mixin.py:151} INFO - [2023-09-05T12:40:51.291+0000] {dag.py:2929} INFO - Creating ORM DAG for example_complex
[2023-09-05T12:40:51.292+0000] {logging_mixin.py:151} INFO - [2023-09-05T12:40:51.292+0000] {dag.py:3677} INFO - Setting next_dagrun for example_complex to None, run_after=None
[2023-09-05T12:40:51.303+0000] {processor.py:179} INFO - Processing /home/airflow/.local/lib/python3.8/site-packages/airflow/example_dags/example_complex.py took 0.119 seconds
[2023-09-05T12:41:21.881+0000] {processor.py:157} INFO - Started process (PID=113) to work on /home/airflow/.local/lib/python3.8/site-packages/airflow/example_dags/example_complex.py
[2023-09-05T12:41:21.883+0000] {processor.py:829} INFO - Processing file /home/airflow/.local/lib/python3.8/site-packages/airflow/example_dags/example_complex.py for tasks to queue
[2023-09-05T12:41:21.885+0000] {logging_mixin.py:151} INFO - [2023-09-05T12:41:21.885+0000] {dagbag.py:539} INFO - Filling up the DagBag from /home/airflow/.local/lib/python3.8/site-packages/airflow/example_dags/example_complex.py
[2023-09-05T12:41:21.894+0000] {processor.py:839} INFO - DAG(s) dict_keys(['example_complex']) retrieved from /home/airflow/.local/lib/python3.8/site-packages/airflow/example_dags/example_complex.py
[2023-09-05T12:41:21.917+0000] {logging_mixin.py:151} INFO - [2023-09-05T12:41:21.916+0000] {dag.py:2907} INFO - Sync 1 DAGs
[2023-09-05T12:41:21.926+0000] {logging_mixin.py:151} INFO - [2023-09-05T12:41:21.926+0000] {dag.py:3677} INFO - Setting next_dagrun for example_complex to None, run_after=None
[2023-09-05T12:41:21.937+0000] {processor.py:179} INFO - Processing /home/airflow/.local/lib/python3.8/site-packages/airflow/example_dags/example_complex.py took 0.059 seconds
[2023-09-05T12:41:52.395+0000] {processor.py:157} INFO - Started process (PID=167) to work on /home/airflow/.local/lib/python3.8/site-packages/airflow/example_dags/example_complex.py
[2023-09-05T12:41:52.397+0000] {processor.py:829} INFO - Processing file /home/airflow/.local/lib/python3.8/site-packages/airflow/example_dags/example_complex.py for tasks to queue
[2023-09-05T12:41:52.398+0000] {logging_mixin.py:151} INFO - [2023-09-05T12:41:52.398+0000] {dagbag.py:539} INFO - Filling up the DagBag from /home/airflow/.local/lib/python3.8/site-packages/airflow/example_dags/example_complex.py
[2023-09-05T12:41:52.405+0000] {processor.py:839} INFO - DAG(s) dict_keys(['example_complex']) retrieved from /home/airflow/.local/lib/python3.8/site-packages/airflow/example_dags/example_complex.py
[2023-09-05T12:41:52.426+0000] {logging_mixin.py:151} INFO - [2023-09-05T12:41:52.425+0000] {dag.py:2907} INFO - Sync 1 DAGs
[2023-09-05T12:41:52.433+0000] {logging_mixin.py:151} INFO - [2023-09-05T12:41:52.433+0000] {dag.py:3677} INFO - Setting next_dagrun for example_complex to None, run_after=None
[2023-09-05T12:41:52.445+0000] {processor.py:179} INFO - Processing /home/airflow/.local/lib/python3.8/site-packages/airflow/example_dags/example_complex.py took 0.052 seconds
[2023-09-05T12:42:23.085+0000] {processor.py:157} INFO - Started process (PID=221) to work on /home/airflow/.local/lib/python3.8/site-packages/airflow/example_dags/example_complex.py
[2023-09-05T12:42:23.087+0000] {processor.py:829} INFO - Processing file /home/airflow/.local/lib/python3.8/site-packages/airflow/example_dags/example_complex.py for tasks to queue
[2023-09-05T12:42:23.089+0000] {logging_mixin.py:151} INFO - [2023-09-05T12:42:23.088+0000] {dagbag.py:539} INFO - Filling up the DagBag from /home/airflow/.local/lib/python3.8/site-packages/airflow/example_dags/example_complex.py
[2023-09-05T12:42:23.096+0000] {processor.py:839} INFO - DAG(s) dict_keys(['example_complex']) retrieved from /home/airflow/.local/lib/python3.8/site-packages/airflow/example_dags/example_complex.py
[2023-09-05T12:42:23.117+0000] {logging_mixin.py:151} INFO - [2023-09-05T12:42:23.117+0000] {dag.py:2907} INFO - Sync 1 DAGs
[2023-09-05T12:42:23.125+0000] {logging_mixin.py:151} INFO - [2023-09-05T12:42:23.125+0000] {dag.py:3677} INFO - Setting next_dagrun for example_complex to None, run_after=None
[2023-09-05T12:42:23.136+0000] {processor.py:179} INFO - Processing /home/airflow/.local/lib/python3.8/site-packages/airflow/example_dags/example_complex.py took 0.054 seconds
[2023-09-05T12:42:53.695+0000] {processor.py:157} INFO - Started process (PID=275) to work on /home/airflow/.local/lib/python3.8/site-packages/airflow/example_dags/example_complex.py
[2023-09-05T12:42:53.696+0000] {processor.py:829} INFO - Processing file /home/airflow/.local/lib/python3.8/site-packages/airflow/example_dags/example_complex.py for tasks to queue
[2023-09-05T12:42:53.699+0000] {logging_mixin.py:151} INFO - [2023-09-05T12:42:53.698+0000] {dagbag.py:539} INFO - Filling up the DagBag from /home/airflow/.local/lib/python3.8/site-packages/airflow/example_dags/example_complex.py
[2023-09-05T12:42:53.706+0000] {processor.py:839} INFO - DAG(s) dict_keys(['example_complex']) retrieved from /home/airflow/.local/lib/python3.8/site-packages/airflow/example_dags/example_complex.py
[2023-09-05T12:42:53.729+0000] {logging_mixin.py:151} INFO - [2023-09-05T12:42:53.729+0000] {dag.py:2907} INFO - Sync 1 DAGs
[2023-09-05T12:42:53.737+0000] {logging_mixin.py:151} INFO - [2023-09-05T12:42:53.737+0000] {dag.py:3677} INFO - Setting next_dagrun for example_complex to None, run_after=None
[2023-09-05T12:42:53.748+0000] {processor.py:179} INFO - Processing /home/airflow/.local/lib/python3.8/site-packages/airflow/example_dags/example_complex.py took 0.055 seconds
[2023-09-05T12:44:37.990+0000] {processor.py:157} INFO - Started process (PID=58) to work on /home/airflow/.local/lib/python3.8/site-packages/airflow/example_dags/example_complex.py
[2023-09-05T12:44:37.992+0000] {processor.py:829} INFO - Processing file /home/airflow/.local/lib/python3.8/site-packages/airflow/example_dags/example_complex.py for tasks to queue
[2023-09-05T12:44:37.994+0000] {logging_mixin.py:151} INFO - [2023-09-05T12:44:37.994+0000] {dagbag.py:539} INFO - Filling up the DagBag from /home/airflow/.local/lib/python3.8/site-packages/airflow/example_dags/example_complex.py
[2023-09-05T12:44:38.002+0000] {processor.py:839} INFO - DAG(s) dict_keys(['example_complex']) retrieved from /home/airflow/.local/lib/python3.8/site-packages/airflow/example_dags/example_complex.py
[2023-09-05T12:44:38.080+0000] {logging_mixin.py:151} INFO - [2023-09-05T12:44:38.080+0000] {manager.py:501} INFO - Created Permission View: can edit on DAG:example_complex
[2023-09-05T12:44:38.086+0000] {logging_mixin.py:151} INFO - [2023-09-05T12:44:38.085+0000] {manager.py:501} INFO - Created Permission View: can read on DAG:example_complex
[2023-09-05T12:44:38.089+0000] {logging_mixin.py:151} INFO - [2023-09-05T12:44:38.089+0000] {manager.py:501} INFO - Created Permission View: can delete on DAG:example_complex
[2023-09-05T12:44:38.098+0000] {logging_mixin.py:151} INFO - [2023-09-05T12:44:38.098+0000] {dag.py:2907} INFO - Sync 1 DAGs
[2023-09-05T12:44:38.105+0000] {logging_mixin.py:151} INFO - [2023-09-05T12:44:38.105+0000] {dag.py:2929} INFO - Creating ORM DAG for example_complex
[2023-09-05T12:44:38.107+0000] {logging_mixin.py:151} INFO - [2023-09-05T12:44:38.107+0000] {dag.py:3677} INFO - Setting next_dagrun for example_complex to None, run_after=None
[2023-09-05T12:44:38.118+0000] {processor.py:179} INFO - Processing /home/airflow/.local/lib/python3.8/site-packages/airflow/example_dags/example_complex.py took 0.131 seconds
[2023-09-05T12:45:08.804+0000] {processor.py:157} INFO - Started process (PID=112) to work on /home/airflow/.local/lib/python3.8/site-packages/airflow/example_dags/example_complex.py
[2023-09-05T12:45:08.806+0000] {processor.py:829} INFO - Processing file /home/airflow/.local/lib/python3.8/site-packages/airflow/example_dags/example_complex.py for tasks to queue
[2023-09-05T12:45:08.808+0000] {logging_mixin.py:151} INFO - [2023-09-05T12:45:08.807+0000] {dagbag.py:539} INFO - Filling up the DagBag from /home/airflow/.local/lib/python3.8/site-packages/airflow/example_dags/example_complex.py
[2023-09-05T12:45:08.815+0000] {processor.py:839} INFO - DAG(s) dict_keys(['example_complex']) retrieved from /home/airflow/.local/lib/python3.8/site-packages/airflow/example_dags/example_complex.py
[2023-09-05T12:45:08.836+0000] {logging_mixin.py:151} INFO - [2023-09-05T12:45:08.836+0000] {dag.py:2907} INFO - Sync 1 DAGs
[2023-09-05T12:45:08.843+0000] {logging_mixin.py:151} INFO - [2023-09-05T12:45:08.843+0000] {dag.py:3677} INFO - Setting next_dagrun for example_complex to None, run_after=None
[2023-09-05T12:45:08.855+0000] {processor.py:179} INFO - Processing /home/airflow/.local/lib/python3.8/site-packages/airflow/example_dags/example_complex.py took 0.053 seconds
[2023-09-05T12:45:39.205+0000] {processor.py:157} INFO - Started process (PID=166) to work on /home/airflow/.local/lib/python3.8/site-packages/airflow/example_dags/example_complex.py
[2023-09-05T12:45:39.207+0000] {processor.py:829} INFO - Processing file /home/airflow/.local/lib/python3.8/site-packages/airflow/example_dags/example_complex.py for tasks to queue
[2023-09-05T12:45:39.209+0000] {logging_mixin.py:151} INFO - [2023-09-05T12:45:39.209+0000] {dagbag.py:539} INFO - Filling up the DagBag from /home/airflow/.local/lib/python3.8/site-packages/airflow/example_dags/example_complex.py
[2023-09-05T12:45:39.216+0000] {processor.py:839} INFO - DAG(s) dict_keys(['example_complex']) retrieved from /home/airflow/.local/lib/python3.8/site-packages/airflow/example_dags/example_complex.py
[2023-09-05T12:45:39.237+0000] {logging_mixin.py:151} INFO - [2023-09-05T12:45:39.237+0000] {dag.py:2907} INFO - Sync 1 DAGs
[2023-09-05T12:45:39.244+0000] {logging_mixin.py:151} INFO - [2023-09-05T12:45:39.244+0000] {dag.py:3677} INFO - Setting next_dagrun for example_complex to None, run_after=None
[2023-09-05T12:45:39.254+0000] {processor.py:179} INFO - Processing /home/airflow/.local/lib/python3.8/site-packages/airflow/example_dags/example_complex.py took 0.051 seconds
