[2023-09-05T12:33:44.680+0000] {processor.py:157} INFO - Started process (PID=68) to work on /home/airflow/.local/lib/python3.8/site-packages/airflow/example_dags/example_local_kubernetes_executor.py
[2023-09-05T12:33:44.683+0000] {processor.py:829} INFO - Processing file /home/airflow/.local/lib/python3.8/site-packages/airflow/example_dags/example_local_kubernetes_executor.py for tasks to queue
[2023-09-05T12:33:44.688+0000] {logging_mixin.py:151} INFO - [2023-09-05T12:33:44.687+0000] {dagbag.py:539} INFO - Filling up the DagBag from /home/airflow/.local/lib/python3.8/site-packages/airflow/example_dags/example_local_kubernetes_executor.py
[2023-09-05T12:33:44.980+0000] {processor.py:839} INFO - DAG(s) dict_keys(['example_local_kubernetes_executor']) retrieved from /home/airflow/.local/lib/python3.8/site-packages/airflow/example_dags/example_local_kubernetes_executor.py
[2023-09-05T12:33:44.997+0000] {logging_mixin.py:151} INFO - [2023-09-05T12:33:44.997+0000] {dag.py:2907} INFO - Sync 1 DAGs
[2023-09-05T12:33:45.011+0000] {logging_mixin.py:151} INFO - [2023-09-05T12:33:45.010+0000] {dag.py:3677} INFO - Setting next_dagrun for example_local_kubernetes_executor to None, run_after=None
[2023-09-05T12:33:45.024+0000] {processor.py:179} INFO - Processing /home/airflow/.local/lib/python3.8/site-packages/airflow/example_dags/example_local_kubernetes_executor.py took 0.350 seconds
[2023-09-05T12:34:15.555+0000] {processor.py:157} INFO - Started process (PID=123) to work on /home/airflow/.local/lib/python3.8/site-packages/airflow/example_dags/example_local_kubernetes_executor.py
[2023-09-05T12:34:15.556+0000] {processor.py:829} INFO - Processing file /home/airflow/.local/lib/python3.8/site-packages/airflow/example_dags/example_local_kubernetes_executor.py for tasks to queue
[2023-09-05T12:34:15.558+0000] {logging_mixin.py:151} INFO - [2023-09-05T12:34:15.558+0000] {dagbag.py:539} INFO - Filling up the DagBag from /home/airflow/.local/lib/python3.8/site-packages/airflow/example_dags/example_local_kubernetes_executor.py
[2023-09-05T12:34:15.693+0000] {processor.py:839} INFO - DAG(s) dict_keys(['example_local_kubernetes_executor']) retrieved from /home/airflow/.local/lib/python3.8/site-packages/airflow/example_dags/example_local_kubernetes_executor.py
[2023-09-05T12:34:15.717+0000] {logging_mixin.py:151} INFO - [2023-09-05T12:34:15.716+0000] {dag.py:2907} INFO - Sync 1 DAGs
[2023-09-05T12:34:15.725+0000] {logging_mixin.py:151} INFO - [2023-09-05T12:34:15.725+0000] {dag.py:3677} INFO - Setting next_dagrun for example_local_kubernetes_executor to None, run_after=None
[2023-09-05T12:34:15.737+0000] {processor.py:179} INFO - Processing /home/airflow/.local/lib/python3.8/site-packages/airflow/example_dags/example_local_kubernetes_executor.py took 0.185 seconds
[2023-09-05T12:34:46.758+0000] {processor.py:157} INFO - Started process (PID=178) to work on /home/airflow/.local/lib/python3.8/site-packages/airflow/example_dags/example_local_kubernetes_executor.py
[2023-09-05T12:34:46.761+0000] {processor.py:829} INFO - Processing file /home/airflow/.local/lib/python3.8/site-packages/airflow/example_dags/example_local_kubernetes_executor.py for tasks to queue
[2023-09-05T12:34:46.779+0000] {logging_mixin.py:151} INFO - [2023-09-05T12:34:46.779+0000] {dagbag.py:539} INFO - Filling up the DagBag from /home/airflow/.local/lib/python3.8/site-packages/airflow/example_dags/example_local_kubernetes_executor.py
[2023-09-05T12:34:47.126+0000] {processor.py:839} INFO - DAG(s) dict_keys(['example_local_kubernetes_executor']) retrieved from /home/airflow/.local/lib/python3.8/site-packages/airflow/example_dags/example_local_kubernetes_executor.py
[2023-09-05T12:34:47.242+0000] {logging_mixin.py:151} INFO - [2023-09-05T12:34:47.240+0000] {dag.py:2907} INFO - Sync 1 DAGs
[2023-09-05T12:34:47.279+0000] {logging_mixin.py:151} INFO - [2023-09-05T12:34:47.279+0000] {dag.py:3677} INFO - Setting next_dagrun for example_local_kubernetes_executor to None, run_after=None
[2023-09-05T12:34:47.397+0000] {processor.py:179} INFO - Processing /home/airflow/.local/lib/python3.8/site-packages/airflow/example_dags/example_local_kubernetes_executor.py took 0.642 seconds
[2023-09-05T12:40:52.478+0000] {processor.py:157} INFO - Started process (PID=68) to work on /home/airflow/.local/lib/python3.8/site-packages/airflow/example_dags/example_local_kubernetes_executor.py
[2023-09-05T12:40:52.480+0000] {processor.py:829} INFO - Processing file /home/airflow/.local/lib/python3.8/site-packages/airflow/example_dags/example_local_kubernetes_executor.py for tasks to queue
[2023-09-05T12:40:52.482+0000] {logging_mixin.py:151} INFO - [2023-09-05T12:40:52.482+0000] {dagbag.py:539} INFO - Filling up the DagBag from /home/airflow/.local/lib/python3.8/site-packages/airflow/example_dags/example_local_kubernetes_executor.py
[2023-09-05T12:40:52.631+0000] {processor.py:839} INFO - DAG(s) dict_keys(['example_local_kubernetes_executor']) retrieved from /home/airflow/.local/lib/python3.8/site-packages/airflow/example_dags/example_local_kubernetes_executor.py
[2023-09-05T12:40:52.726+0000] {logging_mixin.py:151} INFO - [2023-09-05T12:40:52.726+0000] {manager.py:501} INFO - Created Permission View: can read on DAG:example_local_kubernetes_executor
[2023-09-05T12:40:52.734+0000] {logging_mixin.py:151} INFO - [2023-09-05T12:40:52.734+0000] {manager.py:501} INFO - Created Permission View: can edit on DAG:example_local_kubernetes_executor
[2023-09-05T12:40:52.739+0000] {logging_mixin.py:151} INFO - [2023-09-05T12:40:52.739+0000] {manager.py:501} INFO - Created Permission View: can delete on DAG:example_local_kubernetes_executor
[2023-09-05T12:40:52.749+0000] {logging_mixin.py:151} INFO - [2023-09-05T12:40:52.748+0000] {dag.py:2907} INFO - Sync 1 DAGs
[2023-09-05T12:40:52.757+0000] {logging_mixin.py:151} INFO - [2023-09-05T12:40:52.757+0000] {dag.py:2929} INFO - Creating ORM DAG for example_local_kubernetes_executor
[2023-09-05T12:40:52.759+0000] {logging_mixin.py:151} INFO - [2023-09-05T12:40:52.758+0000] {dag.py:3677} INFO - Setting next_dagrun for example_local_kubernetes_executor to None, run_after=None
[2023-09-05T12:40:52.770+0000] {processor.py:179} INFO - Processing /home/airflow/.local/lib/python3.8/site-packages/airflow/example_dags/example_local_kubernetes_executor.py took 0.294 seconds
[2023-09-05T12:41:23.436+0000] {processor.py:157} INFO - Started process (PID=122) to work on /home/airflow/.local/lib/python3.8/site-packages/airflow/example_dags/example_local_kubernetes_executor.py
[2023-09-05T12:41:23.438+0000] {processor.py:829} INFO - Processing file /home/airflow/.local/lib/python3.8/site-packages/airflow/example_dags/example_local_kubernetes_executor.py for tasks to queue
[2023-09-05T12:41:23.441+0000] {logging_mixin.py:151} INFO - [2023-09-05T12:41:23.441+0000] {dagbag.py:539} INFO - Filling up the DagBag from /home/airflow/.local/lib/python3.8/site-packages/airflow/example_dags/example_local_kubernetes_executor.py
[2023-09-05T12:41:23.583+0000] {processor.py:839} INFO - DAG(s) dict_keys(['example_local_kubernetes_executor']) retrieved from /home/airflow/.local/lib/python3.8/site-packages/airflow/example_dags/example_local_kubernetes_executor.py
[2023-09-05T12:41:23.608+0000] {logging_mixin.py:151} INFO - [2023-09-05T12:41:23.607+0000] {dag.py:2907} INFO - Sync 1 DAGs
[2023-09-05T12:41:23.616+0000] {logging_mixin.py:151} INFO - [2023-09-05T12:41:23.616+0000] {dag.py:3677} INFO - Setting next_dagrun for example_local_kubernetes_executor to None, run_after=None
[2023-09-05T12:41:23.627+0000] {processor.py:179} INFO - Processing /home/airflow/.local/lib/python3.8/site-packages/airflow/example_dags/example_local_kubernetes_executor.py took 0.195 seconds
[2023-09-05T12:41:53.933+0000] {processor.py:157} INFO - Started process (PID=177) to work on /home/airflow/.local/lib/python3.8/site-packages/airflow/example_dags/example_local_kubernetes_executor.py
[2023-09-05T12:41:53.934+0000] {processor.py:829} INFO - Processing file /home/airflow/.local/lib/python3.8/site-packages/airflow/example_dags/example_local_kubernetes_executor.py for tasks to queue
[2023-09-05T12:41:53.936+0000] {logging_mixin.py:151} INFO - [2023-09-05T12:41:53.936+0000] {dagbag.py:539} INFO - Filling up the DagBag from /home/airflow/.local/lib/python3.8/site-packages/airflow/example_dags/example_local_kubernetes_executor.py
[2023-09-05T12:41:54.067+0000] {processor.py:839} INFO - DAG(s) dict_keys(['example_local_kubernetes_executor']) retrieved from /home/airflow/.local/lib/python3.8/site-packages/airflow/example_dags/example_local_kubernetes_executor.py
[2023-09-05T12:41:54.092+0000] {logging_mixin.py:151} INFO - [2023-09-05T12:41:54.091+0000] {dag.py:2907} INFO - Sync 1 DAGs
[2023-09-05T12:41:54.101+0000] {logging_mixin.py:151} INFO - [2023-09-05T12:41:54.101+0000] {dag.py:3677} INFO - Setting next_dagrun for example_local_kubernetes_executor to None, run_after=None
[2023-09-05T12:41:54.114+0000] {processor.py:179} INFO - Processing /home/airflow/.local/lib/python3.8/site-packages/airflow/example_dags/example_local_kubernetes_executor.py took 0.184 seconds
[2023-09-05T12:42:24.486+0000] {processor.py:157} INFO - Started process (PID=230) to work on /home/airflow/.local/lib/python3.8/site-packages/airflow/example_dags/example_local_kubernetes_executor.py
[2023-09-05T12:42:24.487+0000] {processor.py:829} INFO - Processing file /home/airflow/.local/lib/python3.8/site-packages/airflow/example_dags/example_local_kubernetes_executor.py for tasks to queue
[2023-09-05T12:42:24.489+0000] {logging_mixin.py:151} INFO - [2023-09-05T12:42:24.489+0000] {dagbag.py:539} INFO - Filling up the DagBag from /home/airflow/.local/lib/python3.8/site-packages/airflow/example_dags/example_local_kubernetes_executor.py
[2023-09-05T12:42:24.637+0000] {processor.py:839} INFO - DAG(s) dict_keys(['example_local_kubernetes_executor']) retrieved from /home/airflow/.local/lib/python3.8/site-packages/airflow/example_dags/example_local_kubernetes_executor.py
[2023-09-05T12:42:24.662+0000] {logging_mixin.py:151} INFO - [2023-09-05T12:42:24.662+0000] {dag.py:2907} INFO - Sync 1 DAGs
[2023-09-05T12:42:24.670+0000] {logging_mixin.py:151} INFO - [2023-09-05T12:42:24.670+0000] {dag.py:3677} INFO - Setting next_dagrun for example_local_kubernetes_executor to None, run_after=None
[2023-09-05T12:42:24.680+0000] {processor.py:179} INFO - Processing /home/airflow/.local/lib/python3.8/site-packages/airflow/example_dags/example_local_kubernetes_executor.py took 0.197 seconds
[2023-09-05T12:42:55.171+0000] {processor.py:157} INFO - Started process (PID=284) to work on /home/airflow/.local/lib/python3.8/site-packages/airflow/example_dags/example_local_kubernetes_executor.py
[2023-09-05T12:42:55.173+0000] {processor.py:829} INFO - Processing file /home/airflow/.local/lib/python3.8/site-packages/airflow/example_dags/example_local_kubernetes_executor.py for tasks to queue
[2023-09-05T12:42:55.175+0000] {logging_mixin.py:151} INFO - [2023-09-05T12:42:55.175+0000] {dagbag.py:539} INFO - Filling up the DagBag from /home/airflow/.local/lib/python3.8/site-packages/airflow/example_dags/example_local_kubernetes_executor.py
[2023-09-05T12:42:55.330+0000] {processor.py:839} INFO - DAG(s) dict_keys(['example_local_kubernetes_executor']) retrieved from /home/airflow/.local/lib/python3.8/site-packages/airflow/example_dags/example_local_kubernetes_executor.py
[2023-09-05T12:42:55.355+0000] {logging_mixin.py:151} INFO - [2023-09-05T12:42:55.355+0000] {dag.py:2907} INFO - Sync 1 DAGs
[2023-09-05T12:42:55.363+0000] {logging_mixin.py:151} INFO - [2023-09-05T12:42:55.363+0000] {dag.py:3677} INFO - Setting next_dagrun for example_local_kubernetes_executor to None, run_after=None
[2023-09-05T12:42:55.374+0000] {processor.py:179} INFO - Processing /home/airflow/.local/lib/python3.8/site-packages/airflow/example_dags/example_local_kubernetes_executor.py took 0.206 seconds
[2023-09-05T12:44:39.356+0000] {processor.py:157} INFO - Started process (PID=67) to work on /home/airflow/.local/lib/python3.8/site-packages/airflow/example_dags/example_local_kubernetes_executor.py
[2023-09-05T12:44:39.358+0000] {processor.py:829} INFO - Processing file /home/airflow/.local/lib/python3.8/site-packages/airflow/example_dags/example_local_kubernetes_executor.py for tasks to queue
[2023-09-05T12:44:39.361+0000] {logging_mixin.py:151} INFO - [2023-09-05T12:44:39.361+0000] {dagbag.py:539} INFO - Filling up the DagBag from /home/airflow/.local/lib/python3.8/site-packages/airflow/example_dags/example_local_kubernetes_executor.py
[2023-09-05T12:44:39.507+0000] {processor.py:839} INFO - DAG(s) dict_keys(['example_local_kubernetes_executor']) retrieved from /home/airflow/.local/lib/python3.8/site-packages/airflow/example_dags/example_local_kubernetes_executor.py
[2023-09-05T12:44:39.594+0000] {logging_mixin.py:151} INFO - [2023-09-05T12:44:39.594+0000] {manager.py:501} INFO - Created Permission View: can edit on DAG:example_local_kubernetes_executor
[2023-09-05T12:44:39.604+0000] {logging_mixin.py:151} INFO - [2023-09-05T12:44:39.604+0000] {manager.py:501} INFO - Created Permission View: can read on DAG:example_local_kubernetes_executor
[2023-09-05T12:44:39.610+0000] {logging_mixin.py:151} INFO - [2023-09-05T12:44:39.610+0000] {manager.py:501} INFO - Created Permission View: can delete on DAG:example_local_kubernetes_executor
[2023-09-05T12:44:39.626+0000] {logging_mixin.py:151} INFO - [2023-09-05T12:44:39.626+0000] {dag.py:2907} INFO - Sync 1 DAGs
[2023-09-05T12:44:39.643+0000] {logging_mixin.py:151} INFO - [2023-09-05T12:44:39.639+0000] {dag.py:2929} INFO - Creating ORM DAG for example_local_kubernetes_executor
[2023-09-05T12:44:39.648+0000] {logging_mixin.py:151} INFO - [2023-09-05T12:44:39.647+0000] {dag.py:3677} INFO - Setting next_dagrun for example_local_kubernetes_executor to None, run_after=None
[2023-09-05T12:44:39.668+0000] {processor.py:179} INFO - Processing /home/airflow/.local/lib/python3.8/site-packages/airflow/example_dags/example_local_kubernetes_executor.py took 0.315 seconds
[2023-09-05T12:45:10.278+0000] {processor.py:157} INFO - Started process (PID=121) to work on /home/airflow/.local/lib/python3.8/site-packages/airflow/example_dags/example_local_kubernetes_executor.py
[2023-09-05T12:45:10.280+0000] {processor.py:829} INFO - Processing file /home/airflow/.local/lib/python3.8/site-packages/airflow/example_dags/example_local_kubernetes_executor.py for tasks to queue
[2023-09-05T12:45:10.283+0000] {logging_mixin.py:151} INFO - [2023-09-05T12:45:10.282+0000] {dagbag.py:539} INFO - Filling up the DagBag from /home/airflow/.local/lib/python3.8/site-packages/airflow/example_dags/example_local_kubernetes_executor.py
[2023-09-05T12:45:10.419+0000] {processor.py:839} INFO - DAG(s) dict_keys(['example_local_kubernetes_executor']) retrieved from /home/airflow/.local/lib/python3.8/site-packages/airflow/example_dags/example_local_kubernetes_executor.py
[2023-09-05T12:45:10.444+0000] {logging_mixin.py:151} INFO - [2023-09-05T12:45:10.444+0000] {dag.py:2907} INFO - Sync 1 DAGs
[2023-09-05T12:45:10.453+0000] {logging_mixin.py:151} INFO - [2023-09-05T12:45:10.453+0000] {dag.py:3677} INFO - Setting next_dagrun for example_local_kubernetes_executor to None, run_after=None
[2023-09-05T12:45:10.464+0000] {processor.py:179} INFO - Processing /home/airflow/.local/lib/python3.8/site-packages/airflow/example_dags/example_local_kubernetes_executor.py took 0.189 seconds
[2023-09-05T12:45:40.731+0000] {processor.py:157} INFO - Started process (PID=176) to work on /home/airflow/.local/lib/python3.8/site-packages/airflow/example_dags/example_local_kubernetes_executor.py
[2023-09-05T12:45:40.732+0000] {processor.py:829} INFO - Processing file /home/airflow/.local/lib/python3.8/site-packages/airflow/example_dags/example_local_kubernetes_executor.py for tasks to queue
[2023-09-05T12:45:40.735+0000] {logging_mixin.py:151} INFO - [2023-09-05T12:45:40.734+0000] {dagbag.py:539} INFO - Filling up the DagBag from /home/airflow/.local/lib/python3.8/site-packages/airflow/example_dags/example_local_kubernetes_executor.py
[2023-09-05T12:45:40.870+0000] {processor.py:839} INFO - DAG(s) dict_keys(['example_local_kubernetes_executor']) retrieved from /home/airflow/.local/lib/python3.8/site-packages/airflow/example_dags/example_local_kubernetes_executor.py
[2023-09-05T12:45:40.895+0000] {logging_mixin.py:151} INFO - [2023-09-05T12:45:40.894+0000] {dag.py:2907} INFO - Sync 1 DAGs
[2023-09-05T12:45:40.903+0000] {logging_mixin.py:151} INFO - [2023-09-05T12:45:40.903+0000] {dag.py:3677} INFO - Setting next_dagrun for example_local_kubernetes_executor to None, run_after=None
[2023-09-05T12:45:40.918+0000] {processor.py:179} INFO - Processing /home/airflow/.local/lib/python3.8/site-packages/airflow/example_dags/example_local_kubernetes_executor.py took 0.189 seconds
