[2023-09-05T12:33:42.302+0000] {processor.py:157} INFO - Started process (PID=52) to work on /home/airflow/.local/lib/python3.8/site-packages/airflow/example_dags/example_params_trigger_ui.py
[2023-09-05T12:33:42.307+0000] {processor.py:829} INFO - Processing file /home/airflow/.local/lib/python3.8/site-packages/airflow/example_dags/example_params_trigger_ui.py for tasks to queue
[2023-09-05T12:33:42.318+0000] {logging_mixin.py:151} INFO - [2023-09-05T12:33:42.317+0000] {dagbag.py:539} INFO - Filling up the DagBag from /home/airflow/.local/lib/python3.8/site-packages/airflow/example_dags/example_params_trigger_ui.py
[2023-09-05T12:33:42.395+0000] {processor.py:839} INFO - DAG(s) dict_keys(['example_params_trigger_ui']) retrieved from /home/airflow/.local/lib/python3.8/site-packages/airflow/example_dags/example_params_trigger_ui.py
[2023-09-05T12:33:42.427+0000] {logging_mixin.py:151} INFO - [2023-09-05T12:33:42.427+0000] {dag.py:2907} INFO - Sync 1 DAGs
[2023-09-05T12:33:42.440+0000] {logging_mixin.py:151} INFO - [2023-09-05T12:33:42.440+0000] {dag.py:3677} INFO - Setting next_dagrun for example_params_trigger_ui to None, run_after=None
[2023-09-05T12:33:42.452+0000] {processor.py:179} INFO - Processing /home/airflow/.local/lib/python3.8/site-packages/airflow/example_dags/example_params_trigger_ui.py took 0.173 seconds
[2023-09-05T12:34:12.589+0000] {processor.py:157} INFO - Started process (PID=107) to work on /home/airflow/.local/lib/python3.8/site-packages/airflow/example_dags/example_params_trigger_ui.py
[2023-09-05T12:34:12.590+0000] {processor.py:829} INFO - Processing file /home/airflow/.local/lib/python3.8/site-packages/airflow/example_dags/example_params_trigger_ui.py for tasks to queue
[2023-09-05T12:34:12.592+0000] {logging_mixin.py:151} INFO - [2023-09-05T12:34:12.592+0000] {dagbag.py:539} INFO - Filling up the DagBag from /home/airflow/.local/lib/python3.8/site-packages/airflow/example_dags/example_params_trigger_ui.py
[2023-09-05T12:34:12.604+0000] {processor.py:839} INFO - DAG(s) dict_keys(['example_params_trigger_ui']) retrieved from /home/airflow/.local/lib/python3.8/site-packages/airflow/example_dags/example_params_trigger_ui.py
[2023-09-05T12:34:12.633+0000] {logging_mixin.py:151} INFO - [2023-09-05T12:34:12.633+0000] {dag.py:2907} INFO - Sync 1 DAGs
[2023-09-05T12:34:12.641+0000] {logging_mixin.py:151} INFO - [2023-09-05T12:34:12.641+0000] {dag.py:3677} INFO - Setting next_dagrun for example_params_trigger_ui to None, run_after=None
[2023-09-05T12:34:12.652+0000] {processor.py:179} INFO - Processing /home/airflow/.local/lib/python3.8/site-packages/airflow/example_dags/example_params_trigger_ui.py took 0.066 seconds
[2023-09-05T12:34:42.894+0000] {processor.py:157} INFO - Started process (PID=161) to work on /home/airflow/.local/lib/python3.8/site-packages/airflow/example_dags/example_params_trigger_ui.py
[2023-09-05T12:34:42.897+0000] {processor.py:829} INFO - Processing file /home/airflow/.local/lib/python3.8/site-packages/airflow/example_dags/example_params_trigger_ui.py for tasks to queue
[2023-09-05T12:34:42.899+0000] {logging_mixin.py:151} INFO - [2023-09-05T12:34:42.899+0000] {dagbag.py:539} INFO - Filling up the DagBag from /home/airflow/.local/lib/python3.8/site-packages/airflow/example_dags/example_params_trigger_ui.py
[2023-09-05T12:34:42.914+0000] {processor.py:839} INFO - DAG(s) dict_keys(['example_params_trigger_ui']) retrieved from /home/airflow/.local/lib/python3.8/site-packages/airflow/example_dags/example_params_trigger_ui.py
[2023-09-05T12:34:42.970+0000] {logging_mixin.py:151} INFO - [2023-09-05T12:34:42.969+0000] {dag.py:2907} INFO - Sync 1 DAGs
[2023-09-05T12:34:42.995+0000] {logging_mixin.py:151} INFO - [2023-09-05T12:34:42.995+0000] {dag.py:3677} INFO - Setting next_dagrun for example_params_trigger_ui to None, run_after=None
[2023-09-05T12:34:43.021+0000] {processor.py:179} INFO - Processing /home/airflow/.local/lib/python3.8/site-packages/airflow/example_dags/example_params_trigger_ui.py took 0.130 seconds
[2023-09-05T12:40:50.457+0000] {processor.py:157} INFO - Started process (PID=52) to work on /home/airflow/.local/lib/python3.8/site-packages/airflow/example_dags/example_params_trigger_ui.py
[2023-09-05T12:40:50.461+0000] {processor.py:829} INFO - Processing file /home/airflow/.local/lib/python3.8/site-packages/airflow/example_dags/example_params_trigger_ui.py for tasks to queue
[2023-09-05T12:40:50.466+0000] {logging_mixin.py:151} INFO - [2023-09-05T12:40:50.466+0000] {dagbag.py:539} INFO - Filling up the DagBag from /home/airflow/.local/lib/python3.8/site-packages/airflow/example_dags/example_params_trigger_ui.py
[2023-09-05T12:40:50.494+0000] {processor.py:839} INFO - DAG(s) dict_keys(['example_params_trigger_ui']) retrieved from /home/airflow/.local/lib/python3.8/site-packages/airflow/example_dags/example_params_trigger_ui.py
[2023-09-05T12:40:50.632+0000] {logging_mixin.py:151} INFO - [2023-09-05T12:40:50.632+0000] {manager.py:501} INFO - Created Permission View: can read on DAG:example_params_trigger_ui
[2023-09-05T12:40:50.638+0000] {logging_mixin.py:151} INFO - [2023-09-05T12:40:50.638+0000] {manager.py:501} INFO - Created Permission View: can edit on DAG:example_params_trigger_ui
[2023-09-05T12:40:50.643+0000] {logging_mixin.py:151} INFO - [2023-09-05T12:40:50.643+0000] {manager.py:501} INFO - Created Permission View: can delete on DAG:example_params_trigger_ui
[2023-09-05T12:40:50.652+0000] {logging_mixin.py:151} INFO - [2023-09-05T12:40:50.652+0000] {dag.py:2907} INFO - Sync 1 DAGs
[2023-09-05T12:40:50.661+0000] {logging_mixin.py:151} INFO - [2023-09-05T12:40:50.661+0000] {dag.py:2929} INFO - Creating ORM DAG for example_params_trigger_ui
[2023-09-05T12:40:50.662+0000] {logging_mixin.py:151} INFO - [2023-09-05T12:40:50.662+0000] {dag.py:3677} INFO - Setting next_dagrun for example_params_trigger_ui to None, run_after=None
[2023-09-05T12:40:50.687+0000] {processor.py:179} INFO - Processing /home/airflow/.local/lib/python3.8/site-packages/airflow/example_dags/example_params_trigger_ui.py took 0.236 seconds
[2023-09-05T12:41:21.588+0000] {processor.py:157} INFO - Started process (PID=106) to work on /home/airflow/.local/lib/python3.8/site-packages/airflow/example_dags/example_params_trigger_ui.py
[2023-09-05T12:41:21.590+0000] {processor.py:829} INFO - Processing file /home/airflow/.local/lib/python3.8/site-packages/airflow/example_dags/example_params_trigger_ui.py for tasks to queue
[2023-09-05T12:41:21.593+0000] {logging_mixin.py:151} INFO - [2023-09-05T12:41:21.592+0000] {dagbag.py:539} INFO - Filling up the DagBag from /home/airflow/.local/lib/python3.8/site-packages/airflow/example_dags/example_params_trigger_ui.py
[2023-09-05T12:41:21.608+0000] {processor.py:839} INFO - DAG(s) dict_keys(['example_params_trigger_ui']) retrieved from /home/airflow/.local/lib/python3.8/site-packages/airflow/example_dags/example_params_trigger_ui.py
[2023-09-05T12:41:21.641+0000] {logging_mixin.py:151} INFO - [2023-09-05T12:41:21.641+0000] {dag.py:2907} INFO - Sync 1 DAGs
[2023-09-05T12:41:21.650+0000] {logging_mixin.py:151} INFO - [2023-09-05T12:41:21.649+0000] {dag.py:3677} INFO - Setting next_dagrun for example_params_trigger_ui to None, run_after=None
[2023-09-05T12:41:21.661+0000] {processor.py:179} INFO - Processing /home/airflow/.local/lib/python3.8/site-packages/airflow/example_dags/example_params_trigger_ui.py took 0.077 seconds
[2023-09-05T12:41:52.152+0000] {processor.py:157} INFO - Started process (PID=160) to work on /home/airflow/.local/lib/python3.8/site-packages/airflow/example_dags/example_params_trigger_ui.py
[2023-09-05T12:41:52.155+0000] {processor.py:829} INFO - Processing file /home/airflow/.local/lib/python3.8/site-packages/airflow/example_dags/example_params_trigger_ui.py for tasks to queue
[2023-09-05T12:41:52.157+0000] {logging_mixin.py:151} INFO - [2023-09-05T12:41:52.157+0000] {dagbag.py:539} INFO - Filling up the DagBag from /home/airflow/.local/lib/python3.8/site-packages/airflow/example_dags/example_params_trigger_ui.py
[2023-09-05T12:41:52.170+0000] {processor.py:839} INFO - DAG(s) dict_keys(['example_params_trigger_ui']) retrieved from /home/airflow/.local/lib/python3.8/site-packages/airflow/example_dags/example_params_trigger_ui.py
[2023-09-05T12:41:52.199+0000] {logging_mixin.py:151} INFO - [2023-09-05T12:41:52.198+0000] {dag.py:2907} INFO - Sync 1 DAGs
[2023-09-05T12:41:52.206+0000] {logging_mixin.py:151} INFO - [2023-09-05T12:41:52.206+0000] {dag.py:3677} INFO - Setting next_dagrun for example_params_trigger_ui to None, run_after=None
[2023-09-05T12:41:52.216+0000] {processor.py:179} INFO - Processing /home/airflow/.local/lib/python3.8/site-packages/airflow/example_dags/example_params_trigger_ui.py took 0.067 seconds
[2023-09-05T12:42:22.784+0000] {processor.py:157} INFO - Started process (PID=214) to work on /home/airflow/.local/lib/python3.8/site-packages/airflow/example_dags/example_params_trigger_ui.py
[2023-09-05T12:42:22.787+0000] {processor.py:829} INFO - Processing file /home/airflow/.local/lib/python3.8/site-packages/airflow/example_dags/example_params_trigger_ui.py for tasks to queue
[2023-09-05T12:42:22.792+0000] {logging_mixin.py:151} INFO - [2023-09-05T12:42:22.791+0000] {dagbag.py:539} INFO - Filling up the DagBag from /home/airflow/.local/lib/python3.8/site-packages/airflow/example_dags/example_params_trigger_ui.py
[2023-09-05T12:42:22.809+0000] {processor.py:839} INFO - DAG(s) dict_keys(['example_params_trigger_ui']) retrieved from /home/airflow/.local/lib/python3.8/site-packages/airflow/example_dags/example_params_trigger_ui.py
[2023-09-05T12:42:22.839+0000] {logging_mixin.py:151} INFO - [2023-09-05T12:42:22.839+0000] {dag.py:2907} INFO - Sync 1 DAGs
[2023-09-05T12:42:22.847+0000] {logging_mixin.py:151} INFO - [2023-09-05T12:42:22.847+0000] {dag.py:3677} INFO - Setting next_dagrun for example_params_trigger_ui to None, run_after=None
[2023-09-05T12:42:22.857+0000] {processor.py:179} INFO - Processing /home/airflow/.local/lib/python3.8/site-packages/airflow/example_dags/example_params_trigger_ui.py took 0.079 seconds
[2023-09-05T12:42:53.385+0000] {processor.py:157} INFO - Started process (PID=268) to work on /home/airflow/.local/lib/python3.8/site-packages/airflow/example_dags/example_params_trigger_ui.py
[2023-09-05T12:42:53.388+0000] {processor.py:829} INFO - Processing file /home/airflow/.local/lib/python3.8/site-packages/airflow/example_dags/example_params_trigger_ui.py for tasks to queue
[2023-09-05T12:42:53.392+0000] {logging_mixin.py:151} INFO - [2023-09-05T12:42:53.391+0000] {dagbag.py:539} INFO - Filling up the DagBag from /home/airflow/.local/lib/python3.8/site-packages/airflow/example_dags/example_params_trigger_ui.py
[2023-09-05T12:42:53.410+0000] {processor.py:839} INFO - DAG(s) dict_keys(['example_params_trigger_ui']) retrieved from /home/airflow/.local/lib/python3.8/site-packages/airflow/example_dags/example_params_trigger_ui.py
[2023-09-05T12:42:53.441+0000] {logging_mixin.py:151} INFO - [2023-09-05T12:42:53.441+0000] {dag.py:2907} INFO - Sync 1 DAGs
[2023-09-05T12:42:53.449+0000] {logging_mixin.py:151} INFO - [2023-09-05T12:42:53.449+0000] {dag.py:3677} INFO - Setting next_dagrun for example_params_trigger_ui to None, run_after=None
[2023-09-05T12:42:53.460+0000] {processor.py:179} INFO - Processing /home/airflow/.local/lib/python3.8/site-packages/airflow/example_dags/example_params_trigger_ui.py took 0.081 seconds
[2023-09-05T12:44:37.419+0000] {processor.py:157} INFO - Started process (PID=51) to work on /home/airflow/.local/lib/python3.8/site-packages/airflow/example_dags/example_params_trigger_ui.py
[2023-09-05T12:44:37.420+0000] {processor.py:829} INFO - Processing file /home/airflow/.local/lib/python3.8/site-packages/airflow/example_dags/example_params_trigger_ui.py for tasks to queue
[2023-09-05T12:44:37.423+0000] {logging_mixin.py:151} INFO - [2023-09-05T12:44:37.422+0000] {dagbag.py:539} INFO - Filling up the DagBag from /home/airflow/.local/lib/python3.8/site-packages/airflow/example_dags/example_params_trigger_ui.py
[2023-09-05T12:44:37.436+0000] {processor.py:839} INFO - DAG(s) dict_keys(['example_params_trigger_ui']) retrieved from /home/airflow/.local/lib/python3.8/site-packages/airflow/example_dags/example_params_trigger_ui.py
[2023-09-05T12:44:37.524+0000] {logging_mixin.py:151} INFO - [2023-09-05T12:44:37.524+0000] {manager.py:501} INFO - Created Permission View: can edit on DAG:example_params_trigger_ui
[2023-09-05T12:44:37.531+0000] {logging_mixin.py:151} INFO - [2023-09-05T12:44:37.531+0000] {manager.py:501} INFO - Created Permission View: can read on DAG:example_params_trigger_ui
[2023-09-05T12:44:37.539+0000] {logging_mixin.py:151} INFO - [2023-09-05T12:44:37.539+0000] {manager.py:501} INFO - Created Permission View: can delete on DAG:example_params_trigger_ui
[2023-09-05T12:44:37.555+0000] {logging_mixin.py:151} INFO - [2023-09-05T12:44:37.555+0000] {dag.py:2907} INFO - Sync 1 DAGs
[2023-09-05T12:44:37.564+0000] {logging_mixin.py:151} INFO - [2023-09-05T12:44:37.563+0000] {dag.py:2929} INFO - Creating ORM DAG for example_params_trigger_ui
[2023-09-05T12:44:37.565+0000] {logging_mixin.py:151} INFO - [2023-09-05T12:44:37.565+0000] {dag.py:3677} INFO - Setting next_dagrun for example_params_trigger_ui to None, run_after=None
[2023-09-05T12:44:37.577+0000] {processor.py:179} INFO - Processing /home/airflow/.local/lib/python3.8/site-packages/airflow/example_dags/example_params_trigger_ui.py took 0.162 seconds
[2023-09-05T12:45:08.477+0000] {processor.py:157} INFO - Started process (PID=105) to work on /home/airflow/.local/lib/python3.8/site-packages/airflow/example_dags/example_params_trigger_ui.py
[2023-09-05T12:45:08.480+0000] {processor.py:829} INFO - Processing file /home/airflow/.local/lib/python3.8/site-packages/airflow/example_dags/example_params_trigger_ui.py for tasks to queue
[2023-09-05T12:45:08.484+0000] {logging_mixin.py:151} INFO - [2023-09-05T12:45:08.483+0000] {dagbag.py:539} INFO - Filling up the DagBag from /home/airflow/.local/lib/python3.8/site-packages/airflow/example_dags/example_params_trigger_ui.py
[2023-09-05T12:45:08.503+0000] {processor.py:839} INFO - DAG(s) dict_keys(['example_params_trigger_ui']) retrieved from /home/airflow/.local/lib/python3.8/site-packages/airflow/example_dags/example_params_trigger_ui.py
[2023-09-05T12:45:08.532+0000] {logging_mixin.py:151} INFO - [2023-09-05T12:45:08.532+0000] {dag.py:2907} INFO - Sync 1 DAGs
[2023-09-05T12:45:08.539+0000] {logging_mixin.py:151} INFO - [2023-09-05T12:45:08.539+0000] {dag.py:3677} INFO - Setting next_dagrun for example_params_trigger_ui to None, run_after=None
[2023-09-05T12:45:08.549+0000] {processor.py:179} INFO - Processing /home/airflow/.local/lib/python3.8/site-packages/airflow/example_dags/example_params_trigger_ui.py took 0.079 seconds
[2023-09-05T12:45:38.959+0000] {processor.py:157} INFO - Started process (PID=159) to work on /home/airflow/.local/lib/python3.8/site-packages/airflow/example_dags/example_params_trigger_ui.py
[2023-09-05T12:45:38.961+0000] {processor.py:829} INFO - Processing file /home/airflow/.local/lib/python3.8/site-packages/airflow/example_dags/example_params_trigger_ui.py for tasks to queue
[2023-09-05T12:45:38.963+0000] {logging_mixin.py:151} INFO - [2023-09-05T12:45:38.962+0000] {dagbag.py:539} INFO - Filling up the DagBag from /home/airflow/.local/lib/python3.8/site-packages/airflow/example_dags/example_params_trigger_ui.py
[2023-09-05T12:45:38.975+0000] {processor.py:839} INFO - DAG(s) dict_keys(['example_params_trigger_ui']) retrieved from /home/airflow/.local/lib/python3.8/site-packages/airflow/example_dags/example_params_trigger_ui.py
[2023-09-05T12:45:39.007+0000] {logging_mixin.py:151} INFO - [2023-09-05T12:45:39.007+0000] {dag.py:2907} INFO - Sync 1 DAGs
[2023-09-05T12:45:39.019+0000] {logging_mixin.py:151} INFO - [2023-09-05T12:45:39.019+0000] {dag.py:3677} INFO - Setting next_dagrun for example_params_trigger_ui to None, run_after=None
[2023-09-05T12:45:39.030+0000] {processor.py:179} INFO - Processing /home/airflow/.local/lib/python3.8/site-packages/airflow/example_dags/example_params_trigger_ui.py took 0.074 seconds
