[2023-09-05T12:33:40.252+0000] {processor.py:157} INFO - Started process (PID=42) to work on /home/airflow/.local/lib/python3.8/site-packages/airflow/example_dags/example_sla_dag.py
[2023-09-05T12:33:40.253+0000] {processor.py:829} INFO - Processing file /home/airflow/.local/lib/python3.8/site-packages/airflow/example_dags/example_sla_dag.py for tasks to queue
[2023-09-05T12:33:40.255+0000] {logging_mixin.py:151} INFO - [2023-09-05T12:33:40.255+0000] {dagbag.py:539} INFO - Filling up the DagBag from /home/airflow/.local/lib/python3.8/site-packages/airflow/example_dags/example_sla_dag.py
[2023-09-05T12:33:40.265+0000] {processor.py:839} INFO - DAG(s) dict_keys(['example_sla_dag']) retrieved from /home/airflow/.local/lib/python3.8/site-packages/airflow/example_dags/example_sla_dag.py
[2023-09-05T12:33:40.408+0000] {logging_mixin.py:151} INFO - [2023-09-05T12:33:40.407+0000] {dag.py:2907} INFO - Sync 1 DAGs
[2023-09-05T12:33:40.431+0000] {logging_mixin.py:151} INFO - [2023-09-05T12:33:40.430+0000] {dag.py:3677} INFO - Setting next_dagrun for example_sla_dag to 2023-09-05T12:30:00+00:00, run_after=2023-09-05T12:32:00+00:00
[2023-09-05T12:33:40.456+0000] {processor.py:179} INFO - Processing /home/airflow/.local/lib/python3.8/site-packages/airflow/example_dags/example_sla_dag.py took 0.207 seconds
[2023-09-05T12:34:10.941+0000] {processor.py:157} INFO - Started process (PID=97) to work on /home/airflow/.local/lib/python3.8/site-packages/airflow/example_dags/example_sla_dag.py
[2023-09-05T12:34:10.942+0000] {processor.py:829} INFO - Processing file /home/airflow/.local/lib/python3.8/site-packages/airflow/example_dags/example_sla_dag.py for tasks to queue
[2023-09-05T12:34:10.945+0000] {logging_mixin.py:151} INFO - [2023-09-05T12:34:10.944+0000] {dagbag.py:539} INFO - Filling up the DagBag from /home/airflow/.local/lib/python3.8/site-packages/airflow/example_dags/example_sla_dag.py
[2023-09-05T12:34:10.952+0000] {processor.py:839} INFO - DAG(s) dict_keys(['example_sla_dag']) retrieved from /home/airflow/.local/lib/python3.8/site-packages/airflow/example_dags/example_sla_dag.py
[2023-09-05T12:34:10.972+0000] {logging_mixin.py:151} INFO - [2023-09-05T12:34:10.972+0000] {dag.py:2907} INFO - Sync 1 DAGs
[2023-09-05T12:34:10.988+0000] {logging_mixin.py:151} INFO - [2023-09-05T12:34:10.988+0000] {dag.py:3677} INFO - Setting next_dagrun for example_sla_dag to 2023-09-05T12:32:00+00:00, run_after=2023-09-05T12:34:00+00:00
[2023-09-05T12:34:10.999+0000] {processor.py:179} INFO - Processing /home/airflow/.local/lib/python3.8/site-packages/airflow/example_dags/example_sla_dag.py took 0.060 seconds
[2023-09-05T12:34:41.065+0000] {processor.py:157} INFO - Started process (PID=151) to work on /home/airflow/.local/lib/python3.8/site-packages/airflow/example_dags/example_sla_dag.py
[2023-09-05T12:34:41.066+0000] {processor.py:829} INFO - Processing file /home/airflow/.local/lib/python3.8/site-packages/airflow/example_dags/example_sla_dag.py for tasks to queue
[2023-09-05T12:34:41.069+0000] {logging_mixin.py:151} INFO - [2023-09-05T12:34:41.068+0000] {dagbag.py:539} INFO - Filling up the DagBag from /home/airflow/.local/lib/python3.8/site-packages/airflow/example_dags/example_sla_dag.py
[2023-09-05T12:34:41.075+0000] {processor.py:839} INFO - DAG(s) dict_keys(['example_sla_dag']) retrieved from /home/airflow/.local/lib/python3.8/site-packages/airflow/example_dags/example_sla_dag.py
[2023-09-05T12:34:41.093+0000] {logging_mixin.py:151} INFO - [2023-09-05T12:34:41.092+0000] {dag.py:2907} INFO - Sync 1 DAGs
[2023-09-05T12:34:41.108+0000] {logging_mixin.py:151} INFO - [2023-09-05T12:34:41.108+0000] {dag.py:3677} INFO - Setting next_dagrun for example_sla_dag to 2023-09-05T12:32:00+00:00, run_after=2023-09-05T12:34:00+00:00
[2023-09-05T12:34:41.118+0000] {processor.py:179} INFO - Processing /home/airflow/.local/lib/python3.8/site-packages/airflow/example_dags/example_sla_dag.py took 0.056 seconds
[2023-09-05T12:40:47.705+0000] {processor.py:157} INFO - Started process (PID=42) to work on /home/airflow/.local/lib/python3.8/site-packages/airflow/example_dags/example_sla_dag.py
[2023-09-05T12:40:47.708+0000] {processor.py:829} INFO - Processing file /home/airflow/.local/lib/python3.8/site-packages/airflow/example_dags/example_sla_dag.py for tasks to queue
[2023-09-05T12:40:47.710+0000] {logging_mixin.py:151} INFO - [2023-09-05T12:40:47.710+0000] {dagbag.py:539} INFO - Filling up the DagBag from /home/airflow/.local/lib/python3.8/site-packages/airflow/example_dags/example_sla_dag.py
[2023-09-05T12:40:47.720+0000] {processor.py:839} INFO - DAG(s) dict_keys(['example_sla_dag']) retrieved from /home/airflow/.local/lib/python3.8/site-packages/airflow/example_dags/example_sla_dag.py
[2023-09-05T12:40:47.956+0000] {logging_mixin.py:151} INFO - [2023-09-05T12:40:47.956+0000] {manager.py:501} INFO - Created Permission View: can read on DAG:example_sla_dag
[2023-09-05T12:40:47.963+0000] {logging_mixin.py:151} INFO - [2023-09-05T12:40:47.963+0000] {manager.py:501} INFO - Created Permission View: can edit on DAG:example_sla_dag
[2023-09-05T12:40:47.968+0000] {logging_mixin.py:151} INFO - [2023-09-05T12:40:47.968+0000] {manager.py:501} INFO - Created Permission View: can delete on DAG:example_sla_dag
[2023-09-05T12:40:47.979+0000] {logging_mixin.py:151} INFO - [2023-09-05T12:40:47.978+0000] {dag.py:2907} INFO - Sync 1 DAGs
[2023-09-05T12:40:47.986+0000] {logging_mixin.py:151} INFO - [2023-09-05T12:40:47.986+0000] {dag.py:2929} INFO - Creating ORM DAG for example_sla_dag
[2023-09-05T12:40:47.998+0000] {logging_mixin.py:151} INFO - [2023-09-05T12:40:47.998+0000] {dag.py:3677} INFO - Setting next_dagrun for example_sla_dag to 2023-09-05T12:38:00+00:00, run_after=2023-09-05T12:40:00+00:00
[2023-09-05T12:40:48.031+0000] {processor.py:179} INFO - Processing /home/airflow/.local/lib/python3.8/site-packages/airflow/example_dags/example_sla_dag.py took 0.329 seconds
[2023-09-05T12:41:19.006+0000] {processor.py:157} INFO - Started process (PID=96) to work on /home/airflow/.local/lib/python3.8/site-packages/airflow/example_dags/example_sla_dag.py
[2023-09-05T12:41:19.008+0000] {processor.py:829} INFO - Processing file /home/airflow/.local/lib/python3.8/site-packages/airflow/example_dags/example_sla_dag.py for tasks to queue
[2023-09-05T12:41:19.012+0000] {logging_mixin.py:151} INFO - [2023-09-05T12:41:19.012+0000] {dagbag.py:539} INFO - Filling up the DagBag from /home/airflow/.local/lib/python3.8/site-packages/airflow/example_dags/example_sla_dag.py
[2023-09-05T12:41:19.022+0000] {processor.py:839} INFO - DAG(s) dict_keys(['example_sla_dag']) retrieved from /home/airflow/.local/lib/python3.8/site-packages/airflow/example_dags/example_sla_dag.py
[2023-09-05T12:41:19.045+0000] {logging_mixin.py:151} INFO - [2023-09-05T12:41:19.045+0000] {dag.py:2907} INFO - Sync 1 DAGs
[2023-09-05T12:41:19.061+0000] {logging_mixin.py:151} INFO - [2023-09-05T12:41:19.061+0000] {dag.py:3677} INFO - Setting next_dagrun for example_sla_dag to 2023-09-05T12:38:00+00:00, run_after=2023-09-05T12:40:00+00:00
[2023-09-05T12:41:19.072+0000] {processor.py:179} INFO - Processing /home/airflow/.local/lib/python3.8/site-packages/airflow/example_dags/example_sla_dag.py took 0.070 seconds
[2023-09-05T12:41:49.634+0000] {processor.py:157} INFO - Started process (PID=150) to work on /home/airflow/.local/lib/python3.8/site-packages/airflow/example_dags/example_sla_dag.py
[2023-09-05T12:41:49.637+0000] {processor.py:829} INFO - Processing file /home/airflow/.local/lib/python3.8/site-packages/airflow/example_dags/example_sla_dag.py for tasks to queue
[2023-09-05T12:41:49.643+0000] {logging_mixin.py:151} INFO - [2023-09-05T12:41:49.642+0000] {dagbag.py:539} INFO - Filling up the DagBag from /home/airflow/.local/lib/python3.8/site-packages/airflow/example_dags/example_sla_dag.py
[2023-09-05T12:41:49.653+0000] {processor.py:839} INFO - DAG(s) dict_keys(['example_sla_dag']) retrieved from /home/airflow/.local/lib/python3.8/site-packages/airflow/example_dags/example_sla_dag.py
[2023-09-05T12:41:49.672+0000] {logging_mixin.py:151} INFO - [2023-09-05T12:41:49.672+0000] {dag.py:2907} INFO - Sync 1 DAGs
[2023-09-05T12:41:49.687+0000] {logging_mixin.py:151} INFO - [2023-09-05T12:41:49.687+0000] {dag.py:3677} INFO - Setting next_dagrun for example_sla_dag to 2023-09-05T12:38:00+00:00, run_after=2023-09-05T12:40:00+00:00
[2023-09-05T12:41:49.697+0000] {processor.py:179} INFO - Processing /home/airflow/.local/lib/python3.8/site-packages/airflow/example_dags/example_sla_dag.py took 0.070 seconds
[2023-09-05T12:42:20.242+0000] {processor.py:157} INFO - Started process (PID=204) to work on /home/airflow/.local/lib/python3.8/site-packages/airflow/example_dags/example_sla_dag.py
[2023-09-05T12:42:20.245+0000] {processor.py:829} INFO - Processing file /home/airflow/.local/lib/python3.8/site-packages/airflow/example_dags/example_sla_dag.py for tasks to queue
[2023-09-05T12:42:20.249+0000] {logging_mixin.py:151} INFO - [2023-09-05T12:42:20.249+0000] {dagbag.py:539} INFO - Filling up the DagBag from /home/airflow/.local/lib/python3.8/site-packages/airflow/example_dags/example_sla_dag.py
[2023-09-05T12:42:20.258+0000] {processor.py:839} INFO - DAG(s) dict_keys(['example_sla_dag']) retrieved from /home/airflow/.local/lib/python3.8/site-packages/airflow/example_dags/example_sla_dag.py
[2023-09-05T12:42:20.279+0000] {logging_mixin.py:151} INFO - [2023-09-05T12:42:20.279+0000] {dag.py:2907} INFO - Sync 1 DAGs
[2023-09-05T12:42:20.294+0000] {logging_mixin.py:151} INFO - [2023-09-05T12:42:20.294+0000] {dag.py:3677} INFO - Setting next_dagrun for example_sla_dag to 2023-09-05T12:40:00+00:00, run_after=2023-09-05T12:42:00+00:00
[2023-09-05T12:42:20.304+0000] {processor.py:179} INFO - Processing /home/airflow/.local/lib/python3.8/site-packages/airflow/example_dags/example_sla_dag.py took 0.068 seconds
[2023-09-05T12:42:50.842+0000] {processor.py:157} INFO - Started process (PID=258) to work on /home/airflow/.local/lib/python3.8/site-packages/airflow/example_dags/example_sla_dag.py
[2023-09-05T12:42:50.845+0000] {processor.py:829} INFO - Processing file /home/airflow/.local/lib/python3.8/site-packages/airflow/example_dags/example_sla_dag.py for tasks to queue
[2023-09-05T12:42:50.850+0000] {logging_mixin.py:151} INFO - [2023-09-05T12:42:50.849+0000] {dagbag.py:539} INFO - Filling up the DagBag from /home/airflow/.local/lib/python3.8/site-packages/airflow/example_dags/example_sla_dag.py
[2023-09-05T12:42:50.864+0000] {processor.py:839} INFO - DAG(s) dict_keys(['example_sla_dag']) retrieved from /home/airflow/.local/lib/python3.8/site-packages/airflow/example_dags/example_sla_dag.py
[2023-09-05T12:42:50.888+0000] {logging_mixin.py:151} INFO - [2023-09-05T12:42:50.888+0000] {dag.py:2907} INFO - Sync 1 DAGs
[2023-09-05T12:42:50.905+0000] {logging_mixin.py:151} INFO - [2023-09-05T12:42:50.905+0000] {dag.py:3677} INFO - Setting next_dagrun for example_sla_dag to 2023-09-05T12:40:00+00:00, run_after=2023-09-05T12:42:00+00:00
[2023-09-05T12:42:50.916+0000] {processor.py:179} INFO - Processing /home/airflow/.local/lib/python3.8/site-packages/airflow/example_dags/example_sla_dag.py took 0.082 seconds
[2023-09-05T12:44:34.969+0000] {processor.py:157} INFO - Started process (PID=41) to work on /home/airflow/.local/lib/python3.8/site-packages/airflow/example_dags/example_sla_dag.py
[2023-09-05T12:44:34.972+0000] {processor.py:829} INFO - Processing file /home/airflow/.local/lib/python3.8/site-packages/airflow/example_dags/example_sla_dag.py for tasks to queue
[2023-09-05T12:44:34.980+0000] {logging_mixin.py:151} INFO - [2023-09-05T12:44:34.979+0000] {dagbag.py:539} INFO - Filling up the DagBag from /home/airflow/.local/lib/python3.8/site-packages/airflow/example_dags/example_sla_dag.py
[2023-09-05T12:44:34.998+0000] {processor.py:839} INFO - DAG(s) dict_keys(['example_sla_dag']) retrieved from /home/airflow/.local/lib/python3.8/site-packages/airflow/example_dags/example_sla_dag.py
[2023-09-05T12:44:35.277+0000] {logging_mixin.py:151} INFO - [2023-09-05T12:44:35.277+0000] {manager.py:501} INFO - Created Permission View: can edit on DAG:example_sla_dag
[2023-09-05T12:44:35.295+0000] {logging_mixin.py:151} INFO - [2023-09-05T12:44:35.295+0000] {manager.py:501} INFO - Created Permission View: can read on DAG:example_sla_dag
[2023-09-05T12:44:35.307+0000] {logging_mixin.py:151} INFO - [2023-09-05T12:44:35.307+0000] {manager.py:501} INFO - Created Permission View: can delete on DAG:example_sla_dag
[2023-09-05T12:44:35.329+0000] {logging_mixin.py:151} INFO - [2023-09-05T12:44:35.329+0000] {dag.py:2907} INFO - Sync 1 DAGs
[2023-09-05T12:44:35.350+0000] {logging_mixin.py:151} INFO - [2023-09-05T12:44:35.350+0000] {dag.py:2929} INFO - Creating ORM DAG for example_sla_dag
[2023-09-05T12:44:35.363+0000] {logging_mixin.py:151} INFO - [2023-09-05T12:44:35.363+0000] {dag.py:3677} INFO - Setting next_dagrun for example_sla_dag to 2023-09-05T12:42:00+00:00, run_after=2023-09-05T12:44:00+00:00
[2023-09-05T12:44:35.377+0000] {processor.py:179} INFO - Processing /home/airflow/.local/lib/python3.8/site-packages/airflow/example_dags/example_sla_dag.py took 0.415 seconds
[2023-09-05T12:45:05.981+0000] {processor.py:157} INFO - Started process (PID=95) to work on /home/airflow/.local/lib/python3.8/site-packages/airflow/example_dags/example_sla_dag.py
[2023-09-05T12:45:05.983+0000] {processor.py:829} INFO - Processing file /home/airflow/.local/lib/python3.8/site-packages/airflow/example_dags/example_sla_dag.py for tasks to queue
[2023-09-05T12:45:05.985+0000] {logging_mixin.py:151} INFO - [2023-09-05T12:45:05.984+0000] {dagbag.py:539} INFO - Filling up the DagBag from /home/airflow/.local/lib/python3.8/site-packages/airflow/example_dags/example_sla_dag.py
[2023-09-05T12:45:05.991+0000] {processor.py:839} INFO - DAG(s) dict_keys(['example_sla_dag']) retrieved from /home/airflow/.local/lib/python3.8/site-packages/airflow/example_dags/example_sla_dag.py
[2023-09-05T12:45:06.007+0000] {logging_mixin.py:151} INFO - [2023-09-05T12:45:06.007+0000] {dag.py:2907} INFO - Sync 1 DAGs
[2023-09-05T12:45:06.021+0000] {logging_mixin.py:151} INFO - [2023-09-05T12:45:06.021+0000] {dag.py:3677} INFO - Setting next_dagrun for example_sla_dag to 2023-09-05T12:42:00+00:00, run_after=2023-09-05T12:44:00+00:00
[2023-09-05T12:45:06.031+0000] {processor.py:179} INFO - Processing /home/airflow/.local/lib/python3.8/site-packages/airflow/example_dags/example_sla_dag.py took 0.052 seconds
[2023-09-05T12:45:36.498+0000] {processor.py:157} INFO - Started process (PID=149) to work on /home/airflow/.local/lib/python3.8/site-packages/airflow/example_dags/example_sla_dag.py
[2023-09-05T12:45:36.499+0000] {processor.py:829} INFO - Processing file /home/airflow/.local/lib/python3.8/site-packages/airflow/example_dags/example_sla_dag.py for tasks to queue
[2023-09-05T12:45:36.502+0000] {logging_mixin.py:151} INFO - [2023-09-05T12:45:36.502+0000] {dagbag.py:539} INFO - Filling up the DagBag from /home/airflow/.local/lib/python3.8/site-packages/airflow/example_dags/example_sla_dag.py
[2023-09-05T12:45:36.509+0000] {processor.py:839} INFO - DAG(s) dict_keys(['example_sla_dag']) retrieved from /home/airflow/.local/lib/python3.8/site-packages/airflow/example_dags/example_sla_dag.py
[2023-09-05T12:45:36.524+0000] {logging_mixin.py:151} INFO - [2023-09-05T12:45:36.524+0000] {dag.py:2907} INFO - Sync 1 DAGs
[2023-09-05T12:45:36.539+0000] {logging_mixin.py:151} INFO - [2023-09-05T12:45:36.539+0000] {dag.py:3677} INFO - Setting next_dagrun for example_sla_dag to 2023-09-05T12:42:00+00:00, run_after=2023-09-05T12:44:00+00:00
[2023-09-05T12:45:36.552+0000] {processor.py:179} INFO - Processing /home/airflow/.local/lib/python3.8/site-packages/airflow/example_dags/example_sla_dag.py took 0.056 seconds
