[2023-09-05T12:33:43.513+0000] {processor.py:157} INFO - Started process (PID=61) to work on /home/airflow/.local/lib/python3.8/site-packages/airflow/example_dags/example_sensor_decorator.py
[2023-09-05T12:33:43.515+0000] {processor.py:829} INFO - Processing file /home/airflow/.local/lib/python3.8/site-packages/airflow/example_dags/example_sensor_decorator.py for tasks to queue
[2023-09-05T12:33:43.525+0000] {logging_mixin.py:151} INFO - [2023-09-05T12:33:43.524+0000] {dagbag.py:539} INFO - Filling up the DagBag from /home/airflow/.local/lib/python3.8/site-packages/airflow/example_dags/example_sensor_decorator.py
[2023-09-05T12:33:43.541+0000] {processor.py:839} INFO - DAG(s) dict_keys(['example_sensor_decorator']) retrieved from /home/airflow/.local/lib/python3.8/site-packages/airflow/example_dags/example_sensor_decorator.py
[2023-09-05T12:33:43.646+0000] {logging_mixin.py:151} INFO - [2023-09-05T12:33:43.646+0000] {dag.py:2907} INFO - Sync 1 DAGs
[2023-09-05T12:33:43.688+0000] {logging_mixin.py:151} INFO - [2023-09-05T12:33:43.688+0000] {dag.py:3677} INFO - Setting next_dagrun for example_sensor_decorator to None, run_after=None
[2023-09-05T12:33:43.797+0000] {processor.py:179} INFO - Processing /home/airflow/.local/lib/python3.8/site-packages/airflow/example_dags/example_sensor_decorator.py took 0.291 seconds
[2023-09-05T12:34:13.999+0000] {processor.py:157} INFO - Started process (PID=115) to work on /home/airflow/.local/lib/python3.8/site-packages/airflow/example_dags/example_sensor_decorator.py
[2023-09-05T12:34:14.000+0000] {processor.py:829} INFO - Processing file /home/airflow/.local/lib/python3.8/site-packages/airflow/example_dags/example_sensor_decorator.py for tasks to queue
[2023-09-05T12:34:14.002+0000] {logging_mixin.py:151} INFO - [2023-09-05T12:34:14.002+0000] {dagbag.py:539} INFO - Filling up the DagBag from /home/airflow/.local/lib/python3.8/site-packages/airflow/example_dags/example_sensor_decorator.py
[2023-09-05T12:34:14.008+0000] {processor.py:839} INFO - DAG(s) dict_keys(['example_sensor_decorator']) retrieved from /home/airflow/.local/lib/python3.8/site-packages/airflow/example_dags/example_sensor_decorator.py
[2023-09-05T12:34:14.028+0000] {logging_mixin.py:151} INFO - [2023-09-05T12:34:14.028+0000] {dag.py:2907} INFO - Sync 1 DAGs
[2023-09-05T12:34:14.038+0000] {logging_mixin.py:151} INFO - [2023-09-05T12:34:14.037+0000] {dag.py:3677} INFO - Setting next_dagrun for example_sensor_decorator to None, run_after=None
[2023-09-05T12:34:14.054+0000] {processor.py:179} INFO - Processing /home/airflow/.local/lib/python3.8/site-packages/airflow/example_dags/example_sensor_decorator.py took 0.059 seconds
[2023-09-05T12:34:44.966+0000] {processor.py:157} INFO - Started process (PID=169) to work on /home/airflow/.local/lib/python3.8/site-packages/airflow/example_dags/example_sensor_decorator.py
[2023-09-05T12:34:44.967+0000] {processor.py:829} INFO - Processing file /home/airflow/.local/lib/python3.8/site-packages/airflow/example_dags/example_sensor_decorator.py for tasks to queue
[2023-09-05T12:34:44.973+0000] {logging_mixin.py:151} INFO - [2023-09-05T12:34:44.973+0000] {dagbag.py:539} INFO - Filling up the DagBag from /home/airflow/.local/lib/python3.8/site-packages/airflow/example_dags/example_sensor_decorator.py
[2023-09-05T12:34:44.979+0000] {processor.py:839} INFO - DAG(s) dict_keys(['example_sensor_decorator']) retrieved from /home/airflow/.local/lib/python3.8/site-packages/airflow/example_dags/example_sensor_decorator.py
[2023-09-05T12:34:45.037+0000] {logging_mixin.py:151} INFO - [2023-09-05T12:34:45.037+0000] {dag.py:2907} INFO - Sync 1 DAGs
[2023-09-05T12:34:45.066+0000] {logging_mixin.py:151} INFO - [2023-09-05T12:34:45.066+0000] {dag.py:3677} INFO - Setting next_dagrun for example_sensor_decorator to None, run_after=None
[2023-09-05T12:34:45.128+0000] {processor.py:179} INFO - Processing /home/airflow/.local/lib/python3.8/site-packages/airflow/example_dags/example_sensor_decorator.py took 0.165 seconds
[2023-09-05T12:40:51.330+0000] {processor.py:157} INFO - Started process (PID=61) to work on /home/airflow/.local/lib/python3.8/site-packages/airflow/example_dags/example_sensor_decorator.py
[2023-09-05T12:40:51.332+0000] {processor.py:829} INFO - Processing file /home/airflow/.local/lib/python3.8/site-packages/airflow/example_dags/example_sensor_decorator.py for tasks to queue
[2023-09-05T12:40:51.334+0000] {logging_mixin.py:151} INFO - [2023-09-05T12:40:51.334+0000] {dagbag.py:539} INFO - Filling up the DagBag from /home/airflow/.local/lib/python3.8/site-packages/airflow/example_dags/example_sensor_decorator.py
[2023-09-05T12:40:51.340+0000] {processor.py:839} INFO - DAG(s) dict_keys(['example_sensor_decorator']) retrieved from /home/airflow/.local/lib/python3.8/site-packages/airflow/example_dags/example_sensor_decorator.py
[2023-09-05T12:40:51.450+0000] {logging_mixin.py:151} INFO - [2023-09-05T12:40:51.450+0000] {manager.py:501} INFO - Created Permission View: can read on DAG:example_sensor_decorator
[2023-09-05T12:40:51.459+0000] {logging_mixin.py:151} INFO - [2023-09-05T12:40:51.459+0000] {manager.py:501} INFO - Created Permission View: can edit on DAG:example_sensor_decorator
[2023-09-05T12:40:51.465+0000] {logging_mixin.py:151} INFO - [2023-09-05T12:40:51.465+0000] {manager.py:501} INFO - Created Permission View: can delete on DAG:example_sensor_decorator
[2023-09-05T12:40:51.477+0000] {logging_mixin.py:151} INFO - [2023-09-05T12:40:51.477+0000] {dag.py:2907} INFO - Sync 1 DAGs
[2023-09-05T12:40:51.489+0000] {logging_mixin.py:151} INFO - [2023-09-05T12:40:51.488+0000] {dag.py:2929} INFO - Creating ORM DAG for example_sensor_decorator
[2023-09-05T12:40:51.492+0000] {logging_mixin.py:151} INFO - [2023-09-05T12:40:51.491+0000] {dag.py:3677} INFO - Setting next_dagrun for example_sensor_decorator to None, run_after=None
[2023-09-05T12:40:51.523+0000] {processor.py:179} INFO - Processing /home/airflow/.local/lib/python3.8/site-packages/airflow/example_dags/example_sensor_decorator.py took 0.196 seconds
[2023-09-05T12:41:21.961+0000] {processor.py:157} INFO - Started process (PID=114) to work on /home/airflow/.local/lib/python3.8/site-packages/airflow/example_dags/example_sensor_decorator.py
[2023-09-05T12:41:21.962+0000] {processor.py:829} INFO - Processing file /home/airflow/.local/lib/python3.8/site-packages/airflow/example_dags/example_sensor_decorator.py for tasks to queue
[2023-09-05T12:41:21.964+0000] {logging_mixin.py:151} INFO - [2023-09-05T12:41:21.964+0000] {dagbag.py:539} INFO - Filling up the DagBag from /home/airflow/.local/lib/python3.8/site-packages/airflow/example_dags/example_sensor_decorator.py
[2023-09-05T12:41:21.970+0000] {processor.py:839} INFO - DAG(s) dict_keys(['example_sensor_decorator']) retrieved from /home/airflow/.local/lib/python3.8/site-packages/airflow/example_dags/example_sensor_decorator.py
[2023-09-05T12:41:21.987+0000] {logging_mixin.py:151} INFO - [2023-09-05T12:41:21.987+0000] {dag.py:2907} INFO - Sync 1 DAGs
[2023-09-05T12:41:21.995+0000] {logging_mixin.py:151} INFO - [2023-09-05T12:41:21.995+0000] {dag.py:3677} INFO - Setting next_dagrun for example_sensor_decorator to None, run_after=None
[2023-09-05T12:41:22.006+0000] {processor.py:179} INFO - Processing /home/airflow/.local/lib/python3.8/site-packages/airflow/example_dags/example_sensor_decorator.py took 0.048 seconds
[2023-09-05T12:41:52.455+0000] {processor.py:157} INFO - Started process (PID=168) to work on /home/airflow/.local/lib/python3.8/site-packages/airflow/example_dags/example_sensor_decorator.py
[2023-09-05T12:41:52.457+0000] {processor.py:829} INFO - Processing file /home/airflow/.local/lib/python3.8/site-packages/airflow/example_dags/example_sensor_decorator.py for tasks to queue
[2023-09-05T12:41:52.459+0000] {logging_mixin.py:151} INFO - [2023-09-05T12:41:52.458+0000] {dagbag.py:539} INFO - Filling up the DagBag from /home/airflow/.local/lib/python3.8/site-packages/airflow/example_dags/example_sensor_decorator.py
[2023-09-05T12:41:52.464+0000] {processor.py:839} INFO - DAG(s) dict_keys(['example_sensor_decorator']) retrieved from /home/airflow/.local/lib/python3.8/site-packages/airflow/example_dags/example_sensor_decorator.py
[2023-09-05T12:41:52.481+0000] {logging_mixin.py:151} INFO - [2023-09-05T12:41:52.480+0000] {dag.py:2907} INFO - Sync 1 DAGs
[2023-09-05T12:41:52.489+0000] {logging_mixin.py:151} INFO - [2023-09-05T12:41:52.489+0000] {dag.py:3677} INFO - Setting next_dagrun for example_sensor_decorator to None, run_after=None
[2023-09-05T12:41:52.501+0000] {processor.py:179} INFO - Processing /home/airflow/.local/lib/python3.8/site-packages/airflow/example_dags/example_sensor_decorator.py took 0.048 seconds
[2023-09-05T12:42:23.112+0000] {processor.py:157} INFO - Started process (PID=222) to work on /home/airflow/.local/lib/python3.8/site-packages/airflow/example_dags/example_sensor_decorator.py
[2023-09-05T12:42:23.114+0000] {processor.py:829} INFO - Processing file /home/airflow/.local/lib/python3.8/site-packages/airflow/example_dags/example_sensor_decorator.py for tasks to queue
[2023-09-05T12:42:23.116+0000] {logging_mixin.py:151} INFO - [2023-09-05T12:42:23.115+0000] {dagbag.py:539} INFO - Filling up the DagBag from /home/airflow/.local/lib/python3.8/site-packages/airflow/example_dags/example_sensor_decorator.py
[2023-09-05T12:42:23.120+0000] {processor.py:839} INFO - DAG(s) dict_keys(['example_sensor_decorator']) retrieved from /home/airflow/.local/lib/python3.8/site-packages/airflow/example_dags/example_sensor_decorator.py
[2023-09-05T12:42:23.136+0000] {logging_mixin.py:151} INFO - [2023-09-05T12:42:23.136+0000] {dag.py:2907} INFO - Sync 1 DAGs
[2023-09-05T12:42:23.145+0000] {logging_mixin.py:151} INFO - [2023-09-05T12:42:23.145+0000] {dag.py:3677} INFO - Setting next_dagrun for example_sensor_decorator to None, run_after=None
[2023-09-05T12:42:23.156+0000] {processor.py:179} INFO - Processing /home/airflow/.local/lib/python3.8/site-packages/airflow/example_dags/example_sensor_decorator.py took 0.046 seconds
[2023-09-05T12:42:53.724+0000] {processor.py:157} INFO - Started process (PID=276) to work on /home/airflow/.local/lib/python3.8/site-packages/airflow/example_dags/example_sensor_decorator.py
[2023-09-05T12:42:53.725+0000] {processor.py:829} INFO - Processing file /home/airflow/.local/lib/python3.8/site-packages/airflow/example_dags/example_sensor_decorator.py for tasks to queue
[2023-09-05T12:42:53.727+0000] {logging_mixin.py:151} INFO - [2023-09-05T12:42:53.726+0000] {dagbag.py:539} INFO - Filling up the DagBag from /home/airflow/.local/lib/python3.8/site-packages/airflow/example_dags/example_sensor_decorator.py
[2023-09-05T12:42:53.732+0000] {processor.py:839} INFO - DAG(s) dict_keys(['example_sensor_decorator']) retrieved from /home/airflow/.local/lib/python3.8/site-packages/airflow/example_dags/example_sensor_decorator.py
[2023-09-05T12:42:53.748+0000] {logging_mixin.py:151} INFO - [2023-09-05T12:42:53.748+0000] {dag.py:2907} INFO - Sync 1 DAGs
[2023-09-05T12:42:53.758+0000] {logging_mixin.py:151} INFO - [2023-09-05T12:42:53.758+0000] {dag.py:3677} INFO - Setting next_dagrun for example_sensor_decorator to None, run_after=None
[2023-09-05T12:42:53.769+0000] {processor.py:179} INFO - Processing /home/airflow/.local/lib/python3.8/site-packages/airflow/example_dags/example_sensor_decorator.py took 0.048 seconds
[2023-09-05T12:44:38.145+0000] {processor.py:157} INFO - Started process (PID=60) to work on /home/airflow/.local/lib/python3.8/site-packages/airflow/example_dags/example_sensor_decorator.py
[2023-09-05T12:44:38.146+0000] {processor.py:829} INFO - Processing file /home/airflow/.local/lib/python3.8/site-packages/airflow/example_dags/example_sensor_decorator.py for tasks to queue
[2023-09-05T12:44:38.152+0000] {logging_mixin.py:151} INFO - [2023-09-05T12:44:38.152+0000] {dagbag.py:539} INFO - Filling up the DagBag from /home/airflow/.local/lib/python3.8/site-packages/airflow/example_dags/example_sensor_decorator.py
[2023-09-05T12:44:38.158+0000] {processor.py:839} INFO - DAG(s) dict_keys(['example_sensor_decorator']) retrieved from /home/airflow/.local/lib/python3.8/site-packages/airflow/example_dags/example_sensor_decorator.py
[2023-09-05T12:44:38.219+0000] {logging_mixin.py:151} INFO - [2023-09-05T12:44:38.219+0000] {manager.py:501} INFO - Created Permission View: can edit on DAG:example_sensor_decorator
[2023-09-05T12:44:38.225+0000] {logging_mixin.py:151} INFO - [2023-09-05T12:44:38.225+0000] {manager.py:501} INFO - Created Permission View: can read on DAG:example_sensor_decorator
[2023-09-05T12:44:38.229+0000] {logging_mixin.py:151} INFO - [2023-09-05T12:44:38.229+0000] {manager.py:501} INFO - Created Permission View: can delete on DAG:example_sensor_decorator
[2023-09-05T12:44:38.236+0000] {logging_mixin.py:151} INFO - [2023-09-05T12:44:38.236+0000] {dag.py:2907} INFO - Sync 1 DAGs
[2023-09-05T12:44:38.243+0000] {logging_mixin.py:151} INFO - [2023-09-05T12:44:38.243+0000] {dag.py:2929} INFO - Creating ORM DAG for example_sensor_decorator
[2023-09-05T12:44:38.244+0000] {logging_mixin.py:151} INFO - [2023-09-05T12:44:38.244+0000] {dag.py:3677} INFO - Setting next_dagrun for example_sensor_decorator to None, run_after=None
[2023-09-05T12:44:38.254+0000] {processor.py:179} INFO - Processing /home/airflow/.local/lib/python3.8/site-packages/airflow/example_dags/example_sensor_decorator.py took 0.112 seconds
[2023-09-05T12:45:08.877+0000] {processor.py:157} INFO - Started process (PID=113) to work on /home/airflow/.local/lib/python3.8/site-packages/airflow/example_dags/example_sensor_decorator.py
[2023-09-05T12:45:08.879+0000] {processor.py:829} INFO - Processing file /home/airflow/.local/lib/python3.8/site-packages/airflow/example_dags/example_sensor_decorator.py for tasks to queue
[2023-09-05T12:45:08.881+0000] {logging_mixin.py:151} INFO - [2023-09-05T12:45:08.880+0000] {dagbag.py:539} INFO - Filling up the DagBag from /home/airflow/.local/lib/python3.8/site-packages/airflow/example_dags/example_sensor_decorator.py
[2023-09-05T12:45:08.885+0000] {processor.py:839} INFO - DAG(s) dict_keys(['example_sensor_decorator']) retrieved from /home/airflow/.local/lib/python3.8/site-packages/airflow/example_dags/example_sensor_decorator.py
[2023-09-05T12:45:08.902+0000] {logging_mixin.py:151} INFO - [2023-09-05T12:45:08.902+0000] {dag.py:2907} INFO - Sync 1 DAGs
[2023-09-05T12:45:08.909+0000] {logging_mixin.py:151} INFO - [2023-09-05T12:45:08.909+0000] {dag.py:3677} INFO - Setting next_dagrun for example_sensor_decorator to None, run_after=None
[2023-09-05T12:45:08.919+0000] {processor.py:179} INFO - Processing /home/airflow/.local/lib/python3.8/site-packages/airflow/example_dags/example_sensor_decorator.py took 0.044 seconds
[2023-09-05T12:45:39.273+0000] {processor.py:157} INFO - Started process (PID=167) to work on /home/airflow/.local/lib/python3.8/site-packages/airflow/example_dags/example_sensor_decorator.py
[2023-09-05T12:45:39.274+0000] {processor.py:829} INFO - Processing file /home/airflow/.local/lib/python3.8/site-packages/airflow/example_dags/example_sensor_decorator.py for tasks to queue
[2023-09-05T12:45:39.276+0000] {logging_mixin.py:151} INFO - [2023-09-05T12:45:39.276+0000] {dagbag.py:539} INFO - Filling up the DagBag from /home/airflow/.local/lib/python3.8/site-packages/airflow/example_dags/example_sensor_decorator.py
[2023-09-05T12:45:39.282+0000] {processor.py:839} INFO - DAG(s) dict_keys(['example_sensor_decorator']) retrieved from /home/airflow/.local/lib/python3.8/site-packages/airflow/example_dags/example_sensor_decorator.py
[2023-09-05T12:45:39.298+0000] {logging_mixin.py:151} INFO - [2023-09-05T12:45:39.298+0000] {dag.py:2907} INFO - Sync 1 DAGs
[2023-09-05T12:45:39.306+0000] {logging_mixin.py:151} INFO - [2023-09-05T12:45:39.306+0000] {dag.py:3677} INFO - Setting next_dagrun for example_sensor_decorator to None, run_after=None
[2023-09-05T12:45:39.316+0000] {processor.py:179} INFO - Processing /home/airflow/.local/lib/python3.8/site-packages/airflow/example_dags/example_sensor_decorator.py took 0.046 seconds
