[2023-09-05T12:33:38.971+0000] {processor.py:157} INFO - Started process (PID=32) to work on /home/airflow/.local/lib/python3.8/site-packages/airflow/example_dags/example_external_task_marker_dag.py
[2023-09-05T12:33:38.985+0000] {processor.py:829} INFO - Processing file /home/airflow/.local/lib/python3.8/site-packages/airflow/example_dags/example_external_task_marker_dag.py for tasks to queue
[2023-09-05T12:33:38.993+0000] {logging_mixin.py:151} INFO - [2023-09-05T12:33:38.992+0000] {dagbag.py:539} INFO - Filling up the DagBag from /home/airflow/.local/lib/python3.8/site-packages/airflow/example_dags/example_external_task_marker_dag.py
[2023-09-05T12:33:39.017+0000] {processor.py:839} INFO - DAG(s) dict_keys(['example_external_task_marker_parent', 'example_external_task_marker_child']) retrieved from /home/airflow/.local/lib/python3.8/site-packages/airflow/example_dags/example_external_task_marker_dag.py
[2023-09-05T12:33:39.078+0000] {logging_mixin.py:151} INFO - [2023-09-05T12:33:39.077+0000] {dag.py:2907} INFO - Sync 2 DAGs
[2023-09-05T12:33:39.293+0000] {logging_mixin.py:151} INFO - [2023-09-05T12:33:39.293+0000] {dag.py:3677} INFO - Setting next_dagrun for example_external_task_marker_child to None, run_after=None
[2023-09-05T12:33:39.295+0000] {logging_mixin.py:151} INFO - [2023-09-05T12:33:39.295+0000] {dag.py:3677} INFO - Setting next_dagrun for example_external_task_marker_parent to None, run_after=None
[2023-09-05T12:33:39.306+0000] {processor.py:179} INFO - Processing /home/airflow/.local/lib/python3.8/site-packages/airflow/example_dags/example_external_task_marker_dag.py took 0.359 seconds
[2023-09-05T12:34:09.436+0000] {processor.py:157} INFO - Started process (PID=87) to work on /home/airflow/.local/lib/python3.8/site-packages/airflow/example_dags/example_external_task_marker_dag.py
[2023-09-05T12:34:09.437+0000] {processor.py:829} INFO - Processing file /home/airflow/.local/lib/python3.8/site-packages/airflow/example_dags/example_external_task_marker_dag.py for tasks to queue
[2023-09-05T12:34:09.441+0000] {logging_mixin.py:151} INFO - [2023-09-05T12:34:09.440+0000] {dagbag.py:539} INFO - Filling up the DagBag from /home/airflow/.local/lib/python3.8/site-packages/airflow/example_dags/example_external_task_marker_dag.py
[2023-09-05T12:34:09.447+0000] {processor.py:839} INFO - DAG(s) dict_keys(['example_external_task_marker_child', 'example_external_task_marker_parent']) retrieved from /home/airflow/.local/lib/python3.8/site-packages/airflow/example_dags/example_external_task_marker_dag.py
[2023-09-05T12:34:09.471+0000] {logging_mixin.py:151} INFO - [2023-09-05T12:34:09.471+0000] {dag.py:2907} INFO - Sync 2 DAGs
[2023-09-05T12:34:09.480+0000] {logging_mixin.py:151} INFO - [2023-09-05T12:34:09.480+0000] {dag.py:3677} INFO - Setting next_dagrun for example_external_task_marker_child to None, run_after=None
[2023-09-05T12:34:09.483+0000] {logging_mixin.py:151} INFO - [2023-09-05T12:34:09.483+0000] {dag.py:3677} INFO - Setting next_dagrun for example_external_task_marker_parent to None, run_after=None
[2023-09-05T12:34:09.494+0000] {processor.py:179} INFO - Processing /home/airflow/.local/lib/python3.8/site-packages/airflow/example_dags/example_external_task_marker_dag.py took 0.061 seconds
[2023-09-05T12:34:39.594+0000] {processor.py:157} INFO - Started process (PID=141) to work on /home/airflow/.local/lib/python3.8/site-packages/airflow/example_dags/example_external_task_marker_dag.py
[2023-09-05T12:34:39.595+0000] {processor.py:829} INFO - Processing file /home/airflow/.local/lib/python3.8/site-packages/airflow/example_dags/example_external_task_marker_dag.py for tasks to queue
[2023-09-05T12:34:39.597+0000] {logging_mixin.py:151} INFO - [2023-09-05T12:34:39.596+0000] {dagbag.py:539} INFO - Filling up the DagBag from /home/airflow/.local/lib/python3.8/site-packages/airflow/example_dags/example_external_task_marker_dag.py
[2023-09-05T12:34:39.601+0000] {processor.py:839} INFO - DAG(s) dict_keys(['example_external_task_marker_child', 'example_external_task_marker_parent']) retrieved from /home/airflow/.local/lib/python3.8/site-packages/airflow/example_dags/example_external_task_marker_dag.py
[2023-09-05T12:34:39.621+0000] {logging_mixin.py:151} INFO - [2023-09-05T12:34:39.621+0000] {dag.py:2907} INFO - Sync 2 DAGs
[2023-09-05T12:34:39.629+0000] {logging_mixin.py:151} INFO - [2023-09-05T12:34:39.629+0000] {dag.py:3677} INFO - Setting next_dagrun for example_external_task_marker_child to None, run_after=None
[2023-09-05T12:34:39.631+0000] {logging_mixin.py:151} INFO - [2023-09-05T12:34:39.631+0000] {dag.py:3677} INFO - Setting next_dagrun for example_external_task_marker_parent to None, run_after=None
[2023-09-05T12:34:39.641+0000] {processor.py:179} INFO - Processing /home/airflow/.local/lib/python3.8/site-packages/airflow/example_dags/example_external_task_marker_dag.py took 0.050 seconds
[2023-09-05T12:40:46.002+0000] {processor.py:157} INFO - Started process (PID=32) to work on /home/airflow/.local/lib/python3.8/site-packages/airflow/example_dags/example_external_task_marker_dag.py
[2023-09-05T12:40:46.004+0000] {processor.py:829} INFO - Processing file /home/airflow/.local/lib/python3.8/site-packages/airflow/example_dags/example_external_task_marker_dag.py for tasks to queue
[2023-09-05T12:40:46.016+0000] {logging_mixin.py:151} INFO - [2023-09-05T12:40:46.007+0000] {dagbag.py:539} INFO - Filling up the DagBag from /home/airflow/.local/lib/python3.8/site-packages/airflow/example_dags/example_external_task_marker_dag.py
[2023-09-05T12:40:46.023+0000] {processor.py:839} INFO - DAG(s) dict_keys(['example_external_task_marker_parent', 'example_external_task_marker_child']) retrieved from /home/airflow/.local/lib/python3.8/site-packages/airflow/example_dags/example_external_task_marker_dag.py
[2023-09-05T12:40:46.191+0000] {logging_mixin.py:151} INFO - [2023-09-05T12:40:46.190+0000] {manager.py:501} INFO - Created Permission View: can read on DAG:example_external_task_marker_parent
[2023-09-05T12:40:46.200+0000] {logging_mixin.py:151} INFO - [2023-09-05T12:40:46.200+0000] {manager.py:501} INFO - Created Permission View: can edit on DAG:example_external_task_marker_parent
[2023-09-05T12:40:46.207+0000] {logging_mixin.py:151} INFO - [2023-09-05T12:40:46.206+0000] {manager.py:501} INFO - Created Permission View: can delete on DAG:example_external_task_marker_parent
[2023-09-05T12:40:46.225+0000] {logging_mixin.py:151} INFO - [2023-09-05T12:40:46.224+0000] {manager.py:501} INFO - Created Permission View: can read on DAG:example_external_task_marker_child
[2023-09-05T12:40:46.232+0000] {logging_mixin.py:151} INFO - [2023-09-05T12:40:46.232+0000] {manager.py:501} INFO - Created Permission View: can edit on DAG:example_external_task_marker_child
[2023-09-05T12:40:46.239+0000] {logging_mixin.py:151} INFO - [2023-09-05T12:40:46.239+0000] {manager.py:501} INFO - Created Permission View: can delete on DAG:example_external_task_marker_child
[2023-09-05T12:40:46.246+0000] {logging_mixin.py:151} INFO - [2023-09-05T12:40:46.245+0000] {dag.py:2907} INFO - Sync 2 DAGs
[2023-09-05T12:40:46.254+0000] {logging_mixin.py:151} INFO - [2023-09-05T12:40:46.254+0000] {dag.py:2929} INFO - Creating ORM DAG for example_external_task_marker_child
[2023-09-05T12:40:46.255+0000] {logging_mixin.py:151} INFO - [2023-09-05T12:40:46.255+0000] {dag.py:2929} INFO - Creating ORM DAG for example_external_task_marker_parent
[2023-09-05T12:40:46.256+0000] {logging_mixin.py:151} INFO - [2023-09-05T12:40:46.256+0000] {dag.py:3677} INFO - Setting next_dagrun for example_external_task_marker_child to None, run_after=None
[2023-09-05T12:40:46.257+0000] {logging_mixin.py:151} INFO - [2023-09-05T12:40:46.257+0000] {dag.py:3677} INFO - Setting next_dagrun for example_external_task_marker_parent to None, run_after=None
[2023-09-05T12:40:46.270+0000] {processor.py:179} INFO - Processing /home/airflow/.local/lib/python3.8/site-packages/airflow/example_dags/example_external_task_marker_dag.py took 0.271 seconds
[2023-09-05T12:41:16.464+0000] {processor.py:157} INFO - Started process (PID=86) to work on /home/airflow/.local/lib/python3.8/site-packages/airflow/example_dags/example_external_task_marker_dag.py
[2023-09-05T12:41:16.467+0000] {processor.py:829} INFO - Processing file /home/airflow/.local/lib/python3.8/site-packages/airflow/example_dags/example_external_task_marker_dag.py for tasks to queue
[2023-09-05T12:41:16.469+0000] {logging_mixin.py:151} INFO - [2023-09-05T12:41:16.469+0000] {dagbag.py:539} INFO - Filling up the DagBag from /home/airflow/.local/lib/python3.8/site-packages/airflow/example_dags/example_external_task_marker_dag.py
[2023-09-05T12:41:16.475+0000] {processor.py:839} INFO - DAG(s) dict_keys(['example_external_task_marker_parent', 'example_external_task_marker_child']) retrieved from /home/airflow/.local/lib/python3.8/site-packages/airflow/example_dags/example_external_task_marker_dag.py
[2023-09-05T12:41:16.496+0000] {logging_mixin.py:151} INFO - [2023-09-05T12:41:16.496+0000] {dag.py:2907} INFO - Sync 2 DAGs
[2023-09-05T12:41:16.504+0000] {logging_mixin.py:151} INFO - [2023-09-05T12:41:16.504+0000] {dag.py:3677} INFO - Setting next_dagrun for example_external_task_marker_child to None, run_after=None
[2023-09-05T12:41:16.507+0000] {logging_mixin.py:151} INFO - [2023-09-05T12:41:16.507+0000] {dag.py:3677} INFO - Setting next_dagrun for example_external_task_marker_parent to None, run_after=None
[2023-09-05T12:41:16.516+0000] {processor.py:179} INFO - Processing /home/airflow/.local/lib/python3.8/site-packages/airflow/example_dags/example_external_task_marker_dag.py took 0.056 seconds
[2023-09-05T12:41:47.168+0000] {processor.py:157} INFO - Started process (PID=140) to work on /home/airflow/.local/lib/python3.8/site-packages/airflow/example_dags/example_external_task_marker_dag.py
[2023-09-05T12:41:47.170+0000] {processor.py:829} INFO - Processing file /home/airflow/.local/lib/python3.8/site-packages/airflow/example_dags/example_external_task_marker_dag.py for tasks to queue
[2023-09-05T12:41:47.171+0000] {logging_mixin.py:151} INFO - [2023-09-05T12:41:47.171+0000] {dagbag.py:539} INFO - Filling up the DagBag from /home/airflow/.local/lib/python3.8/site-packages/airflow/example_dags/example_external_task_marker_dag.py
[2023-09-05T12:41:47.176+0000] {processor.py:839} INFO - DAG(s) dict_keys(['example_external_task_marker_child', 'example_external_task_marker_parent']) retrieved from /home/airflow/.local/lib/python3.8/site-packages/airflow/example_dags/example_external_task_marker_dag.py
[2023-09-05T12:41:47.194+0000] {logging_mixin.py:151} INFO - [2023-09-05T12:41:47.194+0000] {dag.py:2907} INFO - Sync 2 DAGs
[2023-09-05T12:41:47.202+0000] {logging_mixin.py:151} INFO - [2023-09-05T12:41:47.202+0000] {dag.py:3677} INFO - Setting next_dagrun for example_external_task_marker_child to None, run_after=None
[2023-09-05T12:41:47.204+0000] {logging_mixin.py:151} INFO - [2023-09-05T12:41:47.204+0000] {dag.py:3677} INFO - Setting next_dagrun for example_external_task_marker_parent to None, run_after=None
[2023-09-05T12:41:47.214+0000] {processor.py:179} INFO - Processing /home/airflow/.local/lib/python3.8/site-packages/airflow/example_dags/example_external_task_marker_dag.py took 0.049 seconds
[2023-09-05T12:42:17.785+0000] {processor.py:157} INFO - Started process (PID=194) to work on /home/airflow/.local/lib/python3.8/site-packages/airflow/example_dags/example_external_task_marker_dag.py
[2023-09-05T12:42:17.786+0000] {processor.py:829} INFO - Processing file /home/airflow/.local/lib/python3.8/site-packages/airflow/example_dags/example_external_task_marker_dag.py for tasks to queue
[2023-09-05T12:42:17.788+0000] {logging_mixin.py:151} INFO - [2023-09-05T12:42:17.788+0000] {dagbag.py:539} INFO - Filling up the DagBag from /home/airflow/.local/lib/python3.8/site-packages/airflow/example_dags/example_external_task_marker_dag.py
[2023-09-05T12:42:17.793+0000] {processor.py:839} INFO - DAG(s) dict_keys(['example_external_task_marker_child', 'example_external_task_marker_parent']) retrieved from /home/airflow/.local/lib/python3.8/site-packages/airflow/example_dags/example_external_task_marker_dag.py
[2023-09-05T12:42:17.815+0000] {logging_mixin.py:151} INFO - [2023-09-05T12:42:17.815+0000] {dag.py:2907} INFO - Sync 2 DAGs
[2023-09-05T12:42:17.824+0000] {logging_mixin.py:151} INFO - [2023-09-05T12:42:17.824+0000] {dag.py:3677} INFO - Setting next_dagrun for example_external_task_marker_child to None, run_after=None
[2023-09-05T12:42:17.827+0000] {logging_mixin.py:151} INFO - [2023-09-05T12:42:17.827+0000] {dag.py:3677} INFO - Setting next_dagrun for example_external_task_marker_parent to None, run_after=None
[2023-09-05T12:42:17.838+0000] {processor.py:179} INFO - Processing /home/airflow/.local/lib/python3.8/site-packages/airflow/example_dags/example_external_task_marker_dag.py took 0.056 seconds
[2023-09-05T12:42:48.317+0000] {processor.py:157} INFO - Started process (PID=248) to work on /home/airflow/.local/lib/python3.8/site-packages/airflow/example_dags/example_external_task_marker_dag.py
[2023-09-05T12:42:48.318+0000] {processor.py:829} INFO - Processing file /home/airflow/.local/lib/python3.8/site-packages/airflow/example_dags/example_external_task_marker_dag.py for tasks to queue
[2023-09-05T12:42:48.321+0000] {logging_mixin.py:151} INFO - [2023-09-05T12:42:48.321+0000] {dagbag.py:539} INFO - Filling up the DagBag from /home/airflow/.local/lib/python3.8/site-packages/airflow/example_dags/example_external_task_marker_dag.py
[2023-09-05T12:42:48.326+0000] {processor.py:839} INFO - DAG(s) dict_keys(['example_external_task_marker_child', 'example_external_task_marker_parent']) retrieved from /home/airflow/.local/lib/python3.8/site-packages/airflow/example_dags/example_external_task_marker_dag.py
[2023-09-05T12:42:48.346+0000] {logging_mixin.py:151} INFO - [2023-09-05T12:42:48.346+0000] {dag.py:2907} INFO - Sync 2 DAGs
[2023-09-05T12:42:48.355+0000] {logging_mixin.py:151} INFO - [2023-09-05T12:42:48.354+0000] {dag.py:3677} INFO - Setting next_dagrun for example_external_task_marker_child to None, run_after=None
[2023-09-05T12:42:48.357+0000] {logging_mixin.py:151} INFO - [2023-09-05T12:42:48.357+0000] {dag.py:3677} INFO - Setting next_dagrun for example_external_task_marker_parent to None, run_after=None
[2023-09-05T12:42:48.368+0000] {processor.py:179} INFO - Processing /home/airflow/.local/lib/python3.8/site-packages/airflow/example_dags/example_external_task_marker_dag.py took 0.054 seconds
[2023-09-05T12:44:33.049+0000] {processor.py:157} INFO - Started process (PID=31) to work on /home/airflow/.local/lib/python3.8/site-packages/airflow/example_dags/example_external_task_marker_dag.py
[2023-09-05T12:44:33.050+0000] {processor.py:829} INFO - Processing file /home/airflow/.local/lib/python3.8/site-packages/airflow/example_dags/example_external_task_marker_dag.py for tasks to queue
[2023-09-05T12:44:33.053+0000] {logging_mixin.py:151} INFO - [2023-09-05T12:44:33.052+0000] {dagbag.py:539} INFO - Filling up the DagBag from /home/airflow/.local/lib/python3.8/site-packages/airflow/example_dags/example_external_task_marker_dag.py
[2023-09-05T12:44:33.060+0000] {processor.py:839} INFO - DAG(s) dict_keys(['example_external_task_marker_child', 'example_external_task_marker_parent']) retrieved from /home/airflow/.local/lib/python3.8/site-packages/airflow/example_dags/example_external_task_marker_dag.py
[2023-09-05T12:44:33.215+0000] {logging_mixin.py:151} INFO - [2023-09-05T12:44:33.215+0000] {manager.py:501} INFO - Created Permission View: can edit on DAG:example_external_task_marker_child
[2023-09-05T12:44:33.223+0000] {logging_mixin.py:151} INFO - [2023-09-05T12:44:33.223+0000] {manager.py:501} INFO - Created Permission View: can read on DAG:example_external_task_marker_child
[2023-09-05T12:44:33.227+0000] {logging_mixin.py:151} INFO - [2023-09-05T12:44:33.227+0000] {manager.py:501} INFO - Created Permission View: can delete on DAG:example_external_task_marker_child
[2023-09-05T12:44:33.240+0000] {logging_mixin.py:151} INFO - [2023-09-05T12:44:33.240+0000] {manager.py:501} INFO - Created Permission View: can edit on DAG:example_external_task_marker_parent
[2023-09-05T12:44:33.251+0000] {logging_mixin.py:151} INFO - [2023-09-05T12:44:33.251+0000] {manager.py:501} INFO - Created Permission View: can read on DAG:example_external_task_marker_parent
[2023-09-05T12:44:33.256+0000] {logging_mixin.py:151} INFO - [2023-09-05T12:44:33.255+0000] {manager.py:501} INFO - Created Permission View: can delete on DAG:example_external_task_marker_parent
[2023-09-05T12:44:33.260+0000] {logging_mixin.py:151} INFO - [2023-09-05T12:44:33.260+0000] {dag.py:2907} INFO - Sync 2 DAGs
[2023-09-05T12:44:33.270+0000] {logging_mixin.py:151} INFO - [2023-09-05T12:44:33.269+0000] {dag.py:2929} INFO - Creating ORM DAG for example_external_task_marker_parent
[2023-09-05T12:44:33.271+0000] {logging_mixin.py:151} INFO - [2023-09-05T12:44:33.271+0000] {dag.py:2929} INFO - Creating ORM DAG for example_external_task_marker_child
[2023-09-05T12:44:33.272+0000] {logging_mixin.py:151} INFO - [2023-09-05T12:44:33.272+0000] {dag.py:3677} INFO - Setting next_dagrun for example_external_task_marker_child to None, run_after=None
[2023-09-05T12:44:33.273+0000] {logging_mixin.py:151} INFO - [2023-09-05T12:44:33.273+0000] {dag.py:3677} INFO - Setting next_dagrun for example_external_task_marker_parent to None, run_after=None
[2023-09-05T12:44:33.290+0000] {processor.py:179} INFO - Processing /home/airflow/.local/lib/python3.8/site-packages/airflow/example_dags/example_external_task_marker_dag.py took 0.257 seconds
[2023-09-05T12:45:03.462+0000] {processor.py:157} INFO - Started process (PID=85) to work on /home/airflow/.local/lib/python3.8/site-packages/airflow/example_dags/example_external_task_marker_dag.py
[2023-09-05T12:45:03.463+0000] {processor.py:829} INFO - Processing file /home/airflow/.local/lib/python3.8/site-packages/airflow/example_dags/example_external_task_marker_dag.py for tasks to queue
[2023-09-05T12:45:03.466+0000] {logging_mixin.py:151} INFO - [2023-09-05T12:45:03.465+0000] {dagbag.py:539} INFO - Filling up the DagBag from /home/airflow/.local/lib/python3.8/site-packages/airflow/example_dags/example_external_task_marker_dag.py
[2023-09-05T12:45:03.474+0000] {processor.py:839} INFO - DAG(s) dict_keys(['example_external_task_marker_child', 'example_external_task_marker_parent']) retrieved from /home/airflow/.local/lib/python3.8/site-packages/airflow/example_dags/example_external_task_marker_dag.py
[2023-09-05T12:45:03.493+0000] {logging_mixin.py:151} INFO - [2023-09-05T12:45:03.493+0000] {dag.py:2907} INFO - Sync 2 DAGs
[2023-09-05T12:45:03.501+0000] {logging_mixin.py:151} INFO - [2023-09-05T12:45:03.501+0000] {dag.py:3677} INFO - Setting next_dagrun for example_external_task_marker_child to None, run_after=None
[2023-09-05T12:45:03.504+0000] {logging_mixin.py:151} INFO - [2023-09-05T12:45:03.504+0000] {dag.py:3677} INFO - Setting next_dagrun for example_external_task_marker_parent to None, run_after=None
[2023-09-05T12:45:03.513+0000] {processor.py:179} INFO - Processing /home/airflow/.local/lib/python3.8/site-packages/airflow/example_dags/example_external_task_marker_dag.py took 0.054 seconds
[2023-09-05T12:45:34.011+0000] {processor.py:157} INFO - Started process (PID=139) to work on /home/airflow/.local/lib/python3.8/site-packages/airflow/example_dags/example_external_task_marker_dag.py
[2023-09-05T12:45:34.013+0000] {processor.py:829} INFO - Processing file /home/airflow/.local/lib/python3.8/site-packages/airflow/example_dags/example_external_task_marker_dag.py for tasks to queue
[2023-09-05T12:45:34.015+0000] {logging_mixin.py:151} INFO - [2023-09-05T12:45:34.014+0000] {dagbag.py:539} INFO - Filling up the DagBag from /home/airflow/.local/lib/python3.8/site-packages/airflow/example_dags/example_external_task_marker_dag.py
[2023-09-05T12:45:34.020+0000] {processor.py:839} INFO - DAG(s) dict_keys(['example_external_task_marker_child', 'example_external_task_marker_parent']) retrieved from /home/airflow/.local/lib/python3.8/site-packages/airflow/example_dags/example_external_task_marker_dag.py
[2023-09-05T12:45:34.041+0000] {logging_mixin.py:151} INFO - [2023-09-05T12:45:34.040+0000] {dag.py:2907} INFO - Sync 2 DAGs
[2023-09-05T12:45:34.049+0000] {logging_mixin.py:151} INFO - [2023-09-05T12:45:34.049+0000] {dag.py:3677} INFO - Setting next_dagrun for example_external_task_marker_child to None, run_after=None
[2023-09-05T12:45:34.052+0000] {logging_mixin.py:151} INFO - [2023-09-05T12:45:34.052+0000] {dag.py:3677} INFO - Setting next_dagrun for example_external_task_marker_parent to None, run_after=None
[2023-09-05T12:45:34.062+0000] {processor.py:179} INFO - Processing /home/airflow/.local/lib/python3.8/site-packages/airflow/example_dags/example_external_task_marker_dag.py took 0.054 seconds
