[2023-09-05T12:33:39.355+0000] {processor.py:157} INFO - Started process (PID=34) to work on /home/airflow/.local/lib/python3.8/site-packages/airflow/example_dags/example_branch_operator.py
[2023-09-05T12:33:39.356+0000] {processor.py:829} INFO - Processing file /home/airflow/.local/lib/python3.8/site-packages/airflow/example_dags/example_branch_operator.py for tasks to queue
[2023-09-05T12:33:39.359+0000] {logging_mixin.py:151} INFO - [2023-09-05T12:33:39.359+0000] {dagbag.py:539} INFO - Filling up the DagBag from /home/airflow/.local/lib/python3.8/site-packages/airflow/example_dags/example_branch_operator.py
[2023-09-05T12:33:39.372+0000] {processor.py:839} INFO - DAG(s) dict_keys(['example_branch_operator']) retrieved from /home/airflow/.local/lib/python3.8/site-packages/airflow/example_dags/example_branch_operator.py
[2023-09-05T12:33:39.393+0000] {logging_mixin.py:151} INFO - [2023-09-05T12:33:39.393+0000] {dag.py:2907} INFO - Sync 1 DAGs
[2023-09-05T12:33:39.526+0000] {logging_mixin.py:151} INFO - [2023-09-05T12:33:39.526+0000] {dag.py:3677} INFO - Setting next_dagrun for example_branch_operator to 2023-09-04T00:00:00+00:00, run_after=2023-09-05T00:00:00+00:00
[2023-09-05T12:33:39.539+0000] {processor.py:179} INFO - Processing /home/airflow/.local/lib/python3.8/site-packages/airflow/example_dags/example_branch_operator.py took 0.192 seconds
[2023-09-05T12:34:09.603+0000] {processor.py:157} INFO - Started process (PID=89) to work on /home/airflow/.local/lib/python3.8/site-packages/airflow/example_dags/example_branch_operator.py
[2023-09-05T12:34:09.604+0000] {processor.py:829} INFO - Processing file /home/airflow/.local/lib/python3.8/site-packages/airflow/example_dags/example_branch_operator.py for tasks to queue
[2023-09-05T12:34:09.606+0000] {logging_mixin.py:151} INFO - [2023-09-05T12:34:09.606+0000] {dagbag.py:539} INFO - Filling up the DagBag from /home/airflow/.local/lib/python3.8/site-packages/airflow/example_dags/example_branch_operator.py
[2023-09-05T12:34:09.614+0000] {processor.py:839} INFO - DAG(s) dict_keys(['example_branch_operator']) retrieved from /home/airflow/.local/lib/python3.8/site-packages/airflow/example_dags/example_branch_operator.py
[2023-09-05T12:34:09.634+0000] {logging_mixin.py:151} INFO - [2023-09-05T12:34:09.634+0000] {dag.py:2907} INFO - Sync 1 DAGs
[2023-09-05T12:34:09.649+0000] {logging_mixin.py:151} INFO - [2023-09-05T12:34:09.649+0000] {dag.py:3677} INFO - Setting next_dagrun for example_branch_operator to 2023-09-04T00:00:00+00:00, run_after=2023-09-05T00:00:00+00:00
[2023-09-05T12:34:09.660+0000] {processor.py:179} INFO - Processing /home/airflow/.local/lib/python3.8/site-packages/airflow/example_dags/example_branch_operator.py took 0.060 seconds
[2023-09-05T12:34:39.740+0000] {processor.py:157} INFO - Started process (PID=143) to work on /home/airflow/.local/lib/python3.8/site-packages/airflow/example_dags/example_branch_operator.py
[2023-09-05T12:34:39.742+0000] {processor.py:829} INFO - Processing file /home/airflow/.local/lib/python3.8/site-packages/airflow/example_dags/example_branch_operator.py for tasks to queue
[2023-09-05T12:34:39.744+0000] {logging_mixin.py:151} INFO - [2023-09-05T12:34:39.744+0000] {dagbag.py:539} INFO - Filling up the DagBag from /home/airflow/.local/lib/python3.8/site-packages/airflow/example_dags/example_branch_operator.py
[2023-09-05T12:34:39.751+0000] {processor.py:839} INFO - DAG(s) dict_keys(['example_branch_operator']) retrieved from /home/airflow/.local/lib/python3.8/site-packages/airflow/example_dags/example_branch_operator.py
[2023-09-05T12:34:39.770+0000] {logging_mixin.py:151} INFO - [2023-09-05T12:34:39.770+0000] {dag.py:2907} INFO - Sync 1 DAGs
[2023-09-05T12:34:39.783+0000] {logging_mixin.py:151} INFO - [2023-09-05T12:34:39.783+0000] {dag.py:3677} INFO - Setting next_dagrun for example_branch_operator to 2023-09-04T00:00:00+00:00, run_after=2023-09-05T00:00:00+00:00
[2023-09-05T12:34:39.793+0000] {processor.py:179} INFO - Processing /home/airflow/.local/lib/python3.8/site-packages/airflow/example_dags/example_branch_operator.py took 0.056 seconds
[2023-09-05T12:40:46.293+0000] {processor.py:157} INFO - Started process (PID=34) to work on /home/airflow/.local/lib/python3.8/site-packages/airflow/example_dags/example_branch_operator.py
[2023-09-05T12:40:46.294+0000] {processor.py:829} INFO - Processing file /home/airflow/.local/lib/python3.8/site-packages/airflow/example_dags/example_branch_operator.py for tasks to queue
[2023-09-05T12:40:46.298+0000] {logging_mixin.py:151} INFO - [2023-09-05T12:40:46.298+0000] {dagbag.py:539} INFO - Filling up the DagBag from /home/airflow/.local/lib/python3.8/site-packages/airflow/example_dags/example_branch_operator.py
[2023-09-05T12:40:46.313+0000] {processor.py:839} INFO - DAG(s) dict_keys(['example_branch_operator']) retrieved from /home/airflow/.local/lib/python3.8/site-packages/airflow/example_dags/example_branch_operator.py
[2023-09-05T12:40:46.496+0000] {logging_mixin.py:151} INFO - [2023-09-05T12:40:46.496+0000] {manager.py:501} INFO - Created Permission View: can read on DAG:example_branch_operator
[2023-09-05T12:40:46.503+0000] {logging_mixin.py:151} INFO - [2023-09-05T12:40:46.503+0000] {manager.py:501} INFO - Created Permission View: can edit on DAG:example_branch_operator
[2023-09-05T12:40:46.508+0000] {logging_mixin.py:151} INFO - [2023-09-05T12:40:46.508+0000] {manager.py:501} INFO - Created Permission View: can delete on DAG:example_branch_operator
[2023-09-05T12:40:46.518+0000] {logging_mixin.py:151} INFO - [2023-09-05T12:40:46.518+0000] {dag.py:2907} INFO - Sync 1 DAGs
[2023-09-05T12:40:46.525+0000] {logging_mixin.py:151} INFO - [2023-09-05T12:40:46.525+0000] {dag.py:2929} INFO - Creating ORM DAG for example_branch_operator
[2023-09-05T12:40:46.541+0000] {logging_mixin.py:151} INFO - [2023-09-05T12:40:46.541+0000] {dag.py:3677} INFO - Setting next_dagrun for example_branch_operator to 2023-09-04T00:00:00+00:00, run_after=2023-09-05T00:00:00+00:00
[2023-09-05T12:40:46.555+0000] {processor.py:179} INFO - Processing /home/airflow/.local/lib/python3.8/site-packages/airflow/example_dags/example_branch_operator.py took 0.264 seconds
[2023-09-05T12:41:16.609+0000] {processor.py:157} INFO - Started process (PID=88) to work on /home/airflow/.local/lib/python3.8/site-packages/airflow/example_dags/example_branch_operator.py
[2023-09-05T12:41:16.610+0000] {processor.py:829} INFO - Processing file /home/airflow/.local/lib/python3.8/site-packages/airflow/example_dags/example_branch_operator.py for tasks to queue
[2023-09-05T12:41:16.612+0000] {logging_mixin.py:151} INFO - [2023-09-05T12:41:16.612+0000] {dagbag.py:539} INFO - Filling up the DagBag from /home/airflow/.local/lib/python3.8/site-packages/airflow/example_dags/example_branch_operator.py
[2023-09-05T12:41:16.619+0000] {processor.py:839} INFO - DAG(s) dict_keys(['example_branch_operator']) retrieved from /home/airflow/.local/lib/python3.8/site-packages/airflow/example_dags/example_branch_operator.py
[2023-09-05T12:41:16.638+0000] {logging_mixin.py:151} INFO - [2023-09-05T12:41:16.638+0000] {dag.py:2907} INFO - Sync 1 DAGs
[2023-09-05T12:41:16.652+0000] {logging_mixin.py:151} INFO - [2023-09-05T12:41:16.652+0000] {dag.py:3677} INFO - Setting next_dagrun for example_branch_operator to 2023-09-04T00:00:00+00:00, run_after=2023-09-05T00:00:00+00:00
[2023-09-05T12:41:16.663+0000] {processor.py:179} INFO - Processing /home/airflow/.local/lib/python3.8/site-packages/airflow/example_dags/example_branch_operator.py took 0.057 seconds
[2023-09-05T12:41:47.237+0000] {processor.py:157} INFO - Started process (PID=142) to work on /home/airflow/.local/lib/python3.8/site-packages/airflow/example_dags/example_branch_operator.py
[2023-09-05T12:41:47.238+0000] {processor.py:829} INFO - Processing file /home/airflow/.local/lib/python3.8/site-packages/airflow/example_dags/example_branch_operator.py for tasks to queue
[2023-09-05T12:41:47.240+0000] {logging_mixin.py:151} INFO - [2023-09-05T12:41:47.240+0000] {dagbag.py:539} INFO - Filling up the DagBag from /home/airflow/.local/lib/python3.8/site-packages/airflow/example_dags/example_branch_operator.py
[2023-09-05T12:41:47.248+0000] {processor.py:839} INFO - DAG(s) dict_keys(['example_branch_operator']) retrieved from /home/airflow/.local/lib/python3.8/site-packages/airflow/example_dags/example_branch_operator.py
[2023-09-05T12:41:47.267+0000] {logging_mixin.py:151} INFO - [2023-09-05T12:41:47.267+0000] {dag.py:2907} INFO - Sync 1 DAGs
[2023-09-05T12:41:47.282+0000] {logging_mixin.py:151} INFO - [2023-09-05T12:41:47.282+0000] {dag.py:3677} INFO - Setting next_dagrun for example_branch_operator to 2023-09-04T00:00:00+00:00, run_after=2023-09-05T00:00:00+00:00
[2023-09-05T12:41:47.292+0000] {processor.py:179} INFO - Processing /home/airflow/.local/lib/python3.8/site-packages/airflow/example_dags/example_branch_operator.py took 0.058 seconds
[2023-09-05T12:42:17.866+0000] {processor.py:157} INFO - Started process (PID=196) to work on /home/airflow/.local/lib/python3.8/site-packages/airflow/example_dags/example_branch_operator.py
[2023-09-05T12:42:17.871+0000] {processor.py:829} INFO - Processing file /home/airflow/.local/lib/python3.8/site-packages/airflow/example_dags/example_branch_operator.py for tasks to queue
[2023-09-05T12:42:17.873+0000] {logging_mixin.py:151} INFO - [2023-09-05T12:42:17.873+0000] {dagbag.py:539} INFO - Filling up the DagBag from /home/airflow/.local/lib/python3.8/site-packages/airflow/example_dags/example_branch_operator.py
[2023-09-05T12:42:17.880+0000] {processor.py:839} INFO - DAG(s) dict_keys(['example_branch_operator']) retrieved from /home/airflow/.local/lib/python3.8/site-packages/airflow/example_dags/example_branch_operator.py
[2023-09-05T12:42:17.898+0000] {logging_mixin.py:151} INFO - [2023-09-05T12:42:17.898+0000] {dag.py:2907} INFO - Sync 1 DAGs
[2023-09-05T12:42:17.913+0000] {logging_mixin.py:151} INFO - [2023-09-05T12:42:17.913+0000] {dag.py:3677} INFO - Setting next_dagrun for example_branch_operator to 2023-09-04T00:00:00+00:00, run_after=2023-09-05T00:00:00+00:00
[2023-09-05T12:42:17.924+0000] {processor.py:179} INFO - Processing /home/airflow/.local/lib/python3.8/site-packages/airflow/example_dags/example_branch_operator.py took 0.061 seconds
[2023-09-05T12:42:48.403+0000] {processor.py:157} INFO - Started process (PID=250) to work on /home/airflow/.local/lib/python3.8/site-packages/airflow/example_dags/example_branch_operator.py
[2023-09-05T12:42:48.405+0000] {processor.py:829} INFO - Processing file /home/airflow/.local/lib/python3.8/site-packages/airflow/example_dags/example_branch_operator.py for tasks to queue
[2023-09-05T12:42:48.408+0000] {logging_mixin.py:151} INFO - [2023-09-05T12:42:48.408+0000] {dagbag.py:539} INFO - Filling up the DagBag from /home/airflow/.local/lib/python3.8/site-packages/airflow/example_dags/example_branch_operator.py
[2023-09-05T12:42:48.416+0000] {processor.py:839} INFO - DAG(s) dict_keys(['example_branch_operator']) retrieved from /home/airflow/.local/lib/python3.8/site-packages/airflow/example_dags/example_branch_operator.py
[2023-09-05T12:42:48.437+0000] {logging_mixin.py:151} INFO - [2023-09-05T12:42:48.437+0000] {dag.py:2907} INFO - Sync 1 DAGs
[2023-09-05T12:42:48.452+0000] {logging_mixin.py:151} INFO - [2023-09-05T12:42:48.451+0000] {dag.py:3677} INFO - Setting next_dagrun for example_branch_operator to 2023-09-04T00:00:00+00:00, run_after=2023-09-05T00:00:00+00:00
[2023-09-05T12:42:48.464+0000] {processor.py:179} INFO - Processing /home/airflow/.local/lib/python3.8/site-packages/airflow/example_dags/example_branch_operator.py took 0.064 seconds
[2023-09-05T12:44:33.319+0000] {processor.py:157} INFO - Started process (PID=33) to work on /home/airflow/.local/lib/python3.8/site-packages/airflow/example_dags/example_branch_operator.py
[2023-09-05T12:44:33.321+0000] {processor.py:829} INFO - Processing file /home/airflow/.local/lib/python3.8/site-packages/airflow/example_dags/example_branch_operator.py for tasks to queue
[2023-09-05T12:44:33.324+0000] {logging_mixin.py:151} INFO - [2023-09-05T12:44:33.324+0000] {dagbag.py:539} INFO - Filling up the DagBag from /home/airflow/.local/lib/python3.8/site-packages/airflow/example_dags/example_branch_operator.py
[2023-09-05T12:44:33.335+0000] {processor.py:839} INFO - DAG(s) dict_keys(['example_branch_operator']) retrieved from /home/airflow/.local/lib/python3.8/site-packages/airflow/example_dags/example_branch_operator.py
[2023-09-05T12:44:33.501+0000] {logging_mixin.py:151} INFO - [2023-09-05T12:44:33.501+0000] {manager.py:501} INFO - Created Permission View: can edit on DAG:example_branch_operator
[2023-09-05T12:44:33.520+0000] {logging_mixin.py:151} INFO - [2023-09-05T12:44:33.519+0000] {manager.py:501} INFO - Created Permission View: can read on DAG:example_branch_operator
[2023-09-05T12:44:33.525+0000] {logging_mixin.py:151} INFO - [2023-09-05T12:44:33.525+0000] {manager.py:501} INFO - Created Permission View: can delete on DAG:example_branch_operator
[2023-09-05T12:44:33.545+0000] {logging_mixin.py:151} INFO - [2023-09-05T12:44:33.544+0000] {dag.py:2907} INFO - Sync 1 DAGs
[2023-09-05T12:44:33.558+0000] {logging_mixin.py:151} INFO - [2023-09-05T12:44:33.558+0000] {dag.py:2929} INFO - Creating ORM DAG for example_branch_operator
[2023-09-05T12:44:33.567+0000] {logging_mixin.py:151} INFO - [2023-09-05T12:44:33.567+0000] {dag.py:3677} INFO - Setting next_dagrun for example_branch_operator to 2023-09-04T00:00:00+00:00, run_after=2023-09-05T00:00:00+00:00
[2023-09-05T12:44:33.579+0000] {processor.py:179} INFO - Processing /home/airflow/.local/lib/python3.8/site-packages/airflow/example_dags/example_branch_operator.py took 0.263 seconds
[2023-09-05T12:45:03.680+0000] {processor.py:157} INFO - Started process (PID=88) to work on /home/airflow/.local/lib/python3.8/site-packages/airflow/example_dags/example_branch_operator.py
[2023-09-05T12:45:03.681+0000] {processor.py:829} INFO - Processing file /home/airflow/.local/lib/python3.8/site-packages/airflow/example_dags/example_branch_operator.py for tasks to queue
[2023-09-05T12:45:03.684+0000] {logging_mixin.py:151} INFO - [2023-09-05T12:45:03.683+0000] {dagbag.py:539} INFO - Filling up the DagBag from /home/airflow/.local/lib/python3.8/site-packages/airflow/example_dags/example_branch_operator.py
[2023-09-05T12:45:03.690+0000] {processor.py:839} INFO - DAG(s) dict_keys(['example_branch_operator']) retrieved from /home/airflow/.local/lib/python3.8/site-packages/airflow/example_dags/example_branch_operator.py
[2023-09-05T12:45:03.707+0000] {logging_mixin.py:151} INFO - [2023-09-05T12:45:03.707+0000] {dag.py:2907} INFO - Sync 1 DAGs
[2023-09-05T12:45:03.721+0000] {logging_mixin.py:151} INFO - [2023-09-05T12:45:03.721+0000] {dag.py:3677} INFO - Setting next_dagrun for example_branch_operator to 2023-09-04T00:00:00+00:00, run_after=2023-09-05T00:00:00+00:00
[2023-09-05T12:45:03.730+0000] {processor.py:179} INFO - Processing /home/airflow/.local/lib/python3.8/site-packages/airflow/example_dags/example_branch_operator.py took 0.053 seconds
[2023-09-05T12:45:34.092+0000] {processor.py:157} INFO - Started process (PID=141) to work on /home/airflow/.local/lib/python3.8/site-packages/airflow/example_dags/example_branch_operator.py
[2023-09-05T12:45:34.093+0000] {processor.py:829} INFO - Processing file /home/airflow/.local/lib/python3.8/site-packages/airflow/example_dags/example_branch_operator.py for tasks to queue
[2023-09-05T12:45:34.095+0000] {logging_mixin.py:151} INFO - [2023-09-05T12:45:34.095+0000] {dagbag.py:539} INFO - Filling up the DagBag from /home/airflow/.local/lib/python3.8/site-packages/airflow/example_dags/example_branch_operator.py
[2023-09-05T12:45:34.102+0000] {processor.py:839} INFO - DAG(s) dict_keys(['example_branch_operator']) retrieved from /home/airflow/.local/lib/python3.8/site-packages/airflow/example_dags/example_branch_operator.py
[2023-09-05T12:45:34.120+0000] {logging_mixin.py:151} INFO - [2023-09-05T12:45:34.120+0000] {dag.py:2907} INFO - Sync 1 DAGs
[2023-09-05T12:45:34.134+0000] {logging_mixin.py:151} INFO - [2023-09-05T12:45:34.134+0000] {dag.py:3677} INFO - Setting next_dagrun for example_branch_operator to 2023-09-04T00:00:00+00:00, run_after=2023-09-05T00:00:00+00:00
[2023-09-05T12:45:34.144+0000] {processor.py:179} INFO - Processing /home/airflow/.local/lib/python3.8/site-packages/airflow/example_dags/example_branch_operator.py took 0.055 seconds
