[2023-09-05T12:33:38.814+0000] {processor.py:157} INFO - Started process (PID=31) to work on /home/airflow/.local/lib/python3.8/site-packages/airflow/example_dags/tutorial_taskflow_api.py
[2023-09-05T12:33:38.824+0000] {processor.py:829} INFO - Processing file /home/airflow/.local/lib/python3.8/site-packages/airflow/example_dags/tutorial_taskflow_api.py for tasks to queue
[2023-09-05T12:33:38.851+0000] {logging_mixin.py:151} INFO - [2023-09-05T12:33:38.850+0000] {dagbag.py:539} INFO - Filling up the DagBag from /home/airflow/.local/lib/python3.8/site-packages/airflow/example_dags/tutorial_taskflow_api.py
[2023-09-05T12:33:38.872+0000] {processor.py:839} INFO - DAG(s) dict_keys(['tutorial_taskflow_api']) retrieved from /home/airflow/.local/lib/python3.8/site-packages/airflow/example_dags/tutorial_taskflow_api.py
[2023-09-05T12:33:38.919+0000] {logging_mixin.py:151} INFO - [2023-09-05T12:33:38.919+0000] {dag.py:2907} INFO - Sync 1 DAGs
[2023-09-05T12:33:38.928+0000] {logging_mixin.py:151} INFO - [2023-09-05T12:33:38.927+0000] {dag.py:3677} INFO - Setting next_dagrun for tutorial_taskflow_api to None, run_after=None
[2023-09-05T12:33:39.212+0000] {processor.py:179} INFO - Processing /home/airflow/.local/lib/python3.8/site-packages/airflow/example_dags/tutorial_taskflow_api.py took 0.407 seconds
[2023-09-05T12:34:09.324+0000] {processor.py:157} INFO - Started process (PID=86) to work on /home/airflow/.local/lib/python3.8/site-packages/airflow/example_dags/tutorial_taskflow_api.py
[2023-09-05T12:34:09.326+0000] {processor.py:829} INFO - Processing file /home/airflow/.local/lib/python3.8/site-packages/airflow/example_dags/tutorial_taskflow_api.py for tasks to queue
[2023-09-05T12:34:09.328+0000] {logging_mixin.py:151} INFO - [2023-09-05T12:34:09.328+0000] {dagbag.py:539} INFO - Filling up the DagBag from /home/airflow/.local/lib/python3.8/site-packages/airflow/example_dags/tutorial_taskflow_api.py
[2023-09-05T12:34:09.339+0000] {processor.py:839} INFO - DAG(s) dict_keys(['tutorial_taskflow_api']) retrieved from /home/airflow/.local/lib/python3.8/site-packages/airflow/example_dags/tutorial_taskflow_api.py
[2023-09-05T12:34:09.372+0000] {logging_mixin.py:151} INFO - [2023-09-05T12:34:09.372+0000] {dag.py:2907} INFO - Sync 1 DAGs
[2023-09-05T12:34:09.387+0000] {logging_mixin.py:151} INFO - [2023-09-05T12:34:09.387+0000] {dag.py:3677} INFO - Setting next_dagrun for tutorial_taskflow_api to None, run_after=None
[2023-09-05T12:34:09.402+0000] {processor.py:179} INFO - Processing /home/airflow/.local/lib/python3.8/site-packages/airflow/example_dags/tutorial_taskflow_api.py took 0.088 seconds
[2023-09-05T12:34:39.517+0000] {processor.py:157} INFO - Started process (PID=140) to work on /home/airflow/.local/lib/python3.8/site-packages/airflow/example_dags/tutorial_taskflow_api.py
[2023-09-05T12:34:39.519+0000] {processor.py:829} INFO - Processing file /home/airflow/.local/lib/python3.8/site-packages/airflow/example_dags/tutorial_taskflow_api.py for tasks to queue
[2023-09-05T12:34:39.522+0000] {logging_mixin.py:151} INFO - [2023-09-05T12:34:39.522+0000] {dagbag.py:539} INFO - Filling up the DagBag from /home/airflow/.local/lib/python3.8/site-packages/airflow/example_dags/tutorial_taskflow_api.py
[2023-09-05T12:34:39.529+0000] {processor.py:839} INFO - DAG(s) dict_keys(['tutorial_taskflow_api']) retrieved from /home/airflow/.local/lib/python3.8/site-packages/airflow/example_dags/tutorial_taskflow_api.py
[2023-09-05T12:34:39.550+0000] {logging_mixin.py:151} INFO - [2023-09-05T12:34:39.549+0000] {dag.py:2907} INFO - Sync 1 DAGs
[2023-09-05T12:34:39.558+0000] {logging_mixin.py:151} INFO - [2023-09-05T12:34:39.558+0000] {dag.py:3677} INFO - Setting next_dagrun for tutorial_taskflow_api to None, run_after=None
[2023-09-05T12:34:39.570+0000] {processor.py:179} INFO - Processing /home/airflow/.local/lib/python3.8/site-packages/airflow/example_dags/tutorial_taskflow_api.py took 0.057 seconds
[2023-09-05T12:40:45.586+0000] {processor.py:157} INFO - Started process (PID=31) to work on /home/airflow/.local/lib/python3.8/site-packages/airflow/example_dags/tutorial_taskflow_api.py
[2023-09-05T12:40:45.593+0000] {processor.py:829} INFO - Processing file /home/airflow/.local/lib/python3.8/site-packages/airflow/example_dags/tutorial_taskflow_api.py for tasks to queue
[2023-09-05T12:40:45.604+0000] {logging_mixin.py:151} INFO - [2023-09-05T12:40:45.604+0000] {dagbag.py:539} INFO - Filling up the DagBag from /home/airflow/.local/lib/python3.8/site-packages/airflow/example_dags/tutorial_taskflow_api.py
[2023-09-05T12:40:45.621+0000] {processor.py:839} INFO - DAG(s) dict_keys(['tutorial_taskflow_api']) retrieved from /home/airflow/.local/lib/python3.8/site-packages/airflow/example_dags/tutorial_taskflow_api.py
[2023-09-05T12:40:45.913+0000] {logging_mixin.py:151} INFO - [2023-09-05T12:40:45.913+0000] {manager.py:501} INFO - Created Permission View: can read on DAG:tutorial_taskflow_api
[2023-09-05T12:40:45.921+0000] {logging_mixin.py:151} INFO - [2023-09-05T12:40:45.921+0000] {manager.py:501} INFO - Created Permission View: can edit on DAG:tutorial_taskflow_api
[2023-09-05T12:40:45.927+0000] {logging_mixin.py:151} INFO - [2023-09-05T12:40:45.927+0000] {manager.py:501} INFO - Created Permission View: can delete on DAG:tutorial_taskflow_api
[2023-09-05T12:40:45.940+0000] {logging_mixin.py:151} INFO - [2023-09-05T12:40:45.940+0000] {dag.py:2907} INFO - Sync 1 DAGs
[2023-09-05T12:40:45.947+0000] {logging_mixin.py:151} INFO - [2023-09-05T12:40:45.947+0000] {dag.py:2929} INFO - Creating ORM DAG for tutorial_taskflow_api
[2023-09-05T12:40:45.948+0000] {logging_mixin.py:151} INFO - [2023-09-05T12:40:45.948+0000] {dag.py:3677} INFO - Setting next_dagrun for tutorial_taskflow_api to None, run_after=None
[2023-09-05T12:40:45.962+0000] {processor.py:179} INFO - Processing /home/airflow/.local/lib/python3.8/site-packages/airflow/example_dags/tutorial_taskflow_api.py took 0.391 seconds
[2023-09-05T12:41:16.373+0000] {processor.py:157} INFO - Started process (PID=85) to work on /home/airflow/.local/lib/python3.8/site-packages/airflow/example_dags/tutorial_taskflow_api.py
[2023-09-05T12:41:16.375+0000] {processor.py:829} INFO - Processing file /home/airflow/.local/lib/python3.8/site-packages/airflow/example_dags/tutorial_taskflow_api.py for tasks to queue
[2023-09-05T12:41:16.378+0000] {logging_mixin.py:151} INFO - [2023-09-05T12:41:16.378+0000] {dagbag.py:539} INFO - Filling up the DagBag from /home/airflow/.local/lib/python3.8/site-packages/airflow/example_dags/tutorial_taskflow_api.py
[2023-09-05T12:41:16.388+0000] {processor.py:839} INFO - DAG(s) dict_keys(['tutorial_taskflow_api']) retrieved from /home/airflow/.local/lib/python3.8/site-packages/airflow/example_dags/tutorial_taskflow_api.py
[2023-09-05T12:41:16.415+0000] {logging_mixin.py:151} INFO - [2023-09-05T12:41:16.415+0000] {dag.py:2907} INFO - Sync 1 DAGs
[2023-09-05T12:41:16.425+0000] {logging_mixin.py:151} INFO - [2023-09-05T12:41:16.425+0000] {dag.py:3677} INFO - Setting next_dagrun for tutorial_taskflow_api to None, run_after=None
[2023-09-05T12:41:16.438+0000] {processor.py:179} INFO - Processing /home/airflow/.local/lib/python3.8/site-packages/airflow/example_dags/tutorial_taskflow_api.py took 0.068 seconds
[2023-09-05T12:41:47.090+0000] {processor.py:157} INFO - Started process (PID=139) to work on /home/airflow/.local/lib/python3.8/site-packages/airflow/example_dags/tutorial_taskflow_api.py
[2023-09-05T12:41:47.092+0000] {processor.py:829} INFO - Processing file /home/airflow/.local/lib/python3.8/site-packages/airflow/example_dags/tutorial_taskflow_api.py for tasks to queue
[2023-09-05T12:41:47.098+0000] {logging_mixin.py:151} INFO - [2023-09-05T12:41:47.097+0000] {dagbag.py:539} INFO - Filling up the DagBag from /home/airflow/.local/lib/python3.8/site-packages/airflow/example_dags/tutorial_taskflow_api.py
[2023-09-05T12:41:47.105+0000] {processor.py:839} INFO - DAG(s) dict_keys(['tutorial_taskflow_api']) retrieved from /home/airflow/.local/lib/python3.8/site-packages/airflow/example_dags/tutorial_taskflow_api.py
[2023-09-05T12:41:47.123+0000] {logging_mixin.py:151} INFO - [2023-09-05T12:41:47.123+0000] {dag.py:2907} INFO - Sync 1 DAGs
[2023-09-05T12:41:47.132+0000] {logging_mixin.py:151} INFO - [2023-09-05T12:41:47.132+0000] {dag.py:3677} INFO - Setting next_dagrun for tutorial_taskflow_api to None, run_after=None
[2023-09-05T12:41:47.144+0000] {processor.py:179} INFO - Processing /home/airflow/.local/lib/python3.8/site-packages/airflow/example_dags/tutorial_taskflow_api.py took 0.059 seconds
[2023-09-05T12:42:17.698+0000] {processor.py:157} INFO - Started process (PID=193) to work on /home/airflow/.local/lib/python3.8/site-packages/airflow/example_dags/tutorial_taskflow_api.py
[2023-09-05T12:42:17.700+0000] {processor.py:829} INFO - Processing file /home/airflow/.local/lib/python3.8/site-packages/airflow/example_dags/tutorial_taskflow_api.py for tasks to queue
[2023-09-05T12:42:17.704+0000] {logging_mixin.py:151} INFO - [2023-09-05T12:42:17.704+0000] {dagbag.py:539} INFO - Filling up the DagBag from /home/airflow/.local/lib/python3.8/site-packages/airflow/example_dags/tutorial_taskflow_api.py
[2023-09-05T12:42:17.712+0000] {processor.py:839} INFO - DAG(s) dict_keys(['tutorial_taskflow_api']) retrieved from /home/airflow/.local/lib/python3.8/site-packages/airflow/example_dags/tutorial_taskflow_api.py
[2023-09-05T12:42:17.737+0000] {logging_mixin.py:151} INFO - [2023-09-05T12:42:17.737+0000] {dag.py:2907} INFO - Sync 1 DAGs
[2023-09-05T12:42:17.747+0000] {logging_mixin.py:151} INFO - [2023-09-05T12:42:17.747+0000] {dag.py:3677} INFO - Setting next_dagrun for tutorial_taskflow_api to None, run_after=None
[2023-09-05T12:42:17.761+0000] {processor.py:179} INFO - Processing /home/airflow/.local/lib/python3.8/site-packages/airflow/example_dags/tutorial_taskflow_api.py took 0.068 seconds
[2023-09-05T12:42:48.223+0000] {processor.py:157} INFO - Started process (PID=247) to work on /home/airflow/.local/lib/python3.8/site-packages/airflow/example_dags/tutorial_taskflow_api.py
[2023-09-05T12:42:48.225+0000] {processor.py:829} INFO - Processing file /home/airflow/.local/lib/python3.8/site-packages/airflow/example_dags/tutorial_taskflow_api.py for tasks to queue
[2023-09-05T12:42:48.230+0000] {logging_mixin.py:151} INFO - [2023-09-05T12:42:48.230+0000] {dagbag.py:539} INFO - Filling up the DagBag from /home/airflow/.local/lib/python3.8/site-packages/airflow/example_dags/tutorial_taskflow_api.py
[2023-09-05T12:42:48.241+0000] {processor.py:839} INFO - DAG(s) dict_keys(['tutorial_taskflow_api']) retrieved from /home/airflow/.local/lib/python3.8/site-packages/airflow/example_dags/tutorial_taskflow_api.py
[2023-09-05T12:42:48.267+0000] {logging_mixin.py:151} INFO - [2023-09-05T12:42:48.267+0000] {dag.py:2907} INFO - Sync 1 DAGs
[2023-09-05T12:42:48.279+0000] {logging_mixin.py:151} INFO - [2023-09-05T12:42:48.279+0000] {dag.py:3677} INFO - Setting next_dagrun for tutorial_taskflow_api to None, run_after=None
[2023-09-05T12:42:48.293+0000] {processor.py:179} INFO - Processing /home/airflow/.local/lib/python3.8/site-packages/airflow/example_dags/tutorial_taskflow_api.py took 0.074 seconds
[2023-09-05T12:44:32.626+0000] {processor.py:157} INFO - Started process (PID=30) to work on /home/airflow/.local/lib/python3.8/site-packages/airflow/example_dags/tutorial_taskflow_api.py
[2023-09-05T12:44:32.629+0000] {processor.py:829} INFO - Processing file /home/airflow/.local/lib/python3.8/site-packages/airflow/example_dags/tutorial_taskflow_api.py for tasks to queue
[2023-09-05T12:44:32.636+0000] {logging_mixin.py:151} INFO - [2023-09-05T12:44:32.635+0000] {dagbag.py:539} INFO - Filling up the DagBag from /home/airflow/.local/lib/python3.8/site-packages/airflow/example_dags/tutorial_taskflow_api.py
[2023-09-05T12:44:32.656+0000] {processor.py:839} INFO - DAG(s) dict_keys(['tutorial_taskflow_api']) retrieved from /home/airflow/.local/lib/python3.8/site-packages/airflow/example_dags/tutorial_taskflow_api.py
[2023-09-05T12:44:32.952+0000] {logging_mixin.py:151} INFO - [2023-09-05T12:44:32.952+0000] {manager.py:501} INFO - Created Permission View: can edit on DAG:tutorial_taskflow_api
[2023-09-05T12:44:32.959+0000] {logging_mixin.py:151} INFO - [2023-09-05T12:44:32.959+0000] {manager.py:501} INFO - Created Permission View: can read on DAG:tutorial_taskflow_api
[2023-09-05T12:44:32.964+0000] {logging_mixin.py:151} INFO - [2023-09-05T12:44:32.964+0000] {manager.py:501} INFO - Created Permission View: can delete on DAG:tutorial_taskflow_api
[2023-09-05T12:44:32.973+0000] {logging_mixin.py:151} INFO - [2023-09-05T12:44:32.973+0000] {dag.py:2907} INFO - Sync 1 DAGs
[2023-09-05T12:44:32.982+0000] {logging_mixin.py:151} INFO - [2023-09-05T12:44:32.982+0000] {dag.py:2929} INFO - Creating ORM DAG for tutorial_taskflow_api
[2023-09-05T12:44:32.983+0000] {logging_mixin.py:151} INFO - [2023-09-05T12:44:32.983+0000] {dag.py:3677} INFO - Setting next_dagrun for tutorial_taskflow_api to None, run_after=None
[2023-09-05T12:44:32.995+0000] {processor.py:179} INFO - Processing /home/airflow/.local/lib/python3.8/site-packages/airflow/example_dags/tutorial_taskflow_api.py took 0.391 seconds
[2023-09-05T12:45:03.380+0000] {processor.py:157} INFO - Started process (PID=84) to work on /home/airflow/.local/lib/python3.8/site-packages/airflow/example_dags/tutorial_taskflow_api.py
[2023-09-05T12:45:03.381+0000] {processor.py:829} INFO - Processing file /home/airflow/.local/lib/python3.8/site-packages/airflow/example_dags/tutorial_taskflow_api.py for tasks to queue
[2023-09-05T12:45:03.385+0000] {logging_mixin.py:151} INFO - [2023-09-05T12:45:03.384+0000] {dagbag.py:539} INFO - Filling up the DagBag from /home/airflow/.local/lib/python3.8/site-packages/airflow/example_dags/tutorial_taskflow_api.py
[2023-09-05T12:45:03.394+0000] {processor.py:839} INFO - DAG(s) dict_keys(['tutorial_taskflow_api']) retrieved from /home/airflow/.local/lib/python3.8/site-packages/airflow/example_dags/tutorial_taskflow_api.py
[2023-09-05T12:45:03.416+0000] {logging_mixin.py:151} INFO - [2023-09-05T12:45:03.416+0000] {dag.py:2907} INFO - Sync 1 DAGs
[2023-09-05T12:45:03.427+0000] {logging_mixin.py:151} INFO - [2023-09-05T12:45:03.427+0000] {dag.py:3677} INFO - Setting next_dagrun for tutorial_taskflow_api to None, run_after=None
[2023-09-05T12:45:03.440+0000] {processor.py:179} INFO - Processing /home/airflow/.local/lib/python3.8/site-packages/airflow/example_dags/tutorial_taskflow_api.py took 0.064 seconds
[2023-09-05T12:45:33.921+0000] {processor.py:157} INFO - Started process (PID=138) to work on /home/airflow/.local/lib/python3.8/site-packages/airflow/example_dags/tutorial_taskflow_api.py
[2023-09-05T12:45:33.922+0000] {processor.py:829} INFO - Processing file /home/airflow/.local/lib/python3.8/site-packages/airflow/example_dags/tutorial_taskflow_api.py for tasks to queue
[2023-09-05T12:45:33.927+0000] {logging_mixin.py:151} INFO - [2023-09-05T12:45:33.927+0000] {dagbag.py:539} INFO - Filling up the DagBag from /home/airflow/.local/lib/python3.8/site-packages/airflow/example_dags/tutorial_taskflow_api.py
[2023-09-05T12:45:33.938+0000] {processor.py:839} INFO - DAG(s) dict_keys(['tutorial_taskflow_api']) retrieved from /home/airflow/.local/lib/python3.8/site-packages/airflow/example_dags/tutorial_taskflow_api.py
[2023-09-05T12:45:33.963+0000] {logging_mixin.py:151} INFO - [2023-09-05T12:45:33.962+0000] {dag.py:2907} INFO - Sync 1 DAGs
[2023-09-05T12:45:33.973+0000] {logging_mixin.py:151} INFO - [2023-09-05T12:45:33.973+0000] {dag.py:3677} INFO - Setting next_dagrun for tutorial_taskflow_api to None, run_after=None
[2023-09-05T12:45:33.987+0000] {processor.py:179} INFO - Processing /home/airflow/.local/lib/python3.8/site-packages/airflow/example_dags/tutorial_taskflow_api.py took 0.071 seconds
