[2023-09-05T12:33:43.856+0000] {processor.py:157} INFO - Started process (PID=62) to work on /home/airflow/.local/lib/python3.8/site-packages/airflow/example_dags/tutorial.py
[2023-09-05T12:33:43.864+0000] {processor.py:829} INFO - Processing file /home/airflow/.local/lib/python3.8/site-packages/airflow/example_dags/tutorial.py for tasks to queue
[2023-09-05T12:33:43.867+0000] {logging_mixin.py:151} INFO - [2023-09-05T12:33:43.866+0000] {dagbag.py:539} INFO - Filling up the DagBag from /home/airflow/.local/lib/python3.8/site-packages/airflow/example_dags/tutorial.py
[2023-09-05T12:33:43.892+0000] {processor.py:839} INFO - DAG(s) dict_keys(['tutorial']) retrieved from /home/airflow/.local/lib/python3.8/site-packages/airflow/example_dags/tutorial.py
[2023-09-05T12:33:43.917+0000] {logging_mixin.py:151} INFO - [2023-09-05T12:33:43.917+0000] {dag.py:2907} INFO - Sync 1 DAGs
[2023-09-05T12:33:43.968+0000] {logging_mixin.py:151} INFO - [2023-09-05T12:33:43.967+0000] {dag.py:3677} INFO - Setting next_dagrun for tutorial to 2023-09-04T12:33:43.966424+00:00, run_after=2023-09-05T12:33:43.966424+00:00
[2023-09-05T12:33:43.984+0000] {processor.py:179} INFO - Processing /home/airflow/.local/lib/python3.8/site-packages/airflow/example_dags/tutorial.py took 0.132 seconds
[2023-09-05T12:34:14.092+0000] {processor.py:157} INFO - Started process (PID=116) to work on /home/airflow/.local/lib/python3.8/site-packages/airflow/example_dags/tutorial.py
[2023-09-05T12:34:14.094+0000] {processor.py:829} INFO - Processing file /home/airflow/.local/lib/python3.8/site-packages/airflow/example_dags/tutorial.py for tasks to queue
[2023-09-05T12:34:14.096+0000] {logging_mixin.py:151} INFO - [2023-09-05T12:34:14.096+0000] {dagbag.py:539} INFO - Filling up the DagBag from /home/airflow/.local/lib/python3.8/site-packages/airflow/example_dags/tutorial.py
[2023-09-05T12:34:14.103+0000] {processor.py:839} INFO - DAG(s) dict_keys(['tutorial']) retrieved from /home/airflow/.local/lib/python3.8/site-packages/airflow/example_dags/tutorial.py
[2023-09-05T12:34:14.123+0000] {logging_mixin.py:151} INFO - [2023-09-05T12:34:14.123+0000] {dag.py:2907} INFO - Sync 1 DAGs
[2023-09-05T12:34:14.141+0000] {logging_mixin.py:151} INFO - [2023-09-05T12:34:14.141+0000] {dag.py:3677} INFO - Setting next_dagrun for tutorial to 2023-09-04T12:34:14.141066+00:00, run_after=2023-09-05T12:34:14.141066+00:00
[2023-09-05T12:34:14.153+0000] {processor.py:179} INFO - Processing /home/airflow/.local/lib/python3.8/site-packages/airflow/example_dags/tutorial.py took 0.065 seconds
[2023-09-05T12:34:45.030+0000] {processor.py:157} INFO - Started process (PID=170) to work on /home/airflow/.local/lib/python3.8/site-packages/airflow/example_dags/tutorial.py
[2023-09-05T12:34:45.041+0000] {processor.py:829} INFO - Processing file /home/airflow/.local/lib/python3.8/site-packages/airflow/example_dags/tutorial.py for tasks to queue
[2023-09-05T12:34:45.052+0000] {logging_mixin.py:151} INFO - [2023-09-05T12:34:45.052+0000] {dagbag.py:539} INFO - Filling up the DagBag from /home/airflow/.local/lib/python3.8/site-packages/airflow/example_dags/tutorial.py
[2023-09-05T12:34:45.068+0000] {processor.py:839} INFO - DAG(s) dict_keys(['tutorial']) retrieved from /home/airflow/.local/lib/python3.8/site-packages/airflow/example_dags/tutorial.py
[2023-09-05T12:34:45.134+0000] {logging_mixin.py:151} INFO - [2023-09-05T12:34:45.133+0000] {dag.py:2907} INFO - Sync 1 DAGs
[2023-09-05T12:34:45.174+0000] {logging_mixin.py:151} INFO - [2023-09-05T12:34:45.174+0000] {dag.py:3677} INFO - Setting next_dagrun for tutorial to 2023-09-04T12:34:45.173959+00:00, run_after=2023-09-05T12:34:45.173959+00:00
[2023-09-05T12:34:45.247+0000] {processor.py:179} INFO - Processing /home/airflow/.local/lib/python3.8/site-packages/airflow/example_dags/tutorial.py took 0.228 seconds
[2023-09-05T12:40:51.564+0000] {processor.py:157} INFO - Started process (PID=62) to work on /home/airflow/.local/lib/python3.8/site-packages/airflow/example_dags/tutorial.py
[2023-09-05T12:40:51.565+0000] {processor.py:829} INFO - Processing file /home/airflow/.local/lib/python3.8/site-packages/airflow/example_dags/tutorial.py for tasks to queue
[2023-09-05T12:40:51.568+0000] {logging_mixin.py:151} INFO - [2023-09-05T12:40:51.568+0000] {dagbag.py:539} INFO - Filling up the DagBag from /home/airflow/.local/lib/python3.8/site-packages/airflow/example_dags/tutorial.py
[2023-09-05T12:40:51.574+0000] {processor.py:839} INFO - DAG(s) dict_keys(['tutorial']) retrieved from /home/airflow/.local/lib/python3.8/site-packages/airflow/example_dags/tutorial.py
[2023-09-05T12:40:51.640+0000] {logging_mixin.py:151} INFO - [2023-09-05T12:40:51.640+0000] {manager.py:501} INFO - Created Permission View: can read on DAG:tutorial
[2023-09-05T12:40:51.645+0000] {logging_mixin.py:151} INFO - [2023-09-05T12:40:51.645+0000] {manager.py:501} INFO - Created Permission View: can edit on DAG:tutorial
[2023-09-05T12:40:51.650+0000] {logging_mixin.py:151} INFO - [2023-09-05T12:40:51.650+0000] {manager.py:501} INFO - Created Permission View: can delete on DAG:tutorial
[2023-09-05T12:40:51.657+0000] {logging_mixin.py:151} INFO - [2023-09-05T12:40:51.657+0000] {dag.py:2907} INFO - Sync 1 DAGs
[2023-09-05T12:40:51.664+0000] {logging_mixin.py:151} INFO - [2023-09-05T12:40:51.664+0000] {dag.py:2929} INFO - Creating ORM DAG for tutorial
[2023-09-05T12:40:51.670+0000] {logging_mixin.py:151} INFO - [2023-09-05T12:40:51.670+0000] {dag.py:3677} INFO - Setting next_dagrun for tutorial to 2023-09-04T12:40:51.670193+00:00, run_after=2023-09-05T12:40:51.670193+00:00
[2023-09-05T12:40:51.680+0000] {processor.py:179} INFO - Processing /home/airflow/.local/lib/python3.8/site-packages/airflow/example_dags/tutorial.py took 0.120 seconds
[2023-09-05T12:41:22.029+0000] {processor.py:157} INFO - Started process (PID=115) to work on /home/airflow/.local/lib/python3.8/site-packages/airflow/example_dags/tutorial.py
[2023-09-05T12:41:22.030+0000] {processor.py:829} INFO - Processing file /home/airflow/.local/lib/python3.8/site-packages/airflow/example_dags/tutorial.py for tasks to queue
[2023-09-05T12:41:22.032+0000] {logging_mixin.py:151} INFO - [2023-09-05T12:41:22.032+0000] {dagbag.py:539} INFO - Filling up the DagBag from /home/airflow/.local/lib/python3.8/site-packages/airflow/example_dags/tutorial.py
[2023-09-05T12:41:22.037+0000] {processor.py:839} INFO - DAG(s) dict_keys(['tutorial']) retrieved from /home/airflow/.local/lib/python3.8/site-packages/airflow/example_dags/tutorial.py
[2023-09-05T12:41:22.059+0000] {logging_mixin.py:151} INFO - [2023-09-05T12:41:22.058+0000] {dag.py:2907} INFO - Sync 1 DAGs
[2023-09-05T12:41:22.076+0000] {logging_mixin.py:151} INFO - [2023-09-05T12:41:22.076+0000] {dag.py:3677} INFO - Setting next_dagrun for tutorial to 2023-09-04T12:41:22.076201+00:00, run_after=2023-09-05T12:41:22.076201+00:00
[2023-09-05T12:41:22.090+0000] {processor.py:179} INFO - Processing /home/airflow/.local/lib/python3.8/site-packages/airflow/example_dags/tutorial.py took 0.064 seconds
[2023-09-05T12:41:52.468+0000] {processor.py:157} INFO - Started process (PID=169) to work on /home/airflow/.local/lib/python3.8/site-packages/airflow/example_dags/tutorial.py
[2023-09-05T12:41:52.470+0000] {processor.py:829} INFO - Processing file /home/airflow/.local/lib/python3.8/site-packages/airflow/example_dags/tutorial.py for tasks to queue
[2023-09-05T12:41:52.472+0000] {logging_mixin.py:151} INFO - [2023-09-05T12:41:52.471+0000] {dagbag.py:539} INFO - Filling up the DagBag from /home/airflow/.local/lib/python3.8/site-packages/airflow/example_dags/tutorial.py
[2023-09-05T12:41:52.476+0000] {processor.py:839} INFO - DAG(s) dict_keys(['tutorial']) retrieved from /home/airflow/.local/lib/python3.8/site-packages/airflow/example_dags/tutorial.py
[2023-09-05T12:41:52.497+0000] {logging_mixin.py:151} INFO - [2023-09-05T12:41:52.497+0000] {dag.py:2907} INFO - Sync 1 DAGs
[2023-09-05T12:41:52.511+0000] {logging_mixin.py:151} INFO - [2023-09-05T12:41:52.510+0000] {dag.py:3677} INFO - Setting next_dagrun for tutorial to 2023-09-04T12:41:52.510626+00:00, run_after=2023-09-05T12:41:52.510626+00:00
[2023-09-05T12:41:52.521+0000] {processor.py:179} INFO - Processing /home/airflow/.local/lib/python3.8/site-packages/airflow/example_dags/tutorial.py took 0.055 seconds
[2023-09-05T12:42:23.159+0000] {processor.py:157} INFO - Started process (PID=223) to work on /home/airflow/.local/lib/python3.8/site-packages/airflow/example_dags/tutorial.py
[2023-09-05T12:42:23.160+0000] {processor.py:829} INFO - Processing file /home/airflow/.local/lib/python3.8/site-packages/airflow/example_dags/tutorial.py for tasks to queue
[2023-09-05T12:42:23.163+0000] {logging_mixin.py:151} INFO - [2023-09-05T12:42:23.163+0000] {dagbag.py:539} INFO - Filling up the DagBag from /home/airflow/.local/lib/python3.8/site-packages/airflow/example_dags/tutorial.py
[2023-09-05T12:42:23.168+0000] {processor.py:839} INFO - DAG(s) dict_keys(['tutorial']) retrieved from /home/airflow/.local/lib/python3.8/site-packages/airflow/example_dags/tutorial.py
[2023-09-05T12:42:23.186+0000] {logging_mixin.py:151} INFO - [2023-09-05T12:42:23.186+0000] {dag.py:2907} INFO - Sync 1 DAGs
[2023-09-05T12:42:23.199+0000] {logging_mixin.py:151} INFO - [2023-09-05T12:42:23.199+0000] {dag.py:3677} INFO - Setting next_dagrun for tutorial to 2023-09-04T12:42:23.199060+00:00, run_after=2023-09-05T12:42:23.199060+00:00
[2023-09-05T12:42:23.209+0000] {processor.py:179} INFO - Processing /home/airflow/.local/lib/python3.8/site-packages/airflow/example_dags/tutorial.py took 0.054 seconds
[2023-09-05T12:42:53.770+0000] {processor.py:157} INFO - Started process (PID=277) to work on /home/airflow/.local/lib/python3.8/site-packages/airflow/example_dags/tutorial.py
[2023-09-05T12:42:53.771+0000] {processor.py:829} INFO - Processing file /home/airflow/.local/lib/python3.8/site-packages/airflow/example_dags/tutorial.py for tasks to queue
[2023-09-05T12:42:53.774+0000] {logging_mixin.py:151} INFO - [2023-09-05T12:42:53.773+0000] {dagbag.py:539} INFO - Filling up the DagBag from /home/airflow/.local/lib/python3.8/site-packages/airflow/example_dags/tutorial.py
[2023-09-05T12:42:53.779+0000] {processor.py:839} INFO - DAG(s) dict_keys(['tutorial']) retrieved from /home/airflow/.local/lib/python3.8/site-packages/airflow/example_dags/tutorial.py
[2023-09-05T12:42:53.797+0000] {logging_mixin.py:151} INFO - [2023-09-05T12:42:53.797+0000] {dag.py:2907} INFO - Sync 1 DAGs
[2023-09-05T12:42:53.810+0000] {logging_mixin.py:151} INFO - [2023-09-05T12:42:53.810+0000] {dag.py:3677} INFO - Setting next_dagrun for tutorial to 2023-09-04T12:42:53.810216+00:00, run_after=2023-09-05T12:42:53.810216+00:00
[2023-09-05T12:42:53.822+0000] {processor.py:179} INFO - Processing /home/airflow/.local/lib/python3.8/site-packages/airflow/example_dags/tutorial.py took 0.055 seconds
[2023-09-05T12:44:38.281+0000] {processor.py:157} INFO - Started process (PID=61) to work on /home/airflow/.local/lib/python3.8/site-packages/airflow/example_dags/tutorial.py
[2023-09-05T12:44:38.282+0000] {processor.py:829} INFO - Processing file /home/airflow/.local/lib/python3.8/site-packages/airflow/example_dags/tutorial.py for tasks to queue
[2023-09-05T12:44:38.286+0000] {logging_mixin.py:151} INFO - [2023-09-05T12:44:38.285+0000] {dagbag.py:539} INFO - Filling up the DagBag from /home/airflow/.local/lib/python3.8/site-packages/airflow/example_dags/tutorial.py
[2023-09-05T12:44:38.293+0000] {processor.py:839} INFO - DAG(s) dict_keys(['tutorial']) retrieved from /home/airflow/.local/lib/python3.8/site-packages/airflow/example_dags/tutorial.py
[2023-09-05T12:44:38.380+0000] {logging_mixin.py:151} INFO - [2023-09-05T12:44:38.380+0000] {manager.py:501} INFO - Created Permission View: can edit on DAG:tutorial
[2023-09-05T12:44:38.388+0000] {logging_mixin.py:151} INFO - [2023-09-05T12:44:38.388+0000] {manager.py:501} INFO - Created Permission View: can read on DAG:tutorial
[2023-09-05T12:44:38.398+0000] {logging_mixin.py:151} INFO - [2023-09-05T12:44:38.398+0000] {manager.py:501} INFO - Created Permission View: can delete on DAG:tutorial
[2023-09-05T12:44:38.409+0000] {logging_mixin.py:151} INFO - [2023-09-05T12:44:38.409+0000] {dag.py:2907} INFO - Sync 1 DAGs
[2023-09-05T12:44:38.432+0000] {logging_mixin.py:151} INFO - [2023-09-05T12:44:38.432+0000] {dag.py:2929} INFO - Creating ORM DAG for tutorial
[2023-09-05T12:44:38.445+0000] {logging_mixin.py:151} INFO - [2023-09-05T12:44:38.445+0000] {dag.py:3677} INFO - Setting next_dagrun for tutorial to 2023-09-04T12:44:38.445130+00:00, run_after=2023-09-05T12:44:38.445130+00:00
[2023-09-05T12:44:38.463+0000] {processor.py:179} INFO - Processing /home/airflow/.local/lib/python3.8/site-packages/airflow/example_dags/tutorial.py took 0.186 seconds
[2023-09-05T12:45:08.890+0000] {processor.py:157} INFO - Started process (PID=114) to work on /home/airflow/.local/lib/python3.8/site-packages/airflow/example_dags/tutorial.py
[2023-09-05T12:45:08.892+0000] {processor.py:829} INFO - Processing file /home/airflow/.local/lib/python3.8/site-packages/airflow/example_dags/tutorial.py for tasks to queue
[2023-09-05T12:45:08.894+0000] {logging_mixin.py:151} INFO - [2023-09-05T12:45:08.893+0000] {dagbag.py:539} INFO - Filling up the DagBag from /home/airflow/.local/lib/python3.8/site-packages/airflow/example_dags/tutorial.py
[2023-09-05T12:45:08.899+0000] {processor.py:839} INFO - DAG(s) dict_keys(['tutorial']) retrieved from /home/airflow/.local/lib/python3.8/site-packages/airflow/example_dags/tutorial.py
[2023-09-05T12:45:08.915+0000] {logging_mixin.py:151} INFO - [2023-09-05T12:45:08.915+0000] {dag.py:2907} INFO - Sync 1 DAGs
[2023-09-05T12:45:08.928+0000] {logging_mixin.py:151} INFO - [2023-09-05T12:45:08.928+0000] {dag.py:3677} INFO - Setting next_dagrun for tutorial to 2023-09-04T12:45:08.927890+00:00, run_after=2023-09-05T12:45:08.927890+00:00
[2023-09-05T12:45:08.940+0000] {processor.py:179} INFO - Processing /home/airflow/.local/lib/python3.8/site-packages/airflow/example_dags/tutorial.py took 0.052 seconds
[2023-09-05T12:45:39.337+0000] {processor.py:157} INFO - Started process (PID=168) to work on /home/airflow/.local/lib/python3.8/site-packages/airflow/example_dags/tutorial.py
[2023-09-05T12:45:39.339+0000] {processor.py:829} INFO - Processing file /home/airflow/.local/lib/python3.8/site-packages/airflow/example_dags/tutorial.py for tasks to queue
[2023-09-05T12:45:39.341+0000] {logging_mixin.py:151} INFO - [2023-09-05T12:45:39.340+0000] {dagbag.py:539} INFO - Filling up the DagBag from /home/airflow/.local/lib/python3.8/site-packages/airflow/example_dags/tutorial.py
[2023-09-05T12:45:39.346+0000] {processor.py:839} INFO - DAG(s) dict_keys(['tutorial']) retrieved from /home/airflow/.local/lib/python3.8/site-packages/airflow/example_dags/tutorial.py
[2023-09-05T12:45:39.362+0000] {logging_mixin.py:151} INFO - [2023-09-05T12:45:39.362+0000] {dag.py:2907} INFO - Sync 1 DAGs
[2023-09-05T12:45:39.375+0000] {logging_mixin.py:151} INFO - [2023-09-05T12:45:39.375+0000] {dag.py:3677} INFO - Setting next_dagrun for tutorial to 2023-09-04T12:45:39.374975+00:00, run_after=2023-09-05T12:45:39.374975+00:00
[2023-09-05T12:45:39.386+0000] {processor.py:179} INFO - Processing /home/airflow/.local/lib/python3.8/site-packages/airflow/example_dags/tutorial.py took 0.051 seconds
