[2023-09-05T12:33:39.710+0000] {processor.py:157} INFO - Started process (PID=37) to work on /home/airflow/.local/lib/python3.8/site-packages/airflow/example_dags/tutorial_dag.py
[2023-09-05T12:33:39.715+0000] {processor.py:829} INFO - Processing file /home/airflow/.local/lib/python3.8/site-packages/airflow/example_dags/tutorial_dag.py for tasks to queue
[2023-09-05T12:33:39.719+0000] {logging_mixin.py:151} INFO - [2023-09-05T12:33:39.718+0000] {dagbag.py:539} INFO - Filling up the DagBag from /home/airflow/.local/lib/python3.8/site-packages/airflow/example_dags/tutorial_dag.py
[2023-09-05T12:33:39.728+0000] {processor.py:839} INFO - DAG(s) dict_keys(['tutorial_dag']) retrieved from /home/airflow/.local/lib/python3.8/site-packages/airflow/example_dags/tutorial_dag.py
[2023-09-05T12:33:39.748+0000] {logging_mixin.py:151} INFO - [2023-09-05T12:33:39.748+0000] {dag.py:2907} INFO - Sync 1 DAGs
[2023-09-05T12:33:39.869+0000] {logging_mixin.py:151} INFO - [2023-09-05T12:33:39.869+0000] {dag.py:3677} INFO - Setting next_dagrun for tutorial_dag to None, run_after=None
[2023-09-05T12:33:39.881+0000] {processor.py:179} INFO - Processing /home/airflow/.local/lib/python3.8/site-packages/airflow/example_dags/tutorial_dag.py took 0.176 seconds
[2023-09-05T12:34:10.721+0000] {processor.py:157} INFO - Started process (PID=92) to work on /home/airflow/.local/lib/python3.8/site-packages/airflow/example_dags/tutorial_dag.py
[2023-09-05T12:34:10.722+0000] {processor.py:829} INFO - Processing file /home/airflow/.local/lib/python3.8/site-packages/airflow/example_dags/tutorial_dag.py for tasks to queue
[2023-09-05T12:34:10.724+0000] {logging_mixin.py:151} INFO - [2023-09-05T12:34:10.724+0000] {dagbag.py:539} INFO - Filling up the DagBag from /home/airflow/.local/lib/python3.8/site-packages/airflow/example_dags/tutorial_dag.py
[2023-09-05T12:34:10.728+0000] {processor.py:839} INFO - DAG(s) dict_keys(['tutorial_dag']) retrieved from /home/airflow/.local/lib/python3.8/site-packages/airflow/example_dags/tutorial_dag.py
[2023-09-05T12:34:10.746+0000] {logging_mixin.py:151} INFO - [2023-09-05T12:34:10.746+0000] {dag.py:2907} INFO - Sync 1 DAGs
[2023-09-05T12:34:10.755+0000] {logging_mixin.py:151} INFO - [2023-09-05T12:34:10.755+0000] {dag.py:3677} INFO - Setting next_dagrun for tutorial_dag to None, run_after=None
[2023-09-05T12:34:10.767+0000] {processor.py:179} INFO - Processing /home/airflow/.local/lib/python3.8/site-packages/airflow/example_dags/tutorial_dag.py took 0.048 seconds
[2023-09-05T12:34:40.849+0000] {processor.py:157} INFO - Started process (PID=146) to work on /home/airflow/.local/lib/python3.8/site-packages/airflow/example_dags/tutorial_dag.py
[2023-09-05T12:34:40.851+0000] {processor.py:829} INFO - Processing file /home/airflow/.local/lib/python3.8/site-packages/airflow/example_dags/tutorial_dag.py for tasks to queue
[2023-09-05T12:34:40.853+0000] {logging_mixin.py:151} INFO - [2023-09-05T12:34:40.852+0000] {dagbag.py:539} INFO - Filling up the DagBag from /home/airflow/.local/lib/python3.8/site-packages/airflow/example_dags/tutorial_dag.py
[2023-09-05T12:34:40.858+0000] {processor.py:839} INFO - DAG(s) dict_keys(['tutorial_dag']) retrieved from /home/airflow/.local/lib/python3.8/site-packages/airflow/example_dags/tutorial_dag.py
[2023-09-05T12:34:40.875+0000] {logging_mixin.py:151} INFO - [2023-09-05T12:34:40.875+0000] {dag.py:2907} INFO - Sync 1 DAGs
[2023-09-05T12:34:40.883+0000] {logging_mixin.py:151} INFO - [2023-09-05T12:34:40.883+0000] {dag.py:3677} INFO - Setting next_dagrun for tutorial_dag to None, run_after=None
[2023-09-05T12:34:40.893+0000] {processor.py:179} INFO - Processing /home/airflow/.local/lib/python3.8/site-packages/airflow/example_dags/tutorial_dag.py took 0.046 seconds
[2023-09-05T12:40:46.612+0000] {processor.py:157} INFO - Started process (PID=37) to work on /home/airflow/.local/lib/python3.8/site-packages/airflow/example_dags/tutorial_dag.py
[2023-09-05T12:40:46.613+0000] {processor.py:829} INFO - Processing file /home/airflow/.local/lib/python3.8/site-packages/airflow/example_dags/tutorial_dag.py for tasks to queue
[2023-09-05T12:40:46.616+0000] {logging_mixin.py:151} INFO - [2023-09-05T12:40:46.616+0000] {dagbag.py:539} INFO - Filling up the DagBag from /home/airflow/.local/lib/python3.8/site-packages/airflow/example_dags/tutorial_dag.py
[2023-09-05T12:40:46.627+0000] {processor.py:839} INFO - DAG(s) dict_keys(['tutorial_dag']) retrieved from /home/airflow/.local/lib/python3.8/site-packages/airflow/example_dags/tutorial_dag.py
[2023-09-05T12:40:46.782+0000] {logging_mixin.py:151} INFO - [2023-09-05T12:40:46.782+0000] {manager.py:501} INFO - Created Permission View: can read on DAG:tutorial_dag
[2023-09-05T12:40:46.788+0000] {logging_mixin.py:151} INFO - [2023-09-05T12:40:46.788+0000] {manager.py:501} INFO - Created Permission View: can edit on DAG:tutorial_dag
[2023-09-05T12:40:46.792+0000] {logging_mixin.py:151} INFO - [2023-09-05T12:40:46.792+0000] {manager.py:501} INFO - Created Permission View: can delete on DAG:tutorial_dag
[2023-09-05T12:40:46.800+0000] {logging_mixin.py:151} INFO - [2023-09-05T12:40:46.799+0000] {dag.py:2907} INFO - Sync 1 DAGs
[2023-09-05T12:40:46.805+0000] {logging_mixin.py:151} INFO - [2023-09-05T12:40:46.805+0000] {dag.py:2929} INFO - Creating ORM DAG for tutorial_dag
[2023-09-05T12:40:46.806+0000] {logging_mixin.py:151} INFO - [2023-09-05T12:40:46.806+0000] {dag.py:3677} INFO - Setting next_dagrun for tutorial_dag to None, run_after=None
[2023-09-05T12:40:46.818+0000] {processor.py:179} INFO - Processing /home/airflow/.local/lib/python3.8/site-packages/airflow/example_dags/tutorial_dag.py took 0.209 seconds
[2023-09-05T12:41:17.736+0000] {processor.py:157} INFO - Started process (PID=91) to work on /home/airflow/.local/lib/python3.8/site-packages/airflow/example_dags/tutorial_dag.py
[2023-09-05T12:41:17.738+0000] {processor.py:829} INFO - Processing file /home/airflow/.local/lib/python3.8/site-packages/airflow/example_dags/tutorial_dag.py for tasks to queue
[2023-09-05T12:41:17.741+0000] {logging_mixin.py:151} INFO - [2023-09-05T12:41:17.740+0000] {dagbag.py:539} INFO - Filling up the DagBag from /home/airflow/.local/lib/python3.8/site-packages/airflow/example_dags/tutorial_dag.py
[2023-09-05T12:41:17.746+0000] {processor.py:839} INFO - DAG(s) dict_keys(['tutorial_dag']) retrieved from /home/airflow/.local/lib/python3.8/site-packages/airflow/example_dags/tutorial_dag.py
[2023-09-05T12:41:17.765+0000] {logging_mixin.py:151} INFO - [2023-09-05T12:41:17.765+0000] {dag.py:2907} INFO - Sync 1 DAGs
[2023-09-05T12:41:17.773+0000] {logging_mixin.py:151} INFO - [2023-09-05T12:41:17.773+0000] {dag.py:3677} INFO - Setting next_dagrun for tutorial_dag to None, run_after=None
[2023-09-05T12:41:17.784+0000] {processor.py:179} INFO - Processing /home/airflow/.local/lib/python3.8/site-packages/airflow/example_dags/tutorial_dag.py took 0.051 seconds
[2023-09-05T12:41:48.334+0000] {processor.py:157} INFO - Started process (PID=145) to work on /home/airflow/.local/lib/python3.8/site-packages/airflow/example_dags/tutorial_dag.py
[2023-09-05T12:41:48.336+0000] {processor.py:829} INFO - Processing file /home/airflow/.local/lib/python3.8/site-packages/airflow/example_dags/tutorial_dag.py for tasks to queue
[2023-09-05T12:41:48.338+0000] {logging_mixin.py:151} INFO - [2023-09-05T12:41:48.338+0000] {dagbag.py:539} INFO - Filling up the DagBag from /home/airflow/.local/lib/python3.8/site-packages/airflow/example_dags/tutorial_dag.py
[2023-09-05T12:41:48.343+0000] {processor.py:839} INFO - DAG(s) dict_keys(['tutorial_dag']) retrieved from /home/airflow/.local/lib/python3.8/site-packages/airflow/example_dags/tutorial_dag.py
[2023-09-05T12:41:48.362+0000] {logging_mixin.py:151} INFO - [2023-09-05T12:41:48.361+0000] {dag.py:2907} INFO - Sync 1 DAGs
[2023-09-05T12:41:48.372+0000] {logging_mixin.py:151} INFO - [2023-09-05T12:41:48.372+0000] {dag.py:3677} INFO - Setting next_dagrun for tutorial_dag to None, run_after=None
[2023-09-05T12:41:48.385+0000] {processor.py:179} INFO - Processing /home/airflow/.local/lib/python3.8/site-packages/airflow/example_dags/tutorial_dag.py took 0.053 seconds
[2023-09-05T12:42:18.981+0000] {processor.py:157} INFO - Started process (PID=199) to work on /home/airflow/.local/lib/python3.8/site-packages/airflow/example_dags/tutorial_dag.py
[2023-09-05T12:42:18.984+0000] {processor.py:829} INFO - Processing file /home/airflow/.local/lib/python3.8/site-packages/airflow/example_dags/tutorial_dag.py for tasks to queue
[2023-09-05T12:42:18.987+0000] {logging_mixin.py:151} INFO - [2023-09-05T12:42:18.987+0000] {dagbag.py:539} INFO - Filling up the DagBag from /home/airflow/.local/lib/python3.8/site-packages/airflow/example_dags/tutorial_dag.py
[2023-09-05T12:42:18.993+0000] {processor.py:839} INFO - DAG(s) dict_keys(['tutorial_dag']) retrieved from /home/airflow/.local/lib/python3.8/site-packages/airflow/example_dags/tutorial_dag.py
[2023-09-05T12:42:19.012+0000] {logging_mixin.py:151} INFO - [2023-09-05T12:42:19.012+0000] {dag.py:2907} INFO - Sync 1 DAGs
[2023-09-05T12:42:19.020+0000] {logging_mixin.py:151} INFO - [2023-09-05T12:42:19.020+0000] {dag.py:3677} INFO - Setting next_dagrun for tutorial_dag to None, run_after=None
[2023-09-05T12:42:19.030+0000] {processor.py:179} INFO - Processing /home/airflow/.local/lib/python3.8/site-packages/airflow/example_dags/tutorial_dag.py took 0.054 seconds
[2023-09-05T12:42:49.536+0000] {processor.py:157} INFO - Started process (PID=253) to work on /home/airflow/.local/lib/python3.8/site-packages/airflow/example_dags/tutorial_dag.py
[2023-09-05T12:42:49.538+0000] {processor.py:829} INFO - Processing file /home/airflow/.local/lib/python3.8/site-packages/airflow/example_dags/tutorial_dag.py for tasks to queue
[2023-09-05T12:42:49.542+0000] {logging_mixin.py:151} INFO - [2023-09-05T12:42:49.541+0000] {dagbag.py:539} INFO - Filling up the DagBag from /home/airflow/.local/lib/python3.8/site-packages/airflow/example_dags/tutorial_dag.py
[2023-09-05T12:42:49.548+0000] {processor.py:839} INFO - DAG(s) dict_keys(['tutorial_dag']) retrieved from /home/airflow/.local/lib/python3.8/site-packages/airflow/example_dags/tutorial_dag.py
[2023-09-05T12:42:49.574+0000] {logging_mixin.py:151} INFO - [2023-09-05T12:42:49.574+0000] {dag.py:2907} INFO - Sync 1 DAGs
[2023-09-05T12:42:49.587+0000] {logging_mixin.py:151} INFO - [2023-09-05T12:42:49.586+0000] {dag.py:3677} INFO - Setting next_dagrun for tutorial_dag to None, run_after=None
[2023-09-05T12:42:49.600+0000] {processor.py:179} INFO - Processing /home/airflow/.local/lib/python3.8/site-packages/airflow/example_dags/tutorial_dag.py took 0.069 seconds
[2023-09-05T12:44:33.633+0000] {processor.py:157} INFO - Started process (PID=36) to work on /home/airflow/.local/lib/python3.8/site-packages/airflow/example_dags/tutorial_dag.py
[2023-09-05T12:44:33.635+0000] {processor.py:829} INFO - Processing file /home/airflow/.local/lib/python3.8/site-packages/airflow/example_dags/tutorial_dag.py for tasks to queue
[2023-09-05T12:44:33.638+0000] {logging_mixin.py:151} INFO - [2023-09-05T12:44:33.638+0000] {dagbag.py:539} INFO - Filling up the DagBag from /home/airflow/.local/lib/python3.8/site-packages/airflow/example_dags/tutorial_dag.py
[2023-09-05T12:44:33.644+0000] {processor.py:839} INFO - DAG(s) dict_keys(['tutorial_dag']) retrieved from /home/airflow/.local/lib/python3.8/site-packages/airflow/example_dags/tutorial_dag.py
[2023-09-05T12:44:33.813+0000] {logging_mixin.py:151} INFO - [2023-09-05T12:44:33.813+0000] {manager.py:501} INFO - Created Permission View: can edit on DAG:tutorial_dag
[2023-09-05T12:44:33.820+0000] {logging_mixin.py:151} INFO - [2023-09-05T12:44:33.820+0000] {manager.py:501} INFO - Created Permission View: can read on DAG:tutorial_dag
[2023-09-05T12:44:33.835+0000] {logging_mixin.py:151} INFO - [2023-09-05T12:44:33.835+0000] {manager.py:501} INFO - Created Permission View: can delete on DAG:tutorial_dag
[2023-09-05T12:44:33.864+0000] {logging_mixin.py:151} INFO - [2023-09-05T12:44:33.864+0000] {dag.py:2907} INFO - Sync 1 DAGs
[2023-09-05T12:44:33.890+0000] {logging_mixin.py:151} INFO - [2023-09-05T12:44:33.890+0000] {dag.py:2929} INFO - Creating ORM DAG for tutorial_dag
[2023-09-05T12:44:33.892+0000] {logging_mixin.py:151} INFO - [2023-09-05T12:44:33.891+0000] {dag.py:3677} INFO - Setting next_dagrun for tutorial_dag to None, run_after=None
[2023-09-05T12:44:33.920+0000] {processor.py:179} INFO - Processing /home/airflow/.local/lib/python3.8/site-packages/airflow/example_dags/tutorial_dag.py took 0.290 seconds
[2023-09-05T12:45:04.723+0000] {processor.py:157} INFO - Started process (PID=90) to work on /home/airflow/.local/lib/python3.8/site-packages/airflow/example_dags/tutorial_dag.py
[2023-09-05T12:45:04.725+0000] {processor.py:829} INFO - Processing file /home/airflow/.local/lib/python3.8/site-packages/airflow/example_dags/tutorial_dag.py for tasks to queue
[2023-09-05T12:45:04.727+0000] {logging_mixin.py:151} INFO - [2023-09-05T12:45:04.727+0000] {dagbag.py:539} INFO - Filling up the DagBag from /home/airflow/.local/lib/python3.8/site-packages/airflow/example_dags/tutorial_dag.py
[2023-09-05T12:45:04.733+0000] {processor.py:839} INFO - DAG(s) dict_keys(['tutorial_dag']) retrieved from /home/airflow/.local/lib/python3.8/site-packages/airflow/example_dags/tutorial_dag.py
[2023-09-05T12:45:04.756+0000] {logging_mixin.py:151} INFO - [2023-09-05T12:45:04.756+0000] {dag.py:2907} INFO - Sync 1 DAGs
[2023-09-05T12:45:04.766+0000] {logging_mixin.py:151} INFO - [2023-09-05T12:45:04.766+0000] {dag.py:3677} INFO - Setting next_dagrun for tutorial_dag to None, run_after=None
[2023-09-05T12:45:04.778+0000] {processor.py:179} INFO - Processing /home/airflow/.local/lib/python3.8/site-packages/airflow/example_dags/tutorial_dag.py took 0.058 seconds
[2023-09-05T12:45:35.218+0000] {processor.py:157} INFO - Started process (PID=144) to work on /home/airflow/.local/lib/python3.8/site-packages/airflow/example_dags/tutorial_dag.py
[2023-09-05T12:45:35.221+0000] {processor.py:829} INFO - Processing file /home/airflow/.local/lib/python3.8/site-packages/airflow/example_dags/tutorial_dag.py for tasks to queue
[2023-09-05T12:45:35.225+0000] {logging_mixin.py:151} INFO - [2023-09-05T12:45:35.224+0000] {dagbag.py:539} INFO - Filling up the DagBag from /home/airflow/.local/lib/python3.8/site-packages/airflow/example_dags/tutorial_dag.py
[2023-09-05T12:45:35.232+0000] {processor.py:839} INFO - DAG(s) dict_keys(['tutorial_dag']) retrieved from /home/airflow/.local/lib/python3.8/site-packages/airflow/example_dags/tutorial_dag.py
[2023-09-05T12:45:35.253+0000] {logging_mixin.py:151} INFO - [2023-09-05T12:45:35.253+0000] {dag.py:2907} INFO - Sync 1 DAGs
[2023-09-05T12:45:35.262+0000] {logging_mixin.py:151} INFO - [2023-09-05T12:45:35.262+0000] {dag.py:3677} INFO - Setting next_dagrun for tutorial_dag to None, run_after=None
[2023-09-05T12:45:35.273+0000] {processor.py:179} INFO - Processing /home/airflow/.local/lib/python3.8/site-packages/airflow/example_dags/tutorial_dag.py took 0.060 seconds
