[2023-09-05T15:31:10.269+0000] {taskinstance.py:1159} INFO - Dependencies all met for dep_context=non-requeueable deps ti=<TaskInstance: tasks_relations.this_way scheduled__2023-08-16T00:00:00+00:00 [queued]>
[2023-09-05T15:31:10.295+0000] {taskinstance.py:1159} INFO - Dependencies all met for dep_context=requeueable deps ti=<TaskInstance: tasks_relations.this_way scheduled__2023-08-16T00:00:00+00:00 [queued]>
[2023-09-05T15:31:10.297+0000] {taskinstance.py:1361} INFO - Starting attempt 1 of 1
[2023-09-05T15:31:10.331+0000] {taskinstance.py:1382} INFO - Executing <Task(_PythonDecoratedOperator): this_way> on 2023-08-16 00:00:00+00:00
[2023-09-05T15:31:10.342+0000] {standard_task_runner.py:57} INFO - Started process 1905 to run task
[2023-09-05T15:31:10.363+0000] {standard_task_runner.py:84} INFO - Running: ['***', 'tasks', 'run', 'tasks_relations', 'this_way', 'scheduled__2023-08-16T00:00:00+00:00', '--job-id', '874', '--raw', '--subdir', 'DAGS_FOLDER/tasks_relations.py', '--cfg-path', '/tmp/tmptysrdmm8']
[2023-09-05T15:31:10.371+0000] {standard_task_runner.py:85} INFO - Job 874: Subtask this_way
[2023-09-05T15:31:10.538+0000] {task_command.py:415} INFO - Running <TaskInstance: tasks_relations.this_way scheduled__2023-08-16T00:00:00+00:00 [running]> on host ca474790e981
[2023-09-05T15:31:10.726+0000] {taskinstance.py:1660} INFO - Exporting env vars: AIRFLOW_CTX_DAG_OWNER='***' AIRFLOW_CTX_DAG_ID='tasks_relations' AIRFLOW_CTX_TASK_ID='this_way' AIRFLOW_CTX_EXECUTION_DATE='2023-08-16T00:00:00+00:00' AIRFLOW_CTX_TRY_NUMBER='1' AIRFLOW_CTX_DAG_RUN_ID='scheduled__2023-08-16T00:00:00+00:00'
[2023-09-05T15:31:10.729+0000] {logging_mixin.py:151} INFO - THIS WAY!!!
[2023-09-05T15:31:10.730+0000] {python.py:194} INFO - Done. Returned value was: None
[2023-09-05T15:31:10.751+0000] {taskinstance.py:1400} INFO - Marking task as SUCCESS. dag_id=tasks_relations, task_id=this_way, execution_date=20230816T000000, start_date=20230905T153110, end_date=20230905T153110
[2023-09-05T15:31:10.823+0000] {local_task_job_runner.py:228} INFO - Task exited with return code 0
[2023-09-05T15:31:10.861+0000] {taskinstance.py:2784} INFO - 0 downstream tasks scheduled from follow-on schedule check
[2023-09-12T17:37:40.052+0000] {taskinstance.py:1159} INFO - Dependencies all met for dep_context=non-requeueable deps ti=<TaskInstance: tasks_relations.this_way scheduled__2023-08-16T00:00:00+00:00 [queued]>
[2023-09-12T17:37:40.067+0000] {taskinstance.py:1159} INFO - Dependencies all met for dep_context=requeueable deps ti=<TaskInstance: tasks_relations.this_way scheduled__2023-08-16T00:00:00+00:00 [queued]>
[2023-09-12T17:37:40.068+0000] {taskinstance.py:1361} INFO - Starting attempt 1 of 1
[2023-09-12T17:37:40.084+0000] {taskinstance.py:1382} INFO - Executing <Task(_PythonDecoratedOperator): this_way> on 2023-08-16 00:00:00+00:00
[2023-09-12T17:37:40.098+0000] {standard_task_runner.py:57} INFO - Started process 3454 to run task
[2023-09-12T17:37:40.105+0000] {standard_task_runner.py:84} INFO - Running: ['***', 'tasks', 'run', 'tasks_relations', 'this_way', 'scheduled__2023-08-16T00:00:00+00:00', '--job-id', '1646', '--raw', '--subdir', 'DAGS_FOLDER/2_tasks_relations.py', '--cfg-path', '/tmp/tmpte003tl5']
[2023-09-12T17:37:40.107+0000] {standard_task_runner.py:85} INFO - Job 1646: Subtask this_way
[2023-09-12T17:37:40.187+0000] {task_command.py:415} INFO - Running <TaskInstance: tasks_relations.this_way scheduled__2023-08-16T00:00:00+00:00 [running]> on host 0ab7970e0956
[2023-09-12T17:37:40.361+0000] {taskinstance.py:1660} INFO - Exporting env vars: AIRFLOW_CTX_DAG_OWNER='***' AIRFLOW_CTX_DAG_ID='tasks_relations' AIRFLOW_CTX_TASK_ID='this_way' AIRFLOW_CTX_EXECUTION_DATE='2023-08-16T00:00:00+00:00' AIRFLOW_CTX_TRY_NUMBER='1' AIRFLOW_CTX_DAG_RUN_ID='scheduled__2023-08-16T00:00:00+00:00'
[2023-09-12T17:37:40.365+0000] {logging_mixin.py:151} INFO - THIS WAY!!!
[2023-09-12T17:37:40.365+0000] {python.py:194} INFO - Done. Returned value was: None
[2023-09-12T17:37:40.379+0000] {taskinstance.py:1400} INFO - Marking task as SUCCESS. dag_id=tasks_relations, task_id=this_way, execution_date=20230816T000000, start_date=20230912T173740, end_date=20230912T173740
[2023-09-12T17:37:40.441+0000] {local_task_job_runner.py:228} INFO - Task exited with return code 0
[2023-09-12T17:37:40.458+0000] {taskinstance.py:2784} INFO - 1 downstream tasks scheduled from follow-on schedule check
