[2023-09-05T15:31:23.857+0000] {taskinstance.py:1159} INFO - Dependencies all met for dep_context=non-requeueable deps ti=<TaskInstance: tasks_relations.say_hello scheduled__2023-08-29T00:00:00+00:00 [queued]>
[2023-09-05T15:31:24.044+0000] {taskinstance.py:1159} INFO - Dependencies all met for dep_context=requeueable deps ti=<TaskInstance: tasks_relations.say_hello scheduled__2023-08-29T00:00:00+00:00 [queued]>
[2023-09-05T15:31:24.048+0000] {taskinstance.py:1361} INFO - Starting attempt 1 of 1
[2023-09-05T15:31:24.317+0000] {taskinstance.py:1382} INFO - Executing <Task(_PythonDecoratedOperator): say_hello> on 2023-08-29 00:00:00+00:00
[2023-09-05T15:31:24.420+0000] {standard_task_runner.py:84} INFO - Running: ['***', 'tasks', 'run', 'tasks_relations', 'say_hello', 'scheduled__2023-08-29T00:00:00+00:00', '--job-id', '910', '--raw', '--subdir', 'DAGS_FOLDER/tasks_relations.py', '--cfg-path', '/tmp/tmp0rf2aubh']
[2023-09-05T15:31:24.426+0000] {standard_task_runner.py:85} INFO - Job 910: Subtask say_hello
[2023-09-05T15:31:24.394+0000] {standard_task_runner.py:57} INFO - Started process 1993 to run task
[2023-09-05T15:31:24.910+0000] {task_command.py:415} INFO - Running <TaskInstance: tasks_relations.say_hello scheduled__2023-08-29T00:00:00+00:00 [running]> on host ca474790e981
[2023-09-05T15:31:25.486+0000] {taskinstance.py:1660} INFO - Exporting env vars: AIRFLOW_CTX_DAG_OWNER='***' AIRFLOW_CTX_DAG_ID='tasks_relations' AIRFLOW_CTX_TASK_ID='say_hello' AIRFLOW_CTX_EXECUTION_DATE='2023-08-29T00:00:00+00:00' AIRFLOW_CTX_TRY_NUMBER='1' AIRFLOW_CTX_DAG_RUN_ID='scheduled__2023-08-29T00:00:00+00:00'
[2023-09-05T15:31:25.490+0000] {logging_mixin.py:151} INFO - hello world
[2023-09-05T15:31:25.494+0000] {python.py:194} INFO - Done. Returned value was: None
[2023-09-05T15:31:25.574+0000] {taskinstance.py:1400} INFO - Marking task as SUCCESS. dag_id=tasks_relations, task_id=say_hello, execution_date=20230829T000000, start_date=20230905T153123, end_date=20230905T153125
[2023-09-05T15:31:25.778+0000] {local_task_job_runner.py:228} INFO - Task exited with return code 0
[2023-09-05T15:31:26.209+0000] {taskinstance.py:2784} INFO - 0 downstream tasks scheduled from follow-on schedule check
[2023-09-12T17:37:48.158+0000] {taskinstance.py:1159} INFO - Dependencies all met for dep_context=non-requeueable deps ti=<TaskInstance: tasks_relations.say_hello scheduled__2023-08-29T00:00:00+00:00 [queued]>
[2023-09-12T17:37:48.173+0000] {taskinstance.py:1159} INFO - Dependencies all met for dep_context=requeueable deps ti=<TaskInstance: tasks_relations.say_hello scheduled__2023-08-29T00:00:00+00:00 [queued]>
[2023-09-12T17:37:48.173+0000] {taskinstance.py:1361} INFO - Starting attempt 1 of 1
[2023-09-12T17:37:48.228+0000] {taskinstance.py:1382} INFO - Executing <Task(_PythonDecoratedOperator): say_hello> on 2023-08-29 00:00:00+00:00
[2023-09-12T17:37:48.233+0000] {standard_task_runner.py:57} INFO - Started process 3534 to run task
[2023-09-12T17:37:48.269+0000] {standard_task_runner.py:84} INFO - Running: ['***', 'tasks', 'run', 'tasks_relations', 'say_hello', 'scheduled__2023-08-29T00:00:00+00:00', '--job-id', '1684', '--raw', '--subdir', 'DAGS_FOLDER/2_tasks_relations.py', '--cfg-path', '/tmp/tmpqukqsxkg']
[2023-09-12T17:37:48.282+0000] {standard_task_runner.py:85} INFO - Job 1684: Subtask say_hello
[2023-09-12T17:37:48.494+0000] {task_command.py:415} INFO - Running <TaskInstance: tasks_relations.say_hello scheduled__2023-08-29T00:00:00+00:00 [running]> on host 0ab7970e0956
[2023-09-12T17:37:48.834+0000] {taskinstance.py:1660} INFO - Exporting env vars: AIRFLOW_CTX_DAG_OWNER='***' AIRFLOW_CTX_DAG_ID='tasks_relations' AIRFLOW_CTX_TASK_ID='say_hello' AIRFLOW_CTX_EXECUTION_DATE='2023-08-29T00:00:00+00:00' AIRFLOW_CTX_TRY_NUMBER='1' AIRFLOW_CTX_DAG_RUN_ID='scheduled__2023-08-29T00:00:00+00:00'
[2023-09-12T17:37:48.837+0000] {logging_mixin.py:151} INFO - hello world
[2023-09-12T17:37:48.837+0000] {python.py:194} INFO - Done. Returned value was: None
[2023-09-12T17:37:48.857+0000] {taskinstance.py:1400} INFO - Marking task as SUCCESS. dag_id=tasks_relations, task_id=say_hello, execution_date=20230829T000000, start_date=20230912T173748, end_date=20230912T173748
[2023-09-12T17:37:48.941+0000] {local_task_job_runner.py:228} INFO - Task exited with return code 0
[2023-09-12T17:37:49.024+0000] {taskinstance.py:2784} INFO - 1 downstream tasks scheduled from follow-on schedule check
