[2023-09-05T15:24:56.817+0000] {taskinstance.py:1159} INFO - Dependencies all met for dep_context=non-requeueable deps ti=<TaskInstance: tasks_relations.say_bye scheduled__2023-02-04T00:00:00+00:00 [queued]>
[2023-09-05T15:24:56.914+0000] {taskinstance.py:1159} INFO - Dependencies all met for dep_context=requeueable deps ti=<TaskInstance: tasks_relations.say_bye scheduled__2023-02-04T00:00:00+00:00 [queued]>
[2023-09-05T15:24:56.923+0000] {taskinstance.py:1361} INFO - Starting attempt 1 of 1
[2023-09-05T15:24:57.145+0000] {taskinstance.py:1382} INFO - Executing <Task(_PythonDecoratedOperator): say_bye> on 2023-02-04 00:00:00+00:00
[2023-09-05T15:24:57.248+0000] {standard_task_runner.py:57} INFO - Started process 340 to run task
[2023-09-05T15:24:57.341+0000] {standard_task_runner.py:84} INFO - Running: ['***', 'tasks', 'run', 'tasks_relations', 'say_bye', 'scheduled__2023-02-04T00:00:00+00:00', '--job-id', '129', '--raw', '--subdir', 'DAGS_FOLDER/tasks_relations.py', '--cfg-path', '/tmp/tmp23nirblj']
[2023-09-05T15:24:57.375+0000] {standard_task_runner.py:85} INFO - Job 129: Subtask say_bye
[2023-09-05T15:24:57.878+0000] {task_command.py:415} INFO - Running <TaskInstance: tasks_relations.say_bye scheduled__2023-02-04T00:00:00+00:00 [running]> on host ca474790e981
[2023-09-05T15:24:58.367+0000] {taskinstance.py:1660} INFO - Exporting env vars: AIRFLOW_CTX_DAG_OWNER='***' AIRFLOW_CTX_DAG_ID='tasks_relations' AIRFLOW_CTX_TASK_ID='say_bye' AIRFLOW_CTX_EXECUTION_DATE='2023-02-04T00:00:00+00:00' AIRFLOW_CTX_TRY_NUMBER='1' AIRFLOW_CTX_DAG_RUN_ID='scheduled__2023-02-04T00:00:00+00:00'
[2023-09-05T15:24:58.373+0000] {logging_mixin.py:151} INFO - goodbye ***
[2023-09-05T15:24:58.375+0000] {python.py:194} INFO - Done. Returned value was: None
[2023-09-05T15:24:58.413+0000] {taskinstance.py:1400} INFO - Marking task as SUCCESS. dag_id=tasks_relations, task_id=say_bye, execution_date=20230204T000000, start_date=20230905T152456, end_date=20230905T152458
[2023-09-05T15:24:58.602+0000] {local_task_job_runner.py:228} INFO - Task exited with return code 0
[2023-09-05T15:24:58.704+0000] {taskinstance.py:2784} INFO - 0 downstream tasks scheduled from follow-on schedule check
[2023-09-12T17:34:08.908+0000] {taskinstance.py:1159} INFO - Dependencies all met for dep_context=non-requeueable deps ti=<TaskInstance: tasks_relations.say_bye scheduled__2023-02-04T00:00:00+00:00 [queued]>
[2023-09-12T17:34:08.931+0000] {taskinstance.py:1159} INFO - Dependencies all met for dep_context=requeueable deps ti=<TaskInstance: tasks_relations.say_bye scheduled__2023-02-04T00:00:00+00:00 [queued]>
[2023-09-12T17:34:08.940+0000] {taskinstance.py:1361} INFO - Starting attempt 1 of 1
[2023-09-12T17:34:08.969+0000] {taskinstance.py:1382} INFO - Executing <Task(_PythonDecoratedOperator): say_bye> on 2023-02-04 00:00:00+00:00
[2023-09-12T17:34:08.981+0000] {standard_task_runner.py:57} INFO - Started process 785 to run task
[2023-09-12T17:34:08.995+0000] {standard_task_runner.py:84} INFO - Running: ['***', 'tasks', 'run', 'tasks_relations', 'say_bye', 'scheduled__2023-02-04T00:00:00+00:00', '--job-id', '336', '--raw', '--subdir', 'DAGS_FOLDER/2_tasks_relations.py', '--cfg-path', '/tmp/tmpx84ld8lt']
[2023-09-12T17:34:09.012+0000] {standard_task_runner.py:85} INFO - Job 336: Subtask say_bye
[2023-09-12T17:34:09.106+0000] {task_command.py:415} INFO - Running <TaskInstance: tasks_relations.say_bye scheduled__2023-02-04T00:00:00+00:00 [running]> on host 0ab7970e0956
[2023-09-12T17:34:09.232+0000] {taskinstance.py:1660} INFO - Exporting env vars: AIRFLOW_CTX_DAG_OWNER='***' AIRFLOW_CTX_DAG_ID='tasks_relations' AIRFLOW_CTX_TASK_ID='say_bye' AIRFLOW_CTX_EXECUTION_DATE='2023-02-04T00:00:00+00:00' AIRFLOW_CTX_TRY_NUMBER='1' AIRFLOW_CTX_DAG_RUN_ID='scheduled__2023-02-04T00:00:00+00:00'
[2023-09-12T17:34:09.237+0000] {logging_mixin.py:151} INFO - goodbye world
[2023-09-12T17:34:09.238+0000] {python.py:194} INFO - Done. Returned value was: None
[2023-09-12T17:34:09.255+0000] {taskinstance.py:1400} INFO - Marking task as SUCCESS. dag_id=tasks_relations, task_id=say_bye, execution_date=20230204T000000, start_date=20230912T173408, end_date=20230912T173409
[2023-09-12T17:34:09.293+0000] {local_task_job_runner.py:228} INFO - Task exited with return code 0
[2023-09-12T17:34:09.320+0000] {taskinstance.py:2784} INFO - 2 downstream tasks scheduled from follow-on schedule check
