[2023-09-05T15:27:26.569+0000] {taskinstance.py:1159} INFO - Dependencies all met for dep_context=non-requeueable deps ti=<TaskInstance: tasks_relations.say_hello scheduled__2023-05-15T00:00:00+00:00 [queued]>
[2023-09-05T15:27:26.710+0000] {taskinstance.py:1159} INFO - Dependencies all met for dep_context=requeueable deps ti=<TaskInstance: tasks_relations.say_hello scheduled__2023-05-15T00:00:00+00:00 [queued]>
[2023-09-05T15:27:26.751+0000] {taskinstance.py:1361} INFO - Starting attempt 1 of 1
[2023-09-05T15:27:27.053+0000] {taskinstance.py:1382} INFO - Executing <Task(_PythonDecoratedOperator): say_hello> on 2023-05-15 00:00:00+00:00
[2023-09-05T15:27:27.129+0000] {standard_task_runner.py:57} INFO - Started process 915 to run task
[2023-09-05T15:27:27.269+0000] {standard_task_runner.py:84} INFO - Running: ['***', 'tasks', 'run', 'tasks_relations', 'say_hello', 'scheduled__2023-05-15T00:00:00+00:00', '--job-id', '397', '--raw', '--subdir', 'DAGS_FOLDER/tasks_relations.py', '--cfg-path', '/tmp/tmp0qctgx9e']
[2023-09-05T15:27:27.283+0000] {standard_task_runner.py:85} INFO - Job 397: Subtask say_hello
[2023-09-05T15:27:28.195+0000] {task_command.py:415} INFO - Running <TaskInstance: tasks_relations.say_hello scheduled__2023-05-15T00:00:00+00:00 [running]> on host ca474790e981
[2023-09-05T15:27:29.009+0000] {taskinstance.py:1660} INFO - Exporting env vars: AIRFLOW_CTX_DAG_OWNER='***' AIRFLOW_CTX_DAG_ID='tasks_relations' AIRFLOW_CTX_TASK_ID='say_hello' AIRFLOW_CTX_EXECUTION_DATE='2023-05-15T00:00:00+00:00' AIRFLOW_CTX_TRY_NUMBER='1' AIRFLOW_CTX_DAG_RUN_ID='scheduled__2023-05-15T00:00:00+00:00'
[2023-09-05T15:27:29.084+0000] {logging_mixin.py:151} INFO - hello world
[2023-09-05T15:27:29.196+0000] {python.py:194} INFO - Done. Returned value was: None
[2023-09-05T15:27:29.277+0000] {taskinstance.py:1400} INFO - Marking task as SUCCESS. dag_id=tasks_relations, task_id=say_hello, execution_date=20230515T000000, start_date=20230905T152726, end_date=20230905T152729
[2023-09-05T15:27:29.615+0000] {local_task_job_runner.py:228} INFO - Task exited with return code 0
[2023-09-05T15:27:30.495+0000] {taskinstance.py:2784} INFO - 1 downstream tasks scheduled from follow-on schedule check
[2023-09-12T17:35:57.543+0000] {taskinstance.py:1159} INFO - Dependencies all met for dep_context=non-requeueable deps ti=<TaskInstance: tasks_relations.say_hello scheduled__2023-05-15T00:00:00+00:00 [queued]>
[2023-09-12T17:35:57.570+0000] {taskinstance.py:1159} INFO - Dependencies all met for dep_context=requeueable deps ti=<TaskInstance: tasks_relations.say_hello scheduled__2023-05-15T00:00:00+00:00 [queued]>
[2023-09-12T17:35:57.575+0000] {taskinstance.py:1361} INFO - Starting attempt 1 of 1
[2023-09-12T17:35:57.628+0000] {taskinstance.py:1382} INFO - Executing <Task(_PythonDecoratedOperator): say_hello> on 2023-05-15 00:00:00+00:00
[2023-09-12T17:35:57.647+0000] {standard_task_runner.py:57} INFO - Started process 2268 to run task
[2023-09-12T17:35:57.683+0000] {standard_task_runner.py:84} INFO - Running: ['***', 'tasks', 'run', 'tasks_relations', 'say_hello', 'scheduled__2023-05-15T00:00:00+00:00', '--job-id', '1064', '--raw', '--subdir', 'DAGS_FOLDER/2_tasks_relations.py', '--cfg-path', '/tmp/tmpazj9czjb']
[2023-09-12T17:35:57.690+0000] {standard_task_runner.py:85} INFO - Job 1064: Subtask say_hello
[2023-09-12T17:35:57.836+0000] {task_command.py:415} INFO - Running <TaskInstance: tasks_relations.say_hello scheduled__2023-05-15T00:00:00+00:00 [running]> on host 0ab7970e0956
[2023-09-12T17:35:58.048+0000] {taskinstance.py:1660} INFO - Exporting env vars: AIRFLOW_CTX_DAG_OWNER='***' AIRFLOW_CTX_DAG_ID='tasks_relations' AIRFLOW_CTX_TASK_ID='say_hello' AIRFLOW_CTX_EXECUTION_DATE='2023-05-15T00:00:00+00:00' AIRFLOW_CTX_TRY_NUMBER='1' AIRFLOW_CTX_DAG_RUN_ID='scheduled__2023-05-15T00:00:00+00:00'
[2023-09-12T17:35:58.050+0000] {logging_mixin.py:151} INFO - hello world
[2023-09-12T17:35:58.050+0000] {python.py:194} INFO - Done. Returned value was: None
[2023-09-12T17:35:58.073+0000] {taskinstance.py:1400} INFO - Marking task as SUCCESS. dag_id=tasks_relations, task_id=say_hello, execution_date=20230515T000000, start_date=20230912T173557, end_date=20230912T173558
[2023-09-12T17:35:58.115+0000] {local_task_job_runner.py:228} INFO - Task exited with return code 0
[2023-09-12T17:35:58.154+0000] {taskinstance.py:2784} INFO - 1 downstream tasks scheduled from follow-on schedule check
