[2023-09-05T15:30:38.081+0000] {taskinstance.py:1159} INFO - Dependencies all met for dep_context=non-requeueable deps ti=<TaskInstance: tasks_relations.this_way scheduled__2023-07-29T00:00:00+00:00 [queued]>
[2023-09-05T15:30:38.127+0000] {taskinstance.py:1159} INFO - Dependencies all met for dep_context=requeueable deps ti=<TaskInstance: tasks_relations.this_way scheduled__2023-07-29T00:00:00+00:00 [queued]>
[2023-09-05T15:30:38.132+0000] {taskinstance.py:1361} INFO - Starting attempt 1 of 1
[2023-09-05T15:30:38.259+0000] {taskinstance.py:1382} INFO - Executing <Task(_PythonDecoratedOperator): this_way> on 2023-07-29 00:00:00+00:00
[2023-09-05T15:30:38.270+0000] {standard_task_runner.py:57} INFO - Started process 1733 to run task
[2023-09-05T15:30:38.344+0000] {standard_task_runner.py:84} INFO - Running: ['***', 'tasks', 'run', 'tasks_relations', 'this_way', 'scheduled__2023-07-29T00:00:00+00:00', '--job-id', '790', '--raw', '--subdir', 'DAGS_FOLDER/tasks_relations.py', '--cfg-path', '/tmp/tmpvd0tprd6']
[2023-09-05T15:30:38.389+0000] {standard_task_runner.py:85} INFO - Job 790: Subtask this_way
[2023-09-05T15:30:38.805+0000] {task_command.py:415} INFO - Running <TaskInstance: tasks_relations.this_way scheduled__2023-07-29T00:00:00+00:00 [running]> on host ca474790e981
[2023-09-05T15:30:39.202+0000] {taskinstance.py:1660} INFO - Exporting env vars: AIRFLOW_CTX_DAG_OWNER='***' AIRFLOW_CTX_DAG_ID='tasks_relations' AIRFLOW_CTX_TASK_ID='this_way' AIRFLOW_CTX_EXECUTION_DATE='2023-07-29T00:00:00+00:00' AIRFLOW_CTX_TRY_NUMBER='1' AIRFLOW_CTX_DAG_RUN_ID='scheduled__2023-07-29T00:00:00+00:00'
[2023-09-05T15:30:39.206+0000] {logging_mixin.py:151} INFO - THIS WAY!!!
[2023-09-05T15:30:39.207+0000] {python.py:194} INFO - Done. Returned value was: None
[2023-09-05T15:30:39.263+0000] {taskinstance.py:1400} INFO - Marking task as SUCCESS. dag_id=tasks_relations, task_id=this_way, execution_date=20230729T000000, start_date=20230905T153038, end_date=20230905T153039
[2023-09-05T15:30:39.366+0000] {local_task_job_runner.py:228} INFO - Task exited with return code 0
[2023-09-05T15:30:39.464+0000] {taskinstance.py:2784} INFO - 0 downstream tasks scheduled from follow-on schedule check
[2023-09-12T17:37:16.299+0000] {taskinstance.py:1159} INFO - Dependencies all met for dep_context=non-requeueable deps ti=<TaskInstance: tasks_relations.this_way scheduled__2023-07-29T00:00:00+00:00 [queued]>
[2023-09-12T17:37:16.359+0000] {taskinstance.py:1159} INFO - Dependencies all met for dep_context=requeueable deps ti=<TaskInstance: tasks_relations.this_way scheduled__2023-07-29T00:00:00+00:00 [queued]>
[2023-09-12T17:37:16.366+0000] {taskinstance.py:1361} INFO - Starting attempt 1 of 1
[2023-09-12T17:37:16.427+0000] {taskinstance.py:1382} INFO - Executing <Task(_PythonDecoratedOperator): this_way> on 2023-07-29 00:00:00+00:00
[2023-09-12T17:37:16.450+0000] {standard_task_runner.py:57} INFO - Started process 3201 to run task
[2023-09-12T17:37:16.483+0000] {standard_task_runner.py:84} INFO - Running: ['***', 'tasks', 'run', 'tasks_relations', 'this_way', 'scheduled__2023-07-29T00:00:00+00:00', '--job-id', '1519', '--raw', '--subdir', 'DAGS_FOLDER/2_tasks_relations.py', '--cfg-path', '/tmp/tmpehikjezg']
[2023-09-12T17:37:16.503+0000] {standard_task_runner.py:85} INFO - Job 1519: Subtask this_way
[2023-09-12T17:37:16.845+0000] {task_command.py:415} INFO - Running <TaskInstance: tasks_relations.this_way scheduled__2023-07-29T00:00:00+00:00 [running]> on host 0ab7970e0956
[2023-09-12T17:37:17.281+0000] {taskinstance.py:1660} INFO - Exporting env vars: AIRFLOW_CTX_DAG_OWNER='***' AIRFLOW_CTX_DAG_ID='tasks_relations' AIRFLOW_CTX_TASK_ID='this_way' AIRFLOW_CTX_EXECUTION_DATE='2023-07-29T00:00:00+00:00' AIRFLOW_CTX_TRY_NUMBER='1' AIRFLOW_CTX_DAG_RUN_ID='scheduled__2023-07-29T00:00:00+00:00'
[2023-09-12T17:37:17.286+0000] {logging_mixin.py:151} INFO - THIS WAY!!!
[2023-09-12T17:37:17.287+0000] {python.py:194} INFO - Done. Returned value was: None
[2023-09-12T17:37:17.310+0000] {taskinstance.py:1400} INFO - Marking task as SUCCESS. dag_id=tasks_relations, task_id=this_way, execution_date=20230729T000000, start_date=20230912T173716, end_date=20230912T173717
[2023-09-12T17:37:17.371+0000] {local_task_job_runner.py:228} INFO - Task exited with return code 0
[2023-09-12T17:37:17.399+0000] {taskinstance.py:2784} INFO - 0 downstream tasks scheduled from follow-on schedule check
