[2023-09-05T15:24:18.698+0000] {taskinstance.py:1159} INFO - Dependencies all met for dep_context=non-requeueable deps ti=<TaskInstance: tasks_relations.say_hello scheduled__2023-01-04T00:00:00+00:00 [queued]>
[2023-09-05T15:24:18.758+0000] {taskinstance.py:1159} INFO - Dependencies all met for dep_context=requeueable deps ti=<TaskInstance: tasks_relations.say_hello scheduled__2023-01-04T00:00:00+00:00 [queued]>
[2023-09-05T15:24:18.760+0000] {taskinstance.py:1361} INFO - Starting attempt 1 of 1
[2023-09-05T15:24:18.916+0000] {taskinstance.py:1382} INFO - Executing <Task(_PythonDecoratedOperator): say_hello> on 2023-01-04 00:00:00+00:00
[2023-09-05T15:24:18.924+0000] {standard_task_runner.py:57} INFO - Started process 122 to run task
[2023-09-05T15:24:18.955+0000] {standard_task_runner.py:84} INFO - Running: ['***', 'tasks', 'run', 'tasks_relations', 'say_hello', 'scheduled__2023-01-04T00:00:00+00:00', '--job-id', '24', '--raw', '--subdir', 'DAGS_FOLDER/tasks_relations.py', '--cfg-path', '/tmp/tmpdh1fnd4s']
[2023-09-05T15:24:18.966+0000] {standard_task_runner.py:85} INFO - Job 24: Subtask say_hello
[2023-09-05T15:24:19.546+0000] {task_command.py:415} INFO - Running <TaskInstance: tasks_relations.say_hello scheduled__2023-01-04T00:00:00+00:00 [running]> on host ca474790e981
[2023-09-05T15:24:19.919+0000] {taskinstance.py:1660} INFO - Exporting env vars: AIRFLOW_CTX_DAG_OWNER='***' AIRFLOW_CTX_DAG_ID='tasks_relations' AIRFLOW_CTX_TASK_ID='say_hello' AIRFLOW_CTX_EXECUTION_DATE='2023-01-04T00:00:00+00:00' AIRFLOW_CTX_TRY_NUMBER='1' AIRFLOW_CTX_DAG_RUN_ID='scheduled__2023-01-04T00:00:00+00:00'
[2023-09-05T15:24:19.929+0000] {logging_mixin.py:151} INFO - hello ***
[2023-09-05T15:24:19.941+0000] {python.py:194} INFO - Done. Returned value was: None
[2023-09-05T15:24:20.011+0000] {taskinstance.py:1400} INFO - Marking task as SUCCESS. dag_id=tasks_relations, task_id=say_hello, execution_date=20230104T000000, start_date=20230905T152418, end_date=20230905T152420
[2023-09-05T15:24:20.227+0000] {local_task_job_runner.py:228} INFO - Task exited with return code 0
[2023-09-05T15:24:20.384+0000] {taskinstance.py:2784} INFO - 1 downstream tasks scheduled from follow-on schedule check
[2023-09-12T17:32:53.957+0000] {taskinstance.py:1159} INFO - Dependencies all met for dep_context=non-requeueable deps ti=<TaskInstance: tasks_relations.say_hello scheduled__2023-01-04T00:00:00+00:00 [queued]>
[2023-09-12T17:32:53.998+0000] {taskinstance.py:1159} INFO - Dependencies all met for dep_context=requeueable deps ti=<TaskInstance: tasks_relations.say_hello scheduled__2023-01-04T00:00:00+00:00 [queued]>
[2023-09-12T17:32:54.007+0000] {taskinstance.py:1361} INFO - Starting attempt 1 of 1
[2023-09-12T17:32:54.064+0000] {taskinstance.py:1382} INFO - Executing <Task(_PythonDecoratedOperator): say_hello> on 2023-01-04 00:00:00+00:00
[2023-09-12T17:32:54.108+0000] {standard_task_runner.py:57} INFO - Started process 241 to run task
[2023-09-12T17:32:54.156+0000] {standard_task_runner.py:84} INFO - Running: ['***', 'tasks', 'run', 'tasks_relations', 'say_hello', 'scheduled__2023-01-04T00:00:00+00:00', '--job-id', '67', '--raw', '--subdir', 'DAGS_FOLDER/2_tasks_relations.py', '--cfg-path', '/tmp/tmp2imxqu9t']
[2023-09-12T17:32:54.166+0000] {standard_task_runner.py:85} INFO - Job 67: Subtask say_hello
[2023-09-12T17:32:54.494+0000] {task_command.py:415} INFO - Running <TaskInstance: tasks_relations.say_hello scheduled__2023-01-04T00:00:00+00:00 [running]> on host 0ab7970e0956
[2023-09-12T17:32:55.145+0000] {taskinstance.py:1660} INFO - Exporting env vars: AIRFLOW_CTX_DAG_OWNER='***' AIRFLOW_CTX_DAG_ID='tasks_relations' AIRFLOW_CTX_TASK_ID='say_hello' AIRFLOW_CTX_EXECUTION_DATE='2023-01-04T00:00:00+00:00' AIRFLOW_CTX_TRY_NUMBER='1' AIRFLOW_CTX_DAG_RUN_ID='scheduled__2023-01-04T00:00:00+00:00'
[2023-09-12T17:32:55.149+0000] {logging_mixin.py:151} INFO - hello world
[2023-09-12T17:32:55.149+0000] {python.py:194} INFO - Done. Returned value was: None
[2023-09-12T17:32:55.162+0000] {taskinstance.py:1400} INFO - Marking task as SUCCESS. dag_id=tasks_relations, task_id=say_hello, execution_date=20230104T000000, start_date=20230912T173253, end_date=20230912T173255
[2023-09-12T17:32:55.201+0000] {local_task_job_runner.py:228} INFO - Task exited with return code 0
[2023-09-12T17:32:55.418+0000] {taskinstance.py:2784} INFO - 1 downstream tasks scheduled from follow-on schedule check
