[2023-09-05T15:30:11.382+0000] {taskinstance.py:1159} INFO - Dependencies all met for dep_context=non-requeueable deps ti=<TaskInstance: tasks_relations.this_way scheduled__2023-07-14T00:00:00+00:00 [queued]>
[2023-09-05T15:30:11.427+0000] {taskinstance.py:1159} INFO - Dependencies all met for dep_context=requeueable deps ti=<TaskInstance: tasks_relations.this_way scheduled__2023-07-14T00:00:00+00:00 [queued]>
[2023-09-05T15:30:11.431+0000] {taskinstance.py:1361} INFO - Starting attempt 1 of 1
[2023-09-05T15:30:11.487+0000] {taskinstance.py:1382} INFO - Executing <Task(_PythonDecoratedOperator): this_way> on 2023-07-14 00:00:00+00:00
[2023-09-05T15:30:11.515+0000] {standard_task_runner.py:57} INFO - Started process 1574 to run task
[2023-09-05T15:30:11.585+0000] {standard_task_runner.py:84} INFO - Running: ['***', 'tasks', 'run', 'tasks_relations', 'this_way', 'scheduled__2023-07-14T00:00:00+00:00', '--job-id', '711', '--raw', '--subdir', 'DAGS_FOLDER/tasks_relations.py', '--cfg-path', '/tmp/tmpd86gxvhx']
[2023-09-05T15:30:11.602+0000] {standard_task_runner.py:85} INFO - Job 711: Subtask this_way
[2023-09-05T15:30:11.894+0000] {task_command.py:415} INFO - Running <TaskInstance: tasks_relations.this_way scheduled__2023-07-14T00:00:00+00:00 [running]> on host ca474790e981
[2023-09-05T15:30:12.212+0000] {taskinstance.py:1660} INFO - Exporting env vars: AIRFLOW_CTX_DAG_OWNER='***' AIRFLOW_CTX_DAG_ID='tasks_relations' AIRFLOW_CTX_TASK_ID='this_way' AIRFLOW_CTX_EXECUTION_DATE='2023-07-14T00:00:00+00:00' AIRFLOW_CTX_TRY_NUMBER='1' AIRFLOW_CTX_DAG_RUN_ID='scheduled__2023-07-14T00:00:00+00:00'
[2023-09-05T15:30:12.225+0000] {logging_mixin.py:151} INFO - THIS WAY!!!
[2023-09-05T15:30:12.226+0000] {python.py:194} INFO - Done. Returned value was: None
[2023-09-05T15:30:12.289+0000] {taskinstance.py:1400} INFO - Marking task as SUCCESS. dag_id=tasks_relations, task_id=this_way, execution_date=20230714T000000, start_date=20230905T153011, end_date=20230905T153012
[2023-09-05T15:30:12.428+0000] {local_task_job_runner.py:228} INFO - Task exited with return code 0
[2023-09-05T15:30:12.462+0000] {taskinstance.py:2784} INFO - 0 downstream tasks scheduled from follow-on schedule check
[2023-09-12T17:37:07.161+0000] {taskinstance.py:1159} INFO - Dependencies all met for dep_context=non-requeueable deps ti=<TaskInstance: tasks_relations.this_way scheduled__2023-07-14T00:00:00+00:00 [queued]>
[2023-09-12T17:37:07.207+0000] {taskinstance.py:1159} INFO - Dependencies all met for dep_context=requeueable deps ti=<TaskInstance: tasks_relations.this_way scheduled__2023-07-14T00:00:00+00:00 [queued]>
[2023-09-12T17:37:07.210+0000] {taskinstance.py:1361} INFO - Starting attempt 1 of 1
[2023-09-12T17:37:07.257+0000] {taskinstance.py:1382} INFO - Executing <Task(_PythonDecoratedOperator): this_way> on 2023-07-14 00:00:00+00:00
[2023-09-12T17:37:07.275+0000] {standard_task_runner.py:57} INFO - Started process 3066 to run task
[2023-09-12T17:37:07.294+0000] {standard_task_runner.py:84} INFO - Running: ['***', 'tasks', 'run', 'tasks_relations', 'this_way', 'scheduled__2023-07-14T00:00:00+00:00', '--job-id', '1455', '--raw', '--subdir', 'DAGS_FOLDER/2_tasks_relations.py', '--cfg-path', '/tmp/tmpyeow9s2s']
[2023-09-12T17:37:07.300+0000] {standard_task_runner.py:85} INFO - Job 1455: Subtask this_way
[2023-09-12T17:37:07.454+0000] {task_command.py:415} INFO - Running <TaskInstance: tasks_relations.this_way scheduled__2023-07-14T00:00:00+00:00 [running]> on host 0ab7970e0956
[2023-09-12T17:37:07.637+0000] {taskinstance.py:1660} INFO - Exporting env vars: AIRFLOW_CTX_DAG_OWNER='***' AIRFLOW_CTX_DAG_ID='tasks_relations' AIRFLOW_CTX_TASK_ID='this_way' AIRFLOW_CTX_EXECUTION_DATE='2023-07-14T00:00:00+00:00' AIRFLOW_CTX_TRY_NUMBER='1' AIRFLOW_CTX_DAG_RUN_ID='scheduled__2023-07-14T00:00:00+00:00'
[2023-09-12T17:37:07.638+0000] {logging_mixin.py:151} INFO - THIS WAY!!!
[2023-09-12T17:37:07.638+0000] {python.py:194} INFO - Done. Returned value was: None
[2023-09-12T17:37:07.658+0000] {taskinstance.py:1400} INFO - Marking task as SUCCESS. dag_id=tasks_relations, task_id=this_way, execution_date=20230714T000000, start_date=20230912T173707, end_date=20230912T173707
[2023-09-12T17:37:07.711+0000] {local_task_job_runner.py:228} INFO - Task exited with return code 0
[2023-09-12T17:37:07.821+0000] {taskinstance.py:2784} INFO - 0 downstream tasks scheduled from follow-on schedule check
