[2023-09-05T15:28:00.538+0000] {taskinstance.py:1159} INFO - Dependencies all met for dep_context=non-requeueable deps ti=<TaskInstance: tasks_relations.this_way scheduled__2023-05-19T00:00:00+00:00 [queued]>
[2023-09-05T15:28:00.657+0000] {taskinstance.py:1159} INFO - Dependencies all met for dep_context=requeueable deps ti=<TaskInstance: tasks_relations.this_way scheduled__2023-05-19T00:00:00+00:00 [queued]>
[2023-09-05T15:28:00.719+0000] {taskinstance.py:1361} INFO - Starting attempt 1 of 1
[2023-09-05T15:28:01.397+0000] {taskinstance.py:1382} INFO - Executing <Task(_PythonDecoratedOperator): this_way> on 2023-05-19 00:00:00+00:00
[2023-09-05T15:28:01.515+0000] {standard_task_runner.py:84} INFO - Running: ['***', 'tasks', 'run', 'tasks_relations', 'this_way', 'scheduled__2023-05-19T00:00:00+00:00', '--job-id', '448', '--raw', '--subdir', 'DAGS_FOLDER/tasks_relations.py', '--cfg-path', '/tmp/tmpm_9t7fez']
[2023-09-05T15:28:01.537+0000] {standard_task_runner.py:85} INFO - Job 448: Subtask this_way
[2023-09-05T15:28:01.491+0000] {standard_task_runner.py:57} INFO - Started process 1020 to run task
[2023-09-05T15:28:02.287+0000] {task_command.py:415} INFO - Running <TaskInstance: tasks_relations.this_way scheduled__2023-05-19T00:00:00+00:00 [running]> on host ca474790e981
[2023-09-05T15:28:02.987+0000] {taskinstance.py:1660} INFO - Exporting env vars: AIRFLOW_CTX_DAG_OWNER='***' AIRFLOW_CTX_DAG_ID='tasks_relations' AIRFLOW_CTX_TASK_ID='this_way' AIRFLOW_CTX_EXECUTION_DATE='2023-05-19T00:00:00+00:00' AIRFLOW_CTX_TRY_NUMBER='1' AIRFLOW_CTX_DAG_RUN_ID='scheduled__2023-05-19T00:00:00+00:00'
[2023-09-05T15:28:03.001+0000] {logging_mixin.py:151} INFO - THIS WAY!!!
[2023-09-05T15:28:03.015+0000] {python.py:194} INFO - Done. Returned value was: None
[2023-09-05T15:28:03.114+0000] {taskinstance.py:1400} INFO - Marking task as SUCCESS. dag_id=tasks_relations, task_id=this_way, execution_date=20230519T000000, start_date=20230905T152800, end_date=20230905T152803
[2023-09-05T15:28:03.234+0000] {local_task_job_runner.py:228} INFO - Task exited with return code 0
[2023-09-05T15:28:03.338+0000] {taskinstance.py:2784} INFO - 0 downstream tasks scheduled from follow-on schedule check
[2023-09-12T17:36:04.575+0000] {taskinstance.py:1159} INFO - Dependencies all met for dep_context=non-requeueable deps ti=<TaskInstance: tasks_relations.this_way scheduled__2023-05-19T00:00:00+00:00 [queued]>
[2023-09-12T17:36:04.588+0000] {taskinstance.py:1159} INFO - Dependencies all met for dep_context=requeueable deps ti=<TaskInstance: tasks_relations.this_way scheduled__2023-05-19T00:00:00+00:00 [queued]>
[2023-09-12T17:36:04.590+0000] {taskinstance.py:1361} INFO - Starting attempt 1 of 1
[2023-09-12T17:36:04.611+0000] {taskinstance.py:1382} INFO - Executing <Task(_PythonDecoratedOperator): this_way> on 2023-05-19 00:00:00+00:00
[2023-09-12T17:36:04.642+0000] {standard_task_runner.py:57} INFO - Started process 2367 to run task
[2023-09-12T17:36:04.651+0000] {standard_task_runner.py:84} INFO - Running: ['***', 'tasks', 'run', 'tasks_relations', 'this_way', 'scheduled__2023-05-19T00:00:00+00:00', '--job-id', '1111', '--raw', '--subdir', 'DAGS_FOLDER/2_tasks_relations.py', '--cfg-path', '/tmp/tmppi7a_i04']
[2023-09-12T17:36:04.662+0000] {standard_task_runner.py:85} INFO - Job 1111: Subtask this_way
[2023-09-12T17:36:04.836+0000] {task_command.py:415} INFO - Running <TaskInstance: tasks_relations.this_way scheduled__2023-05-19T00:00:00+00:00 [running]> on host 0ab7970e0956
[2023-09-12T17:36:05.148+0000] {taskinstance.py:1660} INFO - Exporting env vars: AIRFLOW_CTX_DAG_OWNER='***' AIRFLOW_CTX_DAG_ID='tasks_relations' AIRFLOW_CTX_TASK_ID='this_way' AIRFLOW_CTX_EXECUTION_DATE='2023-05-19T00:00:00+00:00' AIRFLOW_CTX_TRY_NUMBER='1' AIRFLOW_CTX_DAG_RUN_ID='scheduled__2023-05-19T00:00:00+00:00'
[2023-09-12T17:36:05.150+0000] {logging_mixin.py:151} INFO - THIS WAY!!!
[2023-09-12T17:36:05.151+0000] {python.py:194} INFO - Done. Returned value was: None
[2023-09-12T17:36:05.179+0000] {taskinstance.py:1400} INFO - Marking task as SUCCESS. dag_id=tasks_relations, task_id=this_way, execution_date=20230519T000000, start_date=20230912T173604, end_date=20230912T173605
[2023-09-12T17:36:05.280+0000] {local_task_job_runner.py:228} INFO - Task exited with return code 0
[2023-09-12T17:36:05.335+0000] {taskinstance.py:2784} INFO - 0 downstream tasks scheduled from follow-on schedule check
