[2023-09-05T15:25:27.728+0000] {taskinstance.py:1159} INFO - Dependencies all met for dep_context=non-requeueable deps ti=<TaskInstance: tasks_relations.say_bye scheduled__2023-03-08T00:00:00+00:00 [queued]>
[2023-09-05T15:25:27.759+0000] {taskinstance.py:1159} INFO - Dependencies all met for dep_context=requeueable deps ti=<TaskInstance: tasks_relations.say_bye scheduled__2023-03-08T00:00:00+00:00 [queued]>
[2023-09-05T15:25:27.760+0000] {taskinstance.py:1361} INFO - Starting attempt 1 of 1
[2023-09-05T15:25:27.826+0000] {taskinstance.py:1382} INFO - Executing <Task(_PythonDecoratedOperator): say_bye> on 2023-03-08 00:00:00+00:00
[2023-09-05T15:25:27.849+0000] {standard_task_runner.py:57} INFO - Started process 524 to run task
[2023-09-05T15:25:27.904+0000] {standard_task_runner.py:84} INFO - Running: ['***', 'tasks', 'run', 'tasks_relations', 'say_bye', 'scheduled__2023-03-08T00:00:00+00:00', '--job-id', '222', '--raw', '--subdir', 'DAGS_FOLDER/tasks_relations.py', '--cfg-path', '/tmp/tmp49cnqpgo']
[2023-09-05T15:25:27.916+0000] {standard_task_runner.py:85} INFO - Job 222: Subtask say_bye
[2023-09-05T15:25:28.254+0000] {task_command.py:415} INFO - Running <TaskInstance: tasks_relations.say_bye scheduled__2023-03-08T00:00:00+00:00 [running]> on host ca474790e981
[2023-09-05T15:25:28.561+0000] {taskinstance.py:1660} INFO - Exporting env vars: AIRFLOW_CTX_DAG_OWNER='***' AIRFLOW_CTX_DAG_ID='tasks_relations' AIRFLOW_CTX_TASK_ID='say_bye' AIRFLOW_CTX_EXECUTION_DATE='2023-03-08T00:00:00+00:00' AIRFLOW_CTX_TRY_NUMBER='1' AIRFLOW_CTX_DAG_RUN_ID='scheduled__2023-03-08T00:00:00+00:00'
[2023-09-05T15:25:28.580+0000] {logging_mixin.py:151} INFO - goodbye ***
[2023-09-05T15:25:28.583+0000] {python.py:194} INFO - Done. Returned value was: None
[2023-09-05T15:25:28.682+0000] {taskinstance.py:1400} INFO - Marking task as SUCCESS. dag_id=tasks_relations, task_id=say_bye, execution_date=20230308T000000, start_date=20230905T152527, end_date=20230905T152528
[2023-09-05T15:25:28.868+0000] {local_task_job_runner.py:228} INFO - Task exited with return code 0
[2023-09-05T15:25:29.250+0000] {taskinstance.py:2784} INFO - 0 downstream tasks scheduled from follow-on schedule check
[2023-09-12T17:34:44.852+0000] {taskinstance.py:1159} INFO - Dependencies all met for dep_context=non-requeueable deps ti=<TaskInstance: tasks_relations.say_bye scheduled__2023-03-08T00:00:00+00:00 [queued]>
[2023-09-12T17:34:44.893+0000] {taskinstance.py:1159} INFO - Dependencies all met for dep_context=requeueable deps ti=<TaskInstance: tasks_relations.say_bye scheduled__2023-03-08T00:00:00+00:00 [queued]>
[2023-09-12T17:34:44.903+0000] {taskinstance.py:1361} INFO - Starting attempt 1 of 1
[2023-09-12T17:34:44.953+0000] {taskinstance.py:1382} INFO - Executing <Task(_PythonDecoratedOperator): say_bye> on 2023-03-08 00:00:00+00:00
[2023-09-12T17:34:44.973+0000] {standard_task_runner.py:57} INFO - Started process 1296 to run task
[2023-09-12T17:34:44.989+0000] {standard_task_runner.py:84} INFO - Running: ['***', 'tasks', 'run', 'tasks_relations', 'say_bye', 'scheduled__2023-03-08T00:00:00+00:00', '--job-id', '585', '--raw', '--subdir', 'DAGS_FOLDER/2_tasks_relations.py', '--cfg-path', '/tmp/tmprlw_h342']
[2023-09-12T17:34:45.002+0000] {standard_task_runner.py:85} INFO - Job 585: Subtask say_bye
[2023-09-12T17:34:45.177+0000] {task_command.py:415} INFO - Running <TaskInstance: tasks_relations.say_bye scheduled__2023-03-08T00:00:00+00:00 [running]> on host 0ab7970e0956
[2023-09-12T17:34:45.424+0000] {taskinstance.py:1660} INFO - Exporting env vars: AIRFLOW_CTX_DAG_OWNER='***' AIRFLOW_CTX_DAG_ID='tasks_relations' AIRFLOW_CTX_TASK_ID='say_bye' AIRFLOW_CTX_EXECUTION_DATE='2023-03-08T00:00:00+00:00' AIRFLOW_CTX_TRY_NUMBER='1' AIRFLOW_CTX_DAG_RUN_ID='scheduled__2023-03-08T00:00:00+00:00'
[2023-09-12T17:34:45.425+0000] {logging_mixin.py:151} INFO - goodbye world
[2023-09-12T17:34:45.426+0000] {python.py:194} INFO - Done. Returned value was: None
[2023-09-12T17:34:45.454+0000] {taskinstance.py:1400} INFO - Marking task as SUCCESS. dag_id=tasks_relations, task_id=say_bye, execution_date=20230308T000000, start_date=20230912T173444, end_date=20230912T173445
[2023-09-12T17:34:45.539+0000] {local_task_job_runner.py:228} INFO - Task exited with return code 0
[2023-09-12T17:34:45.571+0000] {taskinstance.py:2784} INFO - 2 downstream tasks scheduled from follow-on schedule check
