[2023-09-05T15:30:22.338+0000] {taskinstance.py:1159} INFO - Dependencies all met for dep_context=non-requeueable deps ti=<TaskInstance: tasks_relations.say_bye scheduled__2023-07-18T00:00:00+00:00 [queued]>
[2023-09-05T15:30:22.396+0000] {taskinstance.py:1159} INFO - Dependencies all met for dep_context=requeueable deps ti=<TaskInstance: tasks_relations.say_bye scheduled__2023-07-18T00:00:00+00:00 [queued]>
[2023-09-05T15:30:22.400+0000] {taskinstance.py:1361} INFO - Starting attempt 1 of 1
[2023-09-05T15:30:22.649+0000] {taskinstance.py:1382} INFO - Executing <Task(_PythonDecoratedOperator): say_bye> on 2023-07-18 00:00:00+00:00
[2023-09-05T15:30:22.699+0000] {standard_task_runner.py:57} INFO - Started process 1636 to run task
[2023-09-05T15:30:22.794+0000] {standard_task_runner.py:84} INFO - Running: ['***', 'tasks', 'run', 'tasks_relations', 'say_bye', 'scheduled__2023-07-18T00:00:00+00:00', '--job-id', '742', '--raw', '--subdir', 'DAGS_FOLDER/tasks_relations.py', '--cfg-path', '/tmp/tmpy6ee28qx']
[2023-09-05T15:30:22.803+0000] {standard_task_runner.py:85} INFO - Job 742: Subtask say_bye
[2023-09-05T15:30:23.235+0000] {task_command.py:415} INFO - Running <TaskInstance: tasks_relations.say_bye scheduled__2023-07-18T00:00:00+00:00 [running]> on host ca474790e981
[2023-09-05T15:30:23.634+0000] {taskinstance.py:1660} INFO - Exporting env vars: AIRFLOW_CTX_DAG_OWNER='***' AIRFLOW_CTX_DAG_ID='tasks_relations' AIRFLOW_CTX_TASK_ID='say_bye' AIRFLOW_CTX_EXECUTION_DATE='2023-07-18T00:00:00+00:00' AIRFLOW_CTX_TRY_NUMBER='1' AIRFLOW_CTX_DAG_RUN_ID='scheduled__2023-07-18T00:00:00+00:00'
[2023-09-05T15:30:23.643+0000] {logging_mixin.py:151} INFO - goodbye world
[2023-09-05T15:30:23.648+0000] {python.py:194} INFO - Done. Returned value was: None
[2023-09-05T15:30:23.814+0000] {taskinstance.py:1400} INFO - Marking task as SUCCESS. dag_id=tasks_relations, task_id=say_bye, execution_date=20230718T000000, start_date=20230905T153022, end_date=20230905T153023
[2023-09-05T15:30:24.015+0000] {local_task_job_runner.py:228} INFO - Task exited with return code 0
[2023-09-05T15:30:24.288+0000] {taskinstance.py:2784} INFO - 0 downstream tasks scheduled from follow-on schedule check
[2023-09-12T17:37:08.712+0000] {taskinstance.py:1159} INFO - Dependencies all met for dep_context=non-requeueable deps ti=<TaskInstance: tasks_relations.say_bye scheduled__2023-07-18T00:00:00+00:00 [queued]>
[2023-09-12T17:37:08.746+0000] {taskinstance.py:1159} INFO - Dependencies all met for dep_context=requeueable deps ti=<TaskInstance: tasks_relations.say_bye scheduled__2023-07-18T00:00:00+00:00 [queued]>
[2023-09-12T17:37:08.749+0000] {taskinstance.py:1361} INFO - Starting attempt 1 of 1
[2023-09-12T17:37:08.838+0000] {taskinstance.py:1382} INFO - Executing <Task(_PythonDecoratedOperator): say_bye> on 2023-07-18 00:00:00+00:00
[2023-09-12T17:37:08.842+0000] {standard_task_runner.py:57} INFO - Started process 3090 to run task
[2023-09-12T17:37:08.900+0000] {standard_task_runner.py:84} INFO - Running: ['***', 'tasks', 'run', 'tasks_relations', 'say_bye', 'scheduled__2023-07-18T00:00:00+00:00', '--job-id', '1465', '--raw', '--subdir', 'DAGS_FOLDER/2_tasks_relations.py', '--cfg-path', '/tmp/tmpa0kcotmi']
[2023-09-12T17:37:08.905+0000] {standard_task_runner.py:85} INFO - Job 1465: Subtask say_bye
[2023-09-12T17:37:09.050+0000] {task_command.py:415} INFO - Running <TaskInstance: tasks_relations.say_bye scheduled__2023-07-18T00:00:00+00:00 [running]> on host 0ab7970e0956
[2023-09-12T17:37:09.307+0000] {taskinstance.py:1660} INFO - Exporting env vars: AIRFLOW_CTX_DAG_OWNER='***' AIRFLOW_CTX_DAG_ID='tasks_relations' AIRFLOW_CTX_TASK_ID='say_bye' AIRFLOW_CTX_EXECUTION_DATE='2023-07-18T00:00:00+00:00' AIRFLOW_CTX_TRY_NUMBER='1' AIRFLOW_CTX_DAG_RUN_ID='scheduled__2023-07-18T00:00:00+00:00'
[2023-09-12T17:37:09.308+0000] {logging_mixin.py:151} INFO - goodbye world
[2023-09-12T17:37:09.308+0000] {python.py:194} INFO - Done. Returned value was: None
[2023-09-12T17:37:09.354+0000] {taskinstance.py:1400} INFO - Marking task as SUCCESS. dag_id=tasks_relations, task_id=say_bye, execution_date=20230718T000000, start_date=20230912T173708, end_date=20230912T173709
[2023-09-12T17:37:09.425+0000] {local_task_job_runner.py:228} INFO - Task exited with return code 0
[2023-09-12T17:37:09.465+0000] {taskinstance.py:2784} INFO - 2 downstream tasks scheduled from follow-on schedule check
