[2023-09-05T15:31:23.004+0000] {taskinstance.py:1159} INFO - Dependencies all met for dep_context=non-requeueable deps ti=<TaskInstance: tasks_relations.say_hello scheduled__2023-08-30T00:00:00+00:00 [queued]>
[2023-09-05T15:31:23.074+0000] {taskinstance.py:1159} INFO - Dependencies all met for dep_context=requeueable deps ti=<TaskInstance: tasks_relations.say_hello scheduled__2023-08-30T00:00:00+00:00 [queued]>
[2023-09-05T15:31:23.081+0000] {taskinstance.py:1361} INFO - Starting attempt 1 of 1
[2023-09-05T15:31:23.121+0000] {taskinstance.py:1382} INFO - Executing <Task(_PythonDecoratedOperator): say_hello> on 2023-08-30 00:00:00+00:00
[2023-09-05T15:31:23.143+0000] {standard_task_runner.py:57} INFO - Started process 1978 to run task
[2023-09-05T15:31:23.145+0000] {standard_task_runner.py:84} INFO - Running: ['***', 'tasks', 'run', 'tasks_relations', 'say_hello', 'scheduled__2023-08-30T00:00:00+00:00', '--job-id', '908', '--raw', '--subdir', 'DAGS_FOLDER/tasks_relations.py', '--cfg-path', '/tmp/tmpw3ytw25u']
[2023-09-05T15:31:23.156+0000] {standard_task_runner.py:85} INFO - Job 908: Subtask say_hello
[2023-09-05T15:31:23.855+0000] {task_command.py:415} INFO - Running <TaskInstance: tasks_relations.say_hello scheduled__2023-08-30T00:00:00+00:00 [running]> on host ca474790e981
[2023-09-05T15:31:24.629+0000] {taskinstance.py:1660} INFO - Exporting env vars: AIRFLOW_CTX_DAG_OWNER='***' AIRFLOW_CTX_DAG_ID='tasks_relations' AIRFLOW_CTX_TASK_ID='say_hello' AIRFLOW_CTX_EXECUTION_DATE='2023-08-30T00:00:00+00:00' AIRFLOW_CTX_TRY_NUMBER='1' AIRFLOW_CTX_DAG_RUN_ID='scheduled__2023-08-30T00:00:00+00:00'
[2023-09-05T15:31:24.673+0000] {logging_mixin.py:151} INFO - hello world
[2023-09-05T15:31:24.676+0000] {python.py:194} INFO - Done. Returned value was: None
[2023-09-05T15:31:24.796+0000] {taskinstance.py:1400} INFO - Marking task as SUCCESS. dag_id=tasks_relations, task_id=say_hello, execution_date=20230830T000000, start_date=20230905T153123, end_date=20230905T153124
[2023-09-05T15:31:24.994+0000] {local_task_job_runner.py:228} INFO - Task exited with return code 0
[2023-09-05T15:31:25.179+0000] {taskinstance.py:2784} INFO - 1 downstream tasks scheduled from follow-on schedule check
[2023-09-12T17:37:48.985+0000] {taskinstance.py:1159} INFO - Dependencies all met for dep_context=non-requeueable deps ti=<TaskInstance: tasks_relations.say_hello scheduled__2023-08-30T00:00:00+00:00 [queued]>
[2023-09-12T17:37:49.041+0000] {taskinstance.py:1159} INFO - Dependencies all met for dep_context=requeueable deps ti=<TaskInstance: tasks_relations.say_hello scheduled__2023-08-30T00:00:00+00:00 [queued]>
[2023-09-12T17:37:49.042+0000] {taskinstance.py:1361} INFO - Starting attempt 1 of 1
[2023-09-12T17:37:49.131+0000] {taskinstance.py:1382} INFO - Executing <Task(_PythonDecoratedOperator): say_hello> on 2023-08-30 00:00:00+00:00
[2023-09-12T17:37:49.138+0000] {standard_task_runner.py:57} INFO - Started process 3553 to run task
[2023-09-12T17:37:49.205+0000] {standard_task_runner.py:84} INFO - Running: ['***', 'tasks', 'run', 'tasks_relations', 'say_hello', 'scheduled__2023-08-30T00:00:00+00:00', '--job-id', '1690', '--raw', '--subdir', 'DAGS_FOLDER/2_tasks_relations.py', '--cfg-path', '/tmp/tmp_c_1oz73']
[2023-09-12T17:37:49.219+0000] {standard_task_runner.py:85} INFO - Job 1690: Subtask say_hello
[2023-09-12T17:37:49.461+0000] {task_command.py:415} INFO - Running <TaskInstance: tasks_relations.say_hello scheduled__2023-08-30T00:00:00+00:00 [running]> on host 0ab7970e0956
[2023-09-12T17:37:49.848+0000] {taskinstance.py:1660} INFO - Exporting env vars: AIRFLOW_CTX_DAG_OWNER='***' AIRFLOW_CTX_DAG_ID='tasks_relations' AIRFLOW_CTX_TASK_ID='say_hello' AIRFLOW_CTX_EXECUTION_DATE='2023-08-30T00:00:00+00:00' AIRFLOW_CTX_TRY_NUMBER='1' AIRFLOW_CTX_DAG_RUN_ID='scheduled__2023-08-30T00:00:00+00:00'
[2023-09-12T17:37:49.849+0000] {logging_mixin.py:151} INFO - hello world
[2023-09-12T17:37:49.859+0000] {python.py:194} INFO - Done. Returned value was: None
[2023-09-12T17:37:49.881+0000] {taskinstance.py:1400} INFO - Marking task as SUCCESS. dag_id=tasks_relations, task_id=say_hello, execution_date=20230830T000000, start_date=20230912T173749, end_date=20230912T173749
[2023-09-12T17:37:50.054+0000] {local_task_job_runner.py:228} INFO - Task exited with return code 0
[2023-09-12T17:37:50.188+0000] {taskinstance.py:2784} INFO - 0 downstream tasks scheduled from follow-on schedule check
