[2023-09-05T15:26:37.109+0000] {taskinstance.py:1159} INFO - Dependencies all met for dep_context=non-requeueable deps ti=<TaskInstance: tasks_relations.say_bye scheduled__2023-04-28T00:00:00+00:00 [queued]>
[2023-09-05T15:26:37.141+0000] {taskinstance.py:1159} INFO - Dependencies all met for dep_context=requeueable deps ti=<TaskInstance: tasks_relations.say_bye scheduled__2023-04-28T00:00:00+00:00 [queued]>
[2023-09-05T15:26:37.148+0000] {taskinstance.py:1361} INFO - Starting attempt 1 of 1
[2023-09-05T15:26:37.188+0000] {taskinstance.py:1382} INFO - Executing <Task(_PythonDecoratedOperator): say_bye> on 2023-04-28 00:00:00+00:00
[2023-09-05T15:26:37.221+0000] {standard_task_runner.py:57} INFO - Started process 831 to run task
[2023-09-05T15:26:37.237+0000] {standard_task_runner.py:84} INFO - Running: ['***', 'tasks', 'run', 'tasks_relations', 'say_bye', 'scheduled__2023-04-28T00:00:00+00:00', '--job-id', '370', '--raw', '--subdir', 'DAGS_FOLDER/tasks_relations.py', '--cfg-path', '/tmp/tmpghutonqy']
[2023-09-05T15:26:37.252+0000] {standard_task_runner.py:85} INFO - Job 370: Subtask say_bye
[2023-09-05T15:26:37.592+0000] {task_command.py:415} INFO - Running <TaskInstance: tasks_relations.say_bye scheduled__2023-04-28T00:00:00+00:00 [running]> on host ca474790e981
[2023-09-05T15:26:37.874+0000] {taskinstance.py:1660} INFO - Exporting env vars: AIRFLOW_CTX_DAG_OWNER='***' AIRFLOW_CTX_DAG_ID='tasks_relations' AIRFLOW_CTX_TASK_ID='say_bye' AIRFLOW_CTX_EXECUTION_DATE='2023-04-28T00:00:00+00:00' AIRFLOW_CTX_TRY_NUMBER='1' AIRFLOW_CTX_DAG_RUN_ID='scheduled__2023-04-28T00:00:00+00:00'
[2023-09-05T15:26:37.885+0000] {logging_mixin.py:151} INFO - goodbye ***
[2023-09-05T15:26:37.891+0000] {python.py:194} INFO - Done. Returned value was: None
[2023-09-05T15:26:37.946+0000] {taskinstance.py:1400} INFO - Marking task as SUCCESS. dag_id=tasks_relations, task_id=say_bye, execution_date=20230428T000000, start_date=20230905T152637, end_date=20230905T152637
[2023-09-05T15:26:38.019+0000] {local_task_job_runner.py:228} INFO - Task exited with return code 0
[2023-09-05T15:26:38.243+0000] {taskinstance.py:2784} INFO - 0 downstream tasks scheduled from follow-on schedule check
[2023-09-12T17:35:42.395+0000] {taskinstance.py:1159} INFO - Dependencies all met for dep_context=non-requeueable deps ti=<TaskInstance: tasks_relations.say_bye scheduled__2023-04-28T00:00:00+00:00 [queued]>
[2023-09-12T17:35:42.426+0000] {taskinstance.py:1159} INFO - Dependencies all met for dep_context=requeueable deps ti=<TaskInstance: tasks_relations.say_bye scheduled__2023-04-28T00:00:00+00:00 [queued]>
[2023-09-12T17:35:42.463+0000] {taskinstance.py:1361} INFO - Starting attempt 1 of 1
[2023-09-12T17:35:42.536+0000] {taskinstance.py:1382} INFO - Executing <Task(_PythonDecoratedOperator): say_bye> on 2023-04-28 00:00:00+00:00
[2023-09-12T17:35:42.546+0000] {standard_task_runner.py:57} INFO - Started process 2070 to run task
[2023-09-12T17:35:42.553+0000] {standard_task_runner.py:84} INFO - Running: ['***', 'tasks', 'run', 'tasks_relations', 'say_bye', 'scheduled__2023-04-28T00:00:00+00:00', '--job-id', '966', '--raw', '--subdir', 'DAGS_FOLDER/2_tasks_relations.py', '--cfg-path', '/tmp/tmpr5c8yty1']
[2023-09-12T17:35:42.554+0000] {standard_task_runner.py:85} INFO - Job 966: Subtask say_bye
[2023-09-12T17:35:42.714+0000] {task_command.py:415} INFO - Running <TaskInstance: tasks_relations.say_bye scheduled__2023-04-28T00:00:00+00:00 [running]> on host 0ab7970e0956
[2023-09-12T17:35:43.018+0000] {taskinstance.py:1660} INFO - Exporting env vars: AIRFLOW_CTX_DAG_OWNER='***' AIRFLOW_CTX_DAG_ID='tasks_relations' AIRFLOW_CTX_TASK_ID='say_bye' AIRFLOW_CTX_EXECUTION_DATE='2023-04-28T00:00:00+00:00' AIRFLOW_CTX_TRY_NUMBER='1' AIRFLOW_CTX_DAG_RUN_ID='scheduled__2023-04-28T00:00:00+00:00'
[2023-09-12T17:35:43.028+0000] {logging_mixin.py:151} INFO - goodbye world
[2023-09-12T17:35:43.029+0000] {python.py:194} INFO - Done. Returned value was: None
[2023-09-12T17:35:43.038+0000] {taskinstance.py:1400} INFO - Marking task as SUCCESS. dag_id=tasks_relations, task_id=say_bye, execution_date=20230428T000000, start_date=20230912T173542, end_date=20230912T173543
[2023-09-12T17:35:43.076+0000] {local_task_job_runner.py:228} INFO - Task exited with return code 0
[2023-09-12T17:35:43.220+0000] {taskinstance.py:2784} INFO - 0 downstream tasks scheduled from follow-on schedule check
