[2023-09-05T15:24:51.953+0000] {taskinstance.py:1159} INFO - Dependencies all met for dep_context=non-requeueable deps ti=<TaskInstance: tasks_relations.say_hello scheduled__2023-02-02T00:00:00+00:00 [queued]>
[2023-09-05T15:24:52.035+0000] {taskinstance.py:1159} INFO - Dependencies all met for dep_context=requeueable deps ti=<TaskInstance: tasks_relations.say_hello scheduled__2023-02-02T00:00:00+00:00 [queued]>
[2023-09-05T15:24:52.036+0000] {taskinstance.py:1361} INFO - Starting attempt 1 of 1
[2023-09-05T15:24:52.082+0000] {taskinstance.py:1382} INFO - Executing <Task(_PythonDecoratedOperator): say_hello> on 2023-02-02 00:00:00+00:00
[2023-09-05T15:24:52.096+0000] {standard_task_runner.py:57} INFO - Started process 294 to run task
[2023-09-05T15:24:52.156+0000] {standard_task_runner.py:84} INFO - Running: ['***', 'tasks', 'run', 'tasks_relations', 'say_hello', 'scheduled__2023-02-02T00:00:00+00:00', '--job-id', '111', '--raw', '--subdir', 'DAGS_FOLDER/tasks_relations.py', '--cfg-path', '/tmp/tmphxa0pucz']
[2023-09-05T15:24:52.168+0000] {standard_task_runner.py:85} INFO - Job 111: Subtask say_hello
[2023-09-05T15:24:52.379+0000] {task_command.py:415} INFO - Running <TaskInstance: tasks_relations.say_hello scheduled__2023-02-02T00:00:00+00:00 [running]> on host ca474790e981
[2023-09-05T15:24:52.789+0000] {taskinstance.py:1660} INFO - Exporting env vars: AIRFLOW_CTX_DAG_OWNER='***' AIRFLOW_CTX_DAG_ID='tasks_relations' AIRFLOW_CTX_TASK_ID='say_hello' AIRFLOW_CTX_EXECUTION_DATE='2023-02-02T00:00:00+00:00' AIRFLOW_CTX_TRY_NUMBER='1' AIRFLOW_CTX_DAG_RUN_ID='scheduled__2023-02-02T00:00:00+00:00'
[2023-09-05T15:24:52.791+0000] {logging_mixin.py:151} INFO - hello ***
[2023-09-05T15:24:52.792+0000] {python.py:194} INFO - Done. Returned value was: None
[2023-09-05T15:24:52.823+0000] {taskinstance.py:1400} INFO - Marking task as SUCCESS. dag_id=tasks_relations, task_id=say_hello, execution_date=20230202T000000, start_date=20230905T152451, end_date=20230905T152452
[2023-09-05T15:24:52.950+0000] {local_task_job_runner.py:228} INFO - Task exited with return code 0
[2023-09-05T15:24:53.008+0000] {taskinstance.py:2784} INFO - 1 downstream tasks scheduled from follow-on schedule check
[2023-09-12T17:34:05.607+0000] {taskinstance.py:1159} INFO - Dependencies all met for dep_context=non-requeueable deps ti=<TaskInstance: tasks_relations.say_hello scheduled__2023-02-02T00:00:00+00:00 [queued]>
[2023-09-12T17:34:05.688+0000] {taskinstance.py:1159} INFO - Dependencies all met for dep_context=requeueable deps ti=<TaskInstance: tasks_relations.say_hello scheduled__2023-02-02T00:00:00+00:00 [queued]>
[2023-09-12T17:34:05.692+0000] {taskinstance.py:1361} INFO - Starting attempt 1 of 1
[2023-09-12T17:34:05.744+0000] {taskinstance.py:1382} INFO - Executing <Task(_PythonDecoratedOperator): say_hello> on 2023-02-02 00:00:00+00:00
[2023-09-12T17:34:05.772+0000] {standard_task_runner.py:57} INFO - Started process 740 to run task
[2023-09-12T17:34:05.831+0000] {standard_task_runner.py:84} INFO - Running: ['***', 'tasks', 'run', 'tasks_relations', 'say_hello', 'scheduled__2023-02-02T00:00:00+00:00', '--job-id', '312', '--raw', '--subdir', 'DAGS_FOLDER/2_tasks_relations.py', '--cfg-path', '/tmp/tmp_joy4sv4']
[2023-09-12T17:34:05.840+0000] {standard_task_runner.py:85} INFO - Job 312: Subtask say_hello
[2023-09-12T17:34:05.974+0000] {task_command.py:415} INFO - Running <TaskInstance: tasks_relations.say_hello scheduled__2023-02-02T00:00:00+00:00 [running]> on host 0ab7970e0956
[2023-09-12T17:34:06.231+0000] {taskinstance.py:1660} INFO - Exporting env vars: AIRFLOW_CTX_DAG_OWNER='***' AIRFLOW_CTX_DAG_ID='tasks_relations' AIRFLOW_CTX_TASK_ID='say_hello' AIRFLOW_CTX_EXECUTION_DATE='2023-02-02T00:00:00+00:00' AIRFLOW_CTX_TRY_NUMBER='1' AIRFLOW_CTX_DAG_RUN_ID='scheduled__2023-02-02T00:00:00+00:00'
[2023-09-12T17:34:06.232+0000] {logging_mixin.py:151} INFO - hello world
[2023-09-12T17:34:06.237+0000] {python.py:194} INFO - Done. Returned value was: None
[2023-09-12T17:34:06.258+0000] {taskinstance.py:1400} INFO - Marking task as SUCCESS. dag_id=tasks_relations, task_id=say_hello, execution_date=20230202T000000, start_date=20230912T173405, end_date=20230912T173406
[2023-09-12T17:34:06.341+0000] {local_task_job_runner.py:228} INFO - Task exited with return code 0
[2023-09-12T17:34:06.797+0000] {taskinstance.py:2784} INFO - 0 downstream tasks scheduled from follow-on schedule check
