[2023-09-05T15:25:00.327+0000] {taskinstance.py:1159} INFO - Dependencies all met for dep_context=non-requeueable deps ti=<TaskInstance: tasks_relations.say_bye scheduled__2023-02-08T00:00:00+00:00 [queued]>
[2023-09-05T15:25:00.346+0000] {taskinstance.py:1159} INFO - Dependencies all met for dep_context=requeueable deps ti=<TaskInstance: tasks_relations.say_bye scheduled__2023-02-08T00:00:00+00:00 [queued]>
[2023-09-05T15:25:00.349+0000] {taskinstance.py:1361} INFO - Starting attempt 1 of 1
[2023-09-05T15:25:00.382+0000] {taskinstance.py:1382} INFO - Executing <Task(_PythonDecoratedOperator): say_bye> on 2023-02-08 00:00:00+00:00
[2023-09-05T15:25:00.414+0000] {standard_task_runner.py:57} INFO - Started process 357 to run task
[2023-09-05T15:25:00.469+0000] {standard_task_runner.py:84} INFO - Running: ['***', 'tasks', 'run', 'tasks_relations', 'say_bye', 'scheduled__2023-02-08T00:00:00+00:00', '--job-id', '141', '--raw', '--subdir', 'DAGS_FOLDER/tasks_relations.py', '--cfg-path', '/tmp/tmpil0dst5d']
[2023-09-05T15:25:00.490+0000] {standard_task_runner.py:85} INFO - Job 141: Subtask say_bye
[2023-09-05T15:25:00.710+0000] {task_command.py:415} INFO - Running <TaskInstance: tasks_relations.say_bye scheduled__2023-02-08T00:00:00+00:00 [running]> on host ca474790e981
[2023-09-05T15:25:00.949+0000] {taskinstance.py:1660} INFO - Exporting env vars: AIRFLOW_CTX_DAG_OWNER='***' AIRFLOW_CTX_DAG_ID='tasks_relations' AIRFLOW_CTX_TASK_ID='say_bye' AIRFLOW_CTX_EXECUTION_DATE='2023-02-08T00:00:00+00:00' AIRFLOW_CTX_TRY_NUMBER='1' AIRFLOW_CTX_DAG_RUN_ID='scheduled__2023-02-08T00:00:00+00:00'
[2023-09-05T15:25:00.951+0000] {logging_mixin.py:151} INFO - goodbye ***
[2023-09-05T15:25:00.953+0000] {python.py:194} INFO - Done. Returned value was: None
[2023-09-05T15:25:00.986+0000] {taskinstance.py:1400} INFO - Marking task as SUCCESS. dag_id=tasks_relations, task_id=say_bye, execution_date=20230208T000000, start_date=20230905T152500, end_date=20230905T152500
[2023-09-05T15:25:01.061+0000] {local_task_job_runner.py:228} INFO - Task exited with return code 0
[2023-09-05T15:25:01.093+0000] {taskinstance.py:2784} INFO - 0 downstream tasks scheduled from follow-on schedule check
[2023-09-12T17:34:10.577+0000] {taskinstance.py:1159} INFO - Dependencies all met for dep_context=non-requeueable deps ti=<TaskInstance: tasks_relations.say_bye scheduled__2023-02-08T00:00:00+00:00 [queued]>
[2023-09-12T17:34:10.626+0000] {taskinstance.py:1159} INFO - Dependencies all met for dep_context=requeueable deps ti=<TaskInstance: tasks_relations.say_bye scheduled__2023-02-08T00:00:00+00:00 [queued]>
[2023-09-12T17:34:10.629+0000] {taskinstance.py:1361} INFO - Starting attempt 1 of 1
[2023-09-12T17:34:10.727+0000] {taskinstance.py:1382} INFO - Executing <Task(_PythonDecoratedOperator): say_bye> on 2023-02-08 00:00:00+00:00
[2023-09-12T17:34:10.732+0000] {standard_task_runner.py:57} INFO - Started process 817 to run task
[2023-09-12T17:34:10.766+0000] {standard_task_runner.py:84} INFO - Running: ['***', 'tasks', 'run', 'tasks_relations', 'say_bye', 'scheduled__2023-02-08T00:00:00+00:00', '--job-id', '344', '--raw', '--subdir', 'DAGS_FOLDER/2_tasks_relations.py', '--cfg-path', '/tmp/tmp01v151t_']
[2023-09-12T17:34:10.776+0000] {standard_task_runner.py:85} INFO - Job 344: Subtask say_bye
[2023-09-12T17:34:10.941+0000] {task_command.py:415} INFO - Running <TaskInstance: tasks_relations.say_bye scheduled__2023-02-08T00:00:00+00:00 [running]> on host 0ab7970e0956
[2023-09-12T17:34:11.310+0000] {taskinstance.py:1660} INFO - Exporting env vars: AIRFLOW_CTX_DAG_OWNER='***' AIRFLOW_CTX_DAG_ID='tasks_relations' AIRFLOW_CTX_TASK_ID='say_bye' AIRFLOW_CTX_EXECUTION_DATE='2023-02-08T00:00:00+00:00' AIRFLOW_CTX_TRY_NUMBER='1' AIRFLOW_CTX_DAG_RUN_ID='scheduled__2023-02-08T00:00:00+00:00'
[2023-09-12T17:34:11.311+0000] {logging_mixin.py:151} INFO - goodbye world
[2023-09-12T17:34:11.312+0000] {python.py:194} INFO - Done. Returned value was: None
[2023-09-12T17:34:11.373+0000] {taskinstance.py:1400} INFO - Marking task as SUCCESS. dag_id=tasks_relations, task_id=say_bye, execution_date=20230208T000000, start_date=20230912T173410, end_date=20230912T173411
[2023-09-12T17:34:11.477+0000] {local_task_job_runner.py:228} INFO - Task exited with return code 0
[2023-09-12T17:34:11.541+0000] {taskinstance.py:2784} INFO - 2 downstream tasks scheduled from follow-on schedule check
