[2023-09-05T15:25:53.582+0000] {taskinstance.py:1159} INFO - Dependencies all met for dep_context=non-requeueable deps ti=<TaskInstance: tasks_relations.say_bye scheduled__2023-03-30T00:00:00+00:00 [queued]>
[2023-09-05T15:25:53.630+0000] {taskinstance.py:1159} INFO - Dependencies all met for dep_context=requeueable deps ti=<TaskInstance: tasks_relations.say_bye scheduled__2023-03-30T00:00:00+00:00 [queued]>
[2023-09-05T15:25:53.631+0000] {taskinstance.py:1361} INFO - Starting attempt 1 of 1
[2023-09-05T15:25:53.648+0000] {taskinstance.py:1382} INFO - Executing <Task(_PythonDecoratedOperator): say_bye> on 2023-03-30 00:00:00+00:00
[2023-09-05T15:25:53.663+0000] {standard_task_runner.py:57} INFO - Started process 646 to run task
[2023-09-05T15:25:53.675+0000] {standard_task_runner.py:84} INFO - Running: ['***', 'tasks', 'run', 'tasks_relations', 'say_bye', 'scheduled__2023-03-30T00:00:00+00:00', '--job-id', '282', '--raw', '--subdir', 'DAGS_FOLDER/tasks_relations.py', '--cfg-path', '/tmp/tmpfbl7sul3']
[2023-09-05T15:25:53.678+0000] {standard_task_runner.py:85} INFO - Job 282: Subtask say_bye
[2023-09-05T15:25:53.785+0000] {task_command.py:415} INFO - Running <TaskInstance: tasks_relations.say_bye scheduled__2023-03-30T00:00:00+00:00 [running]> on host ca474790e981
[2023-09-05T15:25:53.965+0000] {taskinstance.py:1660} INFO - Exporting env vars: AIRFLOW_CTX_DAG_OWNER='***' AIRFLOW_CTX_DAG_ID='tasks_relations' AIRFLOW_CTX_TASK_ID='say_bye' AIRFLOW_CTX_EXECUTION_DATE='2023-03-30T00:00:00+00:00' AIRFLOW_CTX_TRY_NUMBER='1' AIRFLOW_CTX_DAG_RUN_ID='scheduled__2023-03-30T00:00:00+00:00'
[2023-09-05T15:25:53.970+0000] {logging_mixin.py:151} INFO - goodbye ***
[2023-09-05T15:25:53.972+0000] {python.py:194} INFO - Done. Returned value was: None
[2023-09-05T15:25:54.021+0000] {taskinstance.py:1400} INFO - Marking task as SUCCESS. dag_id=tasks_relations, task_id=say_bye, execution_date=20230330T000000, start_date=20230905T152553, end_date=20230905T152554
[2023-09-05T15:25:54.100+0000] {local_task_job_runner.py:228} INFO - Task exited with return code 0
[2023-09-05T15:25:54.136+0000] {taskinstance.py:2784} INFO - 0 downstream tasks scheduled from follow-on schedule check
[2023-09-12T17:35:07.496+0000] {taskinstance.py:1159} INFO - Dependencies all met for dep_context=non-requeueable deps ti=<TaskInstance: tasks_relations.say_bye scheduled__2023-03-30T00:00:00+00:00 [queued]>
[2023-09-12T17:35:07.529+0000] {taskinstance.py:1159} INFO - Dependencies all met for dep_context=requeueable deps ti=<TaskInstance: tasks_relations.say_bye scheduled__2023-03-30T00:00:00+00:00 [queued]>
[2023-09-12T17:35:07.530+0000] {taskinstance.py:1361} INFO - Starting attempt 1 of 1
[2023-09-12T17:35:07.561+0000] {taskinstance.py:1382} INFO - Executing <Task(_PythonDecoratedOperator): say_bye> on 2023-03-30 00:00:00+00:00
[2023-09-12T17:35:07.582+0000] {standard_task_runner.py:57} INFO - Started process 1619 to run task
[2023-09-12T17:35:07.602+0000] {standard_task_runner.py:84} INFO - Running: ['***', 'tasks', 'run', 'tasks_relations', 'say_bye', 'scheduled__2023-03-30T00:00:00+00:00', '--job-id', '744', '--raw', '--subdir', 'DAGS_FOLDER/2_tasks_relations.py', '--cfg-path', '/tmp/tmpfd_jh0ww']
[2023-09-12T17:35:07.621+0000] {standard_task_runner.py:85} INFO - Job 744: Subtask say_bye
[2023-09-12T17:35:07.837+0000] {task_command.py:415} INFO - Running <TaskInstance: tasks_relations.say_bye scheduled__2023-03-30T00:00:00+00:00 [running]> on host 0ab7970e0956
[2023-09-12T17:35:08.088+0000] {taskinstance.py:1660} INFO - Exporting env vars: AIRFLOW_CTX_DAG_OWNER='***' AIRFLOW_CTX_DAG_ID='tasks_relations' AIRFLOW_CTX_TASK_ID='say_bye' AIRFLOW_CTX_EXECUTION_DATE='2023-03-30T00:00:00+00:00' AIRFLOW_CTX_TRY_NUMBER='1' AIRFLOW_CTX_DAG_RUN_ID='scheduled__2023-03-30T00:00:00+00:00'
[2023-09-12T17:35:08.091+0000] {logging_mixin.py:151} INFO - goodbye world
[2023-09-12T17:35:08.096+0000] {python.py:194} INFO - Done. Returned value was: None
[2023-09-12T17:35:08.123+0000] {taskinstance.py:1400} INFO - Marking task as SUCCESS. dag_id=tasks_relations, task_id=say_bye, execution_date=20230330T000000, start_date=20230912T173507, end_date=20230912T173508
[2023-09-12T17:35:08.176+0000] {local_task_job_runner.py:228} INFO - Task exited with return code 0
[2023-09-12T17:35:08.229+0000] {taskinstance.py:2784} INFO - 2 downstream tasks scheduled from follow-on schedule check
