[2023-09-05T15:30:32.406+0000] {taskinstance.py:1159} INFO - Dependencies all met for dep_context=non-requeueable deps ti=<TaskInstance: tasks_relations.or_that_way scheduled__2023-07-21T00:00:00+00:00 [queued]>
[2023-09-05T15:30:32.443+0000] {taskinstance.py:1159} INFO - Dependencies all met for dep_context=requeueable deps ti=<TaskInstance: tasks_relations.or_that_way scheduled__2023-07-21T00:00:00+00:00 [queued]>
[2023-09-05T15:30:32.445+0000] {taskinstance.py:1361} INFO - Starting attempt 1 of 1
[2023-09-05T15:30:32.511+0000] {taskinstance.py:1382} INFO - Executing <Task(_PythonDecoratedOperator): or_that_way> on 2023-07-21 00:00:00+00:00
[2023-09-05T15:30:32.541+0000] {standard_task_runner.py:57} INFO - Started process 1694 to run task
[2023-09-05T15:30:32.572+0000] {standard_task_runner.py:84} INFO - Running: ['***', 'tasks', 'run', 'tasks_relations', 'or_that_way', 'scheduled__2023-07-21T00:00:00+00:00', '--job-id', '767', '--raw', '--subdir', 'DAGS_FOLDER/tasks_relations.py', '--cfg-path', '/tmp/tmpbuc01acz']
[2023-09-05T15:30:32.586+0000] {standard_task_runner.py:85} INFO - Job 767: Subtask or_that_way
[2023-09-05T15:30:32.834+0000] {task_command.py:415} INFO - Running <TaskInstance: tasks_relations.or_that_way scheduled__2023-07-21T00:00:00+00:00 [running]> on host ca474790e981
[2023-09-05T15:30:33.273+0000] {taskinstance.py:1660} INFO - Exporting env vars: AIRFLOW_CTX_DAG_OWNER='***' AIRFLOW_CTX_DAG_ID='tasks_relations' AIRFLOW_CTX_TASK_ID='or_that_way' AIRFLOW_CTX_EXECUTION_DATE='2023-07-21T00:00:00+00:00' AIRFLOW_CTX_TRY_NUMBER='1' AIRFLOW_CTX_DAG_RUN_ID='scheduled__2023-07-21T00:00:00+00:00'
[2023-09-05T15:30:33.284+0000] {logging_mixin.py:151} INFO - NO NO, THAT WAY WAY!!!
[2023-09-05T15:30:33.285+0000] {python.py:194} INFO - Done. Returned value was: None
[2023-09-05T15:30:33.393+0000] {taskinstance.py:1400} INFO - Marking task as SUCCESS. dag_id=tasks_relations, task_id=or_that_way, execution_date=20230721T000000, start_date=20230905T153032, end_date=20230905T153033
[2023-09-05T15:30:33.562+0000] {local_task_job_runner.py:228} INFO - Task exited with return code 0
[2023-09-05T15:30:33.704+0000] {taskinstance.py:2784} INFO - 0 downstream tasks scheduled from follow-on schedule check
[2023-09-12T17:37:13.261+0000] {taskinstance.py:1159} INFO - Dependencies all met for dep_context=non-requeueable deps ti=<TaskInstance: tasks_relations.or_that_way scheduled__2023-07-21T00:00:00+00:00 [queued]>
[2023-09-12T17:37:13.311+0000] {taskinstance.py:1159} INFO - Dependencies all met for dep_context=requeueable deps ti=<TaskInstance: tasks_relations.or_that_way scheduled__2023-07-21T00:00:00+00:00 [queued]>
[2023-09-12T17:37:13.314+0000] {taskinstance.py:1361} INFO - Starting attempt 1 of 1
[2023-09-12T17:37:13.353+0000] {taskinstance.py:1382} INFO - Executing <Task(_PythonDecoratedOperator): or_that_way> on 2023-07-21 00:00:00+00:00
[2023-09-12T17:37:13.360+0000] {standard_task_runner.py:57} INFO - Started process 3158 to run task
[2023-09-12T17:37:13.384+0000] {standard_task_runner.py:84} INFO - Running: ['***', 'tasks', 'run', 'tasks_relations', 'or_that_way', 'scheduled__2023-07-21T00:00:00+00:00', '--job-id', '1500', '--raw', '--subdir', 'DAGS_FOLDER/2_tasks_relations.py', '--cfg-path', '/tmp/tmpfrspj7zm']
[2023-09-12T17:37:13.409+0000] {standard_task_runner.py:85} INFO - Job 1500: Subtask or_that_way
[2023-09-12T17:37:13.619+0000] {task_command.py:415} INFO - Running <TaskInstance: tasks_relations.or_that_way scheduled__2023-07-21T00:00:00+00:00 [running]> on host 0ab7970e0956
[2023-09-12T17:37:13.940+0000] {taskinstance.py:1660} INFO - Exporting env vars: AIRFLOW_CTX_DAG_OWNER='***' AIRFLOW_CTX_DAG_ID='tasks_relations' AIRFLOW_CTX_TASK_ID='or_that_way' AIRFLOW_CTX_EXECUTION_DATE='2023-07-21T00:00:00+00:00' AIRFLOW_CTX_TRY_NUMBER='1' AIRFLOW_CTX_DAG_RUN_ID='scheduled__2023-07-21T00:00:00+00:00'
[2023-09-12T17:37:13.949+0000] {logging_mixin.py:151} INFO - NO NO, THAT WAY WAY!!!
[2023-09-12T17:37:13.953+0000] {python.py:194} INFO - Done. Returned value was: None
[2023-09-12T17:37:13.969+0000] {taskinstance.py:1400} INFO - Marking task as SUCCESS. dag_id=tasks_relations, task_id=or_that_way, execution_date=20230721T000000, start_date=20230912T173713, end_date=20230912T173713
[2023-09-12T17:37:14.069+0000] {local_task_job_runner.py:228} INFO - Task exited with return code 0
[2023-09-12T17:37:14.108+0000] {taskinstance.py:2784} INFO - 1 downstream tasks scheduled from follow-on schedule check
