[2023-09-05T15:25:52.828+0000] {taskinstance.py:1159} INFO - Dependencies all met for dep_context=non-requeueable deps ti=<TaskInstance: tasks_relations.say_hello scheduled__2023-04-02T00:00:00+00:00 [queued]>
[2023-09-05T15:25:52.860+0000] {taskinstance.py:1159} INFO - Dependencies all met for dep_context=requeueable deps ti=<TaskInstance: tasks_relations.say_hello scheduled__2023-04-02T00:00:00+00:00 [queued]>
[2023-09-05T15:25:52.862+0000] {taskinstance.py:1361} INFO - Starting attempt 1 of 1
[2023-09-05T15:25:52.907+0000] {taskinstance.py:1382} INFO - Executing <Task(_PythonDecoratedOperator): say_hello> on 2023-04-02 00:00:00+00:00
[2023-09-05T15:25:52.928+0000] {standard_task_runner.py:57} INFO - Started process 643 to run task
[2023-09-05T15:25:52.960+0000] {standard_task_runner.py:84} INFO - Running: ['***', 'tasks', 'run', 'tasks_relations', 'say_hello', 'scheduled__2023-04-02T00:00:00+00:00', '--job-id', '279', '--raw', '--subdir', 'DAGS_FOLDER/tasks_relations.py', '--cfg-path', '/tmp/tmp5yqybowq']
[2023-09-05T15:25:52.969+0000] {standard_task_runner.py:85} INFO - Job 279: Subtask say_hello
[2023-09-05T15:25:53.159+0000] {task_command.py:415} INFO - Running <TaskInstance: tasks_relations.say_hello scheduled__2023-04-02T00:00:00+00:00 [running]> on host ca474790e981
[2023-09-05T15:25:53.441+0000] {taskinstance.py:1660} INFO - Exporting env vars: AIRFLOW_CTX_DAG_OWNER='***' AIRFLOW_CTX_DAG_ID='tasks_relations' AIRFLOW_CTX_TASK_ID='say_hello' AIRFLOW_CTX_EXECUTION_DATE='2023-04-02T00:00:00+00:00' AIRFLOW_CTX_TRY_NUMBER='1' AIRFLOW_CTX_DAG_RUN_ID='scheduled__2023-04-02T00:00:00+00:00'
[2023-09-05T15:25:53.444+0000] {logging_mixin.py:151} INFO - hello ***
[2023-09-05T15:25:53.445+0000] {python.py:194} INFO - Done. Returned value was: None
[2023-09-05T15:25:53.477+0000] {taskinstance.py:1400} INFO - Marking task as SUCCESS. dag_id=tasks_relations, task_id=say_hello, execution_date=20230402T000000, start_date=20230905T152552, end_date=20230905T152553
[2023-09-05T15:25:53.570+0000] {local_task_job_runner.py:228} INFO - Task exited with return code 0
[2023-09-05T15:25:53.603+0000] {taskinstance.py:2784} INFO - 1 downstream tasks scheduled from follow-on schedule check
[2023-09-12T17:35:06.806+0000] {taskinstance.py:1159} INFO - Dependencies all met for dep_context=non-requeueable deps ti=<TaskInstance: tasks_relations.say_hello scheduled__2023-04-02T00:00:00+00:00 [queued]>
[2023-09-12T17:35:06.833+0000] {taskinstance.py:1159} INFO - Dependencies all met for dep_context=requeueable deps ti=<TaskInstance: tasks_relations.say_hello scheduled__2023-04-02T00:00:00+00:00 [queued]>
[2023-09-12T17:35:06.841+0000] {taskinstance.py:1361} INFO - Starting attempt 1 of 1
[2023-09-12T17:35:06.895+0000] {taskinstance.py:1382} INFO - Executing <Task(_PythonDecoratedOperator): say_hello> on 2023-04-02 00:00:00+00:00
[2023-09-12T17:35:06.917+0000] {standard_task_runner.py:57} INFO - Started process 1609 to run task
[2023-09-12T17:35:06.947+0000] {standard_task_runner.py:84} INFO - Running: ['***', 'tasks', 'run', 'tasks_relations', 'say_hello', 'scheduled__2023-04-02T00:00:00+00:00', '--job-id', '739', '--raw', '--subdir', 'DAGS_FOLDER/2_tasks_relations.py', '--cfg-path', '/tmp/tmp939kwawr']
[2023-09-12T17:35:06.962+0000] {standard_task_runner.py:85} INFO - Job 739: Subtask say_hello
[2023-09-12T17:35:07.215+0000] {task_command.py:415} INFO - Running <TaskInstance: tasks_relations.say_hello scheduled__2023-04-02T00:00:00+00:00 [running]> on host 0ab7970e0956
[2023-09-12T17:35:07.535+0000] {taskinstance.py:1660} INFO - Exporting env vars: AIRFLOW_CTX_DAG_OWNER='***' AIRFLOW_CTX_DAG_ID='tasks_relations' AIRFLOW_CTX_TASK_ID='say_hello' AIRFLOW_CTX_EXECUTION_DATE='2023-04-02T00:00:00+00:00' AIRFLOW_CTX_TRY_NUMBER='1' AIRFLOW_CTX_DAG_RUN_ID='scheduled__2023-04-02T00:00:00+00:00'
[2023-09-12T17:35:07.537+0000] {logging_mixin.py:151} INFO - hello world
[2023-09-12T17:35:07.540+0000] {python.py:194} INFO - Done. Returned value was: None
[2023-09-12T17:35:07.569+0000] {taskinstance.py:1400} INFO - Marking task as SUCCESS. dag_id=tasks_relations, task_id=say_hello, execution_date=20230402T000000, start_date=20230912T173506, end_date=20230912T173507
[2023-09-12T17:35:07.690+0000] {local_task_job_runner.py:228} INFO - Task exited with return code 0
[2023-09-12T17:35:07.764+0000] {taskinstance.py:2784} INFO - 1 downstream tasks scheduled from follow-on schedule check
