[2023-09-05T15:30:32.559+0000] {taskinstance.py:1159} INFO - Dependencies all met for dep_context=non-requeueable deps ti=<TaskInstance: tasks_relations.say_bye scheduled__2023-07-30T00:00:00+00:00 [queued]>
[2023-09-05T15:30:32.636+0000] {taskinstance.py:1159} INFO - Dependencies all met for dep_context=requeueable deps ti=<TaskInstance: tasks_relations.say_bye scheduled__2023-07-30T00:00:00+00:00 [queued]>
[2023-09-05T15:30:32.642+0000] {taskinstance.py:1361} INFO - Starting attempt 1 of 1
[2023-09-05T15:30:32.704+0000] {taskinstance.py:1382} INFO - Executing <Task(_PythonDecoratedOperator): say_bye> on 2023-07-30 00:00:00+00:00
[2023-09-05T15:30:32.727+0000] {standard_task_runner.py:57} INFO - Started process 1695 to run task
[2023-09-05T15:30:32.769+0000] {standard_task_runner.py:84} INFO - Running: ['***', 'tasks', 'run', 'tasks_relations', 'say_bye', 'scheduled__2023-07-30T00:00:00+00:00', '--job-id', '769', '--raw', '--subdir', 'DAGS_FOLDER/tasks_relations.py', '--cfg-path', '/tmp/tmp9ul23ak_']
[2023-09-05T15:30:32.786+0000] {standard_task_runner.py:85} INFO - Job 769: Subtask say_bye
[2023-09-05T15:30:33.167+0000] {task_command.py:415} INFO - Running <TaskInstance: tasks_relations.say_bye scheduled__2023-07-30T00:00:00+00:00 [running]> on host ca474790e981
[2023-09-05T15:30:33.806+0000] {taskinstance.py:1660} INFO - Exporting env vars: AIRFLOW_CTX_DAG_OWNER='***' AIRFLOW_CTX_DAG_ID='tasks_relations' AIRFLOW_CTX_TASK_ID='say_bye' AIRFLOW_CTX_EXECUTION_DATE='2023-07-30T00:00:00+00:00' AIRFLOW_CTX_TRY_NUMBER='1' AIRFLOW_CTX_DAG_RUN_ID='scheduled__2023-07-30T00:00:00+00:00'
[2023-09-05T15:30:33.855+0000] {logging_mixin.py:151} INFO - goodbye world
[2023-09-05T15:30:33.864+0000] {python.py:194} INFO - Done. Returned value was: None
[2023-09-05T15:30:33.935+0000] {taskinstance.py:1400} INFO - Marking task as SUCCESS. dag_id=tasks_relations, task_id=say_bye, execution_date=20230730T000000, start_date=20230905T153032, end_date=20230905T153033
[2023-09-05T15:30:34.096+0000] {local_task_job_runner.py:228} INFO - Task exited with return code 0
[2023-09-05T15:30:34.504+0000] {taskinstance.py:2784} INFO - 0 downstream tasks scheduled from follow-on schedule check
[2023-09-12T17:37:22.156+0000] {taskinstance.py:1159} INFO - Dependencies all met for dep_context=non-requeueable deps ti=<TaskInstance: tasks_relations.say_bye scheduled__2023-07-30T00:00:00+00:00 [queued]>
[2023-09-12T17:37:22.175+0000] {taskinstance.py:1159} INFO - Dependencies all met for dep_context=requeueable deps ti=<TaskInstance: tasks_relations.say_bye scheduled__2023-07-30T00:00:00+00:00 [queued]>
[2023-09-12T17:37:22.176+0000] {taskinstance.py:1361} INFO - Starting attempt 1 of 1
[2023-09-12T17:37:22.197+0000] {taskinstance.py:1382} INFO - Executing <Task(_PythonDecoratedOperator): say_bye> on 2023-07-30 00:00:00+00:00
[2023-09-12T17:37:22.214+0000] {standard_task_runner.py:57} INFO - Started process 3244 to run task
[2023-09-12T17:37:22.237+0000] {standard_task_runner.py:84} INFO - Running: ['***', 'tasks', 'run', 'tasks_relations', 'say_bye', 'scheduled__2023-07-30T00:00:00+00:00', '--job-id', '1542', '--raw', '--subdir', 'DAGS_FOLDER/2_tasks_relations.py', '--cfg-path', '/tmp/tmp1mrse1et']
[2023-09-12T17:37:22.243+0000] {standard_task_runner.py:85} INFO - Job 1542: Subtask say_bye
[2023-09-12T17:37:22.327+0000] {task_command.py:415} INFO - Running <TaskInstance: tasks_relations.say_bye scheduled__2023-07-30T00:00:00+00:00 [running]> on host 0ab7970e0956
[2023-09-12T17:37:22.608+0000] {taskinstance.py:1660} INFO - Exporting env vars: AIRFLOW_CTX_DAG_OWNER='***' AIRFLOW_CTX_DAG_ID='tasks_relations' AIRFLOW_CTX_TASK_ID='say_bye' AIRFLOW_CTX_EXECUTION_DATE='2023-07-30T00:00:00+00:00' AIRFLOW_CTX_TRY_NUMBER='1' AIRFLOW_CTX_DAG_RUN_ID='scheduled__2023-07-30T00:00:00+00:00'
[2023-09-12T17:37:22.610+0000] {logging_mixin.py:151} INFO - goodbye world
[2023-09-12T17:37:22.610+0000] {python.py:194} INFO - Done. Returned value was: None
[2023-09-12T17:37:22.628+0000] {taskinstance.py:1400} INFO - Marking task as SUCCESS. dag_id=tasks_relations, task_id=say_bye, execution_date=20230730T000000, start_date=20230912T173722, end_date=20230912T173722
[2023-09-12T17:37:22.704+0000] {local_task_job_runner.py:228} INFO - Task exited with return code 0
[2023-09-12T17:37:22.800+0000] {taskinstance.py:2784} INFO - 0 downstream tasks scheduled from follow-on schedule check
