[2023-09-05T15:24:59.579+0000] {taskinstance.py:1159} INFO - Dependencies all met for dep_context=non-requeueable deps ti=<TaskInstance: tasks_relations.say_hello scheduled__2023-02-12T00:00:00+00:00 [queued]>
[2023-09-05T15:24:59.602+0000] {taskinstance.py:1159} INFO - Dependencies all met for dep_context=requeueable deps ti=<TaskInstance: tasks_relations.say_hello scheduled__2023-02-12T00:00:00+00:00 [queued]>
[2023-09-05T15:24:59.603+0000] {taskinstance.py:1361} INFO - Starting attempt 1 of 1
[2023-09-05T15:24:59.635+0000] {taskinstance.py:1382} INFO - Executing <Task(_PythonDecoratedOperator): say_hello> on 2023-02-12 00:00:00+00:00
[2023-09-05T15:24:59.647+0000] {standard_task_runner.py:57} INFO - Started process 352 to run task
[2023-09-05T15:24:59.710+0000] {standard_task_runner.py:84} INFO - Running: ['***', 'tasks', 'run', 'tasks_relations', 'say_hello', 'scheduled__2023-02-12T00:00:00+00:00', '--job-id', '136', '--raw', '--subdir', 'DAGS_FOLDER/tasks_relations.py', '--cfg-path', '/tmp/tmpgub4nkjs']
[2023-09-05T15:24:59.718+0000] {standard_task_runner.py:85} INFO - Job 136: Subtask say_hello
[2023-09-05T15:24:59.852+0000] {task_command.py:415} INFO - Running <TaskInstance: tasks_relations.say_hello scheduled__2023-02-12T00:00:00+00:00 [running]> on host ca474790e981
[2023-09-05T15:25:00.066+0000] {taskinstance.py:1660} INFO - Exporting env vars: AIRFLOW_CTX_DAG_OWNER='***' AIRFLOW_CTX_DAG_ID='tasks_relations' AIRFLOW_CTX_TASK_ID='say_hello' AIRFLOW_CTX_EXECUTION_DATE='2023-02-12T00:00:00+00:00' AIRFLOW_CTX_TRY_NUMBER='1' AIRFLOW_CTX_DAG_RUN_ID='scheduled__2023-02-12T00:00:00+00:00'
[2023-09-05T15:25:00.071+0000] {logging_mixin.py:151} INFO - hello ***
[2023-09-05T15:25:00.072+0000] {python.py:194} INFO - Done. Returned value was: None
[2023-09-05T15:25:00.097+0000] {taskinstance.py:1400} INFO - Marking task as SUCCESS. dag_id=tasks_relations, task_id=say_hello, execution_date=20230212T000000, start_date=20230905T152459, end_date=20230905T152500
[2023-09-05T15:25:00.143+0000] {local_task_job_runner.py:228} INFO - Task exited with return code 0
[2023-09-05T15:25:00.201+0000] {taskinstance.py:2784} INFO - 1 downstream tasks scheduled from follow-on schedule check
[2023-09-12T17:34:09.408+0000] {taskinstance.py:1159} INFO - Dependencies all met for dep_context=non-requeueable deps ti=<TaskInstance: tasks_relations.say_hello scheduled__2023-02-12T00:00:00+00:00 [queued]>
[2023-09-12T17:34:09.422+0000] {taskinstance.py:1159} INFO - Dependencies all met for dep_context=requeueable deps ti=<TaskInstance: tasks_relations.say_hello scheduled__2023-02-12T00:00:00+00:00 [queued]>
[2023-09-12T17:34:09.422+0000] {taskinstance.py:1361} INFO - Starting attempt 1 of 1
[2023-09-12T17:34:09.441+0000] {taskinstance.py:1382} INFO - Executing <Task(_PythonDecoratedOperator): say_hello> on 2023-02-12 00:00:00+00:00
[2023-09-12T17:34:09.446+0000] {standard_task_runner.py:57} INFO - Started process 791 to run task
[2023-09-12T17:34:09.453+0000] {standard_task_runner.py:84} INFO - Running: ['***', 'tasks', 'run', 'tasks_relations', 'say_hello', 'scheduled__2023-02-12T00:00:00+00:00', '--job-id', '342', '--raw', '--subdir', 'DAGS_FOLDER/2_tasks_relations.py', '--cfg-path', '/tmp/tmpk5jvyfmu']
[2023-09-12T17:34:09.455+0000] {standard_task_runner.py:85} INFO - Job 342: Subtask say_hello
[2023-09-12T17:34:09.494+0000] {task_command.py:415} INFO - Running <TaskInstance: tasks_relations.say_hello scheduled__2023-02-12T00:00:00+00:00 [running]> on host 0ab7970e0956
[2023-09-12T17:34:09.546+0000] {taskinstance.py:1660} INFO - Exporting env vars: AIRFLOW_CTX_DAG_OWNER='***' AIRFLOW_CTX_DAG_ID='tasks_relations' AIRFLOW_CTX_TASK_ID='say_hello' AIRFLOW_CTX_EXECUTION_DATE='2023-02-12T00:00:00+00:00' AIRFLOW_CTX_TRY_NUMBER='1' AIRFLOW_CTX_DAG_RUN_ID='scheduled__2023-02-12T00:00:00+00:00'
[2023-09-12T17:34:09.547+0000] {logging_mixin.py:151} INFO - hello world
[2023-09-12T17:34:09.547+0000] {python.py:194} INFO - Done. Returned value was: None
[2023-09-12T17:34:09.553+0000] {taskinstance.py:1400} INFO - Marking task as SUCCESS. dag_id=tasks_relations, task_id=say_hello, execution_date=20230212T000000, start_date=20230912T173409, end_date=20230912T173409
[2023-09-12T17:34:09.581+0000] {local_task_job_runner.py:228} INFO - Task exited with return code 0
[2023-09-12T17:34:09.599+0000] {taskinstance.py:2784} INFO - 1 downstream tasks scheduled from follow-on schedule check
