[2023-09-05T15:31:26.638+0000] {taskinstance.py:1159} INFO - Dependencies all met for dep_context=non-requeueable deps ti=<TaskInstance: tasks_relations.or_that_way scheduled__2023-08-19T00:00:00+00:00 [queued]>
[2023-09-05T15:31:26.696+0000] {taskinstance.py:1159} INFO - Dependencies all met for dep_context=requeueable deps ti=<TaskInstance: tasks_relations.or_that_way scheduled__2023-08-19T00:00:00+00:00 [queued]>
[2023-09-05T15:31:26.697+0000] {taskinstance.py:1361} INFO - Starting attempt 1 of 1
[2023-09-05T15:31:26.893+0000] {taskinstance.py:1382} INFO - Executing <Task(_PythonDecoratedOperator): or_that_way> on 2023-08-19 00:00:00+00:00
[2023-09-05T15:31:26.914+0000] {standard_task_runner.py:57} INFO - Started process 2004 to run task
[2023-09-05T15:31:26.942+0000] {standard_task_runner.py:84} INFO - Running: ['***', 'tasks', 'run', 'tasks_relations', 'or_that_way', 'scheduled__2023-08-19T00:00:00+00:00', '--job-id', '913', '--raw', '--subdir', 'DAGS_FOLDER/tasks_relations.py', '--cfg-path', '/tmp/tmpjmcjtlbq']
[2023-09-05T15:31:26.947+0000] {standard_task_runner.py:85} INFO - Job 913: Subtask or_that_way
[2023-09-05T15:31:27.737+0000] {task_command.py:415} INFO - Running <TaskInstance: tasks_relations.or_that_way scheduled__2023-08-19T00:00:00+00:00 [running]> on host ca474790e981
[2023-09-05T15:31:28.937+0000] {taskinstance.py:1660} INFO - Exporting env vars: AIRFLOW_CTX_DAG_OWNER='***' AIRFLOW_CTX_DAG_ID='tasks_relations' AIRFLOW_CTX_TASK_ID='or_that_way' AIRFLOW_CTX_EXECUTION_DATE='2023-08-19T00:00:00+00:00' AIRFLOW_CTX_TRY_NUMBER='1' AIRFLOW_CTX_DAG_RUN_ID='scheduled__2023-08-19T00:00:00+00:00'
[2023-09-05T15:31:28.967+0000] {logging_mixin.py:151} INFO - NO NO, THAT WAY WAY!!!
[2023-09-05T15:31:28.982+0000] {python.py:194} INFO - Done. Returned value was: None
[2023-09-05T15:31:29.107+0000] {taskinstance.py:1400} INFO - Marking task as SUCCESS. dag_id=tasks_relations, task_id=or_that_way, execution_date=20230819T000000, start_date=20230905T153126, end_date=20230905T153129
[2023-09-05T15:31:29.419+0000] {local_task_job_runner.py:228} INFO - Task exited with return code 0
[2023-09-05T15:31:29.836+0000] {taskinstance.py:2784} INFO - 0 downstream tasks scheduled from follow-on schedule check
[2023-09-12T17:37:40.051+0000] {taskinstance.py:1159} INFO - Dependencies all met for dep_context=non-requeueable deps ti=<TaskInstance: tasks_relations.or_that_way scheduled__2023-08-19T00:00:00+00:00 [queued]>
[2023-09-12T17:37:40.065+0000] {taskinstance.py:1159} INFO - Dependencies all met for dep_context=requeueable deps ti=<TaskInstance: tasks_relations.or_that_way scheduled__2023-08-19T00:00:00+00:00 [queued]>
[2023-09-12T17:37:40.066+0000] {taskinstance.py:1361} INFO - Starting attempt 1 of 1
[2023-09-12T17:37:40.100+0000] {taskinstance.py:1382} INFO - Executing <Task(_PythonDecoratedOperator): or_that_way> on 2023-08-19 00:00:00+00:00
[2023-09-12T17:37:40.112+0000] {standard_task_runner.py:57} INFO - Started process 3457 to run task
[2023-09-12T17:37:40.123+0000] {standard_task_runner.py:84} INFO - Running: ['***', 'tasks', 'run', 'tasks_relations', 'or_that_way', 'scheduled__2023-08-19T00:00:00+00:00', '--job-id', '1647', '--raw', '--subdir', 'DAGS_FOLDER/2_tasks_relations.py', '--cfg-path', '/tmp/tmp_yi7_tsw']
[2023-09-12T17:37:40.129+0000] {standard_task_runner.py:85} INFO - Job 1647: Subtask or_that_way
[2023-09-12T17:37:40.210+0000] {task_command.py:415} INFO - Running <TaskInstance: tasks_relations.or_that_way scheduled__2023-08-19T00:00:00+00:00 [running]> on host 0ab7970e0956
[2023-09-12T17:37:40.339+0000] {taskinstance.py:1660} INFO - Exporting env vars: AIRFLOW_CTX_DAG_OWNER='***' AIRFLOW_CTX_DAG_ID='tasks_relations' AIRFLOW_CTX_TASK_ID='or_that_way' AIRFLOW_CTX_EXECUTION_DATE='2023-08-19T00:00:00+00:00' AIRFLOW_CTX_TRY_NUMBER='1' AIRFLOW_CTX_DAG_RUN_ID='scheduled__2023-08-19T00:00:00+00:00'
[2023-09-12T17:37:40.344+0000] {logging_mixin.py:151} INFO - NO NO, THAT WAY WAY!!!
[2023-09-12T17:37:40.345+0000] {python.py:194} INFO - Done. Returned value was: None
[2023-09-12T17:37:40.362+0000] {taskinstance.py:1400} INFO - Marking task as SUCCESS. dag_id=tasks_relations, task_id=or_that_way, execution_date=20230819T000000, start_date=20230912T173740, end_date=20230912T173740
[2023-09-12T17:37:40.417+0000] {local_task_job_runner.py:228} INFO - Task exited with return code 0
[2023-09-12T17:37:40.435+0000] {taskinstance.py:2784} INFO - 0 downstream tasks scheduled from follow-on schedule check
