[2023-09-05T15:31:23.100+0000] {taskinstance.py:1159} INFO - Dependencies all met for dep_context=non-requeueable deps ti=<TaskInstance: tasks_relations.say_bye scheduled__2023-08-23T00:00:00+00:00 [queued]>
[2023-09-05T15:31:23.119+0000] {taskinstance.py:1159} INFO - Dependencies all met for dep_context=requeueable deps ti=<TaskInstance: tasks_relations.say_bye scheduled__2023-08-23T00:00:00+00:00 [queued]>
[2023-09-05T15:31:23.122+0000] {taskinstance.py:1361} INFO - Starting attempt 1 of 1
[2023-09-05T15:31:23.148+0000] {taskinstance.py:1382} INFO - Executing <Task(_PythonDecoratedOperator): say_bye> on 2023-08-23 00:00:00+00:00
[2023-09-05T15:31:23.161+0000] {standard_task_runner.py:57} INFO - Started process 1979 to run task
[2023-09-05T15:31:23.244+0000] {standard_task_runner.py:84} INFO - Running: ['***', 'tasks', 'run', 'tasks_relations', 'say_bye', 'scheduled__2023-08-23T00:00:00+00:00', '--job-id', '907', '--raw', '--subdir', 'DAGS_FOLDER/tasks_relations.py', '--cfg-path', '/tmp/tmp1b0jlplo']
[2023-09-05T15:31:23.267+0000] {standard_task_runner.py:85} INFO - Job 907: Subtask say_bye
[2023-09-05T15:31:23.925+0000] {task_command.py:415} INFO - Running <TaskInstance: tasks_relations.say_bye scheduled__2023-08-23T00:00:00+00:00 [running]> on host ca474790e981
[2023-09-05T15:31:24.790+0000] {taskinstance.py:1660} INFO - Exporting env vars: AIRFLOW_CTX_DAG_OWNER='***' AIRFLOW_CTX_DAG_ID='tasks_relations' AIRFLOW_CTX_TASK_ID='say_bye' AIRFLOW_CTX_EXECUTION_DATE='2023-08-23T00:00:00+00:00' AIRFLOW_CTX_TRY_NUMBER='1' AIRFLOW_CTX_DAG_RUN_ID='scheduled__2023-08-23T00:00:00+00:00'
[2023-09-05T15:31:24.798+0000] {logging_mixin.py:151} INFO - goodbye world
[2023-09-05T15:31:24.800+0000] {python.py:194} INFO - Done. Returned value was: None
[2023-09-05T15:31:24.876+0000] {taskinstance.py:1400} INFO - Marking task as SUCCESS. dag_id=tasks_relations, task_id=say_bye, execution_date=20230823T000000, start_date=20230905T153123, end_date=20230905T153124
[2023-09-05T15:31:25.042+0000] {local_task_job_runner.py:228} INFO - Task exited with return code 0
[2023-09-05T15:31:25.285+0000] {taskinstance.py:2784} INFO - 2 downstream tasks scheduled from follow-on schedule check
[2023-09-12T17:37:47.094+0000] {taskinstance.py:1159} INFO - Dependencies all met for dep_context=non-requeueable deps ti=<TaskInstance: tasks_relations.say_bye scheduled__2023-08-23T00:00:00+00:00 [queued]>
[2023-09-12T17:37:47.106+0000] {taskinstance.py:1159} INFO - Dependencies all met for dep_context=requeueable deps ti=<TaskInstance: tasks_relations.say_bye scheduled__2023-08-23T00:00:00+00:00 [queued]>
[2023-09-12T17:37:47.110+0000] {taskinstance.py:1361} INFO - Starting attempt 1 of 1
[2023-09-12T17:37:47.202+0000] {taskinstance.py:1382} INFO - Executing <Task(_PythonDecoratedOperator): say_bye> on 2023-08-23 00:00:00+00:00
[2023-09-12T17:37:47.207+0000] {standard_task_runner.py:57} INFO - Started process 3520 to run task
[2023-09-12T17:37:47.229+0000] {standard_task_runner.py:84} INFO - Running: ['***', 'tasks', 'run', 'tasks_relations', 'say_bye', 'scheduled__2023-08-23T00:00:00+00:00', '--job-id', '1679', '--raw', '--subdir', 'DAGS_FOLDER/2_tasks_relations.py', '--cfg-path', '/tmp/tmp6kwqxqli']
[2023-09-12T17:37:47.230+0000] {standard_task_runner.py:85} INFO - Job 1679: Subtask say_bye
[2023-09-12T17:37:47.449+0000] {task_command.py:415} INFO - Running <TaskInstance: tasks_relations.say_bye scheduled__2023-08-23T00:00:00+00:00 [running]> on host 0ab7970e0956
[2023-09-12T17:37:47.751+0000] {taskinstance.py:1660} INFO - Exporting env vars: AIRFLOW_CTX_DAG_OWNER='***' AIRFLOW_CTX_DAG_ID='tasks_relations' AIRFLOW_CTX_TASK_ID='say_bye' AIRFLOW_CTX_EXECUTION_DATE='2023-08-23T00:00:00+00:00' AIRFLOW_CTX_TRY_NUMBER='1' AIRFLOW_CTX_DAG_RUN_ID='scheduled__2023-08-23T00:00:00+00:00'
[2023-09-12T17:37:47.752+0000] {logging_mixin.py:151} INFO - goodbye world
[2023-09-12T17:37:47.752+0000] {python.py:194} INFO - Done. Returned value was: None
[2023-09-12T17:37:47.773+0000] {taskinstance.py:1400} INFO - Marking task as SUCCESS. dag_id=tasks_relations, task_id=say_bye, execution_date=20230823T000000, start_date=20230912T173747, end_date=20230912T173747
[2023-09-12T17:37:47.879+0000] {local_task_job_runner.py:228} INFO - Task exited with return code 0
[2023-09-12T17:37:47.948+0000] {taskinstance.py:2784} INFO - 0 downstream tasks scheduled from follow-on schedule check
