[2023-09-05T15:24:22.066+0000] {taskinstance.py:1159} INFO - Dependencies all met for dep_context=non-requeueable deps ti=<TaskInstance: tasks_relations.say_bye scheduled__2023-01-03T00:00:00+00:00 [queued]>
[2023-09-05T15:24:22.175+0000] {taskinstance.py:1159} INFO - Dependencies all met for dep_context=requeueable deps ti=<TaskInstance: tasks_relations.say_bye scheduled__2023-01-03T00:00:00+00:00 [queued]>
[2023-09-05T15:24:22.178+0000] {taskinstance.py:1361} INFO - Starting attempt 1 of 1
[2023-09-05T15:24:22.337+0000] {taskinstance.py:1382} INFO - Executing <Task(_PythonDecoratedOperator): say_bye> on 2023-01-03 00:00:00+00:00
[2023-09-05T15:24:22.401+0000] {standard_task_runner.py:57} INFO - Started process 143 to run task
[2023-09-05T15:24:22.442+0000] {standard_task_runner.py:84} INFO - Running: ['***', 'tasks', 'run', 'tasks_relations', 'say_bye', 'scheduled__2023-01-03T00:00:00+00:00', '--job-id', '37', '--raw', '--subdir', 'DAGS_FOLDER/tasks_relations.py', '--cfg-path', '/tmp/tmpgcnbbpd3']
[2023-09-05T15:24:22.454+0000] {standard_task_runner.py:85} INFO - Job 37: Subtask say_bye
[2023-09-05T15:24:22.884+0000] {task_command.py:415} INFO - Running <TaskInstance: tasks_relations.say_bye scheduled__2023-01-03T00:00:00+00:00 [running]> on host ca474790e981
[2023-09-05T15:24:23.348+0000] {taskinstance.py:1660} INFO - Exporting env vars: AIRFLOW_CTX_DAG_OWNER='***' AIRFLOW_CTX_DAG_ID='tasks_relations' AIRFLOW_CTX_TASK_ID='say_bye' AIRFLOW_CTX_EXECUTION_DATE='2023-01-03T00:00:00+00:00' AIRFLOW_CTX_TRY_NUMBER='1' AIRFLOW_CTX_DAG_RUN_ID='scheduled__2023-01-03T00:00:00+00:00'
[2023-09-05T15:24:23.354+0000] {logging_mixin.py:151} INFO - goodbye ***
[2023-09-05T15:24:23.364+0000] {python.py:194} INFO - Done. Returned value was: None
[2023-09-05T15:24:23.429+0000] {taskinstance.py:1400} INFO - Marking task as SUCCESS. dag_id=tasks_relations, task_id=say_bye, execution_date=20230103T000000, start_date=20230905T152422, end_date=20230905T152423
[2023-09-05T15:24:23.580+0000] {local_task_job_runner.py:228} INFO - Task exited with return code 0
[2023-09-05T15:24:23.640+0000] {taskinstance.py:2784} INFO - 0 downstream tasks scheduled from follow-on schedule check
[2023-09-12T17:32:57.617+0000] {taskinstance.py:1159} INFO - Dependencies all met for dep_context=non-requeueable deps ti=<TaskInstance: tasks_relations.say_bye scheduled__2023-01-03T00:00:00+00:00 [queued]>
[2023-09-12T17:32:57.631+0000] {taskinstance.py:1159} INFO - Dependencies all met for dep_context=requeueable deps ti=<TaskInstance: tasks_relations.say_bye scheduled__2023-01-03T00:00:00+00:00 [queued]>
[2023-09-12T17:32:57.634+0000] {taskinstance.py:1361} INFO - Starting attempt 1 of 1
[2023-09-12T17:32:57.652+0000] {taskinstance.py:1382} INFO - Executing <Task(_PythonDecoratedOperator): say_bye> on 2023-01-03 00:00:00+00:00
[2023-09-12T17:32:57.659+0000] {standard_task_runner.py:57} INFO - Started process 275 to run task
[2023-09-12T17:32:57.768+0000] {standard_task_runner.py:84} INFO - Running: ['***', 'tasks', 'run', 'tasks_relations', 'say_bye', 'scheduled__2023-01-03T00:00:00+00:00', '--job-id', '85', '--raw', '--subdir', 'DAGS_FOLDER/2_tasks_relations.py', '--cfg-path', '/tmp/tmp19q6i61y']
[2023-09-12T17:32:57.789+0000] {standard_task_runner.py:85} INFO - Job 85: Subtask say_bye
[2023-09-12T17:32:58.003+0000] {task_command.py:415} INFO - Running <TaskInstance: tasks_relations.say_bye scheduled__2023-01-03T00:00:00+00:00 [running]> on host 0ab7970e0956
[2023-09-12T17:32:58.366+0000] {taskinstance.py:1660} INFO - Exporting env vars: AIRFLOW_CTX_DAG_OWNER='***' AIRFLOW_CTX_DAG_ID='tasks_relations' AIRFLOW_CTX_TASK_ID='say_bye' AIRFLOW_CTX_EXECUTION_DATE='2023-01-03T00:00:00+00:00' AIRFLOW_CTX_TRY_NUMBER='1' AIRFLOW_CTX_DAG_RUN_ID='scheduled__2023-01-03T00:00:00+00:00'
[2023-09-12T17:32:58.369+0000] {logging_mixin.py:151} INFO - goodbye world
[2023-09-12T17:32:58.370+0000] {python.py:194} INFO - Done. Returned value was: None
[2023-09-12T17:32:58.417+0000] {taskinstance.py:1400} INFO - Marking task as SUCCESS. dag_id=tasks_relations, task_id=say_bye, execution_date=20230103T000000, start_date=20230912T173257, end_date=20230912T173258
[2023-09-12T17:32:58.584+0000] {local_task_job_runner.py:228} INFO - Task exited with return code 0
[2023-09-12T17:32:58.764+0000] {taskinstance.py:2784} INFO - 0 downstream tasks scheduled from follow-on schedule check
