[2023-09-05T15:24:42.591+0000] {taskinstance.py:1159} INFO - Dependencies all met for dep_context=non-requeueable deps ti=<TaskInstance: tasks_relations.say_bye scheduled__2023-01-24T00:00:00+00:00 [queued]>
[2023-09-05T15:24:42.603+0000] {taskinstance.py:1159} INFO - Dependencies all met for dep_context=requeueable deps ti=<TaskInstance: tasks_relations.say_bye scheduled__2023-01-24T00:00:00+00:00 [queued]>
[2023-09-05T15:24:42.606+0000] {taskinstance.py:1361} INFO - Starting attempt 1 of 1
[2023-09-05T15:24:42.661+0000] {taskinstance.py:1382} INFO - Executing <Task(_PythonDecoratedOperator): say_bye> on 2023-01-24 00:00:00+00:00
[2023-09-05T15:24:42.673+0000] {standard_task_runner.py:57} INFO - Started process 253 to run task
[2023-09-05T15:24:42.678+0000] {standard_task_runner.py:84} INFO - Running: ['***', 'tasks', 'run', 'tasks_relations', 'say_bye', 'scheduled__2023-01-24T00:00:00+00:00', '--job-id', '94', '--raw', '--subdir', 'DAGS_FOLDER/tasks_relations.py', '--cfg-path', '/tmp/tmphacpfuzl']
[2023-09-05T15:24:42.687+0000] {standard_task_runner.py:85} INFO - Job 94: Subtask say_bye
[2023-09-05T15:24:42.819+0000] {task_command.py:415} INFO - Running <TaskInstance: tasks_relations.say_bye scheduled__2023-01-24T00:00:00+00:00 [running]> on host ca474790e981
[2023-09-05T15:24:43.015+0000] {taskinstance.py:1660} INFO - Exporting env vars: AIRFLOW_CTX_DAG_OWNER='***' AIRFLOW_CTX_DAG_ID='tasks_relations' AIRFLOW_CTX_TASK_ID='say_bye' AIRFLOW_CTX_EXECUTION_DATE='2023-01-24T00:00:00+00:00' AIRFLOW_CTX_TRY_NUMBER='1' AIRFLOW_CTX_DAG_RUN_ID='scheduled__2023-01-24T00:00:00+00:00'
[2023-09-05T15:24:43.018+0000] {logging_mixin.py:151} INFO - goodbye ***
[2023-09-05T15:24:43.020+0000] {python.py:194} INFO - Done. Returned value was: None
[2023-09-05T15:24:43.048+0000] {taskinstance.py:1400} INFO - Marking task as SUCCESS. dag_id=tasks_relations, task_id=say_bye, execution_date=20230124T000000, start_date=20230905T152442, end_date=20230905T152443
[2023-09-05T15:24:43.103+0000] {local_task_job_runner.py:228} INFO - Task exited with return code 0
[2023-09-05T15:24:43.135+0000] {taskinstance.py:2784} INFO - 0 downstream tasks scheduled from follow-on schedule check
[2023-09-12T17:33:38.678+0000] {taskinstance.py:1159} INFO - Dependencies all met for dep_context=non-requeueable deps ti=<TaskInstance: tasks_relations.say_bye scheduled__2023-01-24T00:00:00+00:00 [queued]>
[2023-09-12T17:33:38.926+0000] {taskinstance.py:1159} INFO - Dependencies all met for dep_context=requeueable deps ti=<TaskInstance: tasks_relations.say_bye scheduled__2023-01-24T00:00:00+00:00 [queued]>
[2023-09-12T17:33:38.941+0000] {taskinstance.py:1361} INFO - Starting attempt 1 of 1
[2023-09-12T17:33:39.575+0000] {taskinstance.py:1382} INFO - Executing <Task(_PythonDecoratedOperator): say_bye> on 2023-01-24 00:00:00+00:00
[2023-09-12T17:33:39.697+0000] {standard_task_runner.py:57} INFO - Started process 573 to run task
[2023-09-12T17:33:39.779+0000] {standard_task_runner.py:84} INFO - Running: ['***', 'tasks', 'run', 'tasks_relations', 'say_bye', 'scheduled__2023-01-24T00:00:00+00:00', '--job-id', '226', '--raw', '--subdir', 'DAGS_FOLDER/2_tasks_relations.py', '--cfg-path', '/tmp/tmpibou0pue']
[2023-09-12T17:33:39.786+0000] {standard_task_runner.py:85} INFO - Job 226: Subtask say_bye
[2023-09-12T17:33:40.582+0000] {task_command.py:415} INFO - Running <TaskInstance: tasks_relations.say_bye scheduled__2023-01-24T00:00:00+00:00 [running]> on host 0ab7970e0956
[2023-09-12T17:33:41.617+0000] {taskinstance.py:1660} INFO - Exporting env vars: AIRFLOW_CTX_DAG_OWNER='***' AIRFLOW_CTX_DAG_ID='tasks_relations' AIRFLOW_CTX_TASK_ID='say_bye' AIRFLOW_CTX_EXECUTION_DATE='2023-01-24T00:00:00+00:00' AIRFLOW_CTX_TRY_NUMBER='1' AIRFLOW_CTX_DAG_RUN_ID='scheduled__2023-01-24T00:00:00+00:00'
[2023-09-12T17:33:41.633+0000] {logging_mixin.py:151} INFO - goodbye world
[2023-09-12T17:33:41.640+0000] {python.py:194} INFO - Done. Returned value was: None
[2023-09-12T17:33:41.815+0000] {taskinstance.py:1400} INFO - Marking task as SUCCESS. dag_id=tasks_relations, task_id=say_bye, execution_date=20230124T000000, start_date=20230912T173338, end_date=20230912T173341
[2023-09-12T17:33:42.171+0000] {local_task_job_runner.py:228} INFO - Task exited with return code 0
[2023-09-12T17:33:42.851+0000] {taskinstance.py:2784} INFO - 0 downstream tasks scheduled from follow-on schedule check
