[2023-09-05T15:31:34.130+0000] {taskinstance.py:1159} INFO - Dependencies all met for dep_context=non-requeueable deps ti=<TaskInstance: tasks_relations.or_that_way scheduled__2023-08-23T00:00:00+00:00 [queued]>
[2023-09-05T15:31:34.246+0000] {taskinstance.py:1159} INFO - Dependencies all met for dep_context=requeueable deps ti=<TaskInstance: tasks_relations.or_that_way scheduled__2023-08-23T00:00:00+00:00 [queued]>
[2023-09-05T15:31:34.256+0000] {taskinstance.py:1361} INFO - Starting attempt 1 of 1
[2023-09-05T15:31:34.337+0000] {taskinstance.py:1382} INFO - Executing <Task(_PythonDecoratedOperator): or_that_way> on 2023-08-23 00:00:00+00:00
[2023-09-05T15:31:34.372+0000] {standard_task_runner.py:57} INFO - Started process 2042 to run task
[2023-09-05T15:31:34.451+0000] {standard_task_runner.py:84} INFO - Running: ['***', 'tasks', 'run', 'tasks_relations', 'or_that_way', 'scheduled__2023-08-23T00:00:00+00:00', '--job-id', '936', '--raw', '--subdir', 'DAGS_FOLDER/tasks_relations.py', '--cfg-path', '/tmp/tmpemofdov3']
[2023-09-05T15:31:34.479+0000] {standard_task_runner.py:85} INFO - Job 936: Subtask or_that_way
[2023-09-05T15:31:35.022+0000] {task_command.py:415} INFO - Running <TaskInstance: tasks_relations.or_that_way scheduled__2023-08-23T00:00:00+00:00 [running]> on host ca474790e981
[2023-09-05T15:31:35.701+0000] {taskinstance.py:1660} INFO - Exporting env vars: AIRFLOW_CTX_DAG_OWNER='***' AIRFLOW_CTX_DAG_ID='tasks_relations' AIRFLOW_CTX_TASK_ID='or_that_way' AIRFLOW_CTX_EXECUTION_DATE='2023-08-23T00:00:00+00:00' AIRFLOW_CTX_TRY_NUMBER='1' AIRFLOW_CTX_DAG_RUN_ID='scheduled__2023-08-23T00:00:00+00:00'
[2023-09-05T15:31:35.709+0000] {logging_mixin.py:151} INFO - NO NO, THAT WAY WAY!!!
[2023-09-05T15:31:35.710+0000] {python.py:194} INFO - Done. Returned value was: None
[2023-09-05T15:31:35.769+0000] {taskinstance.py:1400} INFO - Marking task as SUCCESS. dag_id=tasks_relations, task_id=or_that_way, execution_date=20230823T000000, start_date=20230905T153134, end_date=20230905T153135
[2023-09-05T15:31:36.123+0000] {local_task_job_runner.py:228} INFO - Task exited with return code 0
[2023-09-05T15:31:36.368+0000] {taskinstance.py:2784} INFO - 0 downstream tasks scheduled from follow-on schedule check
[2023-09-12T17:37:51.852+0000] {taskinstance.py:1159} INFO - Dependencies all met for dep_context=non-requeueable deps ti=<TaskInstance: tasks_relations.or_that_way scheduled__2023-08-23T00:00:00+00:00 [queued]>
[2023-09-12T17:37:51.920+0000] {taskinstance.py:1159} INFO - Dependencies all met for dep_context=requeueable deps ti=<TaskInstance: tasks_relations.or_that_way scheduled__2023-08-23T00:00:00+00:00 [queued]>
[2023-09-12T17:37:51.922+0000] {taskinstance.py:1361} INFO - Starting attempt 1 of 1
[2023-09-12T17:37:51.992+0000] {taskinstance.py:1382} INFO - Executing <Task(_PythonDecoratedOperator): or_that_way> on 2023-08-23 00:00:00+00:00
[2023-09-12T17:37:52.013+0000] {standard_task_runner.py:57} INFO - Started process 3591 to run task
[2023-09-12T17:37:52.021+0000] {standard_task_runner.py:84} INFO - Running: ['***', 'tasks', 'run', 'tasks_relations', 'or_that_way', 'scheduled__2023-08-23T00:00:00+00:00', '--job-id', '1708', '--raw', '--subdir', 'DAGS_FOLDER/2_tasks_relations.py', '--cfg-path', '/tmp/tmps3aaa0m2']
[2023-09-12T17:37:52.032+0000] {standard_task_runner.py:85} INFO - Job 1708: Subtask or_that_way
[2023-09-12T17:37:52.245+0000] {task_command.py:415} INFO - Running <TaskInstance: tasks_relations.or_that_way scheduled__2023-08-23T00:00:00+00:00 [running]> on host 0ab7970e0956
[2023-09-12T17:37:52.485+0000] {taskinstance.py:1660} INFO - Exporting env vars: AIRFLOW_CTX_DAG_OWNER='***' AIRFLOW_CTX_DAG_ID='tasks_relations' AIRFLOW_CTX_TASK_ID='or_that_way' AIRFLOW_CTX_EXECUTION_DATE='2023-08-23T00:00:00+00:00' AIRFLOW_CTX_TRY_NUMBER='1' AIRFLOW_CTX_DAG_RUN_ID='scheduled__2023-08-23T00:00:00+00:00'
[2023-09-12T17:37:52.488+0000] {logging_mixin.py:151} INFO - NO NO, THAT WAY WAY!!!
[2023-09-12T17:37:52.489+0000] {python.py:194} INFO - Done. Returned value was: None
[2023-09-12T17:37:52.510+0000] {taskinstance.py:1400} INFO - Marking task as SUCCESS. dag_id=tasks_relations, task_id=or_that_way, execution_date=20230823T000000, start_date=20230912T173751, end_date=20230912T173752
[2023-09-12T17:37:52.566+0000] {local_task_job_runner.py:228} INFO - Task exited with return code 0
[2023-09-12T17:37:52.607+0000] {taskinstance.py:2784} INFO - 1 downstream tasks scheduled from follow-on schedule check
