[2023-09-05T15:26:05.571+0000] {taskinstance.py:1159} INFO - Dependencies all met for dep_context=non-requeueable deps ti=<TaskInstance: tasks_relations.say_hello scheduled__2023-04-09T00:00:00+00:00 [queued]>
[2023-09-05T15:26:05.609+0000] {taskinstance.py:1159} INFO - Dependencies all met for dep_context=requeueable deps ti=<TaskInstance: tasks_relations.say_hello scheduled__2023-04-09T00:00:00+00:00 [queued]>
[2023-09-05T15:26:05.616+0000] {taskinstance.py:1361} INFO - Starting attempt 1 of 1
[2023-09-05T15:26:05.656+0000] {taskinstance.py:1382} INFO - Executing <Task(_PythonDecoratedOperator): say_hello> on 2023-04-09 00:00:00+00:00
[2023-09-05T15:26:05.720+0000] {standard_task_runner.py:57} INFO - Started process 709 to run task
[2023-09-05T15:26:05.754+0000] {standard_task_runner.py:84} INFO - Running: ['***', 'tasks', 'run', 'tasks_relations', 'say_hello', 'scheduled__2023-04-09T00:00:00+00:00', '--job-id', '308', '--raw', '--subdir', 'DAGS_FOLDER/tasks_relations.py', '--cfg-path', '/tmp/tmp4_cjt8b6']
[2023-09-05T15:26:05.782+0000] {standard_task_runner.py:85} INFO - Job 308: Subtask say_hello
[2023-09-05T15:26:06.527+0000] {task_command.py:415} INFO - Running <TaskInstance: tasks_relations.say_hello scheduled__2023-04-09T00:00:00+00:00 [running]> on host ca474790e981
[2023-09-05T15:26:07.291+0000] {taskinstance.py:1660} INFO - Exporting env vars: AIRFLOW_CTX_DAG_OWNER='***' AIRFLOW_CTX_DAG_ID='tasks_relations' AIRFLOW_CTX_TASK_ID='say_hello' AIRFLOW_CTX_EXECUTION_DATE='2023-04-09T00:00:00+00:00' AIRFLOW_CTX_TRY_NUMBER='1' AIRFLOW_CTX_DAG_RUN_ID='scheduled__2023-04-09T00:00:00+00:00'
[2023-09-05T15:26:07.334+0000] {logging_mixin.py:151} INFO - hello ***
[2023-09-05T15:26:07.344+0000] {python.py:194} INFO - Done. Returned value was: None
[2023-09-05T15:26:07.392+0000] {taskinstance.py:1400} INFO - Marking task as SUCCESS. dag_id=tasks_relations, task_id=say_hello, execution_date=20230409T000000, start_date=20230905T152605, end_date=20230905T152607
[2023-09-05T15:26:07.592+0000] {local_task_job_runner.py:228} INFO - Task exited with return code 0
[2023-09-05T15:26:08.087+0000] {taskinstance.py:2784} INFO - 0 downstream tasks scheduled from follow-on schedule check
[2023-09-12T17:35:18.493+0000] {taskinstance.py:1159} INFO - Dependencies all met for dep_context=non-requeueable deps ti=<TaskInstance: tasks_relations.say_hello scheduled__2023-04-09T00:00:00+00:00 [queued]>
[2023-09-12T17:35:18.510+0000] {taskinstance.py:1159} INFO - Dependencies all met for dep_context=requeueable deps ti=<TaskInstance: tasks_relations.say_hello scheduled__2023-04-09T00:00:00+00:00 [queued]>
[2023-09-12T17:35:18.513+0000] {taskinstance.py:1361} INFO - Starting attempt 1 of 1
[2023-09-12T17:35:18.537+0000] {taskinstance.py:1382} INFO - Executing <Task(_PythonDecoratedOperator): say_hello> on 2023-04-09 00:00:00+00:00
[2023-09-12T17:35:18.549+0000] {standard_task_runner.py:57} INFO - Started process 1757 to run task
[2023-09-12T17:35:18.551+0000] {standard_task_runner.py:84} INFO - Running: ['***', 'tasks', 'run', 'tasks_relations', 'say_hello', 'scheduled__2023-04-09T00:00:00+00:00', '--job-id', '816', '--raw', '--subdir', 'DAGS_FOLDER/2_tasks_relations.py', '--cfg-path', '/tmp/tmp3w01vgss']
[2023-09-12T17:35:18.553+0000] {standard_task_runner.py:85} INFO - Job 816: Subtask say_hello
[2023-09-12T17:35:18.644+0000] {task_command.py:415} INFO - Running <TaskInstance: tasks_relations.say_hello scheduled__2023-04-09T00:00:00+00:00 [running]> on host 0ab7970e0956
[2023-09-12T17:35:18.732+0000] {taskinstance.py:1660} INFO - Exporting env vars: AIRFLOW_CTX_DAG_OWNER='***' AIRFLOW_CTX_DAG_ID='tasks_relations' AIRFLOW_CTX_TASK_ID='say_hello' AIRFLOW_CTX_EXECUTION_DATE='2023-04-09T00:00:00+00:00' AIRFLOW_CTX_TRY_NUMBER='1' AIRFLOW_CTX_DAG_RUN_ID='scheduled__2023-04-09T00:00:00+00:00'
[2023-09-12T17:35:18.735+0000] {logging_mixin.py:151} INFO - hello world
[2023-09-12T17:35:18.736+0000] {python.py:194} INFO - Done. Returned value was: None
[2023-09-12T17:35:18.753+0000] {taskinstance.py:1400} INFO - Marking task as SUCCESS. dag_id=tasks_relations, task_id=say_hello, execution_date=20230409T000000, start_date=20230912T173518, end_date=20230912T173518
[2023-09-12T17:35:18.783+0000] {local_task_job_runner.py:228} INFO - Task exited with return code 0
[2023-09-12T17:35:18.828+0000] {taskinstance.py:2784} INFO - 1 downstream tasks scheduled from follow-on schedule check
