[2023-09-05T15:29:21.204+0000] {taskinstance.py:1159} INFO - Dependencies all met for dep_context=non-requeueable deps ti=<TaskInstance: tasks_relations.say_bye scheduled__2023-06-16T00:00:00+00:00 [queued]>
[2023-09-05T15:29:21.353+0000] {taskinstance.py:1159} INFO - Dependencies all met for dep_context=requeueable deps ti=<TaskInstance: tasks_relations.say_bye scheduled__2023-06-16T00:00:00+00:00 [queued]>
[2023-09-05T15:29:21.358+0000] {taskinstance.py:1361} INFO - Starting attempt 1 of 1
[2023-09-05T15:29:21.425+0000] {taskinstance.py:1382} INFO - Executing <Task(_PythonDecoratedOperator): say_bye> on 2023-06-16 00:00:00+00:00
[2023-09-05T15:29:21.440+0000] {standard_task_runner.py:57} INFO - Started process 1286 to run task
[2023-09-05T15:29:21.501+0000] {standard_task_runner.py:84} INFO - Running: ['***', 'tasks', 'run', 'tasks_relations', 'say_bye', 'scheduled__2023-06-16T00:00:00+00:00', '--job-id', '574', '--raw', '--subdir', 'DAGS_FOLDER/tasks_relations.py', '--cfg-path', '/tmp/tmpfjda9_m1']
[2023-09-05T15:29:21.532+0000] {standard_task_runner.py:85} INFO - Job 574: Subtask say_bye
[2023-09-05T15:29:21.990+0000] {task_command.py:415} INFO - Running <TaskInstance: tasks_relations.say_bye scheduled__2023-06-16T00:00:00+00:00 [running]> on host ca474790e981
[2023-09-05T15:29:22.734+0000] {taskinstance.py:1660} INFO - Exporting env vars: AIRFLOW_CTX_DAG_OWNER='***' AIRFLOW_CTX_DAG_ID='tasks_relations' AIRFLOW_CTX_TASK_ID='say_bye' AIRFLOW_CTX_EXECUTION_DATE='2023-06-16T00:00:00+00:00' AIRFLOW_CTX_TRY_NUMBER='1' AIRFLOW_CTX_DAG_RUN_ID='scheduled__2023-06-16T00:00:00+00:00'
[2023-09-05T15:29:22.773+0000] {logging_mixin.py:151} INFO - goodbye world
[2023-09-05T15:29:22.781+0000] {python.py:194} INFO - Done. Returned value was: None
[2023-09-05T15:29:22.889+0000] {taskinstance.py:1400} INFO - Marking task as SUCCESS. dag_id=tasks_relations, task_id=say_bye, execution_date=20230616T000000, start_date=20230905T152921, end_date=20230905T152922
[2023-09-05T15:29:23.143+0000] {local_task_job_runner.py:228} INFO - Task exited with return code 0
[2023-09-05T15:29:23.335+0000] {taskinstance.py:2784} INFO - 2 downstream tasks scheduled from follow-on schedule check
[2023-09-12T17:36:35.084+0000] {taskinstance.py:1159} INFO - Dependencies all met for dep_context=non-requeueable deps ti=<TaskInstance: tasks_relations.say_bye scheduled__2023-06-16T00:00:00+00:00 [queued]>
[2023-09-12T17:36:35.101+0000] {taskinstance.py:1159} INFO - Dependencies all met for dep_context=requeueable deps ti=<TaskInstance: tasks_relations.say_bye scheduled__2023-06-16T00:00:00+00:00 [queued]>
[2023-09-12T17:36:35.102+0000] {taskinstance.py:1361} INFO - Starting attempt 1 of 1
[2023-09-12T17:36:35.120+0000] {taskinstance.py:1382} INFO - Executing <Task(_PythonDecoratedOperator): say_bye> on 2023-06-16 00:00:00+00:00
[2023-09-12T17:36:35.153+0000] {standard_task_runner.py:57} INFO - Started process 2686 to run task
[2023-09-12T17:36:35.158+0000] {standard_task_runner.py:84} INFO - Running: ['***', 'tasks', 'run', 'tasks_relations', 'say_bye', 'scheduled__2023-06-16T00:00:00+00:00', '--job-id', '1274', '--raw', '--subdir', 'DAGS_FOLDER/2_tasks_relations.py', '--cfg-path', '/tmp/tmp54rs2eux']
[2023-09-12T17:36:35.170+0000] {standard_task_runner.py:85} INFO - Job 1274: Subtask say_bye
[2023-09-12T17:36:35.283+0000] {task_command.py:415} INFO - Running <TaskInstance: tasks_relations.say_bye scheduled__2023-06-16T00:00:00+00:00 [running]> on host 0ab7970e0956
[2023-09-12T17:36:35.613+0000] {taskinstance.py:1660} INFO - Exporting env vars: AIRFLOW_CTX_DAG_OWNER='***' AIRFLOW_CTX_DAG_ID='tasks_relations' AIRFLOW_CTX_TASK_ID='say_bye' AIRFLOW_CTX_EXECUTION_DATE='2023-06-16T00:00:00+00:00' AIRFLOW_CTX_TRY_NUMBER='1' AIRFLOW_CTX_DAG_RUN_ID='scheduled__2023-06-16T00:00:00+00:00'
[2023-09-12T17:36:35.621+0000] {logging_mixin.py:151} INFO - goodbye world
[2023-09-12T17:36:35.625+0000] {python.py:194} INFO - Done. Returned value was: None
[2023-09-12T17:36:35.689+0000] {taskinstance.py:1400} INFO - Marking task as SUCCESS. dag_id=tasks_relations, task_id=say_bye, execution_date=20230616T000000, start_date=20230912T173635, end_date=20230912T173635
[2023-09-12T17:36:35.763+0000] {local_task_job_runner.py:228} INFO - Task exited with return code 0
[2023-09-12T17:36:35.856+0000] {taskinstance.py:2784} INFO - 2 downstream tasks scheduled from follow-on schedule check
