[2023-09-05T15:27:59.424+0000] {taskinstance.py:1159} INFO - Dependencies all met for dep_context=non-requeueable deps ti=<TaskInstance: tasks_relations.say_bye scheduled__2023-05-28T00:00:00+00:00 [queued]>
[2023-09-05T15:27:59.486+0000] {taskinstance.py:1159} INFO - Dependencies all met for dep_context=requeueable deps ti=<TaskInstance: tasks_relations.say_bye scheduled__2023-05-28T00:00:00+00:00 [queued]>
[2023-09-05T15:27:59.542+0000] {taskinstance.py:1361} INFO - Starting attempt 1 of 1
[2023-09-05T15:27:59.673+0000] {taskinstance.py:1382} INFO - Executing <Task(_PythonDecoratedOperator): say_bye> on 2023-05-28 00:00:00+00:00
[2023-09-05T15:27:59.748+0000] {standard_task_runner.py:57} INFO - Started process 1016 to run task
[2023-09-05T15:27:59.837+0000] {standard_task_runner.py:84} INFO - Running: ['***', 'tasks', 'run', 'tasks_relations', 'say_bye', 'scheduled__2023-05-28T00:00:00+00:00', '--job-id', '446', '--raw', '--subdir', 'DAGS_FOLDER/tasks_relations.py', '--cfg-path', '/tmp/tmpk3dsmlio']
[2023-09-05T15:27:59.882+0000] {standard_task_runner.py:85} INFO - Job 446: Subtask say_bye
[2023-09-05T15:28:00.818+0000] {task_command.py:415} INFO - Running <TaskInstance: tasks_relations.say_bye scheduled__2023-05-28T00:00:00+00:00 [running]> on host ca474790e981
[2023-09-05T15:28:01.918+0000] {taskinstance.py:1660} INFO - Exporting env vars: AIRFLOW_CTX_DAG_OWNER='***' AIRFLOW_CTX_DAG_ID='tasks_relations' AIRFLOW_CTX_TASK_ID='say_bye' AIRFLOW_CTX_EXECUTION_DATE='2023-05-28T00:00:00+00:00' AIRFLOW_CTX_TRY_NUMBER='1' AIRFLOW_CTX_DAG_RUN_ID='scheduled__2023-05-28T00:00:00+00:00'
[2023-09-05T15:28:01.924+0000] {logging_mixin.py:151} INFO - goodbye world
[2023-09-05T15:28:01.925+0000] {python.py:194} INFO - Done. Returned value was: None
[2023-09-05T15:28:02.022+0000] {taskinstance.py:1400} INFO - Marking task as SUCCESS. dag_id=tasks_relations, task_id=say_bye, execution_date=20230528T000000, start_date=20230905T152759, end_date=20230905T152802
[2023-09-05T15:28:02.447+0000] {local_task_job_runner.py:228} INFO - Task exited with return code 0
[2023-09-05T15:28:02.635+0000] {taskinstance.py:2784} INFO - 2 downstream tasks scheduled from follow-on schedule check
[2023-09-12T17:36:14.174+0000] {taskinstance.py:1159} INFO - Dependencies all met for dep_context=non-requeueable deps ti=<TaskInstance: tasks_relations.say_bye scheduled__2023-05-28T00:00:00+00:00 [queued]>
[2023-09-12T17:36:14.221+0000] {taskinstance.py:1159} INFO - Dependencies all met for dep_context=requeueable deps ti=<TaskInstance: tasks_relations.say_bye scheduled__2023-05-28T00:00:00+00:00 [queued]>
[2023-09-12T17:36:14.228+0000] {taskinstance.py:1361} INFO - Starting attempt 1 of 1
[2023-09-12T17:36:14.274+0000] {taskinstance.py:1382} INFO - Executing <Task(_PythonDecoratedOperator): say_bye> on 2023-05-28 00:00:00+00:00
[2023-09-12T17:36:14.281+0000] {standard_task_runner.py:57} INFO - Started process 2486 to run task
[2023-09-12T17:36:14.304+0000] {standard_task_runner.py:84} INFO - Running: ['***', 'tasks', 'run', 'tasks_relations', 'say_bye', 'scheduled__2023-05-28T00:00:00+00:00', '--job-id', '1171', '--raw', '--subdir', 'DAGS_FOLDER/2_tasks_relations.py', '--cfg-path', '/tmp/tmpaf657a7z']
[2023-09-12T17:36:14.334+0000] {standard_task_runner.py:85} INFO - Job 1171: Subtask say_bye
[2023-09-12T17:36:14.531+0000] {task_command.py:415} INFO - Running <TaskInstance: tasks_relations.say_bye scheduled__2023-05-28T00:00:00+00:00 [running]> on host 0ab7970e0956
[2023-09-12T17:36:14.983+0000] {taskinstance.py:1660} INFO - Exporting env vars: AIRFLOW_CTX_DAG_OWNER='***' AIRFLOW_CTX_DAG_ID='tasks_relations' AIRFLOW_CTX_TASK_ID='say_bye' AIRFLOW_CTX_EXECUTION_DATE='2023-05-28T00:00:00+00:00' AIRFLOW_CTX_TRY_NUMBER='1' AIRFLOW_CTX_DAG_RUN_ID='scheduled__2023-05-28T00:00:00+00:00'
[2023-09-12T17:36:14.990+0000] {logging_mixin.py:151} INFO - goodbye world
[2023-09-12T17:36:14.991+0000] {python.py:194} INFO - Done. Returned value was: None
[2023-09-12T17:36:15.025+0000] {taskinstance.py:1400} INFO - Marking task as SUCCESS. dag_id=tasks_relations, task_id=say_bye, execution_date=20230528T000000, start_date=20230912T173614, end_date=20230912T173615
[2023-09-12T17:36:15.107+0000] {local_task_job_runner.py:228} INFO - Task exited with return code 0
[2023-09-12T17:36:15.170+0000] {taskinstance.py:2784} INFO - 2 downstream tasks scheduled from follow-on schedule check
