[2023-09-05T15:24:41.278+0000] {taskinstance.py:1159} INFO - Dependencies all met for dep_context=non-requeueable deps ti=<TaskInstance: tasks_relations.say_bye scheduled__2023-01-23T00:00:00+00:00 [queued]>
[2023-09-05T15:24:41.346+0000] {taskinstance.py:1159} INFO - Dependencies all met for dep_context=requeueable deps ti=<TaskInstance: tasks_relations.say_bye scheduled__2023-01-23T00:00:00+00:00 [queued]>
[2023-09-05T15:24:41.350+0000] {taskinstance.py:1361} INFO - Starting attempt 1 of 1
[2023-09-05T15:24:41.406+0000] {taskinstance.py:1382} INFO - Executing <Task(_PythonDecoratedOperator): say_bye> on 2023-01-23 00:00:00+00:00
[2023-09-05T15:24:41.449+0000] {standard_task_runner.py:57} INFO - Started process 247 to run task
[2023-09-05T15:24:41.470+0000] {standard_task_runner.py:84} INFO - Running: ['***', 'tasks', 'run', 'tasks_relations', 'say_bye', 'scheduled__2023-01-23T00:00:00+00:00', '--job-id', '87', '--raw', '--subdir', 'DAGS_FOLDER/tasks_relations.py', '--cfg-path', '/tmp/tmp77x__i0c']
[2023-09-05T15:24:41.484+0000] {standard_task_runner.py:85} INFO - Job 87: Subtask say_bye
[2023-09-05T15:24:41.733+0000] {task_command.py:415} INFO - Running <TaskInstance: tasks_relations.say_bye scheduled__2023-01-23T00:00:00+00:00 [running]> on host ca474790e981
[2023-09-05T15:24:42.084+0000] {taskinstance.py:1660} INFO - Exporting env vars: AIRFLOW_CTX_DAG_OWNER='***' AIRFLOW_CTX_DAG_ID='tasks_relations' AIRFLOW_CTX_TASK_ID='say_bye' AIRFLOW_CTX_EXECUTION_DATE='2023-01-23T00:00:00+00:00' AIRFLOW_CTX_TRY_NUMBER='1' AIRFLOW_CTX_DAG_RUN_ID='scheduled__2023-01-23T00:00:00+00:00'
[2023-09-05T15:24:42.103+0000] {logging_mixin.py:151} INFO - goodbye ***
[2023-09-05T15:24:42.108+0000] {python.py:194} INFO - Done. Returned value was: None
[2023-09-05T15:24:42.156+0000] {taskinstance.py:1400} INFO - Marking task as SUCCESS. dag_id=tasks_relations, task_id=say_bye, execution_date=20230123T000000, start_date=20230905T152441, end_date=20230905T152442
[2023-09-05T15:24:42.304+0000] {local_task_job_runner.py:228} INFO - Task exited with return code 0
[2023-09-05T15:24:42.336+0000] {taskinstance.py:2784} INFO - 0 downstream tasks scheduled from follow-on schedule check
[2023-09-12T17:33:32.372+0000] {taskinstance.py:1159} INFO - Dependencies all met for dep_context=non-requeueable deps ti=<TaskInstance: tasks_relations.say_bye scheduled__2023-01-23T00:00:00+00:00 [queued]>
[2023-09-12T17:33:32.478+0000] {taskinstance.py:1159} INFO - Dependencies all met for dep_context=requeueable deps ti=<TaskInstance: tasks_relations.say_bye scheduled__2023-01-23T00:00:00+00:00 [queued]>
[2023-09-12T17:33:32.481+0000] {taskinstance.py:1361} INFO - Starting attempt 1 of 1
[2023-09-12T17:33:32.591+0000] {taskinstance.py:1382} INFO - Executing <Task(_PythonDecoratedOperator): say_bye> on 2023-01-23 00:00:00+00:00
[2023-09-12T17:33:32.624+0000] {standard_task_runner.py:57} INFO - Started process 545 to run task
[2023-09-12T17:33:32.713+0000] {standard_task_runner.py:84} INFO - Running: ['***', 'tasks', 'run', 'tasks_relations', 'say_bye', 'scheduled__2023-01-23T00:00:00+00:00', '--job-id', '215', '--raw', '--subdir', 'DAGS_FOLDER/2_tasks_relations.py', '--cfg-path', '/tmp/tmpbfqjbssk']
[2023-09-12T17:33:32.737+0000] {standard_task_runner.py:85} INFO - Job 215: Subtask say_bye
[2023-09-12T17:33:33.347+0000] {task_command.py:415} INFO - Running <TaskInstance: tasks_relations.say_bye scheduled__2023-01-23T00:00:00+00:00 [running]> on host 0ab7970e0956
[2023-09-12T17:33:34.609+0000] {taskinstance.py:1660} INFO - Exporting env vars: AIRFLOW_CTX_DAG_OWNER='***' AIRFLOW_CTX_DAG_ID='tasks_relations' AIRFLOW_CTX_TASK_ID='say_bye' AIRFLOW_CTX_EXECUTION_DATE='2023-01-23T00:00:00+00:00' AIRFLOW_CTX_TRY_NUMBER='1' AIRFLOW_CTX_DAG_RUN_ID='scheduled__2023-01-23T00:00:00+00:00'
[2023-09-12T17:33:34.676+0000] {logging_mixin.py:151} INFO - goodbye world
[2023-09-12T17:33:34.697+0000] {python.py:194} INFO - Done. Returned value was: None
[2023-09-12T17:33:34.838+0000] {taskinstance.py:1400} INFO - Marking task as SUCCESS. dag_id=tasks_relations, task_id=say_bye, execution_date=20230123T000000, start_date=20230912T173332, end_date=20230912T173334
[2023-09-12T17:33:35.168+0000] {local_task_job_runner.py:228} INFO - Task exited with return code 0
[2023-09-12T17:33:35.521+0000] {taskinstance.py:2784} INFO - 2 downstream tasks scheduled from follow-on schedule check
