[2023-09-05T15:29:56.989+0000] {taskinstance.py:1159} INFO - Dependencies all met for dep_context=non-requeueable deps ti=<TaskInstance: tasks_relations.say_bye scheduled__2023-07-03T00:00:00+00:00 [queued]>
[2023-09-05T15:29:57.146+0000] {taskinstance.py:1159} INFO - Dependencies all met for dep_context=requeueable deps ti=<TaskInstance: tasks_relations.say_bye scheduled__2023-07-03T00:00:00+00:00 [queued]>
[2023-09-05T15:29:57.161+0000] {taskinstance.py:1361} INFO - Starting attempt 1 of 1
[2023-09-05T15:29:57.290+0000] {taskinstance.py:1382} INFO - Executing <Task(_PythonDecoratedOperator): say_bye> on 2023-07-03 00:00:00+00:00
[2023-09-05T15:29:57.356+0000] {standard_task_runner.py:57} INFO - Started process 1469 to run task
[2023-09-05T15:29:57.453+0000] {standard_task_runner.py:84} INFO - Running: ['***', 'tasks', 'run', 'tasks_relations', 'say_bye', 'scheduled__2023-07-03T00:00:00+00:00', '--job-id', '661', '--raw', '--subdir', 'DAGS_FOLDER/tasks_relations.py', '--cfg-path', '/tmp/tmpqiptneus']
[2023-09-05T15:29:57.472+0000] {standard_task_runner.py:85} INFO - Job 661: Subtask say_bye
[2023-09-05T15:29:58.100+0000] {task_command.py:415} INFO - Running <TaskInstance: tasks_relations.say_bye scheduled__2023-07-03T00:00:00+00:00 [running]> on host ca474790e981
[2023-09-05T15:29:58.658+0000] {taskinstance.py:1660} INFO - Exporting env vars: AIRFLOW_CTX_DAG_OWNER='***' AIRFLOW_CTX_DAG_ID='tasks_relations' AIRFLOW_CTX_TASK_ID='say_bye' AIRFLOW_CTX_EXECUTION_DATE='2023-07-03T00:00:00+00:00' AIRFLOW_CTX_TRY_NUMBER='1' AIRFLOW_CTX_DAG_RUN_ID='scheduled__2023-07-03T00:00:00+00:00'
[2023-09-05T15:29:58.668+0000] {logging_mixin.py:151} INFO - goodbye world
[2023-09-05T15:29:58.692+0000] {python.py:194} INFO - Done. Returned value was: None
[2023-09-05T15:29:58.757+0000] {taskinstance.py:1400} INFO - Marking task as SUCCESS. dag_id=tasks_relations, task_id=say_bye, execution_date=20230703T000000, start_date=20230905T152957, end_date=20230905T152958
[2023-09-05T15:29:58.880+0000] {local_task_job_runner.py:228} INFO - Task exited with return code 0
[2023-09-05T15:29:59.049+0000] {taskinstance.py:2784} INFO - 0 downstream tasks scheduled from follow-on schedule check
[2023-09-12T17:36:53.120+0000] {taskinstance.py:1159} INFO - Dependencies all met for dep_context=non-requeueable deps ti=<TaskInstance: tasks_relations.say_bye scheduled__2023-07-03T00:00:00+00:00 [queued]>
[2023-09-12T17:36:53.163+0000] {taskinstance.py:1159} INFO - Dependencies all met for dep_context=requeueable deps ti=<TaskInstance: tasks_relations.say_bye scheduled__2023-07-03T00:00:00+00:00 [queued]>
[2023-09-12T17:36:53.168+0000] {taskinstance.py:1361} INFO - Starting attempt 1 of 1
[2023-09-12T17:36:53.221+0000] {taskinstance.py:1382} INFO - Executing <Task(_PythonDecoratedOperator): say_bye> on 2023-07-03 00:00:00+00:00
[2023-09-12T17:36:53.264+0000] {standard_task_runner.py:57} INFO - Started process 2900 to run task
[2023-09-12T17:36:53.269+0000] {standard_task_runner.py:84} INFO - Running: ['***', 'tasks', 'run', 'tasks_relations', 'say_bye', 'scheduled__2023-07-03T00:00:00+00:00', '--job-id', '1371', '--raw', '--subdir', 'DAGS_FOLDER/2_tasks_relations.py', '--cfg-path', '/tmp/tmpc51oax4b']
[2023-09-12T17:36:53.281+0000] {standard_task_runner.py:85} INFO - Job 1371: Subtask say_bye
[2023-09-12T17:36:53.504+0000] {task_command.py:415} INFO - Running <TaskInstance: tasks_relations.say_bye scheduled__2023-07-03T00:00:00+00:00 [running]> on host 0ab7970e0956
[2023-09-12T17:36:53.740+0000] {taskinstance.py:1660} INFO - Exporting env vars: AIRFLOW_CTX_DAG_OWNER='***' AIRFLOW_CTX_DAG_ID='tasks_relations' AIRFLOW_CTX_TASK_ID='say_bye' AIRFLOW_CTX_EXECUTION_DATE='2023-07-03T00:00:00+00:00' AIRFLOW_CTX_TRY_NUMBER='1' AIRFLOW_CTX_DAG_RUN_ID='scheduled__2023-07-03T00:00:00+00:00'
[2023-09-12T17:36:53.745+0000] {logging_mixin.py:151} INFO - goodbye world
[2023-09-12T17:36:53.747+0000] {python.py:194} INFO - Done. Returned value was: None
[2023-09-12T17:36:53.764+0000] {taskinstance.py:1400} INFO - Marking task as SUCCESS. dag_id=tasks_relations, task_id=say_bye, execution_date=20230703T000000, start_date=20230912T173653, end_date=20230912T173653
[2023-09-12T17:36:53.826+0000] {local_task_job_runner.py:228} INFO - Task exited with return code 0
[2023-09-12T17:36:53.870+0000] {taskinstance.py:2784} INFO - 2 downstream tasks scheduled from follow-on schedule check
