[2023-09-05T15:30:25.393+0000] {taskinstance.py:1159} INFO - Dependencies all met for dep_context=non-requeueable deps ti=<TaskInstance: tasks_relations.say_hello scheduled__2023-07-28T00:00:00+00:00 [queued]>
[2023-09-05T15:30:25.460+0000] {taskinstance.py:1159} INFO - Dependencies all met for dep_context=requeueable deps ti=<TaskInstance: tasks_relations.say_hello scheduled__2023-07-28T00:00:00+00:00 [queued]>
[2023-09-05T15:30:25.471+0000] {taskinstance.py:1361} INFO - Starting attempt 1 of 1
[2023-09-05T15:30:25.620+0000] {taskinstance.py:1382} INFO - Executing <Task(_PythonDecoratedOperator): say_hello> on 2023-07-28 00:00:00+00:00
[2023-09-05T15:30:25.629+0000] {standard_task_runner.py:57} INFO - Started process 1656 to run task
[2023-09-05T15:30:25.649+0000] {standard_task_runner.py:84} INFO - Running: ['***', 'tasks', 'run', 'tasks_relations', 'say_hello', 'scheduled__2023-07-28T00:00:00+00:00', '--job-id', '749', '--raw', '--subdir', 'DAGS_FOLDER/tasks_relations.py', '--cfg-path', '/tmp/tmpr5zzakzg']
[2023-09-05T15:30:25.656+0000] {standard_task_runner.py:85} INFO - Job 749: Subtask say_hello
[2023-09-05T15:30:25.905+0000] {task_command.py:415} INFO - Running <TaskInstance: tasks_relations.say_hello scheduled__2023-07-28T00:00:00+00:00 [running]> on host ca474790e981
[2023-09-05T15:30:26.409+0000] {taskinstance.py:1660} INFO - Exporting env vars: AIRFLOW_CTX_DAG_OWNER='***' AIRFLOW_CTX_DAG_ID='tasks_relations' AIRFLOW_CTX_TASK_ID='say_hello' AIRFLOW_CTX_EXECUTION_DATE='2023-07-28T00:00:00+00:00' AIRFLOW_CTX_TRY_NUMBER='1' AIRFLOW_CTX_DAG_RUN_ID='scheduled__2023-07-28T00:00:00+00:00'
[2023-09-05T15:30:26.417+0000] {logging_mixin.py:151} INFO - hello world
[2023-09-05T15:30:26.425+0000] {python.py:194} INFO - Done. Returned value was: None
[2023-09-05T15:30:26.464+0000] {taskinstance.py:1400} INFO - Marking task as SUCCESS. dag_id=tasks_relations, task_id=say_hello, execution_date=20230728T000000, start_date=20230905T153025, end_date=20230905T153026
[2023-09-05T15:30:26.622+0000] {local_task_job_runner.py:228} INFO - Task exited with return code 0
[2023-09-05T15:30:26.723+0000] {taskinstance.py:2784} INFO - 1 downstream tasks scheduled from follow-on schedule check
[2023-09-12T17:37:09.698+0000] {taskinstance.py:1159} INFO - Dependencies all met for dep_context=non-requeueable deps ti=<TaskInstance: tasks_relations.say_hello scheduled__2023-07-28T00:00:00+00:00 [queued]>
[2023-09-12T17:37:09.716+0000] {taskinstance.py:1159} INFO - Dependencies all met for dep_context=requeueable deps ti=<TaskInstance: tasks_relations.say_hello scheduled__2023-07-28T00:00:00+00:00 [queued]>
[2023-09-12T17:37:09.716+0000] {taskinstance.py:1361} INFO - Starting attempt 1 of 1
[2023-09-12T17:37:09.730+0000] {taskinstance.py:1382} INFO - Executing <Task(_PythonDecoratedOperator): say_hello> on 2023-07-28 00:00:00+00:00
[2023-09-12T17:37:09.736+0000] {standard_task_runner.py:57} INFO - Started process 3103 to run task
[2023-09-12T17:37:09.744+0000] {standard_task_runner.py:84} INFO - Running: ['***', 'tasks', 'run', 'tasks_relations', 'say_hello', 'scheduled__2023-07-28T00:00:00+00:00', '--job-id', '1479', '--raw', '--subdir', 'DAGS_FOLDER/2_tasks_relations.py', '--cfg-path', '/tmp/tmpktcg07ol']
[2023-09-12T17:37:09.748+0000] {standard_task_runner.py:85} INFO - Job 1479: Subtask say_hello
[2023-09-12T17:37:09.843+0000] {task_command.py:415} INFO - Running <TaskInstance: tasks_relations.say_hello scheduled__2023-07-28T00:00:00+00:00 [running]> on host 0ab7970e0956
[2023-09-12T17:37:09.904+0000] {taskinstance.py:1660} INFO - Exporting env vars: AIRFLOW_CTX_DAG_OWNER='***' AIRFLOW_CTX_DAG_ID='tasks_relations' AIRFLOW_CTX_TASK_ID='say_hello' AIRFLOW_CTX_EXECUTION_DATE='2023-07-28T00:00:00+00:00' AIRFLOW_CTX_TRY_NUMBER='1' AIRFLOW_CTX_DAG_RUN_ID='scheduled__2023-07-28T00:00:00+00:00'
[2023-09-12T17:37:09.906+0000] {logging_mixin.py:151} INFO - hello world
[2023-09-12T17:37:09.906+0000] {python.py:194} INFO - Done. Returned value was: None
[2023-09-12T17:37:09.913+0000] {taskinstance.py:1400} INFO - Marking task as SUCCESS. dag_id=tasks_relations, task_id=say_hello, execution_date=20230728T000000, start_date=20230912T173709, end_date=20230912T173709
[2023-09-12T17:37:09.958+0000] {local_task_job_runner.py:228} INFO - Task exited with return code 0
[2023-09-12T17:37:09.980+0000] {taskinstance.py:2784} INFO - 0 downstream tasks scheduled from follow-on schedule check
