[2023-09-05T15:28:54.739+0000] {taskinstance.py:1159} INFO - Dependencies all met for dep_context=non-requeueable deps ti=<TaskInstance: tasks_relations.say_bye scheduled__2023-06-07T00:00:00+00:00 [queued]>
[2023-09-05T15:28:55.076+0000] {taskinstance.py:1159} INFO - Dependencies all met for dep_context=requeueable deps ti=<TaskInstance: tasks_relations.say_bye scheduled__2023-06-07T00:00:00+00:00 [queued]>
[2023-09-05T15:28:55.079+0000] {taskinstance.py:1361} INFO - Starting attempt 1 of 1
[2023-09-05T15:28:55.365+0000] {taskinstance.py:1382} INFO - Executing <Task(_PythonDecoratedOperator): say_bye> on 2023-06-07 00:00:00+00:00
[2023-09-05T15:28:55.396+0000] {standard_task_runner.py:57} INFO - Started process 1173 to run task
[2023-09-05T15:28:55.418+0000] {standard_task_runner.py:84} INFO - Running: ['***', 'tasks', 'run', 'tasks_relations', 'say_bye', 'scheduled__2023-06-07T00:00:00+00:00', '--job-id', '518', '--raw', '--subdir', 'DAGS_FOLDER/tasks_relations.py', '--cfg-path', '/tmp/tmphynvqwzb']
[2023-09-05T15:28:55.475+0000] {standard_task_runner.py:85} INFO - Job 518: Subtask say_bye
[2023-09-05T15:28:56.035+0000] {task_command.py:415} INFO - Running <TaskInstance: tasks_relations.say_bye scheduled__2023-06-07T00:00:00+00:00 [running]> on host ca474790e981
[2023-09-05T15:28:56.668+0000] {taskinstance.py:1660} INFO - Exporting env vars: AIRFLOW_CTX_DAG_OWNER='***' AIRFLOW_CTX_DAG_ID='tasks_relations' AIRFLOW_CTX_TASK_ID='say_bye' AIRFLOW_CTX_EXECUTION_DATE='2023-06-07T00:00:00+00:00' AIRFLOW_CTX_TRY_NUMBER='1' AIRFLOW_CTX_DAG_RUN_ID='scheduled__2023-06-07T00:00:00+00:00'
[2023-09-05T15:28:56.685+0000] {logging_mixin.py:151} INFO - goodbye world
[2023-09-05T15:28:56.694+0000] {python.py:194} INFO - Done. Returned value was: None
[2023-09-05T15:28:56.771+0000] {taskinstance.py:1400} INFO - Marking task as SUCCESS. dag_id=tasks_relations, task_id=say_bye, execution_date=20230607T000000, start_date=20230905T152854, end_date=20230905T152856
[2023-09-05T15:28:56.950+0000] {local_task_job_runner.py:228} INFO - Task exited with return code 0
[2023-09-05T15:28:57.039+0000] {taskinstance.py:2784} INFO - 0 downstream tasks scheduled from follow-on schedule check
[2023-09-12T17:36:18.982+0000] {taskinstance.py:1159} INFO - Dependencies all met for dep_context=non-requeueable deps ti=<TaskInstance: tasks_relations.say_bye scheduled__2023-06-07T00:00:00+00:00 [queued]>
[2023-09-12T17:36:19.014+0000] {taskinstance.py:1159} INFO - Dependencies all met for dep_context=requeueable deps ti=<TaskInstance: tasks_relations.say_bye scheduled__2023-06-07T00:00:00+00:00 [queued]>
[2023-09-12T17:36:19.022+0000] {taskinstance.py:1361} INFO - Starting attempt 1 of 1
[2023-09-12T17:36:19.067+0000] {taskinstance.py:1382} INFO - Executing <Task(_PythonDecoratedOperator): say_bye> on 2023-06-07 00:00:00+00:00
[2023-09-12T17:36:19.097+0000] {standard_task_runner.py:57} INFO - Started process 2553 to run task
[2023-09-12T17:36:19.134+0000] {standard_task_runner.py:84} INFO - Running: ['***', 'tasks', 'run', 'tasks_relations', 'say_bye', 'scheduled__2023-06-07T00:00:00+00:00', '--job-id', '1201', '--raw', '--subdir', 'DAGS_FOLDER/2_tasks_relations.py', '--cfg-path', '/tmp/tmpb_t2u90m']
[2023-09-12T17:36:19.153+0000] {standard_task_runner.py:85} INFO - Job 1201: Subtask say_bye
[2023-09-12T17:36:19.346+0000] {task_command.py:415} INFO - Running <TaskInstance: tasks_relations.say_bye scheduled__2023-06-07T00:00:00+00:00 [running]> on host 0ab7970e0956
[2023-09-12T17:36:19.597+0000] {taskinstance.py:1660} INFO - Exporting env vars: AIRFLOW_CTX_DAG_OWNER='***' AIRFLOW_CTX_DAG_ID='tasks_relations' AIRFLOW_CTX_TASK_ID='say_bye' AIRFLOW_CTX_EXECUTION_DATE='2023-06-07T00:00:00+00:00' AIRFLOW_CTX_TRY_NUMBER='1' AIRFLOW_CTX_DAG_RUN_ID='scheduled__2023-06-07T00:00:00+00:00'
[2023-09-12T17:36:19.601+0000] {logging_mixin.py:151} INFO - goodbye world
[2023-09-12T17:36:19.601+0000] {python.py:194} INFO - Done. Returned value was: None
[2023-09-12T17:36:19.615+0000] {taskinstance.py:1400} INFO - Marking task as SUCCESS. dag_id=tasks_relations, task_id=say_bye, execution_date=20230607T000000, start_date=20230912T173618, end_date=20230912T173619
[2023-09-12T17:36:19.659+0000] {local_task_job_runner.py:228} INFO - Task exited with return code 0
[2023-09-12T17:36:19.691+0000] {taskinstance.py:2784} INFO - 2 downstream tasks scheduled from follow-on schedule check
