[2023-09-05T15:30:12.655+0000] {taskinstance.py:1159} INFO - Dependencies all met for dep_context=non-requeueable deps ti=<TaskInstance: tasks_relations.or_that_way scheduled__2023-07-15T00:00:00+00:00 [queued]>
[2023-09-05T15:30:12.688+0000] {taskinstance.py:1159} INFO - Dependencies all met for dep_context=requeueable deps ti=<TaskInstance: tasks_relations.or_that_way scheduled__2023-07-15T00:00:00+00:00 [queued]>
[2023-09-05T15:30:12.692+0000] {taskinstance.py:1361} INFO - Starting attempt 1 of 1
[2023-09-05T15:30:12.721+0000] {taskinstance.py:1382} INFO - Executing <Task(_PythonDecoratedOperator): or_that_way> on 2023-07-15 00:00:00+00:00
[2023-09-05T15:30:12.753+0000] {standard_task_runner.py:57} INFO - Started process 1577 to run task
[2023-09-05T15:30:12.763+0000] {standard_task_runner.py:84} INFO - Running: ['***', 'tasks', 'run', 'tasks_relations', 'or_that_way', 'scheduled__2023-07-15T00:00:00+00:00', '--job-id', '714', '--raw', '--subdir', 'DAGS_FOLDER/tasks_relations.py', '--cfg-path', '/tmp/tmpb9hkg1hi']
[2023-09-05T15:30:12.786+0000] {standard_task_runner.py:85} INFO - Job 714: Subtask or_that_way
[2023-09-05T15:30:12.935+0000] {task_command.py:415} INFO - Running <TaskInstance: tasks_relations.or_that_way scheduled__2023-07-15T00:00:00+00:00 [running]> on host ca474790e981
[2023-09-05T15:30:13.146+0000] {taskinstance.py:1660} INFO - Exporting env vars: AIRFLOW_CTX_DAG_OWNER='***' AIRFLOW_CTX_DAG_ID='tasks_relations' AIRFLOW_CTX_TASK_ID='or_that_way' AIRFLOW_CTX_EXECUTION_DATE='2023-07-15T00:00:00+00:00' AIRFLOW_CTX_TRY_NUMBER='1' AIRFLOW_CTX_DAG_RUN_ID='scheduled__2023-07-15T00:00:00+00:00'
[2023-09-05T15:30:13.148+0000] {logging_mixin.py:151} INFO - NO NO, THAT WAY WAY!!!
[2023-09-05T15:30:13.149+0000] {python.py:194} INFO - Done. Returned value was: None
[2023-09-05T15:30:13.180+0000] {taskinstance.py:1400} INFO - Marking task as SUCCESS. dag_id=tasks_relations, task_id=or_that_way, execution_date=20230715T000000, start_date=20230905T153012, end_date=20230905T153013
[2023-09-05T15:30:13.239+0000] {local_task_job_runner.py:228} INFO - Task exited with return code 0
[2023-09-05T15:30:13.264+0000] {taskinstance.py:2784} INFO - 0 downstream tasks scheduled from follow-on schedule check
[2023-09-12T17:37:09.718+0000] {taskinstance.py:1159} INFO - Dependencies all met for dep_context=non-requeueable deps ti=<TaskInstance: tasks_relations.or_that_way scheduled__2023-07-15T00:00:00+00:00 [queued]>
[2023-09-12T17:37:09.732+0000] {taskinstance.py:1159} INFO - Dependencies all met for dep_context=requeueable deps ti=<TaskInstance: tasks_relations.or_that_way scheduled__2023-07-15T00:00:00+00:00 [queued]>
[2023-09-12T17:37:09.733+0000] {taskinstance.py:1361} INFO - Starting attempt 1 of 1
[2023-09-12T17:37:09.759+0000] {taskinstance.py:1382} INFO - Executing <Task(_PythonDecoratedOperator): or_that_way> on 2023-07-15 00:00:00+00:00
[2023-09-12T17:37:09.772+0000] {standard_task_runner.py:57} INFO - Started process 3105 to run task
[2023-09-12T17:37:09.778+0000] {standard_task_runner.py:84} INFO - Running: ['***', 'tasks', 'run', 'tasks_relations', 'or_that_way', 'scheduled__2023-07-15T00:00:00+00:00', '--job-id', '1478', '--raw', '--subdir', 'DAGS_FOLDER/2_tasks_relations.py', '--cfg-path', '/tmp/tmpqyswlq4p']
[2023-09-12T17:37:09.780+0000] {standard_task_runner.py:85} INFO - Job 1478: Subtask or_that_way
[2023-09-12T17:37:09.844+0000] {task_command.py:415} INFO - Running <TaskInstance: tasks_relations.or_that_way scheduled__2023-07-15T00:00:00+00:00 [running]> on host 0ab7970e0956
[2023-09-12T17:37:09.903+0000] {taskinstance.py:1660} INFO - Exporting env vars: AIRFLOW_CTX_DAG_OWNER='***' AIRFLOW_CTX_DAG_ID='tasks_relations' AIRFLOW_CTX_TASK_ID='or_that_way' AIRFLOW_CTX_EXECUTION_DATE='2023-07-15T00:00:00+00:00' AIRFLOW_CTX_TRY_NUMBER='1' AIRFLOW_CTX_DAG_RUN_ID='scheduled__2023-07-15T00:00:00+00:00'
[2023-09-12T17:37:09.906+0000] {logging_mixin.py:151} INFO - NO NO, THAT WAY WAY!!!
[2023-09-12T17:37:09.907+0000] {python.py:194} INFO - Done. Returned value was: None
[2023-09-12T17:37:09.919+0000] {taskinstance.py:1400} INFO - Marking task as SUCCESS. dag_id=tasks_relations, task_id=or_that_way, execution_date=20230715T000000, start_date=20230912T173709, end_date=20230912T173709
[2023-09-12T17:37:09.958+0000] {local_task_job_runner.py:228} INFO - Task exited with return code 0
[2023-09-12T17:37:09.974+0000] {taskinstance.py:2784} INFO - 0 downstream tasks scheduled from follow-on schedule check
