[2023-09-05T15:28:00.033+0000] {taskinstance.py:1159} INFO - Dependencies all met for dep_context=non-requeueable deps ti=<TaskInstance: tasks_relations.this_way scheduled__2023-05-21T00:00:00+00:00 [queued]>
[2023-09-05T15:28:00.255+0000] {taskinstance.py:1159} INFO - Dependencies all met for dep_context=requeueable deps ti=<TaskInstance: tasks_relations.this_way scheduled__2023-05-21T00:00:00+00:00 [queued]>
[2023-09-05T15:28:00.304+0000] {taskinstance.py:1361} INFO - Starting attempt 1 of 1
[2023-09-05T15:28:00.464+0000] {taskinstance.py:1382} INFO - Executing <Task(_PythonDecoratedOperator): this_way> on 2023-05-21 00:00:00+00:00
[2023-09-05T15:28:00.480+0000] {standard_task_runner.py:57} INFO - Started process 1019 to run task
[2023-09-05T15:28:00.551+0000] {standard_task_runner.py:84} INFO - Running: ['***', 'tasks', 'run', 'tasks_relations', 'this_way', 'scheduled__2023-05-21T00:00:00+00:00', '--job-id', '449', '--raw', '--subdir', 'DAGS_FOLDER/tasks_relations.py', '--cfg-path', '/tmp/tmpa66gvapq']
[2023-09-05T15:28:00.600+0000] {standard_task_runner.py:85} INFO - Job 449: Subtask this_way
[2023-09-05T15:28:01.132+0000] {task_command.py:415} INFO - Running <TaskInstance: tasks_relations.this_way scheduled__2023-05-21T00:00:00+00:00 [running]> on host ca474790e981
[2023-09-05T15:28:02.358+0000] {taskinstance.py:1660} INFO - Exporting env vars: AIRFLOW_CTX_DAG_OWNER='***' AIRFLOW_CTX_DAG_ID='tasks_relations' AIRFLOW_CTX_TASK_ID='this_way' AIRFLOW_CTX_EXECUTION_DATE='2023-05-21T00:00:00+00:00' AIRFLOW_CTX_TRY_NUMBER='1' AIRFLOW_CTX_DAG_RUN_ID='scheduled__2023-05-21T00:00:00+00:00'
[2023-09-05T15:28:02.363+0000] {logging_mixin.py:151} INFO - THIS WAY!!!
[2023-09-05T15:28:02.367+0000] {python.py:194} INFO - Done. Returned value was: None
[2023-09-05T15:28:02.632+0000] {taskinstance.py:1400} INFO - Marking task as SUCCESS. dag_id=tasks_relations, task_id=this_way, execution_date=20230521T000000, start_date=20230905T152800, end_date=20230905T152802
[2023-09-05T15:28:02.902+0000] {local_task_job_runner.py:228} INFO - Task exited with return code 0
[2023-09-05T15:28:03.106+0000] {taskinstance.py:2784} INFO - 0 downstream tasks scheduled from follow-on schedule check
[2023-09-12T17:36:05.726+0000] {taskinstance.py:1159} INFO - Dependencies all met for dep_context=non-requeueable deps ti=<TaskInstance: tasks_relations.this_way scheduled__2023-05-21T00:00:00+00:00 [queued]>
[2023-09-12T17:36:05.773+0000] {taskinstance.py:1159} INFO - Dependencies all met for dep_context=requeueable deps ti=<TaskInstance: tasks_relations.this_way scheduled__2023-05-21T00:00:00+00:00 [queued]>
[2023-09-12T17:36:05.783+0000] {taskinstance.py:1361} INFO - Starting attempt 1 of 1
[2023-09-12T17:36:05.815+0000] {taskinstance.py:1382} INFO - Executing <Task(_PythonDecoratedOperator): this_way> on 2023-05-21 00:00:00+00:00
[2023-09-12T17:36:05.834+0000] {standard_task_runner.py:57} INFO - Started process 2387 to run task
[2023-09-12T17:36:05.855+0000] {standard_task_runner.py:84} INFO - Running: ['***', 'tasks', 'run', 'tasks_relations', 'this_way', 'scheduled__2023-05-21T00:00:00+00:00', '--job-id', '1121', '--raw', '--subdir', 'DAGS_FOLDER/2_tasks_relations.py', '--cfg-path', '/tmp/tmpc16i7ou7']
[2023-09-12T17:36:05.874+0000] {standard_task_runner.py:85} INFO - Job 1121: Subtask this_way
[2023-09-12T17:36:06.078+0000] {task_command.py:415} INFO - Running <TaskInstance: tasks_relations.this_way scheduled__2023-05-21T00:00:00+00:00 [running]> on host 0ab7970e0956
[2023-09-12T17:36:06.415+0000] {taskinstance.py:1660} INFO - Exporting env vars: AIRFLOW_CTX_DAG_OWNER='***' AIRFLOW_CTX_DAG_ID='tasks_relations' AIRFLOW_CTX_TASK_ID='this_way' AIRFLOW_CTX_EXECUTION_DATE='2023-05-21T00:00:00+00:00' AIRFLOW_CTX_TRY_NUMBER='1' AIRFLOW_CTX_DAG_RUN_ID='scheduled__2023-05-21T00:00:00+00:00'
[2023-09-12T17:36:06.416+0000] {logging_mixin.py:151} INFO - THIS WAY!!!
[2023-09-12T17:36:06.416+0000] {python.py:194} INFO - Done. Returned value was: None
[2023-09-12T17:36:06.434+0000] {taskinstance.py:1400} INFO - Marking task as SUCCESS. dag_id=tasks_relations, task_id=this_way, execution_date=20230521T000000, start_date=20230912T173605, end_date=20230912T173606
[2023-09-12T17:36:06.550+0000] {local_task_job_runner.py:228} INFO - Task exited with return code 0
[2023-09-12T17:36:06.597+0000] {taskinstance.py:2784} INFO - 1 downstream tasks scheduled from follow-on schedule check
