[2023-09-05T15:29:07.907+0000] {taskinstance.py:1159} INFO - Dependencies all met for dep_context=non-requeueable deps ti=<TaskInstance: tasks_relations.this_way scheduled__2023-06-12T00:00:00+00:00 [queued]>
[2023-09-05T15:29:07.952+0000] {taskinstance.py:1159} INFO - Dependencies all met for dep_context=requeueable deps ti=<TaskInstance: tasks_relations.this_way scheduled__2023-06-12T00:00:00+00:00 [queued]>
[2023-09-05T15:29:07.978+0000] {taskinstance.py:1361} INFO - Starting attempt 1 of 1
[2023-09-05T15:29:08.056+0000] {taskinstance.py:1382} INFO - Executing <Task(_PythonDecoratedOperator): this_way> on 2023-06-12 00:00:00+00:00
[2023-09-05T15:29:08.092+0000] {standard_task_runner.py:57} INFO - Started process 1235 to run task
[2023-09-05T15:29:08.121+0000] {standard_task_runner.py:84} INFO - Running: ['***', 'tasks', 'run', 'tasks_relations', 'this_way', 'scheduled__2023-06-12T00:00:00+00:00', '--job-id', '551', '--raw', '--subdir', 'DAGS_FOLDER/tasks_relations.py', '--cfg-path', '/tmp/tmpqt13sk24']
[2023-09-05T15:29:08.170+0000] {standard_task_runner.py:85} INFO - Job 551: Subtask this_way
[2023-09-05T15:29:08.926+0000] {task_command.py:415} INFO - Running <TaskInstance: tasks_relations.this_way scheduled__2023-06-12T00:00:00+00:00 [running]> on host ca474790e981
[2023-09-05T15:29:09.257+0000] {taskinstance.py:1660} INFO - Exporting env vars: AIRFLOW_CTX_DAG_OWNER='***' AIRFLOW_CTX_DAG_ID='tasks_relations' AIRFLOW_CTX_TASK_ID='this_way' AIRFLOW_CTX_EXECUTION_DATE='2023-06-12T00:00:00+00:00' AIRFLOW_CTX_TRY_NUMBER='1' AIRFLOW_CTX_DAG_RUN_ID='scheduled__2023-06-12T00:00:00+00:00'
[2023-09-05T15:29:09.269+0000] {logging_mixin.py:151} INFO - THIS WAY!!!
[2023-09-05T15:29:09.286+0000] {python.py:194} INFO - Done. Returned value was: None
[2023-09-05T15:29:09.338+0000] {taskinstance.py:1400} INFO - Marking task as SUCCESS. dag_id=tasks_relations, task_id=this_way, execution_date=20230612T000000, start_date=20230905T152907, end_date=20230905T152909
[2023-09-05T15:29:09.493+0000] {local_task_job_runner.py:228} INFO - Task exited with return code 0
[2023-09-05T15:29:09.602+0000] {taskinstance.py:2784} INFO - 0 downstream tasks scheduled from follow-on schedule check
[2023-09-12T17:36:36.914+0000] {taskinstance.py:1159} INFO - Dependencies all met for dep_context=non-requeueable deps ti=<TaskInstance: tasks_relations.this_way scheduled__2023-06-12T00:00:00+00:00 [queued]>
[2023-09-12T17:36:37.005+0000] {taskinstance.py:1159} INFO - Dependencies all met for dep_context=requeueable deps ti=<TaskInstance: tasks_relations.this_way scheduled__2023-06-12T00:00:00+00:00 [queued]>
[2023-09-12T17:36:37.009+0000] {taskinstance.py:1361} INFO - Starting attempt 1 of 1
[2023-09-12T17:36:37.222+0000] {taskinstance.py:1382} INFO - Executing <Task(_PythonDecoratedOperator): this_way> on 2023-06-12 00:00:00+00:00
[2023-09-12T17:36:37.257+0000] {standard_task_runner.py:57} INFO - Started process 2708 to run task
[2023-09-12T17:36:37.332+0000] {standard_task_runner.py:84} INFO - Running: ['***', 'tasks', 'run', 'tasks_relations', 'this_way', 'scheduled__2023-06-12T00:00:00+00:00', '--job-id', '1281', '--raw', '--subdir', 'DAGS_FOLDER/2_tasks_relations.py', '--cfg-path', '/tmp/tmp9znsi5v4']
[2023-09-12T17:36:37.356+0000] {standard_task_runner.py:85} INFO - Job 1281: Subtask this_way
[2023-09-12T17:36:37.760+0000] {task_command.py:415} INFO - Running <TaskInstance: tasks_relations.this_way scheduled__2023-06-12T00:00:00+00:00 [running]> on host 0ab7970e0956
[2023-09-12T17:36:38.190+0000] {taskinstance.py:1660} INFO - Exporting env vars: AIRFLOW_CTX_DAG_OWNER='***' AIRFLOW_CTX_DAG_ID='tasks_relations' AIRFLOW_CTX_TASK_ID='this_way' AIRFLOW_CTX_EXECUTION_DATE='2023-06-12T00:00:00+00:00' AIRFLOW_CTX_TRY_NUMBER='1' AIRFLOW_CTX_DAG_RUN_ID='scheduled__2023-06-12T00:00:00+00:00'
[2023-09-12T17:36:38.193+0000] {logging_mixin.py:151} INFO - THIS WAY!!!
[2023-09-12T17:36:38.195+0000] {python.py:194} INFO - Done. Returned value was: None
[2023-09-12T17:36:38.212+0000] {taskinstance.py:1400} INFO - Marking task as SUCCESS. dag_id=tasks_relations, task_id=this_way, execution_date=20230612T000000, start_date=20230912T173636, end_date=20230912T173638
[2023-09-12T17:36:38.287+0000] {local_task_job_runner.py:228} INFO - Task exited with return code 0
[2023-09-12T17:36:38.332+0000] {taskinstance.py:2784} INFO - 0 downstream tasks scheduled from follow-on schedule check
