[2023-09-05T15:31:47.284+0000] {taskinstance.py:1159} INFO - Dependencies all met for dep_context=non-requeueable deps ti=<TaskInstance: tasks_relations.or_that_way scheduled__2023-09-04T00:00:00+00:00 [queued]>
[2023-09-05T15:31:47.292+0000] {taskinstance.py:1159} INFO - Dependencies all met for dep_context=requeueable deps ti=<TaskInstance: tasks_relations.or_that_way scheduled__2023-09-04T00:00:00+00:00 [queued]>
[2023-09-05T15:31:47.293+0000] {taskinstance.py:1361} INFO - Starting attempt 1 of 1
[2023-09-05T15:31:47.304+0000] {taskinstance.py:1382} INFO - Executing <Task(_PythonDecoratedOperator): or_that_way> on 2023-09-04 00:00:00+00:00
[2023-09-05T15:31:47.311+0000] {standard_task_runner.py:57} INFO - Started process 2086 to run task
[2023-09-05T15:31:47.323+0000] {standard_task_runner.py:84} INFO - Running: ['***', 'tasks', 'run', 'tasks_relations', 'or_that_way', 'scheduled__2023-09-04T00:00:00+00:00', '--job-id', '962', '--raw', '--subdir', 'DAGS_FOLDER/tasks_relations.py', '--cfg-path', '/tmp/tmpprjv9dxm']
[2023-09-05T15:31:47.325+0000] {standard_task_runner.py:85} INFO - Job 962: Subtask or_that_way
[2023-09-05T15:31:47.388+0000] {task_command.py:415} INFO - Running <TaskInstance: tasks_relations.or_that_way scheduled__2023-09-04T00:00:00+00:00 [running]> on host ca474790e981
[2023-09-05T15:31:47.478+0000] {taskinstance.py:1660} INFO - Exporting env vars: AIRFLOW_CTX_DAG_OWNER='***' AIRFLOW_CTX_DAG_ID='tasks_relations' AIRFLOW_CTX_TASK_ID='or_that_way' AIRFLOW_CTX_EXECUTION_DATE='2023-09-04T00:00:00+00:00' AIRFLOW_CTX_TRY_NUMBER='1' AIRFLOW_CTX_DAG_RUN_ID='scheduled__2023-09-04T00:00:00+00:00'
[2023-09-05T15:31:47.483+0000] {logging_mixin.py:151} INFO - NO NO, THAT WAY WAY!!!
[2023-09-05T15:31:47.484+0000] {python.py:194} INFO - Done. Returned value was: None
[2023-09-05T15:31:47.494+0000] {taskinstance.py:1400} INFO - Marking task as SUCCESS. dag_id=tasks_relations, task_id=or_that_way, execution_date=20230904T000000, start_date=20230905T153147, end_date=20230905T153147
[2023-09-05T15:31:47.533+0000] {local_task_job_runner.py:228} INFO - Task exited with return code 0
[2023-09-05T15:31:47.548+0000] {taskinstance.py:2784} INFO - 0 downstream tasks scheduled from follow-on schedule check
[2023-09-12T17:37:57.443+0000] {taskinstance.py:1159} INFO - Dependencies all met for dep_context=non-requeueable deps ti=<TaskInstance: tasks_relations.or_that_way scheduled__2023-09-04T00:00:00+00:00 [queued]>
[2023-09-12T17:37:57.480+0000] {taskinstance.py:1159} INFO - Dependencies all met for dep_context=requeueable deps ti=<TaskInstance: tasks_relations.or_that_way scheduled__2023-09-04T00:00:00+00:00 [queued]>
[2023-09-12T17:37:57.483+0000] {taskinstance.py:1361} INFO - Starting attempt 1 of 1
[2023-09-12T17:37:57.526+0000] {taskinstance.py:1382} INFO - Executing <Task(_PythonDecoratedOperator): or_that_way> on 2023-09-04 00:00:00+00:00
[2023-09-12T17:37:57.547+0000] {standard_task_runner.py:57} INFO - Started process 3654 to run task
[2023-09-12T17:37:57.570+0000] {standard_task_runner.py:84} INFO - Running: ['***', 'tasks', 'run', 'tasks_relations', 'or_that_way', 'scheduled__2023-09-04T00:00:00+00:00', '--job-id', '1740', '--raw', '--subdir', 'DAGS_FOLDER/2_tasks_relations.py', '--cfg-path', '/tmp/tmp_qlvifwr']
[2023-09-12T17:37:57.581+0000] {standard_task_runner.py:85} INFO - Job 1740: Subtask or_that_way
[2023-09-12T17:37:57.781+0000] {task_command.py:415} INFO - Running <TaskInstance: tasks_relations.or_that_way scheduled__2023-09-04T00:00:00+00:00 [running]> on host 0ab7970e0956
[2023-09-12T17:37:58.028+0000] {taskinstance.py:1660} INFO - Exporting env vars: AIRFLOW_CTX_DAG_OWNER='***' AIRFLOW_CTX_DAG_ID='tasks_relations' AIRFLOW_CTX_TASK_ID='or_that_way' AIRFLOW_CTX_EXECUTION_DATE='2023-09-04T00:00:00+00:00' AIRFLOW_CTX_TRY_NUMBER='1' AIRFLOW_CTX_DAG_RUN_ID='scheduled__2023-09-04T00:00:00+00:00'
[2023-09-12T17:37:58.034+0000] {logging_mixin.py:151} INFO - NO NO, THAT WAY WAY!!!
[2023-09-12T17:37:58.045+0000] {python.py:194} INFO - Done. Returned value was: None
[2023-09-12T17:37:58.058+0000] {taskinstance.py:1400} INFO - Marking task as SUCCESS. dag_id=tasks_relations, task_id=or_that_way, execution_date=20230904T000000, start_date=20230912T173757, end_date=20230912T173758
[2023-09-12T17:37:58.111+0000] {local_task_job_runner.py:228} INFO - Task exited with return code 0
[2023-09-12T17:37:58.142+0000] {taskinstance.py:2784} INFO - 0 downstream tasks scheduled from follow-on schedule check
