[2023-09-05T15:30:18.972+0000] {taskinstance.py:1159} INFO - Dependencies all met for dep_context=non-requeueable deps ti=<TaskInstance: tasks_relations.say_hello scheduled__2023-07-21T00:00:00+00:00 [queued]>
[2023-09-05T15:30:19.045+0000] {taskinstance.py:1159} INFO - Dependencies all met for dep_context=requeueable deps ti=<TaskInstance: tasks_relations.say_hello scheduled__2023-07-21T00:00:00+00:00 [queued]>
[2023-09-05T15:30:19.047+0000] {taskinstance.py:1361} INFO - Starting attempt 1 of 1
[2023-09-05T15:30:19.197+0000] {taskinstance.py:1382} INFO - Executing <Task(_PythonDecoratedOperator): say_hello> on 2023-07-21 00:00:00+00:00
[2023-09-05T15:30:19.246+0000] {standard_task_runner.py:57} INFO - Started process 1615 to run task
[2023-09-05T15:30:19.301+0000] {standard_task_runner.py:84} INFO - Running: ['***', 'tasks', 'run', 'tasks_relations', 'say_hello', 'scheduled__2023-07-21T00:00:00+00:00', '--job-id', '730', '--raw', '--subdir', 'DAGS_FOLDER/tasks_relations.py', '--cfg-path', '/tmp/tmpgq_vmurr']
[2023-09-05T15:30:19.319+0000] {standard_task_runner.py:85} INFO - Job 730: Subtask say_hello
[2023-09-05T15:30:19.572+0000] {task_command.py:415} INFO - Running <TaskInstance: tasks_relations.say_hello scheduled__2023-07-21T00:00:00+00:00 [running]> on host ca474790e981
[2023-09-05T15:30:20.148+0000] {taskinstance.py:1660} INFO - Exporting env vars: AIRFLOW_CTX_DAG_OWNER='***' AIRFLOW_CTX_DAG_ID='tasks_relations' AIRFLOW_CTX_TASK_ID='say_hello' AIRFLOW_CTX_EXECUTION_DATE='2023-07-21T00:00:00+00:00' AIRFLOW_CTX_TRY_NUMBER='1' AIRFLOW_CTX_DAG_RUN_ID='scheduled__2023-07-21T00:00:00+00:00'
[2023-09-05T15:30:20.164+0000] {logging_mixin.py:151} INFO - hello world
[2023-09-05T15:30:20.165+0000] {python.py:194} INFO - Done. Returned value was: None
[2023-09-05T15:30:20.212+0000] {taskinstance.py:1400} INFO - Marking task as SUCCESS. dag_id=tasks_relations, task_id=say_hello, execution_date=20230721T000000, start_date=20230905T153018, end_date=20230905T153020
[2023-09-05T15:30:20.436+0000] {local_task_job_runner.py:228} INFO - Task exited with return code 0
[2023-09-05T15:30:20.578+0000] {taskinstance.py:2784} INFO - 1 downstream tasks scheduled from follow-on schedule check
[2023-09-12T17:37:07.684+0000] {taskinstance.py:1159} INFO - Dependencies all met for dep_context=non-requeueable deps ti=<TaskInstance: tasks_relations.say_hello scheduled__2023-07-21T00:00:00+00:00 [queued]>
[2023-09-12T17:37:07.731+0000] {taskinstance.py:1159} INFO - Dependencies all met for dep_context=requeueable deps ti=<TaskInstance: tasks_relations.say_hello scheduled__2023-07-21T00:00:00+00:00 [queued]>
[2023-09-12T17:37:07.734+0000] {taskinstance.py:1361} INFO - Starting attempt 1 of 1
[2023-09-12T17:37:07.767+0000] {taskinstance.py:1382} INFO - Executing <Task(_PythonDecoratedOperator): say_hello> on 2023-07-21 00:00:00+00:00
[2023-09-12T17:37:07.775+0000] {standard_task_runner.py:57} INFO - Started process 3073 to run task
[2023-09-12T17:37:07.781+0000] {standard_task_runner.py:84} INFO - Running: ['***', 'tasks', 'run', 'tasks_relations', 'say_hello', 'scheduled__2023-07-21T00:00:00+00:00', '--job-id', '1463', '--raw', '--subdir', 'DAGS_FOLDER/2_tasks_relations.py', '--cfg-path', '/tmp/tmp75dxf_6t']
[2023-09-12T17:37:07.782+0000] {standard_task_runner.py:85} INFO - Job 1463: Subtask say_hello
[2023-09-12T17:37:07.857+0000] {task_command.py:415} INFO - Running <TaskInstance: tasks_relations.say_hello scheduled__2023-07-21T00:00:00+00:00 [running]> on host 0ab7970e0956
[2023-09-12T17:37:08.129+0000] {taskinstance.py:1660} INFO - Exporting env vars: AIRFLOW_CTX_DAG_OWNER='***' AIRFLOW_CTX_DAG_ID='tasks_relations' AIRFLOW_CTX_TASK_ID='say_hello' AIRFLOW_CTX_EXECUTION_DATE='2023-07-21T00:00:00+00:00' AIRFLOW_CTX_TRY_NUMBER='1' AIRFLOW_CTX_DAG_RUN_ID='scheduled__2023-07-21T00:00:00+00:00'
[2023-09-12T17:37:08.130+0000] {logging_mixin.py:151} INFO - hello world
[2023-09-12T17:37:08.131+0000] {python.py:194} INFO - Done. Returned value was: None
[2023-09-12T17:37:08.153+0000] {taskinstance.py:1400} INFO - Marking task as SUCCESS. dag_id=tasks_relations, task_id=say_hello, execution_date=20230721T000000, start_date=20230912T173707, end_date=20230912T173708
[2023-09-12T17:37:08.232+0000] {local_task_job_runner.py:228} INFO - Task exited with return code 0
[2023-09-12T17:37:08.274+0000] {taskinstance.py:2784} INFO - 1 downstream tasks scheduled from follow-on schedule check
