[2023-09-05T15:31:26.737+0000] {taskinstance.py:1159} INFO - Dependencies all met for dep_context=non-requeueable deps ti=<TaskInstance: tasks_relations.say_bye scheduled__2023-08-27T00:00:00+00:00 [queued]>
[2023-09-05T15:31:26.779+0000] {taskinstance.py:1159} INFO - Dependencies all met for dep_context=requeueable deps ti=<TaskInstance: tasks_relations.say_bye scheduled__2023-08-27T00:00:00+00:00 [queued]>
[2023-09-05T15:31:26.782+0000] {taskinstance.py:1361} INFO - Starting attempt 1 of 1
[2023-09-05T15:31:26.881+0000] {taskinstance.py:1382} INFO - Executing <Task(_PythonDecoratedOperator): say_bye> on 2023-08-27 00:00:00+00:00
[2023-09-05T15:31:26.892+0000] {standard_task_runner.py:57} INFO - Started process 2003 to run task
[2023-09-05T15:31:27.046+0000] {standard_task_runner.py:84} INFO - Running: ['***', 'tasks', 'run', 'tasks_relations', 'say_bye', 'scheduled__2023-08-27T00:00:00+00:00', '--job-id', '916', '--raw', '--subdir', 'DAGS_FOLDER/tasks_relations.py', '--cfg-path', '/tmp/tmpplug7mc3']
[2023-09-05T15:31:27.055+0000] {standard_task_runner.py:85} INFO - Job 916: Subtask say_bye
[2023-09-05T15:31:27.781+0000] {task_command.py:415} INFO - Running <TaskInstance: tasks_relations.say_bye scheduled__2023-08-27T00:00:00+00:00 [running]> on host ca474790e981
[2023-09-05T15:31:28.809+0000] {taskinstance.py:1660} INFO - Exporting env vars: AIRFLOW_CTX_DAG_OWNER='***' AIRFLOW_CTX_DAG_ID='tasks_relations' AIRFLOW_CTX_TASK_ID='say_bye' AIRFLOW_CTX_EXECUTION_DATE='2023-08-27T00:00:00+00:00' AIRFLOW_CTX_TRY_NUMBER='1' AIRFLOW_CTX_DAG_RUN_ID='scheduled__2023-08-27T00:00:00+00:00'
[2023-09-05T15:31:28.831+0000] {logging_mixin.py:151} INFO - goodbye world
[2023-09-05T15:31:28.838+0000] {python.py:194} INFO - Done. Returned value was: None
[2023-09-05T15:31:28.902+0000] {taskinstance.py:1400} INFO - Marking task as SUCCESS. dag_id=tasks_relations, task_id=say_bye, execution_date=20230827T000000, start_date=20230905T153126, end_date=20230905T153128
[2023-09-05T15:31:29.172+0000] {local_task_job_runner.py:228} INFO - Task exited with return code 0
[2023-09-05T15:31:29.439+0000] {taskinstance.py:2784} INFO - 0 downstream tasks scheduled from follow-on schedule check
[2023-09-12T17:37:48.949+0000] {taskinstance.py:1159} INFO - Dependencies all met for dep_context=non-requeueable deps ti=<TaskInstance: tasks_relations.say_bye scheduled__2023-08-27T00:00:00+00:00 [queued]>
[2023-09-12T17:37:49.017+0000] {taskinstance.py:1159} INFO - Dependencies all met for dep_context=requeueable deps ti=<TaskInstance: tasks_relations.say_bye scheduled__2023-08-27T00:00:00+00:00 [queued]>
[2023-09-12T17:37:49.021+0000] {taskinstance.py:1361} INFO - Starting attempt 1 of 1
[2023-09-12T17:37:49.132+0000] {taskinstance.py:1382} INFO - Executing <Task(_PythonDecoratedOperator): say_bye> on 2023-08-27 00:00:00+00:00
[2023-09-12T17:37:49.139+0000] {standard_task_runner.py:57} INFO - Started process 3554 to run task
[2023-09-12T17:37:49.203+0000] {standard_task_runner.py:84} INFO - Running: ['***', 'tasks', 'run', 'tasks_relations', 'say_bye', 'scheduled__2023-08-27T00:00:00+00:00', '--job-id', '1691', '--raw', '--subdir', 'DAGS_FOLDER/2_tasks_relations.py', '--cfg-path', '/tmp/tmp78jc2aj4']
[2023-09-12T17:37:49.215+0000] {standard_task_runner.py:85} INFO - Job 1691: Subtask say_bye
[2023-09-12T17:37:49.438+0000] {task_command.py:415} INFO - Running <TaskInstance: tasks_relations.say_bye scheduled__2023-08-27T00:00:00+00:00 [running]> on host 0ab7970e0956
[2023-09-12T17:37:49.805+0000] {taskinstance.py:1660} INFO - Exporting env vars: AIRFLOW_CTX_DAG_OWNER='***' AIRFLOW_CTX_DAG_ID='tasks_relations' AIRFLOW_CTX_TASK_ID='say_bye' AIRFLOW_CTX_EXECUTION_DATE='2023-08-27T00:00:00+00:00' AIRFLOW_CTX_TRY_NUMBER='1' AIRFLOW_CTX_DAG_RUN_ID='scheduled__2023-08-27T00:00:00+00:00'
[2023-09-12T17:37:49.812+0000] {logging_mixin.py:151} INFO - goodbye world
[2023-09-12T17:37:49.812+0000] {python.py:194} INFO - Done. Returned value was: None
[2023-09-12T17:37:49.855+0000] {taskinstance.py:1400} INFO - Marking task as SUCCESS. dag_id=tasks_relations, task_id=say_bye, execution_date=20230827T000000, start_date=20230912T173748, end_date=20230912T173749
[2023-09-12T17:37:50.029+0000] {local_task_job_runner.py:228} INFO - Task exited with return code 0
[2023-09-12T17:37:50.119+0000] {taskinstance.py:2784} INFO - 2 downstream tasks scheduled from follow-on schedule check
