[2023-09-05T15:31:20.134+0000] {taskinstance.py:1159} INFO - Dependencies all met for dep_context=non-requeueable deps ti=<TaskInstance: tasks_relations.say_hello scheduled__2023-08-25T00:00:00+00:00 [queued]>
[2023-09-05T15:31:20.181+0000] {taskinstance.py:1159} INFO - Dependencies all met for dep_context=requeueable deps ti=<TaskInstance: tasks_relations.say_hello scheduled__2023-08-25T00:00:00+00:00 [queued]>
[2023-09-05T15:31:20.186+0000] {taskinstance.py:1361} INFO - Starting attempt 1 of 1
[2023-09-05T15:31:20.275+0000] {taskinstance.py:1382} INFO - Executing <Task(_PythonDecoratedOperator): say_hello> on 2023-08-25 00:00:00+00:00
[2023-09-05T15:31:20.313+0000] {standard_task_runner.py:57} INFO - Started process 1957 to run task
[2023-09-05T15:31:20.377+0000] {standard_task_runner.py:84} INFO - Running: ['***', 'tasks', 'run', 'tasks_relations', 'say_hello', 'scheduled__2023-08-25T00:00:00+00:00', '--job-id', '897', '--raw', '--subdir', 'DAGS_FOLDER/tasks_relations.py', '--cfg-path', '/tmp/tmpxa4s4qt9']
[2023-09-05T15:31:20.409+0000] {standard_task_runner.py:85} INFO - Job 897: Subtask say_hello
[2023-09-05T15:31:20.956+0000] {task_command.py:415} INFO - Running <TaskInstance: tasks_relations.say_hello scheduled__2023-08-25T00:00:00+00:00 [running]> on host ca474790e981
[2023-09-05T15:31:21.550+0000] {taskinstance.py:1660} INFO - Exporting env vars: AIRFLOW_CTX_DAG_OWNER='***' AIRFLOW_CTX_DAG_ID='tasks_relations' AIRFLOW_CTX_TASK_ID='say_hello' AIRFLOW_CTX_EXECUTION_DATE='2023-08-25T00:00:00+00:00' AIRFLOW_CTX_TRY_NUMBER='1' AIRFLOW_CTX_DAG_RUN_ID='scheduled__2023-08-25T00:00:00+00:00'
[2023-09-05T15:31:21.564+0000] {logging_mixin.py:151} INFO - hello world
[2023-09-05T15:31:21.572+0000] {python.py:194} INFO - Done. Returned value was: None
[2023-09-05T15:31:21.657+0000] {taskinstance.py:1400} INFO - Marking task as SUCCESS. dag_id=tasks_relations, task_id=say_hello, execution_date=20230825T000000, start_date=20230905T153120, end_date=20230905T153121
[2023-09-05T15:31:21.919+0000] {local_task_job_runner.py:228} INFO - Task exited with return code 0
[2023-09-05T15:31:21.990+0000] {taskinstance.py:2784} INFO - 1 downstream tasks scheduled from follow-on schedule check
[2023-09-12T17:37:46.176+0000] {taskinstance.py:1159} INFO - Dependencies all met for dep_context=non-requeueable deps ti=<TaskInstance: tasks_relations.say_hello scheduled__2023-08-25T00:00:00+00:00 [queued]>
[2023-09-12T17:37:46.201+0000] {taskinstance.py:1159} INFO - Dependencies all met for dep_context=requeueable deps ti=<TaskInstance: tasks_relations.say_hello scheduled__2023-08-25T00:00:00+00:00 [queued]>
[2023-09-12T17:37:46.205+0000] {taskinstance.py:1361} INFO - Starting attempt 1 of 1
[2023-09-12T17:37:46.241+0000] {taskinstance.py:1382} INFO - Executing <Task(_PythonDecoratedOperator): say_hello> on 2023-08-25 00:00:00+00:00
[2023-09-12T17:37:46.249+0000] {standard_task_runner.py:57} INFO - Started process 3508 to run task
[2023-09-12T17:37:46.268+0000] {standard_task_runner.py:84} INFO - Running: ['***', 'tasks', 'run', 'tasks_relations', 'say_hello', 'scheduled__2023-08-25T00:00:00+00:00', '--job-id', '1672', '--raw', '--subdir', 'DAGS_FOLDER/2_tasks_relations.py', '--cfg-path', '/tmp/tmpvk5dmisw']
[2023-09-12T17:37:46.273+0000] {standard_task_runner.py:85} INFO - Job 1672: Subtask say_hello
[2023-09-12T17:37:46.425+0000] {task_command.py:415} INFO - Running <TaskInstance: tasks_relations.say_hello scheduled__2023-08-25T00:00:00+00:00 [running]> on host 0ab7970e0956
[2023-09-12T17:37:46.721+0000] {taskinstance.py:1660} INFO - Exporting env vars: AIRFLOW_CTX_DAG_OWNER='***' AIRFLOW_CTX_DAG_ID='tasks_relations' AIRFLOW_CTX_TASK_ID='say_hello' AIRFLOW_CTX_EXECUTION_DATE='2023-08-25T00:00:00+00:00' AIRFLOW_CTX_TRY_NUMBER='1' AIRFLOW_CTX_DAG_RUN_ID='scheduled__2023-08-25T00:00:00+00:00'
[2023-09-12T17:37:46.722+0000] {logging_mixin.py:151} INFO - hello world
[2023-09-12T17:37:46.722+0000] {python.py:194} INFO - Done. Returned value was: None
[2023-09-12T17:37:46.738+0000] {taskinstance.py:1400} INFO - Marking task as SUCCESS. dag_id=tasks_relations, task_id=say_hello, execution_date=20230825T000000, start_date=20230912T173746, end_date=20230912T173746
[2023-09-12T17:37:46.785+0000] {local_task_job_runner.py:228} INFO - Task exited with return code 0
[2023-09-12T17:37:46.836+0000] {taskinstance.py:2784} INFO - 1 downstream tasks scheduled from follow-on schedule check
