[2023-09-05T15:25:52.419+0000] {taskinstance.py:1159} INFO - Dependencies all met for dep_context=non-requeueable deps ti=<TaskInstance: tasks_relations.say_bye scheduled__2023-03-26T00:00:00+00:00 [queued]>
[2023-09-05T15:25:52.475+0000] {taskinstance.py:1159} INFO - Dependencies all met for dep_context=requeueable deps ti=<TaskInstance: tasks_relations.say_bye scheduled__2023-03-26T00:00:00+00:00 [queued]>
[2023-09-05T15:25:52.479+0000] {taskinstance.py:1361} INFO - Starting attempt 1 of 1
[2023-09-05T15:25:52.529+0000] {taskinstance.py:1382} INFO - Executing <Task(_PythonDecoratedOperator): say_bye> on 2023-03-26 00:00:00+00:00
[2023-09-05T15:25:52.548+0000] {standard_task_runner.py:57} INFO - Started process 640 to run task
[2023-09-05T15:25:52.571+0000] {standard_task_runner.py:84} INFO - Running: ['***', 'tasks', 'run', 'tasks_relations', 'say_bye', 'scheduled__2023-03-26T00:00:00+00:00', '--job-id', '277', '--raw', '--subdir', 'DAGS_FOLDER/tasks_relations.py', '--cfg-path', '/tmp/tmpu4_iq4l6']
[2023-09-05T15:25:52.576+0000] {standard_task_runner.py:85} INFO - Job 277: Subtask say_bye
[2023-09-05T15:25:52.998+0000] {task_command.py:415} INFO - Running <TaskInstance: tasks_relations.say_bye scheduled__2023-03-26T00:00:00+00:00 [running]> on host ca474790e981
[2023-09-05T15:25:53.216+0000] {taskinstance.py:1660} INFO - Exporting env vars: AIRFLOW_CTX_DAG_OWNER='***' AIRFLOW_CTX_DAG_ID='tasks_relations' AIRFLOW_CTX_TASK_ID='say_bye' AIRFLOW_CTX_EXECUTION_DATE='2023-03-26T00:00:00+00:00' AIRFLOW_CTX_TRY_NUMBER='1' AIRFLOW_CTX_DAG_RUN_ID='scheduled__2023-03-26T00:00:00+00:00'
[2023-09-05T15:25:53.224+0000] {logging_mixin.py:151} INFO - goodbye ***
[2023-09-05T15:25:53.228+0000] {python.py:194} INFO - Done. Returned value was: None
[2023-09-05T15:25:53.261+0000] {taskinstance.py:1400} INFO - Marking task as SUCCESS. dag_id=tasks_relations, task_id=say_bye, execution_date=20230326T000000, start_date=20230905T152552, end_date=20230905T152553
[2023-09-05T15:25:53.369+0000] {local_task_job_runner.py:228} INFO - Task exited with return code 0
[2023-09-05T15:25:53.410+0000] {taskinstance.py:2784} INFO - 0 downstream tasks scheduled from follow-on schedule check
[2023-09-12T17:35:02.275+0000] {taskinstance.py:1159} INFO - Dependencies all met for dep_context=non-requeueable deps ti=<TaskInstance: tasks_relations.say_bye scheduled__2023-03-26T00:00:00+00:00 [queued]>
[2023-09-12T17:35:02.307+0000] {taskinstance.py:1159} INFO - Dependencies all met for dep_context=requeueable deps ti=<TaskInstance: tasks_relations.say_bye scheduled__2023-03-26T00:00:00+00:00 [queued]>
[2023-09-12T17:35:02.311+0000] {taskinstance.py:1361} INFO - Starting attempt 1 of 1
[2023-09-12T17:35:02.441+0000] {taskinstance.py:1382} INFO - Executing <Task(_PythonDecoratedOperator): say_bye> on 2023-03-26 00:00:00+00:00
[2023-09-12T17:35:02.452+0000] {standard_task_runner.py:57} INFO - Started process 1545 to run task
[2023-09-12T17:35:02.517+0000] {standard_task_runner.py:84} INFO - Running: ['***', 'tasks', 'run', 'tasks_relations', 'say_bye', 'scheduled__2023-03-26T00:00:00+00:00', '--job-id', '708', '--raw', '--subdir', 'DAGS_FOLDER/2_tasks_relations.py', '--cfg-path', '/tmp/tmpmxkicdhj']
[2023-09-12T17:35:02.548+0000] {standard_task_runner.py:85} INFO - Job 708: Subtask say_bye
[2023-09-12T17:35:02.728+0000] {task_command.py:415} INFO - Running <TaskInstance: tasks_relations.say_bye scheduled__2023-03-26T00:00:00+00:00 [running]> on host 0ab7970e0956
[2023-09-12T17:35:02.919+0000] {taskinstance.py:1660} INFO - Exporting env vars: AIRFLOW_CTX_DAG_OWNER='***' AIRFLOW_CTX_DAG_ID='tasks_relations' AIRFLOW_CTX_TASK_ID='say_bye' AIRFLOW_CTX_EXECUTION_DATE='2023-03-26T00:00:00+00:00' AIRFLOW_CTX_TRY_NUMBER='1' AIRFLOW_CTX_DAG_RUN_ID='scheduled__2023-03-26T00:00:00+00:00'
[2023-09-12T17:35:02.920+0000] {logging_mixin.py:151} INFO - goodbye world
[2023-09-12T17:35:02.920+0000] {python.py:194} INFO - Done. Returned value was: None
[2023-09-12T17:35:02.937+0000] {taskinstance.py:1400} INFO - Marking task as SUCCESS. dag_id=tasks_relations, task_id=say_bye, execution_date=20230326T000000, start_date=20230912T173502, end_date=20230912T173502
[2023-09-12T17:35:03.021+0000] {local_task_job_runner.py:228} INFO - Task exited with return code 0
[2023-09-12T17:35:03.046+0000] {taskinstance.py:2784} INFO - 2 downstream tasks scheduled from follow-on schedule check
