[2023-09-05T15:31:27.254+0000] {taskinstance.py:1159} INFO - Dependencies all met for dep_context=non-requeueable deps ti=<TaskInstance: tasks_relations.say_bye scheduled__2023-08-26T00:00:00+00:00 [queued]>
[2023-09-05T15:31:27.313+0000] {taskinstance.py:1159} INFO - Dependencies all met for dep_context=requeueable deps ti=<TaskInstance: tasks_relations.say_bye scheduled__2023-08-26T00:00:00+00:00 [queued]>
[2023-09-05T15:31:27.316+0000] {taskinstance.py:1361} INFO - Starting attempt 1 of 1
[2023-09-05T15:31:27.445+0000] {taskinstance.py:1382} INFO - Executing <Task(_PythonDecoratedOperator): say_bye> on 2023-08-26 00:00:00+00:00
[2023-09-05T15:31:27.574+0000] {standard_task_runner.py:57} INFO - Started process 2011 to run task
[2023-09-05T15:31:27.660+0000] {standard_task_runner.py:84} INFO - Running: ['***', 'tasks', 'run', 'tasks_relations', 'say_bye', 'scheduled__2023-08-26T00:00:00+00:00', '--job-id', '921', '--raw', '--subdir', 'DAGS_FOLDER/tasks_relations.py', '--cfg-path', '/tmp/tmp95al3zx3']
[2023-09-05T15:31:27.787+0000] {standard_task_runner.py:85} INFO - Job 921: Subtask say_bye
[2023-09-05T15:31:28.942+0000] {task_command.py:415} INFO - Running <TaskInstance: tasks_relations.say_bye scheduled__2023-08-26T00:00:00+00:00 [running]> on host ca474790e981
[2023-09-05T15:31:30.033+0000] {taskinstance.py:1660} INFO - Exporting env vars: AIRFLOW_CTX_DAG_OWNER='***' AIRFLOW_CTX_DAG_ID='tasks_relations' AIRFLOW_CTX_TASK_ID='say_bye' AIRFLOW_CTX_EXECUTION_DATE='2023-08-26T00:00:00+00:00' AIRFLOW_CTX_TRY_NUMBER='1' AIRFLOW_CTX_DAG_RUN_ID='scheduled__2023-08-26T00:00:00+00:00'
[2023-09-05T15:31:30.038+0000] {logging_mixin.py:151} INFO - goodbye world
[2023-09-05T15:31:30.064+0000] {python.py:194} INFO - Done. Returned value was: None
[2023-09-05T15:31:30.264+0000] {taskinstance.py:1400} INFO - Marking task as SUCCESS. dag_id=tasks_relations, task_id=say_bye, execution_date=20230826T000000, start_date=20230905T153127, end_date=20230905T153130
[2023-09-05T15:31:30.550+0000] {local_task_job_runner.py:228} INFO - Task exited with return code 0
[2023-09-05T15:31:30.900+0000] {taskinstance.py:2784} INFO - 0 downstream tasks scheduled from follow-on schedule check
[2023-09-12T17:37:49.080+0000] {taskinstance.py:1159} INFO - Dependencies all met for dep_context=non-requeueable deps ti=<TaskInstance: tasks_relations.say_bye scheduled__2023-08-26T00:00:00+00:00 [queued]>
[2023-09-12T17:37:49.121+0000] {taskinstance.py:1159} INFO - Dependencies all met for dep_context=requeueable deps ti=<TaskInstance: tasks_relations.say_bye scheduled__2023-08-26T00:00:00+00:00 [queued]>
[2023-09-12T17:37:49.121+0000] {taskinstance.py:1361} INFO - Starting attempt 1 of 1
[2023-09-12T17:37:49.185+0000] {taskinstance.py:1382} INFO - Executing <Task(_PythonDecoratedOperator): say_bye> on 2023-08-26 00:00:00+00:00
[2023-09-12T17:37:49.190+0000] {standard_task_runner.py:57} INFO - Started process 3556 to run task
[2023-09-12T17:37:49.212+0000] {standard_task_runner.py:84} INFO - Running: ['***', 'tasks', 'run', 'tasks_relations', 'say_bye', 'scheduled__2023-08-26T00:00:00+00:00', '--job-id', '1692', '--raw', '--subdir', 'DAGS_FOLDER/2_tasks_relations.py', '--cfg-path', '/tmp/tmpre9r25vo']
[2023-09-12T17:37:49.226+0000] {standard_task_runner.py:85} INFO - Job 1692: Subtask say_bye
[2023-09-12T17:37:49.451+0000] {task_command.py:415} INFO - Running <TaskInstance: tasks_relations.say_bye scheduled__2023-08-26T00:00:00+00:00 [running]> on host 0ab7970e0956
[2023-09-12T17:37:49.718+0000] {taskinstance.py:1660} INFO - Exporting env vars: AIRFLOW_CTX_DAG_OWNER='***' AIRFLOW_CTX_DAG_ID='tasks_relations' AIRFLOW_CTX_TASK_ID='say_bye' AIRFLOW_CTX_EXECUTION_DATE='2023-08-26T00:00:00+00:00' AIRFLOW_CTX_TRY_NUMBER='1' AIRFLOW_CTX_DAG_RUN_ID='scheduled__2023-08-26T00:00:00+00:00'
[2023-09-12T17:37:49.719+0000] {logging_mixin.py:151} INFO - goodbye world
[2023-09-12T17:37:49.719+0000] {python.py:194} INFO - Done. Returned value was: None
[2023-09-12T17:37:49.768+0000] {taskinstance.py:1400} INFO - Marking task as SUCCESS. dag_id=tasks_relations, task_id=say_bye, execution_date=20230826T000000, start_date=20230912T173749, end_date=20230912T173749
[2023-09-12T17:37:49.883+0000] {local_task_job_runner.py:228} INFO - Task exited with return code 0
[2023-09-12T17:37:50.022+0000] {taskinstance.py:2784} INFO - 0 downstream tasks scheduled from follow-on schedule check
