[2023-09-05T15:31:20.977+0000] {taskinstance.py:1159} INFO - Dependencies all met for dep_context=non-requeueable deps ti=<TaskInstance: tasks_relations.say_hello scheduled__2023-08-27T00:00:00+00:00 [queued]>
[2023-09-05T15:31:21.020+0000] {taskinstance.py:1159} INFO - Dependencies all met for dep_context=requeueable deps ti=<TaskInstance: tasks_relations.say_hello scheduled__2023-08-27T00:00:00+00:00 [queued]>
[2023-09-05T15:31:21.023+0000] {taskinstance.py:1361} INFO - Starting attempt 1 of 1
[2023-09-05T15:31:21.193+0000] {taskinstance.py:1382} INFO - Executing <Task(_PythonDecoratedOperator): say_hello> on 2023-08-27 00:00:00+00:00
[2023-09-05T15:31:21.248+0000] {standard_task_runner.py:57} INFO - Started process 1967 to run task
[2023-09-05T15:31:21.327+0000] {standard_task_runner.py:84} INFO - Running: ['***', 'tasks', 'run', 'tasks_relations', 'say_hello', 'scheduled__2023-08-27T00:00:00+00:00', '--job-id', '902', '--raw', '--subdir', 'DAGS_FOLDER/tasks_relations.py', '--cfg-path', '/tmp/tmpvjspjyg8']
[2023-09-05T15:31:21.370+0000] {standard_task_runner.py:85} INFO - Job 902: Subtask say_hello
[2023-09-05T15:31:21.867+0000] {task_command.py:415} INFO - Running <TaskInstance: tasks_relations.say_hello scheduled__2023-08-27T00:00:00+00:00 [running]> on host ca474790e981
[2023-09-05T15:31:22.262+0000] {taskinstance.py:1660} INFO - Exporting env vars: AIRFLOW_CTX_DAG_OWNER='***' AIRFLOW_CTX_DAG_ID='tasks_relations' AIRFLOW_CTX_TASK_ID='say_hello' AIRFLOW_CTX_EXECUTION_DATE='2023-08-27T00:00:00+00:00' AIRFLOW_CTX_TRY_NUMBER='1' AIRFLOW_CTX_DAG_RUN_ID='scheduled__2023-08-27T00:00:00+00:00'
[2023-09-05T15:31:22.265+0000] {logging_mixin.py:151} INFO - hello world
[2023-09-05T15:31:22.269+0000] {python.py:194} INFO - Done. Returned value was: None
[2023-09-05T15:31:22.304+0000] {taskinstance.py:1400} INFO - Marking task as SUCCESS. dag_id=tasks_relations, task_id=say_hello, execution_date=20230827T000000, start_date=20230905T153120, end_date=20230905T153122
[2023-09-05T15:31:22.448+0000] {local_task_job_runner.py:228} INFO - Task exited with return code 0
[2023-09-05T15:31:22.552+0000] {taskinstance.py:2784} INFO - 1 downstream tasks scheduled from follow-on schedule check
[2023-09-12T17:37:46.653+0000] {taskinstance.py:1159} INFO - Dependencies all met for dep_context=non-requeueable deps ti=<TaskInstance: tasks_relations.say_hello scheduled__2023-08-27T00:00:00+00:00 [queued]>
[2023-09-12T17:37:46.696+0000] {taskinstance.py:1159} INFO - Dependencies all met for dep_context=requeueable deps ti=<TaskInstance: tasks_relations.say_hello scheduled__2023-08-27T00:00:00+00:00 [queued]>
[2023-09-12T17:37:46.697+0000] {taskinstance.py:1361} INFO - Starting attempt 1 of 1
[2023-09-12T17:37:46.833+0000] {taskinstance.py:1382} INFO - Executing <Task(_PythonDecoratedOperator): say_hello> on 2023-08-27 00:00:00+00:00
[2023-09-12T17:37:46.839+0000] {standard_task_runner.py:57} INFO - Started process 3515 to run task
[2023-09-12T17:37:46.882+0000] {standard_task_runner.py:84} INFO - Running: ['***', 'tasks', 'run', 'tasks_relations', 'say_hello', 'scheduled__2023-08-27T00:00:00+00:00', '--job-id', '1676', '--raw', '--subdir', 'DAGS_FOLDER/2_tasks_relations.py', '--cfg-path', '/tmp/tmpf0eo0p9j']
[2023-09-12T17:37:46.893+0000] {standard_task_runner.py:85} INFO - Job 1676: Subtask say_hello
[2023-09-12T17:37:47.089+0000] {task_command.py:415} INFO - Running <TaskInstance: tasks_relations.say_hello scheduled__2023-08-27T00:00:00+00:00 [running]> on host 0ab7970e0956
[2023-09-12T17:37:47.256+0000] {taskinstance.py:1660} INFO - Exporting env vars: AIRFLOW_CTX_DAG_OWNER='***' AIRFLOW_CTX_DAG_ID='tasks_relations' AIRFLOW_CTX_TASK_ID='say_hello' AIRFLOW_CTX_EXECUTION_DATE='2023-08-27T00:00:00+00:00' AIRFLOW_CTX_TRY_NUMBER='1' AIRFLOW_CTX_DAG_RUN_ID='scheduled__2023-08-27T00:00:00+00:00'
[2023-09-12T17:37:47.289+0000] {logging_mixin.py:151} INFO - hello world
[2023-09-12T17:37:47.291+0000] {python.py:194} INFO - Done. Returned value was: None
[2023-09-12T17:37:47.338+0000] {taskinstance.py:1400} INFO - Marking task as SUCCESS. dag_id=tasks_relations, task_id=say_hello, execution_date=20230827T000000, start_date=20230912T173746, end_date=20230912T173747
[2023-09-12T17:37:47.433+0000] {local_task_job_runner.py:228} INFO - Task exited with return code 0
[2023-09-12T17:37:47.473+0000] {taskinstance.py:2784} INFO - 1 downstream tasks scheduled from follow-on schedule check
