[2023-09-05T15:29:36.122+0000] {taskinstance.py:1159} INFO - Dependencies all met for dep_context=non-requeueable deps ti=<TaskInstance: tasks_relations.say_bye scheduled__2023-06-28T00:00:00+00:00 [queued]>
[2023-09-05T15:29:36.320+0000] {taskinstance.py:1159} INFO - Dependencies all met for dep_context=requeueable deps ti=<TaskInstance: tasks_relations.say_bye scheduled__2023-06-28T00:00:00+00:00 [queued]>
[2023-09-05T15:29:36.338+0000] {taskinstance.py:1361} INFO - Starting attempt 1 of 1
[2023-09-05T15:29:36.498+0000] {taskinstance.py:1382} INFO - Executing <Task(_PythonDecoratedOperator): say_bye> on 2023-06-28 00:00:00+00:00
[2023-09-05T15:29:36.570+0000] {standard_task_runner.py:84} INFO - Running: ['***', 'tasks', 'run', 'tasks_relations', 'say_bye', 'scheduled__2023-06-28T00:00:00+00:00', '--job-id', '610', '--raw', '--subdir', 'DAGS_FOLDER/tasks_relations.py', '--cfg-path', '/tmp/tmpwg1anqwd']
[2023-09-05T15:29:36.591+0000] {standard_task_runner.py:85} INFO - Job 610: Subtask say_bye
[2023-09-05T15:29:36.561+0000] {standard_task_runner.py:57} INFO - Started process 1367 to run task
[2023-09-05T15:29:37.309+0000] {task_command.py:415} INFO - Running <TaskInstance: tasks_relations.say_bye scheduled__2023-06-28T00:00:00+00:00 [running]> on host ca474790e981
[2023-09-05T15:29:37.785+0000] {taskinstance.py:1660} INFO - Exporting env vars: AIRFLOW_CTX_DAG_OWNER='***' AIRFLOW_CTX_DAG_ID='tasks_relations' AIRFLOW_CTX_TASK_ID='say_bye' AIRFLOW_CTX_EXECUTION_DATE='2023-06-28T00:00:00+00:00' AIRFLOW_CTX_TRY_NUMBER='1' AIRFLOW_CTX_DAG_RUN_ID='scheduled__2023-06-28T00:00:00+00:00'
[2023-09-05T15:29:37.791+0000] {logging_mixin.py:151} INFO - goodbye world
[2023-09-05T15:29:37.793+0000] {python.py:194} INFO - Done. Returned value was: None
[2023-09-05T15:29:37.826+0000] {taskinstance.py:1400} INFO - Marking task as SUCCESS. dag_id=tasks_relations, task_id=say_bye, execution_date=20230628T000000, start_date=20230905T152936, end_date=20230905T152937
[2023-09-05T15:29:38.006+0000] {local_task_job_runner.py:228} INFO - Task exited with return code 0
[2023-09-05T15:29:38.455+0000] {taskinstance.py:2784} INFO - 2 downstream tasks scheduled from follow-on schedule check
[2023-09-12T17:36:50.816+0000] {taskinstance.py:1159} INFO - Dependencies all met for dep_context=non-requeueable deps ti=<TaskInstance: tasks_relations.say_bye scheduled__2023-06-28T00:00:00+00:00 [queued]>
[2023-09-12T17:36:50.860+0000] {taskinstance.py:1159} INFO - Dependencies all met for dep_context=requeueable deps ti=<TaskInstance: tasks_relations.say_bye scheduled__2023-06-28T00:00:00+00:00 [queued]>
[2023-09-12T17:36:50.866+0000] {taskinstance.py:1361} INFO - Starting attempt 1 of 1
[2023-09-12T17:36:50.915+0000] {taskinstance.py:1382} INFO - Executing <Task(_PythonDecoratedOperator): say_bye> on 2023-06-28 00:00:00+00:00
[2023-09-12T17:36:50.932+0000] {standard_task_runner.py:57} INFO - Started process 2868 to run task
[2023-09-12T17:36:50.953+0000] {standard_task_runner.py:84} INFO - Running: ['***', 'tasks', 'run', 'tasks_relations', 'say_bye', 'scheduled__2023-06-28T00:00:00+00:00', '--job-id', '1356', '--raw', '--subdir', 'DAGS_FOLDER/2_tasks_relations.py', '--cfg-path', '/tmp/tmpesbift48']
[2023-09-12T17:36:50.965+0000] {standard_task_runner.py:85} INFO - Job 1356: Subtask say_bye
[2023-09-12T17:36:51.173+0000] {task_command.py:415} INFO - Running <TaskInstance: tasks_relations.say_bye scheduled__2023-06-28T00:00:00+00:00 [running]> on host 0ab7970e0956
[2023-09-12T17:36:51.427+0000] {taskinstance.py:1660} INFO - Exporting env vars: AIRFLOW_CTX_DAG_OWNER='***' AIRFLOW_CTX_DAG_ID='tasks_relations' AIRFLOW_CTX_TASK_ID='say_bye' AIRFLOW_CTX_EXECUTION_DATE='2023-06-28T00:00:00+00:00' AIRFLOW_CTX_TRY_NUMBER='1' AIRFLOW_CTX_DAG_RUN_ID='scheduled__2023-06-28T00:00:00+00:00'
[2023-09-12T17:36:51.428+0000] {logging_mixin.py:151} INFO - goodbye world
[2023-09-12T17:36:51.433+0000] {python.py:194} INFO - Done. Returned value was: None
[2023-09-12T17:36:51.474+0000] {taskinstance.py:1400} INFO - Marking task as SUCCESS. dag_id=tasks_relations, task_id=say_bye, execution_date=20230628T000000, start_date=20230912T173650, end_date=20230912T173651
[2023-09-12T17:36:51.578+0000] {local_task_job_runner.py:228} INFO - Task exited with return code 0
[2023-09-12T17:36:51.640+0000] {taskinstance.py:2784} INFO - 2 downstream tasks scheduled from follow-on schedule check
