[2023-09-05T15:25:52.442+0000] {taskinstance.py:1159} INFO - Dependencies all met for dep_context=non-requeueable deps ti=<TaskInstance: tasks_relations.say_bye scheduled__2023-03-27T00:00:00+00:00 [queued]>
[2023-09-05T15:25:52.489+0000] {taskinstance.py:1159} INFO - Dependencies all met for dep_context=requeueable deps ti=<TaskInstance: tasks_relations.say_bye scheduled__2023-03-27T00:00:00+00:00 [queued]>
[2023-09-05T15:25:52.493+0000] {taskinstance.py:1361} INFO - Starting attempt 1 of 1
[2023-09-05T15:25:52.578+0000] {taskinstance.py:1382} INFO - Executing <Task(_PythonDecoratedOperator): say_bye> on 2023-03-27 00:00:00+00:00
[2023-09-05T15:25:52.602+0000] {standard_task_runner.py:57} INFO - Started process 641 to run task
[2023-09-05T15:25:52.638+0000] {standard_task_runner.py:84} INFO - Running: ['***', 'tasks', 'run', 'tasks_relations', 'say_bye', 'scheduled__2023-03-27T00:00:00+00:00', '--job-id', '278', '--raw', '--subdir', 'DAGS_FOLDER/tasks_relations.py', '--cfg-path', '/tmp/tmp616ufjyp']
[2023-09-05T15:25:52.643+0000] {standard_task_runner.py:85} INFO - Job 278: Subtask say_bye
[2023-09-05T15:25:52.952+0000] {task_command.py:415} INFO - Running <TaskInstance: tasks_relations.say_bye scheduled__2023-03-27T00:00:00+00:00 [running]> on host ca474790e981
[2023-09-05T15:25:53.202+0000] {taskinstance.py:1660} INFO - Exporting env vars: AIRFLOW_CTX_DAG_OWNER='***' AIRFLOW_CTX_DAG_ID='tasks_relations' AIRFLOW_CTX_TASK_ID='say_bye' AIRFLOW_CTX_EXECUTION_DATE='2023-03-27T00:00:00+00:00' AIRFLOW_CTX_TRY_NUMBER='1' AIRFLOW_CTX_DAG_RUN_ID='scheduled__2023-03-27T00:00:00+00:00'
[2023-09-05T15:25:53.205+0000] {logging_mixin.py:151} INFO - goodbye ***
[2023-09-05T15:25:53.208+0000] {python.py:194} INFO - Done. Returned value was: None
[2023-09-05T15:25:53.242+0000] {taskinstance.py:1400} INFO - Marking task as SUCCESS. dag_id=tasks_relations, task_id=say_bye, execution_date=20230327T000000, start_date=20230905T152552, end_date=20230905T152553
[2023-09-05T15:25:53.358+0000] {local_task_job_runner.py:228} INFO - Task exited with return code 0
[2023-09-05T15:25:53.400+0000] {taskinstance.py:2784} INFO - 0 downstream tasks scheduled from follow-on schedule check
[2023-09-12T17:35:02.212+0000] {taskinstance.py:1159} INFO - Dependencies all met for dep_context=non-requeueable deps ti=<TaskInstance: tasks_relations.say_bye scheduled__2023-03-27T00:00:00+00:00 [queued]>
[2023-09-12T17:35:02.253+0000] {taskinstance.py:1159} INFO - Dependencies all met for dep_context=requeueable deps ti=<TaskInstance: tasks_relations.say_bye scheduled__2023-03-27T00:00:00+00:00 [queued]>
[2023-09-12T17:35:02.256+0000] {taskinstance.py:1361} INFO - Starting attempt 1 of 1
[2023-09-12T17:35:02.293+0000] {taskinstance.py:1382} INFO - Executing <Task(_PythonDecoratedOperator): say_bye> on 2023-03-27 00:00:00+00:00
[2023-09-12T17:35:02.309+0000] {standard_task_runner.py:57} INFO - Started process 1543 to run task
[2023-09-12T17:35:02.329+0000] {standard_task_runner.py:84} INFO - Running: ['***', 'tasks', 'run', 'tasks_relations', 'say_bye', 'scheduled__2023-03-27T00:00:00+00:00', '--job-id', '706', '--raw', '--subdir', 'DAGS_FOLDER/2_tasks_relations.py', '--cfg-path', '/tmp/tmpflqucob8']
[2023-09-12T17:35:02.332+0000] {standard_task_runner.py:85} INFO - Job 706: Subtask say_bye
[2023-09-12T17:35:02.539+0000] {task_command.py:415} INFO - Running <TaskInstance: tasks_relations.say_bye scheduled__2023-03-27T00:00:00+00:00 [running]> on host 0ab7970e0956
[2023-09-12T17:35:02.746+0000] {taskinstance.py:1660} INFO - Exporting env vars: AIRFLOW_CTX_DAG_OWNER='***' AIRFLOW_CTX_DAG_ID='tasks_relations' AIRFLOW_CTX_TASK_ID='say_bye' AIRFLOW_CTX_EXECUTION_DATE='2023-03-27T00:00:00+00:00' AIRFLOW_CTX_TRY_NUMBER='1' AIRFLOW_CTX_DAG_RUN_ID='scheduled__2023-03-27T00:00:00+00:00'
[2023-09-12T17:35:02.750+0000] {logging_mixin.py:151} INFO - goodbye world
[2023-09-12T17:35:02.752+0000] {python.py:194} INFO - Done. Returned value was: None
[2023-09-12T17:35:02.764+0000] {taskinstance.py:1400} INFO - Marking task as SUCCESS. dag_id=tasks_relations, task_id=say_bye, execution_date=20230327T000000, start_date=20230912T173502, end_date=20230912T173502
[2023-09-12T17:35:02.863+0000] {local_task_job_runner.py:228} INFO - Task exited with return code 0
[2023-09-12T17:35:02.924+0000] {taskinstance.py:2784} INFO - 2 downstream tasks scheduled from follow-on schedule check
