[2023-09-05T15:29:01.310+0000] {taskinstance.py:1159} INFO - Dependencies all met for dep_context=non-requeueable deps ti=<TaskInstance: tasks_relations.or_that_way scheduled__2023-06-05T00:00:00+00:00 [queued]>
[2023-09-05T15:29:01.371+0000] {taskinstance.py:1159} INFO - Dependencies all met for dep_context=requeueable deps ti=<TaskInstance: tasks_relations.or_that_way scheduled__2023-06-05T00:00:00+00:00 [queued]>
[2023-09-05T15:29:01.387+0000] {taskinstance.py:1361} INFO - Starting attempt 1 of 1
[2023-09-05T15:29:01.470+0000] {taskinstance.py:1382} INFO - Executing <Task(_PythonDecoratedOperator): or_that_way> on 2023-06-05 00:00:00+00:00
[2023-09-05T15:29:01.554+0000] {standard_task_runner.py:57} INFO - Started process 1204 to run task
[2023-09-05T15:29:01.595+0000] {standard_task_runner.py:84} INFO - Running: ['***', 'tasks', 'run', 'tasks_relations', 'or_that_way', 'scheduled__2023-06-05T00:00:00+00:00', '--job-id', '534', '--raw', '--subdir', 'DAGS_FOLDER/tasks_relations.py', '--cfg-path', '/tmp/tmpzty9o2s8']
[2023-09-05T15:29:01.632+0000] {standard_task_runner.py:85} INFO - Job 534: Subtask or_that_way
[2023-09-05T15:29:02.236+0000] {task_command.py:415} INFO - Running <TaskInstance: tasks_relations.or_that_way scheduled__2023-06-05T00:00:00+00:00 [running]> on host ca474790e981
[2023-09-05T15:29:03.096+0000] {taskinstance.py:1660} INFO - Exporting env vars: AIRFLOW_CTX_DAG_OWNER='***' AIRFLOW_CTX_DAG_ID='tasks_relations' AIRFLOW_CTX_TASK_ID='or_that_way' AIRFLOW_CTX_EXECUTION_DATE='2023-06-05T00:00:00+00:00' AIRFLOW_CTX_TRY_NUMBER='1' AIRFLOW_CTX_DAG_RUN_ID='scheduled__2023-06-05T00:00:00+00:00'
[2023-09-05T15:29:03.128+0000] {logging_mixin.py:151} INFO - NO NO, THAT WAY WAY!!!
[2023-09-05T15:29:03.186+0000] {python.py:194} INFO - Done. Returned value was: None
[2023-09-05T15:29:03.331+0000] {taskinstance.py:1400} INFO - Marking task as SUCCESS. dag_id=tasks_relations, task_id=or_that_way, execution_date=20230605T000000, start_date=20230905T152901, end_date=20230905T152903
[2023-09-05T15:29:03.574+0000] {local_task_job_runner.py:228} INFO - Task exited with return code 0
[2023-09-05T15:29:03.728+0000] {taskinstance.py:2784} INFO - 0 downstream tasks scheduled from follow-on schedule check
[2023-09-12T17:36:19.796+0000] {taskinstance.py:1159} INFO - Dependencies all met for dep_context=non-requeueable deps ti=<TaskInstance: tasks_relations.or_that_way scheduled__2023-06-05T00:00:00+00:00 [queued]>
[2023-09-12T17:36:19.816+0000] {taskinstance.py:1159} INFO - Dependencies all met for dep_context=requeueable deps ti=<TaskInstance: tasks_relations.or_that_way scheduled__2023-06-05T00:00:00+00:00 [queued]>
[2023-09-12T17:36:19.818+0000] {taskinstance.py:1361} INFO - Starting attempt 1 of 1
[2023-09-12T17:36:19.868+0000] {taskinstance.py:1382} INFO - Executing <Task(_PythonDecoratedOperator): or_that_way> on 2023-06-05 00:00:00+00:00
[2023-09-12T17:36:19.873+0000] {standard_task_runner.py:57} INFO - Started process 2562 to run task
[2023-09-12T17:36:19.883+0000] {standard_task_runner.py:84} INFO - Running: ['***', 'tasks', 'run', 'tasks_relations', 'or_that_way', 'scheduled__2023-06-05T00:00:00+00:00', '--job-id', '1211', '--raw', '--subdir', 'DAGS_FOLDER/2_tasks_relations.py', '--cfg-path', '/tmp/tmp2yimb7p0']
[2023-09-12T17:36:19.885+0000] {standard_task_runner.py:85} INFO - Job 1211: Subtask or_that_way
[2023-09-12T17:36:20.001+0000] {task_command.py:415} INFO - Running <TaskInstance: tasks_relations.or_that_way scheduled__2023-06-05T00:00:00+00:00 [running]> on host 0ab7970e0956
[2023-09-12T17:36:20.083+0000] {taskinstance.py:1660} INFO - Exporting env vars: AIRFLOW_CTX_DAG_OWNER='***' AIRFLOW_CTX_DAG_ID='tasks_relations' AIRFLOW_CTX_TASK_ID='or_that_way' AIRFLOW_CTX_EXECUTION_DATE='2023-06-05T00:00:00+00:00' AIRFLOW_CTX_TRY_NUMBER='1' AIRFLOW_CTX_DAG_RUN_ID='scheduled__2023-06-05T00:00:00+00:00'
[2023-09-12T17:36:20.089+0000] {logging_mixin.py:151} INFO - NO NO, THAT WAY WAY!!!
[2023-09-12T17:36:20.090+0000] {python.py:194} INFO - Done. Returned value was: None
[2023-09-12T17:36:20.100+0000] {taskinstance.py:1400} INFO - Marking task as SUCCESS. dag_id=tasks_relations, task_id=or_that_way, execution_date=20230605T000000, start_date=20230912T173619, end_date=20230912T173620
[2023-09-12T17:36:20.123+0000] {local_task_job_runner.py:228} INFO - Task exited with return code 0
[2023-09-12T17:36:20.139+0000] {taskinstance.py:2784} INFO - 0 downstream tasks scheduled from follow-on schedule check
