[2023-09-05T15:30:05.514+0000] {taskinstance.py:1159} INFO - Dependencies all met for dep_context=non-requeueable deps ti=<TaskInstance: tasks_relations.say_bye scheduled__2023-07-15T00:00:00+00:00 [queued]>
[2023-09-05T15:30:05.588+0000] {taskinstance.py:1159} INFO - Dependencies all met for dep_context=requeueable deps ti=<TaskInstance: tasks_relations.say_bye scheduled__2023-07-15T00:00:00+00:00 [queued]>
[2023-09-05T15:30:05.596+0000] {taskinstance.py:1361} INFO - Starting attempt 1 of 1
[2023-09-05T15:30:05.708+0000] {taskinstance.py:1382} INFO - Executing <Task(_PythonDecoratedOperator): say_bye> on 2023-07-15 00:00:00+00:00
[2023-09-05T15:30:05.750+0000] {standard_task_runner.py:57} INFO - Started process 1531 to run task
[2023-09-05T15:30:05.830+0000] {standard_task_runner.py:84} INFO - Running: ['***', 'tasks', 'run', 'tasks_relations', 'say_bye', 'scheduled__2023-07-15T00:00:00+00:00', '--job-id', '689', '--raw', '--subdir', 'DAGS_FOLDER/tasks_relations.py', '--cfg-path', '/tmp/tmpd9mfb_40']
[2023-09-05T15:30:05.843+0000] {standard_task_runner.py:85} INFO - Job 689: Subtask say_bye
[2023-09-05T15:30:06.250+0000] {task_command.py:415} INFO - Running <TaskInstance: tasks_relations.say_bye scheduled__2023-07-15T00:00:00+00:00 [running]> on host ca474790e981
[2023-09-05T15:30:06.956+0000] {taskinstance.py:1660} INFO - Exporting env vars: AIRFLOW_CTX_DAG_OWNER='***' AIRFLOW_CTX_DAG_ID='tasks_relations' AIRFLOW_CTX_TASK_ID='say_bye' AIRFLOW_CTX_EXECUTION_DATE='2023-07-15T00:00:00+00:00' AIRFLOW_CTX_TRY_NUMBER='1' AIRFLOW_CTX_DAG_RUN_ID='scheduled__2023-07-15T00:00:00+00:00'
[2023-09-05T15:30:06.971+0000] {logging_mixin.py:151} INFO - goodbye world
[2023-09-05T15:30:06.978+0000] {python.py:194} INFO - Done. Returned value was: None
[2023-09-05T15:30:07.061+0000] {taskinstance.py:1400} INFO - Marking task as SUCCESS. dag_id=tasks_relations, task_id=say_bye, execution_date=20230715T000000, start_date=20230905T153005, end_date=20230905T153007
[2023-09-05T15:30:07.288+0000] {local_task_job_runner.py:228} INFO - Task exited with return code 0
[2023-09-05T15:30:07.438+0000] {taskinstance.py:2784} INFO - 0 downstream tasks scheduled from follow-on schedule check
[2023-09-12T17:37:07.563+0000] {taskinstance.py:1159} INFO - Dependencies all met for dep_context=non-requeueable deps ti=<TaskInstance: tasks_relations.say_bye scheduled__2023-07-15T00:00:00+00:00 [queued]>
[2023-09-12T17:37:07.582+0000] {taskinstance.py:1159} INFO - Dependencies all met for dep_context=requeueable deps ti=<TaskInstance: tasks_relations.say_bye scheduled__2023-07-15T00:00:00+00:00 [queued]>
[2023-09-12T17:37:07.585+0000] {taskinstance.py:1361} INFO - Starting attempt 1 of 1
[2023-09-12T17:37:07.608+0000] {taskinstance.py:1382} INFO - Executing <Task(_PythonDecoratedOperator): say_bye> on 2023-07-15 00:00:00+00:00
[2023-09-12T17:37:07.620+0000] {standard_task_runner.py:57} INFO - Started process 3071 to run task
[2023-09-12T17:37:07.627+0000] {standard_task_runner.py:84} INFO - Running: ['***', 'tasks', 'run', 'tasks_relations', 'say_bye', 'scheduled__2023-07-15T00:00:00+00:00', '--job-id', '1461', '--raw', '--subdir', 'DAGS_FOLDER/2_tasks_relations.py', '--cfg-path', '/tmp/tmpm76o3m3e']
[2023-09-12T17:37:07.631+0000] {standard_task_runner.py:85} INFO - Job 1461: Subtask say_bye
[2023-09-12T17:37:07.728+0000] {task_command.py:415} INFO - Running <TaskInstance: tasks_relations.say_bye scheduled__2023-07-15T00:00:00+00:00 [running]> on host 0ab7970e0956
[2023-09-12T17:37:07.801+0000] {taskinstance.py:1660} INFO - Exporting env vars: AIRFLOW_CTX_DAG_OWNER='***' AIRFLOW_CTX_DAG_ID='tasks_relations' AIRFLOW_CTX_TASK_ID='say_bye' AIRFLOW_CTX_EXECUTION_DATE='2023-07-15T00:00:00+00:00' AIRFLOW_CTX_TRY_NUMBER='1' AIRFLOW_CTX_DAG_RUN_ID='scheduled__2023-07-15T00:00:00+00:00'
[2023-09-12T17:37:07.804+0000] {logging_mixin.py:151} INFO - goodbye world
[2023-09-12T17:37:07.806+0000] {python.py:194} INFO - Done. Returned value was: None
[2023-09-12T17:37:07.820+0000] {taskinstance.py:1400} INFO - Marking task as SUCCESS. dag_id=tasks_relations, task_id=say_bye, execution_date=20230715T000000, start_date=20230912T173707, end_date=20230912T173707
[2023-09-12T17:37:07.883+0000] {local_task_job_runner.py:228} INFO - Task exited with return code 0
[2023-09-12T17:37:07.932+0000] {taskinstance.py:2784} INFO - 2 downstream tasks scheduled from follow-on schedule check
