[2023-09-05T15:30:05.798+0000] {taskinstance.py:1159} INFO - Dependencies all met for dep_context=non-requeueable deps ti=<TaskInstance: tasks_relations.say_bye scheduled__2023-07-13T00:00:00+00:00 [queued]>
[2023-09-05T15:30:05.893+0000] {taskinstance.py:1159} INFO - Dependencies all met for dep_context=requeueable deps ti=<TaskInstance: tasks_relations.say_bye scheduled__2023-07-13T00:00:00+00:00 [queued]>
[2023-09-05T15:30:05.903+0000] {taskinstance.py:1361} INFO - Starting attempt 1 of 1
[2023-09-05T15:30:05.952+0000] {taskinstance.py:1382} INFO - Executing <Task(_PythonDecoratedOperator): say_bye> on 2023-07-13 00:00:00+00:00
[2023-09-05T15:30:05.986+0000] {standard_task_runner.py:57} INFO - Started process 1533 to run task
[2023-09-05T15:30:06.044+0000] {standard_task_runner.py:84} INFO - Running: ['***', 'tasks', 'run', 'tasks_relations', 'say_bye', 'scheduled__2023-07-13T00:00:00+00:00', '--job-id', '690', '--raw', '--subdir', 'DAGS_FOLDER/tasks_relations.py', '--cfg-path', '/tmp/tmp_eo30y7_']
[2023-09-05T15:30:06.058+0000] {standard_task_runner.py:85} INFO - Job 690: Subtask say_bye
[2023-09-05T15:30:06.583+0000] {task_command.py:415} INFO - Running <TaskInstance: tasks_relations.say_bye scheduled__2023-07-13T00:00:00+00:00 [running]> on host ca474790e981
[2023-09-05T15:30:07.194+0000] {taskinstance.py:1660} INFO - Exporting env vars: AIRFLOW_CTX_DAG_OWNER='***' AIRFLOW_CTX_DAG_ID='tasks_relations' AIRFLOW_CTX_TASK_ID='say_bye' AIRFLOW_CTX_EXECUTION_DATE='2023-07-13T00:00:00+00:00' AIRFLOW_CTX_TRY_NUMBER='1' AIRFLOW_CTX_DAG_RUN_ID='scheduled__2023-07-13T00:00:00+00:00'
[2023-09-05T15:30:07.198+0000] {logging_mixin.py:151} INFO - goodbye world
[2023-09-05T15:30:07.200+0000] {python.py:194} INFO - Done. Returned value was: None
[2023-09-05T15:30:07.276+0000] {taskinstance.py:1400} INFO - Marking task as SUCCESS. dag_id=tasks_relations, task_id=say_bye, execution_date=20230713T000000, start_date=20230905T153005, end_date=20230905T153007
[2023-09-05T15:30:07.637+0000] {local_task_job_runner.py:228} INFO - Task exited with return code 0
[2023-09-05T15:30:07.773+0000] {taskinstance.py:2784} INFO - 2 downstream tasks scheduled from follow-on schedule check
[2023-09-12T17:36:58.314+0000] {taskinstance.py:1159} INFO - Dependencies all met for dep_context=non-requeueable deps ti=<TaskInstance: tasks_relations.say_bye scheduled__2023-07-13T00:00:00+00:00 [queued]>
[2023-09-12T17:36:58.350+0000] {taskinstance.py:1159} INFO - Dependencies all met for dep_context=requeueable deps ti=<TaskInstance: tasks_relations.say_bye scheduled__2023-07-13T00:00:00+00:00 [queued]>
[2023-09-12T17:36:58.355+0000] {taskinstance.py:1361} INFO - Starting attempt 1 of 1
[2023-09-12T17:36:58.375+0000] {taskinstance.py:1382} INFO - Executing <Task(_PythonDecoratedOperator): say_bye> on 2023-07-13 00:00:00+00:00
[2023-09-12T17:36:58.394+0000] {standard_task_runner.py:57} INFO - Started process 2974 to run task
[2023-09-12T17:36:58.410+0000] {standard_task_runner.py:84} INFO - Running: ['***', 'tasks', 'run', 'tasks_relations', 'say_bye', 'scheduled__2023-07-13T00:00:00+00:00', '--job-id', '1410', '--raw', '--subdir', 'DAGS_FOLDER/2_tasks_relations.py', '--cfg-path', '/tmp/tmpzwazi4hk']
[2023-09-12T17:36:58.425+0000] {standard_task_runner.py:85} INFO - Job 1410: Subtask say_bye
[2023-09-12T17:36:58.642+0000] {task_command.py:415} INFO - Running <TaskInstance: tasks_relations.say_bye scheduled__2023-07-13T00:00:00+00:00 [running]> on host 0ab7970e0956
[2023-09-12T17:36:58.909+0000] {taskinstance.py:1660} INFO - Exporting env vars: AIRFLOW_CTX_DAG_OWNER='***' AIRFLOW_CTX_DAG_ID='tasks_relations' AIRFLOW_CTX_TASK_ID='say_bye' AIRFLOW_CTX_EXECUTION_DATE='2023-07-13T00:00:00+00:00' AIRFLOW_CTX_TRY_NUMBER='1' AIRFLOW_CTX_DAG_RUN_ID='scheduled__2023-07-13T00:00:00+00:00'
[2023-09-12T17:36:58.912+0000] {logging_mixin.py:151} INFO - goodbye world
[2023-09-12T17:36:58.915+0000] {python.py:194} INFO - Done. Returned value was: None
[2023-09-12T17:36:58.935+0000] {taskinstance.py:1400} INFO - Marking task as SUCCESS. dag_id=tasks_relations, task_id=say_bye, execution_date=20230713T000000, start_date=20230912T173658, end_date=20230912T173658
[2023-09-12T17:36:58.995+0000] {local_task_job_runner.py:228} INFO - Task exited with return code 0
[2023-09-12T17:36:59.129+0000] {taskinstance.py:2784} INFO - 2 downstream tasks scheduled from follow-on schedule check
