[2023-09-05T15:28:50.771+0000] {taskinstance.py:1159} INFO - Dependencies all met for dep_context=non-requeueable deps ti=<TaskInstance: tasks_relations.this_way scheduled__2023-05-31T00:00:00+00:00 [queued]>
[2023-09-05T15:28:50.808+0000] {taskinstance.py:1159} INFO - Dependencies all met for dep_context=requeueable deps ti=<TaskInstance: tasks_relations.this_way scheduled__2023-05-31T00:00:00+00:00 [queued]>
[2023-09-05T15:28:50.818+0000] {taskinstance.py:1361} INFO - Starting attempt 1 of 1
[2023-09-05T15:28:51.013+0000] {taskinstance.py:1382} INFO - Executing <Task(_PythonDecoratedOperator): this_way> on 2023-05-31 00:00:00+00:00
[2023-09-05T15:28:51.023+0000] {standard_task_runner.py:57} INFO - Started process 1165 to run task
[2023-09-05T15:28:51.117+0000] {standard_task_runner.py:84} INFO - Running: ['***', 'tasks', 'run', 'tasks_relations', 'this_way', 'scheduled__2023-05-31T00:00:00+00:00', '--job-id', '512', '--raw', '--subdir', 'DAGS_FOLDER/tasks_relations.py', '--cfg-path', '/tmp/tmpj1jeui96']
[2023-09-05T15:28:51.149+0000] {standard_task_runner.py:85} INFO - Job 512: Subtask this_way
[2023-09-05T15:28:52.074+0000] {task_command.py:415} INFO - Running <TaskInstance: tasks_relations.this_way scheduled__2023-05-31T00:00:00+00:00 [running]> on host ca474790e981
[2023-09-05T15:28:53.536+0000] {taskinstance.py:1660} INFO - Exporting env vars: AIRFLOW_CTX_DAG_OWNER='***' AIRFLOW_CTX_DAG_ID='tasks_relations' AIRFLOW_CTX_TASK_ID='this_way' AIRFLOW_CTX_EXECUTION_DATE='2023-05-31T00:00:00+00:00' AIRFLOW_CTX_TRY_NUMBER='1' AIRFLOW_CTX_DAG_RUN_ID='scheduled__2023-05-31T00:00:00+00:00'
[2023-09-05T15:28:53.583+0000] {logging_mixin.py:151} INFO - THIS WAY!!!
[2023-09-05T15:28:53.627+0000] {python.py:194} INFO - Done. Returned value was: None
[2023-09-05T15:28:53.923+0000] {taskinstance.py:1400} INFO - Marking task as SUCCESS. dag_id=tasks_relations, task_id=this_way, execution_date=20230531T000000, start_date=20230905T152850, end_date=20230905T152853
[2023-09-05T15:28:54.449+0000] {local_task_job_runner.py:228} INFO - Task exited with return code 0
[2023-09-05T15:28:54.797+0000] {taskinstance.py:2784} INFO - 0 downstream tasks scheduled from follow-on schedule check
[2023-09-12T17:36:18.909+0000] {taskinstance.py:1159} INFO - Dependencies all met for dep_context=non-requeueable deps ti=<TaskInstance: tasks_relations.this_way scheduled__2023-05-31T00:00:00+00:00 [queued]>
[2023-09-12T17:36:18.931+0000] {taskinstance.py:1159} INFO - Dependencies all met for dep_context=requeueable deps ti=<TaskInstance: tasks_relations.this_way scheduled__2023-05-31T00:00:00+00:00 [queued]>
[2023-09-12T17:36:18.933+0000] {taskinstance.py:1361} INFO - Starting attempt 1 of 1
[2023-09-12T17:36:18.947+0000] {taskinstance.py:1382} INFO - Executing <Task(_PythonDecoratedOperator): this_way> on 2023-05-31 00:00:00+00:00
[2023-09-12T17:36:18.973+0000] {standard_task_runner.py:57} INFO - Started process 2549 to run task
[2023-09-12T17:36:18.988+0000] {standard_task_runner.py:84} INFO - Running: ['***', 'tasks', 'run', 'tasks_relations', 'this_way', 'scheduled__2023-05-31T00:00:00+00:00', '--job-id', '1199', '--raw', '--subdir', 'DAGS_FOLDER/2_tasks_relations.py', '--cfg-path', '/tmp/tmpka82wcrz']
[2023-09-12T17:36:18.991+0000] {standard_task_runner.py:85} INFO - Job 1199: Subtask this_way
[2023-09-12T17:36:19.127+0000] {task_command.py:415} INFO - Running <TaskInstance: tasks_relations.this_way scheduled__2023-05-31T00:00:00+00:00 [running]> on host 0ab7970e0956
[2023-09-12T17:36:19.346+0000] {taskinstance.py:1660} INFO - Exporting env vars: AIRFLOW_CTX_DAG_OWNER='***' AIRFLOW_CTX_DAG_ID='tasks_relations' AIRFLOW_CTX_TASK_ID='this_way' AIRFLOW_CTX_EXECUTION_DATE='2023-05-31T00:00:00+00:00' AIRFLOW_CTX_TRY_NUMBER='1' AIRFLOW_CTX_DAG_RUN_ID='scheduled__2023-05-31T00:00:00+00:00'
[2023-09-12T17:36:19.347+0000] {logging_mixin.py:151} INFO - THIS WAY!!!
[2023-09-12T17:36:19.347+0000] {python.py:194} INFO - Done. Returned value was: None
[2023-09-12T17:36:19.368+0000] {taskinstance.py:1400} INFO - Marking task as SUCCESS. dag_id=tasks_relations, task_id=this_way, execution_date=20230531T000000, start_date=20230912T173618, end_date=20230912T173619
[2023-09-12T17:36:19.453+0000] {local_task_job_runner.py:228} INFO - Task exited with return code 0
[2023-09-12T17:36:19.482+0000] {taskinstance.py:2784} INFO - 1 downstream tasks scheduled from follow-on schedule check
