[2023-09-05T15:29:42.476+0000] {taskinstance.py:1159} INFO - Dependencies all met for dep_context=non-requeueable deps ti=<TaskInstance: tasks_relations.or_that_way scheduled__2023-06-25T00:00:00+00:00 [queued]>
[2023-09-05T15:29:42.505+0000] {taskinstance.py:1159} INFO - Dependencies all met for dep_context=requeueable deps ti=<TaskInstance: tasks_relations.or_that_way scheduled__2023-06-25T00:00:00+00:00 [queued]>
[2023-09-05T15:29:42.514+0000] {taskinstance.py:1361} INFO - Starting attempt 1 of 1
[2023-09-05T15:29:42.585+0000] {taskinstance.py:1382} INFO - Executing <Task(_PythonDecoratedOperator): or_that_way> on 2023-06-25 00:00:00+00:00
[2023-09-05T15:29:42.621+0000] {standard_task_runner.py:57} INFO - Started process 1398 to run task
[2023-09-05T15:29:42.635+0000] {standard_task_runner.py:84} INFO - Running: ['***', 'tasks', 'run', 'tasks_relations', 'or_that_way', 'scheduled__2023-06-25T00:00:00+00:00', '--job-id', '626', '--raw', '--subdir', 'DAGS_FOLDER/tasks_relations.py', '--cfg-path', '/tmp/tmpmkjmz7gt']
[2023-09-05T15:29:42.652+0000] {standard_task_runner.py:85} INFO - Job 626: Subtask or_that_way
[2023-09-05T15:29:42.957+0000] {task_command.py:415} INFO - Running <TaskInstance: tasks_relations.or_that_way scheduled__2023-06-25T00:00:00+00:00 [running]> on host ca474790e981
[2023-09-05T15:29:43.622+0000] {taskinstance.py:1660} INFO - Exporting env vars: AIRFLOW_CTX_DAG_OWNER='***' AIRFLOW_CTX_DAG_ID='tasks_relations' AIRFLOW_CTX_TASK_ID='or_that_way' AIRFLOW_CTX_EXECUTION_DATE='2023-06-25T00:00:00+00:00' AIRFLOW_CTX_TRY_NUMBER='1' AIRFLOW_CTX_DAG_RUN_ID='scheduled__2023-06-25T00:00:00+00:00'
[2023-09-05T15:29:43.629+0000] {logging_mixin.py:151} INFO - NO NO, THAT WAY WAY!!!
[2023-09-05T15:29:43.630+0000] {python.py:194} INFO - Done. Returned value was: None
[2023-09-05T15:29:43.773+0000] {taskinstance.py:1400} INFO - Marking task as SUCCESS. dag_id=tasks_relations, task_id=or_that_way, execution_date=20230625T000000, start_date=20230905T152942, end_date=20230905T152943
[2023-09-05T15:29:44.109+0000] {local_task_job_runner.py:228} INFO - Task exited with return code 0
[2023-09-05T15:29:44.303+0000] {taskinstance.py:2784} INFO - 0 downstream tasks scheduled from follow-on schedule check
[2023-09-12T17:36:42.882+0000] {taskinstance.py:1159} INFO - Dependencies all met for dep_context=non-requeueable deps ti=<TaskInstance: tasks_relations.or_that_way scheduled__2023-06-25T00:00:00+00:00 [queued]>
[2023-09-12T17:36:42.924+0000] {taskinstance.py:1159} INFO - Dependencies all met for dep_context=requeueable deps ti=<TaskInstance: tasks_relations.or_that_way scheduled__2023-06-25T00:00:00+00:00 [queued]>
[2023-09-12T17:36:42.936+0000] {taskinstance.py:1361} INFO - Starting attempt 1 of 1
[2023-09-12T17:36:42.975+0000] {taskinstance.py:1382} INFO - Executing <Task(_PythonDecoratedOperator): or_that_way> on 2023-06-25 00:00:00+00:00
[2023-09-12T17:36:43.009+0000] {standard_task_runner.py:57} INFO - Started process 2781 to run task
[2023-09-12T17:36:43.037+0000] {standard_task_runner.py:84} INFO - Running: ['***', 'tasks', 'run', 'tasks_relations', 'or_that_way', 'scheduled__2023-06-25T00:00:00+00:00', '--job-id', '1311', '--raw', '--subdir', 'DAGS_FOLDER/2_tasks_relations.py', '--cfg-path', '/tmp/tmp7q9cs7sp']
[2023-09-12T17:36:43.056+0000] {standard_task_runner.py:85} INFO - Job 1311: Subtask or_that_way
[2023-09-12T17:36:43.184+0000] {task_command.py:415} INFO - Running <TaskInstance: tasks_relations.or_that_way scheduled__2023-06-25T00:00:00+00:00 [running]> on host 0ab7970e0956
[2023-09-12T17:36:43.453+0000] {taskinstance.py:1660} INFO - Exporting env vars: AIRFLOW_CTX_DAG_OWNER='***' AIRFLOW_CTX_DAG_ID='tasks_relations' AIRFLOW_CTX_TASK_ID='or_that_way' AIRFLOW_CTX_EXECUTION_DATE='2023-06-25T00:00:00+00:00' AIRFLOW_CTX_TRY_NUMBER='1' AIRFLOW_CTX_DAG_RUN_ID='scheduled__2023-06-25T00:00:00+00:00'
[2023-09-12T17:36:43.454+0000] {logging_mixin.py:151} INFO - NO NO, THAT WAY WAY!!!
[2023-09-12T17:36:43.454+0000] {python.py:194} INFO - Done. Returned value was: None
[2023-09-12T17:36:43.481+0000] {taskinstance.py:1400} INFO - Marking task as SUCCESS. dag_id=tasks_relations, task_id=or_that_way, execution_date=20230625T000000, start_date=20230912T173642, end_date=20230912T173643
[2023-09-12T17:36:43.574+0000] {local_task_job_runner.py:228} INFO - Task exited with return code 0
[2023-09-12T17:36:43.690+0000] {taskinstance.py:2784} INFO - 0 downstream tasks scheduled from follow-on schedule check
