[2023-09-05T15:30:58.402+0000] {taskinstance.py:1159} INFO - Dependencies all met for dep_context=non-requeueable deps ti=<TaskInstance: tasks_relations.this_way scheduled__2023-08-03T00:00:00+00:00 [queued]>
[2023-09-05T15:30:58.424+0000] {taskinstance.py:1159} INFO - Dependencies all met for dep_context=requeueable deps ti=<TaskInstance: tasks_relations.this_way scheduled__2023-08-03T00:00:00+00:00 [queued]>
[2023-09-05T15:30:58.425+0000] {taskinstance.py:1361} INFO - Starting attempt 1 of 1
[2023-09-05T15:30:58.544+0000] {taskinstance.py:1382} INFO - Executing <Task(_PythonDecoratedOperator): this_way> on 2023-08-03 00:00:00+00:00
[2023-09-05T15:30:58.556+0000] {standard_task_runner.py:57} INFO - Started process 1836 to run task
[2023-09-05T15:30:58.587+0000] {standard_task_runner.py:84} INFO - Running: ['***', 'tasks', 'run', 'tasks_relations', 'this_way', 'scheduled__2023-08-03T00:00:00+00:00', '--job-id', '838', '--raw', '--subdir', 'DAGS_FOLDER/tasks_relations.py', '--cfg-path', '/tmp/tmp16dh86o3']
[2023-09-05T15:30:58.590+0000] {standard_task_runner.py:85} INFO - Job 838: Subtask this_way
[2023-09-05T15:30:58.923+0000] {task_command.py:415} INFO - Running <TaskInstance: tasks_relations.this_way scheduled__2023-08-03T00:00:00+00:00 [running]> on host ca474790e981
[2023-09-05T15:30:59.445+0000] {taskinstance.py:1660} INFO - Exporting env vars: AIRFLOW_CTX_DAG_OWNER='***' AIRFLOW_CTX_DAG_ID='tasks_relations' AIRFLOW_CTX_TASK_ID='this_way' AIRFLOW_CTX_EXECUTION_DATE='2023-08-03T00:00:00+00:00' AIRFLOW_CTX_TRY_NUMBER='1' AIRFLOW_CTX_DAG_RUN_ID='scheduled__2023-08-03T00:00:00+00:00'
[2023-09-05T15:30:59.450+0000] {logging_mixin.py:151} INFO - THIS WAY!!!
[2023-09-05T15:30:59.452+0000] {python.py:194} INFO - Done. Returned value was: None
[2023-09-05T15:30:59.526+0000] {taskinstance.py:1400} INFO - Marking task as SUCCESS. dag_id=tasks_relations, task_id=this_way, execution_date=20230803T000000, start_date=20230905T153058, end_date=20230905T153059
[2023-09-05T15:30:59.737+0000] {local_task_job_runner.py:228} INFO - Task exited with return code 0
[2023-09-05T15:30:59.918+0000] {taskinstance.py:2784} INFO - 0 downstream tasks scheduled from follow-on schedule check
[2023-09-12T17:37:24.708+0000] {taskinstance.py:1159} INFO - Dependencies all met for dep_context=non-requeueable deps ti=<TaskInstance: tasks_relations.this_way scheduled__2023-08-03T00:00:00+00:00 [queued]>
[2023-09-12T17:37:24.758+0000] {taskinstance.py:1159} INFO - Dependencies all met for dep_context=requeueable deps ti=<TaskInstance: tasks_relations.this_way scheduled__2023-08-03T00:00:00+00:00 [queued]>
[2023-09-12T17:37:24.760+0000] {taskinstance.py:1361} INFO - Starting attempt 1 of 1
[2023-09-12T17:37:24.825+0000] {taskinstance.py:1382} INFO - Executing <Task(_PythonDecoratedOperator): this_way> on 2023-08-03 00:00:00+00:00
[2023-09-12T17:37:24.832+0000] {standard_task_runner.py:57} INFO - Started process 3274 to run task
[2023-09-12T17:37:24.863+0000] {standard_task_runner.py:84} INFO - Running: ['***', 'tasks', 'run', 'tasks_relations', 'this_way', 'scheduled__2023-08-03T00:00:00+00:00', '--job-id', '1556', '--raw', '--subdir', 'DAGS_FOLDER/2_tasks_relations.py', '--cfg-path', '/tmp/tmprpujts9x']
[2023-09-12T17:37:24.870+0000] {standard_task_runner.py:85} INFO - Job 1556: Subtask this_way
[2023-09-12T17:37:25.069+0000] {task_command.py:415} INFO - Running <TaskInstance: tasks_relations.this_way scheduled__2023-08-03T00:00:00+00:00 [running]> on host 0ab7970e0956
[2023-09-12T17:37:25.503+0000] {taskinstance.py:1660} INFO - Exporting env vars: AIRFLOW_CTX_DAG_OWNER='***' AIRFLOW_CTX_DAG_ID='tasks_relations' AIRFLOW_CTX_TASK_ID='this_way' AIRFLOW_CTX_EXECUTION_DATE='2023-08-03T00:00:00+00:00' AIRFLOW_CTX_TRY_NUMBER='1' AIRFLOW_CTX_DAG_RUN_ID='scheduled__2023-08-03T00:00:00+00:00'
[2023-09-12T17:37:25.506+0000] {logging_mixin.py:151} INFO - THIS WAY!!!
[2023-09-12T17:37:25.508+0000] {python.py:194} INFO - Done. Returned value was: None
[2023-09-12T17:37:25.541+0000] {taskinstance.py:1400} INFO - Marking task as SUCCESS. dag_id=tasks_relations, task_id=this_way, execution_date=20230803T000000, start_date=20230912T173724, end_date=20230912T173725
[2023-09-12T17:37:25.633+0000] {local_task_job_runner.py:228} INFO - Task exited with return code 0
[2023-09-12T17:37:25.758+0000] {taskinstance.py:2784} INFO - 1 downstream tasks scheduled from follow-on schedule check
