[2023-09-05T15:30:37.146+0000] {taskinstance.py:1159} INFO - Dependencies all met for dep_context=non-requeueable deps ti=<TaskInstance: tasks_relations.or_that_way scheduled__2023-07-26T00:00:00+00:00 [queued]>
[2023-09-05T15:30:37.199+0000] {taskinstance.py:1159} INFO - Dependencies all met for dep_context=requeueable deps ti=<TaskInstance: tasks_relations.or_that_way scheduled__2023-07-26T00:00:00+00:00 [queued]>
[2023-09-05T15:30:37.215+0000] {taskinstance.py:1361} INFO - Starting attempt 1 of 1
[2023-09-05T15:30:37.285+0000] {taskinstance.py:1382} INFO - Executing <Task(_PythonDecoratedOperator): or_that_way> on 2023-07-26 00:00:00+00:00
[2023-09-05T15:30:37.318+0000] {standard_task_runner.py:57} INFO - Started process 1726 to run task
[2023-09-05T15:30:37.353+0000] {standard_task_runner.py:84} INFO - Running: ['***', 'tasks', 'run', 'tasks_relations', 'or_that_way', 'scheduled__2023-07-26T00:00:00+00:00', '--job-id', '784', '--raw', '--subdir', 'DAGS_FOLDER/tasks_relations.py', '--cfg-path', '/tmp/tmpi5_558nq']
[2023-09-05T15:30:37.356+0000] {standard_task_runner.py:85} INFO - Job 784: Subtask or_that_way
[2023-09-05T15:30:37.629+0000] {task_command.py:415} INFO - Running <TaskInstance: tasks_relations.or_that_way scheduled__2023-07-26T00:00:00+00:00 [running]> on host ca474790e981
[2023-09-05T15:30:38.170+0000] {taskinstance.py:1660} INFO - Exporting env vars: AIRFLOW_CTX_DAG_OWNER='***' AIRFLOW_CTX_DAG_ID='tasks_relations' AIRFLOW_CTX_TASK_ID='or_that_way' AIRFLOW_CTX_EXECUTION_DATE='2023-07-26T00:00:00+00:00' AIRFLOW_CTX_TRY_NUMBER='1' AIRFLOW_CTX_DAG_RUN_ID='scheduled__2023-07-26T00:00:00+00:00'
[2023-09-05T15:30:38.178+0000] {logging_mixin.py:151} INFO - NO NO, THAT WAY WAY!!!
[2023-09-05T15:30:38.276+0000] {python.py:194} INFO - Done. Returned value was: None
[2023-09-05T15:30:38.408+0000] {taskinstance.py:1400} INFO - Marking task as SUCCESS. dag_id=tasks_relations, task_id=or_that_way, execution_date=20230726T000000, start_date=20230905T153037, end_date=20230905T153038
[2023-09-05T15:30:38.562+0000] {local_task_job_runner.py:228} INFO - Task exited with return code 0
[2023-09-05T15:30:38.612+0000] {taskinstance.py:2784} INFO - 0 downstream tasks scheduled from follow-on schedule check
[2023-09-12T17:37:13.090+0000] {taskinstance.py:1159} INFO - Dependencies all met for dep_context=non-requeueable deps ti=<TaskInstance: tasks_relations.or_that_way scheduled__2023-07-26T00:00:00+00:00 [queued]>
[2023-09-12T17:37:13.119+0000] {taskinstance.py:1159} INFO - Dependencies all met for dep_context=requeueable deps ti=<TaskInstance: tasks_relations.or_that_way scheduled__2023-07-26T00:00:00+00:00 [queued]>
[2023-09-12T17:37:13.132+0000] {taskinstance.py:1361} INFO - Starting attempt 1 of 1
[2023-09-12T17:37:13.176+0000] {taskinstance.py:1382} INFO - Executing <Task(_PythonDecoratedOperator): or_that_way> on 2023-07-26 00:00:00+00:00
[2023-09-12T17:37:13.189+0000] {standard_task_runner.py:57} INFO - Started process 3154 to run task
[2023-09-12T17:37:13.203+0000] {standard_task_runner.py:84} INFO - Running: ['***', 'tasks', 'run', 'tasks_relations', 'or_that_way', 'scheduled__2023-07-26T00:00:00+00:00', '--job-id', '1496', '--raw', '--subdir', 'DAGS_FOLDER/2_tasks_relations.py', '--cfg-path', '/tmp/tmpq69t89os']
[2023-09-12T17:37:13.209+0000] {standard_task_runner.py:85} INFO - Job 1496: Subtask or_that_way
[2023-09-12T17:37:13.372+0000] {task_command.py:415} INFO - Running <TaskInstance: tasks_relations.or_that_way scheduled__2023-07-26T00:00:00+00:00 [running]> on host 0ab7970e0956
[2023-09-12T17:37:13.618+0000] {taskinstance.py:1660} INFO - Exporting env vars: AIRFLOW_CTX_DAG_OWNER='***' AIRFLOW_CTX_DAG_ID='tasks_relations' AIRFLOW_CTX_TASK_ID='or_that_way' AIRFLOW_CTX_EXECUTION_DATE='2023-07-26T00:00:00+00:00' AIRFLOW_CTX_TRY_NUMBER='1' AIRFLOW_CTX_DAG_RUN_ID='scheduled__2023-07-26T00:00:00+00:00'
[2023-09-12T17:37:13.619+0000] {logging_mixin.py:151} INFO - NO NO, THAT WAY WAY!!!
[2023-09-12T17:37:13.620+0000] {python.py:194} INFO - Done. Returned value was: None
[2023-09-12T17:37:13.650+0000] {taskinstance.py:1400} INFO - Marking task as SUCCESS. dag_id=tasks_relations, task_id=or_that_way, execution_date=20230726T000000, start_date=20230912T173713, end_date=20230912T173713
[2023-09-12T17:37:13.712+0000] {local_task_job_runner.py:228} INFO - Task exited with return code 0
[2023-09-12T17:37:13.747+0000] {taskinstance.py:2784} INFO - 0 downstream tasks scheduled from follow-on schedule check
