[2023-09-05T15:29:43.538+0000] {taskinstance.py:1159} INFO - Dependencies all met for dep_context=non-requeueable deps ti=<TaskInstance: tasks_relations.this_way scheduled__2023-06-27T00:00:00+00:00 [queued]>
[2023-09-05T15:29:43.618+0000] {taskinstance.py:1159} INFO - Dependencies all met for dep_context=requeueable deps ti=<TaskInstance: tasks_relations.this_way scheduled__2023-06-27T00:00:00+00:00 [queued]>
[2023-09-05T15:29:43.650+0000] {taskinstance.py:1361} INFO - Starting attempt 1 of 1
[2023-09-05T15:29:43.896+0000] {taskinstance.py:1382} INFO - Executing <Task(_PythonDecoratedOperator): this_way> on 2023-06-27 00:00:00+00:00
[2023-09-05T15:29:43.931+0000] {standard_task_runner.py:57} INFO - Started process 1401 to run task
[2023-09-05T15:29:43.972+0000] {standard_task_runner.py:84} INFO - Running: ['***', 'tasks', 'run', 'tasks_relations', 'this_way', 'scheduled__2023-06-27T00:00:00+00:00', '--job-id', '628', '--raw', '--subdir', 'DAGS_FOLDER/tasks_relations.py', '--cfg-path', '/tmp/tmps3_fjs9f']
[2023-09-05T15:29:44.002+0000] {standard_task_runner.py:85} INFO - Job 628: Subtask this_way
[2023-09-05T15:29:44.584+0000] {task_command.py:415} INFO - Running <TaskInstance: tasks_relations.this_way scheduled__2023-06-27T00:00:00+00:00 [running]> on host ca474790e981
[2023-09-05T15:29:45.083+0000] {taskinstance.py:1660} INFO - Exporting env vars: AIRFLOW_CTX_DAG_OWNER='***' AIRFLOW_CTX_DAG_ID='tasks_relations' AIRFLOW_CTX_TASK_ID='this_way' AIRFLOW_CTX_EXECUTION_DATE='2023-06-27T00:00:00+00:00' AIRFLOW_CTX_TRY_NUMBER='1' AIRFLOW_CTX_DAG_RUN_ID='scheduled__2023-06-27T00:00:00+00:00'
[2023-09-05T15:29:45.087+0000] {logging_mixin.py:151} INFO - THIS WAY!!!
[2023-09-05T15:29:45.088+0000] {python.py:194} INFO - Done. Returned value was: None
[2023-09-05T15:29:45.163+0000] {taskinstance.py:1400} INFO - Marking task as SUCCESS. dag_id=tasks_relations, task_id=this_way, execution_date=20230627T000000, start_date=20230905T152943, end_date=20230905T152945
[2023-09-05T15:29:45.263+0000] {local_task_job_runner.py:228} INFO - Task exited with return code 0
[2023-09-05T15:29:45.403+0000] {taskinstance.py:2784} INFO - 0 downstream tasks scheduled from follow-on schedule check
[2023-09-12T17:36:45.429+0000] {taskinstance.py:1159} INFO - Dependencies all met for dep_context=non-requeueable deps ti=<TaskInstance: tasks_relations.this_way scheduled__2023-06-27T00:00:00+00:00 [queued]>
[2023-09-12T17:36:45.450+0000] {taskinstance.py:1159} INFO - Dependencies all met for dep_context=requeueable deps ti=<TaskInstance: tasks_relations.this_way scheduled__2023-06-27T00:00:00+00:00 [queued]>
[2023-09-12T17:36:45.455+0000] {taskinstance.py:1361} INFO - Starting attempt 1 of 1
[2023-09-12T17:36:45.490+0000] {taskinstance.py:1382} INFO - Executing <Task(_PythonDecoratedOperator): this_way> on 2023-06-27 00:00:00+00:00
[2023-09-12T17:36:45.500+0000] {standard_task_runner.py:57} INFO - Started process 2818 to run task
[2023-09-12T17:36:45.513+0000] {standard_task_runner.py:84} INFO - Running: ['***', 'tasks', 'run', 'tasks_relations', 'this_way', 'scheduled__2023-06-27T00:00:00+00:00', '--job-id', '1333', '--raw', '--subdir', 'DAGS_FOLDER/2_tasks_relations.py', '--cfg-path', '/tmp/tmpckzeg3ch']
[2023-09-12T17:36:45.515+0000] {standard_task_runner.py:85} INFO - Job 1333: Subtask this_way
[2023-09-12T17:36:45.594+0000] {task_command.py:415} INFO - Running <TaskInstance: tasks_relations.this_way scheduled__2023-06-27T00:00:00+00:00 [running]> on host 0ab7970e0956
[2023-09-12T17:36:45.742+0000] {taskinstance.py:1660} INFO - Exporting env vars: AIRFLOW_CTX_DAG_OWNER='***' AIRFLOW_CTX_DAG_ID='tasks_relations' AIRFLOW_CTX_TASK_ID='this_way' AIRFLOW_CTX_EXECUTION_DATE='2023-06-27T00:00:00+00:00' AIRFLOW_CTX_TRY_NUMBER='1' AIRFLOW_CTX_DAG_RUN_ID='scheduled__2023-06-27T00:00:00+00:00'
[2023-09-12T17:36:45.744+0000] {logging_mixin.py:151} INFO - THIS WAY!!!
[2023-09-12T17:36:45.746+0000] {python.py:194} INFO - Done. Returned value was: None
[2023-09-12T17:36:45.766+0000] {taskinstance.py:1400} INFO - Marking task as SUCCESS. dag_id=tasks_relations, task_id=this_way, execution_date=20230627T000000, start_date=20230912T173645, end_date=20230912T173645
[2023-09-12T17:36:45.808+0000] {local_task_job_runner.py:228} INFO - Task exited with return code 0
[2023-09-12T17:36:45.856+0000] {taskinstance.py:2784} INFO - 0 downstream tasks scheduled from follow-on schedule check
