[2023-09-05T15:30:17.659+0000] {taskinstance.py:1159} INFO - Dependencies all met for dep_context=non-requeueable deps ti=<TaskInstance: tasks_relations.say_hello scheduled__2023-07-18T00:00:00+00:00 [queued]>
[2023-09-05T15:30:17.681+0000] {taskinstance.py:1159} INFO - Dependencies all met for dep_context=requeueable deps ti=<TaskInstance: tasks_relations.say_hello scheduled__2023-07-18T00:00:00+00:00 [queued]>
[2023-09-05T15:30:17.685+0000] {taskinstance.py:1361} INFO - Starting attempt 1 of 1
[2023-09-05T15:30:17.722+0000] {taskinstance.py:1382} INFO - Executing <Task(_PythonDecoratedOperator): say_hello> on 2023-07-18 00:00:00+00:00
[2023-09-05T15:30:17.745+0000] {standard_task_runner.py:57} INFO - Started process 1606 to run task
[2023-09-05T15:30:17.783+0000] {standard_task_runner.py:84} INFO - Running: ['***', 'tasks', 'run', 'tasks_relations', 'say_hello', 'scheduled__2023-07-18T00:00:00+00:00', '--job-id', '726', '--raw', '--subdir', 'DAGS_FOLDER/tasks_relations.py', '--cfg-path', '/tmp/tmpps0gv357']
[2023-09-05T15:30:17.799+0000] {standard_task_runner.py:85} INFO - Job 726: Subtask say_hello
[2023-09-05T15:30:18.229+0000] {task_command.py:415} INFO - Running <TaskInstance: tasks_relations.say_hello scheduled__2023-07-18T00:00:00+00:00 [running]> on host ca474790e981
[2023-09-05T15:30:18.718+0000] {taskinstance.py:1660} INFO - Exporting env vars: AIRFLOW_CTX_DAG_OWNER='***' AIRFLOW_CTX_DAG_ID='tasks_relations' AIRFLOW_CTX_TASK_ID='say_hello' AIRFLOW_CTX_EXECUTION_DATE='2023-07-18T00:00:00+00:00' AIRFLOW_CTX_TRY_NUMBER='1' AIRFLOW_CTX_DAG_RUN_ID='scheduled__2023-07-18T00:00:00+00:00'
[2023-09-05T15:30:18.727+0000] {logging_mixin.py:151} INFO - hello world
[2023-09-05T15:30:18.728+0000] {python.py:194} INFO - Done. Returned value was: None
[2023-09-05T15:30:18.817+0000] {taskinstance.py:1400} INFO - Marking task as SUCCESS. dag_id=tasks_relations, task_id=say_hello, execution_date=20230718T000000, start_date=20230905T153017, end_date=20230905T153018
[2023-09-05T15:30:18.972+0000] {local_task_job_runner.py:228} INFO - Task exited with return code 0
[2023-09-05T15:30:19.182+0000] {taskinstance.py:2784} INFO - 1 downstream tasks scheduled from follow-on schedule check
[2023-09-12T17:37:06.551+0000] {taskinstance.py:1159} INFO - Dependencies all met for dep_context=non-requeueable deps ti=<TaskInstance: tasks_relations.say_hello scheduled__2023-07-18T00:00:00+00:00 [queued]>
[2023-09-12T17:37:06.602+0000] {taskinstance.py:1159} INFO - Dependencies all met for dep_context=requeueable deps ti=<TaskInstance: tasks_relations.say_hello scheduled__2023-07-18T00:00:00+00:00 [queued]>
[2023-09-12T17:37:06.603+0000] {taskinstance.py:1361} INFO - Starting attempt 1 of 1
[2023-09-12T17:37:06.662+0000] {taskinstance.py:1382} INFO - Executing <Task(_PythonDecoratedOperator): say_hello> on 2023-07-18 00:00:00+00:00
[2023-09-12T17:37:06.680+0000] {standard_task_runner.py:57} INFO - Started process 3060 to run task
[2023-09-12T17:37:06.719+0000] {standard_task_runner.py:84} INFO - Running: ['***', 'tasks', 'run', 'tasks_relations', 'say_hello', 'scheduled__2023-07-18T00:00:00+00:00', '--job-id', '1451', '--raw', '--subdir', 'DAGS_FOLDER/2_tasks_relations.py', '--cfg-path', '/tmp/tmpjz3rirqn']
[2023-09-12T17:37:06.734+0000] {standard_task_runner.py:85} INFO - Job 1451: Subtask say_hello
[2023-09-12T17:37:06.956+0000] {task_command.py:415} INFO - Running <TaskInstance: tasks_relations.say_hello scheduled__2023-07-18T00:00:00+00:00 [running]> on host 0ab7970e0956
[2023-09-12T17:37:07.233+0000] {taskinstance.py:1660} INFO - Exporting env vars: AIRFLOW_CTX_DAG_OWNER='***' AIRFLOW_CTX_DAG_ID='tasks_relations' AIRFLOW_CTX_TASK_ID='say_hello' AIRFLOW_CTX_EXECUTION_DATE='2023-07-18T00:00:00+00:00' AIRFLOW_CTX_TRY_NUMBER='1' AIRFLOW_CTX_DAG_RUN_ID='scheduled__2023-07-18T00:00:00+00:00'
[2023-09-12T17:37:07.237+0000] {logging_mixin.py:151} INFO - hello world
[2023-09-12T17:37:07.239+0000] {python.py:194} INFO - Done. Returned value was: None
[2023-09-12T17:37:07.252+0000] {taskinstance.py:1400} INFO - Marking task as SUCCESS. dag_id=tasks_relations, task_id=say_hello, execution_date=20230718T000000, start_date=20230912T173706, end_date=20230912T173707
[2023-09-12T17:37:07.297+0000] {local_task_job_runner.py:228} INFO - Task exited with return code 0
[2023-09-12T17:37:07.335+0000] {taskinstance.py:2784} INFO - 1 downstream tasks scheduled from follow-on schedule check
