[2023-09-05T15:25:00.191+0000] {taskinstance.py:1159} INFO - Dependencies all met for dep_context=non-requeueable deps ti=<TaskInstance: tasks_relations.say_hello scheduled__2023-02-16T00:00:00+00:00 [queued]>
[2023-09-05T15:25:00.207+0000] {taskinstance.py:1159} INFO - Dependencies all met for dep_context=requeueable deps ti=<TaskInstance: tasks_relations.say_hello scheduled__2023-02-16T00:00:00+00:00 [queued]>
[2023-09-05T15:25:00.208+0000] {taskinstance.py:1361} INFO - Starting attempt 1 of 1
[2023-09-05T15:25:00.231+0000] {taskinstance.py:1382} INFO - Executing <Task(_PythonDecoratedOperator): say_hello> on 2023-02-16 00:00:00+00:00
[2023-09-05T15:25:00.264+0000] {standard_task_runner.py:57} INFO - Started process 354 to run task
[2023-09-05T15:25:00.333+0000] {standard_task_runner.py:84} INFO - Running: ['***', 'tasks', 'run', 'tasks_relations', 'say_hello', 'scheduled__2023-02-16T00:00:00+00:00', '--job-id', '139', '--raw', '--subdir', 'DAGS_FOLDER/tasks_relations.py', '--cfg-path', '/tmp/tmp0ek5seh4']
[2023-09-05T15:25:00.338+0000] {standard_task_runner.py:85} INFO - Job 139: Subtask say_hello
[2023-09-05T15:25:00.546+0000] {task_command.py:415} INFO - Running <TaskInstance: tasks_relations.say_hello scheduled__2023-02-16T00:00:00+00:00 [running]> on host ca474790e981
[2023-09-05T15:25:00.781+0000] {taskinstance.py:1660} INFO - Exporting env vars: AIRFLOW_CTX_DAG_OWNER='***' AIRFLOW_CTX_DAG_ID='tasks_relations' AIRFLOW_CTX_TASK_ID='say_hello' AIRFLOW_CTX_EXECUTION_DATE='2023-02-16T00:00:00+00:00' AIRFLOW_CTX_TRY_NUMBER='1' AIRFLOW_CTX_DAG_RUN_ID='scheduled__2023-02-16T00:00:00+00:00'
[2023-09-05T15:25:00.785+0000] {logging_mixin.py:151} INFO - hello ***
[2023-09-05T15:25:00.786+0000] {python.py:194} INFO - Done. Returned value was: None
[2023-09-05T15:25:00.818+0000] {taskinstance.py:1400} INFO - Marking task as SUCCESS. dag_id=tasks_relations, task_id=say_hello, execution_date=20230216T000000, start_date=20230905T152500, end_date=20230905T152500
[2023-09-05T15:25:00.953+0000] {local_task_job_runner.py:228} INFO - Task exited with return code 0
[2023-09-05T15:25:01.012+0000] {taskinstance.py:2784} INFO - 0 downstream tasks scheduled from follow-on schedule check
[2023-09-12T17:34:18.408+0000] {taskinstance.py:1159} INFO - Dependencies all met for dep_context=non-requeueable deps ti=<TaskInstance: tasks_relations.say_hello scheduled__2023-02-16T00:00:00+00:00 [queued]>
[2023-09-12T17:34:18.424+0000] {taskinstance.py:1159} INFO - Dependencies all met for dep_context=requeueable deps ti=<TaskInstance: tasks_relations.say_hello scheduled__2023-02-16T00:00:00+00:00 [queued]>
[2023-09-12T17:34:18.426+0000] {taskinstance.py:1361} INFO - Starting attempt 1 of 1
[2023-09-12T17:34:18.441+0000] {taskinstance.py:1382} INFO - Executing <Task(_PythonDecoratedOperator): say_hello> on 2023-02-16 00:00:00+00:00
[2023-09-12T17:34:18.450+0000] {standard_task_runner.py:57} INFO - Started process 938 to run task
[2023-09-12T17:34:18.464+0000] {standard_task_runner.py:84} INFO - Running: ['***', 'tasks', 'run', 'tasks_relations', 'say_hello', 'scheduled__2023-02-16T00:00:00+00:00', '--job-id', '410', '--raw', '--subdir', 'DAGS_FOLDER/2_tasks_relations.py', '--cfg-path', '/tmp/tmpof2v9ibm']
[2023-09-12T17:34:18.467+0000] {standard_task_runner.py:85} INFO - Job 410: Subtask say_hello
[2023-09-12T17:34:18.525+0000] {task_command.py:415} INFO - Running <TaskInstance: tasks_relations.say_hello scheduled__2023-02-16T00:00:00+00:00 [running]> on host 0ab7970e0956
[2023-09-12T17:34:18.624+0000] {taskinstance.py:1660} INFO - Exporting env vars: AIRFLOW_CTX_DAG_OWNER='***' AIRFLOW_CTX_DAG_ID='tasks_relations' AIRFLOW_CTX_TASK_ID='say_hello' AIRFLOW_CTX_EXECUTION_DATE='2023-02-16T00:00:00+00:00' AIRFLOW_CTX_TRY_NUMBER='1' AIRFLOW_CTX_DAG_RUN_ID='scheduled__2023-02-16T00:00:00+00:00'
[2023-09-12T17:34:18.626+0000] {logging_mixin.py:151} INFO - hello world
[2023-09-12T17:34:18.627+0000] {python.py:194} INFO - Done. Returned value was: None
[2023-09-12T17:34:18.635+0000] {taskinstance.py:1400} INFO - Marking task as SUCCESS. dag_id=tasks_relations, task_id=say_hello, execution_date=20230216T000000, start_date=20230912T173418, end_date=20230912T173418
[2023-09-12T17:34:18.671+0000] {local_task_job_runner.py:228} INFO - Task exited with return code 0
[2023-09-12T17:34:18.698+0000] {taskinstance.py:2784} INFO - 1 downstream tasks scheduled from follow-on schedule check
