[2023-09-05T15:29:01.845+0000] {taskinstance.py:1159} INFO - Dependencies all met for dep_context=non-requeueable deps ti=<TaskInstance: tasks_relations.this_way scheduled__2023-06-08T00:00:00+00:00 [queued]>
[2023-09-05T15:29:02.042+0000] {taskinstance.py:1159} INFO - Dependencies all met for dep_context=requeueable deps ti=<TaskInstance: tasks_relations.this_way scheduled__2023-06-08T00:00:00+00:00 [queued]>
[2023-09-05T15:29:02.053+0000] {taskinstance.py:1361} INFO - Starting attempt 1 of 1
[2023-09-05T15:29:02.149+0000] {taskinstance.py:1382} INFO - Executing <Task(_PythonDecoratedOperator): this_way> on 2023-06-08 00:00:00+00:00
[2023-09-05T15:29:02.176+0000] {standard_task_runner.py:57} INFO - Started process 1211 to run task
[2023-09-05T15:29:02.289+0000] {standard_task_runner.py:84} INFO - Running: ['***', 'tasks', 'run', 'tasks_relations', 'this_way', 'scheduled__2023-06-08T00:00:00+00:00', '--job-id', '536', '--raw', '--subdir', 'DAGS_FOLDER/tasks_relations.py', '--cfg-path', '/tmp/tmpzs0eqf4h']
[2023-09-05T15:29:02.328+0000] {standard_task_runner.py:85} INFO - Job 536: Subtask this_way
[2023-09-05T15:29:03.253+0000] {task_command.py:415} INFO - Running <TaskInstance: tasks_relations.this_way scheduled__2023-06-08T00:00:00+00:00 [running]> on host ca474790e981
[2023-09-05T15:29:03.949+0000] {taskinstance.py:1660} INFO - Exporting env vars: AIRFLOW_CTX_DAG_OWNER='***' AIRFLOW_CTX_DAG_ID='tasks_relations' AIRFLOW_CTX_TASK_ID='this_way' AIRFLOW_CTX_EXECUTION_DATE='2023-06-08T00:00:00+00:00' AIRFLOW_CTX_TRY_NUMBER='1' AIRFLOW_CTX_DAG_RUN_ID='scheduled__2023-06-08T00:00:00+00:00'
[2023-09-05T15:29:03.965+0000] {logging_mixin.py:151} INFO - THIS WAY!!!
[2023-09-05T15:29:03.978+0000] {python.py:194} INFO - Done. Returned value was: None
[2023-09-05T15:29:04.081+0000] {taskinstance.py:1400} INFO - Marking task as SUCCESS. dag_id=tasks_relations, task_id=this_way, execution_date=20230608T000000, start_date=20230905T152901, end_date=20230905T152904
[2023-09-05T15:29:04.369+0000] {local_task_job_runner.py:228} INFO - Task exited with return code 0
[2023-09-05T15:29:04.495+0000] {taskinstance.py:2784} INFO - 0 downstream tasks scheduled from follow-on schedule check
[2023-09-12T17:36:21.387+0000] {taskinstance.py:1159} INFO - Dependencies all met for dep_context=non-requeueable deps ti=<TaskInstance: tasks_relations.this_way scheduled__2023-06-08T00:00:00+00:00 [queued]>
[2023-09-12T17:36:21.425+0000] {taskinstance.py:1159} INFO - Dependencies all met for dep_context=requeueable deps ti=<TaskInstance: tasks_relations.this_way scheduled__2023-06-08T00:00:00+00:00 [queued]>
[2023-09-12T17:36:21.438+0000] {taskinstance.py:1361} INFO - Starting attempt 1 of 1
[2023-09-12T17:36:21.510+0000] {taskinstance.py:1382} INFO - Executing <Task(_PythonDecoratedOperator): this_way> on 2023-06-08 00:00:00+00:00
[2023-09-12T17:36:21.534+0000] {standard_task_runner.py:57} INFO - Started process 2584 to run task
[2023-09-12T17:36:21.580+0000] {standard_task_runner.py:84} INFO - Running: ['***', 'tasks', 'run', 'tasks_relations', 'this_way', 'scheduled__2023-06-08T00:00:00+00:00', '--job-id', '1217', '--raw', '--subdir', 'DAGS_FOLDER/2_tasks_relations.py', '--cfg-path', '/tmp/tmp0pvi4qu2']
[2023-09-12T17:36:21.594+0000] {standard_task_runner.py:85} INFO - Job 1217: Subtask this_way
[2023-09-12T17:36:21.849+0000] {task_command.py:415} INFO - Running <TaskInstance: tasks_relations.this_way scheduled__2023-06-08T00:00:00+00:00 [running]> on host 0ab7970e0956
[2023-09-12T17:36:22.171+0000] {taskinstance.py:1660} INFO - Exporting env vars: AIRFLOW_CTX_DAG_OWNER='***' AIRFLOW_CTX_DAG_ID='tasks_relations' AIRFLOW_CTX_TASK_ID='this_way' AIRFLOW_CTX_EXECUTION_DATE='2023-06-08T00:00:00+00:00' AIRFLOW_CTX_TRY_NUMBER='1' AIRFLOW_CTX_DAG_RUN_ID='scheduled__2023-06-08T00:00:00+00:00'
[2023-09-12T17:36:22.174+0000] {logging_mixin.py:151} INFO - THIS WAY!!!
[2023-09-12T17:36:22.177+0000] {python.py:194} INFO - Done. Returned value was: None
[2023-09-12T17:36:22.202+0000] {taskinstance.py:1400} INFO - Marking task as SUCCESS. dag_id=tasks_relations, task_id=this_way, execution_date=20230608T000000, start_date=20230912T173621, end_date=20230912T173622
[2023-09-12T17:36:22.274+0000] {local_task_job_runner.py:228} INFO - Task exited with return code 0
[2023-09-12T17:36:22.308+0000] {taskinstance.py:2784} INFO - 0 downstream tasks scheduled from follow-on schedule check
