[2023-09-05T15:24:25.327+0000] {taskinstance.py:1159} INFO - Dependencies all met for dep_context=non-requeueable deps ti=<TaskInstance: tasks_relations.say_bye scheduled__2023-01-09T00:00:00+00:00 [queued]>
[2023-09-05T15:24:25.426+0000] {taskinstance.py:1159} INFO - Dependencies all met for dep_context=requeueable deps ti=<TaskInstance: tasks_relations.say_bye scheduled__2023-01-09T00:00:00+00:00 [queued]>
[2023-09-05T15:24:25.434+0000] {taskinstance.py:1361} INFO - Starting attempt 1 of 1
[2023-09-05T15:24:25.482+0000] {taskinstance.py:1382} INFO - Executing <Task(_PythonDecoratedOperator): say_bye> on 2023-01-09 00:00:00+00:00
[2023-09-05T15:24:25.527+0000] {standard_task_runner.py:57} INFO - Started process 165 to run task
[2023-09-05T15:24:25.572+0000] {standard_task_runner.py:84} INFO - Running: ['***', 'tasks', 'run', 'tasks_relations', 'say_bye', 'scheduled__2023-01-09T00:00:00+00:00', '--job-id', '47', '--raw', '--subdir', 'DAGS_FOLDER/tasks_relations.py', '--cfg-path', '/tmp/tmpnfss4ft5']
[2023-09-05T15:24:25.594+0000] {standard_task_runner.py:85} INFO - Job 47: Subtask say_bye
[2023-09-05T15:24:25.818+0000] {task_command.py:415} INFO - Running <TaskInstance: tasks_relations.say_bye scheduled__2023-01-09T00:00:00+00:00 [running]> on host ca474790e981
[2023-09-05T15:24:26.036+0000] {taskinstance.py:1660} INFO - Exporting env vars: AIRFLOW_CTX_DAG_OWNER='***' AIRFLOW_CTX_DAG_ID='tasks_relations' AIRFLOW_CTX_TASK_ID='say_bye' AIRFLOW_CTX_EXECUTION_DATE='2023-01-09T00:00:00+00:00' AIRFLOW_CTX_TRY_NUMBER='1' AIRFLOW_CTX_DAG_RUN_ID='scheduled__2023-01-09T00:00:00+00:00'
[2023-09-05T15:24:26.042+0000] {logging_mixin.py:151} INFO - goodbye ***
[2023-09-05T15:24:26.047+0000] {python.py:194} INFO - Done. Returned value was: None
[2023-09-05T15:24:26.066+0000] {taskinstance.py:1400} INFO - Marking task as SUCCESS. dag_id=tasks_relations, task_id=say_bye, execution_date=20230109T000000, start_date=20230905T152425, end_date=20230905T152426
[2023-09-05T15:24:26.180+0000] {local_task_job_runner.py:228} INFO - Task exited with return code 0
[2023-09-05T15:24:26.254+0000] {taskinstance.py:2784} INFO - 0 downstream tasks scheduled from follow-on schedule check
[2023-09-12T17:33:00.680+0000] {taskinstance.py:1159} INFO - Dependencies all met for dep_context=non-requeueable deps ti=<TaskInstance: tasks_relations.say_bye scheduled__2023-01-09T00:00:00+00:00 [queued]>
[2023-09-12T17:33:00.765+0000] {taskinstance.py:1159} INFO - Dependencies all met for dep_context=requeueable deps ti=<TaskInstance: tasks_relations.say_bye scheduled__2023-01-09T00:00:00+00:00 [queued]>
[2023-09-12T17:33:00.770+0000] {taskinstance.py:1361} INFO - Starting attempt 1 of 1
[2023-09-12T17:33:01.075+0000] {taskinstance.py:1382} INFO - Executing <Task(_PythonDecoratedOperator): say_bye> on 2023-01-09 00:00:00+00:00
[2023-09-12T17:33:01.158+0000] {standard_task_runner.py:57} INFO - Started process 304 to run task
[2023-09-12T17:33:01.168+0000] {standard_task_runner.py:84} INFO - Running: ['***', 'tasks', 'run', 'tasks_relations', 'say_bye', 'scheduled__2023-01-09T00:00:00+00:00', '--job-id', '97', '--raw', '--subdir', 'DAGS_FOLDER/2_tasks_relations.py', '--cfg-path', '/tmp/tmpdn27vvzh']
[2023-09-12T17:33:01.177+0000] {standard_task_runner.py:85} INFO - Job 97: Subtask say_bye
[2023-09-12T17:33:01.529+0000] {task_command.py:415} INFO - Running <TaskInstance: tasks_relations.say_bye scheduled__2023-01-09T00:00:00+00:00 [running]> on host 0ab7970e0956
[2023-09-12T17:33:01.971+0000] {taskinstance.py:1660} INFO - Exporting env vars: AIRFLOW_CTX_DAG_OWNER='***' AIRFLOW_CTX_DAG_ID='tasks_relations' AIRFLOW_CTX_TASK_ID='say_bye' AIRFLOW_CTX_EXECUTION_DATE='2023-01-09T00:00:00+00:00' AIRFLOW_CTX_TRY_NUMBER='1' AIRFLOW_CTX_DAG_RUN_ID='scheduled__2023-01-09T00:00:00+00:00'
[2023-09-12T17:33:01.978+0000] {logging_mixin.py:151} INFO - goodbye world
[2023-09-12T17:33:01.985+0000] {python.py:194} INFO - Done. Returned value was: None
[2023-09-12T17:33:02.038+0000] {taskinstance.py:1400} INFO - Marking task as SUCCESS. dag_id=tasks_relations, task_id=say_bye, execution_date=20230109T000000, start_date=20230912T173300, end_date=20230912T173302
[2023-09-12T17:33:02.182+0000] {local_task_job_runner.py:228} INFO - Task exited with return code 0
[2023-09-12T17:33:02.304+0000] {taskinstance.py:2784} INFO - 2 downstream tasks scheduled from follow-on schedule check
