[2023-09-05T15:27:43.012+0000] {taskinstance.py:1159} INFO - Dependencies all met for dep_context=non-requeueable deps ti=<TaskInstance: tasks_relations.say_hello scheduled__2023-05-23T00:00:00+00:00 [queued]>
[2023-09-05T15:27:43.052+0000] {taskinstance.py:1159} INFO - Dependencies all met for dep_context=requeueable deps ti=<TaskInstance: tasks_relations.say_hello scheduled__2023-05-23T00:00:00+00:00 [queued]>
[2023-09-05T15:27:43.064+0000] {taskinstance.py:1361} INFO - Starting attempt 1 of 1
[2023-09-05T15:27:43.147+0000] {taskinstance.py:1382} INFO - Executing <Task(_PythonDecoratedOperator): say_hello> on 2023-05-23 00:00:00+00:00
[2023-09-05T15:27:43.208+0000] {standard_task_runner.py:57} INFO - Started process 957 to run task
[2023-09-05T15:27:43.351+0000] {standard_task_runner.py:84} INFO - Running: ['***', 'tasks', 'run', 'tasks_relations', 'say_hello', 'scheduled__2023-05-23T00:00:00+00:00', '--job-id', '419', '--raw', '--subdir', 'DAGS_FOLDER/tasks_relations.py', '--cfg-path', '/tmp/tmpxmtj8ehj']
[2023-09-05T15:27:43.368+0000] {standard_task_runner.py:85} INFO - Job 419: Subtask say_hello
[2023-09-05T15:27:44.065+0000] {task_command.py:415} INFO - Running <TaskInstance: tasks_relations.say_hello scheduled__2023-05-23T00:00:00+00:00 [running]> on host ca474790e981
[2023-09-05T15:27:46.071+0000] {taskinstance.py:1660} INFO - Exporting env vars: AIRFLOW_CTX_DAG_OWNER='***' AIRFLOW_CTX_DAG_ID='tasks_relations' AIRFLOW_CTX_TASK_ID='say_hello' AIRFLOW_CTX_EXECUTION_DATE='2023-05-23T00:00:00+00:00' AIRFLOW_CTX_TRY_NUMBER='1' AIRFLOW_CTX_DAG_RUN_ID='scheduled__2023-05-23T00:00:00+00:00'
[2023-09-05T15:27:46.135+0000] {logging_mixin.py:151} INFO - hello world
[2023-09-05T15:27:46.202+0000] {python.py:194} INFO - Done. Returned value was: None
[2023-09-05T15:27:46.458+0000] {taskinstance.py:1400} INFO - Marking task as SUCCESS. dag_id=tasks_relations, task_id=say_hello, execution_date=20230523T000000, start_date=20230905T152743, end_date=20230905T152746
[2023-09-05T15:27:46.988+0000] {local_task_job_runner.py:228} INFO - Task exited with return code 0
[2023-09-05T15:27:47.368+0000] {taskinstance.py:2784} INFO - 1 downstream tasks scheduled from follow-on schedule check
[2023-09-12T17:36:00.981+0000] {taskinstance.py:1159} INFO - Dependencies all met for dep_context=non-requeueable deps ti=<TaskInstance: tasks_relations.say_hello scheduled__2023-05-23T00:00:00+00:00 [queued]>
[2023-09-12T17:36:00.999+0000] {taskinstance.py:1159} INFO - Dependencies all met for dep_context=requeueable deps ti=<TaskInstance: tasks_relations.say_hello scheduled__2023-05-23T00:00:00+00:00 [queued]>
[2023-09-12T17:36:01.003+0000] {taskinstance.py:1361} INFO - Starting attempt 1 of 1
[2023-09-12T17:36:01.033+0000] {taskinstance.py:1382} INFO - Executing <Task(_PythonDecoratedOperator): say_hello> on 2023-05-23 00:00:00+00:00
[2023-09-12T17:36:01.050+0000] {standard_task_runner.py:57} INFO - Started process 2313 to run task
[2023-09-12T17:36:01.066+0000] {standard_task_runner.py:84} INFO - Running: ['***', 'tasks', 'run', 'tasks_relations', 'say_hello', 'scheduled__2023-05-23T00:00:00+00:00', '--job-id', '1089', '--raw', '--subdir', 'DAGS_FOLDER/2_tasks_relations.py', '--cfg-path', '/tmp/tmprr8uvcef']
[2023-09-12T17:36:01.079+0000] {standard_task_runner.py:85} INFO - Job 1089: Subtask say_hello
[2023-09-12T17:36:01.174+0000] {task_command.py:415} INFO - Running <TaskInstance: tasks_relations.say_hello scheduled__2023-05-23T00:00:00+00:00 [running]> on host 0ab7970e0956
[2023-09-12T17:36:01.271+0000] {taskinstance.py:1660} INFO - Exporting env vars: AIRFLOW_CTX_DAG_OWNER='***' AIRFLOW_CTX_DAG_ID='tasks_relations' AIRFLOW_CTX_TASK_ID='say_hello' AIRFLOW_CTX_EXECUTION_DATE='2023-05-23T00:00:00+00:00' AIRFLOW_CTX_TRY_NUMBER='1' AIRFLOW_CTX_DAG_RUN_ID='scheduled__2023-05-23T00:00:00+00:00'
[2023-09-12T17:36:01.274+0000] {logging_mixin.py:151} INFO - hello world
[2023-09-12T17:36:01.274+0000] {python.py:194} INFO - Done. Returned value was: None
[2023-09-12T17:36:01.283+0000] {taskinstance.py:1400} INFO - Marking task as SUCCESS. dag_id=tasks_relations, task_id=say_hello, execution_date=20230523T000000, start_date=20230912T173600, end_date=20230912T173601
[2023-09-12T17:36:01.318+0000] {local_task_job_runner.py:228} INFO - Task exited with return code 0
[2023-09-12T17:36:01.352+0000] {taskinstance.py:2784} INFO - 1 downstream tasks scheduled from follow-on schedule check
