[2023-09-05T15:26:10.199+0000] {taskinstance.py:1159} INFO - Dependencies all met for dep_context=non-requeueable deps ti=<TaskInstance: tasks_relations.say_bye scheduled__2023-04-10T00:00:00+00:00 [queued]>
[2023-09-05T15:26:10.302+0000] {taskinstance.py:1159} INFO - Dependencies all met for dep_context=requeueable deps ti=<TaskInstance: tasks_relations.say_bye scheduled__2023-04-10T00:00:00+00:00 [queued]>
[2023-09-05T15:26:10.306+0000] {taskinstance.py:1361} INFO - Starting attempt 1 of 1
[2023-09-05T15:26:10.385+0000] {taskinstance.py:1382} INFO - Executing <Task(_PythonDecoratedOperator): say_bye> on 2023-04-10 00:00:00+00:00
[2023-09-05T15:26:10.457+0000] {standard_task_runner.py:57} INFO - Started process 728 to run task
[2023-09-05T15:26:10.499+0000] {standard_task_runner.py:84} INFO - Running: ['***', 'tasks', 'run', 'tasks_relations', 'say_bye', 'scheduled__2023-04-10T00:00:00+00:00', '--job-id', '317', '--raw', '--subdir', 'DAGS_FOLDER/tasks_relations.py', '--cfg-path', '/tmp/tmp3m6o9xi_']
[2023-09-05T15:26:10.510+0000] {standard_task_runner.py:85} INFO - Job 317: Subtask say_bye
[2023-09-05T15:26:10.975+0000] {task_command.py:415} INFO - Running <TaskInstance: tasks_relations.say_bye scheduled__2023-04-10T00:00:00+00:00 [running]> on host ca474790e981
[2023-09-05T15:26:11.425+0000] {taskinstance.py:1660} INFO - Exporting env vars: AIRFLOW_CTX_DAG_OWNER='***' AIRFLOW_CTX_DAG_ID='tasks_relations' AIRFLOW_CTX_TASK_ID='say_bye' AIRFLOW_CTX_EXECUTION_DATE='2023-04-10T00:00:00+00:00' AIRFLOW_CTX_TRY_NUMBER='1' AIRFLOW_CTX_DAG_RUN_ID='scheduled__2023-04-10T00:00:00+00:00'
[2023-09-05T15:26:11.436+0000] {logging_mixin.py:151} INFO - goodbye ***
[2023-09-05T15:26:11.445+0000] {python.py:194} INFO - Done. Returned value was: None
[2023-09-05T15:26:11.489+0000] {taskinstance.py:1400} INFO - Marking task as SUCCESS. dag_id=tasks_relations, task_id=say_bye, execution_date=20230410T000000, start_date=20230905T152610, end_date=20230905T152611
[2023-09-05T15:26:11.724+0000] {local_task_job_runner.py:228} INFO - Task exited with return code 0
[2023-09-05T15:26:11.818+0000] {taskinstance.py:2784} INFO - 0 downstream tasks scheduled from follow-on schedule check
[2023-09-12T17:35:20.730+0000] {taskinstance.py:1159} INFO - Dependencies all met for dep_context=non-requeueable deps ti=<TaskInstance: tasks_relations.say_bye scheduled__2023-04-10T00:00:00+00:00 [queued]>
[2023-09-12T17:35:20.771+0000] {taskinstance.py:1159} INFO - Dependencies all met for dep_context=requeueable deps ti=<TaskInstance: tasks_relations.say_bye scheduled__2023-04-10T00:00:00+00:00 [queued]>
[2023-09-12T17:35:20.786+0000] {taskinstance.py:1361} INFO - Starting attempt 1 of 1
[2023-09-12T17:35:20.946+0000] {taskinstance.py:1382} INFO - Executing <Task(_PythonDecoratedOperator): say_bye> on 2023-04-10 00:00:00+00:00
[2023-09-12T17:35:20.951+0000] {standard_task_runner.py:57} INFO - Started process 1791 to run task
[2023-09-12T17:35:21.005+0000] {standard_task_runner.py:84} INFO - Running: ['***', 'tasks', 'run', 'tasks_relations', 'say_bye', 'scheduled__2023-04-10T00:00:00+00:00', '--job-id', '830', '--raw', '--subdir', 'DAGS_FOLDER/2_tasks_relations.py', '--cfg-path', '/tmp/tmp2nvzzyna']
[2023-09-12T17:35:21.018+0000] {standard_task_runner.py:85} INFO - Job 830: Subtask say_bye
[2023-09-12T17:35:21.250+0000] {task_command.py:415} INFO - Running <TaskInstance: tasks_relations.say_bye scheduled__2023-04-10T00:00:00+00:00 [running]> on host 0ab7970e0956
[2023-09-12T17:35:21.499+0000] {taskinstance.py:1660} INFO - Exporting env vars: AIRFLOW_CTX_DAG_OWNER='***' AIRFLOW_CTX_DAG_ID='tasks_relations' AIRFLOW_CTX_TASK_ID='say_bye' AIRFLOW_CTX_EXECUTION_DATE='2023-04-10T00:00:00+00:00' AIRFLOW_CTX_TRY_NUMBER='1' AIRFLOW_CTX_DAG_RUN_ID='scheduled__2023-04-10T00:00:00+00:00'
[2023-09-12T17:35:21.500+0000] {logging_mixin.py:151} INFO - goodbye world
[2023-09-12T17:35:21.501+0000] {python.py:194} INFO - Done. Returned value was: None
[2023-09-12T17:35:21.511+0000] {taskinstance.py:1400} INFO - Marking task as SUCCESS. dag_id=tasks_relations, task_id=say_bye, execution_date=20230410T000000, start_date=20230912T173520, end_date=20230912T173521
[2023-09-12T17:35:21.568+0000] {local_task_job_runner.py:228} INFO - Task exited with return code 0
[2023-09-12T17:35:21.619+0000] {taskinstance.py:2784} INFO - 2 downstream tasks scheduled from follow-on schedule check
