[2023-09-05T15:28:49.236+0000] {taskinstance.py:1159} INFO - Dependencies all met for dep_context=non-requeueable deps ti=<TaskInstance: tasks_relations.say_hello scheduled__2023-06-11T00:00:00+00:00 [queued]>
[2023-09-05T15:28:49.714+0000] {taskinstance.py:1159} INFO - Dependencies all met for dep_context=requeueable deps ti=<TaskInstance: tasks_relations.say_hello scheduled__2023-06-11T00:00:00+00:00 [queued]>
[2023-09-05T15:28:49.742+0000] {taskinstance.py:1361} INFO - Starting attempt 1 of 1
[2023-09-05T15:28:50.350+0000] {taskinstance.py:1382} INFO - Executing <Task(_PythonDecoratedOperator): say_hello> on 2023-06-11 00:00:00+00:00
[2023-09-05T15:28:50.401+0000] {standard_task_runner.py:84} INFO - Running: ['***', 'tasks', 'run', 'tasks_relations', 'say_hello', 'scheduled__2023-06-11T00:00:00+00:00', '--job-id', '510', '--raw', '--subdir', 'DAGS_FOLDER/tasks_relations.py', '--cfg-path', '/tmp/tmphqer5oha']
[2023-09-05T15:28:50.434+0000] {standard_task_runner.py:85} INFO - Job 510: Subtask say_hello
[2023-09-05T15:28:50.380+0000] {standard_task_runner.py:57} INFO - Started process 1164 to run task
[2023-09-05T15:28:51.509+0000] {task_command.py:415} INFO - Running <TaskInstance: tasks_relations.say_hello scheduled__2023-06-11T00:00:00+00:00 [running]> on host ca474790e981
[2023-09-05T15:28:52.875+0000] {taskinstance.py:1660} INFO - Exporting env vars: AIRFLOW_CTX_DAG_OWNER='***' AIRFLOW_CTX_DAG_ID='tasks_relations' AIRFLOW_CTX_TASK_ID='say_hello' AIRFLOW_CTX_EXECUTION_DATE='2023-06-11T00:00:00+00:00' AIRFLOW_CTX_TRY_NUMBER='1' AIRFLOW_CTX_DAG_RUN_ID='scheduled__2023-06-11T00:00:00+00:00'
[2023-09-05T15:28:52.896+0000] {logging_mixin.py:151} INFO - hello world
[2023-09-05T15:28:52.900+0000] {python.py:194} INFO - Done. Returned value was: None
[2023-09-05T15:28:53.136+0000] {taskinstance.py:1400} INFO - Marking task as SUCCESS. dag_id=tasks_relations, task_id=say_hello, execution_date=20230611T000000, start_date=20230905T152849, end_date=20230905T152853
[2023-09-05T15:28:53.483+0000] {local_task_job_runner.py:228} INFO - Task exited with return code 0
[2023-09-05T15:28:53.861+0000] {taskinstance.py:2784} INFO - 1 downstream tasks scheduled from follow-on schedule check
[2023-09-12T17:36:17.776+0000] {taskinstance.py:1159} INFO - Dependencies all met for dep_context=non-requeueable deps ti=<TaskInstance: tasks_relations.say_hello scheduled__2023-06-11T00:00:00+00:00 [queued]>
[2023-09-12T17:36:17.819+0000] {taskinstance.py:1159} INFO - Dependencies all met for dep_context=requeueable deps ti=<TaskInstance: tasks_relations.say_hello scheduled__2023-06-11T00:00:00+00:00 [queued]>
[2023-09-12T17:36:17.819+0000] {taskinstance.py:1361} INFO - Starting attempt 1 of 1
[2023-09-12T17:36:17.875+0000] {taskinstance.py:1382} INFO - Executing <Task(_PythonDecoratedOperator): say_hello> on 2023-06-11 00:00:00+00:00
[2023-09-12T17:36:17.893+0000] {standard_task_runner.py:57} INFO - Started process 2537 to run task
[2023-09-12T17:36:17.913+0000] {standard_task_runner.py:84} INFO - Running: ['***', 'tasks', 'run', 'tasks_relations', 'say_hello', 'scheduled__2023-06-11T00:00:00+00:00', '--job-id', '1197', '--raw', '--subdir', 'DAGS_FOLDER/2_tasks_relations.py', '--cfg-path', '/tmp/tmptwn8s3tg']
[2023-09-12T17:36:17.917+0000] {standard_task_runner.py:85} INFO - Job 1197: Subtask say_hello
[2023-09-12T17:36:18.101+0000] {task_command.py:415} INFO - Running <TaskInstance: tasks_relations.say_hello scheduled__2023-06-11T00:00:00+00:00 [running]> on host 0ab7970e0956
[2023-09-12T17:36:18.363+0000] {taskinstance.py:1660} INFO - Exporting env vars: AIRFLOW_CTX_DAG_OWNER='***' AIRFLOW_CTX_DAG_ID='tasks_relations' AIRFLOW_CTX_TASK_ID='say_hello' AIRFLOW_CTX_EXECUTION_DATE='2023-06-11T00:00:00+00:00' AIRFLOW_CTX_TRY_NUMBER='1' AIRFLOW_CTX_DAG_RUN_ID='scheduled__2023-06-11T00:00:00+00:00'
[2023-09-12T17:36:18.367+0000] {logging_mixin.py:151} INFO - hello world
[2023-09-12T17:36:18.369+0000] {python.py:194} INFO - Done. Returned value was: None
[2023-09-12T17:36:18.399+0000] {taskinstance.py:1400} INFO - Marking task as SUCCESS. dag_id=tasks_relations, task_id=say_hello, execution_date=20230611T000000, start_date=20230912T173617, end_date=20230912T173618
[2023-09-12T17:36:18.534+0000] {local_task_job_runner.py:228} INFO - Task exited with return code 0
[2023-09-12T17:36:18.609+0000] {taskinstance.py:2784} INFO - 1 downstream tasks scheduled from follow-on schedule check
