[2023-09-05T15:28:45.804+0000] {taskinstance.py:1159} INFO - Dependencies all met for dep_context=non-requeueable deps ti=<TaskInstance: tasks_relations.say_hello scheduled__2023-06-10T00:00:00+00:00 [queued]>
[2023-09-05T15:28:46.066+0000] {taskinstance.py:1159} INFO - Dependencies all met for dep_context=requeueable deps ti=<TaskInstance: tasks_relations.say_hello scheduled__2023-06-10T00:00:00+00:00 [queued]>
[2023-09-05T15:28:46.141+0000] {taskinstance.py:1361} INFO - Starting attempt 1 of 1
[2023-09-05T15:28:46.237+0000] {taskinstance.py:1382} INFO - Executing <Task(_PythonDecoratedOperator): say_hello> on 2023-06-10 00:00:00+00:00
[2023-09-05T15:28:46.306+0000] {standard_task_runner.py:84} INFO - Running: ['***', 'tasks', 'run', 'tasks_relations', 'say_hello', 'scheduled__2023-06-10T00:00:00+00:00', '--job-id', '509', '--raw', '--subdir', 'DAGS_FOLDER/tasks_relations.py', '--cfg-path', '/tmp/tmpxnahw5an']
[2023-09-05T15:28:46.319+0000] {standard_task_runner.py:85} INFO - Job 509: Subtask say_hello
[2023-09-05T15:28:46.392+0000] {standard_task_runner.py:57} INFO - Started process 1151 to run task
[2023-09-05T15:28:47.336+0000] {task_command.py:415} INFO - Running <TaskInstance: tasks_relations.say_hello scheduled__2023-06-10T00:00:00+00:00 [running]> on host ca474790e981
[2023-09-05T15:28:49.204+0000] {taskinstance.py:1660} INFO - Exporting env vars: AIRFLOW_CTX_DAG_OWNER='***' AIRFLOW_CTX_DAG_ID='tasks_relations' AIRFLOW_CTX_TASK_ID='say_hello' AIRFLOW_CTX_EXECUTION_DATE='2023-06-10T00:00:00+00:00' AIRFLOW_CTX_TRY_NUMBER='1' AIRFLOW_CTX_DAG_RUN_ID='scheduled__2023-06-10T00:00:00+00:00'
[2023-09-05T15:28:49.244+0000] {logging_mixin.py:151} INFO - hello world
[2023-09-05T15:28:49.272+0000] {python.py:194} INFO - Done. Returned value was: None
[2023-09-05T15:28:49.357+0000] {taskinstance.py:1400} INFO - Marking task as SUCCESS. dag_id=tasks_relations, task_id=say_hello, execution_date=20230610T000000, start_date=20230905T152845, end_date=20230905T152849
[2023-09-05T15:28:50.188+0000] {local_task_job_runner.py:228} INFO - Task exited with return code 0
[2023-09-05T15:28:51.151+0000] {taskinstance.py:2784} INFO - 0 downstream tasks scheduled from follow-on schedule check
[2023-09-12T17:36:17.785+0000] {taskinstance.py:1159} INFO - Dependencies all met for dep_context=non-requeueable deps ti=<TaskInstance: tasks_relations.say_hello scheduled__2023-06-10T00:00:00+00:00 [queued]>
[2023-09-12T17:36:17.827+0000] {taskinstance.py:1159} INFO - Dependencies all met for dep_context=requeueable deps ti=<TaskInstance: tasks_relations.say_hello scheduled__2023-06-10T00:00:00+00:00 [queued]>
[2023-09-12T17:36:17.829+0000] {taskinstance.py:1361} INFO - Starting attempt 1 of 1
[2023-09-12T17:36:17.891+0000] {taskinstance.py:1382} INFO - Executing <Task(_PythonDecoratedOperator): say_hello> on 2023-06-10 00:00:00+00:00
[2023-09-12T17:36:17.915+0000] {standard_task_runner.py:57} INFO - Started process 2538 to run task
[2023-09-12T17:36:17.940+0000] {standard_task_runner.py:84} INFO - Running: ['***', 'tasks', 'run', 'tasks_relations', 'say_hello', 'scheduled__2023-06-10T00:00:00+00:00', '--job-id', '1195', '--raw', '--subdir', 'DAGS_FOLDER/2_tasks_relations.py', '--cfg-path', '/tmp/tmpf0d1kqpn']
[2023-09-12T17:36:17.949+0000] {standard_task_runner.py:85} INFO - Job 1195: Subtask say_hello
[2023-09-12T17:36:18.120+0000] {task_command.py:415} INFO - Running <TaskInstance: tasks_relations.say_hello scheduled__2023-06-10T00:00:00+00:00 [running]> on host 0ab7970e0956
[2023-09-12T17:36:18.342+0000] {taskinstance.py:1660} INFO - Exporting env vars: AIRFLOW_CTX_DAG_OWNER='***' AIRFLOW_CTX_DAG_ID='tasks_relations' AIRFLOW_CTX_TASK_ID='say_hello' AIRFLOW_CTX_EXECUTION_DATE='2023-06-10T00:00:00+00:00' AIRFLOW_CTX_TRY_NUMBER='1' AIRFLOW_CTX_DAG_RUN_ID='scheduled__2023-06-10T00:00:00+00:00'
[2023-09-12T17:36:18.348+0000] {logging_mixin.py:151} INFO - hello world
[2023-09-12T17:36:18.353+0000] {python.py:194} INFO - Done. Returned value was: None
[2023-09-12T17:36:18.360+0000] {taskinstance.py:1400} INFO - Marking task as SUCCESS. dag_id=tasks_relations, task_id=say_hello, execution_date=20230610T000000, start_date=20230912T173617, end_date=20230912T173618
[2023-09-12T17:36:18.393+0000] {local_task_job_runner.py:228} INFO - Task exited with return code 0
[2023-09-12T17:36:18.549+0000] {taskinstance.py:2784} INFO - 1 downstream tasks scheduled from follow-on schedule check
