[2023-09-05T15:31:03.710+0000] {taskinstance.py:1159} INFO - Dependencies all met for dep_context=non-requeueable deps ti=<TaskInstance: tasks_relations.say_bye scheduled__2023-08-16T00:00:00+00:00 [queued]>
[2023-09-05T15:31:03.773+0000] {taskinstance.py:1159} INFO - Dependencies all met for dep_context=requeueable deps ti=<TaskInstance: tasks_relations.say_bye scheduled__2023-08-16T00:00:00+00:00 [queued]>
[2023-09-05T15:31:03.776+0000] {taskinstance.py:1361} INFO - Starting attempt 1 of 1
[2023-09-05T15:31:03.893+0000] {taskinstance.py:1382} INFO - Executing <Task(_PythonDecoratedOperator): say_bye> on 2023-08-16 00:00:00+00:00
[2023-09-05T15:31:03.908+0000] {standard_task_runner.py:57} INFO - Started process 1867 to run task
[2023-09-05T15:31:03.960+0000] {standard_task_runner.py:84} INFO - Running: ['***', 'tasks', 'run', 'tasks_relations', 'say_bye', 'scheduled__2023-08-16T00:00:00+00:00', '--job-id', '850', '--raw', '--subdir', 'DAGS_FOLDER/tasks_relations.py', '--cfg-path', '/tmp/tmp1fmi86vi']
[2023-09-05T15:31:03.995+0000] {standard_task_runner.py:85} INFO - Job 850: Subtask say_bye
[2023-09-05T15:31:04.481+0000] {task_command.py:415} INFO - Running <TaskInstance: tasks_relations.say_bye scheduled__2023-08-16T00:00:00+00:00 [running]> on host ca474790e981
[2023-09-05T15:31:05.058+0000] {taskinstance.py:1660} INFO - Exporting env vars: AIRFLOW_CTX_DAG_OWNER='***' AIRFLOW_CTX_DAG_ID='tasks_relations' AIRFLOW_CTX_TASK_ID='say_bye' AIRFLOW_CTX_EXECUTION_DATE='2023-08-16T00:00:00+00:00' AIRFLOW_CTX_TRY_NUMBER='1' AIRFLOW_CTX_DAG_RUN_ID='scheduled__2023-08-16T00:00:00+00:00'
[2023-09-05T15:31:05.066+0000] {logging_mixin.py:151} INFO - goodbye world
[2023-09-05T15:31:05.070+0000] {python.py:194} INFO - Done. Returned value was: None
[2023-09-05T15:31:05.129+0000] {taskinstance.py:1400} INFO - Marking task as SUCCESS. dag_id=tasks_relations, task_id=say_bye, execution_date=20230816T000000, start_date=20230905T153103, end_date=20230905T153105
[2023-09-05T15:31:05.331+0000] {local_task_job_runner.py:228} INFO - Task exited with return code 0
[2023-09-05T15:31:05.443+0000] {taskinstance.py:2784} INFO - 2 downstream tasks scheduled from follow-on schedule check
[2023-09-12T17:37:39.036+0000] {taskinstance.py:1159} INFO - Dependencies all met for dep_context=non-requeueable deps ti=<TaskInstance: tasks_relations.say_bye scheduled__2023-08-16T00:00:00+00:00 [queued]>
[2023-09-12T17:37:39.043+0000] {taskinstance.py:1159} INFO - Dependencies all met for dep_context=requeueable deps ti=<TaskInstance: tasks_relations.say_bye scheduled__2023-08-16T00:00:00+00:00 [queued]>
[2023-09-12T17:37:39.044+0000] {taskinstance.py:1361} INFO - Starting attempt 1 of 1
[2023-09-12T17:37:39.051+0000] {taskinstance.py:1382} INFO - Executing <Task(_PythonDecoratedOperator): say_bye> on 2023-08-16 00:00:00+00:00
[2023-09-12T17:37:39.059+0000] {standard_task_runner.py:57} INFO - Started process 3436 to run task
[2023-09-12T17:37:39.065+0000] {standard_task_runner.py:84} INFO - Running: ['***', 'tasks', 'run', 'tasks_relations', 'say_bye', 'scheduled__2023-08-16T00:00:00+00:00', '--job-id', '1641', '--raw', '--subdir', 'DAGS_FOLDER/2_tasks_relations.py', '--cfg-path', '/tmp/tmpl6fjlpl7']
[2023-09-12T17:37:39.066+0000] {standard_task_runner.py:85} INFO - Job 1641: Subtask say_bye
[2023-09-12T17:37:39.164+0000] {task_command.py:415} INFO - Running <TaskInstance: tasks_relations.say_bye scheduled__2023-08-16T00:00:00+00:00 [running]> on host 0ab7970e0956
[2023-09-12T17:37:39.248+0000] {taskinstance.py:1660} INFO - Exporting env vars: AIRFLOW_CTX_DAG_OWNER='***' AIRFLOW_CTX_DAG_ID='tasks_relations' AIRFLOW_CTX_TASK_ID='say_bye' AIRFLOW_CTX_EXECUTION_DATE='2023-08-16T00:00:00+00:00' AIRFLOW_CTX_TRY_NUMBER='1' AIRFLOW_CTX_DAG_RUN_ID='scheduled__2023-08-16T00:00:00+00:00'
[2023-09-12T17:37:39.252+0000] {logging_mixin.py:151} INFO - goodbye world
[2023-09-12T17:37:39.252+0000] {python.py:194} INFO - Done. Returned value was: None
[2023-09-12T17:37:39.263+0000] {taskinstance.py:1400} INFO - Marking task as SUCCESS. dag_id=tasks_relations, task_id=say_bye, execution_date=20230816T000000, start_date=20230912T173739, end_date=20230912T173739
[2023-09-12T17:37:39.317+0000] {local_task_job_runner.py:228} INFO - Task exited with return code 0
[2023-09-12T17:37:39.337+0000] {taskinstance.py:2784} INFO - 2 downstream tasks scheduled from follow-on schedule check
