[2023-09-05T15:27:30.907+0000] {taskinstance.py:1159} INFO - Dependencies all met for dep_context=non-requeueable deps ti=<TaskInstance: tasks_relations.say_hello scheduled__2023-05-18T00:00:00+00:00 [queued]>
[2023-09-05T15:27:31.083+0000] {taskinstance.py:1159} INFO - Dependencies all met for dep_context=requeueable deps ti=<TaskInstance: tasks_relations.say_hello scheduled__2023-05-18T00:00:00+00:00 [queued]>
[2023-09-05T15:27:31.094+0000] {taskinstance.py:1361} INFO - Starting attempt 1 of 1
[2023-09-05T15:27:31.672+0000] {taskinstance.py:1382} INFO - Executing <Task(_PythonDecoratedOperator): say_hello> on 2023-05-18 00:00:00+00:00
[2023-09-05T15:27:31.774+0000] {standard_task_runner.py:84} INFO - Running: ['***', 'tasks', 'run', 'tasks_relations', 'say_hello', 'scheduled__2023-05-18T00:00:00+00:00', '--job-id', '403', '--raw', '--subdir', 'DAGS_FOLDER/tasks_relations.py', '--cfg-path', '/tmp/tmpgiub5k2j']
[2023-09-05T15:27:31.803+0000] {standard_task_runner.py:85} INFO - Job 403: Subtask say_hello
[2023-09-05T15:27:31.738+0000] {standard_task_runner.py:57} INFO - Started process 927 to run task
[2023-09-05T15:27:32.548+0000] {task_command.py:415} INFO - Running <TaskInstance: tasks_relations.say_hello scheduled__2023-05-18T00:00:00+00:00 [running]> on host ca474790e981
[2023-09-05T15:27:34.387+0000] {taskinstance.py:1660} INFO - Exporting env vars: AIRFLOW_CTX_DAG_OWNER='***' AIRFLOW_CTX_DAG_ID='tasks_relations' AIRFLOW_CTX_TASK_ID='say_hello' AIRFLOW_CTX_EXECUTION_DATE='2023-05-18T00:00:00+00:00' AIRFLOW_CTX_TRY_NUMBER='1' AIRFLOW_CTX_DAG_RUN_ID='scheduled__2023-05-18T00:00:00+00:00'
[2023-09-05T15:27:34.481+0000] {logging_mixin.py:151} INFO - hello world
[2023-09-05T15:27:34.508+0000] {python.py:194} INFO - Done. Returned value was: None
[2023-09-05T15:27:34.968+0000] {taskinstance.py:1400} INFO - Marking task as SUCCESS. dag_id=tasks_relations, task_id=say_hello, execution_date=20230518T000000, start_date=20230905T152730, end_date=20230905T152734
[2023-09-05T15:27:35.608+0000] {local_task_job_runner.py:228} INFO - Task exited with return code 0
[2023-09-05T15:27:36.243+0000] {taskinstance.py:2784} INFO - 0 downstream tasks scheduled from follow-on schedule check
[2023-09-12T17:35:58.824+0000] {taskinstance.py:1159} INFO - Dependencies all met for dep_context=non-requeueable deps ti=<TaskInstance: tasks_relations.say_hello scheduled__2023-05-18T00:00:00+00:00 [queued]>
[2023-09-12T17:35:58.871+0000] {taskinstance.py:1159} INFO - Dependencies all met for dep_context=requeueable deps ti=<TaskInstance: tasks_relations.say_hello scheduled__2023-05-18T00:00:00+00:00 [queued]>
[2023-09-12T17:35:58.878+0000] {taskinstance.py:1361} INFO - Starting attempt 1 of 1
[2023-09-12T17:35:58.982+0000] {taskinstance.py:1382} INFO - Executing <Task(_PythonDecoratedOperator): say_hello> on 2023-05-18 00:00:00+00:00
[2023-09-12T17:35:58.990+0000] {standard_task_runner.py:57} INFO - Started process 2287 to run task
[2023-09-12T17:35:59.010+0000] {standard_task_runner.py:84} INFO - Running: ['***', 'tasks', 'run', 'tasks_relations', 'say_hello', 'scheduled__2023-05-18T00:00:00+00:00', '--job-id', '1074', '--raw', '--subdir', 'DAGS_FOLDER/2_tasks_relations.py', '--cfg-path', '/tmp/tmphvw40e90']
[2023-09-12T17:35:59.048+0000] {standard_task_runner.py:85} INFO - Job 1074: Subtask say_hello
[2023-09-12T17:35:59.281+0000] {task_command.py:415} INFO - Running <TaskInstance: tasks_relations.say_hello scheduled__2023-05-18T00:00:00+00:00 [running]> on host 0ab7970e0956
[2023-09-12T17:35:59.541+0000] {taskinstance.py:1660} INFO - Exporting env vars: AIRFLOW_CTX_DAG_OWNER='***' AIRFLOW_CTX_DAG_ID='tasks_relations' AIRFLOW_CTX_TASK_ID='say_hello' AIRFLOW_CTX_EXECUTION_DATE='2023-05-18T00:00:00+00:00' AIRFLOW_CTX_TRY_NUMBER='1' AIRFLOW_CTX_DAG_RUN_ID='scheduled__2023-05-18T00:00:00+00:00'
[2023-09-12T17:35:59.547+0000] {logging_mixin.py:151} INFO - hello world
[2023-09-12T17:35:59.549+0000] {python.py:194} INFO - Done. Returned value was: None
[2023-09-12T17:35:59.592+0000] {taskinstance.py:1400} INFO - Marking task as SUCCESS. dag_id=tasks_relations, task_id=say_hello, execution_date=20230518T000000, start_date=20230912T173558, end_date=20230912T173559
[2023-09-12T17:35:59.679+0000] {local_task_job_runner.py:228} INFO - Task exited with return code 0
[2023-09-12T17:35:59.728+0000] {taskinstance.py:2784} INFO - 1 downstream tasks scheduled from follow-on schedule check
