[2023-09-05T15:24:21.714+0000] {taskinstance.py:1159} INFO - Dependencies all met for dep_context=non-requeueable deps ti=<TaskInstance: tasks_relations.say_hello scheduled__2023-01-11T00:00:00+00:00 [queued]>
[2023-09-05T15:24:21.762+0000] {taskinstance.py:1159} INFO - Dependencies all met for dep_context=requeueable deps ti=<TaskInstance: tasks_relations.say_hello scheduled__2023-01-11T00:00:00+00:00 [queued]>
[2023-09-05T15:24:21.772+0000] {taskinstance.py:1361} INFO - Starting attempt 1 of 1
[2023-09-05T15:24:21.819+0000] {taskinstance.py:1382} INFO - Executing <Task(_PythonDecoratedOperator): say_hello> on 2023-01-11 00:00:00+00:00
[2023-09-05T15:24:21.856+0000] {standard_task_runner.py:57} INFO - Started process 141 to run task
[2023-09-05T15:24:21.924+0000] {standard_task_runner.py:84} INFO - Running: ['***', 'tasks', 'run', 'tasks_relations', 'say_hello', 'scheduled__2023-01-11T00:00:00+00:00', '--job-id', '34', '--raw', '--subdir', 'DAGS_FOLDER/tasks_relations.py', '--cfg-path', '/tmp/tmpzsvgw8c1']
[2023-09-05T15:24:21.959+0000] {standard_task_runner.py:85} INFO - Job 34: Subtask say_hello
[2023-09-05T15:24:22.355+0000] {task_command.py:415} INFO - Running <TaskInstance: tasks_relations.say_hello scheduled__2023-01-11T00:00:00+00:00 [running]> on host ca474790e981
[2023-09-05T15:24:22.805+0000] {taskinstance.py:1660} INFO - Exporting env vars: AIRFLOW_CTX_DAG_OWNER='***' AIRFLOW_CTX_DAG_ID='tasks_relations' AIRFLOW_CTX_TASK_ID='say_hello' AIRFLOW_CTX_EXECUTION_DATE='2023-01-11T00:00:00+00:00' AIRFLOW_CTX_TRY_NUMBER='1' AIRFLOW_CTX_DAG_RUN_ID='scheduled__2023-01-11T00:00:00+00:00'
[2023-09-05T15:24:22.820+0000] {logging_mixin.py:151} INFO - hello ***
[2023-09-05T15:24:22.821+0000] {python.py:194} INFO - Done. Returned value was: None
[2023-09-05T15:24:22.860+0000] {taskinstance.py:1400} INFO - Marking task as SUCCESS. dag_id=tasks_relations, task_id=say_hello, execution_date=20230111T000000, start_date=20230905T152421, end_date=20230905T152422
[2023-09-05T15:24:23.036+0000] {local_task_job_runner.py:228} INFO - Task exited with return code 0
[2023-09-05T15:24:23.163+0000] {taskinstance.py:2784} INFO - 1 downstream tasks scheduled from follow-on schedule check
[2023-09-12T17:32:57.905+0000] {taskinstance.py:1159} INFO - Dependencies all met for dep_context=non-requeueable deps ti=<TaskInstance: tasks_relations.say_hello scheduled__2023-01-11T00:00:00+00:00 [queued]>
[2023-09-12T17:32:57.927+0000] {taskinstance.py:1159} INFO - Dependencies all met for dep_context=requeueable deps ti=<TaskInstance: tasks_relations.say_hello scheduled__2023-01-11T00:00:00+00:00 [queued]>
[2023-09-12T17:32:57.929+0000] {taskinstance.py:1361} INFO - Starting attempt 1 of 1
[2023-09-12T17:32:57.965+0000] {taskinstance.py:1382} INFO - Executing <Task(_PythonDecoratedOperator): say_hello> on 2023-01-11 00:00:00+00:00
[2023-09-12T17:32:57.975+0000] {standard_task_runner.py:57} INFO - Started process 277 to run task
[2023-09-12T17:32:57.998+0000] {standard_task_runner.py:84} INFO - Running: ['***', 'tasks', 'run', 'tasks_relations', 'say_hello', 'scheduled__2023-01-11T00:00:00+00:00', '--job-id', '87', '--raw', '--subdir', 'DAGS_FOLDER/2_tasks_relations.py', '--cfg-path', '/tmp/tmp76as1s9m']
[2023-09-12T17:32:58.010+0000] {standard_task_runner.py:85} INFO - Job 87: Subtask say_hello
[2023-09-12T17:32:58.140+0000] {task_command.py:415} INFO - Running <TaskInstance: tasks_relations.say_hello scheduled__2023-01-11T00:00:00+00:00 [running]> on host 0ab7970e0956
[2023-09-12T17:32:58.568+0000] {taskinstance.py:1660} INFO - Exporting env vars: AIRFLOW_CTX_DAG_OWNER='***' AIRFLOW_CTX_DAG_ID='tasks_relations' AIRFLOW_CTX_TASK_ID='say_hello' AIRFLOW_CTX_EXECUTION_DATE='2023-01-11T00:00:00+00:00' AIRFLOW_CTX_TRY_NUMBER='1' AIRFLOW_CTX_DAG_RUN_ID='scheduled__2023-01-11T00:00:00+00:00'
[2023-09-12T17:32:58.577+0000] {logging_mixin.py:151} INFO - hello world
[2023-09-12T17:32:58.599+0000] {python.py:194} INFO - Done. Returned value was: None
[2023-09-12T17:32:58.681+0000] {taskinstance.py:1400} INFO - Marking task as SUCCESS. dag_id=tasks_relations, task_id=say_hello, execution_date=20230111T000000, start_date=20230912T173257, end_date=20230912T173258
[2023-09-12T17:32:58.846+0000] {local_task_job_runner.py:228} INFO - Task exited with return code 0
[2023-09-12T17:32:59.122+0000] {taskinstance.py:2784} INFO - 1 downstream tasks scheduled from follow-on schedule check
