[2023-09-05T15:26:27.328+0000] {taskinstance.py:1159} INFO - Dependencies all met for dep_context=non-requeueable deps ti=<TaskInstance: tasks_relations.say_bye scheduled__2023-04-17T00:00:00+00:00 [queued]>
[2023-09-05T15:26:27.416+0000] {taskinstance.py:1159} INFO - Dependencies all met for dep_context=requeueable deps ti=<TaskInstance: tasks_relations.say_bye scheduled__2023-04-17T00:00:00+00:00 [queued]>
[2023-09-05T15:26:27.420+0000] {taskinstance.py:1361} INFO - Starting attempt 1 of 1
[2023-09-05T15:26:27.549+0000] {taskinstance.py:1382} INFO - Executing <Task(_PythonDecoratedOperator): say_bye> on 2023-04-17 00:00:00+00:00
[2023-09-05T15:26:27.745+0000] {standard_task_runner.py:57} INFO - Started process 787 to run task
[2023-09-05T15:26:27.818+0000] {standard_task_runner.py:84} INFO - Running: ['***', 'tasks', 'run', 'tasks_relations', 'say_bye', 'scheduled__2023-04-17T00:00:00+00:00', '--job-id', '343', '--raw', '--subdir', 'DAGS_FOLDER/tasks_relations.py', '--cfg-path', '/tmp/tmpg930shpj']
[2023-09-05T15:26:27.888+0000] {standard_task_runner.py:85} INFO - Job 343: Subtask say_bye
[2023-09-05T15:26:28.646+0000] {task_command.py:415} INFO - Running <TaskInstance: tasks_relations.say_bye scheduled__2023-04-17T00:00:00+00:00 [running]> on host ca474790e981
[2023-09-05T15:26:29.472+0000] {taskinstance.py:1660} INFO - Exporting env vars: AIRFLOW_CTX_DAG_OWNER='***' AIRFLOW_CTX_DAG_ID='tasks_relations' AIRFLOW_CTX_TASK_ID='say_bye' AIRFLOW_CTX_EXECUTION_DATE='2023-04-17T00:00:00+00:00' AIRFLOW_CTX_TRY_NUMBER='1' AIRFLOW_CTX_DAG_RUN_ID='scheduled__2023-04-17T00:00:00+00:00'
[2023-09-05T15:26:29.477+0000] {logging_mixin.py:151} INFO - goodbye ***
[2023-09-05T15:26:29.481+0000] {python.py:194} INFO - Done. Returned value was: None
[2023-09-05T15:26:29.523+0000] {taskinstance.py:1400} INFO - Marking task as SUCCESS. dag_id=tasks_relations, task_id=say_bye, execution_date=20230417T000000, start_date=20230905T152627, end_date=20230905T152629
[2023-09-05T15:26:29.647+0000] {local_task_job_runner.py:228} INFO - Task exited with return code 0
[2023-09-05T15:26:30.475+0000] {taskinstance.py:2784} INFO - 0 downstream tasks scheduled from follow-on schedule check
[2023-09-12T17:35:26.328+0000] {taskinstance.py:1159} INFO - Dependencies all met for dep_context=non-requeueable deps ti=<TaskInstance: tasks_relations.say_bye scheduled__2023-04-17T00:00:00+00:00 [queued]>
[2023-09-12T17:35:26.396+0000] {taskinstance.py:1159} INFO - Dependencies all met for dep_context=requeueable deps ti=<TaskInstance: tasks_relations.say_bye scheduled__2023-04-17T00:00:00+00:00 [queued]>
[2023-09-12T17:35:26.398+0000] {taskinstance.py:1361} INFO - Starting attempt 1 of 1
[2023-09-12T17:35:26.500+0000] {taskinstance.py:1382} INFO - Executing <Task(_PythonDecoratedOperator): say_bye> on 2023-04-17 00:00:00+00:00
[2023-09-12T17:35:26.526+0000] {standard_task_runner.py:57} INFO - Started process 1880 to run task
[2023-09-12T17:35:26.534+0000] {standard_task_runner.py:84} INFO - Running: ['***', 'tasks', 'run', 'tasks_relations', 'say_bye', 'scheduled__2023-04-17T00:00:00+00:00', '--job-id', '870', '--raw', '--subdir', 'DAGS_FOLDER/2_tasks_relations.py', '--cfg-path', '/tmp/tmpa8fuqu6l']
[2023-09-12T17:35:26.545+0000] {standard_task_runner.py:85} INFO - Job 870: Subtask say_bye
[2023-09-12T17:35:26.676+0000] {task_command.py:415} INFO - Running <TaskInstance: tasks_relations.say_bye scheduled__2023-04-17T00:00:00+00:00 [running]> on host 0ab7970e0956
[2023-09-12T17:35:26.883+0000] {taskinstance.py:1660} INFO - Exporting env vars: AIRFLOW_CTX_DAG_OWNER='***' AIRFLOW_CTX_DAG_ID='tasks_relations' AIRFLOW_CTX_TASK_ID='say_bye' AIRFLOW_CTX_EXECUTION_DATE='2023-04-17T00:00:00+00:00' AIRFLOW_CTX_TRY_NUMBER='1' AIRFLOW_CTX_DAG_RUN_ID='scheduled__2023-04-17T00:00:00+00:00'
[2023-09-12T17:35:26.887+0000] {logging_mixin.py:151} INFO - goodbye world
[2023-09-12T17:35:26.888+0000] {python.py:194} INFO - Done. Returned value was: None
[2023-09-12T17:35:26.911+0000] {taskinstance.py:1400} INFO - Marking task as SUCCESS. dag_id=tasks_relations, task_id=say_bye, execution_date=20230417T000000, start_date=20230912T173526, end_date=20230912T173526
[2023-09-12T17:35:26.991+0000] {local_task_job_runner.py:228} INFO - Task exited with return code 0
[2023-09-12T17:35:27.168+0000] {taskinstance.py:2784} INFO - 2 downstream tasks scheduled from follow-on schedule check
