[2023-09-05T15:25:07.810+0000] {taskinstance.py:1159} INFO - Dependencies all met for dep_context=non-requeueable deps ti=<TaskInstance: tasks_relations.say_hello scheduled__2023-02-19T00:00:00+00:00 [queued]>
[2023-09-05T15:25:07.844+0000] {taskinstance.py:1159} INFO - Dependencies all met for dep_context=requeueable deps ti=<TaskInstance: tasks_relations.say_hello scheduled__2023-02-19T00:00:00+00:00 [queued]>
[2023-09-05T15:25:07.846+0000] {taskinstance.py:1361} INFO - Starting attempt 1 of 1
[2023-09-05T15:25:07.914+0000] {taskinstance.py:1382} INFO - Executing <Task(_PythonDecoratedOperator): say_hello> on 2023-02-19 00:00:00+00:00
[2023-09-05T15:25:07.930+0000] {standard_task_runner.py:57} INFO - Started process 402 to run task
[2023-09-05T15:25:07.968+0000] {standard_task_runner.py:84} INFO - Running: ['***', 'tasks', 'run', 'tasks_relations', 'say_hello', 'scheduled__2023-02-19T00:00:00+00:00', '--job-id', '161', '--raw', '--subdir', 'DAGS_FOLDER/tasks_relations.py', '--cfg-path', '/tmp/tmps11hqu_s']
[2023-09-05T15:25:07.978+0000] {standard_task_runner.py:85} INFO - Job 161: Subtask say_hello
[2023-09-05T15:25:08.183+0000] {task_command.py:415} INFO - Running <TaskInstance: tasks_relations.say_hello scheduled__2023-02-19T00:00:00+00:00 [running]> on host ca474790e981
[2023-09-05T15:25:08.607+0000] {taskinstance.py:1660} INFO - Exporting env vars: AIRFLOW_CTX_DAG_OWNER='***' AIRFLOW_CTX_DAG_ID='tasks_relations' AIRFLOW_CTX_TASK_ID='say_hello' AIRFLOW_CTX_EXECUTION_DATE='2023-02-19T00:00:00+00:00' AIRFLOW_CTX_TRY_NUMBER='1' AIRFLOW_CTX_DAG_RUN_ID='scheduled__2023-02-19T00:00:00+00:00'
[2023-09-05T15:25:08.611+0000] {logging_mixin.py:151} INFO - hello ***
[2023-09-05T15:25:08.614+0000] {python.py:194} INFO - Done. Returned value was: None
[2023-09-05T15:25:08.697+0000] {taskinstance.py:1400} INFO - Marking task as SUCCESS. dag_id=tasks_relations, task_id=say_hello, execution_date=20230219T000000, start_date=20230905T152507, end_date=20230905T152508
[2023-09-05T15:25:08.851+0000] {local_task_job_runner.py:228} INFO - Task exited with return code 0
[2023-09-05T15:25:09.019+0000] {taskinstance.py:2784} INFO - 0 downstream tasks scheduled from follow-on schedule check
[2023-09-12T17:34:23.705+0000] {taskinstance.py:1159} INFO - Dependencies all met for dep_context=non-requeueable deps ti=<TaskInstance: tasks_relations.say_hello scheduled__2023-02-19T00:00:00+00:00 [queued]>
[2023-09-12T17:34:23.719+0000] {taskinstance.py:1159} INFO - Dependencies all met for dep_context=requeueable deps ti=<TaskInstance: tasks_relations.say_hello scheduled__2023-02-19T00:00:00+00:00 [queued]>
[2023-09-12T17:34:23.721+0000] {taskinstance.py:1361} INFO - Starting attempt 1 of 1
[2023-09-12T17:34:23.749+0000] {taskinstance.py:1382} INFO - Executing <Task(_PythonDecoratedOperator): say_hello> on 2023-02-19 00:00:00+00:00
[2023-09-12T17:34:23.753+0000] {standard_task_runner.py:57} INFO - Started process 993 to run task
[2023-09-12T17:34:23.763+0000] {standard_task_runner.py:84} INFO - Running: ['***', 'tasks', 'run', 'tasks_relations', 'say_hello', 'scheduled__2023-02-19T00:00:00+00:00', '--job-id', '437', '--raw', '--subdir', 'DAGS_FOLDER/2_tasks_relations.py', '--cfg-path', '/tmp/tmp7341c4dx']
[2023-09-12T17:34:23.771+0000] {standard_task_runner.py:85} INFO - Job 437: Subtask say_hello
[2023-09-12T17:34:23.834+0000] {task_command.py:415} INFO - Running <TaskInstance: tasks_relations.say_hello scheduled__2023-02-19T00:00:00+00:00 [running]> on host 0ab7970e0956
[2023-09-12T17:34:23.976+0000] {taskinstance.py:1660} INFO - Exporting env vars: AIRFLOW_CTX_DAG_OWNER='***' AIRFLOW_CTX_DAG_ID='tasks_relations' AIRFLOW_CTX_TASK_ID='say_hello' AIRFLOW_CTX_EXECUTION_DATE='2023-02-19T00:00:00+00:00' AIRFLOW_CTX_TRY_NUMBER='1' AIRFLOW_CTX_DAG_RUN_ID='scheduled__2023-02-19T00:00:00+00:00'
[2023-09-12T17:34:23.978+0000] {logging_mixin.py:151} INFO - hello world
[2023-09-12T17:34:23.979+0000] {python.py:194} INFO - Done. Returned value was: None
[2023-09-12T17:34:23.995+0000] {taskinstance.py:1400} INFO - Marking task as SUCCESS. dag_id=tasks_relations, task_id=say_hello, execution_date=20230219T000000, start_date=20230912T173423, end_date=20230912T173423
[2023-09-12T17:34:24.055+0000] {local_task_job_runner.py:228} INFO - Task exited with return code 0
[2023-09-12T17:34:24.112+0000] {taskinstance.py:2784} INFO - 0 downstream tasks scheduled from follow-on schedule check
