[2023-09-05T15:31:34.568+0000] {taskinstance.py:1159} INFO - Dependencies all met for dep_context=non-requeueable deps ti=<TaskInstance: tasks_relations.this_way scheduled__2023-08-24T00:00:00+00:00 [queued]>
[2023-09-05T15:31:34.651+0000] {taskinstance.py:1159} INFO - Dependencies all met for dep_context=requeueable deps ti=<TaskInstance: tasks_relations.this_way scheduled__2023-08-24T00:00:00+00:00 [queued]>
[2023-09-05T15:31:34.654+0000] {taskinstance.py:1361} INFO - Starting attempt 1 of 1
[2023-09-05T15:31:34.734+0000] {taskinstance.py:1382} INFO - Executing <Task(_PythonDecoratedOperator): this_way> on 2023-08-24 00:00:00+00:00
[2023-09-05T15:31:34.754+0000] {standard_task_runner.py:57} INFO - Started process 2043 to run task
[2023-09-05T15:31:34.808+0000] {standard_task_runner.py:84} INFO - Running: ['***', 'tasks', 'run', 'tasks_relations', 'this_way', 'scheduled__2023-08-24T00:00:00+00:00', '--job-id', '937', '--raw', '--subdir', 'DAGS_FOLDER/tasks_relations.py', '--cfg-path', '/tmp/tmpvb2mo_vs']
[2023-09-05T15:31:34.822+0000] {standard_task_runner.py:85} INFO - Job 937: Subtask this_way
[2023-09-05T15:31:35.286+0000] {task_command.py:415} INFO - Running <TaskInstance: tasks_relations.this_way scheduled__2023-08-24T00:00:00+00:00 [running]> on host ca474790e981
[2023-09-05T15:31:36.088+0000] {taskinstance.py:1660} INFO - Exporting env vars: AIRFLOW_CTX_DAG_OWNER='***' AIRFLOW_CTX_DAG_ID='tasks_relations' AIRFLOW_CTX_TASK_ID='this_way' AIRFLOW_CTX_EXECUTION_DATE='2023-08-24T00:00:00+00:00' AIRFLOW_CTX_TRY_NUMBER='1' AIRFLOW_CTX_DAG_RUN_ID='scheduled__2023-08-24T00:00:00+00:00'
[2023-09-05T15:31:36.170+0000] {logging_mixin.py:151} INFO - THIS WAY!!!
[2023-09-05T15:31:36.177+0000] {python.py:194} INFO - Done. Returned value was: None
[2023-09-05T15:31:36.428+0000] {taskinstance.py:1400} INFO - Marking task as SUCCESS. dag_id=tasks_relations, task_id=this_way, execution_date=20230824T000000, start_date=20230905T153134, end_date=20230905T153136
[2023-09-05T15:31:36.615+0000] {local_task_job_runner.py:228} INFO - Task exited with return code 0
[2023-09-05T15:31:36.741+0000] {taskinstance.py:2784} INFO - 0 downstream tasks scheduled from follow-on schedule check
[2023-09-12T17:37:52.330+0000] {taskinstance.py:1159} INFO - Dependencies all met for dep_context=non-requeueable deps ti=<TaskInstance: tasks_relations.this_way scheduled__2023-08-24T00:00:00+00:00 [queued]>
[2023-09-12T17:37:52.355+0000] {taskinstance.py:1159} INFO - Dependencies all met for dep_context=requeueable deps ti=<TaskInstance: tasks_relations.this_way scheduled__2023-08-24T00:00:00+00:00 [queued]>
[2023-09-12T17:37:52.355+0000] {taskinstance.py:1361} INFO - Starting attempt 1 of 1
[2023-09-12T17:37:52.401+0000] {taskinstance.py:1382} INFO - Executing <Task(_PythonDecoratedOperator): this_way> on 2023-08-24 00:00:00+00:00
[2023-09-12T17:37:52.413+0000] {standard_task_runner.py:57} INFO - Started process 3594 to run task
[2023-09-12T17:37:52.444+0000] {standard_task_runner.py:84} INFO - Running: ['***', 'tasks', 'run', 'tasks_relations', 'this_way', 'scheduled__2023-08-24T00:00:00+00:00', '--job-id', '1712', '--raw', '--subdir', 'DAGS_FOLDER/2_tasks_relations.py', '--cfg-path', '/tmp/tmplncn5tuf']
[2023-09-12T17:37:52.475+0000] {standard_task_runner.py:85} INFO - Job 1712: Subtask this_way
[2023-09-12T17:37:52.637+0000] {task_command.py:415} INFO - Running <TaskInstance: tasks_relations.this_way scheduled__2023-08-24T00:00:00+00:00 [running]> on host 0ab7970e0956
[2023-09-12T17:37:52.822+0000] {taskinstance.py:1660} INFO - Exporting env vars: AIRFLOW_CTX_DAG_OWNER='***' AIRFLOW_CTX_DAG_ID='tasks_relations' AIRFLOW_CTX_TASK_ID='this_way' AIRFLOW_CTX_EXECUTION_DATE='2023-08-24T00:00:00+00:00' AIRFLOW_CTX_TRY_NUMBER='1' AIRFLOW_CTX_DAG_RUN_ID='scheduled__2023-08-24T00:00:00+00:00'
[2023-09-12T17:37:52.827+0000] {logging_mixin.py:151} INFO - THIS WAY!!!
[2023-09-12T17:37:52.827+0000] {python.py:194} INFO - Done. Returned value was: None
[2023-09-12T17:37:52.846+0000] {taskinstance.py:1400} INFO - Marking task as SUCCESS. dag_id=tasks_relations, task_id=this_way, execution_date=20230824T000000, start_date=20230912T173752, end_date=20230912T173752
[2023-09-12T17:37:52.886+0000] {local_task_job_runner.py:228} INFO - Task exited with return code 0
[2023-09-12T17:37:52.910+0000] {taskinstance.py:2784} INFO - 1 downstream tasks scheduled from follow-on schedule check
