[2023-09-05T15:26:34.512+0000] {taskinstance.py:1159} INFO - Dependencies all met for dep_context=non-requeueable deps ti=<TaskInstance: tasks_relations.say_bye scheduled__2023-04-24T00:00:00+00:00 [queued]>
[2023-09-05T15:26:34.527+0000] {taskinstance.py:1159} INFO - Dependencies all met for dep_context=requeueable deps ti=<TaskInstance: tasks_relations.say_bye scheduled__2023-04-24T00:00:00+00:00 [queued]>
[2023-09-05T15:26:34.530+0000] {taskinstance.py:1361} INFO - Starting attempt 1 of 1
[2023-09-05T15:26:34.564+0000] {taskinstance.py:1382} INFO - Executing <Task(_PythonDecoratedOperator): say_bye> on 2023-04-24 00:00:00+00:00
[2023-09-05T15:26:34.573+0000] {standard_task_runner.py:57} INFO - Started process 818 to run task
[2023-09-05T15:26:34.603+0000] {standard_task_runner.py:84} INFO - Running: ['***', 'tasks', 'run', 'tasks_relations', 'say_bye', 'scheduled__2023-04-24T00:00:00+00:00', '--job-id', '364', '--raw', '--subdir', 'DAGS_FOLDER/tasks_relations.py', '--cfg-path', '/tmp/tmpo76hvv2v']
[2023-09-05T15:26:34.616+0000] {standard_task_runner.py:85} INFO - Job 364: Subtask say_bye
[2023-09-05T15:26:34.909+0000] {task_command.py:415} INFO - Running <TaskInstance: tasks_relations.say_bye scheduled__2023-04-24T00:00:00+00:00 [running]> on host ca474790e981
[2023-09-05T15:26:35.446+0000] {taskinstance.py:1660} INFO - Exporting env vars: AIRFLOW_CTX_DAG_OWNER='***' AIRFLOW_CTX_DAG_ID='tasks_relations' AIRFLOW_CTX_TASK_ID='say_bye' AIRFLOW_CTX_EXECUTION_DATE='2023-04-24T00:00:00+00:00' AIRFLOW_CTX_TRY_NUMBER='1' AIRFLOW_CTX_DAG_RUN_ID='scheduled__2023-04-24T00:00:00+00:00'
[2023-09-05T15:26:35.466+0000] {logging_mixin.py:151} INFO - goodbye ***
[2023-09-05T15:26:35.495+0000] {python.py:194} INFO - Done. Returned value was: None
[2023-09-05T15:26:35.555+0000] {taskinstance.py:1400} INFO - Marking task as SUCCESS. dag_id=tasks_relations, task_id=say_bye, execution_date=20230424T000000, start_date=20230905T152634, end_date=20230905T152635
[2023-09-05T15:26:35.665+0000] {local_task_job_runner.py:228} INFO - Task exited with return code 0
[2023-09-05T15:26:35.784+0000] {taskinstance.py:2784} INFO - 0 downstream tasks scheduled from follow-on schedule check
[2023-09-12T17:35:29.851+0000] {taskinstance.py:1159} INFO - Dependencies all met for dep_context=non-requeueable deps ti=<TaskInstance: tasks_relations.say_bye scheduled__2023-04-24T00:00:00+00:00 [queued]>
[2023-09-12T17:35:29.875+0000] {taskinstance.py:1159} INFO - Dependencies all met for dep_context=requeueable deps ti=<TaskInstance: tasks_relations.say_bye scheduled__2023-04-24T00:00:00+00:00 [queued]>
[2023-09-12T17:35:29.876+0000] {taskinstance.py:1361} INFO - Starting attempt 1 of 1
[2023-09-12T17:35:29.907+0000] {taskinstance.py:1382} INFO - Executing <Task(_PythonDecoratedOperator): say_bye> on 2023-04-24 00:00:00+00:00
[2023-09-12T17:35:29.919+0000] {standard_task_runner.py:57} INFO - Started process 1920 to run task
[2023-09-12T17:35:29.928+0000] {standard_task_runner.py:84} INFO - Running: ['***', 'tasks', 'run', 'tasks_relations', 'say_bye', 'scheduled__2023-04-24T00:00:00+00:00', '--job-id', '894', '--raw', '--subdir', 'DAGS_FOLDER/2_tasks_relations.py', '--cfg-path', '/tmp/tmpq3wjkk8m']
[2023-09-12T17:35:29.930+0000] {standard_task_runner.py:85} INFO - Job 894: Subtask say_bye
[2023-09-12T17:35:30.019+0000] {task_command.py:415} INFO - Running <TaskInstance: tasks_relations.say_bye scheduled__2023-04-24T00:00:00+00:00 [running]> on host 0ab7970e0956
[2023-09-12T17:35:30.202+0000] {taskinstance.py:1660} INFO - Exporting env vars: AIRFLOW_CTX_DAG_OWNER='***' AIRFLOW_CTX_DAG_ID='tasks_relations' AIRFLOW_CTX_TASK_ID='say_bye' AIRFLOW_CTX_EXECUTION_DATE='2023-04-24T00:00:00+00:00' AIRFLOW_CTX_TRY_NUMBER='1' AIRFLOW_CTX_DAG_RUN_ID='scheduled__2023-04-24T00:00:00+00:00'
[2023-09-12T17:35:30.204+0000] {logging_mixin.py:151} INFO - goodbye world
[2023-09-12T17:35:30.211+0000] {python.py:194} INFO - Done. Returned value was: None
[2023-09-12T17:35:30.238+0000] {taskinstance.py:1400} INFO - Marking task as SUCCESS. dag_id=tasks_relations, task_id=say_bye, execution_date=20230424T000000, start_date=20230912T173529, end_date=20230912T173530
[2023-09-12T17:35:30.312+0000] {local_task_job_runner.py:228} INFO - Task exited with return code 0
[2023-09-12T17:35:30.381+0000] {taskinstance.py:2784} INFO - 2 downstream tasks scheduled from follow-on schedule check
