[2023-09-05T15:27:41.009+0000] {taskinstance.py:1159} INFO - Dependencies all met for dep_context=non-requeueable deps ti=<TaskInstance: tasks_relations.say_bye scheduled__2023-05-17T00:00:00+00:00 [queued]>
[2023-09-05T15:27:41.393+0000] {taskinstance.py:1159} INFO - Dependencies all met for dep_context=requeueable deps ti=<TaskInstance: tasks_relations.say_bye scheduled__2023-05-17T00:00:00+00:00 [queued]>
[2023-09-05T15:27:41.448+0000] {taskinstance.py:1361} INFO - Starting attempt 1 of 1
[2023-09-05T15:27:41.559+0000] {taskinstance.py:1382} INFO - Executing <Task(_PythonDecoratedOperator): say_bye> on 2023-05-17 00:00:00+00:00
[2023-09-05T15:27:41.710+0000] {standard_task_runner.py:57} INFO - Started process 950 to run task
[2023-09-05T15:27:41.960+0000] {standard_task_runner.py:84} INFO - Running: ['***', 'tasks', 'run', 'tasks_relations', 'say_bye', 'scheduled__2023-05-17T00:00:00+00:00', '--job-id', '413', '--raw', '--subdir', 'DAGS_FOLDER/tasks_relations.py', '--cfg-path', '/tmp/tmpbvnm2pxb']
[2023-09-05T15:27:42.018+0000] {standard_task_runner.py:85} INFO - Job 413: Subtask say_bye
[2023-09-05T15:27:43.279+0000] {task_command.py:415} INFO - Running <TaskInstance: tasks_relations.say_bye scheduled__2023-05-17T00:00:00+00:00 [running]> on host ca474790e981
[2023-09-05T15:27:44.716+0000] {taskinstance.py:1660} INFO - Exporting env vars: AIRFLOW_CTX_DAG_OWNER='***' AIRFLOW_CTX_DAG_ID='tasks_relations' AIRFLOW_CTX_TASK_ID='say_bye' AIRFLOW_CTX_EXECUTION_DATE='2023-05-17T00:00:00+00:00' AIRFLOW_CTX_TRY_NUMBER='1' AIRFLOW_CTX_DAG_RUN_ID='scheduled__2023-05-17T00:00:00+00:00'
[2023-09-05T15:27:44.764+0000] {logging_mixin.py:151} INFO - goodbye world
[2023-09-05T15:27:44.791+0000] {python.py:194} INFO - Done. Returned value was: None
[2023-09-05T15:27:44.996+0000] {taskinstance.py:1400} INFO - Marking task as SUCCESS. dag_id=tasks_relations, task_id=say_bye, execution_date=20230517T000000, start_date=20230905T152741, end_date=20230905T152744
[2023-09-05T15:27:46.165+0000] {local_task_job_runner.py:228} INFO - Task exited with return code 0
[2023-09-05T15:27:47.094+0000] {taskinstance.py:2784} INFO - 0 downstream tasks scheduled from follow-on schedule check
[2023-09-12T17:35:59.892+0000] {taskinstance.py:1159} INFO - Dependencies all met for dep_context=non-requeueable deps ti=<TaskInstance: tasks_relations.say_bye scheduled__2023-05-17T00:00:00+00:00 [queued]>
[2023-09-12T17:35:59.934+0000] {taskinstance.py:1159} INFO - Dependencies all met for dep_context=requeueable deps ti=<TaskInstance: tasks_relations.say_bye scheduled__2023-05-17T00:00:00+00:00 [queued]>
[2023-09-12T17:35:59.940+0000] {taskinstance.py:1361} INFO - Starting attempt 1 of 1
[2023-09-12T17:36:00.054+0000] {taskinstance.py:1382} INFO - Executing <Task(_PythonDecoratedOperator): say_bye> on 2023-05-17 00:00:00+00:00
[2023-09-12T17:36:00.074+0000] {standard_task_runner.py:57} INFO - Started process 2301 to run task
[2023-09-12T17:36:00.098+0000] {standard_task_runner.py:84} INFO - Running: ['***', 'tasks', 'run', 'tasks_relations', 'say_bye', 'scheduled__2023-05-17T00:00:00+00:00', '--job-id', '1082', '--raw', '--subdir', 'DAGS_FOLDER/2_tasks_relations.py', '--cfg-path', '/tmp/tmp7c1wq0a0']
[2023-09-12T17:36:00.115+0000] {standard_task_runner.py:85} INFO - Job 1082: Subtask say_bye
[2023-09-12T17:36:00.302+0000] {task_command.py:415} INFO - Running <TaskInstance: tasks_relations.say_bye scheduled__2023-05-17T00:00:00+00:00 [running]> on host 0ab7970e0956
[2023-09-12T17:36:00.554+0000] {taskinstance.py:1660} INFO - Exporting env vars: AIRFLOW_CTX_DAG_OWNER='***' AIRFLOW_CTX_DAG_ID='tasks_relations' AIRFLOW_CTX_TASK_ID='say_bye' AIRFLOW_CTX_EXECUTION_DATE='2023-05-17T00:00:00+00:00' AIRFLOW_CTX_TRY_NUMBER='1' AIRFLOW_CTX_DAG_RUN_ID='scheduled__2023-05-17T00:00:00+00:00'
[2023-09-12T17:36:00.555+0000] {logging_mixin.py:151} INFO - goodbye world
[2023-09-12T17:36:00.561+0000] {python.py:194} INFO - Done. Returned value was: None
[2023-09-12T17:36:00.591+0000] {taskinstance.py:1400} INFO - Marking task as SUCCESS. dag_id=tasks_relations, task_id=say_bye, execution_date=20230517T000000, start_date=20230912T173559, end_date=20230912T173600
[2023-09-12T17:36:00.700+0000] {local_task_job_runner.py:228} INFO - Task exited with return code 0
[2023-09-12T17:36:00.745+0000] {taskinstance.py:2784} INFO - 2 downstream tasks scheduled from follow-on schedule check
