[2023-09-05T15:30:37.997+0000] {taskinstance.py:1159} INFO - Dependencies all met for dep_context=non-requeueable deps ti=<TaskInstance: tasks_relations.or_that_way scheduled__2023-07-30T00:00:00+00:00 [queued]>
[2023-09-05T15:30:38.080+0000] {taskinstance.py:1159} INFO - Dependencies all met for dep_context=requeueable deps ti=<TaskInstance: tasks_relations.or_that_way scheduled__2023-07-30T00:00:00+00:00 [queued]>
[2023-09-05T15:30:38.082+0000] {taskinstance.py:1361} INFO - Starting attempt 1 of 1
[2023-09-05T15:30:38.143+0000] {taskinstance.py:1382} INFO - Executing <Task(_PythonDecoratedOperator): or_that_way> on 2023-07-30 00:00:00+00:00
[2023-09-05T15:30:38.257+0000] {standard_task_runner.py:57} INFO - Started process 1732 to run task
[2023-09-05T15:30:38.317+0000] {standard_task_runner.py:84} INFO - Running: ['***', 'tasks', 'run', 'tasks_relations', 'or_that_way', 'scheduled__2023-07-30T00:00:00+00:00', '--job-id', '789', '--raw', '--subdir', 'DAGS_FOLDER/tasks_relations.py', '--cfg-path', '/tmp/tmp12o45ea1']
[2023-09-05T15:30:38.324+0000] {standard_task_runner.py:85} INFO - Job 789: Subtask or_that_way
[2023-09-05T15:30:38.624+0000] {task_command.py:415} INFO - Running <TaskInstance: tasks_relations.or_that_way scheduled__2023-07-30T00:00:00+00:00 [running]> on host ca474790e981
[2023-09-05T15:30:38.962+0000] {taskinstance.py:1660} INFO - Exporting env vars: AIRFLOW_CTX_DAG_OWNER='***' AIRFLOW_CTX_DAG_ID='tasks_relations' AIRFLOW_CTX_TASK_ID='or_that_way' AIRFLOW_CTX_EXECUTION_DATE='2023-07-30T00:00:00+00:00' AIRFLOW_CTX_TRY_NUMBER='1' AIRFLOW_CTX_DAG_RUN_ID='scheduled__2023-07-30T00:00:00+00:00'
[2023-09-05T15:30:38.964+0000] {logging_mixin.py:151} INFO - NO NO, THAT WAY WAY!!!
[2023-09-05T15:30:38.964+0000] {python.py:194} INFO - Done. Returned value was: None
[2023-09-05T15:30:39.014+0000] {taskinstance.py:1400} INFO - Marking task as SUCCESS. dag_id=tasks_relations, task_id=or_that_way, execution_date=20230730T000000, start_date=20230905T153038, end_date=20230905T153039
[2023-09-05T15:30:39.123+0000] {local_task_job_runner.py:228} INFO - Task exited with return code 0
[2023-09-05T15:30:39.185+0000] {taskinstance.py:2784} INFO - 0 downstream tasks scheduled from follow-on schedule check
[2023-09-12T17:37:24.368+0000] {taskinstance.py:1159} INFO - Dependencies all met for dep_context=non-requeueable deps ti=<TaskInstance: tasks_relations.or_that_way scheduled__2023-07-30T00:00:00+00:00 [queued]>
[2023-09-12T17:37:24.415+0000] {taskinstance.py:1159} INFO - Dependencies all met for dep_context=requeueable deps ti=<TaskInstance: tasks_relations.or_that_way scheduled__2023-07-30T00:00:00+00:00 [queued]>
[2023-09-12T17:37:24.420+0000] {taskinstance.py:1361} INFO - Starting attempt 1 of 1
[2023-09-12T17:37:24.529+0000] {taskinstance.py:1382} INFO - Executing <Task(_PythonDecoratedOperator): or_that_way> on 2023-07-30 00:00:00+00:00
[2023-09-12T17:37:24.572+0000] {standard_task_runner.py:57} INFO - Started process 3271 to run task
[2023-09-12T17:37:24.600+0000] {standard_task_runner.py:84} INFO - Running: ['***', 'tasks', 'run', 'tasks_relations', 'or_that_way', 'scheduled__2023-07-30T00:00:00+00:00', '--job-id', '1552', '--raw', '--subdir', 'DAGS_FOLDER/2_tasks_relations.py', '--cfg-path', '/tmp/tmpcmkd543x']
[2023-09-12T17:37:24.609+0000] {standard_task_runner.py:85} INFO - Job 1552: Subtask or_that_way
[2023-09-12T17:37:24.840+0000] {task_command.py:415} INFO - Running <TaskInstance: tasks_relations.or_that_way scheduled__2023-07-30T00:00:00+00:00 [running]> on host 0ab7970e0956
[2023-09-12T17:37:25.159+0000] {taskinstance.py:1660} INFO - Exporting env vars: AIRFLOW_CTX_DAG_OWNER='***' AIRFLOW_CTX_DAG_ID='tasks_relations' AIRFLOW_CTX_TASK_ID='or_that_way' AIRFLOW_CTX_EXECUTION_DATE='2023-07-30T00:00:00+00:00' AIRFLOW_CTX_TRY_NUMBER='1' AIRFLOW_CTX_DAG_RUN_ID='scheduled__2023-07-30T00:00:00+00:00'
[2023-09-12T17:37:25.160+0000] {logging_mixin.py:151} INFO - NO NO, THAT WAY WAY!!!
[2023-09-12T17:37:25.161+0000] {python.py:194} INFO - Done. Returned value was: None
[2023-09-12T17:37:25.196+0000] {taskinstance.py:1400} INFO - Marking task as SUCCESS. dag_id=tasks_relations, task_id=or_that_way, execution_date=20230730T000000, start_date=20230912T173724, end_date=20230912T173725
[2023-09-12T17:37:25.343+0000] {local_task_job_runner.py:228} INFO - Task exited with return code 0
[2023-09-12T17:37:25.495+0000] {taskinstance.py:2784} INFO - 1 downstream tasks scheduled from follow-on schedule check
