[2023-09-05T15:26:34.491+0000] {taskinstance.py:1159} INFO - Dependencies all met for dep_context=non-requeueable deps ti=<TaskInstance: tasks_relations.say_hello scheduled__2023-04-30T00:00:00+00:00 [queued]>
[2023-09-05T15:26:34.503+0000] {taskinstance.py:1159} INFO - Dependencies all met for dep_context=requeueable deps ti=<TaskInstance: tasks_relations.say_hello scheduled__2023-04-30T00:00:00+00:00 [queued]>
[2023-09-05T15:26:34.505+0000] {taskinstance.py:1361} INFO - Starting attempt 1 of 1
[2023-09-05T15:26:34.527+0000] {taskinstance.py:1382} INFO - Executing <Task(_PythonDecoratedOperator): say_hello> on 2023-04-30 00:00:00+00:00
[2023-09-05T15:26:34.541+0000] {standard_task_runner.py:57} INFO - Started process 817 to run task
[2023-09-05T15:26:34.553+0000] {standard_task_runner.py:84} INFO - Running: ['***', 'tasks', 'run', 'tasks_relations', 'say_hello', 'scheduled__2023-04-30T00:00:00+00:00', '--job-id', '363', '--raw', '--subdir', 'DAGS_FOLDER/tasks_relations.py', '--cfg-path', '/tmp/tmpld7pzf9w']
[2023-09-05T15:26:34.558+0000] {standard_task_runner.py:85} INFO - Job 363: Subtask say_hello
[2023-09-05T15:26:34.796+0000] {task_command.py:415} INFO - Running <TaskInstance: tasks_relations.say_hello scheduled__2023-04-30T00:00:00+00:00 [running]> on host ca474790e981
[2023-09-05T15:26:35.391+0000] {taskinstance.py:1660} INFO - Exporting env vars: AIRFLOW_CTX_DAG_OWNER='***' AIRFLOW_CTX_DAG_ID='tasks_relations' AIRFLOW_CTX_TASK_ID='say_hello' AIRFLOW_CTX_EXECUTION_DATE='2023-04-30T00:00:00+00:00' AIRFLOW_CTX_TRY_NUMBER='1' AIRFLOW_CTX_DAG_RUN_ID='scheduled__2023-04-30T00:00:00+00:00'
[2023-09-05T15:26:35.412+0000] {logging_mixin.py:151} INFO - hello ***
[2023-09-05T15:26:35.422+0000] {python.py:194} INFO - Done. Returned value was: None
[2023-09-05T15:26:35.465+0000] {taskinstance.py:1400} INFO - Marking task as SUCCESS. dag_id=tasks_relations, task_id=say_hello, execution_date=20230430T000000, start_date=20230905T152634, end_date=20230905T152635
[2023-09-05T15:26:35.578+0000] {local_task_job_runner.py:228} INFO - Task exited with return code 0
[2023-09-05T15:26:35.651+0000] {taskinstance.py:2784} INFO - 1 downstream tasks scheduled from follow-on schedule check
[2023-09-12T17:35:40.501+0000] {taskinstance.py:1159} INFO - Dependencies all met for dep_context=non-requeueable deps ti=<TaskInstance: tasks_relations.say_hello scheduled__2023-04-30T00:00:00+00:00 [queued]>
[2023-09-12T17:35:40.537+0000] {taskinstance.py:1159} INFO - Dependencies all met for dep_context=requeueable deps ti=<TaskInstance: tasks_relations.say_hello scheduled__2023-04-30T00:00:00+00:00 [queued]>
[2023-09-12T17:35:40.538+0000] {taskinstance.py:1361} INFO - Starting attempt 1 of 1
[2023-09-12T17:35:40.595+0000] {taskinstance.py:1382} INFO - Executing <Task(_PythonDecoratedOperator): say_hello> on 2023-04-30 00:00:00+00:00
[2023-09-12T17:35:40.622+0000] {standard_task_runner.py:57} INFO - Started process 2045 to run task
[2023-09-12T17:35:40.643+0000] {standard_task_runner.py:84} INFO - Running: ['***', 'tasks', 'run', 'tasks_relations', 'say_hello', 'scheduled__2023-04-30T00:00:00+00:00', '--job-id', '953', '--raw', '--subdir', 'DAGS_FOLDER/2_tasks_relations.py', '--cfg-path', '/tmp/tmptwchb3cv']
[2023-09-12T17:35:40.652+0000] {standard_task_runner.py:85} INFO - Job 953: Subtask say_hello
[2023-09-12T17:35:40.905+0000] {task_command.py:415} INFO - Running <TaskInstance: tasks_relations.say_hello scheduled__2023-04-30T00:00:00+00:00 [running]> on host 0ab7970e0956
[2023-09-12T17:35:41.178+0000] {taskinstance.py:1660} INFO - Exporting env vars: AIRFLOW_CTX_DAG_OWNER='***' AIRFLOW_CTX_DAG_ID='tasks_relations' AIRFLOW_CTX_TASK_ID='say_hello' AIRFLOW_CTX_EXECUTION_DATE='2023-04-30T00:00:00+00:00' AIRFLOW_CTX_TRY_NUMBER='1' AIRFLOW_CTX_DAG_RUN_ID='scheduled__2023-04-30T00:00:00+00:00'
[2023-09-12T17:35:41.184+0000] {logging_mixin.py:151} INFO - hello world
[2023-09-12T17:35:41.184+0000] {python.py:194} INFO - Done. Returned value was: None
[2023-09-12T17:35:41.228+0000] {taskinstance.py:1400} INFO - Marking task as SUCCESS. dag_id=tasks_relations, task_id=say_hello, execution_date=20230430T000000, start_date=20230912T173540, end_date=20230912T173541
[2023-09-12T17:35:41.385+0000] {local_task_job_runner.py:228} INFO - Task exited with return code 0
[2023-09-12T17:35:41.447+0000] {taskinstance.py:2784} INFO - 1 downstream tasks scheduled from follow-on schedule check
