[2023-09-05T15:29:32.956+0000] {taskinstance.py:1159} INFO - Dependencies all met for dep_context=non-requeueable deps ti=<TaskInstance: tasks_relations.say_bye scheduled__2023-06-23T00:00:00+00:00 [queued]>
[2023-09-05T15:29:33.020+0000] {taskinstance.py:1159} INFO - Dependencies all met for dep_context=requeueable deps ti=<TaskInstance: tasks_relations.say_bye scheduled__2023-06-23T00:00:00+00:00 [queued]>
[2023-09-05T15:29:33.022+0000] {taskinstance.py:1361} INFO - Starting attempt 1 of 1
[2023-09-05T15:29:33.157+0000] {taskinstance.py:1382} INFO - Executing <Task(_PythonDecoratedOperator): say_bye> on 2023-06-23 00:00:00+00:00
[2023-09-05T15:29:33.227+0000] {standard_task_runner.py:57} INFO - Started process 1349 to run task
[2023-09-05T15:29:33.275+0000] {standard_task_runner.py:84} INFO - Running: ['***', 'tasks', 'run', 'tasks_relations', 'say_bye', 'scheduled__2023-06-23T00:00:00+00:00', '--job-id', '600', '--raw', '--subdir', 'DAGS_FOLDER/tasks_relations.py', '--cfg-path', '/tmp/tmp4kafdyr9']
[2023-09-05T15:29:33.296+0000] {standard_task_runner.py:85} INFO - Job 600: Subtask say_bye
[2023-09-05T15:29:33.624+0000] {task_command.py:415} INFO - Running <TaskInstance: tasks_relations.say_bye scheduled__2023-06-23T00:00:00+00:00 [running]> on host ca474790e981
[2023-09-05T15:29:34.226+0000] {taskinstance.py:1660} INFO - Exporting env vars: AIRFLOW_CTX_DAG_OWNER='***' AIRFLOW_CTX_DAG_ID='tasks_relations' AIRFLOW_CTX_TASK_ID='say_bye' AIRFLOW_CTX_EXECUTION_DATE='2023-06-23T00:00:00+00:00' AIRFLOW_CTX_TRY_NUMBER='1' AIRFLOW_CTX_DAG_RUN_ID='scheduled__2023-06-23T00:00:00+00:00'
[2023-09-05T15:29:34.234+0000] {logging_mixin.py:151} INFO - goodbye world
[2023-09-05T15:29:34.250+0000] {python.py:194} INFO - Done. Returned value was: None
[2023-09-05T15:29:34.291+0000] {taskinstance.py:1400} INFO - Marking task as SUCCESS. dag_id=tasks_relations, task_id=say_bye, execution_date=20230623T000000, start_date=20230905T152932, end_date=20230905T152934
[2023-09-05T15:29:34.480+0000] {local_task_job_runner.py:228} INFO - Task exited with return code 0
[2023-09-05T15:29:34.610+0000] {taskinstance.py:2784} INFO - 2 downstream tasks scheduled from follow-on schedule check
[2023-09-12T17:36:40.349+0000] {taskinstance.py:1159} INFO - Dependencies all met for dep_context=non-requeueable deps ti=<TaskInstance: tasks_relations.say_bye scheduled__2023-06-23T00:00:00+00:00 [queued]>
[2023-09-12T17:36:40.389+0000] {taskinstance.py:1159} INFO - Dependencies all met for dep_context=requeueable deps ti=<TaskInstance: tasks_relations.say_bye scheduled__2023-06-23T00:00:00+00:00 [queued]>
[2023-09-12T17:36:40.394+0000] {taskinstance.py:1361} INFO - Starting attempt 1 of 1
[2023-09-12T17:36:40.444+0000] {taskinstance.py:1382} INFO - Executing <Task(_PythonDecoratedOperator): say_bye> on 2023-06-23 00:00:00+00:00
[2023-09-12T17:36:40.461+0000] {standard_task_runner.py:57} INFO - Started process 2751 to run task
[2023-09-12T17:36:40.506+0000] {standard_task_runner.py:84} INFO - Running: ['***', 'tasks', 'run', 'tasks_relations', 'say_bye', 'scheduled__2023-06-23T00:00:00+00:00', '--job-id', '1297', '--raw', '--subdir', 'DAGS_FOLDER/2_tasks_relations.py', '--cfg-path', '/tmp/tmp7vt9_sp9']
[2023-09-12T17:36:40.513+0000] {standard_task_runner.py:85} INFO - Job 1297: Subtask say_bye
[2023-09-12T17:36:40.762+0000] {task_command.py:415} INFO - Running <TaskInstance: tasks_relations.say_bye scheduled__2023-06-23T00:00:00+00:00 [running]> on host 0ab7970e0956
[2023-09-12T17:36:41.150+0000] {taskinstance.py:1660} INFO - Exporting env vars: AIRFLOW_CTX_DAG_OWNER='***' AIRFLOW_CTX_DAG_ID='tasks_relations' AIRFLOW_CTX_TASK_ID='say_bye' AIRFLOW_CTX_EXECUTION_DATE='2023-06-23T00:00:00+00:00' AIRFLOW_CTX_TRY_NUMBER='1' AIRFLOW_CTX_DAG_RUN_ID='scheduled__2023-06-23T00:00:00+00:00'
[2023-09-12T17:36:41.152+0000] {logging_mixin.py:151} INFO - goodbye world
[2023-09-12T17:36:41.152+0000] {python.py:194} INFO - Done. Returned value was: None
[2023-09-12T17:36:41.182+0000] {taskinstance.py:1400} INFO - Marking task as SUCCESS. dag_id=tasks_relations, task_id=say_bye, execution_date=20230623T000000, start_date=20230912T173640, end_date=20230912T173641
[2023-09-12T17:36:41.375+0000] {local_task_job_runner.py:228} INFO - Task exited with return code 0
[2023-09-12T17:36:41.465+0000] {taskinstance.py:2784} INFO - 2 downstream tasks scheduled from follow-on schedule check
