[2023-09-05T15:31:23.767+0000] {taskinstance.py:1159} INFO - Dependencies all met for dep_context=non-requeueable deps ti=<TaskInstance: tasks_relations.say_bye scheduled__2023-08-22T00:00:00+00:00 [queued]>
[2023-09-05T15:31:23.891+0000] {taskinstance.py:1159} INFO - Dependencies all met for dep_context=requeueable deps ti=<TaskInstance: tasks_relations.say_bye scheduled__2023-08-22T00:00:00+00:00 [queued]>
[2023-09-05T15:31:23.898+0000] {taskinstance.py:1361} INFO - Starting attempt 1 of 1
[2023-09-05T15:31:24.010+0000] {taskinstance.py:1382} INFO - Executing <Task(_PythonDecoratedOperator): say_bye> on 2023-08-22 00:00:00+00:00
[2023-09-05T15:31:24.119+0000] {standard_task_runner.py:57} INFO - Started process 1991 to run task
[2023-09-05T15:31:24.190+0000] {standard_task_runner.py:84} INFO - Running: ['***', 'tasks', 'run', 'tasks_relations', 'say_bye', 'scheduled__2023-08-22T00:00:00+00:00', '--job-id', '909', '--raw', '--subdir', 'DAGS_FOLDER/tasks_relations.py', '--cfg-path', '/tmp/tmpl9o_5qhx']
[2023-09-05T15:31:24.217+0000] {standard_task_runner.py:85} INFO - Job 909: Subtask say_bye
[2023-09-05T15:31:24.828+0000] {task_command.py:415} INFO - Running <TaskInstance: tasks_relations.say_bye scheduled__2023-08-22T00:00:00+00:00 [running]> on host ca474790e981
[2023-09-05T15:31:25.227+0000] {taskinstance.py:1660} INFO - Exporting env vars: AIRFLOW_CTX_DAG_OWNER='***' AIRFLOW_CTX_DAG_ID='tasks_relations' AIRFLOW_CTX_TASK_ID='say_bye' AIRFLOW_CTX_EXECUTION_DATE='2023-08-22T00:00:00+00:00' AIRFLOW_CTX_TRY_NUMBER='1' AIRFLOW_CTX_DAG_RUN_ID='scheduled__2023-08-22T00:00:00+00:00'
[2023-09-05T15:31:25.252+0000] {logging_mixin.py:151} INFO - goodbye world
[2023-09-05T15:31:25.260+0000] {python.py:194} INFO - Done. Returned value was: None
[2023-09-05T15:31:25.332+0000] {taskinstance.py:1400} INFO - Marking task as SUCCESS. dag_id=tasks_relations, task_id=say_bye, execution_date=20230822T000000, start_date=20230905T153123, end_date=20230905T153125
[2023-09-05T15:31:25.595+0000] {local_task_job_runner.py:228} INFO - Task exited with return code 0
[2023-09-05T15:31:25.914+0000] {taskinstance.py:2784} INFO - 2 downstream tasks scheduled from follow-on schedule check
[2023-09-12T17:37:47.132+0000] {taskinstance.py:1159} INFO - Dependencies all met for dep_context=non-requeueable deps ti=<TaskInstance: tasks_relations.say_bye scheduled__2023-08-22T00:00:00+00:00 [queued]>
[2023-09-12T17:37:47.165+0000] {taskinstance.py:1159} INFO - Dependencies all met for dep_context=requeueable deps ti=<TaskInstance: tasks_relations.say_bye scheduled__2023-08-22T00:00:00+00:00 [queued]>
[2023-09-12T17:37:47.172+0000] {taskinstance.py:1361} INFO - Starting attempt 1 of 1
[2023-09-12T17:37:47.219+0000] {taskinstance.py:1382} INFO - Executing <Task(_PythonDecoratedOperator): say_bye> on 2023-08-22 00:00:00+00:00
[2023-09-12T17:37:47.252+0000] {standard_task_runner.py:57} INFO - Started process 3521 to run task
[2023-09-12T17:37:47.294+0000] {standard_task_runner.py:84} INFO - Running: ['***', 'tasks', 'run', 'tasks_relations', 'say_bye', 'scheduled__2023-08-22T00:00:00+00:00', '--job-id', '1680', '--raw', '--subdir', 'DAGS_FOLDER/2_tasks_relations.py', '--cfg-path', '/tmp/tmpipc6hvja']
[2023-09-12T17:37:47.306+0000] {standard_task_runner.py:85} INFO - Job 1680: Subtask say_bye
[2023-09-12T17:37:47.549+0000] {task_command.py:415} INFO - Running <TaskInstance: tasks_relations.say_bye scheduled__2023-08-22T00:00:00+00:00 [running]> on host 0ab7970e0956
[2023-09-12T17:37:47.922+0000] {taskinstance.py:1660} INFO - Exporting env vars: AIRFLOW_CTX_DAG_OWNER='***' AIRFLOW_CTX_DAG_ID='tasks_relations' AIRFLOW_CTX_TASK_ID='say_bye' AIRFLOW_CTX_EXECUTION_DATE='2023-08-22T00:00:00+00:00' AIRFLOW_CTX_TRY_NUMBER='1' AIRFLOW_CTX_DAG_RUN_ID='scheduled__2023-08-22T00:00:00+00:00'
[2023-09-12T17:37:47.925+0000] {logging_mixin.py:151} INFO - goodbye world
[2023-09-12T17:37:47.927+0000] {python.py:194} INFO - Done. Returned value was: None
[2023-09-12T17:37:47.947+0000] {taskinstance.py:1400} INFO - Marking task as SUCCESS. dag_id=tasks_relations, task_id=say_bye, execution_date=20230822T000000, start_date=20230912T173747, end_date=20230912T173747
[2023-09-12T17:37:48.011+0000] {local_task_job_runner.py:228} INFO - Task exited with return code 0
[2023-09-12T17:37:48.059+0000] {taskinstance.py:2784} INFO - 2 downstream tasks scheduled from follow-on schedule check
