[2023-09-05T15:30:54.926+0000] {taskinstance.py:1159} INFO - Dependencies all met for dep_context=non-requeueable deps ti=<TaskInstance: tasks_relations.say_hello scheduled__2023-08-11T00:00:00+00:00 [queued]>
[2023-09-05T15:30:55.081+0000] {taskinstance.py:1159} INFO - Dependencies all met for dep_context=requeueable deps ti=<TaskInstance: tasks_relations.say_hello scheduled__2023-08-11T00:00:00+00:00 [queued]>
[2023-09-05T15:30:55.133+0000] {taskinstance.py:1361} INFO - Starting attempt 1 of 1
[2023-09-05T15:30:55.322+0000] {taskinstance.py:1382} INFO - Executing <Task(_PythonDecoratedOperator): say_hello> on 2023-08-11 00:00:00+00:00
[2023-09-05T15:30:55.373+0000] {standard_task_runner.py:57} INFO - Started process 1820 to run task
[2023-09-05T15:30:55.709+0000] {standard_task_runner.py:84} INFO - Running: ['***', 'tasks', 'run', 'tasks_relations', 'say_hello', 'scheduled__2023-08-11T00:00:00+00:00', '--job-id', '828', '--raw', '--subdir', 'DAGS_FOLDER/tasks_relations.py', '--cfg-path', '/tmp/tmpgmgbjhxd']
[2023-09-05T15:30:55.732+0000] {standard_task_runner.py:85} INFO - Job 828: Subtask say_hello
[2023-09-05T15:30:56.402+0000] {task_command.py:415} INFO - Running <TaskInstance: tasks_relations.say_hello scheduled__2023-08-11T00:00:00+00:00 [running]> on host ca474790e981
[2023-09-05T15:30:57.079+0000] {taskinstance.py:1660} INFO - Exporting env vars: AIRFLOW_CTX_DAG_OWNER='***' AIRFLOW_CTX_DAG_ID='tasks_relations' AIRFLOW_CTX_TASK_ID='say_hello' AIRFLOW_CTX_EXECUTION_DATE='2023-08-11T00:00:00+00:00' AIRFLOW_CTX_TRY_NUMBER='1' AIRFLOW_CTX_DAG_RUN_ID='scheduled__2023-08-11T00:00:00+00:00'
[2023-09-05T15:30:57.119+0000] {logging_mixin.py:151} INFO - hello world
[2023-09-05T15:30:57.121+0000] {python.py:194} INFO - Done. Returned value was: None
[2023-09-05T15:30:57.231+0000] {taskinstance.py:1400} INFO - Marking task as SUCCESS. dag_id=tasks_relations, task_id=say_hello, execution_date=20230811T000000, start_date=20230905T153054, end_date=20230905T153057
[2023-09-05T15:30:57.673+0000] {local_task_job_runner.py:228} INFO - Task exited with return code 0
[2023-09-05T15:30:57.879+0000] {taskinstance.py:2784} INFO - 0 downstream tasks scheduled from follow-on schedule check
[2023-09-12T17:37:29.319+0000] {taskinstance.py:1159} INFO - Dependencies all met for dep_context=non-requeueable deps ti=<TaskInstance: tasks_relations.say_hello scheduled__2023-08-11T00:00:00+00:00 [queued]>
[2023-09-12T17:37:29.356+0000] {taskinstance.py:1159} INFO - Dependencies all met for dep_context=requeueable deps ti=<TaskInstance: tasks_relations.say_hello scheduled__2023-08-11T00:00:00+00:00 [queued]>
[2023-09-12T17:37:29.380+0000] {taskinstance.py:1361} INFO - Starting attempt 1 of 1
[2023-09-12T17:37:29.444+0000] {taskinstance.py:1382} INFO - Executing <Task(_PythonDecoratedOperator): say_hello> on 2023-08-11 00:00:00+00:00
[2023-09-12T17:37:29.452+0000] {standard_task_runner.py:57} INFO - Started process 3331 to run task
[2023-09-12T17:37:29.483+0000] {standard_task_runner.py:84} INFO - Running: ['***', 'tasks', 'run', 'tasks_relations', 'say_hello', 'scheduled__2023-08-11T00:00:00+00:00', '--job-id', '1584', '--raw', '--subdir', 'DAGS_FOLDER/2_tasks_relations.py', '--cfg-path', '/tmp/tmpplaym0ae']
[2023-09-12T17:37:29.489+0000] {standard_task_runner.py:85} INFO - Job 1584: Subtask say_hello
[2023-09-12T17:37:29.641+0000] {task_command.py:415} INFO - Running <TaskInstance: tasks_relations.say_hello scheduled__2023-08-11T00:00:00+00:00 [running]> on host 0ab7970e0956
[2023-09-12T17:37:29.812+0000] {taskinstance.py:1660} INFO - Exporting env vars: AIRFLOW_CTX_DAG_OWNER='***' AIRFLOW_CTX_DAG_ID='tasks_relations' AIRFLOW_CTX_TASK_ID='say_hello' AIRFLOW_CTX_EXECUTION_DATE='2023-08-11T00:00:00+00:00' AIRFLOW_CTX_TRY_NUMBER='1' AIRFLOW_CTX_DAG_RUN_ID='scheduled__2023-08-11T00:00:00+00:00'
[2023-09-12T17:37:29.815+0000] {logging_mixin.py:151} INFO - hello world
[2023-09-12T17:37:29.816+0000] {python.py:194} INFO - Done. Returned value was: None
[2023-09-12T17:37:29.834+0000] {taskinstance.py:1400} INFO - Marking task as SUCCESS. dag_id=tasks_relations, task_id=say_hello, execution_date=20230811T000000, start_date=20230912T173729, end_date=20230912T173729
[2023-09-12T17:37:29.876+0000] {local_task_job_runner.py:228} INFO - Task exited with return code 0
[2023-09-12T17:37:29.910+0000] {taskinstance.py:2784} INFO - 1 downstream tasks scheduled from follow-on schedule check
