[2023-09-05T15:29:54.249+0000] {taskinstance.py:1159} INFO - Dependencies all met for dep_context=non-requeueable deps ti=<TaskInstance: tasks_relations.say_hello scheduled__2023-07-07T00:00:00+00:00 [queued]>
[2023-09-05T15:29:54.330+0000] {taskinstance.py:1159} INFO - Dependencies all met for dep_context=requeueable deps ti=<TaskInstance: tasks_relations.say_hello scheduled__2023-07-07T00:00:00+00:00 [queued]>
[2023-09-05T15:29:54.333+0000] {taskinstance.py:1361} INFO - Starting attempt 1 of 1
[2023-09-05T15:29:54.417+0000] {taskinstance.py:1382} INFO - Executing <Task(_PythonDecoratedOperator): say_hello> on 2023-07-07 00:00:00+00:00
[2023-09-05T15:29:54.449+0000] {standard_task_runner.py:57} INFO - Started process 1454 to run task
[2023-09-05T15:29:54.479+0000] {standard_task_runner.py:84} INFO - Running: ['***', 'tasks', 'run', 'tasks_relations', 'say_hello', 'scheduled__2023-07-07T00:00:00+00:00', '--job-id', '654', '--raw', '--subdir', 'DAGS_FOLDER/tasks_relations.py', '--cfg-path', '/tmp/tmpmsdm6u4p']
[2023-09-05T15:29:54.518+0000] {standard_task_runner.py:85} INFO - Job 654: Subtask say_hello
[2023-09-05T15:29:54.780+0000] {task_command.py:415} INFO - Running <TaskInstance: tasks_relations.say_hello scheduled__2023-07-07T00:00:00+00:00 [running]> on host ca474790e981
[2023-09-05T15:29:55.187+0000] {taskinstance.py:1660} INFO - Exporting env vars: AIRFLOW_CTX_DAG_OWNER='***' AIRFLOW_CTX_DAG_ID='tasks_relations' AIRFLOW_CTX_TASK_ID='say_hello' AIRFLOW_CTX_EXECUTION_DATE='2023-07-07T00:00:00+00:00' AIRFLOW_CTX_TRY_NUMBER='1' AIRFLOW_CTX_DAG_RUN_ID='scheduled__2023-07-07T00:00:00+00:00'
[2023-09-05T15:29:55.202+0000] {logging_mixin.py:151} INFO - hello world
[2023-09-05T15:29:55.214+0000] {python.py:194} INFO - Done. Returned value was: None
[2023-09-05T15:29:55.250+0000] {taskinstance.py:1400} INFO - Marking task as SUCCESS. dag_id=tasks_relations, task_id=say_hello, execution_date=20230707T000000, start_date=20230905T152954, end_date=20230905T152955
[2023-09-05T15:29:55.569+0000] {local_task_job_runner.py:228} INFO - Task exited with return code 0
[2023-09-05T15:29:55.920+0000] {taskinstance.py:2784} INFO - 0 downstream tasks scheduled from follow-on schedule check
[2023-09-12T17:36:52.472+0000] {taskinstance.py:1159} INFO - Dependencies all met for dep_context=non-requeueable deps ti=<TaskInstance: tasks_relations.say_hello scheduled__2023-07-07T00:00:00+00:00 [queued]>
[2023-09-12T17:36:52.490+0000] {taskinstance.py:1159} INFO - Dependencies all met for dep_context=requeueable deps ti=<TaskInstance: tasks_relations.say_hello scheduled__2023-07-07T00:00:00+00:00 [queued]>
[2023-09-12T17:36:52.491+0000] {taskinstance.py:1361} INFO - Starting attempt 1 of 1
[2023-09-12T17:36:52.596+0000] {taskinstance.py:1382} INFO - Executing <Task(_PythonDecoratedOperator): say_hello> on 2023-07-07 00:00:00+00:00
[2023-09-12T17:36:52.608+0000] {standard_task_runner.py:57} INFO - Started process 2890 to run task
[2023-09-12T17:36:52.626+0000] {standard_task_runner.py:84} INFO - Running: ['***', 'tasks', 'run', 'tasks_relations', 'say_hello', 'scheduled__2023-07-07T00:00:00+00:00', '--job-id', '1368', '--raw', '--subdir', 'DAGS_FOLDER/2_tasks_relations.py', '--cfg-path', '/tmp/tmp_lievfd8']
[2023-09-12T17:36:52.630+0000] {standard_task_runner.py:85} INFO - Job 1368: Subtask say_hello
[2023-09-12T17:36:52.855+0000] {task_command.py:415} INFO - Running <TaskInstance: tasks_relations.say_hello scheduled__2023-07-07T00:00:00+00:00 [running]> on host 0ab7970e0956
[2023-09-12T17:36:53.119+0000] {taskinstance.py:1660} INFO - Exporting env vars: AIRFLOW_CTX_DAG_OWNER='***' AIRFLOW_CTX_DAG_ID='tasks_relations' AIRFLOW_CTX_TASK_ID='say_hello' AIRFLOW_CTX_EXECUTION_DATE='2023-07-07T00:00:00+00:00' AIRFLOW_CTX_TRY_NUMBER='1' AIRFLOW_CTX_DAG_RUN_ID='scheduled__2023-07-07T00:00:00+00:00'
[2023-09-12T17:36:53.121+0000] {logging_mixin.py:151} INFO - hello world
[2023-09-12T17:36:53.122+0000] {python.py:194} INFO - Done. Returned value was: None
[2023-09-12T17:36:53.145+0000] {taskinstance.py:1400} INFO - Marking task as SUCCESS. dag_id=tasks_relations, task_id=say_hello, execution_date=20230707T000000, start_date=20230912T173652, end_date=20230912T173653
[2023-09-12T17:36:53.234+0000] {local_task_job_runner.py:228} INFO - Task exited with return code 0
[2023-09-12T17:36:53.290+0000] {taskinstance.py:2784} INFO - 1 downstream tasks scheduled from follow-on schedule check
