[2023-09-05T15:29:44.714+0000] {taskinstance.py:1159} INFO - Dependencies all met for dep_context=non-requeueable deps ti=<TaskInstance: tasks_relations.or_that_way scheduled__2023-06-29T00:00:00+00:00 [queued]>
[2023-09-05T15:29:44.786+0000] {taskinstance.py:1159} INFO - Dependencies all met for dep_context=requeueable deps ti=<TaskInstance: tasks_relations.or_that_way scheduled__2023-06-29T00:00:00+00:00 [queued]>
[2023-09-05T15:29:44.800+0000] {taskinstance.py:1361} INFO - Starting attempt 1 of 1
[2023-09-05T15:29:44.904+0000] {taskinstance.py:1382} INFO - Executing <Task(_PythonDecoratedOperator): or_that_way> on 2023-06-29 00:00:00+00:00
[2023-09-05T15:29:44.938+0000] {standard_task_runner.py:57} INFO - Started process 1405 to run task
[2023-09-05T15:29:44.973+0000] {standard_task_runner.py:84} INFO - Running: ['***', 'tasks', 'run', 'tasks_relations', 'or_that_way', 'scheduled__2023-06-29T00:00:00+00:00', '--job-id', '630', '--raw', '--subdir', 'DAGS_FOLDER/tasks_relations.py', '--cfg-path', '/tmp/tmpx1r6cj24']
[2023-09-05T15:29:44.992+0000] {standard_task_runner.py:85} INFO - Job 630: Subtask or_that_way
[2023-09-05T15:29:45.204+0000] {task_command.py:415} INFO - Running <TaskInstance: tasks_relations.or_that_way scheduled__2023-06-29T00:00:00+00:00 [running]> on host ca474790e981
[2023-09-05T15:29:45.608+0000] {taskinstance.py:1660} INFO - Exporting env vars: AIRFLOW_CTX_DAG_OWNER='***' AIRFLOW_CTX_DAG_ID='tasks_relations' AIRFLOW_CTX_TASK_ID='or_that_way' AIRFLOW_CTX_EXECUTION_DATE='2023-06-29T00:00:00+00:00' AIRFLOW_CTX_TRY_NUMBER='1' AIRFLOW_CTX_DAG_RUN_ID='scheduled__2023-06-29T00:00:00+00:00'
[2023-09-05T15:29:45.610+0000] {logging_mixin.py:151} INFO - NO NO, THAT WAY WAY!!!
[2023-09-05T15:29:45.617+0000] {python.py:194} INFO - Done. Returned value was: None
[2023-09-05T15:29:45.676+0000] {taskinstance.py:1400} INFO - Marking task as SUCCESS. dag_id=tasks_relations, task_id=or_that_way, execution_date=20230629T000000, start_date=20230905T152944, end_date=20230905T152945
[2023-09-05T15:29:45.832+0000] {local_task_job_runner.py:228} INFO - Task exited with return code 0
[2023-09-05T15:29:45.866+0000] {taskinstance.py:2784} INFO - 0 downstream tasks scheduled from follow-on schedule check
[2023-09-12T17:36:53.579+0000] {taskinstance.py:1159} INFO - Dependencies all met for dep_context=non-requeueable deps ti=<TaskInstance: tasks_relations.or_that_way scheduled__2023-06-29T00:00:00+00:00 [queued]>
[2023-09-12T17:36:53.631+0000] {taskinstance.py:1159} INFO - Dependencies all met for dep_context=requeueable deps ti=<TaskInstance: tasks_relations.or_that_way scheduled__2023-06-29T00:00:00+00:00 [queued]>
[2023-09-12T17:36:53.633+0000] {taskinstance.py:1361} INFO - Starting attempt 1 of 1
[2023-09-12T17:36:53.708+0000] {taskinstance.py:1382} INFO - Executing <Task(_PythonDecoratedOperator): or_that_way> on 2023-06-29 00:00:00+00:00
[2023-09-12T17:36:53.718+0000] {standard_task_runner.py:57} INFO - Started process 2907 to run task
[2023-09-12T17:36:53.778+0000] {standard_task_runner.py:84} INFO - Running: ['***', 'tasks', 'run', 'tasks_relations', 'or_that_way', 'scheduled__2023-06-29T00:00:00+00:00', '--job-id', '1376', '--raw', '--subdir', 'DAGS_FOLDER/2_tasks_relations.py', '--cfg-path', '/tmp/tmpabnernza']
[2023-09-12T17:36:53.786+0000] {standard_task_runner.py:85} INFO - Job 1376: Subtask or_that_way
[2023-09-12T17:36:54.067+0000] {task_command.py:415} INFO - Running <TaskInstance: tasks_relations.or_that_way scheduled__2023-06-29T00:00:00+00:00 [running]> on host 0ab7970e0956
[2023-09-12T17:36:54.256+0000] {taskinstance.py:1660} INFO - Exporting env vars: AIRFLOW_CTX_DAG_OWNER='***' AIRFLOW_CTX_DAG_ID='tasks_relations' AIRFLOW_CTX_TASK_ID='or_that_way' AIRFLOW_CTX_EXECUTION_DATE='2023-06-29T00:00:00+00:00' AIRFLOW_CTX_TRY_NUMBER='1' AIRFLOW_CTX_DAG_RUN_ID='scheduled__2023-06-29T00:00:00+00:00'
[2023-09-12T17:36:54.260+0000] {logging_mixin.py:151} INFO - NO NO, THAT WAY WAY!!!
[2023-09-12T17:36:54.260+0000] {python.py:194} INFO - Done. Returned value was: None
[2023-09-12T17:36:54.301+0000] {taskinstance.py:1400} INFO - Marking task as SUCCESS. dag_id=tasks_relations, task_id=or_that_way, execution_date=20230629T000000, start_date=20230912T173653, end_date=20230912T173654
[2023-09-12T17:36:54.444+0000] {local_task_job_runner.py:228} INFO - Task exited with return code 0
[2023-09-12T17:36:54.481+0000] {taskinstance.py:2784} INFO - 0 downstream tasks scheduled from follow-on schedule check
