[2023-09-05T15:24:58.245+0000] {taskinstance.py:1159} INFO - Dependencies all met for dep_context=non-requeueable deps ti=<TaskInstance: tasks_relations.say_bye scheduled__2023-02-06T00:00:00+00:00 [queued]>
[2023-09-05T15:24:58.294+0000] {taskinstance.py:1159} INFO - Dependencies all met for dep_context=requeueable deps ti=<TaskInstance: tasks_relations.say_bye scheduled__2023-02-06T00:00:00+00:00 [queued]>
[2023-09-05T15:24:58.308+0000] {taskinstance.py:1361} INFO - Starting attempt 1 of 1
[2023-09-05T15:24:58.410+0000] {taskinstance.py:1382} INFO - Executing <Task(_PythonDecoratedOperator): say_bye> on 2023-02-06 00:00:00+00:00
[2023-09-05T15:24:58.436+0000] {standard_task_runner.py:57} INFO - Started process 345 to run task
[2023-09-05T15:24:58.490+0000] {standard_task_runner.py:84} INFO - Running: ['***', 'tasks', 'run', 'tasks_relations', 'say_bye', 'scheduled__2023-02-06T00:00:00+00:00', '--job-id', '132', '--raw', '--subdir', 'DAGS_FOLDER/tasks_relations.py', '--cfg-path', '/tmp/tmpm68pbkc1']
[2023-09-05T15:24:58.530+0000] {standard_task_runner.py:85} INFO - Job 132: Subtask say_bye
[2023-09-05T15:24:58.854+0000] {task_command.py:415} INFO - Running <TaskInstance: tasks_relations.say_bye scheduled__2023-02-06T00:00:00+00:00 [running]> on host ca474790e981
[2023-09-05T15:24:59.327+0000] {taskinstance.py:1660} INFO - Exporting env vars: AIRFLOW_CTX_DAG_OWNER='***' AIRFLOW_CTX_DAG_ID='tasks_relations' AIRFLOW_CTX_TASK_ID='say_bye' AIRFLOW_CTX_EXECUTION_DATE='2023-02-06T00:00:00+00:00' AIRFLOW_CTX_TRY_NUMBER='1' AIRFLOW_CTX_DAG_RUN_ID='scheduled__2023-02-06T00:00:00+00:00'
[2023-09-05T15:24:59.329+0000] {logging_mixin.py:151} INFO - goodbye ***
[2023-09-05T15:24:59.334+0000] {python.py:194} INFO - Done. Returned value was: None
[2023-09-05T15:24:59.393+0000] {taskinstance.py:1400} INFO - Marking task as SUCCESS. dag_id=tasks_relations, task_id=say_bye, execution_date=20230206T000000, start_date=20230905T152458, end_date=20230905T152459
[2023-09-05T15:24:59.537+0000] {local_task_job_runner.py:228} INFO - Task exited with return code 0
[2023-09-05T15:24:59.589+0000] {taskinstance.py:2784} INFO - 0 downstream tasks scheduled from follow-on schedule check
[2023-09-12T17:34:10.650+0000] {taskinstance.py:1159} INFO - Dependencies all met for dep_context=non-requeueable deps ti=<TaskInstance: tasks_relations.say_bye scheduled__2023-02-06T00:00:00+00:00 [queued]>
[2023-09-12T17:34:10.666+0000] {taskinstance.py:1159} INFO - Dependencies all met for dep_context=requeueable deps ti=<TaskInstance: tasks_relations.say_bye scheduled__2023-02-06T00:00:00+00:00 [queued]>
[2023-09-12T17:34:10.666+0000] {taskinstance.py:1361} INFO - Starting attempt 1 of 1
[2023-09-12T17:34:10.725+0000] {taskinstance.py:1382} INFO - Executing <Task(_PythonDecoratedOperator): say_bye> on 2023-02-06 00:00:00+00:00
[2023-09-12T17:34:10.736+0000] {standard_task_runner.py:57} INFO - Started process 818 to run task
[2023-09-12T17:34:10.768+0000] {standard_task_runner.py:84} INFO - Running: ['***', 'tasks', 'run', 'tasks_relations', 'say_bye', 'scheduled__2023-02-06T00:00:00+00:00', '--job-id', '347', '--raw', '--subdir', 'DAGS_FOLDER/2_tasks_relations.py', '--cfg-path', '/tmp/tmpbl_xmwt4']
[2023-09-12T17:34:10.771+0000] {standard_task_runner.py:85} INFO - Job 347: Subtask say_bye
[2023-09-12T17:34:10.871+0000] {task_command.py:415} INFO - Running <TaskInstance: tasks_relations.say_bye scheduled__2023-02-06T00:00:00+00:00 [running]> on host 0ab7970e0956
[2023-09-12T17:34:11.364+0000] {taskinstance.py:1660} INFO - Exporting env vars: AIRFLOW_CTX_DAG_OWNER='***' AIRFLOW_CTX_DAG_ID='tasks_relations' AIRFLOW_CTX_TASK_ID='say_bye' AIRFLOW_CTX_EXECUTION_DATE='2023-02-06T00:00:00+00:00' AIRFLOW_CTX_TRY_NUMBER='1' AIRFLOW_CTX_DAG_RUN_ID='scheduled__2023-02-06T00:00:00+00:00'
[2023-09-12T17:34:11.364+0000] {logging_mixin.py:151} INFO - goodbye world
[2023-09-12T17:34:11.365+0000] {python.py:194} INFO - Done. Returned value was: None
[2023-09-12T17:34:11.389+0000] {taskinstance.py:1400} INFO - Marking task as SUCCESS. dag_id=tasks_relations, task_id=say_bye, execution_date=20230206T000000, start_date=20230912T173410, end_date=20230912T173411
[2023-09-12T17:34:11.493+0000] {local_task_job_runner.py:228} INFO - Task exited with return code 0
[2023-09-12T17:34:11.546+0000] {taskinstance.py:2784} INFO - 2 downstream tasks scheduled from follow-on schedule check
