[2023-09-05T15:31:03.932+0000] {taskinstance.py:1159} INFO - Dependencies all met for dep_context=non-requeueable deps ti=<TaskInstance: tasks_relations.or_that_way scheduled__2023-08-07T00:00:00+00:00 [queued]>
[2023-09-05T15:31:04.009+0000] {taskinstance.py:1159} INFO - Dependencies all met for dep_context=requeueable deps ti=<TaskInstance: tasks_relations.or_that_way scheduled__2023-08-07T00:00:00+00:00 [queued]>
[2023-09-05T15:31:04.010+0000] {taskinstance.py:1361} INFO - Starting attempt 1 of 1
[2023-09-05T15:31:04.131+0000] {taskinstance.py:1382} INFO - Executing <Task(_PythonDecoratedOperator): or_that_way> on 2023-08-07 00:00:00+00:00
[2023-09-05T15:31:04.145+0000] {standard_task_runner.py:57} INFO - Started process 1871 to run task
[2023-09-05T15:31:04.219+0000] {standard_task_runner.py:84} INFO - Running: ['***', 'tasks', 'run', 'tasks_relations', 'or_that_way', 'scheduled__2023-08-07T00:00:00+00:00', '--job-id', '851', '--raw', '--subdir', 'DAGS_FOLDER/tasks_relations.py', '--cfg-path', '/tmp/tmpp8k0wgd2']
[2023-09-05T15:31:04.228+0000] {standard_task_runner.py:85} INFO - Job 851: Subtask or_that_way
[2023-09-05T15:31:04.689+0000] {task_command.py:415} INFO - Running <TaskInstance: tasks_relations.or_that_way scheduled__2023-08-07T00:00:00+00:00 [running]> on host ca474790e981
[2023-09-05T15:31:05.157+0000] {taskinstance.py:1660} INFO - Exporting env vars: AIRFLOW_CTX_DAG_OWNER='***' AIRFLOW_CTX_DAG_ID='tasks_relations' AIRFLOW_CTX_TASK_ID='or_that_way' AIRFLOW_CTX_EXECUTION_DATE='2023-08-07T00:00:00+00:00' AIRFLOW_CTX_TRY_NUMBER='1' AIRFLOW_CTX_DAG_RUN_ID='scheduled__2023-08-07T00:00:00+00:00'
[2023-09-05T15:31:05.168+0000] {logging_mixin.py:151} INFO - NO NO, THAT WAY WAY!!!
[2023-09-05T15:31:05.174+0000] {python.py:194} INFO - Done. Returned value was: None
[2023-09-05T15:31:05.259+0000] {taskinstance.py:1400} INFO - Marking task as SUCCESS. dag_id=tasks_relations, task_id=or_that_way, execution_date=20230807T000000, start_date=20230905T153103, end_date=20230905T153105
[2023-09-05T15:31:05.370+0000] {local_task_job_runner.py:228} INFO - Task exited with return code 0
[2023-09-05T15:31:05.723+0000] {taskinstance.py:2784} INFO - 0 downstream tasks scheduled from follow-on schedule check
[2023-09-12T17:37:31.678+0000] {taskinstance.py:1159} INFO - Dependencies all met for dep_context=non-requeueable deps ti=<TaskInstance: tasks_relations.or_that_way scheduled__2023-08-07T00:00:00+00:00 [queued]>
[2023-09-12T17:37:31.706+0000] {taskinstance.py:1159} INFO - Dependencies all met for dep_context=requeueable deps ti=<TaskInstance: tasks_relations.or_that_way scheduled__2023-08-07T00:00:00+00:00 [queued]>
[2023-09-12T17:37:31.722+0000] {taskinstance.py:1361} INFO - Starting attempt 1 of 1
[2023-09-12T17:37:31.760+0000] {taskinstance.py:1382} INFO - Executing <Task(_PythonDecoratedOperator): or_that_way> on 2023-08-07 00:00:00+00:00
[2023-09-12T17:37:31.778+0000] {standard_task_runner.py:57} INFO - Started process 3360 to run task
[2023-09-12T17:37:31.812+0000] {standard_task_runner.py:84} INFO - Running: ['***', 'tasks', 'run', 'tasks_relations', 'or_that_way', 'scheduled__2023-08-07T00:00:00+00:00', '--job-id', '1599', '--raw', '--subdir', 'DAGS_FOLDER/2_tasks_relations.py', '--cfg-path', '/tmp/tmpfzpqpbtf']
[2023-09-12T17:37:31.824+0000] {standard_task_runner.py:85} INFO - Job 1599: Subtask or_that_way
[2023-09-12T17:37:32.169+0000] {task_command.py:415} INFO - Running <TaskInstance: tasks_relations.or_that_way scheduled__2023-08-07T00:00:00+00:00 [running]> on host 0ab7970e0956
[2023-09-12T17:37:32.514+0000] {taskinstance.py:1660} INFO - Exporting env vars: AIRFLOW_CTX_DAG_OWNER='***' AIRFLOW_CTX_DAG_ID='tasks_relations' AIRFLOW_CTX_TASK_ID='or_that_way' AIRFLOW_CTX_EXECUTION_DATE='2023-08-07T00:00:00+00:00' AIRFLOW_CTX_TRY_NUMBER='1' AIRFLOW_CTX_DAG_RUN_ID='scheduled__2023-08-07T00:00:00+00:00'
[2023-09-12T17:37:32.520+0000] {logging_mixin.py:151} INFO - NO NO, THAT WAY WAY!!!
[2023-09-12T17:37:32.520+0000] {python.py:194} INFO - Done. Returned value was: None
[2023-09-12T17:37:32.539+0000] {taskinstance.py:1400} INFO - Marking task as SUCCESS. dag_id=tasks_relations, task_id=or_that_way, execution_date=20230807T000000, start_date=20230912T173731, end_date=20230912T173732
[2023-09-12T17:37:32.677+0000] {local_task_job_runner.py:228} INFO - Task exited with return code 0
[2023-09-12T17:37:32.771+0000] {taskinstance.py:2784} INFO - 0 downstream tasks scheduled from follow-on schedule check
