[2023-09-05T15:25:29.541+0000] {taskinstance.py:1159} INFO - Dependencies all met for dep_context=non-requeueable deps ti=<TaskInstance: tasks_relations.say_bye scheduled__2023-03-10T00:00:00+00:00 [queued]>
[2023-09-05T15:25:29.556+0000] {taskinstance.py:1159} INFO - Dependencies all met for dep_context=requeueable deps ti=<TaskInstance: tasks_relations.say_bye scheduled__2023-03-10T00:00:00+00:00 [queued]>
[2023-09-05T15:25:29.565+0000] {taskinstance.py:1361} INFO - Starting attempt 1 of 1
[2023-09-05T15:25:29.610+0000] {taskinstance.py:1382} INFO - Executing <Task(_PythonDecoratedOperator): say_bye> on 2023-03-10 00:00:00+00:00
[2023-09-05T15:25:29.652+0000] {standard_task_runner.py:57} INFO - Started process 532 to run task
[2023-09-05T15:25:29.730+0000] {standard_task_runner.py:84} INFO - Running: ['***', 'tasks', 'run', 'tasks_relations', 'say_bye', 'scheduled__2023-03-10T00:00:00+00:00', '--job-id', '228', '--raw', '--subdir', 'DAGS_FOLDER/tasks_relations.py', '--cfg-path', '/tmp/tmpkfw9g3xg']
[2023-09-05T15:25:29.748+0000] {standard_task_runner.py:85} INFO - Job 228: Subtask say_bye
[2023-09-05T15:25:30.167+0000] {task_command.py:415} INFO - Running <TaskInstance: tasks_relations.say_bye scheduled__2023-03-10T00:00:00+00:00 [running]> on host ca474790e981
[2023-09-05T15:25:30.618+0000] {taskinstance.py:1660} INFO - Exporting env vars: AIRFLOW_CTX_DAG_OWNER='***' AIRFLOW_CTX_DAG_ID='tasks_relations' AIRFLOW_CTX_TASK_ID='say_bye' AIRFLOW_CTX_EXECUTION_DATE='2023-03-10T00:00:00+00:00' AIRFLOW_CTX_TRY_NUMBER='1' AIRFLOW_CTX_DAG_RUN_ID='scheduled__2023-03-10T00:00:00+00:00'
[2023-09-05T15:25:30.628+0000] {logging_mixin.py:151} INFO - goodbye ***
[2023-09-05T15:25:30.631+0000] {python.py:194} INFO - Done. Returned value was: None
[2023-09-05T15:25:30.693+0000] {taskinstance.py:1400} INFO - Marking task as SUCCESS. dag_id=tasks_relations, task_id=say_bye, execution_date=20230310T000000, start_date=20230905T152529, end_date=20230905T152530
[2023-09-05T15:25:30.880+0000] {local_task_job_runner.py:228} INFO - Task exited with return code 0
[2023-09-05T15:25:30.998+0000] {taskinstance.py:2784} INFO - 0 downstream tasks scheduled from follow-on schedule check
[2023-09-12T17:34:46.476+0000] {taskinstance.py:1159} INFO - Dependencies all met for dep_context=non-requeueable deps ti=<TaskInstance: tasks_relations.say_bye scheduled__2023-03-10T00:00:00+00:00 [queued]>
[2023-09-12T17:34:46.514+0000] {taskinstance.py:1159} INFO - Dependencies all met for dep_context=requeueable deps ti=<TaskInstance: tasks_relations.say_bye scheduled__2023-03-10T00:00:00+00:00 [queued]>
[2023-09-12T17:34:46.517+0000] {taskinstance.py:1361} INFO - Starting attempt 1 of 1
[2023-09-12T17:34:46.553+0000] {taskinstance.py:1382} INFO - Executing <Task(_PythonDecoratedOperator): say_bye> on 2023-03-10 00:00:00+00:00
[2023-09-12T17:34:46.557+0000] {standard_task_runner.py:57} INFO - Started process 1320 to run task
[2023-09-12T17:34:46.592+0000] {standard_task_runner.py:84} INFO - Running: ['***', 'tasks', 'run', 'tasks_relations', 'say_bye', 'scheduled__2023-03-10T00:00:00+00:00', '--job-id', '598', '--raw', '--subdir', 'DAGS_FOLDER/2_tasks_relations.py', '--cfg-path', '/tmp/tmpajvuoc_j']
[2023-09-12T17:34:46.596+0000] {standard_task_runner.py:85} INFO - Job 598: Subtask say_bye
[2023-09-12T17:34:46.743+0000] {task_command.py:415} INFO - Running <TaskInstance: tasks_relations.say_bye scheduled__2023-03-10T00:00:00+00:00 [running]> on host 0ab7970e0956
[2023-09-12T17:34:47.055+0000] {taskinstance.py:1660} INFO - Exporting env vars: AIRFLOW_CTX_DAG_OWNER='***' AIRFLOW_CTX_DAG_ID='tasks_relations' AIRFLOW_CTX_TASK_ID='say_bye' AIRFLOW_CTX_EXECUTION_DATE='2023-03-10T00:00:00+00:00' AIRFLOW_CTX_TRY_NUMBER='1' AIRFLOW_CTX_DAG_RUN_ID='scheduled__2023-03-10T00:00:00+00:00'
[2023-09-12T17:34:47.064+0000] {logging_mixin.py:151} INFO - goodbye world
[2023-09-12T17:34:47.069+0000] {python.py:194} INFO - Done. Returned value was: None
[2023-09-12T17:34:47.094+0000] {taskinstance.py:1400} INFO - Marking task as SUCCESS. dag_id=tasks_relations, task_id=say_bye, execution_date=20230310T000000, start_date=20230912T173446, end_date=20230912T173447
[2023-09-12T17:34:47.186+0000] {local_task_job_runner.py:228} INFO - Task exited with return code 0
[2023-09-12T17:34:47.291+0000] {taskinstance.py:2784} INFO - 0 downstream tasks scheduled from follow-on schedule check
