[2023-09-05T15:24:20.469+0000] {taskinstance.py:1159} INFO - Dependencies all met for dep_context=non-requeueable deps ti=<TaskInstance: tasks_relations.say_hello scheduled__2023-01-09T00:00:00+00:00 [queued]>
[2023-09-05T15:24:20.505+0000] {taskinstance.py:1159} INFO - Dependencies all met for dep_context=requeueable deps ti=<TaskInstance: tasks_relations.say_hello scheduled__2023-01-09T00:00:00+00:00 [queued]>
[2023-09-05T15:24:20.506+0000] {taskinstance.py:1361} INFO - Starting attempt 1 of 1
[2023-09-05T15:24:20.552+0000] {taskinstance.py:1382} INFO - Executing <Task(_PythonDecoratedOperator): say_hello> on 2023-01-09 00:00:00+00:00
[2023-09-05T15:24:20.579+0000] {standard_task_runner.py:57} INFO - Started process 129 to run task
[2023-09-05T15:24:20.598+0000] {standard_task_runner.py:84} INFO - Running: ['***', 'tasks', 'run', 'tasks_relations', 'say_hello', 'scheduled__2023-01-09T00:00:00+00:00', '--job-id', '27', '--raw', '--subdir', 'DAGS_FOLDER/tasks_relations.py', '--cfg-path', '/tmp/tmp1gkjqe3m']
[2023-09-05T15:24:20.603+0000] {standard_task_runner.py:85} INFO - Job 27: Subtask say_hello
[2023-09-05T15:24:20.940+0000] {task_command.py:415} INFO - Running <TaskInstance: tasks_relations.say_hello scheduled__2023-01-09T00:00:00+00:00 [running]> on host ca474790e981
[2023-09-05T15:24:21.500+0000] {taskinstance.py:1660} INFO - Exporting env vars: AIRFLOW_CTX_DAG_OWNER='***' AIRFLOW_CTX_DAG_ID='tasks_relations' AIRFLOW_CTX_TASK_ID='say_hello' AIRFLOW_CTX_EXECUTION_DATE='2023-01-09T00:00:00+00:00' AIRFLOW_CTX_TRY_NUMBER='1' AIRFLOW_CTX_DAG_RUN_ID='scheduled__2023-01-09T00:00:00+00:00'
[2023-09-05T15:24:21.507+0000] {logging_mixin.py:151} INFO - hello ***
[2023-09-05T15:24:21.509+0000] {python.py:194} INFO - Done. Returned value was: None
[2023-09-05T15:24:21.603+0000] {taskinstance.py:1400} INFO - Marking task as SUCCESS. dag_id=tasks_relations, task_id=say_hello, execution_date=20230109T000000, start_date=20230905T152420, end_date=20230905T152421
[2023-09-05T15:24:21.826+0000] {local_task_job_runner.py:228} INFO - Task exited with return code 0
[2023-09-05T15:24:21.966+0000] {taskinstance.py:2784} INFO - 1 downstream tasks scheduled from follow-on schedule check
[2023-09-12T17:32:56.027+0000] {taskinstance.py:1159} INFO - Dependencies all met for dep_context=non-requeueable deps ti=<TaskInstance: tasks_relations.say_hello scheduled__2023-01-09T00:00:00+00:00 [queued]>
[2023-09-12T17:32:56.093+0000] {taskinstance.py:1159} INFO - Dependencies all met for dep_context=requeueable deps ti=<TaskInstance: tasks_relations.say_hello scheduled__2023-01-09T00:00:00+00:00 [queued]>
[2023-09-12T17:32:56.104+0000] {taskinstance.py:1361} INFO - Starting attempt 1 of 1
[2023-09-12T17:32:56.260+0000] {taskinstance.py:1382} INFO - Executing <Task(_PythonDecoratedOperator): say_hello> on 2023-01-09 00:00:00+00:00
[2023-09-12T17:32:56.324+0000] {standard_task_runner.py:57} INFO - Started process 262 to run task
[2023-09-12T17:32:56.382+0000] {standard_task_runner.py:84} INFO - Running: ['***', 'tasks', 'run', 'tasks_relations', 'say_hello', 'scheduled__2023-01-09T00:00:00+00:00', '--job-id', '77', '--raw', '--subdir', 'DAGS_FOLDER/2_tasks_relations.py', '--cfg-path', '/tmp/tmpz3sa_lb4']
[2023-09-12T17:32:56.391+0000] {standard_task_runner.py:85} INFO - Job 77: Subtask say_hello
[2023-09-12T17:32:56.575+0000] {task_command.py:415} INFO - Running <TaskInstance: tasks_relations.say_hello scheduled__2023-01-09T00:00:00+00:00 [running]> on host 0ab7970e0956
[2023-09-12T17:32:57.055+0000] {taskinstance.py:1660} INFO - Exporting env vars: AIRFLOW_CTX_DAG_OWNER='***' AIRFLOW_CTX_DAG_ID='tasks_relations' AIRFLOW_CTX_TASK_ID='say_hello' AIRFLOW_CTX_EXECUTION_DATE='2023-01-09T00:00:00+00:00' AIRFLOW_CTX_TRY_NUMBER='1' AIRFLOW_CTX_DAG_RUN_ID='scheduled__2023-01-09T00:00:00+00:00'
[2023-09-12T17:32:57.062+0000] {logging_mixin.py:151} INFO - hello world
[2023-09-12T17:32:57.071+0000] {python.py:194} INFO - Done. Returned value was: None
[2023-09-12T17:32:57.176+0000] {taskinstance.py:1400} INFO - Marking task as SUCCESS. dag_id=tasks_relations, task_id=say_hello, execution_date=20230109T000000, start_date=20230912T173256, end_date=20230912T173257
[2023-09-12T17:32:57.291+0000] {local_task_job_runner.py:228} INFO - Task exited with return code 0
[2023-09-12T17:32:57.389+0000] {taskinstance.py:2784} INFO - 1 downstream tasks scheduled from follow-on schedule check
