[2023-09-05T15:25:53.779+0000] {taskinstance.py:1159} INFO - Dependencies all met for dep_context=non-requeueable deps ti=<TaskInstance: tasks_relations.say_bye scheduled__2023-03-31T00:00:00+00:00 [queued]>
[2023-09-05T15:25:53.798+0000] {taskinstance.py:1159} INFO - Dependencies all met for dep_context=requeueable deps ti=<TaskInstance: tasks_relations.say_bye scheduled__2023-03-31T00:00:00+00:00 [queued]>
[2023-09-05T15:25:53.803+0000] {taskinstance.py:1361} INFO - Starting attempt 1 of 1
[2023-09-05T15:25:53.826+0000] {taskinstance.py:1382} INFO - Executing <Task(_PythonDecoratedOperator): say_bye> on 2023-03-31 00:00:00+00:00
[2023-09-05T15:25:53.835+0000] {standard_task_runner.py:57} INFO - Started process 648 to run task
[2023-09-05T15:25:53.850+0000] {standard_task_runner.py:84} INFO - Running: ['***', 'tasks', 'run', 'tasks_relations', 'say_bye', 'scheduled__2023-03-31T00:00:00+00:00', '--job-id', '283', '--raw', '--subdir', 'DAGS_FOLDER/tasks_relations.py', '--cfg-path', '/tmp/tmpvsd14dlz']
[2023-09-05T15:25:53.856+0000] {standard_task_runner.py:85} INFO - Job 283: Subtask say_bye
[2023-09-05T15:25:53.996+0000] {task_command.py:415} INFO - Running <TaskInstance: tasks_relations.say_bye scheduled__2023-03-31T00:00:00+00:00 [running]> on host ca474790e981
[2023-09-05T15:25:54.149+0000] {taskinstance.py:1660} INFO - Exporting env vars: AIRFLOW_CTX_DAG_OWNER='***' AIRFLOW_CTX_DAG_ID='tasks_relations' AIRFLOW_CTX_TASK_ID='say_bye' AIRFLOW_CTX_EXECUTION_DATE='2023-03-31T00:00:00+00:00' AIRFLOW_CTX_TRY_NUMBER='1' AIRFLOW_CTX_DAG_RUN_ID='scheduled__2023-03-31T00:00:00+00:00'
[2023-09-05T15:25:54.151+0000] {logging_mixin.py:151} INFO - goodbye ***
[2023-09-05T15:25:54.152+0000] {python.py:194} INFO - Done. Returned value was: None
[2023-09-05T15:25:54.186+0000] {taskinstance.py:1400} INFO - Marking task as SUCCESS. dag_id=tasks_relations, task_id=say_bye, execution_date=20230331T000000, start_date=20230905T152553, end_date=20230905T152554
[2023-09-05T15:25:54.277+0000] {local_task_job_runner.py:228} INFO - Task exited with return code 0
[2023-09-05T15:25:54.323+0000] {taskinstance.py:2784} INFO - 0 downstream tasks scheduled from follow-on schedule check
[2023-09-12T17:35:07.734+0000] {taskinstance.py:1159} INFO - Dependencies all met for dep_context=non-requeueable deps ti=<TaskInstance: tasks_relations.say_bye scheduled__2023-03-31T00:00:00+00:00 [queued]>
[2023-09-12T17:35:07.761+0000] {taskinstance.py:1159} INFO - Dependencies all met for dep_context=requeueable deps ti=<TaskInstance: tasks_relations.say_bye scheduled__2023-03-31T00:00:00+00:00 [queued]>
[2023-09-12T17:35:07.767+0000] {taskinstance.py:1361} INFO - Starting attempt 1 of 1
[2023-09-12T17:35:07.815+0000] {taskinstance.py:1382} INFO - Executing <Task(_PythonDecoratedOperator): say_bye> on 2023-03-31 00:00:00+00:00
[2023-09-12T17:35:07.825+0000] {standard_task_runner.py:57} INFO - Started process 1623 to run task
[2023-09-12T17:35:07.840+0000] {standard_task_runner.py:84} INFO - Running: ['***', 'tasks', 'run', 'tasks_relations', 'say_bye', 'scheduled__2023-03-31T00:00:00+00:00', '--job-id', '747', '--raw', '--subdir', 'DAGS_FOLDER/2_tasks_relations.py', '--cfg-path', '/tmp/tmp1p6rufv4']
[2023-09-12T17:35:07.862+0000] {standard_task_runner.py:85} INFO - Job 747: Subtask say_bye
[2023-09-12T17:35:08.038+0000] {task_command.py:415} INFO - Running <TaskInstance: tasks_relations.say_bye scheduled__2023-03-31T00:00:00+00:00 [running]> on host 0ab7970e0956
[2023-09-12T17:35:08.324+0000] {taskinstance.py:1660} INFO - Exporting env vars: AIRFLOW_CTX_DAG_OWNER='***' AIRFLOW_CTX_DAG_ID='tasks_relations' AIRFLOW_CTX_TASK_ID='say_bye' AIRFLOW_CTX_EXECUTION_DATE='2023-03-31T00:00:00+00:00' AIRFLOW_CTX_TRY_NUMBER='1' AIRFLOW_CTX_DAG_RUN_ID='scheduled__2023-03-31T00:00:00+00:00'
[2023-09-12T17:35:08.326+0000] {logging_mixin.py:151} INFO - goodbye world
[2023-09-12T17:35:08.326+0000] {python.py:194} INFO - Done. Returned value was: None
[2023-09-12T17:35:08.336+0000] {taskinstance.py:1400} INFO - Marking task as SUCCESS. dag_id=tasks_relations, task_id=say_bye, execution_date=20230331T000000, start_date=20230912T173507, end_date=20230912T173508
[2023-09-12T17:35:08.481+0000] {local_task_job_runner.py:228} INFO - Task exited with return code 0
[2023-09-12T17:35:08.539+0000] {taskinstance.py:2784} INFO - 2 downstream tasks scheduled from follow-on schedule check
