[2023-09-05T15:31:08.863+0000] {taskinstance.py:1159} INFO - Dependencies all met for dep_context=non-requeueable deps ti=<TaskInstance: tasks_relations.or_that_way scheduled__2023-08-13T00:00:00+00:00 [queued]>
[2023-09-05T15:31:08.999+0000] {taskinstance.py:1159} INFO - Dependencies all met for dep_context=requeueable deps ti=<TaskInstance: tasks_relations.or_that_way scheduled__2023-08-13T00:00:00+00:00 [queued]>
[2023-09-05T15:31:09.001+0000] {taskinstance.py:1361} INFO - Starting attempt 1 of 1
[2023-09-05T15:31:09.104+0000] {taskinstance.py:1382} INFO - Executing <Task(_PythonDecoratedOperator): or_that_way> on 2023-08-13 00:00:00+00:00
[2023-09-05T15:31:09.154+0000] {standard_task_runner.py:57} INFO - Started process 1902 to run task
[2023-09-05T15:31:09.180+0000] {standard_task_runner.py:84} INFO - Running: ['***', 'tasks', 'run', 'tasks_relations', 'or_that_way', 'scheduled__2023-08-13T00:00:00+00:00', '--job-id', '871', '--raw', '--subdir', 'DAGS_FOLDER/tasks_relations.py', '--cfg-path', '/tmp/tmplk3um9bw']
[2023-09-05T15:31:09.217+0000] {standard_task_runner.py:85} INFO - Job 871: Subtask or_that_way
[2023-09-05T15:31:09.574+0000] {task_command.py:415} INFO - Running <TaskInstance: tasks_relations.or_that_way scheduled__2023-08-13T00:00:00+00:00 [running]> on host ca474790e981
[2023-09-05T15:31:10.069+0000] {taskinstance.py:1660} INFO - Exporting env vars: AIRFLOW_CTX_DAG_OWNER='***' AIRFLOW_CTX_DAG_ID='tasks_relations' AIRFLOW_CTX_TASK_ID='or_that_way' AIRFLOW_CTX_EXECUTION_DATE='2023-08-13T00:00:00+00:00' AIRFLOW_CTX_TRY_NUMBER='1' AIRFLOW_CTX_DAG_RUN_ID='scheduled__2023-08-13T00:00:00+00:00'
[2023-09-05T15:31:10.077+0000] {logging_mixin.py:151} INFO - NO NO, THAT WAY WAY!!!
[2023-09-05T15:31:10.079+0000] {python.py:194} INFO - Done. Returned value was: None
[2023-09-05T15:31:10.184+0000] {taskinstance.py:1400} INFO - Marking task as SUCCESS. dag_id=tasks_relations, task_id=or_that_way, execution_date=20230813T000000, start_date=20230905T153108, end_date=20230905T153110
[2023-09-05T15:31:10.268+0000] {local_task_job_runner.py:228} INFO - Task exited with return code 0
[2023-09-05T15:31:10.303+0000] {taskinstance.py:2784} INFO - 0 downstream tasks scheduled from follow-on schedule check
[2023-09-12T17:37:34.941+0000] {taskinstance.py:1159} INFO - Dependencies all met for dep_context=non-requeueable deps ti=<TaskInstance: tasks_relations.or_that_way scheduled__2023-08-13T00:00:00+00:00 [queued]>
[2023-09-12T17:37:34.977+0000] {taskinstance.py:1159} INFO - Dependencies all met for dep_context=requeueable deps ti=<TaskInstance: tasks_relations.or_that_way scheduled__2023-08-13T00:00:00+00:00 [queued]>
[2023-09-12T17:37:34.982+0000] {taskinstance.py:1361} INFO - Starting attempt 1 of 1
[2023-09-12T17:37:35.013+0000] {taskinstance.py:1382} INFO - Executing <Task(_PythonDecoratedOperator): or_that_way> on 2023-08-13 00:00:00+00:00
[2023-09-12T17:37:35.034+0000] {standard_task_runner.py:57} INFO - Started process 3402 to run task
[2023-09-12T17:37:35.060+0000] {standard_task_runner.py:84} INFO - Running: ['***', 'tasks', 'run', 'tasks_relations', 'or_that_way', 'scheduled__2023-08-13T00:00:00+00:00', '--job-id', '1623', '--raw', '--subdir', 'DAGS_FOLDER/2_tasks_relations.py', '--cfg-path', '/tmp/tmp9i45e6yx']
[2023-09-12T17:37:35.074+0000] {standard_task_runner.py:85} INFO - Job 1623: Subtask or_that_way
[2023-09-12T17:37:35.159+0000] {task_command.py:415} INFO - Running <TaskInstance: tasks_relations.or_that_way scheduled__2023-08-13T00:00:00+00:00 [running]> on host 0ab7970e0956
[2023-09-12T17:37:35.245+0000] {taskinstance.py:1660} INFO - Exporting env vars: AIRFLOW_CTX_DAG_OWNER='***' AIRFLOW_CTX_DAG_ID='tasks_relations' AIRFLOW_CTX_TASK_ID='or_that_way' AIRFLOW_CTX_EXECUTION_DATE='2023-08-13T00:00:00+00:00' AIRFLOW_CTX_TRY_NUMBER='1' AIRFLOW_CTX_DAG_RUN_ID='scheduled__2023-08-13T00:00:00+00:00'
[2023-09-12T17:37:35.247+0000] {logging_mixin.py:151} INFO - NO NO, THAT WAY WAY!!!
[2023-09-12T17:37:35.248+0000] {python.py:194} INFO - Done. Returned value was: None
[2023-09-12T17:37:35.261+0000] {taskinstance.py:1400} INFO - Marking task as SUCCESS. dag_id=tasks_relations, task_id=or_that_way, execution_date=20230813T000000, start_date=20230912T173734, end_date=20230912T173735
[2023-09-12T17:37:35.310+0000] {local_task_job_runner.py:228} INFO - Task exited with return code 0
[2023-09-12T17:37:35.327+0000] {taskinstance.py:2784} INFO - 1 downstream tasks scheduled from follow-on schedule check
