[2023-09-05T15:31:10.374+0000] {taskinstance.py:1159} INFO - Dependencies all met for dep_context=non-requeueable deps ti=<TaskInstance: tasks_relations.or_that_way scheduled__2023-08-17T00:00:00+00:00 [queued]>
[2023-09-05T15:31:10.402+0000] {taskinstance.py:1159} INFO - Dependencies all met for dep_context=requeueable deps ti=<TaskInstance: tasks_relations.or_that_way scheduled__2023-08-17T00:00:00+00:00 [queued]>
[2023-09-05T15:31:10.412+0000] {taskinstance.py:1361} INFO - Starting attempt 1 of 1
[2023-09-05T15:31:10.435+0000] {taskinstance.py:1382} INFO - Executing <Task(_PythonDecoratedOperator): or_that_way> on 2023-08-17 00:00:00+00:00
[2023-09-05T15:31:10.450+0000] {standard_task_runner.py:57} INFO - Started process 1907 to run task
[2023-09-05T15:31:10.487+0000] {standard_task_runner.py:84} INFO - Running: ['***', 'tasks', 'run', 'tasks_relations', 'or_that_way', 'scheduled__2023-08-17T00:00:00+00:00', '--job-id', '876', '--raw', '--subdir', 'DAGS_FOLDER/tasks_relations.py', '--cfg-path', '/tmp/tmp2unwatn5']
[2023-09-05T15:31:10.490+0000] {standard_task_runner.py:85} INFO - Job 876: Subtask or_that_way
[2023-09-05T15:31:10.690+0000] {task_command.py:415} INFO - Running <TaskInstance: tasks_relations.or_that_way scheduled__2023-08-17T00:00:00+00:00 [running]> on host ca474790e981
[2023-09-05T15:31:10.918+0000] {taskinstance.py:1660} INFO - Exporting env vars: AIRFLOW_CTX_DAG_OWNER='***' AIRFLOW_CTX_DAG_ID='tasks_relations' AIRFLOW_CTX_TASK_ID='or_that_way' AIRFLOW_CTX_EXECUTION_DATE='2023-08-17T00:00:00+00:00' AIRFLOW_CTX_TRY_NUMBER='1' AIRFLOW_CTX_DAG_RUN_ID='scheduled__2023-08-17T00:00:00+00:00'
[2023-09-05T15:31:10.923+0000] {logging_mixin.py:151} INFO - NO NO, THAT WAY WAY!!!
[2023-09-05T15:31:10.925+0000] {python.py:194} INFO - Done. Returned value was: None
[2023-09-05T15:31:10.944+0000] {taskinstance.py:1400} INFO - Marking task as SUCCESS. dag_id=tasks_relations, task_id=or_that_way, execution_date=20230817T000000, start_date=20230905T153110, end_date=20230905T153110
[2023-09-05T15:31:10.980+0000] {local_task_job_runner.py:228} INFO - Task exited with return code 0
[2023-09-05T15:31:11.003+0000] {taskinstance.py:2784} INFO - 0 downstream tasks scheduled from follow-on schedule check
[2023-09-12T17:37:40.061+0000] {taskinstance.py:1159} INFO - Dependencies all met for dep_context=non-requeueable deps ti=<TaskInstance: tasks_relations.or_that_way scheduled__2023-08-17T00:00:00+00:00 [queued]>
[2023-09-12T17:37:40.074+0000] {taskinstance.py:1159} INFO - Dependencies all met for dep_context=requeueable deps ti=<TaskInstance: tasks_relations.or_that_way scheduled__2023-08-17T00:00:00+00:00 [queued]>
[2023-09-12T17:37:40.077+0000] {taskinstance.py:1361} INFO - Starting attempt 1 of 1
[2023-09-12T17:37:40.094+0000] {taskinstance.py:1382} INFO - Executing <Task(_PythonDecoratedOperator): or_that_way> on 2023-08-17 00:00:00+00:00
[2023-09-12T17:37:40.105+0000] {standard_task_runner.py:57} INFO - Started process 3455 to run task
[2023-09-12T17:37:40.114+0000] {standard_task_runner.py:84} INFO - Running: ['***', 'tasks', 'run', 'tasks_relations', 'or_that_way', 'scheduled__2023-08-17T00:00:00+00:00', '--job-id', '1650', '--raw', '--subdir', 'DAGS_FOLDER/2_tasks_relations.py', '--cfg-path', '/tmp/tmpcm__o6sa']
[2023-09-12T17:37:40.121+0000] {standard_task_runner.py:85} INFO - Job 1650: Subtask or_that_way
[2023-09-12T17:37:40.235+0000] {task_command.py:415} INFO - Running <TaskInstance: tasks_relations.or_that_way scheduled__2023-08-17T00:00:00+00:00 [running]> on host 0ab7970e0956
[2023-09-12T17:37:40.382+0000] {taskinstance.py:1660} INFO - Exporting env vars: AIRFLOW_CTX_DAG_OWNER='***' AIRFLOW_CTX_DAG_ID='tasks_relations' AIRFLOW_CTX_TASK_ID='or_that_way' AIRFLOW_CTX_EXECUTION_DATE='2023-08-17T00:00:00+00:00' AIRFLOW_CTX_TRY_NUMBER='1' AIRFLOW_CTX_DAG_RUN_ID='scheduled__2023-08-17T00:00:00+00:00'
[2023-09-12T17:37:40.386+0000] {logging_mixin.py:151} INFO - NO NO, THAT WAY WAY!!!
[2023-09-12T17:37:40.387+0000] {python.py:194} INFO - Done. Returned value was: None
[2023-09-12T17:37:40.406+0000] {taskinstance.py:1400} INFO - Marking task as SUCCESS. dag_id=tasks_relations, task_id=or_that_way, execution_date=20230817T000000, start_date=20230912T173740, end_date=20230912T173740
[2023-09-12T17:37:40.448+0000] {local_task_job_runner.py:228} INFO - Task exited with return code 0
[2023-09-12T17:37:40.467+0000] {taskinstance.py:2784} INFO - 1 downstream tasks scheduled from follow-on schedule check
