[2023-09-05T15:26:34.159+0000] {taskinstance.py:1159} INFO - Dependencies all met for dep_context=non-requeueable deps ti=<TaskInstance: tasks_relations.say_hello scheduled__2023-04-29T00:00:00+00:00 [queued]>
[2023-09-05T15:26:34.208+0000] {taskinstance.py:1159} INFO - Dependencies all met for dep_context=requeueable deps ti=<TaskInstance: tasks_relations.say_hello scheduled__2023-04-29T00:00:00+00:00 [queued]>
[2023-09-05T15:26:34.215+0000] {taskinstance.py:1361} INFO - Starting attempt 1 of 1
[2023-09-05T15:26:34.265+0000] {taskinstance.py:1382} INFO - Executing <Task(_PythonDecoratedOperator): say_hello> on 2023-04-29 00:00:00+00:00
[2023-09-05T15:26:34.281+0000] {standard_task_runner.py:57} INFO - Started process 816 to run task
[2023-09-05T15:26:34.300+0000] {standard_task_runner.py:84} INFO - Running: ['***', 'tasks', 'run', 'tasks_relations', 'say_hello', 'scheduled__2023-04-29T00:00:00+00:00', '--job-id', '362', '--raw', '--subdir', 'DAGS_FOLDER/tasks_relations.py', '--cfg-path', '/tmp/tmp85wpyf5n']
[2023-09-05T15:26:34.315+0000] {standard_task_runner.py:85} INFO - Job 362: Subtask say_hello
[2023-09-05T15:26:34.532+0000] {task_command.py:415} INFO - Running <TaskInstance: tasks_relations.say_hello scheduled__2023-04-29T00:00:00+00:00 [running]> on host ca474790e981
[2023-09-05T15:26:34.810+0000] {taskinstance.py:1660} INFO - Exporting env vars: AIRFLOW_CTX_DAG_OWNER='***' AIRFLOW_CTX_DAG_ID='tasks_relations' AIRFLOW_CTX_TASK_ID='say_hello' AIRFLOW_CTX_EXECUTION_DATE='2023-04-29T00:00:00+00:00' AIRFLOW_CTX_TRY_NUMBER='1' AIRFLOW_CTX_DAG_RUN_ID='scheduled__2023-04-29T00:00:00+00:00'
[2023-09-05T15:26:34.827+0000] {logging_mixin.py:151} INFO - hello ***
[2023-09-05T15:26:34.835+0000] {python.py:194} INFO - Done. Returned value was: None
[2023-09-05T15:26:34.868+0000] {taskinstance.py:1400} INFO - Marking task as SUCCESS. dag_id=tasks_relations, task_id=say_hello, execution_date=20230429T000000, start_date=20230905T152634, end_date=20230905T152634
[2023-09-05T15:26:35.067+0000] {local_task_job_runner.py:228} INFO - Task exited with return code 0
[2023-09-05T15:26:35.135+0000] {taskinstance.py:2784} INFO - 1 downstream tasks scheduled from follow-on schedule check
[2023-09-12T17:35:40.132+0000] {taskinstance.py:1159} INFO - Dependencies all met for dep_context=non-requeueable deps ti=<TaskInstance: tasks_relations.say_hello scheduled__2023-04-29T00:00:00+00:00 [queued]>
[2023-09-12T17:35:40.153+0000] {taskinstance.py:1159} INFO - Dependencies all met for dep_context=requeueable deps ti=<TaskInstance: tasks_relations.say_hello scheduled__2023-04-29T00:00:00+00:00 [queued]>
[2023-09-12T17:35:40.154+0000] {taskinstance.py:1361} INFO - Starting attempt 1 of 1
[2023-09-12T17:35:40.189+0000] {taskinstance.py:1382} INFO - Executing <Task(_PythonDecoratedOperator): say_hello> on 2023-04-29 00:00:00+00:00
[2023-09-12T17:35:40.213+0000] {standard_task_runner.py:57} INFO - Started process 2038 to run task
[2023-09-12T17:35:40.225+0000] {standard_task_runner.py:84} INFO - Running: ['***', 'tasks', 'run', 'tasks_relations', 'say_hello', 'scheduled__2023-04-29T00:00:00+00:00', '--job-id', '950', '--raw', '--subdir', 'DAGS_FOLDER/2_tasks_relations.py', '--cfg-path', '/tmp/tmp1ztly1ir']
[2023-09-12T17:35:40.244+0000] {standard_task_runner.py:85} INFO - Job 950: Subtask say_hello
[2023-09-12T17:35:40.406+0000] {task_command.py:415} INFO - Running <TaskInstance: tasks_relations.say_hello scheduled__2023-04-29T00:00:00+00:00 [running]> on host 0ab7970e0956
[2023-09-12T17:35:40.688+0000] {taskinstance.py:1660} INFO - Exporting env vars: AIRFLOW_CTX_DAG_OWNER='***' AIRFLOW_CTX_DAG_ID='tasks_relations' AIRFLOW_CTX_TASK_ID='say_hello' AIRFLOW_CTX_EXECUTION_DATE='2023-04-29T00:00:00+00:00' AIRFLOW_CTX_TRY_NUMBER='1' AIRFLOW_CTX_DAG_RUN_ID='scheduled__2023-04-29T00:00:00+00:00'
[2023-09-12T17:35:40.689+0000] {logging_mixin.py:151} INFO - hello world
[2023-09-12T17:35:40.699+0000] {python.py:194} INFO - Done. Returned value was: None
[2023-09-12T17:35:40.725+0000] {taskinstance.py:1400} INFO - Marking task as SUCCESS. dag_id=tasks_relations, task_id=say_hello, execution_date=20230429T000000, start_date=20230912T173540, end_date=20230912T173540
[2023-09-12T17:35:40.856+0000] {local_task_job_runner.py:228} INFO - Task exited with return code 0
[2023-09-12T17:35:40.923+0000] {taskinstance.py:2784} INFO - 1 downstream tasks scheduled from follow-on schedule check
