[2023-09-05T15:28:44.408+0000] {taskinstance.py:1159} INFO - Dependencies all met for dep_context=non-requeueable deps ti=<TaskInstance: tasks_relations.say_bye scheduled__2023-06-05T00:00:00+00:00 [queued]>
[2023-09-05T15:28:44.803+0000] {taskinstance.py:1159} INFO - Dependencies all met for dep_context=requeueable deps ti=<TaskInstance: tasks_relations.say_bye scheduled__2023-06-05T00:00:00+00:00 [queued]>
[2023-09-05T15:28:44.840+0000] {taskinstance.py:1361} INFO - Starting attempt 1 of 1
[2023-09-05T15:28:45.255+0000] {taskinstance.py:1382} INFO - Executing <Task(_PythonDecoratedOperator): say_bye> on 2023-06-05 00:00:00+00:00
[2023-09-05T15:28:45.358+0000] {standard_task_runner.py:57} INFO - Started process 1149 to run task
[2023-09-05T15:28:45.523+0000] {standard_task_runner.py:84} INFO - Running: ['***', 'tasks', 'run', 'tasks_relations', 'say_bye', 'scheduled__2023-06-05T00:00:00+00:00', '--job-id', '508', '--raw', '--subdir', 'DAGS_FOLDER/tasks_relations.py', '--cfg-path', '/tmp/tmpwtt9l2a9']
[2023-09-05T15:28:45.578+0000] {standard_task_runner.py:85} INFO - Job 508: Subtask say_bye
[2023-09-05T15:28:46.635+0000] {task_command.py:415} INFO - Running <TaskInstance: tasks_relations.say_bye scheduled__2023-06-05T00:00:00+00:00 [running]> on host ca474790e981
[2023-09-05T15:28:47.907+0000] {taskinstance.py:1660} INFO - Exporting env vars: AIRFLOW_CTX_DAG_OWNER='***' AIRFLOW_CTX_DAG_ID='tasks_relations' AIRFLOW_CTX_TASK_ID='say_bye' AIRFLOW_CTX_EXECUTION_DATE='2023-06-05T00:00:00+00:00' AIRFLOW_CTX_TRY_NUMBER='1' AIRFLOW_CTX_DAG_RUN_ID='scheduled__2023-06-05T00:00:00+00:00'
[2023-09-05T15:28:47.913+0000] {logging_mixin.py:151} INFO - goodbye world
[2023-09-05T15:28:47.925+0000] {python.py:194} INFO - Done. Returned value was: None
[2023-09-05T15:28:48.094+0000] {taskinstance.py:1400} INFO - Marking task as SUCCESS. dag_id=tasks_relations, task_id=say_bye, execution_date=20230605T000000, start_date=20230905T152844, end_date=20230905T152848
[2023-09-05T15:28:48.261+0000] {local_task_job_runner.py:228} INFO - Task exited with return code 0
[2023-09-05T15:28:48.894+0000] {taskinstance.py:2784} INFO - 0 downstream tasks scheduled from follow-on schedule check
[2023-09-12T17:36:17.575+0000] {taskinstance.py:1159} INFO - Dependencies all met for dep_context=non-requeueable deps ti=<TaskInstance: tasks_relations.say_bye scheduled__2023-06-05T00:00:00+00:00 [queued]>
[2023-09-12T17:36:17.603+0000] {taskinstance.py:1159} INFO - Dependencies all met for dep_context=requeueable deps ti=<TaskInstance: tasks_relations.say_bye scheduled__2023-06-05T00:00:00+00:00 [queued]>
[2023-09-12T17:36:17.610+0000] {taskinstance.py:1361} INFO - Starting attempt 1 of 1
[2023-09-12T17:36:17.687+0000] {taskinstance.py:1382} INFO - Executing <Task(_PythonDecoratedOperator): say_bye> on 2023-06-05 00:00:00+00:00
[2023-09-12T17:36:17.708+0000] {standard_task_runner.py:57} INFO - Started process 2532 to run task
[2023-09-12T17:36:17.733+0000] {standard_task_runner.py:84} INFO - Running: ['***', 'tasks', 'run', 'tasks_relations', 'say_bye', 'scheduled__2023-06-05T00:00:00+00:00', '--job-id', '1192', '--raw', '--subdir', 'DAGS_FOLDER/2_tasks_relations.py', '--cfg-path', '/tmp/tmp8hz2oi36']
[2023-09-12T17:36:17.747+0000] {standard_task_runner.py:85} INFO - Job 1192: Subtask say_bye
[2023-09-12T17:36:17.948+0000] {task_command.py:415} INFO - Running <TaskInstance: tasks_relations.say_bye scheduled__2023-06-05T00:00:00+00:00 [running]> on host 0ab7970e0956
[2023-09-12T17:36:18.170+0000] {taskinstance.py:1660} INFO - Exporting env vars: AIRFLOW_CTX_DAG_OWNER='***' AIRFLOW_CTX_DAG_ID='tasks_relations' AIRFLOW_CTX_TASK_ID='say_bye' AIRFLOW_CTX_EXECUTION_DATE='2023-06-05T00:00:00+00:00' AIRFLOW_CTX_TRY_NUMBER='1' AIRFLOW_CTX_DAG_RUN_ID='scheduled__2023-06-05T00:00:00+00:00'
[2023-09-12T17:36:18.173+0000] {logging_mixin.py:151} INFO - goodbye world
[2023-09-12T17:36:18.173+0000] {python.py:194} INFO - Done. Returned value was: None
[2023-09-12T17:36:18.193+0000] {taskinstance.py:1400} INFO - Marking task as SUCCESS. dag_id=tasks_relations, task_id=say_bye, execution_date=20230605T000000, start_date=20230912T173617, end_date=20230912T173618
[2023-09-12T17:36:18.280+0000] {local_task_job_runner.py:228} INFO - Task exited with return code 0
[2023-09-12T17:36:18.469+0000] {taskinstance.py:2784} INFO - 0 downstream tasks scheduled from follow-on schedule check
