[2023-09-05T15:30:33.754+0000] {taskinstance.py:1159} INFO - Dependencies all met for dep_context=non-requeueable deps ti=<TaskInstance: tasks_relations.this_way scheduled__2023-07-22T00:00:00+00:00 [queued]>
[2023-09-05T15:30:33.838+0000] {taskinstance.py:1159} INFO - Dependencies all met for dep_context=requeueable deps ti=<TaskInstance: tasks_relations.this_way scheduled__2023-07-22T00:00:00+00:00 [queued]>
[2023-09-05T15:30:33.842+0000] {taskinstance.py:1361} INFO - Starting attempt 1 of 1
[2023-09-05T15:30:33.930+0000] {taskinstance.py:1382} INFO - Executing <Task(_PythonDecoratedOperator): this_way> on 2023-07-22 00:00:00+00:00
[2023-09-05T15:30:33.987+0000] {standard_task_runner.py:57} INFO - Started process 1703 to run task
[2023-09-05T15:30:34.031+0000] {standard_task_runner.py:84} INFO - Running: ['***', 'tasks', 'run', 'tasks_relations', 'this_way', 'scheduled__2023-07-22T00:00:00+00:00', '--job-id', '777', '--raw', '--subdir', 'DAGS_FOLDER/tasks_relations.py', '--cfg-path', '/tmp/tmpghjoshit']
[2023-09-05T15:30:34.040+0000] {standard_task_runner.py:85} INFO - Job 777: Subtask this_way
[2023-09-05T15:30:34.616+0000] {task_command.py:415} INFO - Running <TaskInstance: tasks_relations.this_way scheduled__2023-07-22T00:00:00+00:00 [running]> on host ca474790e981
[2023-09-05T15:30:35.270+0000] {taskinstance.py:1660} INFO - Exporting env vars: AIRFLOW_CTX_DAG_OWNER='***' AIRFLOW_CTX_DAG_ID='tasks_relations' AIRFLOW_CTX_TASK_ID='this_way' AIRFLOW_CTX_EXECUTION_DATE='2023-07-22T00:00:00+00:00' AIRFLOW_CTX_TRY_NUMBER='1' AIRFLOW_CTX_DAG_RUN_ID='scheduled__2023-07-22T00:00:00+00:00'
[2023-09-05T15:30:35.274+0000] {logging_mixin.py:151} INFO - THIS WAY!!!
[2023-09-05T15:30:35.279+0000] {python.py:194} INFO - Done. Returned value was: None
[2023-09-05T15:30:35.342+0000] {taskinstance.py:1400} INFO - Marking task as SUCCESS. dag_id=tasks_relations, task_id=this_way, execution_date=20230722T000000, start_date=20230905T153033, end_date=20230905T153035
[2023-09-05T15:30:35.594+0000] {local_task_job_runner.py:228} INFO - Task exited with return code 0
[2023-09-05T15:30:35.722+0000] {taskinstance.py:2784} INFO - 0 downstream tasks scheduled from follow-on schedule check
[2023-09-12T17:37:13.366+0000] {taskinstance.py:1159} INFO - Dependencies all met for dep_context=non-requeueable deps ti=<TaskInstance: tasks_relations.this_way scheduled__2023-07-22T00:00:00+00:00 [queued]>
[2023-09-12T17:37:13.398+0000] {taskinstance.py:1159} INFO - Dependencies all met for dep_context=requeueable deps ti=<TaskInstance: tasks_relations.this_way scheduled__2023-07-22T00:00:00+00:00 [queued]>
[2023-09-12T17:37:13.400+0000] {taskinstance.py:1361} INFO - Starting attempt 1 of 1
[2023-09-12T17:37:13.461+0000] {taskinstance.py:1382} INFO - Executing <Task(_PythonDecoratedOperator): this_way> on 2023-07-22 00:00:00+00:00
[2023-09-12T17:37:13.492+0000] {standard_task_runner.py:57} INFO - Started process 3159 to run task
[2023-09-12T17:37:13.519+0000] {standard_task_runner.py:84} INFO - Running: ['***', 'tasks', 'run', 'tasks_relations', 'this_way', 'scheduled__2023-07-22T00:00:00+00:00', '--job-id', '1501', '--raw', '--subdir', 'DAGS_FOLDER/2_tasks_relations.py', '--cfg-path', '/tmp/tmpjqj6aq35']
[2023-09-12T17:37:13.524+0000] {standard_task_runner.py:85} INFO - Job 1501: Subtask this_way
[2023-09-12T17:37:13.696+0000] {task_command.py:415} INFO - Running <TaskInstance: tasks_relations.this_way scheduled__2023-07-22T00:00:00+00:00 [running]> on host 0ab7970e0956
[2023-09-12T17:37:13.929+0000] {taskinstance.py:1660} INFO - Exporting env vars: AIRFLOW_CTX_DAG_OWNER='***' AIRFLOW_CTX_DAG_ID='tasks_relations' AIRFLOW_CTX_TASK_ID='this_way' AIRFLOW_CTX_EXECUTION_DATE='2023-07-22T00:00:00+00:00' AIRFLOW_CTX_TRY_NUMBER='1' AIRFLOW_CTX_DAG_RUN_ID='scheduled__2023-07-22T00:00:00+00:00'
[2023-09-12T17:37:13.935+0000] {logging_mixin.py:151} INFO - THIS WAY!!!
[2023-09-12T17:37:13.935+0000] {python.py:194} INFO - Done. Returned value was: None
[2023-09-12T17:37:13.984+0000] {taskinstance.py:1400} INFO - Marking task as SUCCESS. dag_id=tasks_relations, task_id=this_way, execution_date=20230722T000000, start_date=20230912T173713, end_date=20230912T173713
[2023-09-12T17:37:14.052+0000] {local_task_job_runner.py:228} INFO - Task exited with return code 0
[2023-09-12T17:37:14.099+0000] {taskinstance.py:2784} INFO - 0 downstream tasks scheduled from follow-on schedule check
