[2023-09-05T15:25:51.306+0000] {taskinstance.py:1159} INFO - Dependencies all met for dep_context=non-requeueable deps ti=<TaskInstance: tasks_relations.say_hello scheduled__2023-04-01T00:00:00+00:00 [queued]>
[2023-09-05T15:25:51.341+0000] {taskinstance.py:1159} INFO - Dependencies all met for dep_context=requeueable deps ti=<TaskInstance: tasks_relations.say_hello scheduled__2023-04-01T00:00:00+00:00 [queued]>
[2023-09-05T15:25:51.342+0000] {taskinstance.py:1361} INFO - Starting attempt 1 of 1
[2023-09-05T15:25:51.384+0000] {taskinstance.py:1382} INFO - Executing <Task(_PythonDecoratedOperator): say_hello> on 2023-04-01 00:00:00+00:00
[2023-09-05T15:25:51.397+0000] {standard_task_runner.py:57} INFO - Started process 633 to run task
[2023-09-05T15:25:51.458+0000] {standard_task_runner.py:84} INFO - Running: ['***', 'tasks', 'run', 'tasks_relations', 'say_hello', 'scheduled__2023-04-01T00:00:00+00:00', '--job-id', '273', '--raw', '--subdir', 'DAGS_FOLDER/tasks_relations.py', '--cfg-path', '/tmp/tmpc8r2frai']
[2023-09-05T15:25:51.464+0000] {standard_task_runner.py:85} INFO - Job 273: Subtask say_hello
[2023-09-05T15:25:51.666+0000] {task_command.py:415} INFO - Running <TaskInstance: tasks_relations.say_hello scheduled__2023-04-01T00:00:00+00:00 [running]> on host ca474790e981
[2023-09-05T15:25:51.967+0000] {taskinstance.py:1660} INFO - Exporting env vars: AIRFLOW_CTX_DAG_OWNER='***' AIRFLOW_CTX_DAG_ID='tasks_relations' AIRFLOW_CTX_TASK_ID='say_hello' AIRFLOW_CTX_EXECUTION_DATE='2023-04-01T00:00:00+00:00' AIRFLOW_CTX_TRY_NUMBER='1' AIRFLOW_CTX_DAG_RUN_ID='scheduled__2023-04-01T00:00:00+00:00'
[2023-09-05T15:25:51.972+0000] {logging_mixin.py:151} INFO - hello ***
[2023-09-05T15:25:51.974+0000] {python.py:194} INFO - Done. Returned value was: None
[2023-09-05T15:25:52.012+0000] {taskinstance.py:1400} INFO - Marking task as SUCCESS. dag_id=tasks_relations, task_id=say_hello, execution_date=20230401T000000, start_date=20230905T152551, end_date=20230905T152552
[2023-09-05T15:25:52.121+0000] {local_task_job_runner.py:228} INFO - Task exited with return code 0
[2023-09-05T15:25:52.180+0000] {taskinstance.py:2784} INFO - 0 downstream tasks scheduled from follow-on schedule check
[2023-09-12T17:35:06.250+0000] {taskinstance.py:1159} INFO - Dependencies all met for dep_context=non-requeueable deps ti=<TaskInstance: tasks_relations.say_hello scheduled__2023-04-01T00:00:00+00:00 [queued]>
[2023-09-12T17:35:06.282+0000] {taskinstance.py:1159} INFO - Dependencies all met for dep_context=requeueable deps ti=<TaskInstance: tasks_relations.say_hello scheduled__2023-04-01T00:00:00+00:00 [queued]>
[2023-09-12T17:35:06.286+0000] {taskinstance.py:1361} INFO - Starting attempt 1 of 1
[2023-09-12T17:35:06.337+0000] {taskinstance.py:1382} INFO - Executing <Task(_PythonDecoratedOperator): say_hello> on 2023-04-01 00:00:00+00:00
[2023-09-12T17:35:06.374+0000] {standard_task_runner.py:57} INFO - Started process 1602 to run task
[2023-09-12T17:35:06.405+0000] {standard_task_runner.py:84} INFO - Running: ['***', 'tasks', 'run', 'tasks_relations', 'say_hello', 'scheduled__2023-04-01T00:00:00+00:00', '--job-id', '735', '--raw', '--subdir', 'DAGS_FOLDER/2_tasks_relations.py', '--cfg-path', '/tmp/tmp05ojy_od']
[2023-09-12T17:35:06.427+0000] {standard_task_runner.py:85} INFO - Job 735: Subtask say_hello
[2023-09-12T17:35:06.629+0000] {task_command.py:415} INFO - Running <TaskInstance: tasks_relations.say_hello scheduled__2023-04-01T00:00:00+00:00 [running]> on host 0ab7970e0956
[2023-09-12T17:35:06.923+0000] {taskinstance.py:1660} INFO - Exporting env vars: AIRFLOW_CTX_DAG_OWNER='***' AIRFLOW_CTX_DAG_ID='tasks_relations' AIRFLOW_CTX_TASK_ID='say_hello' AIRFLOW_CTX_EXECUTION_DATE='2023-04-01T00:00:00+00:00' AIRFLOW_CTX_TRY_NUMBER='1' AIRFLOW_CTX_DAG_RUN_ID='scheduled__2023-04-01T00:00:00+00:00'
[2023-09-12T17:35:06.924+0000] {logging_mixin.py:151} INFO - hello world
[2023-09-12T17:35:06.925+0000] {python.py:194} INFO - Done. Returned value was: None
[2023-09-12T17:35:06.945+0000] {taskinstance.py:1400} INFO - Marking task as SUCCESS. dag_id=tasks_relations, task_id=say_hello, execution_date=20230401T000000, start_date=20230912T173506, end_date=20230912T173506
[2023-09-12T17:35:07.030+0000] {local_task_job_runner.py:228} INFO - Task exited with return code 0
[2023-09-12T17:35:07.116+0000] {taskinstance.py:2784} INFO - 1 downstream tasks scheduled from follow-on schedule check
