[2023-09-05T15:31:01.592+0000] {taskinstance.py:1159} INFO - Dependencies all met for dep_context=non-requeueable deps ti=<TaskInstance: tasks_relations.say_bye scheduled__2023-08-15T00:00:00+00:00 [queued]>
[2023-09-05T15:31:01.698+0000] {taskinstance.py:1159} INFO - Dependencies all met for dep_context=requeueable deps ti=<TaskInstance: tasks_relations.say_bye scheduled__2023-08-15T00:00:00+00:00 [queued]>
[2023-09-05T15:31:01.709+0000] {taskinstance.py:1361} INFO - Starting attempt 1 of 1
[2023-09-05T15:31:01.759+0000] {taskinstance.py:1382} INFO - Executing <Task(_PythonDecoratedOperator): say_bye> on 2023-08-15 00:00:00+00:00
[2023-09-05T15:31:01.803+0000] {standard_task_runner.py:57} INFO - Started process 1856 to run task
[2023-09-05T15:31:01.819+0000] {standard_task_runner.py:84} INFO - Running: ['***', 'tasks', 'run', 'tasks_relations', 'say_bye', 'scheduled__2023-08-15T00:00:00+00:00', '--job-id', '847', '--raw', '--subdir', 'DAGS_FOLDER/tasks_relations.py', '--cfg-path', '/tmp/tmpcfgtm0p9']
[2023-09-05T15:31:01.827+0000] {standard_task_runner.py:85} INFO - Job 847: Subtask say_bye
[2023-09-05T15:31:02.253+0000] {task_command.py:415} INFO - Running <TaskInstance: tasks_relations.say_bye scheduled__2023-08-15T00:00:00+00:00 [running]> on host ca474790e981
[2023-09-05T15:31:02.869+0000] {taskinstance.py:1660} INFO - Exporting env vars: AIRFLOW_CTX_DAG_OWNER='***' AIRFLOW_CTX_DAG_ID='tasks_relations' AIRFLOW_CTX_TASK_ID='say_bye' AIRFLOW_CTX_EXECUTION_DATE='2023-08-15T00:00:00+00:00' AIRFLOW_CTX_TRY_NUMBER='1' AIRFLOW_CTX_DAG_RUN_ID='scheduled__2023-08-15T00:00:00+00:00'
[2023-09-05T15:31:02.883+0000] {logging_mixin.py:151} INFO - goodbye world
[2023-09-05T15:31:02.885+0000] {python.py:194} INFO - Done. Returned value was: None
[2023-09-05T15:31:02.961+0000] {taskinstance.py:1400} INFO - Marking task as SUCCESS. dag_id=tasks_relations, task_id=say_bye, execution_date=20230815T000000, start_date=20230905T153101, end_date=20230905T153102
[2023-09-05T15:31:03.274+0000] {local_task_job_runner.py:228} INFO - Task exited with return code 0
[2023-09-05T15:31:03.440+0000] {taskinstance.py:2784} INFO - 2 downstream tasks scheduled from follow-on schedule check
[2023-09-12T17:37:36.578+0000] {taskinstance.py:1159} INFO - Dependencies all met for dep_context=non-requeueable deps ti=<TaskInstance: tasks_relations.say_bye scheduled__2023-08-15T00:00:00+00:00 [queued]>
[2023-09-12T17:37:36.627+0000] {taskinstance.py:1159} INFO - Dependencies all met for dep_context=requeueable deps ti=<TaskInstance: tasks_relations.say_bye scheduled__2023-08-15T00:00:00+00:00 [queued]>
[2023-09-12T17:37:36.634+0000] {taskinstance.py:1361} INFO - Starting attempt 1 of 1
[2023-09-12T17:37:36.698+0000] {taskinstance.py:1382} INFO - Executing <Task(_PythonDecoratedOperator): say_bye> on 2023-08-15 00:00:00+00:00
[2023-09-12T17:37:36.707+0000] {standard_task_runner.py:57} INFO - Started process 3419 to run task
[2023-09-12T17:37:36.746+0000] {standard_task_runner.py:84} INFO - Running: ['***', 'tasks', 'run', 'tasks_relations', 'say_bye', 'scheduled__2023-08-15T00:00:00+00:00', '--job-id', '1627', '--raw', '--subdir', 'DAGS_FOLDER/2_tasks_relations.py', '--cfg-path', '/tmp/tmppwwolv30']
[2023-09-12T17:37:36.752+0000] {standard_task_runner.py:85} INFO - Job 1627: Subtask say_bye
[2023-09-12T17:37:36.981+0000] {task_command.py:415} INFO - Running <TaskInstance: tasks_relations.say_bye scheduled__2023-08-15T00:00:00+00:00 [running]> on host 0ab7970e0956
[2023-09-12T17:37:37.347+0000] {taskinstance.py:1660} INFO - Exporting env vars: AIRFLOW_CTX_DAG_OWNER='***' AIRFLOW_CTX_DAG_ID='tasks_relations' AIRFLOW_CTX_TASK_ID='say_bye' AIRFLOW_CTX_EXECUTION_DATE='2023-08-15T00:00:00+00:00' AIRFLOW_CTX_TRY_NUMBER='1' AIRFLOW_CTX_DAG_RUN_ID='scheduled__2023-08-15T00:00:00+00:00'
[2023-09-12T17:37:37.353+0000] {logging_mixin.py:151} INFO - goodbye world
[2023-09-12T17:37:37.357+0000] {python.py:194} INFO - Done. Returned value was: None
[2023-09-12T17:37:37.402+0000] {taskinstance.py:1400} INFO - Marking task as SUCCESS. dag_id=tasks_relations, task_id=say_bye, execution_date=20230815T000000, start_date=20230912T173736, end_date=20230912T173737
[2023-09-12T17:37:37.482+0000] {local_task_job_runner.py:228} INFO - Task exited with return code 0
[2023-09-12T17:37:37.583+0000] {taskinstance.py:2784} INFO - 2 downstream tasks scheduled from follow-on schedule check
