[2023-09-05T15:31:23.858+0000] {taskinstance.py:1159} INFO - Dependencies all met for dep_context=non-requeueable deps ti=<TaskInstance: tasks_relations.say_bye scheduled__2023-08-24T00:00:00+00:00 [queued]>
[2023-09-05T15:31:23.987+0000] {taskinstance.py:1159} INFO - Dependencies all met for dep_context=requeueable deps ti=<TaskInstance: tasks_relations.say_bye scheduled__2023-08-24T00:00:00+00:00 [queued]>
[2023-09-05T15:31:23.990+0000] {taskinstance.py:1361} INFO - Starting attempt 1 of 1
[2023-09-05T15:31:24.336+0000] {taskinstance.py:1382} INFO - Executing <Task(_PythonDecoratedOperator): say_bye> on 2023-08-24 00:00:00+00:00
[2023-09-05T15:31:24.389+0000] {standard_task_runner.py:57} INFO - Started process 1992 to run task
[2023-09-05T15:31:24.401+0000] {standard_task_runner.py:84} INFO - Running: ['***', 'tasks', 'run', 'tasks_relations', 'say_bye', 'scheduled__2023-08-24T00:00:00+00:00', '--job-id', '911', '--raw', '--subdir', 'DAGS_FOLDER/tasks_relations.py', '--cfg-path', '/tmp/tmp3qshjxme']
[2023-09-05T15:31:24.414+0000] {standard_task_runner.py:85} INFO - Job 911: Subtask say_bye
[2023-09-05T15:31:24.973+0000] {task_command.py:415} INFO - Running <TaskInstance: tasks_relations.say_bye scheduled__2023-08-24T00:00:00+00:00 [running]> on host ca474790e981
[2023-09-05T15:31:25.470+0000] {taskinstance.py:1660} INFO - Exporting env vars: AIRFLOW_CTX_DAG_OWNER='***' AIRFLOW_CTX_DAG_ID='tasks_relations' AIRFLOW_CTX_TASK_ID='say_bye' AIRFLOW_CTX_EXECUTION_DATE='2023-08-24T00:00:00+00:00' AIRFLOW_CTX_TRY_NUMBER='1' AIRFLOW_CTX_DAG_RUN_ID='scheduled__2023-08-24T00:00:00+00:00'
[2023-09-05T15:31:25.477+0000] {logging_mixin.py:151} INFO - goodbye world
[2023-09-05T15:31:25.488+0000] {python.py:194} INFO - Done. Returned value was: None
[2023-09-05T15:31:25.567+0000] {taskinstance.py:1400} INFO - Marking task as SUCCESS. dag_id=tasks_relations, task_id=say_bye, execution_date=20230824T000000, start_date=20230905T153123, end_date=20230905T153125
[2023-09-05T15:31:25.871+0000] {local_task_job_runner.py:228} INFO - Task exited with return code 0
[2023-09-05T15:31:26.224+0000] {taskinstance.py:2784} INFO - 0 downstream tasks scheduled from follow-on schedule check
[2023-09-12T17:37:47.517+0000] {taskinstance.py:1159} INFO - Dependencies all met for dep_context=non-requeueable deps ti=<TaskInstance: tasks_relations.say_bye scheduled__2023-08-24T00:00:00+00:00 [queued]>
[2023-09-12T17:37:47.551+0000] {taskinstance.py:1159} INFO - Dependencies all met for dep_context=requeueable deps ti=<TaskInstance: tasks_relations.say_bye scheduled__2023-08-24T00:00:00+00:00 [queued]>
[2023-09-12T17:37:47.555+0000] {taskinstance.py:1361} INFO - Starting attempt 1 of 1
[2023-09-12T17:37:47.632+0000] {taskinstance.py:1382} INFO - Executing <Task(_PythonDecoratedOperator): say_bye> on 2023-08-24 00:00:00+00:00
[2023-09-12T17:37:47.656+0000] {standard_task_runner.py:57} INFO - Started process 3528 to run task
[2023-09-12T17:37:47.687+0000] {standard_task_runner.py:84} INFO - Running: ['***', 'tasks', 'run', 'tasks_relations', 'say_bye', 'scheduled__2023-08-24T00:00:00+00:00', '--job-id', '1682', '--raw', '--subdir', 'DAGS_FOLDER/2_tasks_relations.py', '--cfg-path', '/tmp/tmpwvx2k1se']
[2023-09-12T17:37:47.706+0000] {standard_task_runner.py:85} INFO - Job 1682: Subtask say_bye
[2023-09-12T17:37:47.957+0000] {task_command.py:415} INFO - Running <TaskInstance: tasks_relations.say_bye scheduled__2023-08-24T00:00:00+00:00 [running]> on host 0ab7970e0956
[2023-09-12T17:37:48.203+0000] {taskinstance.py:1660} INFO - Exporting env vars: AIRFLOW_CTX_DAG_OWNER='***' AIRFLOW_CTX_DAG_ID='tasks_relations' AIRFLOW_CTX_TASK_ID='say_bye' AIRFLOW_CTX_EXECUTION_DATE='2023-08-24T00:00:00+00:00' AIRFLOW_CTX_TRY_NUMBER='1' AIRFLOW_CTX_DAG_RUN_ID='scheduled__2023-08-24T00:00:00+00:00'
[2023-09-12T17:37:48.208+0000] {logging_mixin.py:151} INFO - goodbye world
[2023-09-12T17:37:48.209+0000] {python.py:194} INFO - Done. Returned value was: None
[2023-09-12T17:37:48.247+0000] {taskinstance.py:1400} INFO - Marking task as SUCCESS. dag_id=tasks_relations, task_id=say_bye, execution_date=20230824T000000, start_date=20230912T173747, end_date=20230912T173748
[2023-09-12T17:37:48.344+0000] {local_task_job_runner.py:228} INFO - Task exited with return code 0
[2023-09-12T17:37:48.403+0000] {taskinstance.py:2784} INFO - 2 downstream tasks scheduled from follow-on schedule check
