[2023-09-05T15:29:36.613+0000] {taskinstance.py:1159} INFO - Dependencies all met for dep_context=non-requeueable deps ti=<TaskInstance: tasks_relations.or_that_way scheduled__2023-06-20T00:00:00+00:00 [queued]>
[2023-09-05T15:29:36.667+0000] {taskinstance.py:1159} INFO - Dependencies all met for dep_context=requeueable deps ti=<TaskInstance: tasks_relations.or_that_way scheduled__2023-06-20T00:00:00+00:00 [queued]>
[2023-09-05T15:29:36.668+0000] {taskinstance.py:1361} INFO - Starting attempt 1 of 1
[2023-09-05T15:29:36.824+0000] {taskinstance.py:1382} INFO - Executing <Task(_PythonDecoratedOperator): or_that_way> on 2023-06-20 00:00:00+00:00
[2023-09-05T15:29:37.001+0000] {standard_task_runner.py:84} INFO - Running: ['***', 'tasks', 'run', 'tasks_relations', 'or_that_way', 'scheduled__2023-06-20T00:00:00+00:00', '--job-id', '611', '--raw', '--subdir', 'DAGS_FOLDER/tasks_relations.py', '--cfg-path', '/tmp/tmppvmmnlon']
[2023-09-05T15:29:37.019+0000] {standard_task_runner.py:85} INFO - Job 611: Subtask or_that_way
[2023-09-05T15:29:36.940+0000] {standard_task_runner.py:57} INFO - Started process 1369 to run task
[2023-09-05T15:29:37.329+0000] {task_command.py:415} INFO - Running <TaskInstance: tasks_relations.or_that_way scheduled__2023-06-20T00:00:00+00:00 [running]> on host ca474790e981
[2023-09-05T15:29:37.805+0000] {taskinstance.py:1660} INFO - Exporting env vars: AIRFLOW_CTX_DAG_OWNER='***' AIRFLOW_CTX_DAG_ID='tasks_relations' AIRFLOW_CTX_TASK_ID='or_that_way' AIRFLOW_CTX_EXECUTION_DATE='2023-06-20T00:00:00+00:00' AIRFLOW_CTX_TRY_NUMBER='1' AIRFLOW_CTX_DAG_RUN_ID='scheduled__2023-06-20T00:00:00+00:00'
[2023-09-05T15:29:37.807+0000] {logging_mixin.py:151} INFO - NO NO, THAT WAY WAY!!!
[2023-09-05T15:29:37.808+0000] {python.py:194} INFO - Done. Returned value was: None
[2023-09-05T15:29:37.850+0000] {taskinstance.py:1400} INFO - Marking task as SUCCESS. dag_id=tasks_relations, task_id=or_that_way, execution_date=20230620T000000, start_date=20230905T152936, end_date=20230905T152937
[2023-09-05T15:29:38.034+0000] {local_task_job_runner.py:228} INFO - Task exited with return code 0
[2023-09-05T15:29:38.198+0000] {taskinstance.py:2784} INFO - 0 downstream tasks scheduled from follow-on schedule check
[2023-09-12T17:36:40.361+0000] {taskinstance.py:1159} INFO - Dependencies all met for dep_context=non-requeueable deps ti=<TaskInstance: tasks_relations.or_that_way scheduled__2023-06-20T00:00:00+00:00 [queued]>
[2023-09-12T17:36:40.398+0000] {taskinstance.py:1159} INFO - Dependencies all met for dep_context=requeueable deps ti=<TaskInstance: tasks_relations.or_that_way scheduled__2023-06-20T00:00:00+00:00 [queued]>
[2023-09-12T17:36:40.402+0000] {taskinstance.py:1361} INFO - Starting attempt 1 of 1
[2023-09-12T17:36:40.439+0000] {taskinstance.py:1382} INFO - Executing <Task(_PythonDecoratedOperator): or_that_way> on 2023-06-20 00:00:00+00:00
[2023-09-12T17:36:40.454+0000] {standard_task_runner.py:57} INFO - Started process 2750 to run task
[2023-09-12T17:36:40.494+0000] {standard_task_runner.py:84} INFO - Running: ['***', 'tasks', 'run', 'tasks_relations', 'or_that_way', 'scheduled__2023-06-20T00:00:00+00:00', '--job-id', '1298', '--raw', '--subdir', 'DAGS_FOLDER/2_tasks_relations.py', '--cfg-path', '/tmp/tmp0lyuxp8b']
[2023-09-12T17:36:40.509+0000] {standard_task_runner.py:85} INFO - Job 1298: Subtask or_that_way
[2023-09-12T17:36:40.810+0000] {task_command.py:415} INFO - Running <TaskInstance: tasks_relations.or_that_way scheduled__2023-06-20T00:00:00+00:00 [running]> on host 0ab7970e0956
[2023-09-12T17:36:41.195+0000] {taskinstance.py:1660} INFO - Exporting env vars: AIRFLOW_CTX_DAG_OWNER='***' AIRFLOW_CTX_DAG_ID='tasks_relations' AIRFLOW_CTX_TASK_ID='or_that_way' AIRFLOW_CTX_EXECUTION_DATE='2023-06-20T00:00:00+00:00' AIRFLOW_CTX_TRY_NUMBER='1' AIRFLOW_CTX_DAG_RUN_ID='scheduled__2023-06-20T00:00:00+00:00'
[2023-09-12T17:36:41.197+0000] {logging_mixin.py:151} INFO - NO NO, THAT WAY WAY!!!
[2023-09-12T17:36:41.198+0000] {python.py:194} INFO - Done. Returned value was: None
[2023-09-12T17:36:41.218+0000] {taskinstance.py:1400} INFO - Marking task as SUCCESS. dag_id=tasks_relations, task_id=or_that_way, execution_date=20230620T000000, start_date=20230912T173640, end_date=20230912T173641
[2023-09-12T17:36:41.276+0000] {local_task_job_runner.py:228} INFO - Task exited with return code 0
[2023-09-12T17:36:41.339+0000] {taskinstance.py:2784} INFO - 0 downstream tasks scheduled from follow-on schedule check
