[2023-09-05T15:30:50.482+0000] {taskinstance.py:1159} INFO - Dependencies all met for dep_context=non-requeueable deps ti=<TaskInstance: tasks_relations.say_hello scheduled__2023-08-08T00:00:00+00:00 [queued]>
[2023-09-05T15:30:50.523+0000] {taskinstance.py:1159} INFO - Dependencies all met for dep_context=requeueable deps ti=<TaskInstance: tasks_relations.say_hello scheduled__2023-08-08T00:00:00+00:00 [queued]>
[2023-09-05T15:30:50.526+0000] {taskinstance.py:1361} INFO - Starting attempt 1 of 1
[2023-09-05T15:30:50.617+0000] {taskinstance.py:1382} INFO - Executing <Task(_PythonDecoratedOperator): say_hello> on 2023-08-08 00:00:00+00:00
[2023-09-05T15:30:50.652+0000] {standard_task_runner.py:57} INFO - Started process 1795 to run task
[2023-09-05T15:30:50.725+0000] {standard_task_runner.py:84} INFO - Running: ['***', 'tasks', 'run', 'tasks_relations', 'say_hello', 'scheduled__2023-08-08T00:00:00+00:00', '--job-id', '817', '--raw', '--subdir', 'DAGS_FOLDER/tasks_relations.py', '--cfg-path', '/tmp/tmpeinvswf4']
[2023-09-05T15:30:50.751+0000] {standard_task_runner.py:85} INFO - Job 817: Subtask say_hello
[2023-09-05T15:30:51.468+0000] {task_command.py:415} INFO - Running <TaskInstance: tasks_relations.say_hello scheduled__2023-08-08T00:00:00+00:00 [running]> on host ca474790e981
[2023-09-05T15:30:52.091+0000] {taskinstance.py:1660} INFO - Exporting env vars: AIRFLOW_CTX_DAG_OWNER='***' AIRFLOW_CTX_DAG_ID='tasks_relations' AIRFLOW_CTX_TASK_ID='say_hello' AIRFLOW_CTX_EXECUTION_DATE='2023-08-08T00:00:00+00:00' AIRFLOW_CTX_TRY_NUMBER='1' AIRFLOW_CTX_DAG_RUN_ID='scheduled__2023-08-08T00:00:00+00:00'
[2023-09-05T15:30:52.110+0000] {logging_mixin.py:151} INFO - hello world
[2023-09-05T15:30:52.111+0000] {python.py:194} INFO - Done. Returned value was: None
[2023-09-05T15:30:52.195+0000] {taskinstance.py:1400} INFO - Marking task as SUCCESS. dag_id=tasks_relations, task_id=say_hello, execution_date=20230808T000000, start_date=20230905T153050, end_date=20230905T153052
[2023-09-05T15:30:52.434+0000] {local_task_job_runner.py:228} INFO - Task exited with return code 0
[2023-09-05T15:30:52.681+0000] {taskinstance.py:2784} INFO - 1 downstream tasks scheduled from follow-on schedule check
[2023-09-12T17:37:27.806+0000] {taskinstance.py:1159} INFO - Dependencies all met for dep_context=non-requeueable deps ti=<TaskInstance: tasks_relations.say_hello scheduled__2023-08-08T00:00:00+00:00 [queued]>
[2023-09-12T17:37:27.850+0000] {taskinstance.py:1159} INFO - Dependencies all met for dep_context=requeueable deps ti=<TaskInstance: tasks_relations.say_hello scheduled__2023-08-08T00:00:00+00:00 [queued]>
[2023-09-12T17:37:27.854+0000] {taskinstance.py:1361} INFO - Starting attempt 1 of 1
[2023-09-12T17:37:27.867+0000] {taskinstance.py:1382} INFO - Executing <Task(_PythonDecoratedOperator): say_hello> on 2023-08-08 00:00:00+00:00
[2023-09-12T17:37:27.882+0000] {standard_task_runner.py:57} INFO - Started process 3309 to run task
[2023-09-12T17:37:27.897+0000] {standard_task_runner.py:84} INFO - Running: ['***', 'tasks', 'run', 'tasks_relations', 'say_hello', 'scheduled__2023-08-08T00:00:00+00:00', '--job-id', '1576', '--raw', '--subdir', 'DAGS_FOLDER/2_tasks_relations.py', '--cfg-path', '/tmp/tmp3ivmlhi6']
[2023-09-12T17:37:27.910+0000] {standard_task_runner.py:85} INFO - Job 1576: Subtask say_hello
[2023-09-12T17:37:28.059+0000] {task_command.py:415} INFO - Running <TaskInstance: tasks_relations.say_hello scheduled__2023-08-08T00:00:00+00:00 [running]> on host 0ab7970e0956
[2023-09-12T17:37:28.230+0000] {taskinstance.py:1660} INFO - Exporting env vars: AIRFLOW_CTX_DAG_OWNER='***' AIRFLOW_CTX_DAG_ID='tasks_relations' AIRFLOW_CTX_TASK_ID='say_hello' AIRFLOW_CTX_EXECUTION_DATE='2023-08-08T00:00:00+00:00' AIRFLOW_CTX_TRY_NUMBER='1' AIRFLOW_CTX_DAG_RUN_ID='scheduled__2023-08-08T00:00:00+00:00'
[2023-09-12T17:37:28.232+0000] {logging_mixin.py:151} INFO - hello world
[2023-09-12T17:37:28.234+0000] {python.py:194} INFO - Done. Returned value was: None
[2023-09-12T17:37:28.254+0000] {taskinstance.py:1400} INFO - Marking task as SUCCESS. dag_id=tasks_relations, task_id=say_hello, execution_date=20230808T000000, start_date=20230912T173727, end_date=20230912T173728
[2023-09-12T17:37:28.283+0000] {local_task_job_runner.py:228} INFO - Task exited with return code 0
[2023-09-12T17:37:28.363+0000] {taskinstance.py:2784} INFO - 1 downstream tasks scheduled from follow-on schedule check
