[2023-09-05T15:25:26.192+0000] {taskinstance.py:1159} INFO - Dependencies all met for dep_context=non-requeueable deps ti=<TaskInstance: tasks_relations.say_bye scheduled__2023-03-04T00:00:00+00:00 [queued]>
[2023-09-05T15:25:26.271+0000] {taskinstance.py:1159} INFO - Dependencies all met for dep_context=requeueable deps ti=<TaskInstance: tasks_relations.say_bye scheduled__2023-03-04T00:00:00+00:00 [queued]>
[2023-09-05T15:25:26.283+0000] {taskinstance.py:1361} INFO - Starting attempt 1 of 1
[2023-09-05T15:25:26.384+0000] {taskinstance.py:1382} INFO - Executing <Task(_PythonDecoratedOperator): say_bye> on 2023-03-04 00:00:00+00:00
[2023-09-05T15:25:26.398+0000] {standard_task_runner.py:57} INFO - Started process 514 to run task
[2023-09-05T15:25:26.412+0000] {standard_task_runner.py:84} INFO - Running: ['***', 'tasks', 'run', 'tasks_relations', 'say_bye', 'scheduled__2023-03-04T00:00:00+00:00', '--job-id', '217', '--raw', '--subdir', 'DAGS_FOLDER/tasks_relations.py', '--cfg-path', '/tmp/tmpjw0hwi5z']
[2023-09-05T15:25:26.429+0000] {standard_task_runner.py:85} INFO - Job 217: Subtask say_bye
[2023-09-05T15:25:26.893+0000] {task_command.py:415} INFO - Running <TaskInstance: tasks_relations.say_bye scheduled__2023-03-04T00:00:00+00:00 [running]> on host ca474790e981
[2023-09-05T15:25:27.441+0000] {taskinstance.py:1660} INFO - Exporting env vars: AIRFLOW_CTX_DAG_OWNER='***' AIRFLOW_CTX_DAG_ID='tasks_relations' AIRFLOW_CTX_TASK_ID='say_bye' AIRFLOW_CTX_EXECUTION_DATE='2023-03-04T00:00:00+00:00' AIRFLOW_CTX_TRY_NUMBER='1' AIRFLOW_CTX_DAG_RUN_ID='scheduled__2023-03-04T00:00:00+00:00'
[2023-09-05T15:25:27.445+0000] {logging_mixin.py:151} INFO - goodbye ***
[2023-09-05T15:25:27.446+0000] {python.py:194} INFO - Done. Returned value was: None
[2023-09-05T15:25:27.471+0000] {taskinstance.py:1400} INFO - Marking task as SUCCESS. dag_id=tasks_relations, task_id=say_bye, execution_date=20230304T000000, start_date=20230905T152526, end_date=20230905T152527
[2023-09-05T15:25:27.693+0000] {local_task_job_runner.py:228} INFO - Task exited with return code 0
[2023-09-05T15:25:27.738+0000] {taskinstance.py:2784} INFO - 0 downstream tasks scheduled from follow-on schedule check
[2023-09-12T17:34:33.887+0000] {taskinstance.py:1159} INFO - Dependencies all met for dep_context=non-requeueable deps ti=<TaskInstance: tasks_relations.say_bye scheduled__2023-03-04T00:00:00+00:00 [queued]>
[2023-09-12T17:34:33.902+0000] {taskinstance.py:1159} INFO - Dependencies all met for dep_context=requeueable deps ti=<TaskInstance: tasks_relations.say_bye scheduled__2023-03-04T00:00:00+00:00 [queued]>
[2023-09-12T17:34:33.903+0000] {taskinstance.py:1361} INFO - Starting attempt 1 of 1
[2023-09-12T17:34:33.924+0000] {taskinstance.py:1382} INFO - Executing <Task(_PythonDecoratedOperator): say_bye> on 2023-03-04 00:00:00+00:00
[2023-09-12T17:34:33.949+0000] {standard_task_runner.py:57} INFO - Started process 1139 to run task
[2023-09-12T17:34:33.970+0000] {standard_task_runner.py:84} INFO - Running: ['***', 'tasks', 'run', 'tasks_relations', 'say_bye', 'scheduled__2023-03-04T00:00:00+00:00', '--job-id', '504', '--raw', '--subdir', 'DAGS_FOLDER/2_tasks_relations.py', '--cfg-path', '/tmp/tmpbov14i8e']
[2023-09-12T17:34:33.973+0000] {standard_task_runner.py:85} INFO - Job 504: Subtask say_bye
[2023-09-12T17:34:34.164+0000] {task_command.py:415} INFO - Running <TaskInstance: tasks_relations.say_bye scheduled__2023-03-04T00:00:00+00:00 [running]> on host 0ab7970e0956
[2023-09-12T17:34:34.401+0000] {taskinstance.py:1660} INFO - Exporting env vars: AIRFLOW_CTX_DAG_OWNER='***' AIRFLOW_CTX_DAG_ID='tasks_relations' AIRFLOW_CTX_TASK_ID='say_bye' AIRFLOW_CTX_EXECUTION_DATE='2023-03-04T00:00:00+00:00' AIRFLOW_CTX_TRY_NUMBER='1' AIRFLOW_CTX_DAG_RUN_ID='scheduled__2023-03-04T00:00:00+00:00'
[2023-09-12T17:34:34.402+0000] {logging_mixin.py:151} INFO - goodbye world
[2023-09-12T17:34:34.403+0000] {python.py:194} INFO - Done. Returned value was: None
[2023-09-12T17:34:34.422+0000] {taskinstance.py:1400} INFO - Marking task as SUCCESS. dag_id=tasks_relations, task_id=say_bye, execution_date=20230304T000000, start_date=20230912T173433, end_date=20230912T173434
[2023-09-12T17:34:34.537+0000] {local_task_job_runner.py:228} INFO - Task exited with return code 0
[2023-09-12T17:34:34.663+0000] {taskinstance.py:2784} INFO - 0 downstream tasks scheduled from follow-on schedule check
