[2023-09-05T15:29:38.511+0000] {taskinstance.py:1159} INFO - Dependencies all met for dep_context=non-requeueable deps ti=<TaskInstance: tasks_relations.or_that_way scheduled__2023-06-22T00:00:00+00:00 [queued]>
[2023-09-05T15:29:38.590+0000] {taskinstance.py:1159} INFO - Dependencies all met for dep_context=requeueable deps ti=<TaskInstance: tasks_relations.or_that_way scheduled__2023-06-22T00:00:00+00:00 [queued]>
[2023-09-05T15:29:38.592+0000] {taskinstance.py:1361} INFO - Starting attempt 1 of 1
[2023-09-05T15:29:38.645+0000] {taskinstance.py:1382} INFO - Executing <Task(_PythonDecoratedOperator): or_that_way> on 2023-06-22 00:00:00+00:00
[2023-09-05T15:29:38.698+0000] {standard_task_runner.py:57} INFO - Started process 1377 to run task
[2023-09-05T15:29:38.793+0000] {standard_task_runner.py:84} INFO - Running: ['***', 'tasks', 'run', 'tasks_relations', 'or_that_way', 'scheduled__2023-06-22T00:00:00+00:00', '--job-id', '614', '--raw', '--subdir', 'DAGS_FOLDER/tasks_relations.py', '--cfg-path', '/tmp/tmpedsro8p2']
[2023-09-05T15:29:38.834+0000] {standard_task_runner.py:85} INFO - Job 614: Subtask or_that_way
[2023-09-05T15:29:39.393+0000] {task_command.py:415} INFO - Running <TaskInstance: tasks_relations.or_that_way scheduled__2023-06-22T00:00:00+00:00 [running]> on host ca474790e981
[2023-09-05T15:29:40.038+0000] {taskinstance.py:1660} INFO - Exporting env vars: AIRFLOW_CTX_DAG_OWNER='***' AIRFLOW_CTX_DAG_ID='tasks_relations' AIRFLOW_CTX_TASK_ID='or_that_way' AIRFLOW_CTX_EXECUTION_DATE='2023-06-22T00:00:00+00:00' AIRFLOW_CTX_TRY_NUMBER='1' AIRFLOW_CTX_DAG_RUN_ID='scheduled__2023-06-22T00:00:00+00:00'
[2023-09-05T15:29:40.044+0000] {logging_mixin.py:151} INFO - NO NO, THAT WAY WAY!!!
[2023-09-05T15:29:40.049+0000] {python.py:194} INFO - Done. Returned value was: None
[2023-09-05T15:29:40.097+0000] {taskinstance.py:1400} INFO - Marking task as SUCCESS. dag_id=tasks_relations, task_id=or_that_way, execution_date=20230622T000000, start_date=20230905T152938, end_date=20230905T152940
[2023-09-05T15:29:40.547+0000] {local_task_job_runner.py:228} INFO - Task exited with return code 0
[2023-09-05T15:29:41.029+0000] {taskinstance.py:2784} INFO - 0 downstream tasks scheduled from follow-on schedule check
[2023-09-12T17:36:43.026+0000] {taskinstance.py:1159} INFO - Dependencies all met for dep_context=non-requeueable deps ti=<TaskInstance: tasks_relations.or_that_way scheduled__2023-06-22T00:00:00+00:00 [queued]>
[2023-09-12T17:36:43.077+0000] {taskinstance.py:1159} INFO - Dependencies all met for dep_context=requeueable deps ti=<TaskInstance: tasks_relations.or_that_way scheduled__2023-06-22T00:00:00+00:00 [queued]>
[2023-09-12T17:36:43.082+0000] {taskinstance.py:1361} INFO - Starting attempt 1 of 1
[2023-09-12T17:36:43.116+0000] {taskinstance.py:1382} INFO - Executing <Task(_PythonDecoratedOperator): or_that_way> on 2023-06-22 00:00:00+00:00
[2023-09-12T17:36:43.138+0000] {standard_task_runner.py:57} INFO - Started process 2786 to run task
[2023-09-12T17:36:43.177+0000] {standard_task_runner.py:84} INFO - Running: ['***', 'tasks', 'run', 'tasks_relations', 'or_that_way', 'scheduled__2023-06-22T00:00:00+00:00', '--job-id', '1316', '--raw', '--subdir', 'DAGS_FOLDER/2_tasks_relations.py', '--cfg-path', '/tmp/tmpsa6_32q7']
[2023-09-12T17:36:43.191+0000] {standard_task_runner.py:85} INFO - Job 1316: Subtask or_that_way
[2023-09-12T17:36:43.413+0000] {task_command.py:415} INFO - Running <TaskInstance: tasks_relations.or_that_way scheduled__2023-06-22T00:00:00+00:00 [running]> on host 0ab7970e0956
[2023-09-12T17:36:43.581+0000] {taskinstance.py:1660} INFO - Exporting env vars: AIRFLOW_CTX_DAG_OWNER='***' AIRFLOW_CTX_DAG_ID='tasks_relations' AIRFLOW_CTX_TASK_ID='or_that_way' AIRFLOW_CTX_EXECUTION_DATE='2023-06-22T00:00:00+00:00' AIRFLOW_CTX_TRY_NUMBER='1' AIRFLOW_CTX_DAG_RUN_ID='scheduled__2023-06-22T00:00:00+00:00'
[2023-09-12T17:36:43.582+0000] {logging_mixin.py:151} INFO - NO NO, THAT WAY WAY!!!
[2023-09-12T17:36:43.585+0000] {python.py:194} INFO - Done. Returned value was: None
[2023-09-12T17:36:43.594+0000] {taskinstance.py:1400} INFO - Marking task as SUCCESS. dag_id=tasks_relations, task_id=or_that_way, execution_date=20230622T000000, start_date=20230912T173643, end_date=20230912T173643
[2023-09-12T17:36:43.665+0000] {local_task_job_runner.py:228} INFO - Task exited with return code 0
[2023-09-12T17:36:43.714+0000] {taskinstance.py:2784} INFO - 0 downstream tasks scheduled from follow-on schedule check
