[2023-09-05T15:31:36.610+0000] {taskinstance.py:1159} INFO - Dependencies all met for dep_context=non-requeueable deps ti=<TaskInstance: tasks_relations.this_way scheduled__2023-08-26T00:00:00+00:00 [queued]>
[2023-09-05T15:31:36.676+0000] {taskinstance.py:1159} INFO - Dependencies all met for dep_context=requeueable deps ti=<TaskInstance: tasks_relations.this_way scheduled__2023-08-26T00:00:00+00:00 [queued]>
[2023-09-05T15:31:36.679+0000] {taskinstance.py:1361} INFO - Starting attempt 1 of 1
[2023-09-05T15:31:36.767+0000] {taskinstance.py:1382} INFO - Executing <Task(_PythonDecoratedOperator): this_way> on 2023-08-26 00:00:00+00:00
[2023-09-05T15:31:36.827+0000] {standard_task_runner.py:57} INFO - Started process 2055 to run task
[2023-09-05T15:31:36.879+0000] {standard_task_runner.py:84} INFO - Running: ['***', 'tasks', 'run', 'tasks_relations', 'this_way', 'scheduled__2023-08-26T00:00:00+00:00', '--job-id', '942', '--raw', '--subdir', 'DAGS_FOLDER/tasks_relations.py', '--cfg-path', '/tmp/tmpat2dtoe_']
[2023-09-05T15:31:36.900+0000] {standard_task_runner.py:85} INFO - Job 942: Subtask this_way
[2023-09-05T15:31:37.132+0000] {task_command.py:415} INFO - Running <TaskInstance: tasks_relations.this_way scheduled__2023-08-26T00:00:00+00:00 [running]> on host ca474790e981
[2023-09-05T15:31:37.512+0000] {taskinstance.py:1660} INFO - Exporting env vars: AIRFLOW_CTX_DAG_OWNER='***' AIRFLOW_CTX_DAG_ID='tasks_relations' AIRFLOW_CTX_TASK_ID='this_way' AIRFLOW_CTX_EXECUTION_DATE='2023-08-26T00:00:00+00:00' AIRFLOW_CTX_TRY_NUMBER='1' AIRFLOW_CTX_DAG_RUN_ID='scheduled__2023-08-26T00:00:00+00:00'
[2023-09-05T15:31:37.519+0000] {logging_mixin.py:151} INFO - THIS WAY!!!
[2023-09-05T15:31:37.530+0000] {python.py:194} INFO - Done. Returned value was: None
[2023-09-05T15:31:37.601+0000] {taskinstance.py:1400} INFO - Marking task as SUCCESS. dag_id=tasks_relations, task_id=this_way, execution_date=20230826T000000, start_date=20230905T153136, end_date=20230905T153137
[2023-09-05T15:31:37.839+0000] {local_task_job_runner.py:228} INFO - Task exited with return code 0
[2023-09-05T15:31:37.872+0000] {taskinstance.py:2784} INFO - 0 downstream tasks scheduled from follow-on schedule check
[2023-09-12T17:37:52.384+0000] {taskinstance.py:1159} INFO - Dependencies all met for dep_context=non-requeueable deps ti=<TaskInstance: tasks_relations.this_way scheduled__2023-08-26T00:00:00+00:00 [queued]>
[2023-09-12T17:37:52.404+0000] {taskinstance.py:1159} INFO - Dependencies all met for dep_context=requeueable deps ti=<TaskInstance: tasks_relations.this_way scheduled__2023-08-26T00:00:00+00:00 [queued]>
[2023-09-12T17:37:52.407+0000] {taskinstance.py:1361} INFO - Starting attempt 1 of 1
[2023-09-12T17:37:52.435+0000] {taskinstance.py:1382} INFO - Executing <Task(_PythonDecoratedOperator): this_way> on 2023-08-26 00:00:00+00:00
[2023-09-12T17:37:52.441+0000] {standard_task_runner.py:57} INFO - Started process 3595 to run task
[2023-09-12T17:37:52.463+0000] {standard_task_runner.py:84} INFO - Running: ['***', 'tasks', 'run', 'tasks_relations', 'this_way', 'scheduled__2023-08-26T00:00:00+00:00', '--job-id', '1714', '--raw', '--subdir', 'DAGS_FOLDER/2_tasks_relations.py', '--cfg-path', '/tmp/tmp6fgwufdv']
[2023-09-12T17:37:52.474+0000] {standard_task_runner.py:85} INFO - Job 1714: Subtask this_way
[2023-09-12T17:37:52.642+0000] {task_command.py:415} INFO - Running <TaskInstance: tasks_relations.this_way scheduled__2023-08-26T00:00:00+00:00 [running]> on host 0ab7970e0956
[2023-09-12T17:37:52.813+0000] {taskinstance.py:1660} INFO - Exporting env vars: AIRFLOW_CTX_DAG_OWNER='***' AIRFLOW_CTX_DAG_ID='tasks_relations' AIRFLOW_CTX_TASK_ID='this_way' AIRFLOW_CTX_EXECUTION_DATE='2023-08-26T00:00:00+00:00' AIRFLOW_CTX_TRY_NUMBER='1' AIRFLOW_CTX_DAG_RUN_ID='scheduled__2023-08-26T00:00:00+00:00'
[2023-09-12T17:37:52.814+0000] {logging_mixin.py:151} INFO - THIS WAY!!!
[2023-09-12T17:37:52.814+0000] {python.py:194} INFO - Done. Returned value was: None
[2023-09-12T17:37:52.831+0000] {taskinstance.py:1400} INFO - Marking task as SUCCESS. dag_id=tasks_relations, task_id=this_way, execution_date=20230826T000000, start_date=20230912T173752, end_date=20230912T173752
[2023-09-12T17:37:52.881+0000] {local_task_job_runner.py:228} INFO - Task exited with return code 0
[2023-09-12T17:37:52.909+0000] {taskinstance.py:2784} INFO - 0 downstream tasks scheduled from follow-on schedule check
