[2023-09-05T15:30:05.265+0000] {taskinstance.py:1159} INFO - Dependencies all met for dep_context=non-requeueable deps ti=<TaskInstance: tasks_relations.this_way scheduled__2023-07-05T00:00:00+00:00 [queued]>
[2023-09-05T15:30:05.314+0000] {taskinstance.py:1159} INFO - Dependencies all met for dep_context=requeueable deps ti=<TaskInstance: tasks_relations.this_way scheduled__2023-07-05T00:00:00+00:00 [queued]>
[2023-09-05T15:30:05.318+0000] {taskinstance.py:1361} INFO - Starting attempt 1 of 1
[2023-09-05T15:30:05.407+0000] {taskinstance.py:1382} INFO - Executing <Task(_PythonDecoratedOperator): this_way> on 2023-07-05 00:00:00+00:00
[2023-09-05T15:30:05.431+0000] {standard_task_runner.py:57} INFO - Started process 1530 to run task
[2023-09-05T15:30:05.487+0000] {standard_task_runner.py:84} INFO - Running: ['***', 'tasks', 'run', 'tasks_relations', 'this_way', 'scheduled__2023-07-05T00:00:00+00:00', '--job-id', '688', '--raw', '--subdir', 'DAGS_FOLDER/tasks_relations.py', '--cfg-path', '/tmp/tmpsr00wg44']
[2023-09-05T15:30:05.509+0000] {standard_task_runner.py:85} INFO - Job 688: Subtask this_way
[2023-09-05T15:30:05.892+0000] {task_command.py:415} INFO - Running <TaskInstance: tasks_relations.this_way scheduled__2023-07-05T00:00:00+00:00 [running]> on host ca474790e981
[2023-09-05T15:30:06.427+0000] {taskinstance.py:1660} INFO - Exporting env vars: AIRFLOW_CTX_DAG_OWNER='***' AIRFLOW_CTX_DAG_ID='tasks_relations' AIRFLOW_CTX_TASK_ID='this_way' AIRFLOW_CTX_EXECUTION_DATE='2023-07-05T00:00:00+00:00' AIRFLOW_CTX_TRY_NUMBER='1' AIRFLOW_CTX_DAG_RUN_ID='scheduled__2023-07-05T00:00:00+00:00'
[2023-09-05T15:30:06.434+0000] {logging_mixin.py:151} INFO - THIS WAY!!!
[2023-09-05T15:30:06.467+0000] {python.py:194} INFO - Done. Returned value was: None
[2023-09-05T15:30:06.512+0000] {taskinstance.py:1400} INFO - Marking task as SUCCESS. dag_id=tasks_relations, task_id=this_way, execution_date=20230705T000000, start_date=20230905T153005, end_date=20230905T153006
[2023-09-05T15:30:06.656+0000] {local_task_job_runner.py:228} INFO - Task exited with return code 0
[2023-09-05T15:30:06.893+0000] {taskinstance.py:2784} INFO - 0 downstream tasks scheduled from follow-on schedule check
[2023-09-12T17:36:57.031+0000] {taskinstance.py:1159} INFO - Dependencies all met for dep_context=non-requeueable deps ti=<TaskInstance: tasks_relations.this_way scheduled__2023-07-05T00:00:00+00:00 [queued]>
[2023-09-12T17:36:57.048+0000] {taskinstance.py:1159} INFO - Dependencies all met for dep_context=requeueable deps ti=<TaskInstance: tasks_relations.this_way scheduled__2023-07-05T00:00:00+00:00 [queued]>
[2023-09-12T17:36:57.056+0000] {taskinstance.py:1361} INFO - Starting attempt 1 of 1
[2023-09-12T17:36:57.078+0000] {taskinstance.py:1382} INFO - Executing <Task(_PythonDecoratedOperator): this_way> on 2023-07-05 00:00:00+00:00
[2023-09-12T17:36:57.086+0000] {standard_task_runner.py:57} INFO - Started process 2951 to run task
[2023-09-12T17:36:57.116+0000] {standard_task_runner.py:84} INFO - Running: ['***', 'tasks', 'run', 'tasks_relations', 'this_way', 'scheduled__2023-07-05T00:00:00+00:00', '--job-id', '1402', '--raw', '--subdir', 'DAGS_FOLDER/2_tasks_relations.py', '--cfg-path', '/tmp/tmp3jeqfafo']
[2023-09-12T17:36:57.122+0000] {standard_task_runner.py:85} INFO - Job 1402: Subtask this_way
[2023-09-12T17:36:57.198+0000] {task_command.py:415} INFO - Running <TaskInstance: tasks_relations.this_way scheduled__2023-07-05T00:00:00+00:00 [running]> on host 0ab7970e0956
[2023-09-12T17:36:57.393+0000] {taskinstance.py:1660} INFO - Exporting env vars: AIRFLOW_CTX_DAG_OWNER='***' AIRFLOW_CTX_DAG_ID='tasks_relations' AIRFLOW_CTX_TASK_ID='this_way' AIRFLOW_CTX_EXECUTION_DATE='2023-07-05T00:00:00+00:00' AIRFLOW_CTX_TRY_NUMBER='1' AIRFLOW_CTX_DAG_RUN_ID='scheduled__2023-07-05T00:00:00+00:00'
[2023-09-12T17:36:57.398+0000] {logging_mixin.py:151} INFO - THIS WAY!!!
[2023-09-12T17:36:57.401+0000] {python.py:194} INFO - Done. Returned value was: None
[2023-09-12T17:36:57.421+0000] {taskinstance.py:1400} INFO - Marking task as SUCCESS. dag_id=tasks_relations, task_id=this_way, execution_date=20230705T000000, start_date=20230912T173657, end_date=20230912T173657
[2023-09-12T17:36:57.491+0000] {local_task_job_runner.py:228} INFO - Task exited with return code 0
[2023-09-12T17:36:57.521+0000] {taskinstance.py:2784} INFO - 1 downstream tasks scheduled from follow-on schedule check
