[2023-09-05T15:26:28.206+0000] {taskinstance.py:1159} INFO - Dependencies all met for dep_context=non-requeueable deps ti=<TaskInstance: tasks_relations.say_bye scheduled__2023-04-19T00:00:00+00:00 [queued]>
[2023-09-05T15:26:28.344+0000] {taskinstance.py:1159} INFO - Dependencies all met for dep_context=requeueable deps ti=<TaskInstance: tasks_relations.say_bye scheduled__2023-04-19T00:00:00+00:00 [queued]>
[2023-09-05T15:26:28.354+0000] {taskinstance.py:1361} INFO - Starting attempt 1 of 1
[2023-09-05T15:26:28.438+0000] {taskinstance.py:1382} INFO - Executing <Task(_PythonDecoratedOperator): say_bye> on 2023-04-19 00:00:00+00:00
[2023-09-05T15:26:28.480+0000] {standard_task_runner.py:57} INFO - Started process 791 to run task
[2023-09-05T15:26:28.519+0000] {standard_task_runner.py:84} INFO - Running: ['***', 'tasks', 'run', 'tasks_relations', 'say_bye', 'scheduled__2023-04-19T00:00:00+00:00', '--job-id', '347', '--raw', '--subdir', 'DAGS_FOLDER/tasks_relations.py', '--cfg-path', '/tmp/tmpt_ounr15']
[2023-09-05T15:26:28.535+0000] {standard_task_runner.py:85} INFO - Job 347: Subtask say_bye
[2023-09-05T15:26:29.086+0000] {task_command.py:415} INFO - Running <TaskInstance: tasks_relations.say_bye scheduled__2023-04-19T00:00:00+00:00 [running]> on host ca474790e981
[2023-09-05T15:26:30.284+0000] {taskinstance.py:1660} INFO - Exporting env vars: AIRFLOW_CTX_DAG_OWNER='***' AIRFLOW_CTX_DAG_ID='tasks_relations' AIRFLOW_CTX_TASK_ID='say_bye' AIRFLOW_CTX_EXECUTION_DATE='2023-04-19T00:00:00+00:00' AIRFLOW_CTX_TRY_NUMBER='1' AIRFLOW_CTX_DAG_RUN_ID='scheduled__2023-04-19T00:00:00+00:00'
[2023-09-05T15:26:30.323+0000] {logging_mixin.py:151} INFO - goodbye ***
[2023-09-05T15:26:30.325+0000] {python.py:194} INFO - Done. Returned value was: None
[2023-09-05T15:26:30.420+0000] {taskinstance.py:1400} INFO - Marking task as SUCCESS. dag_id=tasks_relations, task_id=say_bye, execution_date=20230419T000000, start_date=20230905T152628, end_date=20230905T152630
[2023-09-05T15:26:30.716+0000] {local_task_job_runner.py:228} INFO - Task exited with return code 0
[2023-09-05T15:26:31.055+0000] {taskinstance.py:2784} INFO - 0 downstream tasks scheduled from follow-on schedule check
[2023-09-12T17:35:25.168+0000] {taskinstance.py:1159} INFO - Dependencies all met for dep_context=non-requeueable deps ti=<TaskInstance: tasks_relations.say_bye scheduled__2023-04-19T00:00:00+00:00 [queued]>
[2023-09-12T17:35:25.218+0000] {taskinstance.py:1159} INFO - Dependencies all met for dep_context=requeueable deps ti=<TaskInstance: tasks_relations.say_bye scheduled__2023-04-19T00:00:00+00:00 [queued]>
[2023-09-12T17:35:25.218+0000] {taskinstance.py:1361} INFO - Starting attempt 1 of 1
[2023-09-12T17:35:25.274+0000] {taskinstance.py:1382} INFO - Executing <Task(_PythonDecoratedOperator): say_bye> on 2023-04-19 00:00:00+00:00
[2023-09-12T17:35:25.291+0000] {standard_task_runner.py:57} INFO - Started process 1856 to run task
[2023-09-12T17:35:25.319+0000] {standard_task_runner.py:84} INFO - Running: ['***', 'tasks', 'run', 'tasks_relations', 'say_bye', 'scheduled__2023-04-19T00:00:00+00:00', '--job-id', '862', '--raw', '--subdir', 'DAGS_FOLDER/2_tasks_relations.py', '--cfg-path', '/tmp/tmp9uup4o5a']
[2023-09-12T17:35:25.341+0000] {standard_task_runner.py:85} INFO - Job 862: Subtask say_bye
[2023-09-12T17:35:25.590+0000] {task_command.py:415} INFO - Running <TaskInstance: tasks_relations.say_bye scheduled__2023-04-19T00:00:00+00:00 [running]> on host 0ab7970e0956
[2023-09-12T17:35:25.980+0000] {taskinstance.py:1660} INFO - Exporting env vars: AIRFLOW_CTX_DAG_OWNER='***' AIRFLOW_CTX_DAG_ID='tasks_relations' AIRFLOW_CTX_TASK_ID='say_bye' AIRFLOW_CTX_EXECUTION_DATE='2023-04-19T00:00:00+00:00' AIRFLOW_CTX_TRY_NUMBER='1' AIRFLOW_CTX_DAG_RUN_ID='scheduled__2023-04-19T00:00:00+00:00'
[2023-09-12T17:35:25.986+0000] {logging_mixin.py:151} INFO - goodbye world
[2023-09-12T17:35:25.987+0000] {python.py:194} INFO - Done. Returned value was: None
[2023-09-12T17:35:26.046+0000] {taskinstance.py:1400} INFO - Marking task as SUCCESS. dag_id=tasks_relations, task_id=say_bye, execution_date=20230419T000000, start_date=20230912T173525, end_date=20230912T173526
[2023-09-12T17:35:26.132+0000] {local_task_job_runner.py:228} INFO - Task exited with return code 0
[2023-09-12T17:35:26.230+0000] {taskinstance.py:2784} INFO - 2 downstream tasks scheduled from follow-on schedule check
