[2023-09-05T15:26:20.981+0000] {taskinstance.py:1159} INFO - Dependencies all met for dep_context=non-requeueable deps ti=<TaskInstance: tasks_relations.say_hello scheduled__2023-04-17T00:00:00+00:00 [queued]>
[2023-09-05T15:26:20.991+0000] {taskinstance.py:1159} INFO - Dependencies all met for dep_context=requeueable deps ti=<TaskInstance: tasks_relations.say_hello scheduled__2023-04-17T00:00:00+00:00 [queued]>
[2023-09-05T15:26:20.997+0000] {taskinstance.py:1361} INFO - Starting attempt 1 of 1
[2023-09-05T15:26:21.030+0000] {taskinstance.py:1382} INFO - Executing <Task(_PythonDecoratedOperator): say_hello> on 2023-04-17 00:00:00+00:00
[2023-09-05T15:26:21.048+0000] {standard_task_runner.py:57} INFO - Started process 759 to run task
[2023-09-05T15:26:21.055+0000] {standard_task_runner.py:84} INFO - Running: ['***', 'tasks', 'run', 'tasks_relations', 'say_hello', 'scheduled__2023-04-17T00:00:00+00:00', '--job-id', '333', '--raw', '--subdir', 'DAGS_FOLDER/tasks_relations.py', '--cfg-path', '/tmp/tmpibfw5x00']
[2023-09-05T15:26:21.105+0000] {standard_task_runner.py:85} INFO - Job 333: Subtask say_hello
[2023-09-05T15:26:21.478+0000] {task_command.py:415} INFO - Running <TaskInstance: tasks_relations.say_hello scheduled__2023-04-17T00:00:00+00:00 [running]> on host ca474790e981
[2023-09-05T15:26:21.936+0000] {taskinstance.py:1660} INFO - Exporting env vars: AIRFLOW_CTX_DAG_OWNER='***' AIRFLOW_CTX_DAG_ID='tasks_relations' AIRFLOW_CTX_TASK_ID='say_hello' AIRFLOW_CTX_EXECUTION_DATE='2023-04-17T00:00:00+00:00' AIRFLOW_CTX_TRY_NUMBER='1' AIRFLOW_CTX_DAG_RUN_ID='scheduled__2023-04-17T00:00:00+00:00'
[2023-09-05T15:26:21.971+0000] {logging_mixin.py:151} INFO - hello ***
[2023-09-05T15:26:21.973+0000] {python.py:194} INFO - Done. Returned value was: None
[2023-09-05T15:26:22.145+0000] {taskinstance.py:1400} INFO - Marking task as SUCCESS. dag_id=tasks_relations, task_id=say_hello, execution_date=20230417T000000, start_date=20230905T152620, end_date=20230905T152622
[2023-09-05T15:26:22.269+0000] {local_task_job_runner.py:228} INFO - Task exited with return code 0
[2023-09-05T15:26:22.367+0000] {taskinstance.py:2784} INFO - 1 downstream tasks scheduled from follow-on schedule check
[2023-09-12T17:35:22.959+0000] {taskinstance.py:1159} INFO - Dependencies all met for dep_context=non-requeueable deps ti=<TaskInstance: tasks_relations.say_hello scheduled__2023-04-17T00:00:00+00:00 [queued]>
[2023-09-12T17:35:23.010+0000] {taskinstance.py:1159} INFO - Dependencies all met for dep_context=requeueable deps ti=<TaskInstance: tasks_relations.say_hello scheduled__2023-04-17T00:00:00+00:00 [queued]>
[2023-09-12T17:35:23.012+0000] {taskinstance.py:1361} INFO - Starting attempt 1 of 1
[2023-09-12T17:35:23.108+0000] {taskinstance.py:1382} INFO - Executing <Task(_PythonDecoratedOperator): say_hello> on 2023-04-17 00:00:00+00:00
[2023-09-12T17:35:23.114+0000] {standard_task_runner.py:57} INFO - Started process 1823 to run task
[2023-09-12T17:35:23.126+0000] {standard_task_runner.py:84} INFO - Running: ['***', 'tasks', 'run', 'tasks_relations', 'say_hello', 'scheduled__2023-04-17T00:00:00+00:00', '--job-id', '845', '--raw', '--subdir', 'DAGS_FOLDER/2_tasks_relations.py', '--cfg-path', '/tmp/tmpaxfzwxuc']
[2023-09-12T17:35:23.128+0000] {standard_task_runner.py:85} INFO - Job 845: Subtask say_hello
[2023-09-12T17:35:23.252+0000] {task_command.py:415} INFO - Running <TaskInstance: tasks_relations.say_hello scheduled__2023-04-17T00:00:00+00:00 [running]> on host 0ab7970e0956
[2023-09-12T17:35:23.486+0000] {taskinstance.py:1660} INFO - Exporting env vars: AIRFLOW_CTX_DAG_OWNER='***' AIRFLOW_CTX_DAG_ID='tasks_relations' AIRFLOW_CTX_TASK_ID='say_hello' AIRFLOW_CTX_EXECUTION_DATE='2023-04-17T00:00:00+00:00' AIRFLOW_CTX_TRY_NUMBER='1' AIRFLOW_CTX_DAG_RUN_ID='scheduled__2023-04-17T00:00:00+00:00'
[2023-09-12T17:35:23.490+0000] {logging_mixin.py:151} INFO - hello world
[2023-09-12T17:35:23.491+0000] {python.py:194} INFO - Done. Returned value was: None
[2023-09-12T17:35:23.521+0000] {taskinstance.py:1400} INFO - Marking task as SUCCESS. dag_id=tasks_relations, task_id=say_hello, execution_date=20230417T000000, start_date=20230912T173522, end_date=20230912T173523
[2023-09-12T17:35:23.618+0000] {local_task_job_runner.py:228} INFO - Task exited with return code 0
[2023-09-12T17:35:23.672+0000] {taskinstance.py:2784} INFO - 1 downstream tasks scheduled from follow-on schedule check
