[2023-09-05T15:30:23.192+0000] {taskinstance.py:1159} INFO - Dependencies all met for dep_context=non-requeueable deps ti=<TaskInstance: tasks_relations.say_bye scheduled__2023-07-20T00:00:00+00:00 [queued]>
[2023-09-05T15:30:23.235+0000] {taskinstance.py:1159} INFO - Dependencies all met for dep_context=requeueable deps ti=<TaskInstance: tasks_relations.say_bye scheduled__2023-07-20T00:00:00+00:00 [queued]>
[2023-09-05T15:30:23.245+0000] {taskinstance.py:1361} INFO - Starting attempt 1 of 1
[2023-09-05T15:30:23.328+0000] {taskinstance.py:1382} INFO - Executing <Task(_PythonDecoratedOperator): say_bye> on 2023-07-20 00:00:00+00:00
[2023-09-05T15:30:23.355+0000] {standard_task_runner.py:57} INFO - Started process 1642 to run task
[2023-09-05T15:30:23.405+0000] {standard_task_runner.py:84} INFO - Running: ['***', 'tasks', 'run', 'tasks_relations', 'say_bye', 'scheduled__2023-07-20T00:00:00+00:00', '--job-id', '745', '--raw', '--subdir', 'DAGS_FOLDER/tasks_relations.py', '--cfg-path', '/tmp/tmpdnlgkyhh']
[2023-09-05T15:30:23.418+0000] {standard_task_runner.py:85} INFO - Job 745: Subtask say_bye
[2023-09-05T15:30:23.911+0000] {task_command.py:415} INFO - Running <TaskInstance: tasks_relations.say_bye scheduled__2023-07-20T00:00:00+00:00 [running]> on host ca474790e981
[2023-09-05T15:30:24.416+0000] {taskinstance.py:1660} INFO - Exporting env vars: AIRFLOW_CTX_DAG_OWNER='***' AIRFLOW_CTX_DAG_ID='tasks_relations' AIRFLOW_CTX_TASK_ID='say_bye' AIRFLOW_CTX_EXECUTION_DATE='2023-07-20T00:00:00+00:00' AIRFLOW_CTX_TRY_NUMBER='1' AIRFLOW_CTX_DAG_RUN_ID='scheduled__2023-07-20T00:00:00+00:00'
[2023-09-05T15:30:24.419+0000] {logging_mixin.py:151} INFO - goodbye world
[2023-09-05T15:30:24.420+0000] {python.py:194} INFO - Done. Returned value was: None
[2023-09-05T15:30:24.446+0000] {taskinstance.py:1400} INFO - Marking task as SUCCESS. dag_id=tasks_relations, task_id=say_bye, execution_date=20230720T000000, start_date=20230905T153023, end_date=20230905T153024
[2023-09-05T15:30:24.673+0000] {local_task_job_runner.py:228} INFO - Task exited with return code 0
[2023-09-05T15:30:25.039+0000] {taskinstance.py:2784} INFO - 0 downstream tasks scheduled from follow-on schedule check
[2023-09-12T17:37:08.891+0000] {taskinstance.py:1159} INFO - Dependencies all met for dep_context=non-requeueable deps ti=<TaskInstance: tasks_relations.say_bye scheduled__2023-07-20T00:00:00+00:00 [queued]>
[2023-09-12T17:37:08.948+0000] {taskinstance.py:1159} INFO - Dependencies all met for dep_context=requeueable deps ti=<TaskInstance: tasks_relations.say_bye scheduled__2023-07-20T00:00:00+00:00 [queued]>
[2023-09-12T17:37:08.953+0000] {taskinstance.py:1361} INFO - Starting attempt 1 of 1
[2023-09-12T17:37:08.998+0000] {taskinstance.py:1382} INFO - Executing <Task(_PythonDecoratedOperator): say_bye> on 2023-07-20 00:00:00+00:00
[2023-09-12T17:37:09.025+0000] {standard_task_runner.py:57} INFO - Started process 3097 to run task
[2023-09-12T17:37:09.058+0000] {standard_task_runner.py:84} INFO - Running: ['***', 'tasks', 'run', 'tasks_relations', 'say_bye', 'scheduled__2023-07-20T00:00:00+00:00', '--job-id', '1470', '--raw', '--subdir', 'DAGS_FOLDER/2_tasks_relations.py', '--cfg-path', '/tmp/tmp_78mk6jb']
[2023-09-12T17:37:09.068+0000] {standard_task_runner.py:85} INFO - Job 1470: Subtask say_bye
[2023-09-12T17:37:09.287+0000] {task_command.py:415} INFO - Running <TaskInstance: tasks_relations.say_bye scheduled__2023-07-20T00:00:00+00:00 [running]> on host 0ab7970e0956
[2023-09-12T17:37:09.606+0000] {taskinstance.py:1660} INFO - Exporting env vars: AIRFLOW_CTX_DAG_OWNER='***' AIRFLOW_CTX_DAG_ID='tasks_relations' AIRFLOW_CTX_TASK_ID='say_bye' AIRFLOW_CTX_EXECUTION_DATE='2023-07-20T00:00:00+00:00' AIRFLOW_CTX_TRY_NUMBER='1' AIRFLOW_CTX_DAG_RUN_ID='scheduled__2023-07-20T00:00:00+00:00'
[2023-09-12T17:37:09.609+0000] {logging_mixin.py:151} INFO - goodbye world
[2023-09-12T17:37:09.609+0000] {python.py:194} INFO - Done. Returned value was: None
[2023-09-12T17:37:09.630+0000] {taskinstance.py:1400} INFO - Marking task as SUCCESS. dag_id=tasks_relations, task_id=say_bye, execution_date=20230720T000000, start_date=20230912T173708, end_date=20230912T173709
[2023-09-12T17:37:09.691+0000] {local_task_job_runner.py:228} INFO - Task exited with return code 0
[2023-09-12T17:37:09.722+0000] {taskinstance.py:2784} INFO - 2 downstream tasks scheduled from follow-on schedule check
