[2023-09-05T15:29:29.792+0000] {taskinstance.py:1159} INFO - Dependencies all met for dep_context=non-requeueable deps ti=<TaskInstance: tasks_relations.say_bye scheduled__2023-06-22T00:00:00+00:00 [queued]>
[2023-09-05T15:29:29.886+0000] {taskinstance.py:1159} INFO - Dependencies all met for dep_context=requeueable deps ti=<TaskInstance: tasks_relations.say_bye scheduled__2023-06-22T00:00:00+00:00 [queued]>
[2023-09-05T15:29:29.917+0000] {taskinstance.py:1361} INFO - Starting attempt 1 of 1
[2023-09-05T15:29:30.841+0000] {taskinstance.py:1382} INFO - Executing <Task(_PythonDecoratedOperator): say_bye> on 2023-06-22 00:00:00+00:00
[2023-09-05T15:29:31.284+0000] {standard_task_runner.py:57} INFO - Started process 1340 to run task
[2023-09-05T15:29:31.356+0000] {standard_task_runner.py:84} INFO - Running: ['***', 'tasks', 'run', 'tasks_relations', 'say_bye', 'scheduled__2023-06-22T00:00:00+00:00', '--job-id', '596', '--raw', '--subdir', 'DAGS_FOLDER/tasks_relations.py', '--cfg-path', '/tmp/tmpce9mg2yg']
[2023-09-05T15:29:31.403+0000] {standard_task_runner.py:85} INFO - Job 596: Subtask say_bye
[2023-09-05T15:29:31.991+0000] {task_command.py:415} INFO - Running <TaskInstance: tasks_relations.say_bye scheduled__2023-06-22T00:00:00+00:00 [running]> on host ca474790e981
[2023-09-05T15:29:32.672+0000] {taskinstance.py:1660} INFO - Exporting env vars: AIRFLOW_CTX_DAG_OWNER='***' AIRFLOW_CTX_DAG_ID='tasks_relations' AIRFLOW_CTX_TASK_ID='say_bye' AIRFLOW_CTX_EXECUTION_DATE='2023-06-22T00:00:00+00:00' AIRFLOW_CTX_TRY_NUMBER='1' AIRFLOW_CTX_DAG_RUN_ID='scheduled__2023-06-22T00:00:00+00:00'
[2023-09-05T15:29:32.685+0000] {logging_mixin.py:151} INFO - goodbye world
[2023-09-05T15:29:32.713+0000] {python.py:194} INFO - Done. Returned value was: None
[2023-09-05T15:29:32.833+0000] {taskinstance.py:1400} INFO - Marking task as SUCCESS. dag_id=tasks_relations, task_id=say_bye, execution_date=20230622T000000, start_date=20230905T152929, end_date=20230905T152932
[2023-09-05T15:29:33.067+0000] {local_task_job_runner.py:228} INFO - Task exited with return code 0
[2023-09-05T15:29:33.246+0000] {taskinstance.py:2784} INFO - 2 downstream tasks scheduled from follow-on schedule check
[2023-09-12T17:36:40.351+0000] {taskinstance.py:1159} INFO - Dependencies all met for dep_context=non-requeueable deps ti=<TaskInstance: tasks_relations.say_bye scheduled__2023-06-22T00:00:00+00:00 [queued]>
[2023-09-12T17:36:40.380+0000] {taskinstance.py:1159} INFO - Dependencies all met for dep_context=requeueable deps ti=<TaskInstance: tasks_relations.say_bye scheduled__2023-06-22T00:00:00+00:00 [queued]>
[2023-09-12T17:36:40.393+0000] {taskinstance.py:1361} INFO - Starting attempt 1 of 1
[2023-09-12T17:36:40.413+0000] {taskinstance.py:1382} INFO - Executing <Task(_PythonDecoratedOperator): say_bye> on 2023-06-22 00:00:00+00:00
[2023-09-12T17:36:40.429+0000] {standard_task_runner.py:57} INFO - Started process 2748 to run task
[2023-09-12T17:36:40.471+0000] {standard_task_runner.py:84} INFO - Running: ['***', 'tasks', 'run', 'tasks_relations', 'say_bye', 'scheduled__2023-06-22T00:00:00+00:00', '--job-id', '1294', '--raw', '--subdir', 'DAGS_FOLDER/2_tasks_relations.py', '--cfg-path', '/tmp/tmp7hpwww3z']
[2023-09-12T17:36:40.493+0000] {standard_task_runner.py:85} INFO - Job 1294: Subtask say_bye
[2023-09-12T17:36:40.689+0000] {task_command.py:415} INFO - Running <TaskInstance: tasks_relations.say_bye scheduled__2023-06-22T00:00:00+00:00 [running]> on host 0ab7970e0956
[2023-09-12T17:36:41.010+0000] {taskinstance.py:1660} INFO - Exporting env vars: AIRFLOW_CTX_DAG_OWNER='***' AIRFLOW_CTX_DAG_ID='tasks_relations' AIRFLOW_CTX_TASK_ID='say_bye' AIRFLOW_CTX_EXECUTION_DATE='2023-06-22T00:00:00+00:00' AIRFLOW_CTX_TRY_NUMBER='1' AIRFLOW_CTX_DAG_RUN_ID='scheduled__2023-06-22T00:00:00+00:00'
[2023-09-12T17:36:41.015+0000] {logging_mixin.py:151} INFO - goodbye world
[2023-09-12T17:36:41.021+0000] {python.py:194} INFO - Done. Returned value was: None
[2023-09-12T17:36:41.056+0000] {taskinstance.py:1400} INFO - Marking task as SUCCESS. dag_id=tasks_relations, task_id=say_bye, execution_date=20230622T000000, start_date=20230912T173640, end_date=20230912T173641
[2023-09-12T17:36:41.202+0000] {local_task_job_runner.py:228} INFO - Task exited with return code 0
[2023-09-12T17:36:41.349+0000] {taskinstance.py:2784} INFO - 0 downstream tasks scheduled from follow-on schedule check
