[2023-09-05T15:30:33.989+0000] {taskinstance.py:1159} INFO - Dependencies all met for dep_context=non-requeueable deps ti=<TaskInstance: tasks_relations.or_that_way scheduled__2023-07-24T00:00:00+00:00 [queued]>
[2023-09-05T15:30:34.012+0000] {taskinstance.py:1159} INFO - Dependencies all met for dep_context=requeueable deps ti=<TaskInstance: tasks_relations.or_that_way scheduled__2023-07-24T00:00:00+00:00 [queued]>
[2023-09-05T15:30:34.014+0000] {taskinstance.py:1361} INFO - Starting attempt 1 of 1
[2023-09-05T15:30:34.047+0000] {taskinstance.py:1382} INFO - Executing <Task(_PythonDecoratedOperator): or_that_way> on 2023-07-24 00:00:00+00:00
[2023-09-05T15:30:34.135+0000] {standard_task_runner.py:57} INFO - Started process 1704 to run task
[2023-09-05T15:30:34.200+0000] {standard_task_runner.py:84} INFO - Running: ['***', 'tasks', 'run', 'tasks_relations', 'or_that_way', 'scheduled__2023-07-24T00:00:00+00:00', '--job-id', '778', '--raw', '--subdir', 'DAGS_FOLDER/tasks_relations.py', '--cfg-path', '/tmp/tmpsouonvo5']
[2023-09-05T15:30:34.333+0000] {standard_task_runner.py:85} INFO - Job 778: Subtask or_that_way
[2023-09-05T15:30:35.118+0000] {task_command.py:415} INFO - Running <TaskInstance: tasks_relations.or_that_way scheduled__2023-07-24T00:00:00+00:00 [running]> on host ca474790e981
[2023-09-05T15:30:35.485+0000] {taskinstance.py:1660} INFO - Exporting env vars: AIRFLOW_CTX_DAG_OWNER='***' AIRFLOW_CTX_DAG_ID='tasks_relations' AIRFLOW_CTX_TASK_ID='or_that_way' AIRFLOW_CTX_EXECUTION_DATE='2023-07-24T00:00:00+00:00' AIRFLOW_CTX_TRY_NUMBER='1' AIRFLOW_CTX_DAG_RUN_ID='scheduled__2023-07-24T00:00:00+00:00'
[2023-09-05T15:30:35.487+0000] {logging_mixin.py:151} INFO - NO NO, THAT WAY WAY!!!
[2023-09-05T15:30:35.488+0000] {python.py:194} INFO - Done. Returned value was: None
[2023-09-05T15:30:35.543+0000] {taskinstance.py:1400} INFO - Marking task as SUCCESS. dag_id=tasks_relations, task_id=or_that_way, execution_date=20230724T000000, start_date=20230905T153033, end_date=20230905T153035
[2023-09-05T15:30:35.716+0000] {local_task_job_runner.py:228} INFO - Task exited with return code 0
[2023-09-05T15:30:35.914+0000] {taskinstance.py:2784} INFO - 0 downstream tasks scheduled from follow-on schedule check
[2023-09-12T17:37:13.569+0000] {taskinstance.py:1159} INFO - Dependencies all met for dep_context=non-requeueable deps ti=<TaskInstance: tasks_relations.or_that_way scheduled__2023-07-24T00:00:00+00:00 [queued]>
[2023-09-12T17:37:13.597+0000] {taskinstance.py:1159} INFO - Dependencies all met for dep_context=requeueable deps ti=<TaskInstance: tasks_relations.or_that_way scheduled__2023-07-24T00:00:00+00:00 [queued]>
[2023-09-12T17:37:13.601+0000] {taskinstance.py:1361} INFO - Starting attempt 1 of 1
[2023-09-12T17:37:13.646+0000] {taskinstance.py:1382} INFO - Executing <Task(_PythonDecoratedOperator): or_that_way> on 2023-07-24 00:00:00+00:00
[2023-09-12T17:37:13.659+0000] {standard_task_runner.py:57} INFO - Started process 3164 to run task
[2023-09-12T17:37:13.693+0000] {standard_task_runner.py:84} INFO - Running: ['***', 'tasks', 'run', 'tasks_relations', 'or_that_way', 'scheduled__2023-07-24T00:00:00+00:00', '--job-id', '1508', '--raw', '--subdir', 'DAGS_FOLDER/2_tasks_relations.py', '--cfg-path', '/tmp/tmpki2r7svx']
[2023-09-12T17:37:13.703+0000] {standard_task_runner.py:85} INFO - Job 1508: Subtask or_that_way
[2023-09-12T17:37:13.903+0000] {task_command.py:415} INFO - Running <TaskInstance: tasks_relations.or_that_way scheduled__2023-07-24T00:00:00+00:00 [running]> on host 0ab7970e0956
[2023-09-12T17:37:14.127+0000] {taskinstance.py:1660} INFO - Exporting env vars: AIRFLOW_CTX_DAG_OWNER='***' AIRFLOW_CTX_DAG_ID='tasks_relations' AIRFLOW_CTX_TASK_ID='or_that_way' AIRFLOW_CTX_EXECUTION_DATE='2023-07-24T00:00:00+00:00' AIRFLOW_CTX_TRY_NUMBER='1' AIRFLOW_CTX_DAG_RUN_ID='scheduled__2023-07-24T00:00:00+00:00'
[2023-09-12T17:37:14.129+0000] {logging_mixin.py:151} INFO - NO NO, THAT WAY WAY!!!
[2023-09-12T17:37:14.133+0000] {python.py:194} INFO - Done. Returned value was: None
[2023-09-12T17:37:14.163+0000] {taskinstance.py:1400} INFO - Marking task as SUCCESS. dag_id=tasks_relations, task_id=or_that_way, execution_date=20230724T000000, start_date=20230912T173713, end_date=20230912T173714
[2023-09-12T17:37:14.228+0000] {local_task_job_runner.py:228} INFO - Task exited with return code 0
[2023-09-12T17:37:14.251+0000] {taskinstance.py:2784} INFO - 1 downstream tasks scheduled from follow-on schedule check
