[2023-09-05T15:25:23.478+0000] {taskinstance.py:1159} INFO - Dependencies all met for dep_context=non-requeueable deps ti=<TaskInstance: tasks_relations.say_hello scheduled__2023-03-08T00:00:00+00:00 [queued]>
[2023-09-05T15:25:23.560+0000] {taskinstance.py:1159} INFO - Dependencies all met for dep_context=requeueable deps ti=<TaskInstance: tasks_relations.say_hello scheduled__2023-03-08T00:00:00+00:00 [queued]>
[2023-09-05T15:25:23.562+0000] {taskinstance.py:1361} INFO - Starting attempt 1 of 1
[2023-09-05T15:25:23.605+0000] {taskinstance.py:1382} INFO - Executing <Task(_PythonDecoratedOperator): say_hello> on 2023-03-08 00:00:00+00:00
[2023-09-05T15:25:23.636+0000] {standard_task_runner.py:57} INFO - Started process 500 to run task
[2023-09-05T15:25:23.684+0000] {standard_task_runner.py:84} INFO - Running: ['***', 'tasks', 'run', 'tasks_relations', 'say_hello', 'scheduled__2023-03-08T00:00:00+00:00', '--job-id', '208', '--raw', '--subdir', 'DAGS_FOLDER/tasks_relations.py', '--cfg-path', '/tmp/tmpxyahamgu']
[2023-09-05T15:25:23.725+0000] {standard_task_runner.py:85} INFO - Job 208: Subtask say_hello
[2023-09-05T15:25:24.327+0000] {task_command.py:415} INFO - Running <TaskInstance: tasks_relations.say_hello scheduled__2023-03-08T00:00:00+00:00 [running]> on host ca474790e981
[2023-09-05T15:25:25.007+0000] {taskinstance.py:1660} INFO - Exporting env vars: AIRFLOW_CTX_DAG_OWNER='***' AIRFLOW_CTX_DAG_ID='tasks_relations' AIRFLOW_CTX_TASK_ID='say_hello' AIRFLOW_CTX_EXECUTION_DATE='2023-03-08T00:00:00+00:00' AIRFLOW_CTX_TRY_NUMBER='1' AIRFLOW_CTX_DAG_RUN_ID='scheduled__2023-03-08T00:00:00+00:00'
[2023-09-05T15:25:25.013+0000] {logging_mixin.py:151} INFO - hello ***
[2023-09-05T15:25:25.017+0000] {python.py:194} INFO - Done. Returned value was: None
[2023-09-05T15:25:25.087+0000] {taskinstance.py:1400} INFO - Marking task as SUCCESS. dag_id=tasks_relations, task_id=say_hello, execution_date=20230308T000000, start_date=20230905T152523, end_date=20230905T152525
[2023-09-05T15:25:25.494+0000] {local_task_job_runner.py:228} INFO - Task exited with return code 0
[2023-09-05T15:25:25.690+0000] {taskinstance.py:2784} INFO - 0 downstream tasks scheduled from follow-on schedule check
[2023-09-12T17:34:43.480+0000] {taskinstance.py:1159} INFO - Dependencies all met for dep_context=non-requeueable deps ti=<TaskInstance: tasks_relations.say_hello scheduled__2023-03-08T00:00:00+00:00 [queued]>
[2023-09-12T17:34:43.549+0000] {taskinstance.py:1159} INFO - Dependencies all met for dep_context=requeueable deps ti=<TaskInstance: tasks_relations.say_hello scheduled__2023-03-08T00:00:00+00:00 [queued]>
[2023-09-12T17:34:43.550+0000] {taskinstance.py:1361} INFO - Starting attempt 1 of 1
[2023-09-12T17:34:43.575+0000] {taskinstance.py:1382} INFO - Executing <Task(_PythonDecoratedOperator): say_hello> on 2023-03-08 00:00:00+00:00
[2023-09-12T17:34:43.581+0000] {standard_task_runner.py:57} INFO - Started process 1272 to run task
[2023-09-12T17:34:43.585+0000] {standard_task_runner.py:84} INFO - Running: ['***', 'tasks', 'run', 'tasks_relations', 'say_hello', 'scheduled__2023-03-08T00:00:00+00:00', '--job-id', '576', '--raw', '--subdir', 'DAGS_FOLDER/2_tasks_relations.py', '--cfg-path', '/tmp/tmpuhne2c_x']
[2023-09-12T17:34:43.589+0000] {standard_task_runner.py:85} INFO - Job 576: Subtask say_hello
[2023-09-12T17:34:43.695+0000] {task_command.py:415} INFO - Running <TaskInstance: tasks_relations.say_hello scheduled__2023-03-08T00:00:00+00:00 [running]> on host 0ab7970e0956
[2023-09-12T17:34:43.857+0000] {taskinstance.py:1660} INFO - Exporting env vars: AIRFLOW_CTX_DAG_OWNER='***' AIRFLOW_CTX_DAG_ID='tasks_relations' AIRFLOW_CTX_TASK_ID='say_hello' AIRFLOW_CTX_EXECUTION_DATE='2023-03-08T00:00:00+00:00' AIRFLOW_CTX_TRY_NUMBER='1' AIRFLOW_CTX_DAG_RUN_ID='scheduled__2023-03-08T00:00:00+00:00'
[2023-09-12T17:34:43.861+0000] {logging_mixin.py:151} INFO - hello world
[2023-09-12T17:34:43.861+0000] {python.py:194} INFO - Done. Returned value was: None
[2023-09-12T17:34:43.889+0000] {taskinstance.py:1400} INFO - Marking task as SUCCESS. dag_id=tasks_relations, task_id=say_hello, execution_date=20230308T000000, start_date=20230912T173443, end_date=20230912T173443
[2023-09-12T17:34:43.972+0000] {local_task_job_runner.py:228} INFO - Task exited with return code 0
[2023-09-12T17:34:44.110+0000] {taskinstance.py:2784} INFO - 0 downstream tasks scheduled from follow-on schedule check
