[2023-09-05T15:29:51.745+0000] {taskinstance.py:1159} INFO - Dependencies all met for dep_context=non-requeueable deps ti=<TaskInstance: tasks_relations.say_hello scheduled__2023-07-02T00:00:00+00:00 [queued]>
[2023-09-05T15:29:51.799+0000] {taskinstance.py:1159} INFO - Dependencies all met for dep_context=requeueable deps ti=<TaskInstance: tasks_relations.say_hello scheduled__2023-07-02T00:00:00+00:00 [queued]>
[2023-09-05T15:29:51.810+0000] {taskinstance.py:1361} INFO - Starting attempt 1 of 1
[2023-09-05T15:29:51.854+0000] {taskinstance.py:1382} INFO - Executing <Task(_PythonDecoratedOperator): say_hello> on 2023-07-02 00:00:00+00:00
[2023-09-05T15:29:51.905+0000] {standard_task_runner.py:57} INFO - Started process 1436 to run task
[2023-09-05T15:29:51.967+0000] {standard_task_runner.py:84} INFO - Running: ['***', 'tasks', 'run', 'tasks_relations', 'say_hello', 'scheduled__2023-07-02T00:00:00+00:00', '--job-id', '645', '--raw', '--subdir', 'DAGS_FOLDER/tasks_relations.py', '--cfg-path', '/tmp/tmp8l4j3nkw']
[2023-09-05T15:29:51.983+0000] {standard_task_runner.py:85} INFO - Job 645: Subtask say_hello
[2023-09-05T15:29:52.257+0000] {task_command.py:415} INFO - Running <TaskInstance: tasks_relations.say_hello scheduled__2023-07-02T00:00:00+00:00 [running]> on host ca474790e981
[2023-09-05T15:29:52.613+0000] {taskinstance.py:1660} INFO - Exporting env vars: AIRFLOW_CTX_DAG_OWNER='***' AIRFLOW_CTX_DAG_ID='tasks_relations' AIRFLOW_CTX_TASK_ID='say_hello' AIRFLOW_CTX_EXECUTION_DATE='2023-07-02T00:00:00+00:00' AIRFLOW_CTX_TRY_NUMBER='1' AIRFLOW_CTX_DAG_RUN_ID='scheduled__2023-07-02T00:00:00+00:00'
[2023-09-05T15:29:52.620+0000] {logging_mixin.py:151} INFO - hello world
[2023-09-05T15:29:52.621+0000] {python.py:194} INFO - Done. Returned value was: None
[2023-09-05T15:29:52.671+0000] {taskinstance.py:1400} INFO - Marking task as SUCCESS. dag_id=tasks_relations, task_id=say_hello, execution_date=20230702T000000, start_date=20230905T152951, end_date=20230905T152952
[2023-09-05T15:29:52.764+0000] {local_task_job_runner.py:228} INFO - Task exited with return code 0
[2023-09-05T15:29:52.857+0000] {taskinstance.py:2784} INFO - 1 downstream tasks scheduled from follow-on schedule check
[2023-09-12T17:36:50.273+0000] {taskinstance.py:1159} INFO - Dependencies all met for dep_context=non-requeueable deps ti=<TaskInstance: tasks_relations.say_hello scheduled__2023-07-02T00:00:00+00:00 [queued]>
[2023-09-12T17:36:50.309+0000] {taskinstance.py:1159} INFO - Dependencies all met for dep_context=requeueable deps ti=<TaskInstance: tasks_relations.say_hello scheduled__2023-07-02T00:00:00+00:00 [queued]>
[2023-09-12T17:36:50.314+0000] {taskinstance.py:1361} INFO - Starting attempt 1 of 1
[2023-09-12T17:36:50.336+0000] {taskinstance.py:1382} INFO - Executing <Task(_PythonDecoratedOperator): say_hello> on 2023-07-02 00:00:00+00:00
[2023-09-12T17:36:50.355+0000] {standard_task_runner.py:57} INFO - Started process 2860 to run task
[2023-09-12T17:36:50.362+0000] {standard_task_runner.py:84} INFO - Running: ['***', 'tasks', 'run', 'tasks_relations', 'say_hello', 'scheduled__2023-07-02T00:00:00+00:00', '--job-id', '1353', '--raw', '--subdir', 'DAGS_FOLDER/2_tasks_relations.py', '--cfg-path', '/tmp/tmp14_eovqo']
[2023-09-12T17:36:50.375+0000] {standard_task_runner.py:85} INFO - Job 1353: Subtask say_hello
[2023-09-12T17:36:50.555+0000] {task_command.py:415} INFO - Running <TaskInstance: tasks_relations.say_hello scheduled__2023-07-02T00:00:00+00:00 [running]> on host 0ab7970e0956
[2023-09-12T17:36:50.764+0000] {taskinstance.py:1660} INFO - Exporting env vars: AIRFLOW_CTX_DAG_OWNER='***' AIRFLOW_CTX_DAG_ID='tasks_relations' AIRFLOW_CTX_TASK_ID='say_hello' AIRFLOW_CTX_EXECUTION_DATE='2023-07-02T00:00:00+00:00' AIRFLOW_CTX_TRY_NUMBER='1' AIRFLOW_CTX_DAG_RUN_ID='scheduled__2023-07-02T00:00:00+00:00'
[2023-09-12T17:36:50.768+0000] {logging_mixin.py:151} INFO - hello world
[2023-09-12T17:36:50.768+0000] {python.py:194} INFO - Done. Returned value was: None
[2023-09-12T17:36:50.806+0000] {taskinstance.py:1400} INFO - Marking task as SUCCESS. dag_id=tasks_relations, task_id=say_hello, execution_date=20230702T000000, start_date=20230912T173650, end_date=20230912T173650
[2023-09-12T17:36:50.911+0000] {local_task_job_runner.py:228} INFO - Task exited with return code 0
[2023-09-12T17:36:50.981+0000] {taskinstance.py:2784} INFO - 1 downstream tasks scheduled from follow-on schedule check
