[2023-09-05T15:30:23.714+0000] {taskinstance.py:1159} INFO - Dependencies all met for dep_context=non-requeueable deps ti=<TaskInstance: tasks_relations.say_hello scheduled__2023-07-27T00:00:00+00:00 [queued]>
[2023-09-05T15:30:23.802+0000] {taskinstance.py:1159} INFO - Dependencies all met for dep_context=requeueable deps ti=<TaskInstance: tasks_relations.say_hello scheduled__2023-07-27T00:00:00+00:00 [queued]>
[2023-09-05T15:30:23.814+0000] {taskinstance.py:1361} INFO - Starting attempt 1 of 1
[2023-09-05T15:30:23.939+0000] {taskinstance.py:1382} INFO - Executing <Task(_PythonDecoratedOperator): say_hello> on 2023-07-27 00:00:00+00:00
[2023-09-05T15:30:23.977+0000] {standard_task_runner.py:57} INFO - Started process 1644 to run task
[2023-09-05T15:30:24.082+0000] {standard_task_runner.py:84} INFO - Running: ['***', 'tasks', 'run', 'tasks_relations', 'say_hello', 'scheduled__2023-07-27T00:00:00+00:00', '--job-id', '746', '--raw', '--subdir', 'DAGS_FOLDER/tasks_relations.py', '--cfg-path', '/tmp/tmpzibvks2k']
[2023-09-05T15:30:24.104+0000] {standard_task_runner.py:85} INFO - Job 746: Subtask say_hello
[2023-09-05T15:30:24.428+0000] {task_command.py:415} INFO - Running <TaskInstance: tasks_relations.say_hello scheduled__2023-07-27T00:00:00+00:00 [running]> on host ca474790e981
[2023-09-05T15:30:25.133+0000] {taskinstance.py:1660} INFO - Exporting env vars: AIRFLOW_CTX_DAG_OWNER='***' AIRFLOW_CTX_DAG_ID='tasks_relations' AIRFLOW_CTX_TASK_ID='say_hello' AIRFLOW_CTX_EXECUTION_DATE='2023-07-27T00:00:00+00:00' AIRFLOW_CTX_TRY_NUMBER='1' AIRFLOW_CTX_DAG_RUN_ID='scheduled__2023-07-27T00:00:00+00:00'
[2023-09-05T15:30:25.159+0000] {logging_mixin.py:151} INFO - hello world
[2023-09-05T15:30:25.161+0000] {python.py:194} INFO - Done. Returned value was: None
[2023-09-05T15:30:25.260+0000] {taskinstance.py:1400} INFO - Marking task as SUCCESS. dag_id=tasks_relations, task_id=say_hello, execution_date=20230727T000000, start_date=20230905T153023, end_date=20230905T153025
[2023-09-05T15:30:25.459+0000] {local_task_job_runner.py:228} INFO - Task exited with return code 0
[2023-09-05T15:30:25.611+0000] {taskinstance.py:2784} INFO - 1 downstream tasks scheduled from follow-on schedule check
[2023-09-12T17:37:09.052+0000] {taskinstance.py:1159} INFO - Dependencies all met for dep_context=non-requeueable deps ti=<TaskInstance: tasks_relations.say_hello scheduled__2023-07-27T00:00:00+00:00 [queued]>
[2023-09-12T17:37:09.080+0000] {taskinstance.py:1159} INFO - Dependencies all met for dep_context=requeueable deps ti=<TaskInstance: tasks_relations.say_hello scheduled__2023-07-27T00:00:00+00:00 [queued]>
[2023-09-12T17:37:09.084+0000] {taskinstance.py:1361} INFO - Starting attempt 1 of 1
[2023-09-12T17:37:09.121+0000] {taskinstance.py:1382} INFO - Executing <Task(_PythonDecoratedOperator): say_hello> on 2023-07-27 00:00:00+00:00
[2023-09-12T17:37:09.143+0000] {standard_task_runner.py:57} INFO - Started process 3101 to run task
[2023-09-12T17:37:09.178+0000] {standard_task_runner.py:84} INFO - Running: ['***', 'tasks', 'run', 'tasks_relations', 'say_hello', 'scheduled__2023-07-27T00:00:00+00:00', '--job-id', '1475', '--raw', '--subdir', 'DAGS_FOLDER/2_tasks_relations.py', '--cfg-path', '/tmp/tmp2zqlqh8l']
[2023-09-12T17:37:09.192+0000] {standard_task_runner.py:85} INFO - Job 1475: Subtask say_hello
[2023-09-12T17:37:09.462+0000] {task_command.py:415} INFO - Running <TaskInstance: tasks_relations.say_hello scheduled__2023-07-27T00:00:00+00:00 [running]> on host 0ab7970e0956
[2023-09-12T17:37:09.674+0000] {taskinstance.py:1660} INFO - Exporting env vars: AIRFLOW_CTX_DAG_OWNER='***' AIRFLOW_CTX_DAG_ID='tasks_relations' AIRFLOW_CTX_TASK_ID='say_hello' AIRFLOW_CTX_EXECUTION_DATE='2023-07-27T00:00:00+00:00' AIRFLOW_CTX_TRY_NUMBER='1' AIRFLOW_CTX_DAG_RUN_ID='scheduled__2023-07-27T00:00:00+00:00'
[2023-09-12T17:37:09.677+0000] {logging_mixin.py:151} INFO - hello world
[2023-09-12T17:37:09.677+0000] {python.py:194} INFO - Done. Returned value was: None
[2023-09-12T17:37:09.696+0000] {taskinstance.py:1400} INFO - Marking task as SUCCESS. dag_id=tasks_relations, task_id=say_hello, execution_date=20230727T000000, start_date=20230912T173709, end_date=20230912T173709
[2023-09-12T17:37:09.726+0000] {local_task_job_runner.py:228} INFO - Task exited with return code 0
[2023-09-12T17:37:09.754+0000] {taskinstance.py:2784} INFO - 1 downstream tasks scheduled from follow-on schedule check
