[2023-09-05T15:26:10.027+0000] {taskinstance.py:1159} INFO - Dependencies all met for dep_context=non-requeueable deps ti=<TaskInstance: tasks_relations.say_hello scheduled__2023-04-15T00:00:00+00:00 [queued]>
[2023-09-05T15:26:10.067+0000] {taskinstance.py:1159} INFO - Dependencies all met for dep_context=requeueable deps ti=<TaskInstance: tasks_relations.say_hello scheduled__2023-04-15T00:00:00+00:00 [queued]>
[2023-09-05T15:26:10.079+0000] {taskinstance.py:1361} INFO - Starting attempt 1 of 1
[2023-09-05T15:26:10.272+0000] {taskinstance.py:1382} INFO - Executing <Task(_PythonDecoratedOperator): say_hello> on 2023-04-15 00:00:00+00:00
[2023-09-05T15:26:10.292+0000] {standard_task_runner.py:57} INFO - Started process 726 to run task
[2023-09-05T15:26:10.364+0000] {standard_task_runner.py:84} INFO - Running: ['***', 'tasks', 'run', 'tasks_relations', 'say_hello', 'scheduled__2023-04-15T00:00:00+00:00', '--job-id', '315', '--raw', '--subdir', 'DAGS_FOLDER/tasks_relations.py', '--cfg-path', '/tmp/tmp1y8n52q2']
[2023-09-05T15:26:10.371+0000] {standard_task_runner.py:85} INFO - Job 315: Subtask say_hello
[2023-09-05T15:26:10.907+0000] {task_command.py:415} INFO - Running <TaskInstance: tasks_relations.say_hello scheduled__2023-04-15T00:00:00+00:00 [running]> on host ca474790e981
[2023-09-05T15:26:11.377+0000] {taskinstance.py:1660} INFO - Exporting env vars: AIRFLOW_CTX_DAG_OWNER='***' AIRFLOW_CTX_DAG_ID='tasks_relations' AIRFLOW_CTX_TASK_ID='say_hello' AIRFLOW_CTX_EXECUTION_DATE='2023-04-15T00:00:00+00:00' AIRFLOW_CTX_TRY_NUMBER='1' AIRFLOW_CTX_DAG_RUN_ID='scheduled__2023-04-15T00:00:00+00:00'
[2023-09-05T15:26:11.390+0000] {logging_mixin.py:151} INFO - hello ***
[2023-09-05T15:26:11.406+0000] {python.py:194} INFO - Done. Returned value was: None
[2023-09-05T15:26:11.462+0000] {taskinstance.py:1400} INFO - Marking task as SUCCESS. dag_id=tasks_relations, task_id=say_hello, execution_date=20230415T000000, start_date=20230905T152610, end_date=20230905T152611
[2023-09-05T15:26:11.634+0000] {local_task_job_runner.py:228} INFO - Task exited with return code 0
[2023-09-05T15:26:11.678+0000] {taskinstance.py:2784} INFO - 1 downstream tasks scheduled from follow-on schedule check
[2023-09-12T17:35:21.341+0000] {taskinstance.py:1159} INFO - Dependencies all met for dep_context=non-requeueable deps ti=<TaskInstance: tasks_relations.say_hello scheduled__2023-04-15T00:00:00+00:00 [queued]>
[2023-09-12T17:35:21.378+0000] {taskinstance.py:1159} INFO - Dependencies all met for dep_context=requeueable deps ti=<TaskInstance: tasks_relations.say_hello scheduled__2023-04-15T00:00:00+00:00 [queued]>
[2023-09-12T17:35:21.384+0000] {taskinstance.py:1361} INFO - Starting attempt 1 of 1
[2023-09-12T17:35:21.442+0000] {taskinstance.py:1382} INFO - Executing <Task(_PythonDecoratedOperator): say_hello> on 2023-04-15 00:00:00+00:00
[2023-09-12T17:35:21.457+0000] {standard_task_runner.py:57} INFO - Started process 1800 to run task
[2023-09-12T17:35:21.517+0000] {standard_task_runner.py:84} INFO - Running: ['***', 'tasks', 'run', 'tasks_relations', 'say_hello', 'scheduled__2023-04-15T00:00:00+00:00', '--job-id', '835', '--raw', '--subdir', 'DAGS_FOLDER/2_tasks_relations.py', '--cfg-path', '/tmp/tmp1rwf7b6e']
[2023-09-12T17:35:21.534+0000] {standard_task_runner.py:85} INFO - Job 835: Subtask say_hello
[2023-09-12T17:35:21.731+0000] {task_command.py:415} INFO - Running <TaskInstance: tasks_relations.say_hello scheduled__2023-04-15T00:00:00+00:00 [running]> on host 0ab7970e0956
[2023-09-12T17:35:21.982+0000] {taskinstance.py:1660} INFO - Exporting env vars: AIRFLOW_CTX_DAG_OWNER='***' AIRFLOW_CTX_DAG_ID='tasks_relations' AIRFLOW_CTX_TASK_ID='say_hello' AIRFLOW_CTX_EXECUTION_DATE='2023-04-15T00:00:00+00:00' AIRFLOW_CTX_TRY_NUMBER='1' AIRFLOW_CTX_DAG_RUN_ID='scheduled__2023-04-15T00:00:00+00:00'
[2023-09-12T17:35:21.993+0000] {logging_mixin.py:151} INFO - hello world
[2023-09-12T17:35:21.996+0000] {python.py:194} INFO - Done. Returned value was: None
[2023-09-12T17:35:22.018+0000] {taskinstance.py:1400} INFO - Marking task as SUCCESS. dag_id=tasks_relations, task_id=say_hello, execution_date=20230415T000000, start_date=20230912T173521, end_date=20230912T173522
[2023-09-12T17:35:22.119+0000] {local_task_job_runner.py:228} INFO - Task exited with return code 0
[2023-09-12T17:35:22.185+0000] {taskinstance.py:2784} INFO - 1 downstream tasks scheduled from follow-on schedule check
