[2023-09-05T15:25:43.099+0000] {taskinstance.py:1159} INFO - Dependencies all met for dep_context=non-requeueable deps ti=<TaskInstance: tasks_relations.say_hello scheduled__2023-03-23T00:00:00+00:00 [queued]>
[2023-09-05T15:25:43.191+0000] {taskinstance.py:1159} INFO - Dependencies all met for dep_context=requeueable deps ti=<TaskInstance: tasks_relations.say_hello scheduled__2023-03-23T00:00:00+00:00 [queued]>
[2023-09-05T15:25:43.202+0000] {taskinstance.py:1361} INFO - Starting attempt 1 of 1
[2023-09-05T15:25:43.354+0000] {taskinstance.py:1382} INFO - Executing <Task(_PythonDecoratedOperator): say_hello> on 2023-03-23 00:00:00+00:00
[2023-09-05T15:25:43.415+0000] {standard_task_runner.py:57} INFO - Started process 591 to run task
[2023-09-05T15:25:43.448+0000] {standard_task_runner.py:84} INFO - Running: ['***', 'tasks', 'run', 'tasks_relations', 'say_hello', 'scheduled__2023-03-23T00:00:00+00:00', '--job-id', '251', '--raw', '--subdir', 'DAGS_FOLDER/tasks_relations.py', '--cfg-path', '/tmp/tmpsr1bypo8']
[2023-09-05T15:25:43.455+0000] {standard_task_runner.py:85} INFO - Job 251: Subtask say_hello
[2023-09-05T15:25:43.810+0000] {task_command.py:415} INFO - Running <TaskInstance: tasks_relations.say_hello scheduled__2023-03-23T00:00:00+00:00 [running]> on host ca474790e981
[2023-09-05T15:25:44.271+0000] {taskinstance.py:1660} INFO - Exporting env vars: AIRFLOW_CTX_DAG_OWNER='***' AIRFLOW_CTX_DAG_ID='tasks_relations' AIRFLOW_CTX_TASK_ID='say_hello' AIRFLOW_CTX_EXECUTION_DATE='2023-03-23T00:00:00+00:00' AIRFLOW_CTX_TRY_NUMBER='1' AIRFLOW_CTX_DAG_RUN_ID='scheduled__2023-03-23T00:00:00+00:00'
[2023-09-05T15:25:44.274+0000] {logging_mixin.py:151} INFO - hello ***
[2023-09-05T15:25:44.276+0000] {python.py:194} INFO - Done. Returned value was: None
[2023-09-05T15:25:44.322+0000] {taskinstance.py:1400} INFO - Marking task as SUCCESS. dag_id=tasks_relations, task_id=say_hello, execution_date=20230323T000000, start_date=20230905T152543, end_date=20230905T152544
[2023-09-05T15:25:44.461+0000] {local_task_job_runner.py:228} INFO - Task exited with return code 0
[2023-09-05T15:25:44.576+0000] {taskinstance.py:2784} INFO - 1 downstream tasks scheduled from follow-on schedule check
[2023-09-12T17:34:54.549+0000] {taskinstance.py:1159} INFO - Dependencies all met for dep_context=non-requeueable deps ti=<TaskInstance: tasks_relations.say_hello scheduled__2023-03-23T00:00:00+00:00 [queued]>
[2023-09-12T17:34:54.579+0000] {taskinstance.py:1159} INFO - Dependencies all met for dep_context=requeueable deps ti=<TaskInstance: tasks_relations.say_hello scheduled__2023-03-23T00:00:00+00:00 [queued]>
[2023-09-12T17:34:54.588+0000] {taskinstance.py:1361} INFO - Starting attempt 1 of 1
[2023-09-12T17:34:54.643+0000] {taskinstance.py:1382} INFO - Executing <Task(_PythonDecoratedOperator): say_hello> on 2023-03-23 00:00:00+00:00
[2023-09-12T17:34:54.666+0000] {standard_task_runner.py:84} INFO - Running: ['***', 'tasks', 'run', 'tasks_relations', 'say_hello', 'scheduled__2023-03-23T00:00:00+00:00', '--job-id', '658', '--raw', '--subdir', 'DAGS_FOLDER/2_tasks_relations.py', '--cfg-path', '/tmp/tmpqj322jvg']
[2023-09-12T17:34:54.678+0000] {standard_task_runner.py:85} INFO - Job 658: Subtask say_hello
[2023-09-12T17:34:54.652+0000] {standard_task_runner.py:57} INFO - Started process 1446 to run task
[2023-09-12T17:34:54.836+0000] {task_command.py:415} INFO - Running <TaskInstance: tasks_relations.say_hello scheduled__2023-03-23T00:00:00+00:00 [running]> on host 0ab7970e0956
[2023-09-12T17:34:55.021+0000] {taskinstance.py:1660} INFO - Exporting env vars: AIRFLOW_CTX_DAG_OWNER='***' AIRFLOW_CTX_DAG_ID='tasks_relations' AIRFLOW_CTX_TASK_ID='say_hello' AIRFLOW_CTX_EXECUTION_DATE='2023-03-23T00:00:00+00:00' AIRFLOW_CTX_TRY_NUMBER='1' AIRFLOW_CTX_DAG_RUN_ID='scheduled__2023-03-23T00:00:00+00:00'
[2023-09-12T17:34:55.022+0000] {logging_mixin.py:151} INFO - hello world
[2023-09-12T17:34:55.022+0000] {python.py:194} INFO - Done. Returned value was: None
[2023-09-12T17:34:55.060+0000] {taskinstance.py:1400} INFO - Marking task as SUCCESS. dag_id=tasks_relations, task_id=say_hello, execution_date=20230323T000000, start_date=20230912T173454, end_date=20230912T173455
[2023-09-12T17:34:55.151+0000] {local_task_job_runner.py:228} INFO - Task exited with return code 0
[2023-09-12T17:34:55.200+0000] {taskinstance.py:2784} INFO - 1 downstream tasks scheduled from follow-on schedule check
