[2023-09-05T15:30:33.206+0000] {taskinstance.py:1159} INFO - Dependencies all met for dep_context=non-requeueable deps ti=<TaskInstance: tasks_relations.or_that_way scheduled__2023-07-22T00:00:00+00:00 [queued]>
[2023-09-05T15:30:33.223+0000] {taskinstance.py:1159} INFO - Dependencies all met for dep_context=requeueable deps ti=<TaskInstance: tasks_relations.or_that_way scheduled__2023-07-22T00:00:00+00:00 [queued]>
[2023-09-05T15:30:33.228+0000] {taskinstance.py:1361} INFO - Starting attempt 1 of 1
[2023-09-05T15:30:33.264+0000] {taskinstance.py:1382} INFO - Executing <Task(_PythonDecoratedOperator): or_that_way> on 2023-07-22 00:00:00+00:00
[2023-09-05T15:30:33.292+0000] {standard_task_runner.py:57} INFO - Started process 1700 to run task
[2023-09-05T15:30:33.305+0000] {standard_task_runner.py:84} INFO - Running: ['***', 'tasks', 'run', 'tasks_relations', 'or_that_way', 'scheduled__2023-07-22T00:00:00+00:00', '--job-id', '775', '--raw', '--subdir', 'DAGS_FOLDER/tasks_relations.py', '--cfg-path', '/tmp/tmpl73k9aan']
[2023-09-05T15:30:33.324+0000] {standard_task_runner.py:85} INFO - Job 775: Subtask or_that_way
[2023-09-05T15:30:33.665+0000] {task_command.py:415} INFO - Running <TaskInstance: tasks_relations.or_that_way scheduled__2023-07-22T00:00:00+00:00 [running]> on host ca474790e981
[2023-09-05T15:30:34.553+0000] {taskinstance.py:1660} INFO - Exporting env vars: AIRFLOW_CTX_DAG_OWNER='***' AIRFLOW_CTX_DAG_ID='tasks_relations' AIRFLOW_CTX_TASK_ID='or_that_way' AIRFLOW_CTX_EXECUTION_DATE='2023-07-22T00:00:00+00:00' AIRFLOW_CTX_TRY_NUMBER='1' AIRFLOW_CTX_DAG_RUN_ID='scheduled__2023-07-22T00:00:00+00:00'
[2023-09-05T15:30:34.608+0000] {logging_mixin.py:151} INFO - NO NO, THAT WAY WAY!!!
[2023-09-05T15:30:34.617+0000] {python.py:194} INFO - Done. Returned value was: None
[2023-09-05T15:30:34.682+0000] {taskinstance.py:1400} INFO - Marking task as SUCCESS. dag_id=tasks_relations, task_id=or_that_way, execution_date=20230722T000000, start_date=20230905T153033, end_date=20230905T153034
[2023-09-05T15:30:34.996+0000] {local_task_job_runner.py:228} INFO - Task exited with return code 0
[2023-09-05T15:30:35.241+0000] {taskinstance.py:2784} INFO - 0 downstream tasks scheduled from follow-on schedule check
[2023-09-12T17:37:13.572+0000] {taskinstance.py:1159} INFO - Dependencies all met for dep_context=non-requeueable deps ti=<TaskInstance: tasks_relations.or_that_way scheduled__2023-07-22T00:00:00+00:00 [queued]>
[2023-09-12T17:37:13.597+0000] {taskinstance.py:1159} INFO - Dependencies all met for dep_context=requeueable deps ti=<TaskInstance: tasks_relations.or_that_way scheduled__2023-07-22T00:00:00+00:00 [queued]>
[2023-09-12T17:37:13.606+0000] {taskinstance.py:1361} INFO - Starting attempt 1 of 1
[2023-09-12T17:37:13.660+0000] {taskinstance.py:1382} INFO - Executing <Task(_PythonDecoratedOperator): or_that_way> on 2023-07-22 00:00:00+00:00
[2023-09-12T17:37:13.669+0000] {standard_task_runner.py:57} INFO - Started process 3165 to run task
[2023-09-12T17:37:13.700+0000] {standard_task_runner.py:84} INFO - Running: ['***', 'tasks', 'run', 'tasks_relations', 'or_that_way', 'scheduled__2023-07-22T00:00:00+00:00', '--job-id', '1506', '--raw', '--subdir', 'DAGS_FOLDER/2_tasks_relations.py', '--cfg-path', '/tmp/tmp9022w89d']
[2023-09-12T17:37:13.713+0000] {standard_task_runner.py:85} INFO - Job 1506: Subtask or_that_way
[2023-09-12T17:37:13.866+0000] {task_command.py:415} INFO - Running <TaskInstance: tasks_relations.or_that_way scheduled__2023-07-22T00:00:00+00:00 [running]> on host 0ab7970e0956
[2023-09-12T17:37:14.109+0000] {taskinstance.py:1660} INFO - Exporting env vars: AIRFLOW_CTX_DAG_OWNER='***' AIRFLOW_CTX_DAG_ID='tasks_relations' AIRFLOW_CTX_TASK_ID='or_that_way' AIRFLOW_CTX_EXECUTION_DATE='2023-07-22T00:00:00+00:00' AIRFLOW_CTX_TRY_NUMBER='1' AIRFLOW_CTX_DAG_RUN_ID='scheduled__2023-07-22T00:00:00+00:00'
[2023-09-12T17:37:14.110+0000] {logging_mixin.py:151} INFO - NO NO, THAT WAY WAY!!!
[2023-09-12T17:37:14.111+0000] {python.py:194} INFO - Done. Returned value was: None
[2023-09-12T17:37:14.124+0000] {taskinstance.py:1400} INFO - Marking task as SUCCESS. dag_id=tasks_relations, task_id=or_that_way, execution_date=20230722T000000, start_date=20230912T173713, end_date=20230912T173714
[2023-09-12T17:37:14.153+0000] {local_task_job_runner.py:228} INFO - Task exited with return code 0
[2023-09-12T17:37:14.198+0000] {taskinstance.py:2784} INFO - 1 downstream tasks scheduled from follow-on schedule check
