[2023-09-05T15:27:50.794+0000] {taskinstance.py:1159} INFO - Dependencies all met for dep_context=non-requeueable deps ti=<TaskInstance: tasks_relations.or_that_way scheduled__2023-05-17T00:00:00+00:00 [queued]>
[2023-09-05T15:27:51.036+0000] {taskinstance.py:1159} INFO - Dependencies all met for dep_context=requeueable deps ti=<TaskInstance: tasks_relations.or_that_way scheduled__2023-05-17T00:00:00+00:00 [queued]>
[2023-09-05T15:27:51.048+0000] {taskinstance.py:1361} INFO - Starting attempt 1 of 1
[2023-09-05T15:27:51.168+0000] {taskinstance.py:1382} INFO - Executing <Task(_PythonDecoratedOperator): or_that_way> on 2023-05-17 00:00:00+00:00
[2023-09-05T15:27:51.229+0000] {standard_task_runner.py:57} INFO - Started process 981 to run task
[2023-09-05T15:27:51.291+0000] {standard_task_runner.py:84} INFO - Running: ['***', 'tasks', 'run', 'tasks_relations', 'or_that_way', 'scheduled__2023-05-17T00:00:00+00:00', '--job-id', '428', '--raw', '--subdir', 'DAGS_FOLDER/tasks_relations.py', '--cfg-path', '/tmp/tmpdw4bu6qx']
[2023-09-05T15:27:51.326+0000] {standard_task_runner.py:85} INFO - Job 428: Subtask or_that_way
[2023-09-05T15:27:51.991+0000] {task_command.py:415} INFO - Running <TaskInstance: tasks_relations.or_that_way scheduled__2023-05-17T00:00:00+00:00 [running]> on host ca474790e981
[2023-09-05T15:27:53.193+0000] {taskinstance.py:1660} INFO - Exporting env vars: AIRFLOW_CTX_DAG_OWNER='***' AIRFLOW_CTX_DAG_ID='tasks_relations' AIRFLOW_CTX_TASK_ID='or_that_way' AIRFLOW_CTX_EXECUTION_DATE='2023-05-17T00:00:00+00:00' AIRFLOW_CTX_TRY_NUMBER='1' AIRFLOW_CTX_DAG_RUN_ID='scheduled__2023-05-17T00:00:00+00:00'
[2023-09-05T15:27:53.240+0000] {logging_mixin.py:151} INFO - NO NO, THAT WAY WAY!!!
[2023-09-05T15:27:53.279+0000] {python.py:194} INFO - Done. Returned value was: None
[2023-09-05T15:27:53.318+0000] {taskinstance.py:1400} INFO - Marking task as SUCCESS. dag_id=tasks_relations, task_id=or_that_way, execution_date=20230517T000000, start_date=20230905T152750, end_date=20230905T152753
[2023-09-05T15:27:53.586+0000] {local_task_job_runner.py:228} INFO - Task exited with return code 0
[2023-09-05T15:27:53.815+0000] {taskinstance.py:2784} INFO - 0 downstream tasks scheduled from follow-on schedule check
[2023-09-12T17:36:03.273+0000] {taskinstance.py:1159} INFO - Dependencies all met for dep_context=non-requeueable deps ti=<TaskInstance: tasks_relations.or_that_way scheduled__2023-05-17T00:00:00+00:00 [queued]>
[2023-09-12T17:36:03.315+0000] {taskinstance.py:1159} INFO - Dependencies all met for dep_context=requeueable deps ti=<TaskInstance: tasks_relations.or_that_way scheduled__2023-05-17T00:00:00+00:00 [queued]>
[2023-09-12T17:36:03.317+0000] {taskinstance.py:1361} INFO - Starting attempt 1 of 1
[2023-09-12T17:36:03.366+0000] {taskinstance.py:1382} INFO - Executing <Task(_PythonDecoratedOperator): or_that_way> on 2023-05-17 00:00:00+00:00
[2023-09-12T17:36:03.413+0000] {standard_task_runner.py:57} INFO - Started process 2347 to run task
[2023-09-12T17:36:03.433+0000] {standard_task_runner.py:84} INFO - Running: ['***', 'tasks', 'run', 'tasks_relations', 'or_that_way', 'scheduled__2023-05-17T00:00:00+00:00', '--job-id', '1107', '--raw', '--subdir', 'DAGS_FOLDER/2_tasks_relations.py', '--cfg-path', '/tmp/tmpjfga36ym']
[2023-09-12T17:36:03.450+0000] {standard_task_runner.py:85} INFO - Job 1107: Subtask or_that_way
[2023-09-12T17:36:03.603+0000] {task_command.py:415} INFO - Running <TaskInstance: tasks_relations.or_that_way scheduled__2023-05-17T00:00:00+00:00 [running]> on host 0ab7970e0956
[2023-09-12T17:36:03.823+0000] {taskinstance.py:1660} INFO - Exporting env vars: AIRFLOW_CTX_DAG_OWNER='***' AIRFLOW_CTX_DAG_ID='tasks_relations' AIRFLOW_CTX_TASK_ID='or_that_way' AIRFLOW_CTX_EXECUTION_DATE='2023-05-17T00:00:00+00:00' AIRFLOW_CTX_TRY_NUMBER='1' AIRFLOW_CTX_DAG_RUN_ID='scheduled__2023-05-17T00:00:00+00:00'
[2023-09-12T17:36:03.826+0000] {logging_mixin.py:151} INFO - NO NO, THAT WAY WAY!!!
[2023-09-12T17:36:03.826+0000] {python.py:194} INFO - Done. Returned value was: None
[2023-09-12T17:36:03.878+0000] {taskinstance.py:1400} INFO - Marking task as SUCCESS. dag_id=tasks_relations, task_id=or_that_way, execution_date=20230517T000000, start_date=20230912T173603, end_date=20230912T173603
[2023-09-12T17:36:03.989+0000] {local_task_job_runner.py:228} INFO - Task exited with return code 0
[2023-09-12T17:36:04.040+0000] {taskinstance.py:2784} INFO - 1 downstream tasks scheduled from follow-on schedule check
