[2023-09-05T15:31:36.439+0000] {taskinstance.py:1159} INFO - Dependencies all met for dep_context=non-requeueable deps ti=<TaskInstance: tasks_relations.this_way scheduled__2023-08-27T00:00:00+00:00 [queued]>
[2023-09-05T15:31:36.512+0000] {taskinstance.py:1159} INFO - Dependencies all met for dep_context=requeueable deps ti=<TaskInstance: tasks_relations.this_way scheduled__2023-08-27T00:00:00+00:00 [queued]>
[2023-09-05T15:31:36.514+0000] {taskinstance.py:1361} INFO - Starting attempt 1 of 1
[2023-09-05T15:31:36.654+0000] {taskinstance.py:1382} INFO - Executing <Task(_PythonDecoratedOperator): this_way> on 2023-08-27 00:00:00+00:00
[2023-09-05T15:31:36.665+0000] {standard_task_runner.py:57} INFO - Started process 2054 to run task
[2023-09-05T15:31:36.732+0000] {standard_task_runner.py:84} INFO - Running: ['***', 'tasks', 'run', 'tasks_relations', 'this_way', 'scheduled__2023-08-27T00:00:00+00:00', '--job-id', '941', '--raw', '--subdir', 'DAGS_FOLDER/tasks_relations.py', '--cfg-path', '/tmp/tmpzjmrmevc']
[2023-09-05T15:31:36.762+0000] {standard_task_runner.py:85} INFO - Job 941: Subtask this_way
[2023-09-05T15:31:37.233+0000] {task_command.py:415} INFO - Running <TaskInstance: tasks_relations.this_way scheduled__2023-08-27T00:00:00+00:00 [running]> on host ca474790e981
[2023-09-05T15:31:37.715+0000] {taskinstance.py:1660} INFO - Exporting env vars: AIRFLOW_CTX_DAG_OWNER='***' AIRFLOW_CTX_DAG_ID='tasks_relations' AIRFLOW_CTX_TASK_ID='this_way' AIRFLOW_CTX_EXECUTION_DATE='2023-08-27T00:00:00+00:00' AIRFLOW_CTX_TRY_NUMBER='1' AIRFLOW_CTX_DAG_RUN_ID='scheduled__2023-08-27T00:00:00+00:00'
[2023-09-05T15:31:37.718+0000] {logging_mixin.py:151} INFO - THIS WAY!!!
[2023-09-05T15:31:37.719+0000] {python.py:194} INFO - Done. Returned value was: None
[2023-09-05T15:31:37.794+0000] {taskinstance.py:1400} INFO - Marking task as SUCCESS. dag_id=tasks_relations, task_id=this_way, execution_date=20230827T000000, start_date=20230905T153136, end_date=20230905T153137
[2023-09-05T15:31:38.002+0000] {local_task_job_runner.py:228} INFO - Task exited with return code 0
[2023-09-05T15:31:38.095+0000] {taskinstance.py:2784} INFO - 0 downstream tasks scheduled from follow-on schedule check
[2023-09-12T17:37:52.714+0000] {taskinstance.py:1159} INFO - Dependencies all met for dep_context=non-requeueable deps ti=<TaskInstance: tasks_relations.this_way scheduled__2023-08-27T00:00:00+00:00 [queued]>
[2023-09-12T17:37:52.737+0000] {taskinstance.py:1159} INFO - Dependencies all met for dep_context=requeueable deps ti=<TaskInstance: tasks_relations.this_way scheduled__2023-08-27T00:00:00+00:00 [queued]>
[2023-09-12T17:37:52.740+0000] {taskinstance.py:1361} INFO - Starting attempt 1 of 1
[2023-09-12T17:37:52.768+0000] {taskinstance.py:1382} INFO - Executing <Task(_PythonDecoratedOperator): this_way> on 2023-08-27 00:00:00+00:00
[2023-09-12T17:37:52.779+0000] {standard_task_runner.py:57} INFO - Started process 3599 to run task
[2023-09-12T17:37:52.794+0000] {standard_task_runner.py:84} INFO - Running: ['***', 'tasks', 'run', 'tasks_relations', 'this_way', 'scheduled__2023-08-27T00:00:00+00:00', '--job-id', '1717', '--raw', '--subdir', 'DAGS_FOLDER/2_tasks_relations.py', '--cfg-path', '/tmp/tmp78qfkq7m']
[2023-09-12T17:37:52.811+0000] {standard_task_runner.py:85} INFO - Job 1717: Subtask this_way
[2023-09-12T17:37:52.904+0000] {task_command.py:415} INFO - Running <TaskInstance: tasks_relations.this_way scheduled__2023-08-27T00:00:00+00:00 [running]> on host 0ab7970e0956
[2023-09-12T17:37:53.048+0000] {taskinstance.py:1660} INFO - Exporting env vars: AIRFLOW_CTX_DAG_OWNER='***' AIRFLOW_CTX_DAG_ID='tasks_relations' AIRFLOW_CTX_TASK_ID='this_way' AIRFLOW_CTX_EXECUTION_DATE='2023-08-27T00:00:00+00:00' AIRFLOW_CTX_TRY_NUMBER='1' AIRFLOW_CTX_DAG_RUN_ID='scheduled__2023-08-27T00:00:00+00:00'
[2023-09-12T17:37:53.050+0000] {logging_mixin.py:151} INFO - THIS WAY!!!
[2023-09-12T17:37:53.050+0000] {python.py:194} INFO - Done. Returned value was: None
[2023-09-12T17:37:53.078+0000] {taskinstance.py:1400} INFO - Marking task as SUCCESS. dag_id=tasks_relations, task_id=this_way, execution_date=20230827T000000, start_date=20230912T173752, end_date=20230912T173753
[2023-09-12T17:37:53.134+0000] {local_task_job_runner.py:228} INFO - Task exited with return code 0
[2023-09-12T17:37:53.209+0000] {taskinstance.py:2784} INFO - 0 downstream tasks scheduled from follow-on schedule check
