[2023-09-05T15:26:37.226+0000] {taskinstance.py:1159} INFO - Dependencies all met for dep_context=non-requeueable deps ti=<TaskInstance: tasks_relations.say_bye scheduled__2023-04-29T00:00:00+00:00 [queued]>
[2023-09-05T15:26:37.259+0000] {taskinstance.py:1159} INFO - Dependencies all met for dep_context=requeueable deps ti=<TaskInstance: tasks_relations.say_bye scheduled__2023-04-29T00:00:00+00:00 [queued]>
[2023-09-05T15:26:37.272+0000] {taskinstance.py:1361} INFO - Starting attempt 1 of 1
[2023-09-05T15:26:37.330+0000] {taskinstance.py:1382} INFO - Executing <Task(_PythonDecoratedOperator): say_bye> on 2023-04-29 00:00:00+00:00
[2023-09-05T15:26:37.352+0000] {standard_task_runner.py:57} INFO - Started process 832 to run task
[2023-09-05T15:26:37.372+0000] {standard_task_runner.py:84} INFO - Running: ['***', 'tasks', 'run', 'tasks_relations', 'say_bye', 'scheduled__2023-04-29T00:00:00+00:00', '--job-id', '371', '--raw', '--subdir', 'DAGS_FOLDER/tasks_relations.py', '--cfg-path', '/tmp/tmp10i5m2i5']
[2023-09-05T15:26:37.390+0000] {standard_task_runner.py:85} INFO - Job 371: Subtask say_bye
[2023-09-05T15:26:37.650+0000] {task_command.py:415} INFO - Running <TaskInstance: tasks_relations.say_bye scheduled__2023-04-29T00:00:00+00:00 [running]> on host ca474790e981
[2023-09-05T15:26:37.930+0000] {taskinstance.py:1660} INFO - Exporting env vars: AIRFLOW_CTX_DAG_OWNER='***' AIRFLOW_CTX_DAG_ID='tasks_relations' AIRFLOW_CTX_TASK_ID='say_bye' AIRFLOW_CTX_EXECUTION_DATE='2023-04-29T00:00:00+00:00' AIRFLOW_CTX_TRY_NUMBER='1' AIRFLOW_CTX_DAG_RUN_ID='scheduled__2023-04-29T00:00:00+00:00'
[2023-09-05T15:26:37.945+0000] {logging_mixin.py:151} INFO - goodbye ***
[2023-09-05T15:26:37.949+0000] {python.py:194} INFO - Done. Returned value was: None
[2023-09-05T15:26:38.004+0000] {taskinstance.py:1400} INFO - Marking task as SUCCESS. dag_id=tasks_relations, task_id=say_bye, execution_date=20230429T000000, start_date=20230905T152637, end_date=20230905T152638
[2023-09-05T15:26:38.043+0000] {local_task_job_runner.py:228} INFO - Task exited with return code 0
[2023-09-05T15:26:38.236+0000] {taskinstance.py:2784} INFO - 0 downstream tasks scheduled from follow-on schedule check
[2023-09-12T17:35:43.673+0000] {taskinstance.py:1159} INFO - Dependencies all met for dep_context=non-requeueable deps ti=<TaskInstance: tasks_relations.say_bye scheduled__2023-04-29T00:00:00+00:00 [queued]>
[2023-09-12T17:35:43.696+0000] {taskinstance.py:1159} INFO - Dependencies all met for dep_context=requeueable deps ti=<TaskInstance: tasks_relations.say_bye scheduled__2023-04-29T00:00:00+00:00 [queued]>
[2023-09-12T17:35:43.702+0000] {taskinstance.py:1361} INFO - Starting attempt 1 of 1
[2023-09-12T17:35:43.744+0000] {taskinstance.py:1382} INFO - Executing <Task(_PythonDecoratedOperator): say_bye> on 2023-04-29 00:00:00+00:00
[2023-09-12T17:35:43.749+0000] {standard_task_runner.py:57} INFO - Started process 2086 to run task
[2023-09-12T17:35:43.782+0000] {standard_task_runner.py:84} INFO - Running: ['***', 'tasks', 'run', 'tasks_relations', 'say_bye', 'scheduled__2023-04-29T00:00:00+00:00', '--job-id', '973', '--raw', '--subdir', 'DAGS_FOLDER/2_tasks_relations.py', '--cfg-path', '/tmp/tmpatlak011']
[2023-09-12T17:35:43.801+0000] {standard_task_runner.py:85} INFO - Job 973: Subtask say_bye
[2023-09-12T17:35:43.964+0000] {task_command.py:415} INFO - Running <TaskInstance: tasks_relations.say_bye scheduled__2023-04-29T00:00:00+00:00 [running]> on host 0ab7970e0956
[2023-09-12T17:35:44.204+0000] {taskinstance.py:1660} INFO - Exporting env vars: AIRFLOW_CTX_DAG_OWNER='***' AIRFLOW_CTX_DAG_ID='tasks_relations' AIRFLOW_CTX_TASK_ID='say_bye' AIRFLOW_CTX_EXECUTION_DATE='2023-04-29T00:00:00+00:00' AIRFLOW_CTX_TRY_NUMBER='1' AIRFLOW_CTX_DAG_RUN_ID='scheduled__2023-04-29T00:00:00+00:00'
[2023-09-12T17:35:44.211+0000] {logging_mixin.py:151} INFO - goodbye world
[2023-09-12T17:35:44.226+0000] {python.py:194} INFO - Done. Returned value was: None
[2023-09-12T17:35:44.266+0000] {taskinstance.py:1400} INFO - Marking task as SUCCESS. dag_id=tasks_relations, task_id=say_bye, execution_date=20230429T000000, start_date=20230912T173543, end_date=20230912T173544
[2023-09-12T17:35:44.359+0000] {local_task_job_runner.py:228} INFO - Task exited with return code 0
[2023-09-12T17:35:44.404+0000] {taskinstance.py:2784} INFO - 2 downstream tasks scheduled from follow-on schedule check
