[2023-09-05T15:31:30.564+0000] {taskinstance.py:1159} INFO - Dependencies all met for dep_context=non-requeueable deps ti=<TaskInstance: tasks_relations.say_bye scheduled__2023-08-28T00:00:00+00:00 [queued]>
[2023-09-05T15:31:30.651+0000] {taskinstance.py:1159} INFO - Dependencies all met for dep_context=requeueable deps ti=<TaskInstance: tasks_relations.say_bye scheduled__2023-08-28T00:00:00+00:00 [queued]>
[2023-09-05T15:31:30.717+0000] {taskinstance.py:1361} INFO - Starting attempt 1 of 1
[2023-09-05T15:31:30.880+0000] {taskinstance.py:1382} INFO - Executing <Task(_PythonDecoratedOperator): say_bye> on 2023-08-28 00:00:00+00:00
[2023-09-05T15:31:30.958+0000] {standard_task_runner.py:57} INFO - Started process 2023 to run task
[2023-09-05T15:31:31.076+0000] {standard_task_runner.py:84} INFO - Running: ['***', 'tasks', 'run', 'tasks_relations', 'say_bye', 'scheduled__2023-08-28T00:00:00+00:00', '--job-id', '926', '--raw', '--subdir', 'DAGS_FOLDER/tasks_relations.py', '--cfg-path', '/tmp/tmpu36y2qbb']
[2023-09-05T15:31:31.100+0000] {standard_task_runner.py:85} INFO - Job 926: Subtask say_bye
[2023-09-05T15:31:31.564+0000] {task_command.py:415} INFO - Running <TaskInstance: tasks_relations.say_bye scheduled__2023-08-28T00:00:00+00:00 [running]> on host ca474790e981
[2023-09-05T15:31:32.237+0000] {taskinstance.py:1660} INFO - Exporting env vars: AIRFLOW_CTX_DAG_OWNER='***' AIRFLOW_CTX_DAG_ID='tasks_relations' AIRFLOW_CTX_TASK_ID='say_bye' AIRFLOW_CTX_EXECUTION_DATE='2023-08-28T00:00:00+00:00' AIRFLOW_CTX_TRY_NUMBER='1' AIRFLOW_CTX_DAG_RUN_ID='scheduled__2023-08-28T00:00:00+00:00'
[2023-09-05T15:31:32.253+0000] {logging_mixin.py:151} INFO - goodbye world
[2023-09-05T15:31:32.255+0000] {python.py:194} INFO - Done. Returned value was: None
[2023-09-05T15:31:32.357+0000] {taskinstance.py:1400} INFO - Marking task as SUCCESS. dag_id=tasks_relations, task_id=say_bye, execution_date=20230828T000000, start_date=20230905T153130, end_date=20230905T153132
[2023-09-05T15:31:32.535+0000] {local_task_job_runner.py:228} INFO - Task exited with return code 0
[2023-09-05T15:31:32.668+0000] {taskinstance.py:2784} INFO - 2 downstream tasks scheduled from follow-on schedule check
[2023-09-12T17:37:50.098+0000] {taskinstance.py:1159} INFO - Dependencies all met for dep_context=non-requeueable deps ti=<TaskInstance: tasks_relations.say_bye scheduled__2023-08-28T00:00:00+00:00 [queued]>
[2023-09-12T17:37:50.151+0000] {taskinstance.py:1159} INFO - Dependencies all met for dep_context=requeueable deps ti=<TaskInstance: tasks_relations.say_bye scheduled__2023-08-28T00:00:00+00:00 [queued]>
[2023-09-12T17:37:50.152+0000] {taskinstance.py:1361} INFO - Starting attempt 1 of 1
[2023-09-12T17:37:50.212+0000] {taskinstance.py:1382} INFO - Executing <Task(_PythonDecoratedOperator): say_bye> on 2023-08-28 00:00:00+00:00
[2023-09-12T17:37:50.232+0000] {standard_task_runner.py:57} INFO - Started process 3570 to run task
[2023-09-12T17:37:50.254+0000] {standard_task_runner.py:84} INFO - Running: ['***', 'tasks', 'run', 'tasks_relations', 'say_bye', 'scheduled__2023-08-28T00:00:00+00:00', '--job-id', '1699', '--raw', '--subdir', 'DAGS_FOLDER/2_tasks_relations.py', '--cfg-path', '/tmp/tmprq6yb7b7']
[2023-09-12T17:37:50.258+0000] {standard_task_runner.py:85} INFO - Job 1699: Subtask say_bye
[2023-09-12T17:37:50.569+0000] {task_command.py:415} INFO - Running <TaskInstance: tasks_relations.say_bye scheduled__2023-08-28T00:00:00+00:00 [running]> on host 0ab7970e0956
[2023-09-12T17:37:50.920+0000] {taskinstance.py:1660} INFO - Exporting env vars: AIRFLOW_CTX_DAG_OWNER='***' AIRFLOW_CTX_DAG_ID='tasks_relations' AIRFLOW_CTX_TASK_ID='say_bye' AIRFLOW_CTX_EXECUTION_DATE='2023-08-28T00:00:00+00:00' AIRFLOW_CTX_TRY_NUMBER='1' AIRFLOW_CTX_DAG_RUN_ID='scheduled__2023-08-28T00:00:00+00:00'
[2023-09-12T17:37:50.925+0000] {logging_mixin.py:151} INFO - goodbye world
[2023-09-12T17:37:50.925+0000] {python.py:194} INFO - Done. Returned value was: None
[2023-09-12T17:37:50.954+0000] {taskinstance.py:1400} INFO - Marking task as SUCCESS. dag_id=tasks_relations, task_id=say_bye, execution_date=20230828T000000, start_date=20230912T173750, end_date=20230912T173750
[2023-09-12T17:37:51.079+0000] {local_task_job_runner.py:228} INFO - Task exited with return code 0
[2023-09-12T17:37:51.133+0000] {taskinstance.py:2784} INFO - 2 downstream tasks scheduled from follow-on schedule check
