[2023-09-05T15:31:21.457+0000] {taskinstance.py:1159} INFO - Dependencies all met for dep_context=non-requeueable deps ti=<TaskInstance: tasks_relations.say_bye scheduled__2023-08-21T00:00:00+00:00 [queued]>
[2023-09-05T15:31:21.544+0000] {taskinstance.py:1159} INFO - Dependencies all met for dep_context=requeueable deps ti=<TaskInstance: tasks_relations.say_bye scheduled__2023-08-21T00:00:00+00:00 [queued]>
[2023-09-05T15:31:21.547+0000] {taskinstance.py:1361} INFO - Starting attempt 1 of 1
[2023-09-05T15:31:21.679+0000] {taskinstance.py:1382} INFO - Executing <Task(_PythonDecoratedOperator): say_bye> on 2023-08-21 00:00:00+00:00
[2023-09-05T15:31:21.733+0000] {standard_task_runner.py:57} INFO - Started process 1970 to run task
[2023-09-05T15:31:21.841+0000] {standard_task_runner.py:84} INFO - Running: ['***', 'tasks', 'run', 'tasks_relations', 'say_bye', 'scheduled__2023-08-21T00:00:00+00:00', '--job-id', '905', '--raw', '--subdir', 'DAGS_FOLDER/tasks_relations.py', '--cfg-path', '/tmp/tmpip9ikrta']
[2023-09-05T15:31:21.856+0000] {standard_task_runner.py:85} INFO - Job 905: Subtask say_bye
[2023-09-05T15:31:22.201+0000] {task_command.py:415} INFO - Running <TaskInstance: tasks_relations.say_bye scheduled__2023-08-21T00:00:00+00:00 [running]> on host ca474790e981
[2023-09-05T15:31:22.586+0000] {taskinstance.py:1660} INFO - Exporting env vars: AIRFLOW_CTX_DAG_OWNER='***' AIRFLOW_CTX_DAG_ID='tasks_relations' AIRFLOW_CTX_TASK_ID='say_bye' AIRFLOW_CTX_EXECUTION_DATE='2023-08-21T00:00:00+00:00' AIRFLOW_CTX_TRY_NUMBER='1' AIRFLOW_CTX_DAG_RUN_ID='scheduled__2023-08-21T00:00:00+00:00'
[2023-09-05T15:31:22.588+0000] {logging_mixin.py:151} INFO - goodbye world
[2023-09-05T15:31:22.589+0000] {python.py:194} INFO - Done. Returned value was: None
[2023-09-05T15:31:22.648+0000] {taskinstance.py:1400} INFO - Marking task as SUCCESS. dag_id=tasks_relations, task_id=say_bye, execution_date=20230821T000000, start_date=20230905T153121, end_date=20230905T153122
[2023-09-05T15:31:22.777+0000] {local_task_job_runner.py:228} INFO - Task exited with return code 0
[2023-09-05T15:31:23.039+0000] {taskinstance.py:2784} INFO - 0 downstream tasks scheduled from follow-on schedule check
[2023-09-12T17:37:47.245+0000] {taskinstance.py:1159} INFO - Dependencies all met for dep_context=non-requeueable deps ti=<TaskInstance: tasks_relations.say_bye scheduled__2023-08-21T00:00:00+00:00 [queued]>
[2023-09-12T17:37:47.262+0000] {taskinstance.py:1159} INFO - Dependencies all met for dep_context=requeueable deps ti=<TaskInstance: tasks_relations.say_bye scheduled__2023-08-21T00:00:00+00:00 [queued]>
[2023-09-12T17:37:47.267+0000] {taskinstance.py:1361} INFO - Starting attempt 1 of 1
[2023-09-12T17:37:47.315+0000] {taskinstance.py:1382} INFO - Executing <Task(_PythonDecoratedOperator): say_bye> on 2023-08-21 00:00:00+00:00
[2023-09-12T17:37:47.339+0000] {standard_task_runner.py:57} INFO - Started process 3526 to run task
[2023-09-12T17:37:47.373+0000] {standard_task_runner.py:84} INFO - Running: ['***', 'tasks', 'run', 'tasks_relations', 'say_bye', 'scheduled__2023-08-21T00:00:00+00:00', '--job-id', '1681', '--raw', '--subdir', 'DAGS_FOLDER/2_tasks_relations.py', '--cfg-path', '/tmp/tmpoer1rhps']
[2023-09-12T17:37:47.394+0000] {standard_task_runner.py:85} INFO - Job 1681: Subtask say_bye
[2023-09-12T17:37:47.587+0000] {task_command.py:415} INFO - Running <TaskInstance: tasks_relations.say_bye scheduled__2023-08-21T00:00:00+00:00 [running]> on host 0ab7970e0956
[2023-09-12T17:37:47.869+0000] {taskinstance.py:1660} INFO - Exporting env vars: AIRFLOW_CTX_DAG_OWNER='***' AIRFLOW_CTX_DAG_ID='tasks_relations' AIRFLOW_CTX_TASK_ID='say_bye' AIRFLOW_CTX_EXECUTION_DATE='2023-08-21T00:00:00+00:00' AIRFLOW_CTX_TRY_NUMBER='1' AIRFLOW_CTX_DAG_RUN_ID='scheduled__2023-08-21T00:00:00+00:00'
[2023-09-12T17:37:47.872+0000] {logging_mixin.py:151} INFO - goodbye world
[2023-09-12T17:37:47.874+0000] {python.py:194} INFO - Done. Returned value was: None
[2023-09-12T17:37:47.899+0000] {taskinstance.py:1400} INFO - Marking task as SUCCESS. dag_id=tasks_relations, task_id=say_bye, execution_date=20230821T000000, start_date=20230912T173747, end_date=20230912T173747
[2023-09-12T17:37:48.015+0000] {local_task_job_runner.py:228} INFO - Task exited with return code 0
[2023-09-12T17:37:48.059+0000] {taskinstance.py:2784} INFO - 2 downstream tasks scheduled from follow-on schedule check
