[2023-09-05T15:25:06.731+0000] {taskinstance.py:1159} INFO - Dependencies all met for dep_context=non-requeueable deps ti=<TaskInstance: tasks_relations.say_bye scheduled__2023-02-17T00:00:00+00:00 [queued]>
[2023-09-05T15:25:06.793+0000] {taskinstance.py:1159} INFO - Dependencies all met for dep_context=requeueable deps ti=<TaskInstance: tasks_relations.say_bye scheduled__2023-02-17T00:00:00+00:00 [queued]>
[2023-09-05T15:25:06.797+0000] {taskinstance.py:1361} INFO - Starting attempt 1 of 1
[2023-09-05T15:25:06.856+0000] {taskinstance.py:1382} INFO - Executing <Task(_PythonDecoratedOperator): say_bye> on 2023-02-17 00:00:00+00:00
[2023-09-05T15:25:06.913+0000] {standard_task_runner.py:57} INFO - Started process 394 to run task
[2023-09-05T15:25:06.947+0000] {standard_task_runner.py:84} INFO - Running: ['***', 'tasks', 'run', 'tasks_relations', 'say_bye', 'scheduled__2023-02-17T00:00:00+00:00', '--job-id', '157', '--raw', '--subdir', 'DAGS_FOLDER/tasks_relations.py', '--cfg-path', '/tmp/tmpx8rqusw3']
[2023-09-05T15:25:06.954+0000] {standard_task_runner.py:85} INFO - Job 157: Subtask say_bye
[2023-09-05T15:25:07.183+0000] {task_command.py:415} INFO - Running <TaskInstance: tasks_relations.say_bye scheduled__2023-02-17T00:00:00+00:00 [running]> on host ca474790e981
[2023-09-05T15:25:07.474+0000] {taskinstance.py:1660} INFO - Exporting env vars: AIRFLOW_CTX_DAG_OWNER='***' AIRFLOW_CTX_DAG_ID='tasks_relations' AIRFLOW_CTX_TASK_ID='say_bye' AIRFLOW_CTX_EXECUTION_DATE='2023-02-17T00:00:00+00:00' AIRFLOW_CTX_TRY_NUMBER='1' AIRFLOW_CTX_DAG_RUN_ID='scheduled__2023-02-17T00:00:00+00:00'
[2023-09-05T15:25:07.476+0000] {logging_mixin.py:151} INFO - goodbye ***
[2023-09-05T15:25:07.477+0000] {python.py:194} INFO - Done. Returned value was: None
[2023-09-05T15:25:07.554+0000] {taskinstance.py:1400} INFO - Marking task as SUCCESS. dag_id=tasks_relations, task_id=say_bye, execution_date=20230217T000000, start_date=20230905T152506, end_date=20230905T152507
[2023-09-05T15:25:07.647+0000] {local_task_job_runner.py:228} INFO - Task exited with return code 0
[2023-09-05T15:25:07.742+0000] {taskinstance.py:2784} INFO - 0 downstream tasks scheduled from follow-on schedule check
[2023-09-12T17:34:23.715+0000] {taskinstance.py:1159} INFO - Dependencies all met for dep_context=non-requeueable deps ti=<TaskInstance: tasks_relations.say_bye scheduled__2023-02-17T00:00:00+00:00 [queued]>
[2023-09-12T17:34:23.722+0000] {taskinstance.py:1159} INFO - Dependencies all met for dep_context=requeueable deps ti=<TaskInstance: tasks_relations.say_bye scheduled__2023-02-17T00:00:00+00:00 [queued]>
[2023-09-12T17:34:23.722+0000] {taskinstance.py:1361} INFO - Starting attempt 1 of 1
[2023-09-12T17:34:23.735+0000] {taskinstance.py:1382} INFO - Executing <Task(_PythonDecoratedOperator): say_bye> on 2023-02-17 00:00:00+00:00
[2023-09-12T17:34:23.740+0000] {standard_task_runner.py:57} INFO - Started process 992 to run task
[2023-09-12T17:34:23.746+0000] {standard_task_runner.py:84} INFO - Running: ['***', 'tasks', 'run', 'tasks_relations', 'say_bye', 'scheduled__2023-02-17T00:00:00+00:00', '--job-id', '438', '--raw', '--subdir', 'DAGS_FOLDER/2_tasks_relations.py', '--cfg-path', '/tmp/tmp471jmyex']
[2023-09-12T17:34:23.747+0000] {standard_task_runner.py:85} INFO - Job 438: Subtask say_bye
[2023-09-12T17:34:23.802+0000] {task_command.py:415} INFO - Running <TaskInstance: tasks_relations.say_bye scheduled__2023-02-17T00:00:00+00:00 [running]> on host 0ab7970e0956
[2023-09-12T17:34:23.903+0000] {taskinstance.py:1660} INFO - Exporting env vars: AIRFLOW_CTX_DAG_OWNER='***' AIRFLOW_CTX_DAG_ID='tasks_relations' AIRFLOW_CTX_TASK_ID='say_bye' AIRFLOW_CTX_EXECUTION_DATE='2023-02-17T00:00:00+00:00' AIRFLOW_CTX_TRY_NUMBER='1' AIRFLOW_CTX_DAG_RUN_ID='scheduled__2023-02-17T00:00:00+00:00'
[2023-09-12T17:34:23.904+0000] {logging_mixin.py:151} INFO - goodbye world
[2023-09-12T17:34:23.905+0000] {python.py:194} INFO - Done. Returned value was: None
[2023-09-12T17:34:23.913+0000] {taskinstance.py:1400} INFO - Marking task as SUCCESS. dag_id=tasks_relations, task_id=say_bye, execution_date=20230217T000000, start_date=20230912T173423, end_date=20230912T173423
[2023-09-12T17:34:23.967+0000] {local_task_job_runner.py:228} INFO - Task exited with return code 0
[2023-09-12T17:34:23.998+0000] {taskinstance.py:2784} INFO - 2 downstream tasks scheduled from follow-on schedule check
