[2023-09-05T15:28:25.360+0000] {taskinstance.py:1159} INFO - Dependencies all met for dep_context=non-requeueable deps ti=<TaskInstance: tasks_relations.say_hello scheduled__2023-06-02T00:00:00+00:00 [queued]>
[2023-09-05T15:28:25.422+0000] {taskinstance.py:1159} INFO - Dependencies all met for dep_context=requeueable deps ti=<TaskInstance: tasks_relations.say_hello scheduled__2023-06-02T00:00:00+00:00 [queued]>
[2023-09-05T15:28:25.468+0000] {taskinstance.py:1361} INFO - Starting attempt 1 of 1
[2023-09-05T15:28:25.660+0000] {taskinstance.py:1382} INFO - Executing <Task(_PythonDecoratedOperator): say_hello> on 2023-06-02 00:00:00+00:00
[2023-09-05T15:28:25.717+0000] {standard_task_runner.py:57} INFO - Started process 1095 to run task
[2023-09-05T15:28:25.742+0000] {standard_task_runner.py:84} INFO - Running: ['***', 'tasks', 'run', 'tasks_relations', 'say_hello', 'scheduled__2023-06-02T00:00:00+00:00', '--job-id', '483', '--raw', '--subdir', 'DAGS_FOLDER/tasks_relations.py', '--cfg-path', '/tmp/tmpyknfgaym']
[2023-09-05T15:28:25.784+0000] {standard_task_runner.py:85} INFO - Job 483: Subtask say_hello
[2023-09-05T15:28:27.231+0000] {task_command.py:415} INFO - Running <TaskInstance: tasks_relations.say_hello scheduled__2023-06-02T00:00:00+00:00 [running]> on host ca474790e981
[2023-09-05T15:28:28.268+0000] {taskinstance.py:1660} INFO - Exporting env vars: AIRFLOW_CTX_DAG_OWNER='***' AIRFLOW_CTX_DAG_ID='tasks_relations' AIRFLOW_CTX_TASK_ID='say_hello' AIRFLOW_CTX_EXECUTION_DATE='2023-06-02T00:00:00+00:00' AIRFLOW_CTX_TRY_NUMBER='1' AIRFLOW_CTX_DAG_RUN_ID='scheduled__2023-06-02T00:00:00+00:00'
[2023-09-05T15:28:28.281+0000] {logging_mixin.py:151} INFO - hello world
[2023-09-05T15:28:28.282+0000] {python.py:194} INFO - Done. Returned value was: None
[2023-09-05T15:28:28.453+0000] {taskinstance.py:1400} INFO - Marking task as SUCCESS. dag_id=tasks_relations, task_id=say_hello, execution_date=20230602T000000, start_date=20230905T152825, end_date=20230905T152828
[2023-09-05T15:28:28.850+0000] {local_task_job_runner.py:228} INFO - Task exited with return code 0
[2023-09-05T15:28:28.988+0000] {taskinstance.py:2784} INFO - 1 downstream tasks scheduled from follow-on schedule check
[2023-09-12T17:36:13.563+0000] {taskinstance.py:1159} INFO - Dependencies all met for dep_context=non-requeueable deps ti=<TaskInstance: tasks_relations.say_hello scheduled__2023-06-02T00:00:00+00:00 [queued]>
[2023-09-12T17:36:13.595+0000] {taskinstance.py:1159} INFO - Dependencies all met for dep_context=requeueable deps ti=<TaskInstance: tasks_relations.say_hello scheduled__2023-06-02T00:00:00+00:00 [queued]>
[2023-09-12T17:36:13.598+0000] {taskinstance.py:1361} INFO - Starting attempt 1 of 1
[2023-09-12T17:36:13.640+0000] {taskinstance.py:1382} INFO - Executing <Task(_PythonDecoratedOperator): say_hello> on 2023-06-02 00:00:00+00:00
[2023-09-12T17:36:13.653+0000] {standard_task_runner.py:57} INFO - Started process 2477 to run task
[2023-09-12T17:36:13.673+0000] {standard_task_runner.py:84} INFO - Running: ['***', 'tasks', 'run', 'tasks_relations', 'say_hello', 'scheduled__2023-06-02T00:00:00+00:00', '--job-id', '1165', '--raw', '--subdir', 'DAGS_FOLDER/2_tasks_relations.py', '--cfg-path', '/tmp/tmpg26euqvl']
[2023-09-12T17:36:13.682+0000] {standard_task_runner.py:85} INFO - Job 1165: Subtask say_hello
[2023-09-12T17:36:13.848+0000] {task_command.py:415} INFO - Running <TaskInstance: tasks_relations.say_hello scheduled__2023-06-02T00:00:00+00:00 [running]> on host 0ab7970e0956
[2023-09-12T17:36:14.115+0000] {taskinstance.py:1660} INFO - Exporting env vars: AIRFLOW_CTX_DAG_OWNER='***' AIRFLOW_CTX_DAG_ID='tasks_relations' AIRFLOW_CTX_TASK_ID='say_hello' AIRFLOW_CTX_EXECUTION_DATE='2023-06-02T00:00:00+00:00' AIRFLOW_CTX_TRY_NUMBER='1' AIRFLOW_CTX_DAG_RUN_ID='scheduled__2023-06-02T00:00:00+00:00'
[2023-09-12T17:36:14.116+0000] {logging_mixin.py:151} INFO - hello world
[2023-09-12T17:36:14.117+0000] {python.py:194} INFO - Done. Returned value was: None
[2023-09-12T17:36:14.147+0000] {taskinstance.py:1400} INFO - Marking task as SUCCESS. dag_id=tasks_relations, task_id=say_hello, execution_date=20230602T000000, start_date=20230912T173613, end_date=20230912T173614
[2023-09-12T17:36:14.250+0000] {local_task_job_runner.py:228} INFO - Task exited with return code 0
[2023-09-12T17:36:14.291+0000] {taskinstance.py:2784} INFO - 1 downstream tasks scheduled from follow-on schedule check
