[2023-09-05T15:24:51.230+0000] {taskinstance.py:1159} INFO - Dependencies all met for dep_context=non-requeueable deps ti=<TaskInstance: tasks_relations.say_hello scheduled__2023-02-01T00:00:00+00:00 [queued]>
[2023-09-05T15:24:51.270+0000] {taskinstance.py:1159} INFO - Dependencies all met for dep_context=requeueable deps ti=<TaskInstance: tasks_relations.say_hello scheduled__2023-02-01T00:00:00+00:00 [queued]>
[2023-09-05T15:24:51.273+0000] {taskinstance.py:1361} INFO - Starting attempt 1 of 1
[2023-09-05T15:24:51.342+0000] {taskinstance.py:1382} INFO - Executing <Task(_PythonDecoratedOperator): say_hello> on 2023-02-01 00:00:00+00:00
[2023-09-05T15:24:51.348+0000] {standard_task_runner.py:57} INFO - Started process 288 to run task
[2023-09-05T15:24:51.408+0000] {standard_task_runner.py:84} INFO - Running: ['***', 'tasks', 'run', 'tasks_relations', 'say_hello', 'scheduled__2023-02-01T00:00:00+00:00', '--job-id', '108', '--raw', '--subdir', 'DAGS_FOLDER/tasks_relations.py', '--cfg-path', '/tmp/tmpup2k_03a']
[2023-09-05T15:24:51.431+0000] {standard_task_runner.py:85} INFO - Job 108: Subtask say_hello
[2023-09-05T15:24:51.728+0000] {task_command.py:415} INFO - Running <TaskInstance: tasks_relations.say_hello scheduled__2023-02-01T00:00:00+00:00 [running]> on host ca474790e981
[2023-09-05T15:24:52.098+0000] {taskinstance.py:1660} INFO - Exporting env vars: AIRFLOW_CTX_DAG_OWNER='***' AIRFLOW_CTX_DAG_ID='tasks_relations' AIRFLOW_CTX_TASK_ID='say_hello' AIRFLOW_CTX_EXECUTION_DATE='2023-02-01T00:00:00+00:00' AIRFLOW_CTX_TRY_NUMBER='1' AIRFLOW_CTX_DAG_RUN_ID='scheduled__2023-02-01T00:00:00+00:00'
[2023-09-05T15:24:52.101+0000] {logging_mixin.py:151} INFO - hello ***
[2023-09-05T15:24:52.104+0000] {python.py:194} INFO - Done. Returned value was: None
[2023-09-05T15:24:52.173+0000] {taskinstance.py:1400} INFO - Marking task as SUCCESS. dag_id=tasks_relations, task_id=say_hello, execution_date=20230201T000000, start_date=20230905T152451, end_date=20230905T152452
[2023-09-05T15:24:52.312+0000] {local_task_job_runner.py:228} INFO - Task exited with return code 0
[2023-09-05T15:24:52.370+0000] {taskinstance.py:2784} INFO - 1 downstream tasks scheduled from follow-on schedule check
[2023-09-12T17:34:05.542+0000] {taskinstance.py:1159} INFO - Dependencies all met for dep_context=non-requeueable deps ti=<TaskInstance: tasks_relations.say_hello scheduled__2023-02-01T00:00:00+00:00 [queued]>
[2023-09-12T17:34:05.621+0000] {taskinstance.py:1159} INFO - Dependencies all met for dep_context=requeueable deps ti=<TaskInstance: tasks_relations.say_hello scheduled__2023-02-01T00:00:00+00:00 [queued]>
[2023-09-12T17:34:05.624+0000] {taskinstance.py:1361} INFO - Starting attempt 1 of 1
[2023-09-12T17:34:05.722+0000] {taskinstance.py:1382} INFO - Executing <Task(_PythonDecoratedOperator): say_hello> on 2023-02-01 00:00:00+00:00
[2023-09-12T17:34:05.756+0000] {standard_task_runner.py:57} INFO - Started process 738 to run task
[2023-09-12T17:34:05.772+0000] {standard_task_runner.py:84} INFO - Running: ['***', 'tasks', 'run', 'tasks_relations', 'say_hello', 'scheduled__2023-02-01T00:00:00+00:00', '--job-id', '311', '--raw', '--subdir', 'DAGS_FOLDER/2_tasks_relations.py', '--cfg-path', '/tmp/tmpzrgqzk05']
[2023-09-12T17:34:05.775+0000] {standard_task_runner.py:85} INFO - Job 311: Subtask say_hello
[2023-09-12T17:34:05.921+0000] {task_command.py:415} INFO - Running <TaskInstance: tasks_relations.say_hello scheduled__2023-02-01T00:00:00+00:00 [running]> on host 0ab7970e0956
[2023-09-12T17:34:06.227+0000] {taskinstance.py:1660} INFO - Exporting env vars: AIRFLOW_CTX_DAG_OWNER='***' AIRFLOW_CTX_DAG_ID='tasks_relations' AIRFLOW_CTX_TASK_ID='say_hello' AIRFLOW_CTX_EXECUTION_DATE='2023-02-01T00:00:00+00:00' AIRFLOW_CTX_TRY_NUMBER='1' AIRFLOW_CTX_DAG_RUN_ID='scheduled__2023-02-01T00:00:00+00:00'
[2023-09-12T17:34:06.228+0000] {logging_mixin.py:151} INFO - hello world
[2023-09-12T17:34:06.231+0000] {python.py:194} INFO - Done. Returned value was: None
[2023-09-12T17:34:06.250+0000] {taskinstance.py:1400} INFO - Marking task as SUCCESS. dag_id=tasks_relations, task_id=say_hello, execution_date=20230201T000000, start_date=20230912T173405, end_date=20230912T173406
[2023-09-12T17:34:06.353+0000] {local_task_job_runner.py:228} INFO - Task exited with return code 0
[2023-09-12T17:34:06.799+0000] {taskinstance.py:2784} INFO - 0 downstream tasks scheduled from follow-on schedule check
