[2023-09-05T15:29:23.087+0000] {taskinstance.py:1159} INFO - Dependencies all met for dep_context=non-requeueable deps ti=<TaskInstance: tasks_relations.say_hello scheduled__2023-06-22T00:00:00+00:00 [queued]>
[2023-09-05T15:29:23.163+0000] {taskinstance.py:1159} INFO - Dependencies all met for dep_context=requeueable deps ti=<TaskInstance: tasks_relations.say_hello scheduled__2023-06-22T00:00:00+00:00 [queued]>
[2023-09-05T15:29:23.164+0000] {taskinstance.py:1361} INFO - Starting attempt 1 of 1
[2023-09-05T15:29:23.315+0000] {taskinstance.py:1382} INFO - Executing <Task(_PythonDecoratedOperator): say_hello> on 2023-06-22 00:00:00+00:00
[2023-09-05T15:29:23.370+0000] {standard_task_runner.py:57} INFO - Started process 1305 to run task
[2023-09-05T15:29:23.410+0000] {standard_task_runner.py:84} INFO - Running: ['***', 'tasks', 'run', 'tasks_relations', 'say_hello', 'scheduled__2023-06-22T00:00:00+00:00', '--job-id', '578', '--raw', '--subdir', 'DAGS_FOLDER/tasks_relations.py', '--cfg-path', '/tmp/tmp6ehm238h']
[2023-09-05T15:29:23.473+0000] {standard_task_runner.py:85} INFO - Job 578: Subtask say_hello
[2023-09-05T15:29:24.002+0000] {task_command.py:415} INFO - Running <TaskInstance: tasks_relations.say_hello scheduled__2023-06-22T00:00:00+00:00 [running]> on host ca474790e981
[2023-09-05T15:29:24.511+0000] {taskinstance.py:1660} INFO - Exporting env vars: AIRFLOW_CTX_DAG_OWNER='***' AIRFLOW_CTX_DAG_ID='tasks_relations' AIRFLOW_CTX_TASK_ID='say_hello' AIRFLOW_CTX_EXECUTION_DATE='2023-06-22T00:00:00+00:00' AIRFLOW_CTX_TRY_NUMBER='1' AIRFLOW_CTX_DAG_RUN_ID='scheduled__2023-06-22T00:00:00+00:00'
[2023-09-05T15:29:24.531+0000] {logging_mixin.py:151} INFO - hello world
[2023-09-05T15:29:24.540+0000] {python.py:194} INFO - Done. Returned value was: None
[2023-09-05T15:29:24.589+0000] {taskinstance.py:1400} INFO - Marking task as SUCCESS. dag_id=tasks_relations, task_id=say_hello, execution_date=20230622T000000, start_date=20230905T152923, end_date=20230905T152924
[2023-09-05T15:29:24.899+0000] {local_task_job_runner.py:228} INFO - Task exited with return code 0
[2023-09-05T15:29:25.142+0000] {taskinstance.py:2784} INFO - 1 downstream tasks scheduled from follow-on schedule check
[2023-09-12T17:36:36.732+0000] {taskinstance.py:1159} INFO - Dependencies all met for dep_context=non-requeueable deps ti=<TaskInstance: tasks_relations.say_hello scheduled__2023-06-22T00:00:00+00:00 [queued]>
[2023-09-12T17:36:36.816+0000] {taskinstance.py:1159} INFO - Dependencies all met for dep_context=requeueable deps ti=<TaskInstance: tasks_relations.say_hello scheduled__2023-06-22T00:00:00+00:00 [queued]>
[2023-09-12T17:36:36.826+0000] {taskinstance.py:1361} INFO - Starting attempt 1 of 1
[2023-09-12T17:36:36.936+0000] {taskinstance.py:1382} INFO - Executing <Task(_PythonDecoratedOperator): say_hello> on 2023-06-22 00:00:00+00:00
[2023-09-12T17:36:36.978+0000] {standard_task_runner.py:57} INFO - Started process 2704 to run task
[2023-09-12T17:36:37.062+0000] {standard_task_runner.py:84} INFO - Running: ['***', 'tasks', 'run', 'tasks_relations', 'say_hello', 'scheduled__2023-06-22T00:00:00+00:00', '--job-id', '1275', '--raw', '--subdir', 'DAGS_FOLDER/2_tasks_relations.py', '--cfg-path', '/tmp/tmpkhjlw1ar']
[2023-09-12T17:36:37.077+0000] {standard_task_runner.py:85} INFO - Job 1275: Subtask say_hello
[2023-09-12T17:36:37.511+0000] {task_command.py:415} INFO - Running <TaskInstance: tasks_relations.say_hello scheduled__2023-06-22T00:00:00+00:00 [running]> on host 0ab7970e0956
[2023-09-12T17:36:38.104+0000] {taskinstance.py:1660} INFO - Exporting env vars: AIRFLOW_CTX_DAG_OWNER='***' AIRFLOW_CTX_DAG_ID='tasks_relations' AIRFLOW_CTX_TASK_ID='say_hello' AIRFLOW_CTX_EXECUTION_DATE='2023-06-22T00:00:00+00:00' AIRFLOW_CTX_TRY_NUMBER='1' AIRFLOW_CTX_DAG_RUN_ID='scheduled__2023-06-22T00:00:00+00:00'
[2023-09-12T17:36:38.109+0000] {logging_mixin.py:151} INFO - hello world
[2023-09-12T17:36:38.111+0000] {python.py:194} INFO - Done. Returned value was: None
[2023-09-12T17:36:38.138+0000] {taskinstance.py:1400} INFO - Marking task as SUCCESS. dag_id=tasks_relations, task_id=say_hello, execution_date=20230622T000000, start_date=20230912T173636, end_date=20230912T173638
[2023-09-12T17:36:38.247+0000] {local_task_job_runner.py:228} INFO - Task exited with return code 0
[2023-09-12T17:36:38.319+0000] {taskinstance.py:2784} INFO - 1 downstream tasks scheduled from follow-on schedule check
