[2023-09-05T15:26:26.852+0000] {taskinstance.py:1159} INFO - Dependencies all met for dep_context=non-requeueable deps ti=<TaskInstance: tasks_relations.say_hello scheduled__2023-04-22T00:00:00+00:00 [queued]>
[2023-09-05T15:26:26.991+0000] {taskinstance.py:1159} INFO - Dependencies all met for dep_context=requeueable deps ti=<TaskInstance: tasks_relations.say_hello scheduled__2023-04-22T00:00:00+00:00 [queued]>
[2023-09-05T15:26:26.995+0000] {taskinstance.py:1361} INFO - Starting attempt 1 of 1
[2023-09-05T15:26:27.074+0000] {taskinstance.py:1382} INFO - Executing <Task(_PythonDecoratedOperator): say_hello> on 2023-04-22 00:00:00+00:00
[2023-09-05T15:26:27.142+0000] {standard_task_runner.py:57} INFO - Started process 784 to run task
[2023-09-05T15:26:27.182+0000] {standard_task_runner.py:84} INFO - Running: ['***', 'tasks', 'run', 'tasks_relations', 'say_hello', 'scheduled__2023-04-22T00:00:00+00:00', '--job-id', '342', '--raw', '--subdir', 'DAGS_FOLDER/tasks_relations.py', '--cfg-path', '/tmp/tmpf8bhqvzv']
[2023-09-05T15:26:27.202+0000] {standard_task_runner.py:85} INFO - Job 342: Subtask say_hello
[2023-09-05T15:26:27.633+0000] {task_command.py:415} INFO - Running <TaskInstance: tasks_relations.say_hello scheduled__2023-04-22T00:00:00+00:00 [running]> on host ca474790e981
[2023-09-05T15:26:28.551+0000] {taskinstance.py:1660} INFO - Exporting env vars: AIRFLOW_CTX_DAG_OWNER='***' AIRFLOW_CTX_DAG_ID='tasks_relations' AIRFLOW_CTX_TASK_ID='say_hello' AIRFLOW_CTX_EXECUTION_DATE='2023-04-22T00:00:00+00:00' AIRFLOW_CTX_TRY_NUMBER='1' AIRFLOW_CTX_DAG_RUN_ID='scheduled__2023-04-22T00:00:00+00:00'
[2023-09-05T15:26:28.566+0000] {logging_mixin.py:151} INFO - hello ***
[2023-09-05T15:26:28.567+0000] {python.py:194} INFO - Done. Returned value was: None
[2023-09-05T15:26:28.598+0000] {taskinstance.py:1400} INFO - Marking task as SUCCESS. dag_id=tasks_relations, task_id=say_hello, execution_date=20230422T000000, start_date=20230905T152626, end_date=20230905T152628
[2023-09-05T15:26:28.707+0000] {local_task_job_runner.py:228} INFO - Task exited with return code 0
[2023-09-05T15:26:28.796+0000] {taskinstance.py:2784} INFO - 1 downstream tasks scheduled from follow-on schedule check
[2023-09-12T17:35:25.391+0000] {taskinstance.py:1159} INFO - Dependencies all met for dep_context=non-requeueable deps ti=<TaskInstance: tasks_relations.say_hello scheduled__2023-04-22T00:00:00+00:00 [queued]>
[2023-09-12T17:35:25.442+0000] {taskinstance.py:1159} INFO - Dependencies all met for dep_context=requeueable deps ti=<TaskInstance: tasks_relations.say_hello scheduled__2023-04-22T00:00:00+00:00 [queued]>
[2023-09-12T17:35:25.447+0000] {taskinstance.py:1361} INFO - Starting attempt 1 of 1
[2023-09-12T17:35:25.574+0000] {taskinstance.py:1382} INFO - Executing <Task(_PythonDecoratedOperator): say_hello> on 2023-04-22 00:00:00+00:00
[2023-09-12T17:35:25.585+0000] {standard_task_runner.py:57} INFO - Started process 1861 to run task
[2023-09-12T17:35:25.652+0000] {standard_task_runner.py:84} INFO - Running: ['***', 'tasks', 'run', 'tasks_relations', 'say_hello', 'scheduled__2023-04-22T00:00:00+00:00', '--job-id', '866', '--raw', '--subdir', 'DAGS_FOLDER/2_tasks_relations.py', '--cfg-path', '/tmp/tmpa1lb4vaw']
[2023-09-12T17:35:25.673+0000] {standard_task_runner.py:85} INFO - Job 866: Subtask say_hello
[2023-09-12T17:35:25.906+0000] {task_command.py:415} INFO - Running <TaskInstance: tasks_relations.say_hello scheduled__2023-04-22T00:00:00+00:00 [running]> on host 0ab7970e0956
[2023-09-12T17:35:26.130+0000] {taskinstance.py:1660} INFO - Exporting env vars: AIRFLOW_CTX_DAG_OWNER='***' AIRFLOW_CTX_DAG_ID='tasks_relations' AIRFLOW_CTX_TASK_ID='say_hello' AIRFLOW_CTX_EXECUTION_DATE='2023-04-22T00:00:00+00:00' AIRFLOW_CTX_TRY_NUMBER='1' AIRFLOW_CTX_DAG_RUN_ID='scheduled__2023-04-22T00:00:00+00:00'
[2023-09-12T17:35:26.135+0000] {logging_mixin.py:151} INFO - hello world
[2023-09-12T17:35:26.136+0000] {python.py:194} INFO - Done. Returned value was: None
[2023-09-12T17:35:26.163+0000] {taskinstance.py:1400} INFO - Marking task as SUCCESS. dag_id=tasks_relations, task_id=say_hello, execution_date=20230422T000000, start_date=20230912T173525, end_date=20230912T173526
[2023-09-12T17:35:26.273+0000] {local_task_job_runner.py:228} INFO - Task exited with return code 0
[2023-09-12T17:35:26.346+0000] {taskinstance.py:2784} INFO - 1 downstream tasks scheduled from follow-on schedule check
