[2023-09-05T15:24:40.322+0000] {taskinstance.py:1159} INFO - Dependencies all met for dep_context=non-requeueable deps ti=<TaskInstance: tasks_relations.say_hello scheduled__2023-01-26T00:00:00+00:00 [queued]>
[2023-09-05T15:24:40.387+0000] {taskinstance.py:1159} INFO - Dependencies all met for dep_context=requeueable deps ti=<TaskInstance: tasks_relations.say_hello scheduled__2023-01-26T00:00:00+00:00 [queued]>
[2023-09-05T15:24:40.390+0000] {taskinstance.py:1361} INFO - Starting attempt 1 of 1
[2023-09-05T15:24:40.483+0000] {taskinstance.py:1382} INFO - Executing <Task(_PythonDecoratedOperator): say_hello> on 2023-01-26 00:00:00+00:00
[2023-09-05T15:24:40.528+0000] {standard_task_runner.py:57} INFO - Started process 240 to run task
[2023-09-05T15:24:40.568+0000] {standard_task_runner.py:84} INFO - Running: ['***', 'tasks', 'run', 'tasks_relations', 'say_hello', 'scheduled__2023-01-26T00:00:00+00:00', '--job-id', '83', '--raw', '--subdir', 'DAGS_FOLDER/tasks_relations.py', '--cfg-path', '/tmp/tmpftpdqu2p']
[2023-09-05T15:24:40.584+0000] {standard_task_runner.py:85} INFO - Job 83: Subtask say_hello
[2023-09-05T15:24:40.987+0000] {task_command.py:415} INFO - Running <TaskInstance: tasks_relations.say_hello scheduled__2023-01-26T00:00:00+00:00 [running]> on host ca474790e981
[2023-09-05T15:24:41.420+0000] {taskinstance.py:1660} INFO - Exporting env vars: AIRFLOW_CTX_DAG_OWNER='***' AIRFLOW_CTX_DAG_ID='tasks_relations' AIRFLOW_CTX_TASK_ID='say_hello' AIRFLOW_CTX_EXECUTION_DATE='2023-01-26T00:00:00+00:00' AIRFLOW_CTX_TRY_NUMBER='1' AIRFLOW_CTX_DAG_RUN_ID='scheduled__2023-01-26T00:00:00+00:00'
[2023-09-05T15:24:41.423+0000] {logging_mixin.py:151} INFO - hello ***
[2023-09-05T15:24:41.424+0000] {python.py:194} INFO - Done. Returned value was: None
[2023-09-05T15:24:41.483+0000] {taskinstance.py:1400} INFO - Marking task as SUCCESS. dag_id=tasks_relations, task_id=say_hello, execution_date=20230126T000000, start_date=20230905T152440, end_date=20230905T152441
[2023-09-05T15:24:41.582+0000] {local_task_job_runner.py:228} INFO - Task exited with return code 0
[2023-09-05T15:24:41.662+0000] {taskinstance.py:2784} INFO - 1 downstream tasks scheduled from follow-on schedule check
[2023-09-12T17:33:27.666+0000] {taskinstance.py:1159} INFO - Dependencies all met for dep_context=non-requeueable deps ti=<TaskInstance: tasks_relations.say_hello scheduled__2023-01-26T00:00:00+00:00 [queued]>
[2023-09-12T17:33:27.780+0000] {taskinstance.py:1159} INFO - Dependencies all met for dep_context=requeueable deps ti=<TaskInstance: tasks_relations.say_hello scheduled__2023-01-26T00:00:00+00:00 [queued]>
[2023-09-12T17:33:27.789+0000] {taskinstance.py:1361} INFO - Starting attempt 1 of 1
[2023-09-12T17:33:27.861+0000] {taskinstance.py:1382} INFO - Executing <Task(_PythonDecoratedOperator): say_hello> on 2023-01-26 00:00:00+00:00
[2023-09-12T17:33:27.893+0000] {standard_task_runner.py:57} INFO - Started process 520 to run task
[2023-09-12T17:33:28.017+0000] {standard_task_runner.py:84} INFO - Running: ['***', 'tasks', 'run', 'tasks_relations', 'say_hello', 'scheduled__2023-01-26T00:00:00+00:00', '--job-id', '207', '--raw', '--subdir', 'DAGS_FOLDER/2_tasks_relations.py', '--cfg-path', '/tmp/tmpha3jshq8']
[2023-09-12T17:33:28.031+0000] {standard_task_runner.py:85} INFO - Job 207: Subtask say_hello
[2023-09-12T17:33:28.637+0000] {task_command.py:415} INFO - Running <TaskInstance: tasks_relations.say_hello scheduled__2023-01-26T00:00:00+00:00 [running]> on host 0ab7970e0956
[2023-09-12T17:33:31.548+0000] {taskinstance.py:1660} INFO - Exporting env vars: AIRFLOW_CTX_DAG_OWNER='***' AIRFLOW_CTX_DAG_ID='tasks_relations' AIRFLOW_CTX_TASK_ID='say_hello' AIRFLOW_CTX_EXECUTION_DATE='2023-01-26T00:00:00+00:00' AIRFLOW_CTX_TRY_NUMBER='1' AIRFLOW_CTX_DAG_RUN_ID='scheduled__2023-01-26T00:00:00+00:00'
[2023-09-12T17:33:31.613+0000] {logging_mixin.py:151} INFO - hello world
[2023-09-12T17:33:31.617+0000] {python.py:194} INFO - Done. Returned value was: None
[2023-09-12T17:33:31.843+0000] {taskinstance.py:1400} INFO - Marking task as SUCCESS. dag_id=tasks_relations, task_id=say_hello, execution_date=20230126T000000, start_date=20230912T173327, end_date=20230912T173331
[2023-09-12T17:33:32.070+0000] {local_task_job_runner.py:228} INFO - Task exited with return code 0
[2023-09-12T17:33:32.380+0000] {taskinstance.py:2784} INFO - 0 downstream tasks scheduled from follow-on schedule check
