[2023-09-05T15:29:12.163+0000] {taskinstance.py:1159} INFO - Dependencies all met for dep_context=non-requeueable deps ti=<TaskInstance: tasks_relations.or_that_way scheduled__2023-06-15T00:00:00+00:00 [queued]>
[2023-09-05T15:29:12.173+0000] {taskinstance.py:1159} INFO - Dependencies all met for dep_context=requeueable deps ti=<TaskInstance: tasks_relations.or_that_way scheduled__2023-06-15T00:00:00+00:00 [queued]>
[2023-09-05T15:29:12.174+0000] {taskinstance.py:1361} INFO - Starting attempt 1 of 1
[2023-09-05T15:29:12.205+0000] {taskinstance.py:1382} INFO - Executing <Task(_PythonDecoratedOperator): or_that_way> on 2023-06-15 00:00:00+00:00
[2023-09-05T15:29:12.223+0000] {standard_task_runner.py:57} INFO - Started process 1244 to run task
[2023-09-05T15:29:12.234+0000] {standard_task_runner.py:84} INFO - Running: ['***', 'tasks', 'run', 'tasks_relations', 'or_that_way', 'scheduled__2023-06-15T00:00:00+00:00', '--job-id', '557', '--raw', '--subdir', 'DAGS_FOLDER/tasks_relations.py', '--cfg-path', '/tmp/tmpttrfsq86']
[2023-09-05T15:29:12.242+0000] {standard_task_runner.py:85} INFO - Job 557: Subtask or_that_way
[2023-09-05T15:29:12.378+0000] {task_command.py:415} INFO - Running <TaskInstance: tasks_relations.or_that_way scheduled__2023-06-15T00:00:00+00:00 [running]> on host ca474790e981
[2023-09-05T15:29:12.586+0000] {taskinstance.py:1660} INFO - Exporting env vars: AIRFLOW_CTX_DAG_OWNER='***' AIRFLOW_CTX_DAG_ID='tasks_relations' AIRFLOW_CTX_TASK_ID='or_that_way' AIRFLOW_CTX_EXECUTION_DATE='2023-06-15T00:00:00+00:00' AIRFLOW_CTX_TRY_NUMBER='1' AIRFLOW_CTX_DAG_RUN_ID='scheduled__2023-06-15T00:00:00+00:00'
[2023-09-05T15:29:12.606+0000] {logging_mixin.py:151} INFO - NO NO, THAT WAY WAY!!!
[2023-09-05T15:29:12.610+0000] {python.py:194} INFO - Done. Returned value was: None
[2023-09-05T15:29:12.641+0000] {taskinstance.py:1400} INFO - Marking task as SUCCESS. dag_id=tasks_relations, task_id=or_that_way, execution_date=20230615T000000, start_date=20230905T152912, end_date=20230905T152912
[2023-09-05T15:29:12.693+0000] {local_task_job_runner.py:228} INFO - Task exited with return code 0
[2023-09-05T15:29:12.776+0000] {taskinstance.py:2784} INFO - 0 downstream tasks scheduled from follow-on schedule check
[2023-09-12T17:36:39.962+0000] {taskinstance.py:1159} INFO - Dependencies all met for dep_context=non-requeueable deps ti=<TaskInstance: tasks_relations.or_that_way scheduled__2023-06-15T00:00:00+00:00 [queued]>
[2023-09-12T17:36:40.006+0000] {taskinstance.py:1159} INFO - Dependencies all met for dep_context=requeueable deps ti=<TaskInstance: tasks_relations.or_that_way scheduled__2023-06-15T00:00:00+00:00 [queued]>
[2023-09-12T17:36:40.006+0000] {taskinstance.py:1361} INFO - Starting attempt 1 of 1
[2023-09-12T17:36:40.072+0000] {taskinstance.py:1382} INFO - Executing <Task(_PythonDecoratedOperator): or_that_way> on 2023-06-15 00:00:00+00:00
[2023-09-12T17:36:40.110+0000] {standard_task_runner.py:57} INFO - Started process 2743 to run task
[2023-09-12T17:36:40.131+0000] {standard_task_runner.py:84} INFO - Running: ['***', 'tasks', 'run', 'tasks_relations', 'or_that_way', 'scheduled__2023-06-15T00:00:00+00:00', '--job-id', '1292', '--raw', '--subdir', 'DAGS_FOLDER/2_tasks_relations.py', '--cfg-path', '/tmp/tmp7jrvsv_b']
[2023-09-12T17:36:40.133+0000] {standard_task_runner.py:85} INFO - Job 1292: Subtask or_that_way
[2023-09-12T17:36:40.382+0000] {task_command.py:415} INFO - Running <TaskInstance: tasks_relations.or_that_way scheduled__2023-06-15T00:00:00+00:00 [running]> on host 0ab7970e0956
[2023-09-12T17:36:40.722+0000] {taskinstance.py:1660} INFO - Exporting env vars: AIRFLOW_CTX_DAG_OWNER='***' AIRFLOW_CTX_DAG_ID='tasks_relations' AIRFLOW_CTX_TASK_ID='or_that_way' AIRFLOW_CTX_EXECUTION_DATE='2023-06-15T00:00:00+00:00' AIRFLOW_CTX_TRY_NUMBER='1' AIRFLOW_CTX_DAG_RUN_ID='scheduled__2023-06-15T00:00:00+00:00'
[2023-09-12T17:36:40.726+0000] {logging_mixin.py:151} INFO - NO NO, THAT WAY WAY!!!
[2023-09-12T17:36:40.726+0000] {python.py:194} INFO - Done. Returned value was: None
[2023-09-12T17:36:40.772+0000] {taskinstance.py:1400} INFO - Marking task as SUCCESS. dag_id=tasks_relations, task_id=or_that_way, execution_date=20230615T000000, start_date=20230912T173639, end_date=20230912T173640
[2023-09-12T17:36:40.870+0000] {local_task_job_runner.py:228} INFO - Task exited with return code 0
[2023-09-12T17:36:40.934+0000] {taskinstance.py:2784} INFO - 1 downstream tasks scheduled from follow-on schedule check
