[2023-09-05T15:31:08.686+0000] {taskinstance.py:1159} INFO - Dependencies all met for dep_context=non-requeueable deps ti=<TaskInstance: tasks_relations.this_way scheduled__2023-08-12T00:00:00+00:00 [queued]>
[2023-09-05T15:31:08.733+0000] {taskinstance.py:1159} INFO - Dependencies all met for dep_context=requeueable deps ti=<TaskInstance: tasks_relations.this_way scheduled__2023-08-12T00:00:00+00:00 [queued]>
[2023-09-05T15:31:08.735+0000] {taskinstance.py:1361} INFO - Starting attempt 1 of 1
[2023-09-05T15:31:08.794+0000] {taskinstance.py:1382} INFO - Executing <Task(_PythonDecoratedOperator): this_way> on 2023-08-12 00:00:00+00:00
[2023-09-05T15:31:08.826+0000] {standard_task_runner.py:57} INFO - Started process 1900 to run task
[2023-09-05T15:31:08.840+0000] {standard_task_runner.py:84} INFO - Running: ['***', 'tasks', 'run', 'tasks_relations', 'this_way', 'scheduled__2023-08-12T00:00:00+00:00', '--job-id', '868', '--raw', '--subdir', 'DAGS_FOLDER/tasks_relations.py', '--cfg-path', '/tmp/tmpdhucis34']
[2023-09-05T15:31:08.843+0000] {standard_task_runner.py:85} INFO - Job 868: Subtask this_way
[2023-09-05T15:31:09.131+0000] {task_command.py:415} INFO - Running <TaskInstance: tasks_relations.this_way scheduled__2023-08-12T00:00:00+00:00 [running]> on host ca474790e981
[2023-09-05T15:31:09.523+0000] {taskinstance.py:1660} INFO - Exporting env vars: AIRFLOW_CTX_DAG_OWNER='***' AIRFLOW_CTX_DAG_ID='tasks_relations' AIRFLOW_CTX_TASK_ID='this_way' AIRFLOW_CTX_EXECUTION_DATE='2023-08-12T00:00:00+00:00' AIRFLOW_CTX_TRY_NUMBER='1' AIRFLOW_CTX_DAG_RUN_ID='scheduled__2023-08-12T00:00:00+00:00'
[2023-09-05T15:31:09.531+0000] {logging_mixin.py:151} INFO - THIS WAY!!!
[2023-09-05T15:31:09.532+0000] {python.py:194} INFO - Done. Returned value was: None
[2023-09-05T15:31:09.572+0000] {taskinstance.py:1400} INFO - Marking task as SUCCESS. dag_id=tasks_relations, task_id=this_way, execution_date=20230812T000000, start_date=20230905T153108, end_date=20230905T153109
[2023-09-05T15:31:09.719+0000] {local_task_job_runner.py:228} INFO - Task exited with return code 0
[2023-09-05T15:31:09.851+0000] {taskinstance.py:2784} INFO - 0 downstream tasks scheduled from follow-on schedule check
[2023-09-12T17:37:34.750+0000] {taskinstance.py:1159} INFO - Dependencies all met for dep_context=non-requeueable deps ti=<TaskInstance: tasks_relations.this_way scheduled__2023-08-12T00:00:00+00:00 [queued]>
[2023-09-12T17:37:34.802+0000] {taskinstance.py:1159} INFO - Dependencies all met for dep_context=requeueable deps ti=<TaskInstance: tasks_relations.this_way scheduled__2023-08-12T00:00:00+00:00 [queued]>
[2023-09-12T17:37:34.811+0000] {taskinstance.py:1361} INFO - Starting attempt 1 of 1
[2023-09-12T17:37:34.884+0000] {taskinstance.py:1382} INFO - Executing <Task(_PythonDecoratedOperator): this_way> on 2023-08-12 00:00:00+00:00
[2023-09-12T17:37:34.888+0000] {standard_task_runner.py:57} INFO - Started process 3399 to run task
[2023-09-12T17:37:34.893+0000] {standard_task_runner.py:84} INFO - Running: ['***', 'tasks', 'run', 'tasks_relations', 'this_way', 'scheduled__2023-08-12T00:00:00+00:00', '--job-id', '1620', '--raw', '--subdir', 'DAGS_FOLDER/2_tasks_relations.py', '--cfg-path', '/tmp/tmpoqu_jz2g']
[2023-09-12T17:37:34.898+0000] {standard_task_runner.py:85} INFO - Job 1620: Subtask this_way
[2023-09-12T17:37:35.087+0000] {task_command.py:415} INFO - Running <TaskInstance: tasks_relations.this_way scheduled__2023-08-12T00:00:00+00:00 [running]> on host 0ab7970e0956
[2023-09-12T17:37:35.179+0000] {taskinstance.py:1660} INFO - Exporting env vars: AIRFLOW_CTX_DAG_OWNER='***' AIRFLOW_CTX_DAG_ID='tasks_relations' AIRFLOW_CTX_TASK_ID='this_way' AIRFLOW_CTX_EXECUTION_DATE='2023-08-12T00:00:00+00:00' AIRFLOW_CTX_TRY_NUMBER='1' AIRFLOW_CTX_DAG_RUN_ID='scheduled__2023-08-12T00:00:00+00:00'
[2023-09-12T17:37:35.180+0000] {logging_mixin.py:151} INFO - THIS WAY!!!
[2023-09-12T17:37:35.180+0000] {python.py:194} INFO - Done. Returned value was: None
[2023-09-12T17:37:35.190+0000] {taskinstance.py:1400} INFO - Marking task as SUCCESS. dag_id=tasks_relations, task_id=this_way, execution_date=20230812T000000, start_date=20230912T173734, end_date=20230912T173735
[2023-09-12T17:37:35.225+0000] {local_task_job_runner.py:228} INFO - Task exited with return code 0
[2023-09-12T17:37:35.244+0000] {taskinstance.py:2784} INFO - 0 downstream tasks scheduled from follow-on schedule check
