[2023-09-05T15:29:06.314+0000] {taskinstance.py:1159} INFO - Dependencies all met for dep_context=non-requeueable deps ti=<TaskInstance: tasks_relations.or_that_way scheduled__2023-06-09T00:00:00+00:00 [queued]>
[2023-09-05T15:29:06.340+0000] {taskinstance.py:1159} INFO - Dependencies all met for dep_context=requeueable deps ti=<TaskInstance: tasks_relations.or_that_way scheduled__2023-06-09T00:00:00+00:00 [queued]>
[2023-09-05T15:29:06.355+0000] {taskinstance.py:1361} INFO - Starting attempt 1 of 1
[2023-09-05T15:29:06.423+0000] {taskinstance.py:1382} INFO - Executing <Task(_PythonDecoratedOperator): or_that_way> on 2023-06-09 00:00:00+00:00
[2023-09-05T15:29:06.470+0000] {standard_task_runner.py:57} INFO - Started process 1228 to run task
[2023-09-05T15:29:06.576+0000] {standard_task_runner.py:84} INFO - Running: ['***', 'tasks', 'run', 'tasks_relations', 'or_that_way', 'scheduled__2023-06-09T00:00:00+00:00', '--job-id', '544', '--raw', '--subdir', 'DAGS_FOLDER/tasks_relations.py', '--cfg-path', '/tmp/tmpu_l1ecal']
[2023-09-05T15:29:06.597+0000] {standard_task_runner.py:85} INFO - Job 544: Subtask or_that_way
[2023-09-05T15:29:07.129+0000] {task_command.py:415} INFO - Running <TaskInstance: tasks_relations.or_that_way scheduled__2023-06-09T00:00:00+00:00 [running]> on host ca474790e981
[2023-09-05T15:29:07.755+0000] {taskinstance.py:1660} INFO - Exporting env vars: AIRFLOW_CTX_DAG_OWNER='***' AIRFLOW_CTX_DAG_ID='tasks_relations' AIRFLOW_CTX_TASK_ID='or_that_way' AIRFLOW_CTX_EXECUTION_DATE='2023-06-09T00:00:00+00:00' AIRFLOW_CTX_TRY_NUMBER='1' AIRFLOW_CTX_DAG_RUN_ID='scheduled__2023-06-09T00:00:00+00:00'
[2023-09-05T15:29:07.814+0000] {logging_mixin.py:151} INFO - NO NO, THAT WAY WAY!!!
[2023-09-05T15:29:07.839+0000] {python.py:194} INFO - Done. Returned value was: None
[2023-09-05T15:29:07.899+0000] {taskinstance.py:1400} INFO - Marking task as SUCCESS. dag_id=tasks_relations, task_id=or_that_way, execution_date=20230609T000000, start_date=20230905T152906, end_date=20230905T152907
[2023-09-05T15:29:08.157+0000] {local_task_job_runner.py:228} INFO - Task exited with return code 0
[2023-09-05T15:29:08.262+0000] {taskinstance.py:2784} INFO - 0 downstream tasks scheduled from follow-on schedule check
[2023-09-12T17:36:21.729+0000] {taskinstance.py:1159} INFO - Dependencies all met for dep_context=non-requeueable deps ti=<TaskInstance: tasks_relations.or_that_way scheduled__2023-06-09T00:00:00+00:00 [queued]>
[2023-09-12T17:36:21.752+0000] {taskinstance.py:1159} INFO - Dependencies all met for dep_context=requeueable deps ti=<TaskInstance: tasks_relations.or_that_way scheduled__2023-06-09T00:00:00+00:00 [queued]>
[2023-09-12T17:36:21.759+0000] {taskinstance.py:1361} INFO - Starting attempt 1 of 1
[2023-09-12T17:36:21.825+0000] {taskinstance.py:1382} INFO - Executing <Task(_PythonDecoratedOperator): or_that_way> on 2023-06-09 00:00:00+00:00
[2023-09-12T17:36:21.846+0000] {standard_task_runner.py:57} INFO - Started process 2595 to run task
[2023-09-12T17:36:21.917+0000] {standard_task_runner.py:84} INFO - Running: ['***', 'tasks', 'run', 'tasks_relations', 'or_that_way', 'scheduled__2023-06-09T00:00:00+00:00', '--job-id', '1229', '--raw', '--subdir', 'DAGS_FOLDER/2_tasks_relations.py', '--cfg-path', '/tmp/tmp9rqa90bg']
[2023-09-12T17:36:21.946+0000] {standard_task_runner.py:85} INFO - Job 1229: Subtask or_that_way
[2023-09-12T17:36:22.257+0000] {task_command.py:415} INFO - Running <TaskInstance: tasks_relations.or_that_way scheduled__2023-06-09T00:00:00+00:00 [running]> on host 0ab7970e0956
[2023-09-12T17:36:22.475+0000] {taskinstance.py:1660} INFO - Exporting env vars: AIRFLOW_CTX_DAG_OWNER='***' AIRFLOW_CTX_DAG_ID='tasks_relations' AIRFLOW_CTX_TASK_ID='or_that_way' AIRFLOW_CTX_EXECUTION_DATE='2023-06-09T00:00:00+00:00' AIRFLOW_CTX_TRY_NUMBER='1' AIRFLOW_CTX_DAG_RUN_ID='scheduled__2023-06-09T00:00:00+00:00'
[2023-09-12T17:36:22.487+0000] {logging_mixin.py:151} INFO - NO NO, THAT WAY WAY!!!
[2023-09-12T17:36:22.488+0000] {python.py:194} INFO - Done. Returned value was: None
[2023-09-12T17:36:22.519+0000] {taskinstance.py:1400} INFO - Marking task as SUCCESS. dag_id=tasks_relations, task_id=or_that_way, execution_date=20230609T000000, start_date=20230912T173621, end_date=20230912T173622
[2023-09-12T17:36:22.601+0000] {local_task_job_runner.py:228} INFO - Task exited with return code 0
[2023-09-12T17:36:22.626+0000] {taskinstance.py:2784} INFO - 1 downstream tasks scheduled from follow-on schedule check
