[2023-09-05T15:24:52.423+0000] {taskinstance.py:1159} INFO - Dependencies all met for dep_context=non-requeueable deps ti=<TaskInstance: tasks_relations.say_hello scheduled__2023-02-04T00:00:00+00:00 [queued]>
[2023-09-05T15:24:52.465+0000] {taskinstance.py:1159} INFO - Dependencies all met for dep_context=requeueable deps ti=<TaskInstance: tasks_relations.say_hello scheduled__2023-02-04T00:00:00+00:00 [queued]>
[2023-09-05T15:24:52.466+0000] {taskinstance.py:1361} INFO - Starting attempt 1 of 1
[2023-09-05T15:24:52.515+0000] {taskinstance.py:1382} INFO - Executing <Task(_PythonDecoratedOperator): say_hello> on 2023-02-04 00:00:00+00:00
[2023-09-05T15:24:52.551+0000] {standard_task_runner.py:57} INFO - Started process 300 to run task
[2023-09-05T15:24:52.635+0000] {standard_task_runner.py:84} INFO - Running: ['***', 'tasks', 'run', 'tasks_relations', 'say_hello', 'scheduled__2023-02-04T00:00:00+00:00', '--job-id', '113', '--raw', '--subdir', 'DAGS_FOLDER/tasks_relations.py', '--cfg-path', '/tmp/tmpf29f4cyu']
[2023-09-05T15:24:52.676+0000] {standard_task_runner.py:85} INFO - Job 113: Subtask say_hello
[2023-09-05T15:24:52.966+0000] {task_command.py:415} INFO - Running <TaskInstance: tasks_relations.say_hello scheduled__2023-02-04T00:00:00+00:00 [running]> on host ca474790e981
[2023-09-05T15:24:53.392+0000] {taskinstance.py:1660} INFO - Exporting env vars: AIRFLOW_CTX_DAG_OWNER='***' AIRFLOW_CTX_DAG_ID='tasks_relations' AIRFLOW_CTX_TASK_ID='say_hello' AIRFLOW_CTX_EXECUTION_DATE='2023-02-04T00:00:00+00:00' AIRFLOW_CTX_TRY_NUMBER='1' AIRFLOW_CTX_DAG_RUN_ID='scheduled__2023-02-04T00:00:00+00:00'
[2023-09-05T15:24:53.398+0000] {logging_mixin.py:151} INFO - hello ***
[2023-09-05T15:24:53.399+0000] {python.py:194} INFO - Done. Returned value was: None
[2023-09-05T15:24:53.445+0000] {taskinstance.py:1400} INFO - Marking task as SUCCESS. dag_id=tasks_relations, task_id=say_hello, execution_date=20230204T000000, start_date=20230905T152452, end_date=20230905T152453
[2023-09-05T15:24:53.701+0000] {local_task_job_runner.py:228} INFO - Task exited with return code 0
[2023-09-05T15:24:53.792+0000] {taskinstance.py:2784} INFO - 1 downstream tasks scheduled from follow-on schedule check
[2023-09-12T17:34:06.490+0000] {taskinstance.py:1159} INFO - Dependencies all met for dep_context=non-requeueable deps ti=<TaskInstance: tasks_relations.say_hello scheduled__2023-02-04T00:00:00+00:00 [queued]>
[2023-09-12T17:34:06.524+0000] {taskinstance.py:1159} INFO - Dependencies all met for dep_context=requeueable deps ti=<TaskInstance: tasks_relations.say_hello scheduled__2023-02-04T00:00:00+00:00 [queued]>
[2023-09-12T17:34:06.528+0000] {taskinstance.py:1361} INFO - Starting attempt 1 of 1
[2023-09-12T17:34:06.562+0000] {taskinstance.py:1382} INFO - Executing <Task(_PythonDecoratedOperator): say_hello> on 2023-02-04 00:00:00+00:00
[2023-09-12T17:34:06.584+0000] {standard_task_runner.py:57} INFO - Started process 747 to run task
[2023-09-12T17:34:06.613+0000] {standard_task_runner.py:84} INFO - Running: ['***', 'tasks', 'run', 'tasks_relations', 'say_hello', 'scheduled__2023-02-04T00:00:00+00:00', '--job-id', '317', '--raw', '--subdir', 'DAGS_FOLDER/2_tasks_relations.py', '--cfg-path', '/tmp/tmpv99tkba4']
[2023-09-12T17:34:06.636+0000] {standard_task_runner.py:85} INFO - Job 317: Subtask say_hello
[2023-09-12T17:34:06.780+0000] {task_command.py:415} INFO - Running <TaskInstance: tasks_relations.say_hello scheduled__2023-02-04T00:00:00+00:00 [running]> on host 0ab7970e0956
[2023-09-12T17:34:07.069+0000] {taskinstance.py:1660} INFO - Exporting env vars: AIRFLOW_CTX_DAG_OWNER='***' AIRFLOW_CTX_DAG_ID='tasks_relations' AIRFLOW_CTX_TASK_ID='say_hello' AIRFLOW_CTX_EXECUTION_DATE='2023-02-04T00:00:00+00:00' AIRFLOW_CTX_TRY_NUMBER='1' AIRFLOW_CTX_DAG_RUN_ID='scheduled__2023-02-04T00:00:00+00:00'
[2023-09-12T17:34:07.072+0000] {logging_mixin.py:151} INFO - hello world
[2023-09-12T17:34:07.077+0000] {python.py:194} INFO - Done. Returned value was: None
[2023-09-12T17:34:07.101+0000] {taskinstance.py:1400} INFO - Marking task as SUCCESS. dag_id=tasks_relations, task_id=say_hello, execution_date=20230204T000000, start_date=20230912T173406, end_date=20230912T173407
[2023-09-12T17:34:07.179+0000] {local_task_job_runner.py:228} INFO - Task exited with return code 0
[2023-09-12T17:34:07.376+0000] {taskinstance.py:2784} INFO - 0 downstream tasks scheduled from follow-on schedule check
