[2023-09-05T15:26:13.868+0000] {taskinstance.py:1159} INFO - Dependencies all met for dep_context=non-requeueable deps ti=<TaskInstance: tasks_relations.say_bye scheduled__2023-04-16T00:00:00+00:00 [queued]>
[2023-09-05T15:26:13.876+0000] {taskinstance.py:1159} INFO - Dependencies all met for dep_context=requeueable deps ti=<TaskInstance: tasks_relations.say_bye scheduled__2023-04-16T00:00:00+00:00 [queued]>
[2023-09-05T15:26:13.880+0000] {taskinstance.py:1361} INFO - Starting attempt 1 of 1
[2023-09-05T15:26:13.924+0000] {taskinstance.py:1382} INFO - Executing <Task(_PythonDecoratedOperator): say_bye> on 2023-04-16 00:00:00+00:00
[2023-09-05T15:26:13.952+0000] {standard_task_runner.py:84} INFO - Running: ['***', 'tasks', 'run', 'tasks_relations', 'say_bye', 'scheduled__2023-04-16T00:00:00+00:00', '--job-id', '325', '--raw', '--subdir', 'DAGS_FOLDER/tasks_relations.py', '--cfg-path', '/tmp/tmprr9i0qbr']
[2023-09-05T15:26:13.959+0000] {standard_task_runner.py:85} INFO - Job 325: Subtask say_bye
[2023-09-05T15:26:13.934+0000] {standard_task_runner.py:57} INFO - Started process 740 to run task
[2023-09-05T15:26:14.203+0000] {task_command.py:415} INFO - Running <TaskInstance: tasks_relations.say_bye scheduled__2023-04-16T00:00:00+00:00 [running]> on host ca474790e981
[2023-09-05T15:26:14.508+0000] {taskinstance.py:1660} INFO - Exporting env vars: AIRFLOW_CTX_DAG_OWNER='***' AIRFLOW_CTX_DAG_ID='tasks_relations' AIRFLOW_CTX_TASK_ID='say_bye' AIRFLOW_CTX_EXECUTION_DATE='2023-04-16T00:00:00+00:00' AIRFLOW_CTX_TRY_NUMBER='1' AIRFLOW_CTX_DAG_RUN_ID='scheduled__2023-04-16T00:00:00+00:00'
[2023-09-05T15:26:14.519+0000] {logging_mixin.py:151} INFO - goodbye ***
[2023-09-05T15:26:14.521+0000] {python.py:194} INFO - Done. Returned value was: None
[2023-09-05T15:26:14.595+0000] {taskinstance.py:1400} INFO - Marking task as SUCCESS. dag_id=tasks_relations, task_id=say_bye, execution_date=20230416T000000, start_date=20230905T152613, end_date=20230905T152614
[2023-09-05T15:26:14.681+0000] {local_task_job_runner.py:228} INFO - Task exited with return code 0
[2023-09-05T15:26:14.819+0000] {taskinstance.py:2784} INFO - 0 downstream tasks scheduled from follow-on schedule check
[2023-09-12T17:35:25.115+0000] {taskinstance.py:1159} INFO - Dependencies all met for dep_context=non-requeueable deps ti=<TaskInstance: tasks_relations.say_bye scheduled__2023-04-16T00:00:00+00:00 [queued]>
[2023-09-12T17:35:25.178+0000] {taskinstance.py:1159} INFO - Dependencies all met for dep_context=requeueable deps ti=<TaskInstance: tasks_relations.say_bye scheduled__2023-04-16T00:00:00+00:00 [queued]>
[2023-09-12T17:35:25.182+0000] {taskinstance.py:1361} INFO - Starting attempt 1 of 1
[2023-09-12T17:35:25.248+0000] {taskinstance.py:1382} INFO - Executing <Task(_PythonDecoratedOperator): say_bye> on 2023-04-16 00:00:00+00:00
[2023-09-12T17:35:25.280+0000] {standard_task_runner.py:57} INFO - Started process 1855 to run task
[2023-09-12T17:35:25.313+0000] {standard_task_runner.py:84} INFO - Running: ['***', 'tasks', 'run', 'tasks_relations', 'say_bye', 'scheduled__2023-04-16T00:00:00+00:00', '--job-id', '861', '--raw', '--subdir', 'DAGS_FOLDER/2_tasks_relations.py', '--cfg-path', '/tmp/tmp7ap09thz']
[2023-09-12T17:35:25.327+0000] {standard_task_runner.py:85} INFO - Job 861: Subtask say_bye
[2023-09-12T17:35:25.697+0000] {task_command.py:415} INFO - Running <TaskInstance: tasks_relations.say_bye scheduled__2023-04-16T00:00:00+00:00 [running]> on host 0ab7970e0956
[2023-09-12T17:35:25.975+0000] {taskinstance.py:1660} INFO - Exporting env vars: AIRFLOW_CTX_DAG_OWNER='***' AIRFLOW_CTX_DAG_ID='tasks_relations' AIRFLOW_CTX_TASK_ID='say_bye' AIRFLOW_CTX_EXECUTION_DATE='2023-04-16T00:00:00+00:00' AIRFLOW_CTX_TRY_NUMBER='1' AIRFLOW_CTX_DAG_RUN_ID='scheduled__2023-04-16T00:00:00+00:00'
[2023-09-12T17:35:25.980+0000] {logging_mixin.py:151} INFO - goodbye world
[2023-09-12T17:35:25.986+0000] {python.py:194} INFO - Done. Returned value was: None
[2023-09-12T17:35:26.021+0000] {taskinstance.py:1400} INFO - Marking task as SUCCESS. dag_id=tasks_relations, task_id=say_bye, execution_date=20230416T000000, start_date=20230912T173525, end_date=20230912T173526
[2023-09-12T17:35:26.092+0000] {local_task_job_runner.py:228} INFO - Task exited with return code 0
[2023-09-12T17:35:26.158+0000] {taskinstance.py:2784} INFO - 2 downstream tasks scheduled from follow-on schedule check
