[2023-09-05T15:30:10.601+0000] {taskinstance.py:1159} INFO - Dependencies all met for dep_context=non-requeueable deps ti=<TaskInstance: tasks_relations.or_that_way scheduled__2023-07-12T00:00:00+00:00 [queued]>
[2023-09-05T15:30:10.702+0000] {taskinstance.py:1159} INFO - Dependencies all met for dep_context=requeueable deps ti=<TaskInstance: tasks_relations.or_that_way scheduled__2023-07-12T00:00:00+00:00 [queued]>
[2023-09-05T15:30:10.713+0000] {taskinstance.py:1361} INFO - Starting attempt 1 of 1
[2023-09-05T15:30:10.886+0000] {taskinstance.py:1382} INFO - Executing <Task(_PythonDecoratedOperator): or_that_way> on 2023-07-12 00:00:00+00:00
[2023-09-05T15:30:10.920+0000] {standard_task_runner.py:57} INFO - Started process 1570 to run task
[2023-09-05T15:30:10.971+0000] {standard_task_runner.py:84} INFO - Running: ['***', 'tasks', 'run', 'tasks_relations', 'or_that_way', 'scheduled__2023-07-12T00:00:00+00:00', '--job-id', '708', '--raw', '--subdir', 'DAGS_FOLDER/tasks_relations.py', '--cfg-path', '/tmp/tmpxl_vy7rv']
[2023-09-05T15:30:11.000+0000] {standard_task_runner.py:85} INFO - Job 708: Subtask or_that_way
[2023-09-05T15:30:11.454+0000] {task_command.py:415} INFO - Running <TaskInstance: tasks_relations.or_that_way scheduled__2023-07-12T00:00:00+00:00 [running]> on host ca474790e981
[2023-09-05T15:30:11.790+0000] {taskinstance.py:1660} INFO - Exporting env vars: AIRFLOW_CTX_DAG_OWNER='***' AIRFLOW_CTX_DAG_ID='tasks_relations' AIRFLOW_CTX_TASK_ID='or_that_way' AIRFLOW_CTX_EXECUTION_DATE='2023-07-12T00:00:00+00:00' AIRFLOW_CTX_TRY_NUMBER='1' AIRFLOW_CTX_DAG_RUN_ID='scheduled__2023-07-12T00:00:00+00:00'
[2023-09-05T15:30:11.799+0000] {logging_mixin.py:151} INFO - NO NO, THAT WAY WAY!!!
[2023-09-05T15:30:11.806+0000] {python.py:194} INFO - Done. Returned value was: None
[2023-09-05T15:30:11.886+0000] {taskinstance.py:1400} INFO - Marking task as SUCCESS. dag_id=tasks_relations, task_id=or_that_way, execution_date=20230712T000000, start_date=20230905T153010, end_date=20230905T153011
[2023-09-05T15:30:11.975+0000] {local_task_job_runner.py:228} INFO - Task exited with return code 0
[2023-09-05T15:30:12.040+0000] {taskinstance.py:2784} INFO - 0 downstream tasks scheduled from follow-on schedule check
[2023-09-12T17:36:59.159+0000] {taskinstance.py:1159} INFO - Dependencies all met for dep_context=non-requeueable deps ti=<TaskInstance: tasks_relations.or_that_way scheduled__2023-07-12T00:00:00+00:00 [queued]>
[2023-09-12T17:36:59.196+0000] {taskinstance.py:1159} INFO - Dependencies all met for dep_context=requeueable deps ti=<TaskInstance: tasks_relations.or_that_way scheduled__2023-07-12T00:00:00+00:00 [queued]>
[2023-09-12T17:36:59.204+0000] {taskinstance.py:1361} INFO - Starting attempt 1 of 1
[2023-09-12T17:36:59.220+0000] {taskinstance.py:1382} INFO - Executing <Task(_PythonDecoratedOperator): or_that_way> on 2023-07-12 00:00:00+00:00
[2023-09-12T17:36:59.226+0000] {standard_task_runner.py:57} INFO - Started process 2983 to run task
[2023-09-12T17:36:59.246+0000] {standard_task_runner.py:84} INFO - Running: ['***', 'tasks', 'run', 'tasks_relations', 'or_that_way', 'scheduled__2023-07-12T00:00:00+00:00', '--job-id', '1417', '--raw', '--subdir', 'DAGS_FOLDER/2_tasks_relations.py', '--cfg-path', '/tmp/tmpwkird3sq']
[2023-09-12T17:36:59.250+0000] {standard_task_runner.py:85} INFO - Job 1417: Subtask or_that_way
[2023-09-12T17:36:59.449+0000] {task_command.py:415} INFO - Running <TaskInstance: tasks_relations.or_that_way scheduled__2023-07-12T00:00:00+00:00 [running]> on host 0ab7970e0956
[2023-09-12T17:36:59.685+0000] {taskinstance.py:1660} INFO - Exporting env vars: AIRFLOW_CTX_DAG_OWNER='***' AIRFLOW_CTX_DAG_ID='tasks_relations' AIRFLOW_CTX_TASK_ID='or_that_way' AIRFLOW_CTX_EXECUTION_DATE='2023-07-12T00:00:00+00:00' AIRFLOW_CTX_TRY_NUMBER='1' AIRFLOW_CTX_DAG_RUN_ID='scheduled__2023-07-12T00:00:00+00:00'
[2023-09-12T17:36:59.689+0000] {logging_mixin.py:151} INFO - NO NO, THAT WAY WAY!!!
[2023-09-12T17:36:59.692+0000] {python.py:194} INFO - Done. Returned value was: None
[2023-09-12T17:36:59.730+0000] {taskinstance.py:1400} INFO - Marking task as SUCCESS. dag_id=tasks_relations, task_id=or_that_way, execution_date=20230712T000000, start_date=20230912T173659, end_date=20230912T173659
[2023-09-12T17:36:59.782+0000] {local_task_job_runner.py:228} INFO - Task exited with return code 0
[2023-09-12T17:36:59.812+0000] {taskinstance.py:2784} INFO - 1 downstream tasks scheduled from follow-on schedule check
