[2023-09-05T15:24:18.583+0000] {taskinstance.py:1159} INFO - Dependencies all met for dep_context=non-requeueable deps ti=<TaskInstance: tasks_relations.say_hello scheduled__2023-01-06T00:00:00+00:00 [queued]>
[2023-09-05T15:24:18.642+0000] {taskinstance.py:1159} INFO - Dependencies all met for dep_context=requeueable deps ti=<TaskInstance: tasks_relations.say_hello scheduled__2023-01-06T00:00:00+00:00 [queued]>
[2023-09-05T15:24:18.653+0000] {taskinstance.py:1361} INFO - Starting attempt 1 of 1
[2023-09-05T15:24:18.898+0000] {taskinstance.py:1382} INFO - Executing <Task(_PythonDecoratedOperator): say_hello> on 2023-01-06 00:00:00+00:00
[2023-09-05T15:24:18.919+0000] {standard_task_runner.py:57} INFO - Started process 121 to run task
[2023-09-05T15:24:19.008+0000] {standard_task_runner.py:84} INFO - Running: ['***', 'tasks', 'run', 'tasks_relations', 'say_hello', 'scheduled__2023-01-06T00:00:00+00:00', '--job-id', '23', '--raw', '--subdir', 'DAGS_FOLDER/tasks_relations.py', '--cfg-path', '/tmp/tmpgr3k4loy']
[2023-09-05T15:24:19.070+0000] {standard_task_runner.py:85} INFO - Job 23: Subtask say_hello
[2023-09-05T15:24:19.658+0000] {task_command.py:415} INFO - Running <TaskInstance: tasks_relations.say_hello scheduled__2023-01-06T00:00:00+00:00 [running]> on host ca474790e981
[2023-09-05T15:24:19.979+0000] {taskinstance.py:1660} INFO - Exporting env vars: AIRFLOW_CTX_DAG_OWNER='***' AIRFLOW_CTX_DAG_ID='tasks_relations' AIRFLOW_CTX_TASK_ID='say_hello' AIRFLOW_CTX_EXECUTION_DATE='2023-01-06T00:00:00+00:00' AIRFLOW_CTX_TRY_NUMBER='1' AIRFLOW_CTX_DAG_RUN_ID='scheduled__2023-01-06T00:00:00+00:00'
[2023-09-05T15:24:19.983+0000] {logging_mixin.py:151} INFO - hello ***
[2023-09-05T15:24:19.985+0000] {python.py:194} INFO - Done. Returned value was: None
[2023-09-05T15:24:20.036+0000] {taskinstance.py:1400} INFO - Marking task as SUCCESS. dag_id=tasks_relations, task_id=say_hello, execution_date=20230106T000000, start_date=20230905T152418, end_date=20230905T152420
[2023-09-05T15:24:20.202+0000] {local_task_job_runner.py:228} INFO - Task exited with return code 0
[2023-09-05T15:24:20.295+0000] {taskinstance.py:2784} INFO - 1 downstream tasks scheduled from follow-on schedule check
[2023-09-12T17:32:54.078+0000] {taskinstance.py:1159} INFO - Dependencies all met for dep_context=non-requeueable deps ti=<TaskInstance: tasks_relations.say_hello scheduled__2023-01-06T00:00:00+00:00 [queued]>
[2023-09-12T17:32:54.112+0000] {taskinstance.py:1159} INFO - Dependencies all met for dep_context=requeueable deps ti=<TaskInstance: tasks_relations.say_hello scheduled__2023-01-06T00:00:00+00:00 [queued]>
[2023-09-12T17:32:54.113+0000] {taskinstance.py:1361} INFO - Starting attempt 1 of 1
[2023-09-12T17:32:54.223+0000] {taskinstance.py:1382} INFO - Executing <Task(_PythonDecoratedOperator): say_hello> on 2023-01-06 00:00:00+00:00
[2023-09-12T17:32:54.345+0000] {standard_task_runner.py:57} INFO - Started process 245 to run task
[2023-09-12T17:32:54.439+0000] {standard_task_runner.py:84} INFO - Running: ['***', 'tasks', 'run', 'tasks_relations', 'say_hello', 'scheduled__2023-01-06T00:00:00+00:00', '--job-id', '70', '--raw', '--subdir', 'DAGS_FOLDER/2_tasks_relations.py', '--cfg-path', '/tmp/tmppadx0shx']
[2023-09-12T17:32:54.460+0000] {standard_task_runner.py:85} INFO - Job 70: Subtask say_hello
[2023-09-12T17:32:54.697+0000] {task_command.py:415} INFO - Running <TaskInstance: tasks_relations.say_hello scheduled__2023-01-06T00:00:00+00:00 [running]> on host 0ab7970e0956
[2023-09-12T17:32:54.973+0000] {taskinstance.py:1660} INFO - Exporting env vars: AIRFLOW_CTX_DAG_OWNER='***' AIRFLOW_CTX_DAG_ID='tasks_relations' AIRFLOW_CTX_TASK_ID='say_hello' AIRFLOW_CTX_EXECUTION_DATE='2023-01-06T00:00:00+00:00' AIRFLOW_CTX_TRY_NUMBER='1' AIRFLOW_CTX_DAG_RUN_ID='scheduled__2023-01-06T00:00:00+00:00'
[2023-09-12T17:32:54.981+0000] {logging_mixin.py:151} INFO - hello world
[2023-09-12T17:32:54.982+0000] {python.py:194} INFO - Done. Returned value was: None
[2023-09-12T17:32:55.020+0000] {taskinstance.py:1400} INFO - Marking task as SUCCESS. dag_id=tasks_relations, task_id=say_hello, execution_date=20230106T000000, start_date=20230912T173254, end_date=20230912T173255
[2023-09-12T17:32:55.139+0000] {local_task_job_runner.py:228} INFO - Task exited with return code 0
[2023-09-12T17:32:55.269+0000] {taskinstance.py:2784} INFO - 0 downstream tasks scheduled from follow-on schedule check
