[2023-09-05T15:31:03.970+0000] {taskinstance.py:1159} INFO - Dependencies all met for dep_context=non-requeueable deps ti=<TaskInstance: tasks_relations.or_that_way scheduled__2023-08-06T00:00:00+00:00 [queued]>
[2023-09-05T15:31:04.075+0000] {taskinstance.py:1159} INFO - Dependencies all met for dep_context=requeueable deps ti=<TaskInstance: tasks_relations.or_that_way scheduled__2023-08-06T00:00:00+00:00 [queued]>
[2023-09-05T15:31:04.076+0000] {taskinstance.py:1361} INFO - Starting attempt 1 of 1
[2023-09-05T15:31:04.119+0000] {taskinstance.py:1382} INFO - Executing <Task(_PythonDecoratedOperator): or_that_way> on 2023-08-06 00:00:00+00:00
[2023-09-05T15:31:04.138+0000] {standard_task_runner.py:57} INFO - Started process 1870 to run task
[2023-09-05T15:31:04.228+0000] {standard_task_runner.py:84} INFO - Running: ['***', 'tasks', 'run', 'tasks_relations', 'or_that_way', 'scheduled__2023-08-06T00:00:00+00:00', '--job-id', '852', '--raw', '--subdir', 'DAGS_FOLDER/tasks_relations.py', '--cfg-path', '/tmp/tmprvzn9tts']
[2023-09-05T15:31:04.295+0000] {standard_task_runner.py:85} INFO - Job 852: Subtask or_that_way
[2023-09-05T15:31:04.472+0000] {task_command.py:415} INFO - Running <TaskInstance: tasks_relations.or_that_way scheduled__2023-08-06T00:00:00+00:00 [running]> on host ca474790e981
[2023-09-05T15:31:04.913+0000] {taskinstance.py:1660} INFO - Exporting env vars: AIRFLOW_CTX_DAG_OWNER='***' AIRFLOW_CTX_DAG_ID='tasks_relations' AIRFLOW_CTX_TASK_ID='or_that_way' AIRFLOW_CTX_EXECUTION_DATE='2023-08-06T00:00:00+00:00' AIRFLOW_CTX_TRY_NUMBER='1' AIRFLOW_CTX_DAG_RUN_ID='scheduled__2023-08-06T00:00:00+00:00'
[2023-09-05T15:31:04.920+0000] {logging_mixin.py:151} INFO - NO NO, THAT WAY WAY!!!
[2023-09-05T15:31:04.921+0000] {python.py:194} INFO - Done. Returned value was: None
[2023-09-05T15:31:04.947+0000] {taskinstance.py:1400} INFO - Marking task as SUCCESS. dag_id=tasks_relations, task_id=or_that_way, execution_date=20230806T000000, start_date=20230905T153103, end_date=20230905T153104
[2023-09-05T15:31:05.083+0000] {local_task_job_runner.py:228} INFO - Task exited with return code 0
[2023-09-05T15:31:05.149+0000] {taskinstance.py:2784} INFO - 0 downstream tasks scheduled from follow-on schedule check
[2023-09-12T17:37:31.529+0000] {taskinstance.py:1159} INFO - Dependencies all met for dep_context=non-requeueable deps ti=<TaskInstance: tasks_relations.or_that_way scheduled__2023-08-06T00:00:00+00:00 [queued]>
[2023-09-12T17:37:31.561+0000] {taskinstance.py:1159} INFO - Dependencies all met for dep_context=requeueable deps ti=<TaskInstance: tasks_relations.or_that_way scheduled__2023-08-06T00:00:00+00:00 [queued]>
[2023-09-12T17:37:31.563+0000] {taskinstance.py:1361} INFO - Starting attempt 1 of 1
[2023-09-12T17:37:31.669+0000] {taskinstance.py:1382} INFO - Executing <Task(_PythonDecoratedOperator): or_that_way> on 2023-08-06 00:00:00+00:00
[2023-09-12T17:37:31.678+0000] {standard_task_runner.py:57} INFO - Started process 3355 to run task
[2023-09-12T17:37:31.688+0000] {standard_task_runner.py:84} INFO - Running: ['***', 'tasks', 'run', 'tasks_relations', 'or_that_way', 'scheduled__2023-08-06T00:00:00+00:00', '--job-id', '1594', '--raw', '--subdir', 'DAGS_FOLDER/2_tasks_relations.py', '--cfg-path', '/tmp/tmp318kuvqo']
[2023-09-12T17:37:31.691+0000] {standard_task_runner.py:85} INFO - Job 1594: Subtask or_that_way
[2023-09-12T17:37:31.851+0000] {task_command.py:415} INFO - Running <TaskInstance: tasks_relations.or_that_way scheduled__2023-08-06T00:00:00+00:00 [running]> on host 0ab7970e0956
[2023-09-12T17:37:32.263+0000] {taskinstance.py:1660} INFO - Exporting env vars: AIRFLOW_CTX_DAG_OWNER='***' AIRFLOW_CTX_DAG_ID='tasks_relations' AIRFLOW_CTX_TASK_ID='or_that_way' AIRFLOW_CTX_EXECUTION_DATE='2023-08-06T00:00:00+00:00' AIRFLOW_CTX_TRY_NUMBER='1' AIRFLOW_CTX_DAG_RUN_ID='scheduled__2023-08-06T00:00:00+00:00'
[2023-09-12T17:37:32.268+0000] {logging_mixin.py:151} INFO - NO NO, THAT WAY WAY!!!
[2023-09-12T17:37:32.274+0000] {python.py:194} INFO - Done. Returned value was: None
[2023-09-12T17:37:32.318+0000] {taskinstance.py:1400} INFO - Marking task as SUCCESS. dag_id=tasks_relations, task_id=or_that_way, execution_date=20230806T000000, start_date=20230912T173731, end_date=20230912T173732
[2023-09-12T17:37:32.405+0000] {local_task_job_runner.py:228} INFO - Task exited with return code 0
[2023-09-12T17:37:32.499+0000] {taskinstance.py:2784} INFO - 1 downstream tasks scheduled from follow-on schedule check
