[2023-09-05T15:25:26.395+0000] {taskinstance.py:1159} INFO - Dependencies all met for dep_context=non-requeueable deps ti=<TaskInstance: tasks_relations.say_hello scheduled__2023-03-12T00:00:00+00:00 [queued]>
[2023-09-05T15:25:26.442+0000] {taskinstance.py:1159} INFO - Dependencies all met for dep_context=requeueable deps ti=<TaskInstance: tasks_relations.say_hello scheduled__2023-03-12T00:00:00+00:00 [queued]>
[2023-09-05T15:25:26.443+0000] {taskinstance.py:1361} INFO - Starting attempt 1 of 1
[2023-09-05T15:25:26.711+0000] {taskinstance.py:1382} INFO - Executing <Task(_PythonDecoratedOperator): say_hello> on 2023-03-12 00:00:00+00:00
[2023-09-05T15:25:26.800+0000] {standard_task_runner.py:57} INFO - Started process 515 to run task
[2023-09-05T15:25:26.890+0000] {standard_task_runner.py:84} INFO - Running: ['***', 'tasks', 'run', 'tasks_relations', 'say_hello', 'scheduled__2023-03-12T00:00:00+00:00', '--job-id', '218', '--raw', '--subdir', 'DAGS_FOLDER/tasks_relations.py', '--cfg-path', '/tmp/tmpmomatsca']
[2023-09-05T15:25:26.933+0000] {standard_task_runner.py:85} INFO - Job 218: Subtask say_hello
[2023-09-05T15:25:27.287+0000] {task_command.py:415} INFO - Running <TaskInstance: tasks_relations.say_hello scheduled__2023-03-12T00:00:00+00:00 [running]> on host ca474790e981
[2023-09-05T15:25:27.826+0000] {taskinstance.py:1660} INFO - Exporting env vars: AIRFLOW_CTX_DAG_OWNER='***' AIRFLOW_CTX_DAG_ID='tasks_relations' AIRFLOW_CTX_TASK_ID='say_hello' AIRFLOW_CTX_EXECUTION_DATE='2023-03-12T00:00:00+00:00' AIRFLOW_CTX_TRY_NUMBER='1' AIRFLOW_CTX_DAG_RUN_ID='scheduled__2023-03-12T00:00:00+00:00'
[2023-09-05T15:25:27.834+0000] {logging_mixin.py:151} INFO - hello ***
[2023-09-05T15:25:27.838+0000] {python.py:194} INFO - Done. Returned value was: None
[2023-09-05T15:25:27.874+0000] {taskinstance.py:1400} INFO - Marking task as SUCCESS. dag_id=tasks_relations, task_id=say_hello, execution_date=20230312T000000, start_date=20230905T152526, end_date=20230905T152527
[2023-09-05T15:25:27.997+0000] {local_task_job_runner.py:228} INFO - Task exited with return code 0
[2023-09-05T15:25:28.042+0000] {taskinstance.py:2784} INFO - 1 downstream tasks scheduled from follow-on schedule check
[2023-09-12T17:34:45.533+0000] {taskinstance.py:1159} INFO - Dependencies all met for dep_context=non-requeueable deps ti=<TaskInstance: tasks_relations.say_hello scheduled__2023-03-12T00:00:00+00:00 [queued]>
[2023-09-12T17:34:45.569+0000] {taskinstance.py:1159} INFO - Dependencies all met for dep_context=requeueable deps ti=<TaskInstance: tasks_relations.say_hello scheduled__2023-03-12T00:00:00+00:00 [queued]>
[2023-09-12T17:34:45.571+0000] {taskinstance.py:1361} INFO - Starting attempt 1 of 1
[2023-09-12T17:34:45.745+0000] {taskinstance.py:1382} INFO - Executing <Task(_PythonDecoratedOperator): say_hello> on 2023-03-12 00:00:00+00:00
[2023-09-12T17:34:45.753+0000] {standard_task_runner.py:57} INFO - Started process 1308 to run task
[2023-09-12T17:34:45.814+0000] {standard_task_runner.py:84} INFO - Running: ['***', 'tasks', 'run', 'tasks_relations', 'say_hello', 'scheduled__2023-03-12T00:00:00+00:00', '--job-id', '592', '--raw', '--subdir', 'DAGS_FOLDER/2_tasks_relations.py', '--cfg-path', '/tmp/tmph5umgdn9']
[2023-09-12T17:34:45.838+0000] {standard_task_runner.py:85} INFO - Job 592: Subtask say_hello
[2023-09-12T17:34:46.012+0000] {task_command.py:415} INFO - Running <TaskInstance: tasks_relations.say_hello scheduled__2023-03-12T00:00:00+00:00 [running]> on host 0ab7970e0956
[2023-09-12T17:34:46.324+0000] {taskinstance.py:1660} INFO - Exporting env vars: AIRFLOW_CTX_DAG_OWNER='***' AIRFLOW_CTX_DAG_ID='tasks_relations' AIRFLOW_CTX_TASK_ID='say_hello' AIRFLOW_CTX_EXECUTION_DATE='2023-03-12T00:00:00+00:00' AIRFLOW_CTX_TRY_NUMBER='1' AIRFLOW_CTX_DAG_RUN_ID='scheduled__2023-03-12T00:00:00+00:00'
[2023-09-12T17:34:46.326+0000] {logging_mixin.py:151} INFO - hello world
[2023-09-12T17:34:46.326+0000] {python.py:194} INFO - Done. Returned value was: None
[2023-09-12T17:34:46.348+0000] {taskinstance.py:1400} INFO - Marking task as SUCCESS. dag_id=tasks_relations, task_id=say_hello, execution_date=20230312T000000, start_date=20230912T173445, end_date=20230912T173446
[2023-09-12T17:34:46.427+0000] {local_task_job_runner.py:228} INFO - Task exited with return code 0
[2023-09-12T17:34:46.539+0000] {taskinstance.py:2784} INFO - 0 downstream tasks scheduled from follow-on schedule check
