[2023-09-05T15:25:09.330+0000] {taskinstance.py:1159} INFO - Dependencies all met for dep_context=non-requeueable deps ti=<TaskInstance: tasks_relations.say_hello scheduled__2023-02-22T00:00:00+00:00 [queued]>
[2023-09-05T15:25:09.366+0000] {taskinstance.py:1159} INFO - Dependencies all met for dep_context=requeueable deps ti=<TaskInstance: tasks_relations.say_hello scheduled__2023-02-22T00:00:00+00:00 [queued]>
[2023-09-05T15:25:09.369+0000] {taskinstance.py:1361} INFO - Starting attempt 1 of 1
[2023-09-05T15:25:09.639+0000] {taskinstance.py:1382} INFO - Executing <Task(_PythonDecoratedOperator): say_hello> on 2023-02-22 00:00:00+00:00
[2023-09-05T15:25:09.655+0000] {standard_task_runner.py:57} INFO - Started process 412 to run task
[2023-09-05T15:25:09.804+0000] {standard_task_runner.py:84} INFO - Running: ['***', 'tasks', 'run', 'tasks_relations', 'say_hello', 'scheduled__2023-02-22T00:00:00+00:00', '--job-id', '167', '--raw', '--subdir', 'DAGS_FOLDER/tasks_relations.py', '--cfg-path', '/tmp/tmpdej2uggh']
[2023-09-05T15:25:09.824+0000] {standard_task_runner.py:85} INFO - Job 167: Subtask say_hello
[2023-09-05T15:25:10.044+0000] {task_command.py:415} INFO - Running <TaskInstance: tasks_relations.say_hello scheduled__2023-02-22T00:00:00+00:00 [running]> on host ca474790e981
[2023-09-05T15:25:10.474+0000] {taskinstance.py:1660} INFO - Exporting env vars: AIRFLOW_CTX_DAG_OWNER='***' AIRFLOW_CTX_DAG_ID='tasks_relations' AIRFLOW_CTX_TASK_ID='say_hello' AIRFLOW_CTX_EXECUTION_DATE='2023-02-22T00:00:00+00:00' AIRFLOW_CTX_TRY_NUMBER='1' AIRFLOW_CTX_DAG_RUN_ID='scheduled__2023-02-22T00:00:00+00:00'
[2023-09-05T15:25:10.479+0000] {logging_mixin.py:151} INFO - hello ***
[2023-09-05T15:25:10.480+0000] {python.py:194} INFO - Done. Returned value was: None
[2023-09-05T15:25:10.526+0000] {taskinstance.py:1400} INFO - Marking task as SUCCESS. dag_id=tasks_relations, task_id=say_hello, execution_date=20230222T000000, start_date=20230905T152509, end_date=20230905T152510
[2023-09-05T15:25:10.694+0000] {local_task_job_runner.py:228} INFO - Task exited with return code 0
[2023-09-05T15:25:10.987+0000] {taskinstance.py:2784} INFO - 0 downstream tasks scheduled from follow-on schedule check
[2023-09-12T17:34:26.149+0000] {taskinstance.py:1159} INFO - Dependencies all met for dep_context=non-requeueable deps ti=<TaskInstance: tasks_relations.say_hello scheduled__2023-02-22T00:00:00+00:00 [queued]>
[2023-09-12T17:34:26.201+0000] {taskinstance.py:1159} INFO - Dependencies all met for dep_context=requeueable deps ti=<TaskInstance: tasks_relations.say_hello scheduled__2023-02-22T00:00:00+00:00 [queued]>
[2023-09-12T17:34:26.210+0000] {taskinstance.py:1361} INFO - Starting attempt 1 of 1
[2023-09-12T17:34:26.230+0000] {taskinstance.py:1382} INFO - Executing <Task(_PythonDecoratedOperator): say_hello> on 2023-02-22 00:00:00+00:00
[2023-09-12T17:34:26.244+0000] {standard_task_runner.py:57} INFO - Started process 1032 to run task
[2023-09-12T17:34:26.294+0000] {standard_task_runner.py:84} INFO - Running: ['***', 'tasks', 'run', 'tasks_relations', 'say_hello', 'scheduled__2023-02-22T00:00:00+00:00', '--job-id', '455', '--raw', '--subdir', 'DAGS_FOLDER/2_tasks_relations.py', '--cfg-path', '/tmp/tmpr58keqnp']
[2023-09-12T17:34:26.301+0000] {standard_task_runner.py:85} INFO - Job 455: Subtask say_hello
[2023-09-12T17:34:26.444+0000] {task_command.py:415} INFO - Running <TaskInstance: tasks_relations.say_hello scheduled__2023-02-22T00:00:00+00:00 [running]> on host 0ab7970e0956
[2023-09-12T17:34:26.745+0000] {taskinstance.py:1660} INFO - Exporting env vars: AIRFLOW_CTX_DAG_OWNER='***' AIRFLOW_CTX_DAG_ID='tasks_relations' AIRFLOW_CTX_TASK_ID='say_hello' AIRFLOW_CTX_EXECUTION_DATE='2023-02-22T00:00:00+00:00' AIRFLOW_CTX_TRY_NUMBER='1' AIRFLOW_CTX_DAG_RUN_ID='scheduled__2023-02-22T00:00:00+00:00'
[2023-09-12T17:34:26.749+0000] {logging_mixin.py:151} INFO - hello world
[2023-09-12T17:34:26.751+0000] {python.py:194} INFO - Done. Returned value was: None
[2023-09-12T17:34:26.771+0000] {taskinstance.py:1400} INFO - Marking task as SUCCESS. dag_id=tasks_relations, task_id=say_hello, execution_date=20230222T000000, start_date=20230912T173426, end_date=20230912T173426
[2023-09-12T17:34:26.860+0000] {local_task_job_runner.py:228} INFO - Task exited with return code 0
[2023-09-12T17:34:26.916+0000] {taskinstance.py:2784} INFO - 0 downstream tasks scheduled from follow-on schedule check
