[2023-09-05T15:27:59.822+0000] {taskinstance.py:1159} INFO - Dependencies all met for dep_context=non-requeueable deps ti=<TaskInstance: tasks_relations.this_way scheduled__2023-05-20T00:00:00+00:00 [queued]>
[2023-09-05T15:28:00.102+0000] {taskinstance.py:1159} INFO - Dependencies all met for dep_context=requeueable deps ti=<TaskInstance: tasks_relations.this_way scheduled__2023-05-20T00:00:00+00:00 [queued]>
[2023-09-05T15:28:00.116+0000] {taskinstance.py:1361} INFO - Starting attempt 1 of 1
[2023-09-05T15:28:00.271+0000] {taskinstance.py:1382} INFO - Executing <Task(_PythonDecoratedOperator): this_way> on 2023-05-20 00:00:00+00:00
[2023-09-05T15:28:00.337+0000] {standard_task_runner.py:57} INFO - Started process 1017 to run task
[2023-09-05T15:28:00.379+0000] {standard_task_runner.py:84} INFO - Running: ['***', 'tasks', 'run', 'tasks_relations', 'this_way', 'scheduled__2023-05-20T00:00:00+00:00', '--job-id', '447', '--raw', '--subdir', 'DAGS_FOLDER/tasks_relations.py', '--cfg-path', '/tmp/tmph9n52cfe']
[2023-09-05T15:28:00.478+0000] {standard_task_runner.py:85} INFO - Job 447: Subtask this_way
[2023-09-05T15:28:01.151+0000] {task_command.py:415} INFO - Running <TaskInstance: tasks_relations.this_way scheduled__2023-05-20T00:00:00+00:00 [running]> on host ca474790e981
[2023-09-05T15:28:02.221+0000] {taskinstance.py:1660} INFO - Exporting env vars: AIRFLOW_CTX_DAG_OWNER='***' AIRFLOW_CTX_DAG_ID='tasks_relations' AIRFLOW_CTX_TASK_ID='this_way' AIRFLOW_CTX_EXECUTION_DATE='2023-05-20T00:00:00+00:00' AIRFLOW_CTX_TRY_NUMBER='1' AIRFLOW_CTX_DAG_RUN_ID='scheduled__2023-05-20T00:00:00+00:00'
[2023-09-05T15:28:02.247+0000] {logging_mixin.py:151} INFO - THIS WAY!!!
[2023-09-05T15:28:02.260+0000] {python.py:194} INFO - Done. Returned value was: None
[2023-09-05T15:28:02.319+0000] {taskinstance.py:1400} INFO - Marking task as SUCCESS. dag_id=tasks_relations, task_id=this_way, execution_date=20230520T000000, start_date=20230905T152759, end_date=20230905T152802
[2023-09-05T15:28:02.688+0000] {local_task_job_runner.py:228} INFO - Task exited with return code 0
[2023-09-05T15:28:02.777+0000] {taskinstance.py:2784} INFO - 0 downstream tasks scheduled from follow-on schedule check
[2023-09-12T17:36:05.567+0000] {taskinstance.py:1159} INFO - Dependencies all met for dep_context=non-requeueable deps ti=<TaskInstance: tasks_relations.this_way scheduled__2023-05-20T00:00:00+00:00 [queued]>
[2023-09-12T17:36:05.622+0000] {taskinstance.py:1159} INFO - Dependencies all met for dep_context=requeueable deps ti=<TaskInstance: tasks_relations.this_way scheduled__2023-05-20T00:00:00+00:00 [queued]>
[2023-09-12T17:36:05.624+0000] {taskinstance.py:1361} INFO - Starting attempt 1 of 1
[2023-09-12T17:36:05.679+0000] {taskinstance.py:1382} INFO - Executing <Task(_PythonDecoratedOperator): this_way> on 2023-05-20 00:00:00+00:00
[2023-09-12T17:36:05.700+0000] {standard_task_runner.py:57} INFO - Started process 2384 to run task
[2023-09-12T17:36:05.728+0000] {standard_task_runner.py:84} INFO - Running: ['***', 'tasks', 'run', 'tasks_relations', 'this_way', 'scheduled__2023-05-20T00:00:00+00:00', '--job-id', '1119', '--raw', '--subdir', 'DAGS_FOLDER/2_tasks_relations.py', '--cfg-path', '/tmp/tmp55y8u36s']
[2023-09-12T17:36:05.747+0000] {standard_task_runner.py:85} INFO - Job 1119: Subtask this_way
[2023-09-12T17:36:06.023+0000] {task_command.py:415} INFO - Running <TaskInstance: tasks_relations.this_way scheduled__2023-05-20T00:00:00+00:00 [running]> on host 0ab7970e0956
[2023-09-12T17:36:06.353+0000] {taskinstance.py:1660} INFO - Exporting env vars: AIRFLOW_CTX_DAG_OWNER='***' AIRFLOW_CTX_DAG_ID='tasks_relations' AIRFLOW_CTX_TASK_ID='this_way' AIRFLOW_CTX_EXECUTION_DATE='2023-05-20T00:00:00+00:00' AIRFLOW_CTX_TRY_NUMBER='1' AIRFLOW_CTX_DAG_RUN_ID='scheduled__2023-05-20T00:00:00+00:00'
[2023-09-12T17:36:06.354+0000] {logging_mixin.py:151} INFO - THIS WAY!!!
[2023-09-12T17:36:06.354+0000] {python.py:194} INFO - Done. Returned value was: None
[2023-09-12T17:36:06.378+0000] {taskinstance.py:1400} INFO - Marking task as SUCCESS. dag_id=tasks_relations, task_id=this_way, execution_date=20230520T000000, start_date=20230912T173605, end_date=20230912T173606
[2023-09-12T17:36:06.463+0000] {local_task_job_runner.py:228} INFO - Task exited with return code 0
[2023-09-12T17:36:06.494+0000] {taskinstance.py:2784} INFO - 1 downstream tasks scheduled from follow-on schedule check
