[2023-09-05T15:31:38.803+0000] {taskinstance.py:1159} INFO - Dependencies all met for dep_context=non-requeueable deps ti=<TaskInstance: tasks_relations.or_that_way scheduled__2023-09-01T00:00:00+00:00 [queued]>
[2023-09-05T15:31:38.863+0000] {taskinstance.py:1159} INFO - Dependencies all met for dep_context=requeueable deps ti=<TaskInstance: tasks_relations.or_that_way scheduled__2023-09-01T00:00:00+00:00 [queued]>
[2023-09-05T15:31:38.864+0000] {taskinstance.py:1361} INFO - Starting attempt 1 of 1
[2023-09-05T15:31:38.937+0000] {taskinstance.py:1382} INFO - Executing <Task(_PythonDecoratedOperator): or_that_way> on 2023-09-01 00:00:00+00:00
[2023-09-05T15:31:38.988+0000] {standard_task_runner.py:57} INFO - Started process 2064 to run task
[2023-09-05T15:31:39.056+0000] {standard_task_runner.py:84} INFO - Running: ['***', 'tasks', 'run', 'tasks_relations', 'or_that_way', 'scheduled__2023-09-01T00:00:00+00:00', '--job-id', '945', '--raw', '--subdir', 'DAGS_FOLDER/tasks_relations.py', '--cfg-path', '/tmp/tmpqktt8qj3']
[2023-09-05T15:31:39.074+0000] {standard_task_runner.py:85} INFO - Job 945: Subtask or_that_way
[2023-09-05T15:31:39.625+0000] {task_command.py:415} INFO - Running <TaskInstance: tasks_relations.or_that_way scheduled__2023-09-01T00:00:00+00:00 [running]> on host ca474790e981
[2023-09-05T15:31:40.174+0000] {taskinstance.py:1660} INFO - Exporting env vars: AIRFLOW_CTX_DAG_OWNER='***' AIRFLOW_CTX_DAG_ID='tasks_relations' AIRFLOW_CTX_TASK_ID='or_that_way' AIRFLOW_CTX_EXECUTION_DATE='2023-09-01T00:00:00+00:00' AIRFLOW_CTX_TRY_NUMBER='1' AIRFLOW_CTX_DAG_RUN_ID='scheduled__2023-09-01T00:00:00+00:00'
[2023-09-05T15:31:40.181+0000] {logging_mixin.py:151} INFO - NO NO, THAT WAY WAY!!!
[2023-09-05T15:31:40.188+0000] {python.py:194} INFO - Done. Returned value was: None
[2023-09-05T15:31:40.306+0000] {taskinstance.py:1400} INFO - Marking task as SUCCESS. dag_id=tasks_relations, task_id=or_that_way, execution_date=20230901T000000, start_date=20230905T153138, end_date=20230905T153140
[2023-09-05T15:31:40.540+0000] {local_task_job_runner.py:228} INFO - Task exited with return code 0
[2023-09-05T15:31:40.755+0000] {taskinstance.py:2784} INFO - 0 downstream tasks scheduled from follow-on schedule check
[2023-09-12T17:37:54.404+0000] {taskinstance.py:1159} INFO - Dependencies all met for dep_context=non-requeueable deps ti=<TaskInstance: tasks_relations.or_that_way scheduled__2023-09-01T00:00:00+00:00 [queued]>
[2023-09-12T17:37:54.430+0000] {taskinstance.py:1159} INFO - Dependencies all met for dep_context=requeueable deps ti=<TaskInstance: tasks_relations.or_that_way scheduled__2023-09-01T00:00:00+00:00 [queued]>
[2023-09-12T17:37:54.435+0000] {taskinstance.py:1361} INFO - Starting attempt 1 of 1
[2023-09-12T17:37:54.482+0000] {taskinstance.py:1382} INFO - Executing <Task(_PythonDecoratedOperator): or_that_way> on 2023-09-01 00:00:00+00:00
[2023-09-12T17:37:54.493+0000] {standard_task_runner.py:57} INFO - Started process 3622 to run task
[2023-09-12T17:37:54.561+0000] {standard_task_runner.py:84} INFO - Running: ['***', 'tasks', 'run', 'tasks_relations', 'or_that_way', 'scheduled__2023-09-01T00:00:00+00:00', '--job-id', '1726', '--raw', '--subdir', 'DAGS_FOLDER/2_tasks_relations.py', '--cfg-path', '/tmp/tmpa78h7dm9']
[2023-09-12T17:37:54.570+0000] {standard_task_runner.py:85} INFO - Job 1726: Subtask or_that_way
[2023-09-12T17:37:55.091+0000] {task_command.py:415} INFO - Running <TaskInstance: tasks_relations.or_that_way scheduled__2023-09-01T00:00:00+00:00 [running]> on host 0ab7970e0956
[2023-09-12T17:37:55.516+0000] {taskinstance.py:1660} INFO - Exporting env vars: AIRFLOW_CTX_DAG_OWNER='***' AIRFLOW_CTX_DAG_ID='tasks_relations' AIRFLOW_CTX_TASK_ID='or_that_way' AIRFLOW_CTX_EXECUTION_DATE='2023-09-01T00:00:00+00:00' AIRFLOW_CTX_TRY_NUMBER='1' AIRFLOW_CTX_DAG_RUN_ID='scheduled__2023-09-01T00:00:00+00:00'
[2023-09-12T17:37:55.525+0000] {logging_mixin.py:151} INFO - NO NO, THAT WAY WAY!!!
[2023-09-12T17:37:55.527+0000] {python.py:194} INFO - Done. Returned value was: None
[2023-09-12T17:37:55.560+0000] {taskinstance.py:1400} INFO - Marking task as SUCCESS. dag_id=tasks_relations, task_id=or_that_way, execution_date=20230901T000000, start_date=20230912T173754, end_date=20230912T173755
[2023-09-12T17:37:55.668+0000] {local_task_job_runner.py:228} INFO - Task exited with return code 0
[2023-09-12T17:37:55.741+0000] {taskinstance.py:2784} INFO - 1 downstream tasks scheduled from follow-on schedule check
