[2023-09-05T15:30:54.626+0000] {taskinstance.py:1159} INFO - Dependencies all met for dep_context=non-requeueable deps ti=<TaskInstance: tasks_relations.say_bye scheduled__2023-08-06T00:00:00+00:00 [queued]>
[2023-09-05T15:30:54.746+0000] {taskinstance.py:1159} INFO - Dependencies all met for dep_context=requeueable deps ti=<TaskInstance: tasks_relations.say_bye scheduled__2023-08-06T00:00:00+00:00 [queued]>
[2023-09-05T15:30:54.748+0000] {taskinstance.py:1361} INFO - Starting attempt 1 of 1
[2023-09-05T15:30:54.919+0000] {taskinstance.py:1382} INFO - Executing <Task(_PythonDecoratedOperator): say_bye> on 2023-08-06 00:00:00+00:00
[2023-09-05T15:30:54.992+0000] {standard_task_runner.py:57} INFO - Started process 1819 to run task
[2023-09-05T15:30:55.059+0000] {standard_task_runner.py:84} INFO - Running: ['***', 'tasks', 'run', 'tasks_relations', 'say_bye', 'scheduled__2023-08-06T00:00:00+00:00', '--job-id', '827', '--raw', '--subdir', 'DAGS_FOLDER/tasks_relations.py', '--cfg-path', '/tmp/tmpwy5803ob']
[2023-09-05T15:30:55.071+0000] {standard_task_runner.py:85} INFO - Job 827: Subtask say_bye
[2023-09-05T15:30:55.839+0000] {task_command.py:415} INFO - Running <TaskInstance: tasks_relations.say_bye scheduled__2023-08-06T00:00:00+00:00 [running]> on host ca474790e981
[2023-09-05T15:30:56.537+0000] {taskinstance.py:1660} INFO - Exporting env vars: AIRFLOW_CTX_DAG_OWNER='***' AIRFLOW_CTX_DAG_ID='tasks_relations' AIRFLOW_CTX_TASK_ID='say_bye' AIRFLOW_CTX_EXECUTION_DATE='2023-08-06T00:00:00+00:00' AIRFLOW_CTX_TRY_NUMBER='1' AIRFLOW_CTX_DAG_RUN_ID='scheduled__2023-08-06T00:00:00+00:00'
[2023-09-05T15:30:56.552+0000] {logging_mixin.py:151} INFO - goodbye world
[2023-09-05T15:30:56.564+0000] {python.py:194} INFO - Done. Returned value was: None
[2023-09-05T15:30:56.653+0000] {taskinstance.py:1400} INFO - Marking task as SUCCESS. dag_id=tasks_relations, task_id=say_bye, execution_date=20230806T000000, start_date=20230905T153054, end_date=20230905T153056
[2023-09-05T15:30:56.897+0000] {local_task_job_runner.py:228} INFO - Task exited with return code 0
[2023-09-05T15:30:57.028+0000] {taskinstance.py:2784} INFO - 0 downstream tasks scheduled from follow-on schedule check
[2023-09-12T17:37:29.352+0000] {taskinstance.py:1159} INFO - Dependencies all met for dep_context=non-requeueable deps ti=<TaskInstance: tasks_relations.say_bye scheduled__2023-08-06T00:00:00+00:00 [queued]>
[2023-09-12T17:37:29.383+0000] {taskinstance.py:1159} INFO - Dependencies all met for dep_context=requeueable deps ti=<TaskInstance: tasks_relations.say_bye scheduled__2023-08-06T00:00:00+00:00 [queued]>
[2023-09-12T17:37:29.387+0000] {taskinstance.py:1361} INFO - Starting attempt 1 of 1
[2023-09-12T17:37:29.433+0000] {taskinstance.py:1382} INFO - Executing <Task(_PythonDecoratedOperator): say_bye> on 2023-08-06 00:00:00+00:00
[2023-09-12T17:37:29.444+0000] {standard_task_runner.py:57} INFO - Started process 3330 to run task
[2023-09-12T17:37:29.459+0000] {standard_task_runner.py:84} INFO - Running: ['***', 'tasks', 'run', 'tasks_relations', 'say_bye', 'scheduled__2023-08-06T00:00:00+00:00', '--job-id', '1585', '--raw', '--subdir', 'DAGS_FOLDER/2_tasks_relations.py', '--cfg-path', '/tmp/tmpdah0et8j']
[2023-09-12T17:37:29.462+0000] {standard_task_runner.py:85} INFO - Job 1585: Subtask say_bye
[2023-09-12T17:37:29.587+0000] {task_command.py:415} INFO - Running <TaskInstance: tasks_relations.say_bye scheduled__2023-08-06T00:00:00+00:00 [running]> on host 0ab7970e0956
[2023-09-12T17:37:29.761+0000] {taskinstance.py:1660} INFO - Exporting env vars: AIRFLOW_CTX_DAG_OWNER='***' AIRFLOW_CTX_DAG_ID='tasks_relations' AIRFLOW_CTX_TASK_ID='say_bye' AIRFLOW_CTX_EXECUTION_DATE='2023-08-06T00:00:00+00:00' AIRFLOW_CTX_TRY_NUMBER='1' AIRFLOW_CTX_DAG_RUN_ID='scheduled__2023-08-06T00:00:00+00:00'
[2023-09-12T17:37:29.765+0000] {logging_mixin.py:151} INFO - goodbye world
[2023-09-12T17:37:29.766+0000] {python.py:194} INFO - Done. Returned value was: None
[2023-09-12T17:37:29.776+0000] {taskinstance.py:1400} INFO - Marking task as SUCCESS. dag_id=tasks_relations, task_id=say_bye, execution_date=20230806T000000, start_date=20230912T173729, end_date=20230912T173729
[2023-09-12T17:37:29.842+0000] {local_task_job_runner.py:228} INFO - Task exited with return code 0
[2023-09-12T17:37:29.878+0000] {taskinstance.py:2784} INFO - 2 downstream tasks scheduled from follow-on schedule check
