[2023-09-05T15:28:25.770+0000] {taskinstance.py:1159} INFO - Dependencies all met for dep_context=non-requeueable deps ti=<TaskInstance: tasks_relations.say_hello scheduled__2023-06-01T00:00:00+00:00 [queued]>
[2023-09-05T15:28:25.923+0000] {taskinstance.py:1159} INFO - Dependencies all met for dep_context=requeueable deps ti=<TaskInstance: tasks_relations.say_hello scheduled__2023-06-01T00:00:00+00:00 [queued]>
[2023-09-05T15:28:25.980+0000] {taskinstance.py:1361} INFO - Starting attempt 1 of 1
[2023-09-05T15:28:26.386+0000] {taskinstance.py:1382} INFO - Executing <Task(_PythonDecoratedOperator): say_hello> on 2023-06-01 00:00:00+00:00
[2023-09-05T15:28:26.416+0000] {standard_task_runner.py:57} INFO - Started process 1098 to run task
[2023-09-05T15:28:26.500+0000] {standard_task_runner.py:84} INFO - Running: ['***', 'tasks', 'run', 'tasks_relations', 'say_hello', 'scheduled__2023-06-01T00:00:00+00:00', '--job-id', '484', '--raw', '--subdir', 'DAGS_FOLDER/tasks_relations.py', '--cfg-path', '/tmp/tmptuf9vz51']
[2023-09-05T15:28:26.600+0000] {standard_task_runner.py:85} INFO - Job 484: Subtask say_hello
[2023-09-05T15:28:27.280+0000] {task_command.py:415} INFO - Running <TaskInstance: tasks_relations.say_hello scheduled__2023-06-01T00:00:00+00:00 [running]> on host ca474790e981
[2023-09-05T15:28:28.259+0000] {taskinstance.py:1660} INFO - Exporting env vars: AIRFLOW_CTX_DAG_OWNER='***' AIRFLOW_CTX_DAG_ID='tasks_relations' AIRFLOW_CTX_TASK_ID='say_hello' AIRFLOW_CTX_EXECUTION_DATE='2023-06-01T00:00:00+00:00' AIRFLOW_CTX_TRY_NUMBER='1' AIRFLOW_CTX_DAG_RUN_ID='scheduled__2023-06-01T00:00:00+00:00'
[2023-09-05T15:28:28.277+0000] {logging_mixin.py:151} INFO - hello world
[2023-09-05T15:28:28.278+0000] {python.py:194} INFO - Done. Returned value was: None
[2023-09-05T15:28:28.692+0000] {taskinstance.py:1400} INFO - Marking task as SUCCESS. dag_id=tasks_relations, task_id=say_hello, execution_date=20230601T000000, start_date=20230905T152825, end_date=20230905T152828
[2023-09-05T15:28:28.941+0000] {local_task_job_runner.py:228} INFO - Task exited with return code 0
[2023-09-05T15:28:29.424+0000] {taskinstance.py:2784} INFO - 0 downstream tasks scheduled from follow-on schedule check
[2023-09-12T17:36:13.272+0000] {taskinstance.py:1159} INFO - Dependencies all met for dep_context=non-requeueable deps ti=<TaskInstance: tasks_relations.say_hello scheduled__2023-06-01T00:00:00+00:00 [queued]>
[2023-09-12T17:36:13.306+0000] {taskinstance.py:1159} INFO - Dependencies all met for dep_context=requeueable deps ti=<TaskInstance: tasks_relations.say_hello scheduled__2023-06-01T00:00:00+00:00 [queued]>
[2023-09-12T17:36:13.310+0000] {taskinstance.py:1361} INFO - Starting attempt 1 of 1
[2023-09-12T17:36:13.347+0000] {taskinstance.py:1382} INFO - Executing <Task(_PythonDecoratedOperator): say_hello> on 2023-06-01 00:00:00+00:00
[2023-09-12T17:36:13.368+0000] {standard_task_runner.py:57} INFO - Started process 2472 to run task
[2023-09-12T17:36:13.394+0000] {standard_task_runner.py:84} INFO - Running: ['***', 'tasks', 'run', 'tasks_relations', 'say_hello', 'scheduled__2023-06-01T00:00:00+00:00', '--job-id', '1163', '--raw', '--subdir', 'DAGS_FOLDER/2_tasks_relations.py', '--cfg-path', '/tmp/tmp0d9_bx6y']
[2023-09-12T17:36:13.398+0000] {standard_task_runner.py:85} INFO - Job 1163: Subtask say_hello
[2023-09-12T17:36:13.528+0000] {task_command.py:415} INFO - Running <TaskInstance: tasks_relations.say_hello scheduled__2023-06-01T00:00:00+00:00 [running]> on host 0ab7970e0956
[2023-09-12T17:36:13.730+0000] {taskinstance.py:1660} INFO - Exporting env vars: AIRFLOW_CTX_DAG_OWNER='***' AIRFLOW_CTX_DAG_ID='tasks_relations' AIRFLOW_CTX_TASK_ID='say_hello' AIRFLOW_CTX_EXECUTION_DATE='2023-06-01T00:00:00+00:00' AIRFLOW_CTX_TRY_NUMBER='1' AIRFLOW_CTX_DAG_RUN_ID='scheduled__2023-06-01T00:00:00+00:00'
[2023-09-12T17:36:13.732+0000] {logging_mixin.py:151} INFO - hello world
[2023-09-12T17:36:13.735+0000] {python.py:194} INFO - Done. Returned value was: None
[2023-09-12T17:36:13.761+0000] {taskinstance.py:1400} INFO - Marking task as SUCCESS. dag_id=tasks_relations, task_id=say_hello, execution_date=20230601T000000, start_date=20230912T173613, end_date=20230912T173613
[2023-09-12T17:36:13.793+0000] {local_task_job_runner.py:228} INFO - Task exited with return code 0
[2023-09-12T17:36:13.888+0000] {taskinstance.py:2784} INFO - 0 downstream tasks scheduled from follow-on schedule check
