[2023-09-05T15:31:38.960+0000] {taskinstance.py:1159} INFO - Dependencies all met for dep_context=non-requeueable deps ti=<TaskInstance: tasks_relations.this_way scheduled__2023-08-28T00:00:00+00:00 [queued]>
[2023-09-05T15:31:38.990+0000] {taskinstance.py:1159} INFO - Dependencies all met for dep_context=requeueable deps ti=<TaskInstance: tasks_relations.this_way scheduled__2023-08-28T00:00:00+00:00 [queued]>
[2023-09-05T15:31:38.997+0000] {taskinstance.py:1361} INFO - Starting attempt 1 of 1
[2023-09-05T15:31:39.022+0000] {taskinstance.py:1382} INFO - Executing <Task(_PythonDecoratedOperator): this_way> on 2023-08-28 00:00:00+00:00
[2023-09-05T15:31:39.031+0000] {standard_task_runner.py:57} INFO - Started process 2066 to run task
[2023-09-05T15:31:39.068+0000] {standard_task_runner.py:84} INFO - Running: ['***', 'tasks', 'run', 'tasks_relations', 'this_way', 'scheduled__2023-08-28T00:00:00+00:00', '--job-id', '950', '--raw', '--subdir', 'DAGS_FOLDER/tasks_relations.py', '--cfg-path', '/tmp/tmpwz8qdce5']
[2023-09-05T15:31:39.080+0000] {standard_task_runner.py:85} INFO - Job 950: Subtask this_way
[2023-09-05T15:31:39.544+0000] {task_command.py:415} INFO - Running <TaskInstance: tasks_relations.this_way scheduled__2023-08-28T00:00:00+00:00 [running]> on host ca474790e981
[2023-09-05T15:31:39.896+0000] {taskinstance.py:1660} INFO - Exporting env vars: AIRFLOW_CTX_DAG_OWNER='***' AIRFLOW_CTX_DAG_ID='tasks_relations' AIRFLOW_CTX_TASK_ID='this_way' AIRFLOW_CTX_EXECUTION_DATE='2023-08-28T00:00:00+00:00' AIRFLOW_CTX_TRY_NUMBER='1' AIRFLOW_CTX_DAG_RUN_ID='scheduled__2023-08-28T00:00:00+00:00'
[2023-09-05T15:31:39.906+0000] {logging_mixin.py:151} INFO - THIS WAY!!!
[2023-09-05T15:31:39.909+0000] {python.py:194} INFO - Done. Returned value was: None
[2023-09-05T15:31:39.935+0000] {taskinstance.py:1400} INFO - Marking task as SUCCESS. dag_id=tasks_relations, task_id=this_way, execution_date=20230828T000000, start_date=20230905T153138, end_date=20230905T153139
[2023-09-05T15:31:40.116+0000] {local_task_job_runner.py:228} INFO - Task exited with return code 0
[2023-09-05T15:31:40.156+0000] {taskinstance.py:2784} INFO - 0 downstream tasks scheduled from follow-on schedule check
[2023-09-12T17:37:54.543+0000] {taskinstance.py:1159} INFO - Dependencies all met for dep_context=non-requeueable deps ti=<TaskInstance: tasks_relations.this_way scheduled__2023-08-28T00:00:00+00:00 [queued]>
[2023-09-12T17:37:54.601+0000] {taskinstance.py:1159} INFO - Dependencies all met for dep_context=requeueable deps ti=<TaskInstance: tasks_relations.this_way scheduled__2023-08-28T00:00:00+00:00 [queued]>
[2023-09-12T17:37:54.607+0000] {taskinstance.py:1361} INFO - Starting attempt 1 of 1
[2023-09-12T17:37:54.745+0000] {taskinstance.py:1382} INFO - Executing <Task(_PythonDecoratedOperator): this_way> on 2023-08-28 00:00:00+00:00
[2023-09-12T17:37:54.770+0000] {standard_task_runner.py:57} INFO - Started process 3628 to run task
[2023-09-12T17:37:54.841+0000] {standard_task_runner.py:84} INFO - Running: ['***', 'tasks', 'run', 'tasks_relations', 'this_way', 'scheduled__2023-08-28T00:00:00+00:00', '--job-id', '1731', '--raw', '--subdir', 'DAGS_FOLDER/2_tasks_relations.py', '--cfg-path', '/tmp/tmp6907jcjx']
[2023-09-12T17:37:54.881+0000] {standard_task_runner.py:85} INFO - Job 1731: Subtask this_way
[2023-09-12T17:37:55.110+0000] {task_command.py:415} INFO - Running <TaskInstance: tasks_relations.this_way scheduled__2023-08-28T00:00:00+00:00 [running]> on host 0ab7970e0956
[2023-09-12T17:37:55.498+0000] {taskinstance.py:1660} INFO - Exporting env vars: AIRFLOW_CTX_DAG_OWNER='***' AIRFLOW_CTX_DAG_ID='tasks_relations' AIRFLOW_CTX_TASK_ID='this_way' AIRFLOW_CTX_EXECUTION_DATE='2023-08-28T00:00:00+00:00' AIRFLOW_CTX_TRY_NUMBER='1' AIRFLOW_CTX_DAG_RUN_ID='scheduled__2023-08-28T00:00:00+00:00'
[2023-09-12T17:37:55.502+0000] {logging_mixin.py:151} INFO - THIS WAY!!!
[2023-09-12T17:37:55.503+0000] {python.py:194} INFO - Done. Returned value was: None
[2023-09-12T17:37:55.555+0000] {taskinstance.py:1400} INFO - Marking task as SUCCESS. dag_id=tasks_relations, task_id=this_way, execution_date=20230828T000000, start_date=20230912T173754, end_date=20230912T173755
[2023-09-12T17:37:55.709+0000] {local_task_job_runner.py:228} INFO - Task exited with return code 0
[2023-09-12T17:37:55.813+0000] {taskinstance.py:2784} INFO - 1 downstream tasks scheduled from follow-on schedule check
