[2023-09-05T15:25:24.106+0000] {taskinstance.py:1159} INFO - Dependencies all met for dep_context=non-requeueable deps ti=<TaskInstance: tasks_relations.say_hello scheduled__2023-03-09T00:00:00+00:00 [queued]>
[2023-09-05T15:25:24.201+0000] {taskinstance.py:1159} INFO - Dependencies all met for dep_context=requeueable deps ti=<TaskInstance: tasks_relations.say_hello scheduled__2023-03-09T00:00:00+00:00 [queued]>
[2023-09-05T15:25:24.223+0000] {taskinstance.py:1361} INFO - Starting attempt 1 of 1
[2023-09-05T15:25:24.458+0000] {taskinstance.py:1382} INFO - Executing <Task(_PythonDecoratedOperator): say_hello> on 2023-03-09 00:00:00+00:00
[2023-09-05T15:25:24.500+0000] {standard_task_runner.py:57} INFO - Started process 501 to run task
[2023-09-05T15:25:24.533+0000] {standard_task_runner.py:84} INFO - Running: ['***', 'tasks', 'run', 'tasks_relations', 'say_hello', 'scheduled__2023-03-09T00:00:00+00:00', '--job-id', '209', '--raw', '--subdir', 'DAGS_FOLDER/tasks_relations.py', '--cfg-path', '/tmp/tmp0tg0fizo']
[2023-09-05T15:25:24.548+0000] {standard_task_runner.py:85} INFO - Job 209: Subtask say_hello
[2023-09-05T15:25:25.015+0000] {task_command.py:415} INFO - Running <TaskInstance: tasks_relations.say_hello scheduled__2023-03-09T00:00:00+00:00 [running]> on host ca474790e981
[2023-09-05T15:25:25.739+0000] {taskinstance.py:1660} INFO - Exporting env vars: AIRFLOW_CTX_DAG_OWNER='***' AIRFLOW_CTX_DAG_ID='tasks_relations' AIRFLOW_CTX_TASK_ID='say_hello' AIRFLOW_CTX_EXECUTION_DATE='2023-03-09T00:00:00+00:00' AIRFLOW_CTX_TRY_NUMBER='1' AIRFLOW_CTX_DAG_RUN_ID='scheduled__2023-03-09T00:00:00+00:00'
[2023-09-05T15:25:25.751+0000] {logging_mixin.py:151} INFO - hello ***
[2023-09-05T15:25:25.760+0000] {python.py:194} INFO - Done. Returned value was: None
[2023-09-05T15:25:25.838+0000] {taskinstance.py:1400} INFO - Marking task as SUCCESS. dag_id=tasks_relations, task_id=say_hello, execution_date=20230309T000000, start_date=20230905T152524, end_date=20230905T152525
[2023-09-05T15:25:26.092+0000] {local_task_job_runner.py:228} INFO - Task exited with return code 0
[2023-09-05T15:25:26.368+0000] {taskinstance.py:2784} INFO - 0 downstream tasks scheduled from follow-on schedule check
[2023-09-12T17:34:43.776+0000] {taskinstance.py:1159} INFO - Dependencies all met for dep_context=non-requeueable deps ti=<TaskInstance: tasks_relations.say_hello scheduled__2023-03-09T00:00:00+00:00 [queued]>
[2023-09-12T17:34:43.790+0000] {taskinstance.py:1159} INFO - Dependencies all met for dep_context=requeueable deps ti=<TaskInstance: tasks_relations.say_hello scheduled__2023-03-09T00:00:00+00:00 [queued]>
[2023-09-12T17:34:43.797+0000] {taskinstance.py:1361} INFO - Starting attempt 1 of 1
[2023-09-12T17:34:43.867+0000] {taskinstance.py:1382} INFO - Executing <Task(_PythonDecoratedOperator): say_hello> on 2023-03-09 00:00:00+00:00
[2023-09-12T17:34:43.871+0000] {standard_task_runner.py:57} INFO - Started process 1276 to run task
[2023-09-12T17:34:43.878+0000] {standard_task_runner.py:84} INFO - Running: ['***', 'tasks', 'run', 'tasks_relations', 'say_hello', 'scheduled__2023-03-09T00:00:00+00:00', '--job-id', '578', '--raw', '--subdir', 'DAGS_FOLDER/2_tasks_relations.py', '--cfg-path', '/tmp/tmpfj1o7eh6']
[2023-09-12T17:34:43.891+0000] {standard_task_runner.py:85} INFO - Job 578: Subtask say_hello
[2023-09-12T17:34:44.017+0000] {task_command.py:415} INFO - Running <TaskInstance: tasks_relations.say_hello scheduled__2023-03-09T00:00:00+00:00 [running]> on host 0ab7970e0956
[2023-09-12T17:34:44.177+0000] {taskinstance.py:1660} INFO - Exporting env vars: AIRFLOW_CTX_DAG_OWNER='***' AIRFLOW_CTX_DAG_ID='tasks_relations' AIRFLOW_CTX_TASK_ID='say_hello' AIRFLOW_CTX_EXECUTION_DATE='2023-03-09T00:00:00+00:00' AIRFLOW_CTX_TRY_NUMBER='1' AIRFLOW_CTX_DAG_RUN_ID='scheduled__2023-03-09T00:00:00+00:00'
[2023-09-12T17:34:44.180+0000] {logging_mixin.py:151} INFO - hello world
[2023-09-12T17:34:44.180+0000] {python.py:194} INFO - Done. Returned value was: None
[2023-09-12T17:34:44.192+0000] {taskinstance.py:1400} INFO - Marking task as SUCCESS. dag_id=tasks_relations, task_id=say_hello, execution_date=20230309T000000, start_date=20230912T173443, end_date=20230912T173444
[2023-09-12T17:34:44.232+0000] {local_task_job_runner.py:228} INFO - Task exited with return code 0
[2023-09-12T17:34:44.277+0000] {taskinstance.py:2784} INFO - 1 downstream tasks scheduled from follow-on schedule check
