[2023-09-05T15:30:56.958+0000] {taskinstance.py:1159} INFO - Dependencies all met for dep_context=non-requeueable deps ti=<TaskInstance: tasks_relations.say_bye scheduled__2023-08-09T00:00:00+00:00 [queued]>
[2023-09-05T15:30:57.115+0000] {taskinstance.py:1159} INFO - Dependencies all met for dep_context=requeueable deps ti=<TaskInstance: tasks_relations.say_bye scheduled__2023-08-09T00:00:00+00:00 [queued]>
[2023-09-05T15:30:57.124+0000] {taskinstance.py:1361} INFO - Starting attempt 1 of 1
[2023-09-05T15:30:57.254+0000] {taskinstance.py:1382} INFO - Executing <Task(_PythonDecoratedOperator): say_bye> on 2023-08-09 00:00:00+00:00
[2023-09-05T15:30:57.290+0000] {standard_task_runner.py:57} INFO - Started process 1826 to run task
[2023-09-05T15:30:57.350+0000] {standard_task_runner.py:84} INFO - Running: ['***', 'tasks', 'run', 'tasks_relations', 'say_bye', 'scheduled__2023-08-09T00:00:00+00:00', '--job-id', '832', '--raw', '--subdir', 'DAGS_FOLDER/tasks_relations.py', '--cfg-path', '/tmp/tmpzd803x5h']
[2023-09-05T15:30:57.355+0000] {standard_task_runner.py:85} INFO - Job 832: Subtask say_bye
[2023-09-05T15:30:57.683+0000] {task_command.py:415} INFO - Running <TaskInstance: tasks_relations.say_bye scheduled__2023-08-09T00:00:00+00:00 [running]> on host ca474790e981
[2023-09-05T15:30:58.141+0000] {taskinstance.py:1660} INFO - Exporting env vars: AIRFLOW_CTX_DAG_OWNER='***' AIRFLOW_CTX_DAG_ID='tasks_relations' AIRFLOW_CTX_TASK_ID='say_bye' AIRFLOW_CTX_EXECUTION_DATE='2023-08-09T00:00:00+00:00' AIRFLOW_CTX_TRY_NUMBER='1' AIRFLOW_CTX_DAG_RUN_ID='scheduled__2023-08-09T00:00:00+00:00'
[2023-09-05T15:30:58.145+0000] {logging_mixin.py:151} INFO - goodbye world
[2023-09-05T15:30:58.150+0000] {python.py:194} INFO - Done. Returned value was: None
[2023-09-05T15:30:58.231+0000] {taskinstance.py:1400} INFO - Marking task as SUCCESS. dag_id=tasks_relations, task_id=say_bye, execution_date=20230809T000000, start_date=20230905T153057, end_date=20230905T153058
[2023-09-05T15:30:58.401+0000] {local_task_job_runner.py:228} INFO - Task exited with return code 0
[2023-09-05T15:30:58.577+0000] {taskinstance.py:2784} INFO - 0 downstream tasks scheduled from follow-on schedule check
[2023-09-12T17:37:29.416+0000] {taskinstance.py:1159} INFO - Dependencies all met for dep_context=non-requeueable deps ti=<TaskInstance: tasks_relations.say_bye scheduled__2023-08-09T00:00:00+00:00 [queued]>
[2023-09-12T17:37:29.442+0000] {taskinstance.py:1159} INFO - Dependencies all met for dep_context=requeueable deps ti=<TaskInstance: tasks_relations.say_bye scheduled__2023-08-09T00:00:00+00:00 [queued]>
[2023-09-12T17:37:29.444+0000] {taskinstance.py:1361} INFO - Starting attempt 1 of 1
[2023-09-12T17:37:29.464+0000] {taskinstance.py:1382} INFO - Executing <Task(_PythonDecoratedOperator): say_bye> on 2023-08-09 00:00:00+00:00
[2023-09-12T17:37:29.471+0000] {standard_task_runner.py:57} INFO - Started process 3332 to run task
[2023-09-12T17:37:29.496+0000] {standard_task_runner.py:84} INFO - Running: ['***', 'tasks', 'run', 'tasks_relations', 'say_bye', 'scheduled__2023-08-09T00:00:00+00:00', '--job-id', '1586', '--raw', '--subdir', 'DAGS_FOLDER/2_tasks_relations.py', '--cfg-path', '/tmp/tmp7dd_whrd']
[2023-09-12T17:37:29.507+0000] {standard_task_runner.py:85} INFO - Job 1586: Subtask say_bye
[2023-09-12T17:37:29.659+0000] {task_command.py:415} INFO - Running <TaskInstance: tasks_relations.say_bye scheduled__2023-08-09T00:00:00+00:00 [running]> on host 0ab7970e0956
[2023-09-12T17:37:29.838+0000] {taskinstance.py:1660} INFO - Exporting env vars: AIRFLOW_CTX_DAG_OWNER='***' AIRFLOW_CTX_DAG_ID='tasks_relations' AIRFLOW_CTX_TASK_ID='say_bye' AIRFLOW_CTX_EXECUTION_DATE='2023-08-09T00:00:00+00:00' AIRFLOW_CTX_TRY_NUMBER='1' AIRFLOW_CTX_DAG_RUN_ID='scheduled__2023-08-09T00:00:00+00:00'
[2023-09-12T17:37:29.839+0000] {logging_mixin.py:151} INFO - goodbye world
[2023-09-12T17:37:29.839+0000] {python.py:194} INFO - Done. Returned value was: None
[2023-09-12T17:37:29.866+0000] {taskinstance.py:1400} INFO - Marking task as SUCCESS. dag_id=tasks_relations, task_id=say_bye, execution_date=20230809T000000, start_date=20230912T173729, end_date=20230912T173729
[2023-09-12T17:37:29.901+0000] {local_task_job_runner.py:228} INFO - Task exited with return code 0
[2023-09-12T17:37:29.933+0000] {taskinstance.py:2784} INFO - 2 downstream tasks scheduled from follow-on schedule check
