[2023-09-05T15:27:29.483+0000] {taskinstance.py:1159} INFO - Dependencies all met for dep_context=non-requeueable deps ti=<TaskInstance: tasks_relations.say_hello scheduled__2023-05-17T00:00:00+00:00 [queued]>
[2023-09-05T15:27:29.542+0000] {taskinstance.py:1159} INFO - Dependencies all met for dep_context=requeueable deps ti=<TaskInstance: tasks_relations.say_hello scheduled__2023-05-17T00:00:00+00:00 [queued]>
[2023-09-05T15:27:29.551+0000] {taskinstance.py:1361} INFO - Starting attempt 1 of 1
[2023-09-05T15:27:29.917+0000] {taskinstance.py:1382} INFO - Executing <Task(_PythonDecoratedOperator): say_hello> on 2023-05-17 00:00:00+00:00
[2023-09-05T15:27:29.943+0000] {standard_task_runner.py:57} INFO - Started process 919 to run task
[2023-09-05T15:27:29.965+0000] {standard_task_runner.py:84} INFO - Running: ['***', 'tasks', 'run', 'tasks_relations', 'say_hello', 'scheduled__2023-05-17T00:00:00+00:00', '--job-id', '399', '--raw', '--subdir', 'DAGS_FOLDER/tasks_relations.py', '--cfg-path', '/tmp/tmpvq7m6zgx']
[2023-09-05T15:27:30.018+0000] {standard_task_runner.py:85} INFO - Job 399: Subtask say_hello
[2023-09-05T15:27:30.693+0000] {task_command.py:415} INFO - Running <TaskInstance: tasks_relations.say_hello scheduled__2023-05-17T00:00:00+00:00 [running]> on host ca474790e981
[2023-09-05T15:27:31.799+0000] {taskinstance.py:1660} INFO - Exporting env vars: AIRFLOW_CTX_DAG_OWNER='***' AIRFLOW_CTX_DAG_ID='tasks_relations' AIRFLOW_CTX_TASK_ID='say_hello' AIRFLOW_CTX_EXECUTION_DATE='2023-05-17T00:00:00+00:00' AIRFLOW_CTX_TRY_NUMBER='1' AIRFLOW_CTX_DAG_RUN_ID='scheduled__2023-05-17T00:00:00+00:00'
[2023-09-05T15:27:32.080+0000] {logging_mixin.py:151} INFO - hello world
[2023-09-05T15:27:32.089+0000] {python.py:194} INFO - Done. Returned value was: None
[2023-09-05T15:27:32.372+0000] {taskinstance.py:1400} INFO - Marking task as SUCCESS. dag_id=tasks_relations, task_id=say_hello, execution_date=20230517T000000, start_date=20230905T152729, end_date=20230905T152732
[2023-09-05T15:27:33.009+0000] {local_task_job_runner.py:228} INFO - Task exited with return code 0
[2023-09-05T15:27:34.519+0000] {taskinstance.py:2784} INFO - 1 downstream tasks scheduled from follow-on schedule check
[2023-09-12T17:35:57.866+0000] {taskinstance.py:1159} INFO - Dependencies all met for dep_context=non-requeueable deps ti=<TaskInstance: tasks_relations.say_hello scheduled__2023-05-17T00:00:00+00:00 [queued]>
[2023-09-12T17:35:57.881+0000] {taskinstance.py:1159} INFO - Dependencies all met for dep_context=requeueable deps ti=<TaskInstance: tasks_relations.say_hello scheduled__2023-05-17T00:00:00+00:00 [queued]>
[2023-09-12T17:35:57.881+0000] {taskinstance.py:1361} INFO - Starting attempt 1 of 1
[2023-09-12T17:35:57.902+0000] {taskinstance.py:1382} INFO - Executing <Task(_PythonDecoratedOperator): say_hello> on 2023-05-17 00:00:00+00:00
[2023-09-12T17:35:57.908+0000] {standard_task_runner.py:57} INFO - Started process 2271 to run task
[2023-09-12T17:35:57.933+0000] {standard_task_runner.py:84} INFO - Running: ['***', 'tasks', 'run', 'tasks_relations', 'say_hello', 'scheduled__2023-05-17T00:00:00+00:00', '--job-id', '1068', '--raw', '--subdir', 'DAGS_FOLDER/2_tasks_relations.py', '--cfg-path', '/tmp/tmpfpf6ujhz']
[2023-09-12T17:35:57.949+0000] {standard_task_runner.py:85} INFO - Job 1068: Subtask say_hello
[2023-09-12T17:35:58.090+0000] {task_command.py:415} INFO - Running <TaskInstance: tasks_relations.say_hello scheduled__2023-05-17T00:00:00+00:00 [running]> on host 0ab7970e0956
[2023-09-12T17:35:58.257+0000] {taskinstance.py:1660} INFO - Exporting env vars: AIRFLOW_CTX_DAG_OWNER='***' AIRFLOW_CTX_DAG_ID='tasks_relations' AIRFLOW_CTX_TASK_ID='say_hello' AIRFLOW_CTX_EXECUTION_DATE='2023-05-17T00:00:00+00:00' AIRFLOW_CTX_TRY_NUMBER='1' AIRFLOW_CTX_DAG_RUN_ID='scheduled__2023-05-17T00:00:00+00:00'
[2023-09-12T17:35:58.267+0000] {logging_mixin.py:151} INFO - hello world
[2023-09-12T17:35:58.267+0000] {python.py:194} INFO - Done. Returned value was: None
[2023-09-12T17:35:58.288+0000] {taskinstance.py:1400} INFO - Marking task as SUCCESS. dag_id=tasks_relations, task_id=say_hello, execution_date=20230517T000000, start_date=20230912T173557, end_date=20230912T173558
[2023-09-12T17:35:58.388+0000] {local_task_job_runner.py:228} INFO - Task exited with return code 0
[2023-09-12T17:35:58.484+0000] {taskinstance.py:2784} INFO - 1 downstream tasks scheduled from follow-on schedule check
