[2023-09-05T15:26:29.074+0000] {taskinstance.py:1159} INFO - Dependencies all met for dep_context=non-requeueable deps ti=<TaskInstance: tasks_relations.say_bye scheduled__2023-04-18T00:00:00+00:00 [queued]>
[2023-09-05T15:26:29.174+0000] {taskinstance.py:1159} INFO - Dependencies all met for dep_context=requeueable deps ti=<TaskInstance: tasks_relations.say_bye scheduled__2023-04-18T00:00:00+00:00 [queued]>
[2023-09-05T15:26:29.180+0000] {taskinstance.py:1361} INFO - Starting attempt 1 of 1
[2023-09-05T15:26:29.550+0000] {taskinstance.py:1382} INFO - Executing <Task(_PythonDecoratedOperator): say_bye> on 2023-04-18 00:00:00+00:00
[2023-09-05T15:26:29.561+0000] {standard_task_runner.py:57} INFO - Started process 795 to run task
[2023-09-05T15:26:29.581+0000] {standard_task_runner.py:84} INFO - Running: ['***', 'tasks', 'run', 'tasks_relations', 'say_bye', 'scheduled__2023-04-18T00:00:00+00:00', '--job-id', '349', '--raw', '--subdir', 'DAGS_FOLDER/tasks_relations.py', '--cfg-path', '/tmp/tmpdw25iekf']
[2023-09-05T15:26:29.585+0000] {standard_task_runner.py:85} INFO - Job 349: Subtask say_bye
[2023-09-05T15:26:30.305+0000] {task_command.py:415} INFO - Running <TaskInstance: tasks_relations.say_bye scheduled__2023-04-18T00:00:00+00:00 [running]> on host ca474790e981
[2023-09-05T15:26:31.058+0000] {taskinstance.py:1660} INFO - Exporting env vars: AIRFLOW_CTX_DAG_OWNER='***' AIRFLOW_CTX_DAG_ID='tasks_relations' AIRFLOW_CTX_TASK_ID='say_bye' AIRFLOW_CTX_EXECUTION_DATE='2023-04-18T00:00:00+00:00' AIRFLOW_CTX_TRY_NUMBER='1' AIRFLOW_CTX_DAG_RUN_ID='scheduled__2023-04-18T00:00:00+00:00'
[2023-09-05T15:26:31.070+0000] {logging_mixin.py:151} INFO - goodbye ***
[2023-09-05T15:26:31.072+0000] {python.py:194} INFO - Done. Returned value was: None
[2023-09-05T15:26:31.207+0000] {taskinstance.py:1400} INFO - Marking task as SUCCESS. dag_id=tasks_relations, task_id=say_bye, execution_date=20230418T000000, start_date=20230905T152629, end_date=20230905T152631
[2023-09-05T15:26:31.717+0000] {local_task_job_runner.py:228} INFO - Task exited with return code 0
[2023-09-05T15:26:31.941+0000] {taskinstance.py:2784} INFO - 0 downstream tasks scheduled from follow-on schedule check
[2023-09-12T17:35:25.413+0000] {taskinstance.py:1159} INFO - Dependencies all met for dep_context=non-requeueable deps ti=<TaskInstance: tasks_relations.say_bye scheduled__2023-04-18T00:00:00+00:00 [queued]>
[2023-09-12T17:35:25.450+0000] {taskinstance.py:1159} INFO - Dependencies all met for dep_context=requeueable deps ti=<TaskInstance: tasks_relations.say_bye scheduled__2023-04-18T00:00:00+00:00 [queued]>
[2023-09-12T17:35:25.454+0000] {taskinstance.py:1361} INFO - Starting attempt 1 of 1
[2023-09-12T17:35:25.596+0000] {taskinstance.py:1382} INFO - Executing <Task(_PythonDecoratedOperator): say_bye> on 2023-04-18 00:00:00+00:00
[2023-09-12T17:35:25.609+0000] {standard_task_runner.py:57} INFO - Started process 1862 to run task
[2023-09-12T17:35:25.661+0000] {standard_task_runner.py:84} INFO - Running: ['***', 'tasks', 'run', 'tasks_relations', 'say_bye', 'scheduled__2023-04-18T00:00:00+00:00', '--job-id', '865', '--raw', '--subdir', 'DAGS_FOLDER/2_tasks_relations.py', '--cfg-path', '/tmp/tmpd036c9du']
[2023-09-12T17:35:25.694+0000] {standard_task_runner.py:85} INFO - Job 865: Subtask say_bye
[2023-09-12T17:35:25.934+0000] {task_command.py:415} INFO - Running <TaskInstance: tasks_relations.say_bye scheduled__2023-04-18T00:00:00+00:00 [running]> on host 0ab7970e0956
[2023-09-12T17:35:26.191+0000] {taskinstance.py:1660} INFO - Exporting env vars: AIRFLOW_CTX_DAG_OWNER='***' AIRFLOW_CTX_DAG_ID='tasks_relations' AIRFLOW_CTX_TASK_ID='say_bye' AIRFLOW_CTX_EXECUTION_DATE='2023-04-18T00:00:00+00:00' AIRFLOW_CTX_TRY_NUMBER='1' AIRFLOW_CTX_DAG_RUN_ID='scheduled__2023-04-18T00:00:00+00:00'
[2023-09-12T17:35:26.198+0000] {logging_mixin.py:151} INFO - goodbye world
[2023-09-12T17:35:26.208+0000] {python.py:194} INFO - Done. Returned value was: None
[2023-09-12T17:35:26.240+0000] {taskinstance.py:1400} INFO - Marking task as SUCCESS. dag_id=tasks_relations, task_id=say_bye, execution_date=20230418T000000, start_date=20230912T173525, end_date=20230912T173526
[2023-09-12T17:35:26.329+0000] {local_task_job_runner.py:228} INFO - Task exited with return code 0
[2023-09-12T17:35:26.398+0000] {taskinstance.py:2784} INFO - 2 downstream tasks scheduled from follow-on schedule check
