[2023-09-05T15:31:38.978+0000] {taskinstance.py:1159} INFO - Dependencies all met for dep_context=non-requeueable deps ti=<TaskInstance: tasks_relations.or_that_way scheduled__2023-08-30T00:00:00+00:00 [queued]>
[2023-09-05T15:31:39.079+0000] {taskinstance.py:1159} INFO - Dependencies all met for dep_context=requeueable deps ti=<TaskInstance: tasks_relations.or_that_way scheduled__2023-08-30T00:00:00+00:00 [queued]>
[2023-09-05T15:31:39.081+0000] {taskinstance.py:1361} INFO - Starting attempt 1 of 1
[2023-09-05T15:31:39.191+0000] {taskinstance.py:1382} INFO - Executing <Task(_PythonDecoratedOperator): or_that_way> on 2023-08-30 00:00:00+00:00
[2023-09-05T15:31:39.237+0000] {standard_task_runner.py:57} INFO - Started process 2069 to run task
[2023-09-05T15:31:39.273+0000] {standard_task_runner.py:84} INFO - Running: ['***', 'tasks', 'run', 'tasks_relations', 'or_that_way', 'scheduled__2023-08-30T00:00:00+00:00', '--job-id', '947', '--raw', '--subdir', 'DAGS_FOLDER/tasks_relations.py', '--cfg-path', '/tmp/tmp3pdbolna']
[2023-09-05T15:31:39.289+0000] {standard_task_runner.py:85} INFO - Job 947: Subtask or_that_way
[2023-09-05T15:31:39.708+0000] {task_command.py:415} INFO - Running <TaskInstance: tasks_relations.or_that_way scheduled__2023-08-30T00:00:00+00:00 [running]> on host ca474790e981
[2023-09-05T15:31:40.255+0000] {taskinstance.py:1660} INFO - Exporting env vars: AIRFLOW_CTX_DAG_OWNER='***' AIRFLOW_CTX_DAG_ID='tasks_relations' AIRFLOW_CTX_TASK_ID='or_that_way' AIRFLOW_CTX_EXECUTION_DATE='2023-08-30T00:00:00+00:00' AIRFLOW_CTX_TRY_NUMBER='1' AIRFLOW_CTX_DAG_RUN_ID='scheduled__2023-08-30T00:00:00+00:00'
[2023-09-05T15:31:40.280+0000] {logging_mixin.py:151} INFO - NO NO, THAT WAY WAY!!!
[2023-09-05T15:31:40.286+0000] {python.py:194} INFO - Done. Returned value was: None
[2023-09-05T15:31:40.366+0000] {taskinstance.py:1400} INFO - Marking task as SUCCESS. dag_id=tasks_relations, task_id=or_that_way, execution_date=20230830T000000, start_date=20230905T153139, end_date=20230905T153140
[2023-09-05T15:31:40.605+0000] {local_task_job_runner.py:228} INFO - Task exited with return code 0
[2023-09-05T15:31:40.703+0000] {taskinstance.py:2784} INFO - 0 downstream tasks scheduled from follow-on schedule check
[2023-09-12T17:37:54.371+0000] {taskinstance.py:1159} INFO - Dependencies all met for dep_context=non-requeueable deps ti=<TaskInstance: tasks_relations.or_that_way scheduled__2023-08-30T00:00:00+00:00 [queued]>
[2023-09-12T17:37:54.420+0000] {taskinstance.py:1159} INFO - Dependencies all met for dep_context=requeueable deps ti=<TaskInstance: tasks_relations.or_that_way scheduled__2023-08-30T00:00:00+00:00 [queued]>
[2023-09-12T17:37:54.429+0000] {taskinstance.py:1361} INFO - Starting attempt 1 of 1
[2023-09-12T17:37:54.487+0000] {taskinstance.py:1382} INFO - Executing <Task(_PythonDecoratedOperator): or_that_way> on 2023-08-30 00:00:00+00:00
[2023-09-12T17:37:54.494+0000] {standard_task_runner.py:57} INFO - Started process 3623 to run task
[2023-09-12T17:37:54.560+0000] {standard_task_runner.py:84} INFO - Running: ['***', 'tasks', 'run', 'tasks_relations', 'or_that_way', 'scheduled__2023-08-30T00:00:00+00:00', '--job-id', '1725', '--raw', '--subdir', 'DAGS_FOLDER/2_tasks_relations.py', '--cfg-path', '/tmp/tmpfqkam0iw']
[2023-09-12T17:37:54.572+0000] {standard_task_runner.py:85} INFO - Job 1725: Subtask or_that_way
[2023-09-12T17:37:55.085+0000] {task_command.py:415} INFO - Running <TaskInstance: tasks_relations.or_that_way scheduled__2023-08-30T00:00:00+00:00 [running]> on host 0ab7970e0956
[2023-09-12T17:37:55.421+0000] {taskinstance.py:1660} INFO - Exporting env vars: AIRFLOW_CTX_DAG_OWNER='***' AIRFLOW_CTX_DAG_ID='tasks_relations' AIRFLOW_CTX_TASK_ID='or_that_way' AIRFLOW_CTX_EXECUTION_DATE='2023-08-30T00:00:00+00:00' AIRFLOW_CTX_TRY_NUMBER='1' AIRFLOW_CTX_DAG_RUN_ID='scheduled__2023-08-30T00:00:00+00:00'
[2023-09-12T17:37:55.422+0000] {logging_mixin.py:151} INFO - NO NO, THAT WAY WAY!!!
[2023-09-12T17:37:55.423+0000] {python.py:194} INFO - Done. Returned value was: None
[2023-09-12T17:37:55.457+0000] {taskinstance.py:1400} INFO - Marking task as SUCCESS. dag_id=tasks_relations, task_id=or_that_way, execution_date=20230830T000000, start_date=20230912T173754, end_date=20230912T173755
[2023-09-12T17:37:55.561+0000] {local_task_job_runner.py:228} INFO - Task exited with return code 0
[2023-09-12T17:37:55.693+0000] {taskinstance.py:2784} INFO - 0 downstream tasks scheduled from follow-on schedule check
