[2023-09-05T15:28:54.338+0000] {taskinstance.py:1159} INFO - Dependencies all met for dep_context=non-requeueable deps ti=<TaskInstance: tasks_relations.or_that_way scheduled__2023-06-02T00:00:00+00:00 [queued]>
[2023-09-05T15:28:54.438+0000] {taskinstance.py:1159} INFO - Dependencies all met for dep_context=requeueable deps ti=<TaskInstance: tasks_relations.or_that_way scheduled__2023-06-02T00:00:00+00:00 [queued]>
[2023-09-05T15:28:54.454+0000] {taskinstance.py:1361} INFO - Starting attempt 1 of 1
[2023-09-05T15:28:54.831+0000] {taskinstance.py:1382} INFO - Executing <Task(_PythonDecoratedOperator): or_that_way> on 2023-06-02 00:00:00+00:00
[2023-09-05T15:28:54.860+0000] {standard_task_runner.py:57} INFO - Started process 1171 to run task
[2023-09-05T15:28:55.010+0000] {standard_task_runner.py:84} INFO - Running: ['***', 'tasks', 'run', 'tasks_relations', 'or_that_way', 'scheduled__2023-06-02T00:00:00+00:00', '--job-id', '517', '--raw', '--subdir', 'DAGS_FOLDER/tasks_relations.py', '--cfg-path', '/tmp/tmp2t699ajw']
[2023-09-05T15:28:55.013+0000] {standard_task_runner.py:85} INFO - Job 517: Subtask or_that_way
[2023-09-05T15:28:55.503+0000] {task_command.py:415} INFO - Running <TaskInstance: tasks_relations.or_that_way scheduled__2023-06-02T00:00:00+00:00 [running]> on host ca474790e981
[2023-09-05T15:28:56.388+0000] {taskinstance.py:1660} INFO - Exporting env vars: AIRFLOW_CTX_DAG_OWNER='***' AIRFLOW_CTX_DAG_ID='tasks_relations' AIRFLOW_CTX_TASK_ID='or_that_way' AIRFLOW_CTX_EXECUTION_DATE='2023-06-02T00:00:00+00:00' AIRFLOW_CTX_TRY_NUMBER='1' AIRFLOW_CTX_DAG_RUN_ID='scheduled__2023-06-02T00:00:00+00:00'
[2023-09-05T15:28:56.435+0000] {logging_mixin.py:151} INFO - NO NO, THAT WAY WAY!!!
[2023-09-05T15:28:56.461+0000] {python.py:194} INFO - Done. Returned value was: None
[2023-09-05T15:28:56.532+0000] {taskinstance.py:1400} INFO - Marking task as SUCCESS. dag_id=tasks_relations, task_id=or_that_way, execution_date=20230602T000000, start_date=20230905T152854, end_date=20230905T152856
[2023-09-05T15:28:56.960+0000] {local_task_job_runner.py:228} INFO - Task exited with return code 0
[2023-09-05T15:28:57.054+0000] {taskinstance.py:2784} INFO - 0 downstream tasks scheduled from follow-on schedule check
[2023-09-12T17:36:19.363+0000] {taskinstance.py:1159} INFO - Dependencies all met for dep_context=non-requeueable deps ti=<TaskInstance: tasks_relations.or_that_way scheduled__2023-06-02T00:00:00+00:00 [queued]>
[2023-09-12T17:36:19.399+0000] {taskinstance.py:1159} INFO - Dependencies all met for dep_context=requeueable deps ti=<TaskInstance: tasks_relations.or_that_way scheduled__2023-06-02T00:00:00+00:00 [queued]>
[2023-09-12T17:36:19.406+0000] {taskinstance.py:1361} INFO - Starting attempt 1 of 1
[2023-09-12T17:36:19.439+0000] {taskinstance.py:1382} INFO - Executing <Task(_PythonDecoratedOperator): or_that_way> on 2023-06-02 00:00:00+00:00
[2023-09-12T17:36:19.450+0000] {standard_task_runner.py:57} INFO - Started process 2557 to run task
[2023-09-12T17:36:19.470+0000] {standard_task_runner.py:84} INFO - Running: ['***', 'tasks', 'run', 'tasks_relations', 'or_that_way', 'scheduled__2023-06-02T00:00:00+00:00', '--job-id', '1206', '--raw', '--subdir', 'DAGS_FOLDER/2_tasks_relations.py', '--cfg-path', '/tmp/tmp6ooks4nm']
[2023-09-12T17:36:19.498+0000] {standard_task_runner.py:85} INFO - Job 1206: Subtask or_that_way
[2023-09-12T17:36:19.656+0000] {task_command.py:415} INFO - Running <TaskInstance: tasks_relations.or_that_way scheduled__2023-06-02T00:00:00+00:00 [running]> on host 0ab7970e0956
[2023-09-12T17:36:19.845+0000] {taskinstance.py:1660} INFO - Exporting env vars: AIRFLOW_CTX_DAG_OWNER='***' AIRFLOW_CTX_DAG_ID='tasks_relations' AIRFLOW_CTX_TASK_ID='or_that_way' AIRFLOW_CTX_EXECUTION_DATE='2023-06-02T00:00:00+00:00' AIRFLOW_CTX_TRY_NUMBER='1' AIRFLOW_CTX_DAG_RUN_ID='scheduled__2023-06-02T00:00:00+00:00'
[2023-09-12T17:36:19.848+0000] {logging_mixin.py:151} INFO - NO NO, THAT WAY WAY!!!
[2023-09-12T17:36:19.848+0000] {python.py:194} INFO - Done. Returned value was: None
[2023-09-12T17:36:19.863+0000] {taskinstance.py:1400} INFO - Marking task as SUCCESS. dag_id=tasks_relations, task_id=or_that_way, execution_date=20230602T000000, start_date=20230912T173619, end_date=20230912T173619
[2023-09-12T17:36:19.895+0000] {local_task_job_runner.py:228} INFO - Task exited with return code 0
[2023-09-12T17:36:19.940+0000] {taskinstance.py:2784} INFO - 1 downstream tasks scheduled from follow-on schedule check
