[2023-09-05T15:25:49.595+0000] {taskinstance.py:1159} INFO - Dependencies all met for dep_context=non-requeueable deps ti=<TaskInstance: tasks_relations.say_bye scheduled__2023-03-23T00:00:00+00:00 [queued]>
[2023-09-05T15:25:49.723+0000] {taskinstance.py:1159} INFO - Dependencies all met for dep_context=requeueable deps ti=<TaskInstance: tasks_relations.say_bye scheduled__2023-03-23T00:00:00+00:00 [queued]>
[2023-09-05T15:25:49.731+0000] {taskinstance.py:1361} INFO - Starting attempt 1 of 1
[2023-09-05T15:25:49.866+0000] {taskinstance.py:1382} INFO - Executing <Task(_PythonDecoratedOperator): say_bye> on 2023-03-23 00:00:00+00:00
[2023-09-05T15:25:49.906+0000] {standard_task_runner.py:57} INFO - Started process 627 to run task
[2023-09-05T15:25:49.964+0000] {standard_task_runner.py:84} INFO - Running: ['***', 'tasks', 'run', 'tasks_relations', 'say_bye', 'scheduled__2023-03-23T00:00:00+00:00', '--job-id', '270', '--raw', '--subdir', 'DAGS_FOLDER/tasks_relations.py', '--cfg-path', '/tmp/tmpap5prdr2']
[2023-09-05T15:25:49.991+0000] {standard_task_runner.py:85} INFO - Job 270: Subtask say_bye
[2023-09-05T15:25:50.553+0000] {task_command.py:415} INFO - Running <TaskInstance: tasks_relations.say_bye scheduled__2023-03-23T00:00:00+00:00 [running]> on host ca474790e981
[2023-09-05T15:25:50.961+0000] {taskinstance.py:1660} INFO - Exporting env vars: AIRFLOW_CTX_DAG_OWNER='***' AIRFLOW_CTX_DAG_ID='tasks_relations' AIRFLOW_CTX_TASK_ID='say_bye' AIRFLOW_CTX_EXECUTION_DATE='2023-03-23T00:00:00+00:00' AIRFLOW_CTX_TRY_NUMBER='1' AIRFLOW_CTX_DAG_RUN_ID='scheduled__2023-03-23T00:00:00+00:00'
[2023-09-05T15:25:50.964+0000] {logging_mixin.py:151} INFO - goodbye ***
[2023-09-05T15:25:50.967+0000] {python.py:194} INFO - Done. Returned value was: None
[2023-09-05T15:25:51.008+0000] {taskinstance.py:1400} INFO - Marking task as SUCCESS. dag_id=tasks_relations, task_id=say_bye, execution_date=20230323T000000, start_date=20230905T152549, end_date=20230905T152551
[2023-09-05T15:25:51.219+0000] {local_task_job_runner.py:228} INFO - Task exited with return code 0
[2023-09-05T15:25:51.305+0000] {taskinstance.py:2784} INFO - 0 downstream tasks scheduled from follow-on schedule check
[2023-09-12T17:34:56.056+0000] {taskinstance.py:1159} INFO - Dependencies all met for dep_context=non-requeueable deps ti=<TaskInstance: tasks_relations.say_bye scheduled__2023-03-23T00:00:00+00:00 [queued]>
[2023-09-12T17:34:56.069+0000] {taskinstance.py:1159} INFO - Dependencies all met for dep_context=requeueable deps ti=<TaskInstance: tasks_relations.say_bye scheduled__2023-03-23T00:00:00+00:00 [queued]>
[2023-09-12T17:34:56.070+0000] {taskinstance.py:1361} INFO - Starting attempt 1 of 1
[2023-09-12T17:34:56.091+0000] {taskinstance.py:1382} INFO - Executing <Task(_PythonDecoratedOperator): say_bye> on 2023-03-23 00:00:00+00:00
[2023-09-12T17:34:56.105+0000] {standard_task_runner.py:57} INFO - Started process 1472 to run task
[2023-09-12T17:34:56.108+0000] {standard_task_runner.py:84} INFO - Running: ['***', 'tasks', 'run', 'tasks_relations', 'say_bye', 'scheduled__2023-03-23T00:00:00+00:00', '--job-id', '674', '--raw', '--subdir', 'DAGS_FOLDER/2_tasks_relations.py', '--cfg-path', '/tmp/tmpgju7ocbx']
[2023-09-12T17:34:56.120+0000] {standard_task_runner.py:85} INFO - Job 674: Subtask say_bye
[2023-09-12T17:34:56.209+0000] {task_command.py:415} INFO - Running <TaskInstance: tasks_relations.say_bye scheduled__2023-03-23T00:00:00+00:00 [running]> on host 0ab7970e0956
[2023-09-12T17:34:56.334+0000] {taskinstance.py:1660} INFO - Exporting env vars: AIRFLOW_CTX_DAG_OWNER='***' AIRFLOW_CTX_DAG_ID='tasks_relations' AIRFLOW_CTX_TASK_ID='say_bye' AIRFLOW_CTX_EXECUTION_DATE='2023-03-23T00:00:00+00:00' AIRFLOW_CTX_TRY_NUMBER='1' AIRFLOW_CTX_DAG_RUN_ID='scheduled__2023-03-23T00:00:00+00:00'
[2023-09-12T17:34:56.338+0000] {logging_mixin.py:151} INFO - goodbye world
[2023-09-12T17:34:56.340+0000] {python.py:194} INFO - Done. Returned value was: None
[2023-09-12T17:34:56.356+0000] {taskinstance.py:1400} INFO - Marking task as SUCCESS. dag_id=tasks_relations, task_id=say_bye, execution_date=20230323T000000, start_date=20230912T173456, end_date=20230912T173456
[2023-09-12T17:34:56.375+0000] {local_task_job_runner.py:228} INFO - Task exited with return code 0
[2023-09-12T17:34:56.407+0000] {taskinstance.py:2784} INFO - 2 downstream tasks scheduled from follow-on schedule check
