[2023-09-05T15:25:46.672+0000] {taskinstance.py:1159} INFO - Dependencies all met for dep_context=non-requeueable deps ti=<TaskInstance: tasks_relations.say_bye scheduled__2023-03-20T00:00:00+00:00 [queued]>
[2023-09-05T15:25:46.721+0000] {taskinstance.py:1159} INFO - Dependencies all met for dep_context=requeueable deps ti=<TaskInstance: tasks_relations.say_bye scheduled__2023-03-20T00:00:00+00:00 [queued]>
[2023-09-05T15:25:46.723+0000] {taskinstance.py:1361} INFO - Starting attempt 1 of 1
[2023-09-05T15:25:46.774+0000] {taskinstance.py:1382} INFO - Executing <Task(_PythonDecoratedOperator): say_bye> on 2023-03-20 00:00:00+00:00
[2023-09-05T15:25:46.790+0000] {standard_task_runner.py:57} INFO - Started process 613 to run task
[2023-09-05T15:25:46.848+0000] {standard_task_runner.py:84} INFO - Running: ['***', 'tasks', 'run', 'tasks_relations', 'say_bye', 'scheduled__2023-03-20T00:00:00+00:00', '--job-id', '261', '--raw', '--subdir', 'DAGS_FOLDER/tasks_relations.py', '--cfg-path', '/tmp/tmp4yh112yv']
[2023-09-05T15:25:46.902+0000] {standard_task_runner.py:85} INFO - Job 261: Subtask say_bye
[2023-09-05T15:25:47.512+0000] {task_command.py:415} INFO - Running <TaskInstance: tasks_relations.say_bye scheduled__2023-03-20T00:00:00+00:00 [running]> on host ca474790e981
[2023-09-05T15:25:47.901+0000] {taskinstance.py:1660} INFO - Exporting env vars: AIRFLOW_CTX_DAG_OWNER='***' AIRFLOW_CTX_DAG_ID='tasks_relations' AIRFLOW_CTX_TASK_ID='say_bye' AIRFLOW_CTX_EXECUTION_DATE='2023-03-20T00:00:00+00:00' AIRFLOW_CTX_TRY_NUMBER='1' AIRFLOW_CTX_DAG_RUN_ID='scheduled__2023-03-20T00:00:00+00:00'
[2023-09-05T15:25:47.905+0000] {logging_mixin.py:151} INFO - goodbye ***
[2023-09-05T15:25:47.907+0000] {python.py:194} INFO - Done. Returned value was: None
[2023-09-05T15:25:48.000+0000] {taskinstance.py:1400} INFO - Marking task as SUCCESS. dag_id=tasks_relations, task_id=say_bye, execution_date=20230320T000000, start_date=20230905T152546, end_date=20230905T152548
[2023-09-05T15:25:48.196+0000] {local_task_job_runner.py:228} INFO - Task exited with return code 0
[2023-09-05T15:25:48.460+0000] {taskinstance.py:2784} INFO - 0 downstream tasks scheduled from follow-on schedule check
[2023-09-12T17:34:51.287+0000] {taskinstance.py:1159} INFO - Dependencies all met for dep_context=non-requeueable deps ti=<TaskInstance: tasks_relations.say_bye scheduled__2023-03-20T00:00:00+00:00 [queued]>
[2023-09-12T17:34:51.320+0000] {taskinstance.py:1159} INFO - Dependencies all met for dep_context=requeueable deps ti=<TaskInstance: tasks_relations.say_bye scheduled__2023-03-20T00:00:00+00:00 [queued]>
[2023-09-12T17:34:51.327+0000] {taskinstance.py:1361} INFO - Starting attempt 1 of 1
[2023-09-12T17:34:51.365+0000] {taskinstance.py:1382} INFO - Executing <Task(_PythonDecoratedOperator): say_bye> on 2023-03-20 00:00:00+00:00
[2023-09-12T17:34:51.394+0000] {standard_task_runner.py:57} INFO - Started process 1399 to run task
[2023-09-12T17:34:51.394+0000] {standard_task_runner.py:84} INFO - Running: ['***', 'tasks', 'run', 'tasks_relations', 'say_bye', 'scheduled__2023-03-20T00:00:00+00:00', '--job-id', '634', '--raw', '--subdir', 'DAGS_FOLDER/2_tasks_relations.py', '--cfg-path', '/tmp/tmpm9bd7l8i']
[2023-09-12T17:34:51.428+0000] {standard_task_runner.py:85} INFO - Job 634: Subtask say_bye
[2023-09-12T17:34:51.608+0000] {task_command.py:415} INFO - Running <TaskInstance: tasks_relations.say_bye scheduled__2023-03-20T00:00:00+00:00 [running]> on host 0ab7970e0956
[2023-09-12T17:34:51.844+0000] {taskinstance.py:1660} INFO - Exporting env vars: AIRFLOW_CTX_DAG_OWNER='***' AIRFLOW_CTX_DAG_ID='tasks_relations' AIRFLOW_CTX_TASK_ID='say_bye' AIRFLOW_CTX_EXECUTION_DATE='2023-03-20T00:00:00+00:00' AIRFLOW_CTX_TRY_NUMBER='1' AIRFLOW_CTX_DAG_RUN_ID='scheduled__2023-03-20T00:00:00+00:00'
[2023-09-12T17:34:51.846+0000] {logging_mixin.py:151} INFO - goodbye world
[2023-09-12T17:34:51.848+0000] {python.py:194} INFO - Done. Returned value was: None
[2023-09-12T17:34:51.883+0000] {taskinstance.py:1400} INFO - Marking task as SUCCESS. dag_id=tasks_relations, task_id=say_bye, execution_date=20230320T000000, start_date=20230912T173451, end_date=20230912T173451
[2023-09-12T17:34:51.953+0000] {local_task_job_runner.py:228} INFO - Task exited with return code 0
[2023-09-12T17:34:51.993+0000] {taskinstance.py:2784} INFO - 2 downstream tasks scheduled from follow-on schedule check
