[2023-09-05T15:25:54.456+0000] {taskinstance.py:1159} INFO - Dependencies all met for dep_context=non-requeueable deps ti=<TaskInstance: tasks_relations.say_bye scheduled__2023-04-02T00:00:00+00:00 [queued]>
[2023-09-05T15:25:54.477+0000] {taskinstance.py:1159} INFO - Dependencies all met for dep_context=requeueable deps ti=<TaskInstance: tasks_relations.say_bye scheduled__2023-04-02T00:00:00+00:00 [queued]>
[2023-09-05T15:25:54.480+0000] {taskinstance.py:1361} INFO - Starting attempt 1 of 1
[2023-09-05T15:25:54.500+0000] {taskinstance.py:1382} INFO - Executing <Task(_PythonDecoratedOperator): say_bye> on 2023-04-02 00:00:00+00:00
[2023-09-05T15:25:54.509+0000] {standard_task_runner.py:57} INFO - Started process 649 to run task
[2023-09-05T15:25:54.514+0000] {standard_task_runner.py:84} INFO - Running: ['***', 'tasks', 'run', 'tasks_relations', 'say_bye', 'scheduled__2023-04-02T00:00:00+00:00', '--job-id', '284', '--raw', '--subdir', 'DAGS_FOLDER/tasks_relations.py', '--cfg-path', '/tmp/tmpx26ypfbn']
[2023-09-05T15:25:54.521+0000] {standard_task_runner.py:85} INFO - Job 284: Subtask say_bye
[2023-09-05T15:25:54.609+0000] {task_command.py:415} INFO - Running <TaskInstance: tasks_relations.say_bye scheduled__2023-04-02T00:00:00+00:00 [running]> on host ca474790e981
[2023-09-05T15:25:54.732+0000] {taskinstance.py:1660} INFO - Exporting env vars: AIRFLOW_CTX_DAG_OWNER='***' AIRFLOW_CTX_DAG_ID='tasks_relations' AIRFLOW_CTX_TASK_ID='say_bye' AIRFLOW_CTX_EXECUTION_DATE='2023-04-02T00:00:00+00:00' AIRFLOW_CTX_TRY_NUMBER='1' AIRFLOW_CTX_DAG_RUN_ID='scheduled__2023-04-02T00:00:00+00:00'
[2023-09-05T15:25:54.739+0000] {logging_mixin.py:151} INFO - goodbye ***
[2023-09-05T15:25:54.744+0000] {python.py:194} INFO - Done. Returned value was: None
[2023-09-05T15:25:54.770+0000] {taskinstance.py:1400} INFO - Marking task as SUCCESS. dag_id=tasks_relations, task_id=say_bye, execution_date=20230402T000000, start_date=20230905T152554, end_date=20230905T152554
[2023-09-05T15:25:54.821+0000] {local_task_job_runner.py:228} INFO - Task exited with return code 0
[2023-09-05T15:25:54.849+0000] {taskinstance.py:2784} INFO - 0 downstream tasks scheduled from follow-on schedule check
[2023-09-12T17:35:09.681+0000] {taskinstance.py:1159} INFO - Dependencies all met for dep_context=non-requeueable deps ti=<TaskInstance: tasks_relations.say_bye scheduled__2023-04-02T00:00:00+00:00 [queued]>
[2023-09-12T17:35:09.711+0000] {taskinstance.py:1159} INFO - Dependencies all met for dep_context=requeueable deps ti=<TaskInstance: tasks_relations.say_bye scheduled__2023-04-02T00:00:00+00:00 [queued]>
[2023-09-12T17:35:09.720+0000] {taskinstance.py:1361} INFO - Starting attempt 1 of 1
[2023-09-12T17:35:09.752+0000] {taskinstance.py:1382} INFO - Executing <Task(_PythonDecoratedOperator): say_bye> on 2023-04-02 00:00:00+00:00
[2023-09-12T17:35:09.766+0000] {standard_task_runner.py:57} INFO - Started process 1654 to run task
[2023-09-12T17:35:09.784+0000] {standard_task_runner.py:84} INFO - Running: ['***', 'tasks', 'run', 'tasks_relations', 'say_bye', 'scheduled__2023-04-02T00:00:00+00:00', '--job-id', '762', '--raw', '--subdir', 'DAGS_FOLDER/2_tasks_relations.py', '--cfg-path', '/tmp/tmpjf8mr6i2']
[2023-09-12T17:35:09.807+0000] {standard_task_runner.py:85} INFO - Job 762: Subtask say_bye
[2023-09-12T17:35:09.975+0000] {task_command.py:415} INFO - Running <TaskInstance: tasks_relations.say_bye scheduled__2023-04-02T00:00:00+00:00 [running]> on host 0ab7970e0956
[2023-09-12T17:35:10.253+0000] {taskinstance.py:1660} INFO - Exporting env vars: AIRFLOW_CTX_DAG_OWNER='***' AIRFLOW_CTX_DAG_ID='tasks_relations' AIRFLOW_CTX_TASK_ID='say_bye' AIRFLOW_CTX_EXECUTION_DATE='2023-04-02T00:00:00+00:00' AIRFLOW_CTX_TRY_NUMBER='1' AIRFLOW_CTX_DAG_RUN_ID='scheduled__2023-04-02T00:00:00+00:00'
[2023-09-12T17:35:10.257+0000] {logging_mixin.py:151} INFO - goodbye world
[2023-09-12T17:35:10.258+0000] {python.py:194} INFO - Done. Returned value was: None
[2023-09-12T17:35:10.282+0000] {taskinstance.py:1400} INFO - Marking task as SUCCESS. dag_id=tasks_relations, task_id=say_bye, execution_date=20230402T000000, start_date=20230912T173509, end_date=20230912T173510
[2023-09-12T17:35:10.348+0000] {local_task_job_runner.py:228} INFO - Task exited with return code 0
[2023-09-12T17:35:10.400+0000] {taskinstance.py:2784} INFO - 2 downstream tasks scheduled from follow-on schedule check
