[2023-09-05T15:26:13.789+0000] {taskinstance.py:1159} INFO - Dependencies all met for dep_context=non-requeueable deps ti=<TaskInstance: tasks_relations.say_bye scheduled__2023-04-14T00:00:00+00:00 [queued]>
[2023-09-05T15:26:13.838+0000] {taskinstance.py:1159} INFO - Dependencies all met for dep_context=requeueable deps ti=<TaskInstance: tasks_relations.say_bye scheduled__2023-04-14T00:00:00+00:00 [queued]>
[2023-09-05T15:26:13.855+0000] {taskinstance.py:1361} INFO - Starting attempt 1 of 1
[2023-09-05T15:26:13.883+0000] {taskinstance.py:1382} INFO - Executing <Task(_PythonDecoratedOperator): say_bye> on 2023-04-14 00:00:00+00:00
[2023-09-05T15:26:13.906+0000] {standard_task_runner.py:57} INFO - Started process 739 to run task
[2023-09-05T15:26:13.913+0000] {standard_task_runner.py:84} INFO - Running: ['***', 'tasks', 'run', 'tasks_relations', 'say_bye', 'scheduled__2023-04-14T00:00:00+00:00', '--job-id', '324', '--raw', '--subdir', 'DAGS_FOLDER/tasks_relations.py', '--cfg-path', '/tmp/tmprt5_fcyx']
[2023-09-05T15:26:13.960+0000] {standard_task_runner.py:85} INFO - Job 324: Subtask say_bye
[2023-09-05T15:26:14.194+0000] {task_command.py:415} INFO - Running <TaskInstance: tasks_relations.say_bye scheduled__2023-04-14T00:00:00+00:00 [running]> on host ca474790e981
[2023-09-05T15:26:14.434+0000] {taskinstance.py:1660} INFO - Exporting env vars: AIRFLOW_CTX_DAG_OWNER='***' AIRFLOW_CTX_DAG_ID='tasks_relations' AIRFLOW_CTX_TASK_ID='say_bye' AIRFLOW_CTX_EXECUTION_DATE='2023-04-14T00:00:00+00:00' AIRFLOW_CTX_TRY_NUMBER='1' AIRFLOW_CTX_DAG_RUN_ID='scheduled__2023-04-14T00:00:00+00:00'
[2023-09-05T15:26:14.446+0000] {logging_mixin.py:151} INFO - goodbye ***
[2023-09-05T15:26:14.465+0000] {python.py:194} INFO - Done. Returned value was: None
[2023-09-05T15:26:14.517+0000] {taskinstance.py:1400} INFO - Marking task as SUCCESS. dag_id=tasks_relations, task_id=say_bye, execution_date=20230414T000000, start_date=20230905T152613, end_date=20230905T152614
[2023-09-05T15:26:14.585+0000] {local_task_job_runner.py:228} INFO - Task exited with return code 0
[2023-09-05T15:26:14.632+0000] {taskinstance.py:2784} INFO - 0 downstream tasks scheduled from follow-on schedule check
[2023-09-12T17:35:23.141+0000] {taskinstance.py:1159} INFO - Dependencies all met for dep_context=non-requeueable deps ti=<TaskInstance: tasks_relations.say_bye scheduled__2023-04-14T00:00:00+00:00 [queued]>
[2023-09-12T17:35:23.179+0000] {taskinstance.py:1159} INFO - Dependencies all met for dep_context=requeueable deps ti=<TaskInstance: tasks_relations.say_bye scheduled__2023-04-14T00:00:00+00:00 [queued]>
[2023-09-12T17:35:23.182+0000] {taskinstance.py:1361} INFO - Starting attempt 1 of 1
[2023-09-12T17:35:23.224+0000] {taskinstance.py:1382} INFO - Executing <Task(_PythonDecoratedOperator): say_bye> on 2023-04-14 00:00:00+00:00
[2023-09-12T17:35:23.232+0000] {standard_task_runner.py:57} INFO - Started process 1828 to run task
[2023-09-12T17:35:23.268+0000] {standard_task_runner.py:84} INFO - Running: ['***', 'tasks', 'run', 'tasks_relations', 'say_bye', 'scheduled__2023-04-14T00:00:00+00:00', '--job-id', '848', '--raw', '--subdir', 'DAGS_FOLDER/2_tasks_relations.py', '--cfg-path', '/tmp/tmpzlcwfg3_']
[2023-09-12T17:35:23.273+0000] {standard_task_runner.py:85} INFO - Job 848: Subtask say_bye
[2023-09-12T17:35:23.407+0000] {task_command.py:415} INFO - Running <TaskInstance: tasks_relations.say_bye scheduled__2023-04-14T00:00:00+00:00 [running]> on host 0ab7970e0956
[2023-09-12T17:35:23.673+0000] {taskinstance.py:1660} INFO - Exporting env vars: AIRFLOW_CTX_DAG_OWNER='***' AIRFLOW_CTX_DAG_ID='tasks_relations' AIRFLOW_CTX_TASK_ID='say_bye' AIRFLOW_CTX_EXECUTION_DATE='2023-04-14T00:00:00+00:00' AIRFLOW_CTX_TRY_NUMBER='1' AIRFLOW_CTX_DAG_RUN_ID='scheduled__2023-04-14T00:00:00+00:00'
[2023-09-12T17:35:23.676+0000] {logging_mixin.py:151} INFO - goodbye world
[2023-09-12T17:35:23.679+0000] {python.py:194} INFO - Done. Returned value was: None
[2023-09-12T17:35:23.706+0000] {taskinstance.py:1400} INFO - Marking task as SUCCESS. dag_id=tasks_relations, task_id=say_bye, execution_date=20230414T000000, start_date=20230912T173523, end_date=20230912T173523
[2023-09-12T17:35:23.739+0000] {local_task_job_runner.py:228} INFO - Task exited with return code 0
[2023-09-12T17:35:23.792+0000] {taskinstance.py:2784} INFO - 2 downstream tasks scheduled from follow-on schedule check
