[2023-09-05T15:30:08.942+0000] {taskinstance.py:1159} INFO - Dependencies all met for dep_context=non-requeueable deps ti=<TaskInstance: tasks_relations.this_way scheduled__2023-07-09T00:00:00+00:00 [queued]>
[2023-09-05T15:30:09.019+0000] {taskinstance.py:1159} INFO - Dependencies all met for dep_context=requeueable deps ti=<TaskInstance: tasks_relations.this_way scheduled__2023-07-09T00:00:00+00:00 [queued]>
[2023-09-05T15:30:09.025+0000] {taskinstance.py:1361} INFO - Starting attempt 1 of 1
[2023-09-05T15:30:09.124+0000] {taskinstance.py:1382} INFO - Executing <Task(_PythonDecoratedOperator): this_way> on 2023-07-09 00:00:00+00:00
[2023-09-05T15:30:09.155+0000] {standard_task_runner.py:57} INFO - Started process 1559 to run task
[2023-09-05T15:30:09.212+0000] {standard_task_runner.py:84} INFO - Running: ['***', 'tasks', 'run', 'tasks_relations', 'this_way', 'scheduled__2023-07-09T00:00:00+00:00', '--job-id', '699', '--raw', '--subdir', 'DAGS_FOLDER/tasks_relations.py', '--cfg-path', '/tmp/tmpeg48hyg6']
[2023-09-05T15:30:09.226+0000] {standard_task_runner.py:85} INFO - Job 699: Subtask this_way
[2023-09-05T15:30:09.541+0000] {task_command.py:415} INFO - Running <TaskInstance: tasks_relations.this_way scheduled__2023-07-09T00:00:00+00:00 [running]> on host ca474790e981
[2023-09-05T15:30:10.007+0000] {taskinstance.py:1660} INFO - Exporting env vars: AIRFLOW_CTX_DAG_OWNER='***' AIRFLOW_CTX_DAG_ID='tasks_relations' AIRFLOW_CTX_TASK_ID='this_way' AIRFLOW_CTX_EXECUTION_DATE='2023-07-09T00:00:00+00:00' AIRFLOW_CTX_TRY_NUMBER='1' AIRFLOW_CTX_DAG_RUN_ID='scheduled__2023-07-09T00:00:00+00:00'
[2023-09-05T15:30:10.013+0000] {logging_mixin.py:151} INFO - THIS WAY!!!
[2023-09-05T15:30:10.025+0000] {python.py:194} INFO - Done. Returned value was: None
[2023-09-05T15:30:10.108+0000] {taskinstance.py:1400} INFO - Marking task as SUCCESS. dag_id=tasks_relations, task_id=this_way, execution_date=20230709T000000, start_date=20230905T153008, end_date=20230905T153010
[2023-09-05T15:30:10.246+0000] {local_task_job_runner.py:228} INFO - Task exited with return code 0
[2023-09-05T15:30:10.324+0000] {taskinstance.py:2784} INFO - 0 downstream tasks scheduled from follow-on schedule check
[2023-09-12T17:36:58.511+0000] {taskinstance.py:1159} INFO - Dependencies all met for dep_context=non-requeueable deps ti=<TaskInstance: tasks_relations.this_way scheduled__2023-07-09T00:00:00+00:00 [queued]>
[2023-09-12T17:36:58.555+0000] {taskinstance.py:1159} INFO - Dependencies all met for dep_context=requeueable deps ti=<TaskInstance: tasks_relations.this_way scheduled__2023-07-09T00:00:00+00:00 [queued]>
[2023-09-12T17:36:58.561+0000] {taskinstance.py:1361} INFO - Starting attempt 1 of 1
[2023-09-12T17:36:58.610+0000] {taskinstance.py:1382} INFO - Executing <Task(_PythonDecoratedOperator): this_way> on 2023-07-09 00:00:00+00:00
[2023-09-12T17:36:58.621+0000] {standard_task_runner.py:57} INFO - Started process 2979 to run task
[2023-09-12T17:36:58.672+0000] {standard_task_runner.py:84} INFO - Running: ['***', 'tasks', 'run', 'tasks_relations', 'this_way', 'scheduled__2023-07-09T00:00:00+00:00', '--job-id', '1414', '--raw', '--subdir', 'DAGS_FOLDER/2_tasks_relations.py', '--cfg-path', '/tmp/tmp3t0jypw8']
[2023-09-12T17:36:58.680+0000] {standard_task_runner.py:85} INFO - Job 1414: Subtask this_way
[2023-09-12T17:36:58.874+0000] {task_command.py:415} INFO - Running <TaskInstance: tasks_relations.this_way scheduled__2023-07-09T00:00:00+00:00 [running]> on host 0ab7970e0956
[2023-09-12T17:36:59.195+0000] {taskinstance.py:1660} INFO - Exporting env vars: AIRFLOW_CTX_DAG_OWNER='***' AIRFLOW_CTX_DAG_ID='tasks_relations' AIRFLOW_CTX_TASK_ID='this_way' AIRFLOW_CTX_EXECUTION_DATE='2023-07-09T00:00:00+00:00' AIRFLOW_CTX_TRY_NUMBER='1' AIRFLOW_CTX_DAG_RUN_ID='scheduled__2023-07-09T00:00:00+00:00'
[2023-09-12T17:36:59.200+0000] {logging_mixin.py:151} INFO - THIS WAY!!!
[2023-09-12T17:36:59.202+0000] {python.py:194} INFO - Done. Returned value was: None
[2023-09-12T17:36:59.241+0000] {taskinstance.py:1400} INFO - Marking task as SUCCESS. dag_id=tasks_relations, task_id=this_way, execution_date=20230709T000000, start_date=20230912T173658, end_date=20230912T173659
[2023-09-12T17:36:59.276+0000] {local_task_job_runner.py:228} INFO - Task exited with return code 0
[2023-09-12T17:36:59.331+0000] {taskinstance.py:2784} INFO - 0 downstream tasks scheduled from follow-on schedule check
