[2023-09-05T15:25:41.964+0000] {taskinstance.py:1159} INFO - Dependencies all met for dep_context=non-requeueable deps ti=<TaskInstance: tasks_relations.say_hello scheduled__2023-03-18T00:00:00+00:00 [queued]>
[2023-09-05T15:25:42.028+0000] {taskinstance.py:1159} INFO - Dependencies all met for dep_context=requeueable deps ti=<TaskInstance: tasks_relations.say_hello scheduled__2023-03-18T00:00:00+00:00 [queued]>
[2023-09-05T15:25:42.030+0000] {taskinstance.py:1361} INFO - Starting attempt 1 of 1
[2023-09-05T15:25:42.061+0000] {taskinstance.py:1382} INFO - Executing <Task(_PythonDecoratedOperator): say_hello> on 2023-03-18 00:00:00+00:00
[2023-09-05T15:25:42.073+0000] {standard_task_runner.py:57} INFO - Started process 584 to run task
[2023-09-05T15:25:42.099+0000] {standard_task_runner.py:84} INFO - Running: ['***', 'tasks', 'run', 'tasks_relations', 'say_hello', 'scheduled__2023-03-18T00:00:00+00:00', '--job-id', '249', '--raw', '--subdir', 'DAGS_FOLDER/tasks_relations.py', '--cfg-path', '/tmp/tmp85mhj2p1']
[2023-09-05T15:25:42.104+0000] {standard_task_runner.py:85} INFO - Job 249: Subtask say_hello
[2023-09-05T15:25:42.354+0000] {task_command.py:415} INFO - Running <TaskInstance: tasks_relations.say_hello scheduled__2023-03-18T00:00:00+00:00 [running]> on host ca474790e981
[2023-09-05T15:25:42.779+0000] {taskinstance.py:1660} INFO - Exporting env vars: AIRFLOW_CTX_DAG_OWNER='***' AIRFLOW_CTX_DAG_ID='tasks_relations' AIRFLOW_CTX_TASK_ID='say_hello' AIRFLOW_CTX_EXECUTION_DATE='2023-03-18T00:00:00+00:00' AIRFLOW_CTX_TRY_NUMBER='1' AIRFLOW_CTX_DAG_RUN_ID='scheduled__2023-03-18T00:00:00+00:00'
[2023-09-05T15:25:42.787+0000] {logging_mixin.py:151} INFO - hello ***
[2023-09-05T15:25:42.790+0000] {python.py:194} INFO - Done. Returned value was: None
[2023-09-05T15:25:42.848+0000] {taskinstance.py:1400} INFO - Marking task as SUCCESS. dag_id=tasks_relations, task_id=say_hello, execution_date=20230318T000000, start_date=20230905T152541, end_date=20230905T152542
[2023-09-05T15:25:43.081+0000] {local_task_job_runner.py:228} INFO - Task exited with return code 0
[2023-09-05T15:25:43.262+0000] {taskinstance.py:2784} INFO - 1 downstream tasks scheduled from follow-on schedule check
[2023-09-12T17:34:48.092+0000] {taskinstance.py:1159} INFO - Dependencies all met for dep_context=non-requeueable deps ti=<TaskInstance: tasks_relations.say_hello scheduled__2023-03-18T00:00:00+00:00 [queued]>
[2023-09-12T17:34:48.147+0000] {taskinstance.py:1159} INFO - Dependencies all met for dep_context=requeueable deps ti=<TaskInstance: tasks_relations.say_hello scheduled__2023-03-18T00:00:00+00:00 [queued]>
[2023-09-12T17:34:48.154+0000] {taskinstance.py:1361} INFO - Starting attempt 1 of 1
[2023-09-12T17:34:48.206+0000] {taskinstance.py:1382} INFO - Executing <Task(_PythonDecoratedOperator): say_hello> on 2023-03-18 00:00:00+00:00
[2023-09-12T17:34:48.228+0000] {standard_task_runner.py:57} INFO - Started process 1349 to run task
[2023-09-12T17:34:48.264+0000] {standard_task_runner.py:84} INFO - Running: ['***', 'tasks', 'run', 'tasks_relations', 'say_hello', 'scheduled__2023-03-18T00:00:00+00:00', '--job-id', '609', '--raw', '--subdir', 'DAGS_FOLDER/2_tasks_relations.py', '--cfg-path', '/tmp/tmpctodg4mm']
[2023-09-12T17:34:48.276+0000] {standard_task_runner.py:85} INFO - Job 609: Subtask say_hello
[2023-09-12T17:34:48.380+0000] {task_command.py:415} INFO - Running <TaskInstance: tasks_relations.say_hello scheduled__2023-03-18T00:00:00+00:00 [running]> on host 0ab7970e0956
[2023-09-12T17:34:48.601+0000] {taskinstance.py:1660} INFO - Exporting env vars: AIRFLOW_CTX_DAG_OWNER='***' AIRFLOW_CTX_DAG_ID='tasks_relations' AIRFLOW_CTX_TASK_ID='say_hello' AIRFLOW_CTX_EXECUTION_DATE='2023-03-18T00:00:00+00:00' AIRFLOW_CTX_TRY_NUMBER='1' AIRFLOW_CTX_DAG_RUN_ID='scheduled__2023-03-18T00:00:00+00:00'
[2023-09-12T17:34:48.605+0000] {logging_mixin.py:151} INFO - hello world
[2023-09-12T17:34:48.607+0000] {python.py:194} INFO - Done. Returned value was: None
[2023-09-12T17:34:48.632+0000] {taskinstance.py:1400} INFO - Marking task as SUCCESS. dag_id=tasks_relations, task_id=say_hello, execution_date=20230318T000000, start_date=20230912T173448, end_date=20230912T173448
[2023-09-12T17:34:48.746+0000] {local_task_job_runner.py:228} INFO - Task exited with return code 0
[2023-09-12T17:34:48.789+0000] {taskinstance.py:2784} INFO - 1 downstream tasks scheduled from follow-on schedule check
