[2023-09-05T15:29:39.065+0000] {taskinstance.py:1159} INFO - Dependencies all met for dep_context=non-requeueable deps ti=<TaskInstance: tasks_relations.this_way scheduled__2023-06-22T00:00:00+00:00 [queued]>
[2023-09-05T15:29:39.088+0000] {taskinstance.py:1159} INFO - Dependencies all met for dep_context=requeueable deps ti=<TaskInstance: tasks_relations.this_way scheduled__2023-06-22T00:00:00+00:00 [queued]>
[2023-09-05T15:29:39.177+0000] {taskinstance.py:1361} INFO - Starting attempt 1 of 1
[2023-09-05T15:29:39.296+0000] {taskinstance.py:1382} INFO - Executing <Task(_PythonDecoratedOperator): this_way> on 2023-06-22 00:00:00+00:00
[2023-09-05T15:29:39.358+0000] {standard_task_runner.py:57} INFO - Started process 1382 to run task
[2023-09-05T15:29:39.479+0000] {standard_task_runner.py:84} INFO - Running: ['***', 'tasks', 'run', 'tasks_relations', 'this_way', 'scheduled__2023-06-22T00:00:00+00:00', '--job-id', '617', '--raw', '--subdir', 'DAGS_FOLDER/tasks_relations.py', '--cfg-path', '/tmp/tmp8gye88mg']
[2023-09-05T15:29:39.488+0000] {standard_task_runner.py:85} INFO - Job 617: Subtask this_way
[2023-09-05T15:29:39.908+0000] {task_command.py:415} INFO - Running <TaskInstance: tasks_relations.this_way scheduled__2023-06-22T00:00:00+00:00 [running]> on host ca474790e981
[2023-09-05T15:29:40.509+0000] {taskinstance.py:1660} INFO - Exporting env vars: AIRFLOW_CTX_DAG_OWNER='***' AIRFLOW_CTX_DAG_ID='tasks_relations' AIRFLOW_CTX_TASK_ID='this_way' AIRFLOW_CTX_EXECUTION_DATE='2023-06-22T00:00:00+00:00' AIRFLOW_CTX_TRY_NUMBER='1' AIRFLOW_CTX_DAG_RUN_ID='scheduled__2023-06-22T00:00:00+00:00'
[2023-09-05T15:29:40.513+0000] {logging_mixin.py:151} INFO - THIS WAY!!!
[2023-09-05T15:29:40.527+0000] {python.py:194} INFO - Done. Returned value was: None
[2023-09-05T15:29:40.679+0000] {taskinstance.py:1400} INFO - Marking task as SUCCESS. dag_id=tasks_relations, task_id=this_way, execution_date=20230622T000000, start_date=20230905T152939, end_date=20230905T152940
[2023-09-05T15:29:41.209+0000] {local_task_job_runner.py:228} INFO - Task exited with return code 0
[2023-09-05T15:29:41.445+0000] {taskinstance.py:2784} INFO - 0 downstream tasks scheduled from follow-on schedule check
[2023-09-12T17:36:42.928+0000] {taskinstance.py:1159} INFO - Dependencies all met for dep_context=non-requeueable deps ti=<TaskInstance: tasks_relations.this_way scheduled__2023-06-22T00:00:00+00:00 [queued]>
[2023-09-12T17:36:42.958+0000] {taskinstance.py:1159} INFO - Dependencies all met for dep_context=requeueable deps ti=<TaskInstance: tasks_relations.this_way scheduled__2023-06-22T00:00:00+00:00 [queued]>
[2023-09-12T17:36:42.961+0000] {taskinstance.py:1361} INFO - Starting attempt 1 of 1
[2023-09-12T17:36:42.998+0000] {taskinstance.py:1382} INFO - Executing <Task(_PythonDecoratedOperator): this_way> on 2023-06-22 00:00:00+00:00
[2023-09-12T17:36:43.005+0000] {standard_task_runner.py:57} INFO - Started process 2782 to run task
[2023-09-12T17:36:43.021+0000] {standard_task_runner.py:84} INFO - Running: ['***', 'tasks', 'run', 'tasks_relations', 'this_way', 'scheduled__2023-06-22T00:00:00+00:00', '--job-id', '1313', '--raw', '--subdir', 'DAGS_FOLDER/2_tasks_relations.py', '--cfg-path', '/tmp/tmpp5i3eqp1']
[2023-09-12T17:36:43.035+0000] {standard_task_runner.py:85} INFO - Job 1313: Subtask this_way
[2023-09-12T17:36:43.245+0000] {task_command.py:415} INFO - Running <TaskInstance: tasks_relations.this_way scheduled__2023-06-22T00:00:00+00:00 [running]> on host 0ab7970e0956
[2023-09-12T17:36:43.463+0000] {taskinstance.py:1660} INFO - Exporting env vars: AIRFLOW_CTX_DAG_OWNER='***' AIRFLOW_CTX_DAG_ID='tasks_relations' AIRFLOW_CTX_TASK_ID='this_way' AIRFLOW_CTX_EXECUTION_DATE='2023-06-22T00:00:00+00:00' AIRFLOW_CTX_TRY_NUMBER='1' AIRFLOW_CTX_DAG_RUN_ID='scheduled__2023-06-22T00:00:00+00:00'
[2023-09-12T17:36:43.466+0000] {logging_mixin.py:151} INFO - THIS WAY!!!
[2023-09-12T17:36:43.469+0000] {python.py:194} INFO - Done. Returned value was: None
[2023-09-12T17:36:43.482+0000] {taskinstance.py:1400} INFO - Marking task as SUCCESS. dag_id=tasks_relations, task_id=this_way, execution_date=20230622T000000, start_date=20230912T173642, end_date=20230912T173643
[2023-09-12T17:36:43.564+0000] {local_task_job_runner.py:228} INFO - Task exited with return code 0
[2023-09-12T17:36:43.692+0000] {taskinstance.py:2784} INFO - 1 downstream tasks scheduled from follow-on schedule check
