[2023-09-05T15:30:32.873+0000] {taskinstance.py:1159} INFO - Dependencies all met for dep_context=non-requeueable deps ti=<TaskInstance: tasks_relations.this_way scheduled__2023-07-23T00:00:00+00:00 [queued]>
[2023-09-05T15:30:32.936+0000] {taskinstance.py:1159} INFO - Dependencies all met for dep_context=requeueable deps ti=<TaskInstance: tasks_relations.this_way scheduled__2023-07-23T00:00:00+00:00 [queued]>
[2023-09-05T15:30:32.941+0000] {taskinstance.py:1361} INFO - Starting attempt 1 of 1
[2023-09-05T15:30:33.007+0000] {taskinstance.py:1382} INFO - Executing <Task(_PythonDecoratedOperator): this_way> on 2023-07-23 00:00:00+00:00
[2023-09-05T15:30:33.032+0000] {standard_task_runner.py:84} INFO - Running: ['***', 'tasks', 'run', 'tasks_relations', 'this_way', 'scheduled__2023-07-23T00:00:00+00:00', '--job-id', '770', '--raw', '--subdir', 'DAGS_FOLDER/tasks_relations.py', '--cfg-path', '/tmp/tmp2b28j477']
[2023-09-05T15:30:33.043+0000] {standard_task_runner.py:85} INFO - Job 770: Subtask this_way
[2023-09-05T15:30:33.017+0000] {standard_task_runner.py:57} INFO - Started process 1697 to run task
[2023-09-05T15:30:33.169+0000] {task_command.py:415} INFO - Running <TaskInstance: tasks_relations.this_way scheduled__2023-07-23T00:00:00+00:00 [running]> on host ca474790e981
[2023-09-05T15:30:33.727+0000] {taskinstance.py:1660} INFO - Exporting env vars: AIRFLOW_CTX_DAG_OWNER='***' AIRFLOW_CTX_DAG_ID='tasks_relations' AIRFLOW_CTX_TASK_ID='this_way' AIRFLOW_CTX_EXECUTION_DATE='2023-07-23T00:00:00+00:00' AIRFLOW_CTX_TRY_NUMBER='1' AIRFLOW_CTX_DAG_RUN_ID='scheduled__2023-07-23T00:00:00+00:00'
[2023-09-05T15:30:33.738+0000] {logging_mixin.py:151} INFO - THIS WAY!!!
[2023-09-05T15:30:33.748+0000] {python.py:194} INFO - Done. Returned value was: None
[2023-09-05T15:30:33.808+0000] {taskinstance.py:1400} INFO - Marking task as SUCCESS. dag_id=tasks_relations, task_id=this_way, execution_date=20230723T000000, start_date=20230905T153032, end_date=20230905T153033
[2023-09-05T15:30:33.991+0000] {local_task_job_runner.py:228} INFO - Task exited with return code 0
[2023-09-05T15:30:34.266+0000] {taskinstance.py:2784} INFO - 0 downstream tasks scheduled from follow-on schedule check
[2023-09-12T17:37:13.576+0000] {taskinstance.py:1159} INFO - Dependencies all met for dep_context=non-requeueable deps ti=<TaskInstance: tasks_relations.this_way scheduled__2023-07-23T00:00:00+00:00 [queued]>
[2023-09-12T17:37:13.627+0000] {taskinstance.py:1159} INFO - Dependencies all met for dep_context=requeueable deps ti=<TaskInstance: tasks_relations.this_way scheduled__2023-07-23T00:00:00+00:00 [queued]>
[2023-09-12T17:37:13.632+0000] {taskinstance.py:1361} INFO - Starting attempt 1 of 1
[2023-09-12T17:37:13.668+0000] {taskinstance.py:1382} INFO - Executing <Task(_PythonDecoratedOperator): this_way> on 2023-07-23 00:00:00+00:00
[2023-09-12T17:37:13.685+0000] {standard_task_runner.py:57} INFO - Started process 3166 to run task
[2023-09-12T17:37:13.711+0000] {standard_task_runner.py:84} INFO - Running: ['***', 'tasks', 'run', 'tasks_relations', 'this_way', 'scheduled__2023-07-23T00:00:00+00:00', '--job-id', '1507', '--raw', '--subdir', 'DAGS_FOLDER/2_tasks_relations.py', '--cfg-path', '/tmp/tmpz1lndyeb']
[2023-09-12T17:37:13.716+0000] {standard_task_runner.py:85} INFO - Job 1507: Subtask this_way
[2023-09-12T17:37:13.906+0000] {task_command.py:415} INFO - Running <TaskInstance: tasks_relations.this_way scheduled__2023-07-23T00:00:00+00:00 [running]> on host 0ab7970e0956
[2023-09-12T17:37:14.132+0000] {taskinstance.py:1660} INFO - Exporting env vars: AIRFLOW_CTX_DAG_OWNER='***' AIRFLOW_CTX_DAG_ID='tasks_relations' AIRFLOW_CTX_TASK_ID='this_way' AIRFLOW_CTX_EXECUTION_DATE='2023-07-23T00:00:00+00:00' AIRFLOW_CTX_TRY_NUMBER='1' AIRFLOW_CTX_DAG_RUN_ID='scheduled__2023-07-23T00:00:00+00:00'
[2023-09-12T17:37:14.136+0000] {logging_mixin.py:151} INFO - THIS WAY!!!
[2023-09-12T17:37:14.141+0000] {python.py:194} INFO - Done. Returned value was: None
[2023-09-12T17:37:14.166+0000] {taskinstance.py:1400} INFO - Marking task as SUCCESS. dag_id=tasks_relations, task_id=this_way, execution_date=20230723T000000, start_date=20230912T173713, end_date=20230912T173714
[2023-09-12T17:37:14.243+0000] {local_task_job_runner.py:228} INFO - Task exited with return code 0
[2023-09-12T17:37:14.279+0000] {taskinstance.py:2784} INFO - 1 downstream tasks scheduled from follow-on schedule check
