[2023-09-05T15:25:25.329+0000] {taskinstance.py:1159} INFO - Dependencies all met for dep_context=non-requeueable deps ti=<TaskInstance: tasks_relations.say_bye scheduled__2023-03-02T00:00:00+00:00 [queued]>
[2023-09-05T15:25:25.452+0000] {taskinstance.py:1159} INFO - Dependencies all met for dep_context=requeueable deps ti=<TaskInstance: tasks_relations.say_bye scheduled__2023-03-02T00:00:00+00:00 [queued]>
[2023-09-05T15:25:25.461+0000] {taskinstance.py:1361} INFO - Starting attempt 1 of 1
[2023-09-05T15:25:25.547+0000] {taskinstance.py:1382} INFO - Executing <Task(_PythonDecoratedOperator): say_bye> on 2023-03-02 00:00:00+00:00
[2023-09-05T15:25:25.626+0000] {standard_task_runner.py:57} INFO - Started process 509 to run task
[2023-09-05T15:25:25.716+0000] {standard_task_runner.py:84} INFO - Running: ['***', 'tasks', 'run', 'tasks_relations', 'say_bye', 'scheduled__2023-03-02T00:00:00+00:00', '--job-id', '213', '--raw', '--subdir', 'DAGS_FOLDER/tasks_relations.py', '--cfg-path', '/tmp/tmpkgtuxgw2']
[2023-09-05T15:25:25.741+0000] {standard_task_runner.py:85} INFO - Job 213: Subtask say_bye
[2023-09-05T15:25:26.132+0000] {task_command.py:415} INFO - Running <TaskInstance: tasks_relations.say_bye scheduled__2023-03-02T00:00:00+00:00 [running]> on host ca474790e981
[2023-09-05T15:25:26.603+0000] {taskinstance.py:1660} INFO - Exporting env vars: AIRFLOW_CTX_DAG_OWNER='***' AIRFLOW_CTX_DAG_ID='tasks_relations' AIRFLOW_CTX_TASK_ID='say_bye' AIRFLOW_CTX_EXECUTION_DATE='2023-03-02T00:00:00+00:00' AIRFLOW_CTX_TRY_NUMBER='1' AIRFLOW_CTX_DAG_RUN_ID='scheduled__2023-03-02T00:00:00+00:00'
[2023-09-05T15:25:26.609+0000] {logging_mixin.py:151} INFO - goodbye ***
[2023-09-05T15:25:26.611+0000] {python.py:194} INFO - Done. Returned value was: None
[2023-09-05T15:25:26.689+0000] {taskinstance.py:1400} INFO - Marking task as SUCCESS. dag_id=tasks_relations, task_id=say_bye, execution_date=20230302T000000, start_date=20230905T152525, end_date=20230905T152526
[2023-09-05T15:25:26.977+0000] {local_task_job_runner.py:228} INFO - Task exited with return code 0
[2023-09-05T15:25:27.046+0000] {taskinstance.py:2784} INFO - 0 downstream tasks scheduled from follow-on schedule check
[2023-09-12T17:34:34.170+0000] {taskinstance.py:1159} INFO - Dependencies all met for dep_context=non-requeueable deps ti=<TaskInstance: tasks_relations.say_bye scheduled__2023-03-02T00:00:00+00:00 [queued]>
[2023-09-12T17:34:34.202+0000] {taskinstance.py:1159} INFO - Dependencies all met for dep_context=requeueable deps ti=<TaskInstance: tasks_relations.say_bye scheduled__2023-03-02T00:00:00+00:00 [queued]>
[2023-09-12T17:34:34.204+0000] {taskinstance.py:1361} INFO - Starting attempt 1 of 1
[2023-09-12T17:34:34.284+0000] {taskinstance.py:1382} INFO - Executing <Task(_PythonDecoratedOperator): say_bye> on 2023-03-02 00:00:00+00:00
[2023-09-12T17:34:34.296+0000] {standard_task_runner.py:57} INFO - Started process 1144 to run task
[2023-09-12T17:34:34.321+0000] {standard_task_runner.py:84} INFO - Running: ['***', 'tasks', 'run', 'tasks_relations', 'say_bye', 'scheduled__2023-03-02T00:00:00+00:00', '--job-id', '512', '--raw', '--subdir', 'DAGS_FOLDER/2_tasks_relations.py', '--cfg-path', '/tmp/tmpaw61fkeq']
[2023-09-12T17:34:34.338+0000] {standard_task_runner.py:85} INFO - Job 512: Subtask say_bye
[2023-09-12T17:34:34.550+0000] {task_command.py:415} INFO - Running <TaskInstance: tasks_relations.say_bye scheduled__2023-03-02T00:00:00+00:00 [running]> on host 0ab7970e0956
[2023-09-12T17:34:34.860+0000] {taskinstance.py:1660} INFO - Exporting env vars: AIRFLOW_CTX_DAG_OWNER='***' AIRFLOW_CTX_DAG_ID='tasks_relations' AIRFLOW_CTX_TASK_ID='say_bye' AIRFLOW_CTX_EXECUTION_DATE='2023-03-02T00:00:00+00:00' AIRFLOW_CTX_TRY_NUMBER='1' AIRFLOW_CTX_DAG_RUN_ID='scheduled__2023-03-02T00:00:00+00:00'
[2023-09-12T17:34:34.861+0000] {logging_mixin.py:151} INFO - goodbye world
[2023-09-12T17:34:34.863+0000] {python.py:194} INFO - Done. Returned value was: None
[2023-09-12T17:34:34.890+0000] {taskinstance.py:1400} INFO - Marking task as SUCCESS. dag_id=tasks_relations, task_id=say_bye, execution_date=20230302T000000, start_date=20230912T173434, end_date=20230912T173434
[2023-09-12T17:34:35.023+0000] {local_task_job_runner.py:228} INFO - Task exited with return code 0
[2023-09-12T17:34:35.061+0000] {taskinstance.py:2784} INFO - 2 downstream tasks scheduled from follow-on schedule check
