[2023-09-05T15:30:37.339+0000] {taskinstance.py:1159} INFO - Dependencies all met for dep_context=non-requeueable deps ti=<TaskInstance: tasks_relations.this_way scheduled__2023-07-27T00:00:00+00:00 [queued]>
[2023-09-05T15:30:37.413+0000] {taskinstance.py:1159} INFO - Dependencies all met for dep_context=requeueable deps ti=<TaskInstance: tasks_relations.this_way scheduled__2023-07-27T00:00:00+00:00 [queued]>
[2023-09-05T15:30:37.419+0000] {taskinstance.py:1361} INFO - Starting attempt 1 of 1
[2023-09-05T15:30:37.491+0000] {taskinstance.py:1382} INFO - Executing <Task(_PythonDecoratedOperator): this_way> on 2023-07-27 00:00:00+00:00
[2023-09-05T15:30:37.546+0000] {standard_task_runner.py:57} INFO - Started process 1728 to run task
[2023-09-05T15:30:37.636+0000] {standard_task_runner.py:84} INFO - Running: ['***', 'tasks', 'run', 'tasks_relations', 'this_way', 'scheduled__2023-07-27T00:00:00+00:00', '--job-id', '786', '--raw', '--subdir', 'DAGS_FOLDER/tasks_relations.py', '--cfg-path', '/tmp/tmp5u4gslsr']
[2023-09-05T15:30:37.645+0000] {standard_task_runner.py:85} INFO - Job 786: Subtask this_way
[2023-09-05T15:30:38.096+0000] {task_command.py:415} INFO - Running <TaskInstance: tasks_relations.this_way scheduled__2023-07-27T00:00:00+00:00 [running]> on host ca474790e981
[2023-09-05T15:30:38.660+0000] {taskinstance.py:1660} INFO - Exporting env vars: AIRFLOW_CTX_DAG_OWNER='***' AIRFLOW_CTX_DAG_ID='tasks_relations' AIRFLOW_CTX_TASK_ID='this_way' AIRFLOW_CTX_EXECUTION_DATE='2023-07-27T00:00:00+00:00' AIRFLOW_CTX_TRY_NUMBER='1' AIRFLOW_CTX_DAG_RUN_ID='scheduled__2023-07-27T00:00:00+00:00'
[2023-09-05T15:30:38.665+0000] {logging_mixin.py:151} INFO - THIS WAY!!!
[2023-09-05T15:30:38.667+0000] {python.py:194} INFO - Done. Returned value was: None
[2023-09-05T15:30:38.718+0000] {taskinstance.py:1400} INFO - Marking task as SUCCESS. dag_id=tasks_relations, task_id=this_way, execution_date=20230727T000000, start_date=20230905T153037, end_date=20230905T153038
[2023-09-05T15:30:38.875+0000] {local_task_job_runner.py:228} INFO - Task exited with return code 0
[2023-09-05T15:30:38.940+0000] {taskinstance.py:2784} INFO - 0 downstream tasks scheduled from follow-on schedule check
[2023-09-12T17:37:13.230+0000] {taskinstance.py:1159} INFO - Dependencies all met for dep_context=non-requeueable deps ti=<TaskInstance: tasks_relations.this_way scheduled__2023-07-27T00:00:00+00:00 [queued]>
[2023-09-12T17:37:13.262+0000] {taskinstance.py:1159} INFO - Dependencies all met for dep_context=requeueable deps ti=<TaskInstance: tasks_relations.this_way scheduled__2023-07-27T00:00:00+00:00 [queued]>
[2023-09-12T17:37:13.267+0000] {taskinstance.py:1361} INFO - Starting attempt 1 of 1
[2023-09-12T17:37:13.291+0000] {taskinstance.py:1382} INFO - Executing <Task(_PythonDecoratedOperator): this_way> on 2023-07-27 00:00:00+00:00
[2023-09-12T17:37:13.312+0000] {standard_task_runner.py:57} INFO - Started process 3157 to run task
[2023-09-12T17:37:13.334+0000] {standard_task_runner.py:84} INFO - Running: ['***', 'tasks', 'run', 'tasks_relations', 'this_way', 'scheduled__2023-07-27T00:00:00+00:00', '--job-id', '1499', '--raw', '--subdir', 'DAGS_FOLDER/2_tasks_relations.py', '--cfg-path', '/tmp/tmp9g1pm7m6']
[2023-09-12T17:37:13.346+0000] {standard_task_runner.py:85} INFO - Job 1499: Subtask this_way
[2023-09-12T17:37:13.539+0000] {task_command.py:415} INFO - Running <TaskInstance: tasks_relations.this_way scheduled__2023-07-27T00:00:00+00:00 [running]> on host 0ab7970e0956
[2023-09-12T17:37:13.736+0000] {taskinstance.py:1660} INFO - Exporting env vars: AIRFLOW_CTX_DAG_OWNER='***' AIRFLOW_CTX_DAG_ID='tasks_relations' AIRFLOW_CTX_TASK_ID='this_way' AIRFLOW_CTX_EXECUTION_DATE='2023-07-27T00:00:00+00:00' AIRFLOW_CTX_TRY_NUMBER='1' AIRFLOW_CTX_DAG_RUN_ID='scheduled__2023-07-27T00:00:00+00:00'
[2023-09-12T17:37:13.737+0000] {logging_mixin.py:151} INFO - THIS WAY!!!
[2023-09-12T17:37:13.737+0000] {python.py:194} INFO - Done. Returned value was: None
[2023-09-12T17:37:13.762+0000] {taskinstance.py:1400} INFO - Marking task as SUCCESS. dag_id=tasks_relations, task_id=this_way, execution_date=20230727T000000, start_date=20230912T173713, end_date=20230912T173713
[2023-09-12T17:37:13.829+0000] {local_task_job_runner.py:228} INFO - Task exited with return code 0
[2023-09-12T17:37:13.920+0000] {taskinstance.py:2784} INFO - 0 downstream tasks scheduled from follow-on schedule check
