[2023-09-05T15:29:38.789+0000] {taskinstance.py:1159} INFO - Dependencies all met for dep_context=non-requeueable deps ti=<TaskInstance: tasks_relations.or_that_way scheduled__2023-06-21T00:00:00+00:00 [queued]>
[2023-09-05T15:29:38.894+0000] {taskinstance.py:1159} INFO - Dependencies all met for dep_context=requeueable deps ti=<TaskInstance: tasks_relations.or_that_way scheduled__2023-06-21T00:00:00+00:00 [queued]>
[2023-09-05T15:29:38.916+0000] {taskinstance.py:1361} INFO - Starting attempt 1 of 1
[2023-09-05T15:29:39.081+0000] {taskinstance.py:1382} INFO - Executing <Task(_PythonDecoratedOperator): or_that_way> on 2023-06-21 00:00:00+00:00
[2023-09-05T15:29:39.183+0000] {standard_task_runner.py:57} INFO - Started process 1379 to run task
[2023-09-05T15:29:39.251+0000] {standard_task_runner.py:84} INFO - Running: ['***', 'tasks', 'run', 'tasks_relations', 'or_that_way', 'scheduled__2023-06-21T00:00:00+00:00', '--job-id', '616', '--raw', '--subdir', 'DAGS_FOLDER/tasks_relations.py', '--cfg-path', '/tmp/tmp9h10ekss']
[2023-09-05T15:29:39.257+0000] {standard_task_runner.py:85} INFO - Job 616: Subtask or_that_way
[2023-09-05T15:29:39.831+0000] {task_command.py:415} INFO - Running <TaskInstance: tasks_relations.or_that_way scheduled__2023-06-21T00:00:00+00:00 [running]> on host ca474790e981
[2023-09-05T15:29:40.367+0000] {taskinstance.py:1660} INFO - Exporting env vars: AIRFLOW_CTX_DAG_OWNER='***' AIRFLOW_CTX_DAG_ID='tasks_relations' AIRFLOW_CTX_TASK_ID='or_that_way' AIRFLOW_CTX_EXECUTION_DATE='2023-06-21T00:00:00+00:00' AIRFLOW_CTX_TRY_NUMBER='1' AIRFLOW_CTX_DAG_RUN_ID='scheduled__2023-06-21T00:00:00+00:00'
[2023-09-05T15:29:40.387+0000] {logging_mixin.py:151} INFO - NO NO, THAT WAY WAY!!!
[2023-09-05T15:29:40.391+0000] {python.py:194} INFO - Done. Returned value was: None
[2023-09-05T15:29:40.475+0000] {taskinstance.py:1400} INFO - Marking task as SUCCESS. dag_id=tasks_relations, task_id=or_that_way, execution_date=20230621T000000, start_date=20230905T152938, end_date=20230905T152940
[2023-09-05T15:29:40.796+0000] {local_task_job_runner.py:228} INFO - Task exited with return code 0
[2023-09-05T15:29:40.944+0000] {taskinstance.py:2784} INFO - 0 downstream tasks scheduled from follow-on schedule check
[2023-09-12T17:36:42.241+0000] {taskinstance.py:1159} INFO - Dependencies all met for dep_context=non-requeueable deps ti=<TaskInstance: tasks_relations.or_that_way scheduled__2023-06-21T00:00:00+00:00 [queued]>
[2023-09-12T17:36:42.249+0000] {taskinstance.py:1159} INFO - Dependencies all met for dep_context=requeueable deps ti=<TaskInstance: tasks_relations.or_that_way scheduled__2023-06-21T00:00:00+00:00 [queued]>
[2023-09-12T17:36:42.249+0000] {taskinstance.py:1361} INFO - Starting attempt 1 of 1
[2023-09-12T17:36:42.262+0000] {taskinstance.py:1382} INFO - Executing <Task(_PythonDecoratedOperator): or_that_way> on 2023-06-21 00:00:00+00:00
[2023-09-12T17:36:42.285+0000] {standard_task_runner.py:57} INFO - Started process 2776 to run task
[2023-09-12T17:36:42.316+0000] {standard_task_runner.py:84} INFO - Running: ['***', 'tasks', 'run', 'tasks_relations', 'or_that_way', 'scheduled__2023-06-21T00:00:00+00:00', '--job-id', '1307', '--raw', '--subdir', 'DAGS_FOLDER/2_tasks_relations.py', '--cfg-path', '/tmp/tmpp674a9v2']
[2023-09-12T17:36:42.326+0000] {standard_task_runner.py:85} INFO - Job 1307: Subtask or_that_way
[2023-09-12T17:36:42.538+0000] {task_command.py:415} INFO - Running <TaskInstance: tasks_relations.or_that_way scheduled__2023-06-21T00:00:00+00:00 [running]> on host 0ab7970e0956
[2023-09-12T17:36:42.758+0000] {taskinstance.py:1660} INFO - Exporting env vars: AIRFLOW_CTX_DAG_OWNER='***' AIRFLOW_CTX_DAG_ID='tasks_relations' AIRFLOW_CTX_TASK_ID='or_that_way' AIRFLOW_CTX_EXECUTION_DATE='2023-06-21T00:00:00+00:00' AIRFLOW_CTX_TRY_NUMBER='1' AIRFLOW_CTX_DAG_RUN_ID='scheduled__2023-06-21T00:00:00+00:00'
[2023-09-12T17:36:42.760+0000] {logging_mixin.py:151} INFO - NO NO, THAT WAY WAY!!!
[2023-09-12T17:36:42.761+0000] {python.py:194} INFO - Done. Returned value was: None
[2023-09-12T17:36:42.792+0000] {taskinstance.py:1400} INFO - Marking task as SUCCESS. dag_id=tasks_relations, task_id=or_that_way, execution_date=20230621T000000, start_date=20230912T173642, end_date=20230912T173642
[2023-09-12T17:36:42.847+0000] {local_task_job_runner.py:228} INFO - Task exited with return code 0
[2023-09-12T17:36:42.880+0000] {taskinstance.py:2784} INFO - 0 downstream tasks scheduled from follow-on schedule check
