[2023-09-05T15:30:27.579+0000] {taskinstance.py:1159} INFO - Dependencies all met for dep_context=non-requeueable deps ti=<TaskInstance: tasks_relations.say_bye scheduled__2023-07-26T00:00:00+00:00 [queued]>
[2023-09-05T15:30:27.638+0000] {taskinstance.py:1159} INFO - Dependencies all met for dep_context=requeueable deps ti=<TaskInstance: tasks_relations.say_bye scheduled__2023-07-26T00:00:00+00:00 [queued]>
[2023-09-05T15:30:27.640+0000] {taskinstance.py:1361} INFO - Starting attempt 1 of 1
[2023-09-05T15:30:27.743+0000] {taskinstance.py:1382} INFO - Executing <Task(_PythonDecoratedOperator): say_bye> on 2023-07-26 00:00:00+00:00
[2023-09-05T15:30:27.771+0000] {standard_task_runner.py:57} INFO - Started process 1671 to run task
[2023-09-05T15:30:27.812+0000] {standard_task_runner.py:84} INFO - Running: ['***', 'tasks', 'run', 'tasks_relations', 'say_bye', 'scheduled__2023-07-26T00:00:00+00:00', '--job-id', '760', '--raw', '--subdir', 'DAGS_FOLDER/tasks_relations.py', '--cfg-path', '/tmp/tmpgo9jyuum']
[2023-09-05T15:30:27.860+0000] {standard_task_runner.py:85} INFO - Job 760: Subtask say_bye
[2023-09-05T15:30:28.661+0000] {task_command.py:415} INFO - Running <TaskInstance: tasks_relations.say_bye scheduled__2023-07-26T00:00:00+00:00 [running]> on host ca474790e981
[2023-09-05T15:30:29.218+0000] {taskinstance.py:1660} INFO - Exporting env vars: AIRFLOW_CTX_DAG_OWNER='***' AIRFLOW_CTX_DAG_ID='tasks_relations' AIRFLOW_CTX_TASK_ID='say_bye' AIRFLOW_CTX_EXECUTION_DATE='2023-07-26T00:00:00+00:00' AIRFLOW_CTX_TRY_NUMBER='1' AIRFLOW_CTX_DAG_RUN_ID='scheduled__2023-07-26T00:00:00+00:00'
[2023-09-05T15:30:29.228+0000] {logging_mixin.py:151} INFO - goodbye world
[2023-09-05T15:30:29.231+0000] {python.py:194} INFO - Done. Returned value was: None
[2023-09-05T15:30:29.287+0000] {taskinstance.py:1400} INFO - Marking task as SUCCESS. dag_id=tasks_relations, task_id=say_bye, execution_date=20230726T000000, start_date=20230905T153027, end_date=20230905T153029
[2023-09-05T15:30:29.424+0000] {local_task_job_runner.py:228} INFO - Task exited with return code 0
[2023-09-05T15:30:29.577+0000] {taskinstance.py:2784} INFO - 2 downstream tasks scheduled from follow-on schedule check
[2023-09-12T17:37:11.171+0000] {taskinstance.py:1159} INFO - Dependencies all met for dep_context=non-requeueable deps ti=<TaskInstance: tasks_relations.say_bye scheduled__2023-07-26T00:00:00+00:00 [queued]>
[2023-09-12T17:37:11.227+0000] {taskinstance.py:1159} INFO - Dependencies all met for dep_context=requeueable deps ti=<TaskInstance: tasks_relations.say_bye scheduled__2023-07-26T00:00:00+00:00 [queued]>
[2023-09-12T17:37:11.241+0000] {taskinstance.py:1361} INFO - Starting attempt 1 of 1
[2023-09-12T17:37:11.287+0000] {taskinstance.py:1382} INFO - Executing <Task(_PythonDecoratedOperator): say_bye> on 2023-07-26 00:00:00+00:00
[2023-09-12T17:37:11.302+0000] {standard_task_runner.py:57} INFO - Started process 3129 to run task
[2023-09-12T17:37:11.336+0000] {standard_task_runner.py:84} INFO - Running: ['***', 'tasks', 'run', 'tasks_relations', 'say_bye', 'scheduled__2023-07-26T00:00:00+00:00', '--job-id', '1485', '--raw', '--subdir', 'DAGS_FOLDER/2_tasks_relations.py', '--cfg-path', '/tmp/tmpz7vpyyx1']
[2023-09-12T17:37:11.341+0000] {standard_task_runner.py:85} INFO - Job 1485: Subtask say_bye
[2023-09-12T17:37:11.521+0000] {task_command.py:415} INFO - Running <TaskInstance: tasks_relations.say_bye scheduled__2023-07-26T00:00:00+00:00 [running]> on host 0ab7970e0956
[2023-09-12T17:37:11.835+0000] {taskinstance.py:1660} INFO - Exporting env vars: AIRFLOW_CTX_DAG_OWNER='***' AIRFLOW_CTX_DAG_ID='tasks_relations' AIRFLOW_CTX_TASK_ID='say_bye' AIRFLOW_CTX_EXECUTION_DATE='2023-07-26T00:00:00+00:00' AIRFLOW_CTX_TRY_NUMBER='1' AIRFLOW_CTX_DAG_RUN_ID='scheduled__2023-07-26T00:00:00+00:00'
[2023-09-12T17:37:11.838+0000] {logging_mixin.py:151} INFO - goodbye world
[2023-09-12T17:37:11.840+0000] {python.py:194} INFO - Done. Returned value was: None
[2023-09-12T17:37:11.882+0000] {taskinstance.py:1400} INFO - Marking task as SUCCESS. dag_id=tasks_relations, task_id=say_bye, execution_date=20230726T000000, start_date=20230912T173711, end_date=20230912T173711
[2023-09-12T17:37:11.995+0000] {local_task_job_runner.py:228} INFO - Task exited with return code 0
[2023-09-12T17:37:12.060+0000] {taskinstance.py:2784} INFO - 2 downstream tasks scheduled from follow-on schedule check
