[2023-09-05T15:31:33.448+0000] {taskinstance.py:1159} INFO - Dependencies all met for dep_context=non-requeueable deps ti=<TaskInstance: tasks_relations.say_bye scheduled__2023-08-31T00:00:00+00:00 [queued]>
[2023-09-05T15:31:33.534+0000] {taskinstance.py:1159} INFO - Dependencies all met for dep_context=requeueable deps ti=<TaskInstance: tasks_relations.say_bye scheduled__2023-08-31T00:00:00+00:00 [queued]>
[2023-09-05T15:31:33.535+0000] {taskinstance.py:1361} INFO - Starting attempt 1 of 1
[2023-09-05T15:31:33.683+0000] {taskinstance.py:1382} INFO - Executing <Task(_PythonDecoratedOperator): say_bye> on 2023-08-31 00:00:00+00:00
[2023-09-05T15:31:33.730+0000] {standard_task_runner.py:57} INFO - Started process 2034 to run task
[2023-09-05T15:31:33.782+0000] {standard_task_runner.py:84} INFO - Running: ['***', 'tasks', 'run', 'tasks_relations', 'say_bye', 'scheduled__2023-08-31T00:00:00+00:00', '--job-id', '931', '--raw', '--subdir', 'DAGS_FOLDER/tasks_relations.py', '--cfg-path', '/tmp/tmpozfjzb_d']
[2023-09-05T15:31:33.821+0000] {standard_task_runner.py:85} INFO - Job 931: Subtask say_bye
[2023-09-05T15:31:34.291+0000] {task_command.py:415} INFO - Running <TaskInstance: tasks_relations.say_bye scheduled__2023-08-31T00:00:00+00:00 [running]> on host ca474790e981
[2023-09-05T15:31:34.922+0000] {taskinstance.py:1660} INFO - Exporting env vars: AIRFLOW_CTX_DAG_OWNER='***' AIRFLOW_CTX_DAG_ID='tasks_relations' AIRFLOW_CTX_TASK_ID='say_bye' AIRFLOW_CTX_EXECUTION_DATE='2023-08-31T00:00:00+00:00' AIRFLOW_CTX_TRY_NUMBER='1' AIRFLOW_CTX_DAG_RUN_ID='scheduled__2023-08-31T00:00:00+00:00'
[2023-09-05T15:31:34.929+0000] {logging_mixin.py:151} INFO - goodbye world
[2023-09-05T15:31:34.931+0000] {python.py:194} INFO - Done. Returned value was: None
[2023-09-05T15:31:35.047+0000] {taskinstance.py:1400} INFO - Marking task as SUCCESS. dag_id=tasks_relations, task_id=say_bye, execution_date=20230831T000000, start_date=20230905T153133, end_date=20230905T153135
[2023-09-05T15:31:35.172+0000] {local_task_job_runner.py:228} INFO - Task exited with return code 0
[2023-09-05T15:31:35.376+0000] {taskinstance.py:2784} INFO - 0 downstream tasks scheduled from follow-on schedule check
[2023-09-12T17:37:51.789+0000] {taskinstance.py:1159} INFO - Dependencies all met for dep_context=non-requeueable deps ti=<TaskInstance: tasks_relations.say_bye scheduled__2023-08-31T00:00:00+00:00 [queued]>
[2023-09-12T17:37:51.831+0000] {taskinstance.py:1159} INFO - Dependencies all met for dep_context=requeueable deps ti=<TaskInstance: tasks_relations.say_bye scheduled__2023-08-31T00:00:00+00:00 [queued]>
[2023-09-12T17:37:51.843+0000] {taskinstance.py:1361} INFO - Starting attempt 1 of 1
[2023-09-12T17:37:51.954+0000] {taskinstance.py:1382} INFO - Executing <Task(_PythonDecoratedOperator): say_bye> on 2023-08-31 00:00:00+00:00
[2023-09-12T17:37:51.959+0000] {standard_task_runner.py:57} INFO - Started process 3588 to run task
[2023-09-12T17:37:51.985+0000] {standard_task_runner.py:84} INFO - Running: ['***', 'tasks', 'run', 'tasks_relations', 'say_bye', 'scheduled__2023-08-31T00:00:00+00:00', '--job-id', '1706', '--raw', '--subdir', 'DAGS_FOLDER/2_tasks_relations.py', '--cfg-path', '/tmp/tmp4ybtuonx']
[2023-09-12T17:37:52.006+0000] {standard_task_runner.py:85} INFO - Job 1706: Subtask say_bye
[2023-09-12T17:37:52.178+0000] {task_command.py:415} INFO - Running <TaskInstance: tasks_relations.say_bye scheduled__2023-08-31T00:00:00+00:00 [running]> on host 0ab7970e0956
[2023-09-12T17:37:52.390+0000] {taskinstance.py:1660} INFO - Exporting env vars: AIRFLOW_CTX_DAG_OWNER='***' AIRFLOW_CTX_DAG_ID='tasks_relations' AIRFLOW_CTX_TASK_ID='say_bye' AIRFLOW_CTX_EXECUTION_DATE='2023-08-31T00:00:00+00:00' AIRFLOW_CTX_TRY_NUMBER='1' AIRFLOW_CTX_DAG_RUN_ID='scheduled__2023-08-31T00:00:00+00:00'
[2023-09-12T17:37:52.392+0000] {logging_mixin.py:151} INFO - goodbye world
[2023-09-12T17:37:52.393+0000] {python.py:194} INFO - Done. Returned value was: None
[2023-09-12T17:37:52.411+0000] {taskinstance.py:1400} INFO - Marking task as SUCCESS. dag_id=tasks_relations, task_id=say_bye, execution_date=20230831T000000, start_date=20230912T173751, end_date=20230912T173752
[2023-09-12T17:37:52.469+0000] {local_task_job_runner.py:228} INFO - Task exited with return code 0
[2023-09-12T17:37:52.504+0000] {taskinstance.py:2784} INFO - 2 downstream tasks scheduled from follow-on schedule check
