[2023-09-05T15:30:53.450+0000] {taskinstance.py:1159} INFO - Dependencies all met for dep_context=non-requeueable deps ti=<TaskInstance: tasks_relations.say_bye scheduled__2023-08-05T00:00:00+00:00 [queued]>
[2023-09-05T15:30:53.532+0000] {taskinstance.py:1159} INFO - Dependencies all met for dep_context=requeueable deps ti=<TaskInstance: tasks_relations.say_bye scheduled__2023-08-05T00:00:00+00:00 [queued]>
[2023-09-05T15:30:53.538+0000] {taskinstance.py:1361} INFO - Starting attempt 1 of 1
[2023-09-05T15:30:53.602+0000] {taskinstance.py:1382} INFO - Executing <Task(_PythonDecoratedOperator): say_bye> on 2023-08-05 00:00:00+00:00
[2023-09-05T15:30:53.632+0000] {standard_task_runner.py:57} INFO - Started process 1810 to run task
[2023-09-05T15:30:53.693+0000] {standard_task_runner.py:84} INFO - Running: ['***', 'tasks', 'run', 'tasks_relations', 'say_bye', 'scheduled__2023-08-05T00:00:00+00:00', '--job-id', '824', '--raw', '--subdir', 'DAGS_FOLDER/tasks_relations.py', '--cfg-path', '/tmp/tmp2syktrns']
[2023-09-05T15:30:53.721+0000] {standard_task_runner.py:85} INFO - Job 824: Subtask say_bye
[2023-09-05T15:30:54.337+0000] {task_command.py:415} INFO - Running <TaskInstance: tasks_relations.say_bye scheduled__2023-08-05T00:00:00+00:00 [running]> on host ca474790e981
[2023-09-05T15:30:55.393+0000] {taskinstance.py:1660} INFO - Exporting env vars: AIRFLOW_CTX_DAG_OWNER='***' AIRFLOW_CTX_DAG_ID='tasks_relations' AIRFLOW_CTX_TASK_ID='say_bye' AIRFLOW_CTX_EXECUTION_DATE='2023-08-05T00:00:00+00:00' AIRFLOW_CTX_TRY_NUMBER='1' AIRFLOW_CTX_DAG_RUN_ID='scheduled__2023-08-05T00:00:00+00:00'
[2023-09-05T15:30:55.399+0000] {logging_mixin.py:151} INFO - goodbye world
[2023-09-05T15:30:55.404+0000] {python.py:194} INFO - Done. Returned value was: None
[2023-09-05T15:30:55.577+0000] {taskinstance.py:1400} INFO - Marking task as SUCCESS. dag_id=tasks_relations, task_id=say_bye, execution_date=20230805T000000, start_date=20230905T153053, end_date=20230905T153055
[2023-09-05T15:30:55.864+0000] {local_task_job_runner.py:228} INFO - Task exited with return code 0
[2023-09-05T15:30:56.122+0000] {taskinstance.py:2784} INFO - 2 downstream tasks scheduled from follow-on schedule check
[2023-09-12T17:37:29.104+0000] {taskinstance.py:1159} INFO - Dependencies all met for dep_context=non-requeueable deps ti=<TaskInstance: tasks_relations.say_bye scheduled__2023-08-05T00:00:00+00:00 [queued]>
[2023-09-12T17:37:29.118+0000] {taskinstance.py:1159} INFO - Dependencies all met for dep_context=requeueable deps ti=<TaskInstance: tasks_relations.say_bye scheduled__2023-08-05T00:00:00+00:00 [queued]>
[2023-09-12T17:37:29.120+0000] {taskinstance.py:1361} INFO - Starting attempt 1 of 1
[2023-09-12T17:37:29.136+0000] {taskinstance.py:1382} INFO - Executing <Task(_PythonDecoratedOperator): say_bye> on 2023-08-05 00:00:00+00:00
[2023-09-12T17:37:29.146+0000] {standard_task_runner.py:57} INFO - Started process 3326 to run task
[2023-09-12T17:37:29.159+0000] {standard_task_runner.py:84} INFO - Running: ['***', 'tasks', 'run', 'tasks_relations', 'say_bye', 'scheduled__2023-08-05T00:00:00+00:00', '--job-id', '1580', '--raw', '--subdir', 'DAGS_FOLDER/2_tasks_relations.py', '--cfg-path', '/tmp/tmp24uwnt6g']
[2023-09-12T17:37:29.182+0000] {standard_task_runner.py:85} INFO - Job 1580: Subtask say_bye
[2023-09-12T17:37:29.392+0000] {task_command.py:415} INFO - Running <TaskInstance: tasks_relations.say_bye scheduled__2023-08-05T00:00:00+00:00 [running]> on host 0ab7970e0956
[2023-09-12T17:37:29.569+0000] {taskinstance.py:1660} INFO - Exporting env vars: AIRFLOW_CTX_DAG_OWNER='***' AIRFLOW_CTX_DAG_ID='tasks_relations' AIRFLOW_CTX_TASK_ID='say_bye' AIRFLOW_CTX_EXECUTION_DATE='2023-08-05T00:00:00+00:00' AIRFLOW_CTX_TRY_NUMBER='1' AIRFLOW_CTX_DAG_RUN_ID='scheduled__2023-08-05T00:00:00+00:00'
[2023-09-12T17:37:29.573+0000] {logging_mixin.py:151} INFO - goodbye world
[2023-09-12T17:37:29.575+0000] {python.py:194} INFO - Done. Returned value was: None
[2023-09-12T17:37:29.587+0000] {taskinstance.py:1400} INFO - Marking task as SUCCESS. dag_id=tasks_relations, task_id=say_bye, execution_date=20230805T000000, start_date=20230912T173729, end_date=20230912T173729
[2023-09-12T17:37:29.623+0000] {local_task_job_runner.py:228} INFO - Task exited with return code 0
[2023-09-12T17:37:29.669+0000] {taskinstance.py:2784} INFO - 2 downstream tasks scheduled from follow-on schedule check
