[2023-09-05T15:26:36.487+0000] {taskinstance.py:1159} INFO - Dependencies all met for dep_context=non-requeueable deps ti=<TaskInstance: tasks_relations.say_bye scheduled__2023-04-27T00:00:00+00:00 [queued]>
[2023-09-05T15:26:36.522+0000] {taskinstance.py:1159} INFO - Dependencies all met for dep_context=requeueable deps ti=<TaskInstance: tasks_relations.say_bye scheduled__2023-04-27T00:00:00+00:00 [queued]>
[2023-09-05T15:26:36.539+0000] {taskinstance.py:1361} INFO - Starting attempt 1 of 1
[2023-09-05T15:26:36.576+0000] {taskinstance.py:1382} INFO - Executing <Task(_PythonDecoratedOperator): say_bye> on 2023-04-27 00:00:00+00:00
[2023-09-05T15:26:36.583+0000] {standard_task_runner.py:57} INFO - Started process 827 to run task
[2023-09-05T15:26:36.594+0000] {standard_task_runner.py:84} INFO - Running: ['***', 'tasks', 'run', 'tasks_relations', 'say_bye', 'scheduled__2023-04-27T00:00:00+00:00', '--job-id', '366', '--raw', '--subdir', 'DAGS_FOLDER/tasks_relations.py', '--cfg-path', '/tmp/tmptf_cxa74']
[2023-09-05T15:26:36.604+0000] {standard_task_runner.py:85} INFO - Job 366: Subtask say_bye
[2023-09-05T15:26:36.854+0000] {task_command.py:415} INFO - Running <TaskInstance: tasks_relations.say_bye scheduled__2023-04-27T00:00:00+00:00 [running]> on host ca474790e981
[2023-09-05T15:26:37.235+0000] {taskinstance.py:1660} INFO - Exporting env vars: AIRFLOW_CTX_DAG_OWNER='***' AIRFLOW_CTX_DAG_ID='tasks_relations' AIRFLOW_CTX_TASK_ID='say_bye' AIRFLOW_CTX_EXECUTION_DATE='2023-04-27T00:00:00+00:00' AIRFLOW_CTX_TRY_NUMBER='1' AIRFLOW_CTX_DAG_RUN_ID='scheduled__2023-04-27T00:00:00+00:00'
[2023-09-05T15:26:37.257+0000] {logging_mixin.py:151} INFO - goodbye ***
[2023-09-05T15:26:37.265+0000] {python.py:194} INFO - Done. Returned value was: None
[2023-09-05T15:26:37.371+0000] {taskinstance.py:1400} INFO - Marking task as SUCCESS. dag_id=tasks_relations, task_id=say_bye, execution_date=20230427T000000, start_date=20230905T152636, end_date=20230905T152637
[2023-09-05T15:26:37.485+0000] {local_task_job_runner.py:228} INFO - Task exited with return code 0
[2023-09-05T15:26:37.571+0000] {taskinstance.py:2784} INFO - 0 downstream tasks scheduled from follow-on schedule check
[2023-09-12T17:35:41.142+0000] {taskinstance.py:1159} INFO - Dependencies all met for dep_context=non-requeueable deps ti=<TaskInstance: tasks_relations.say_bye scheduled__2023-04-27T00:00:00+00:00 [queued]>
[2023-09-12T17:35:41.181+0000] {taskinstance.py:1159} INFO - Dependencies all met for dep_context=requeueable deps ti=<TaskInstance: tasks_relations.say_bye scheduled__2023-04-27T00:00:00+00:00 [queued]>
[2023-09-12T17:35:41.184+0000] {taskinstance.py:1361} INFO - Starting attempt 1 of 1
[2023-09-12T17:35:41.246+0000] {taskinstance.py:1382} INFO - Executing <Task(_PythonDecoratedOperator): say_bye> on 2023-04-27 00:00:00+00:00
[2023-09-12T17:35:41.272+0000] {standard_task_runner.py:57} INFO - Started process 2052 to run task
[2023-09-12T17:35:41.311+0000] {standard_task_runner.py:84} INFO - Running: ['***', 'tasks', 'run', 'tasks_relations', 'say_bye', 'scheduled__2023-04-27T00:00:00+00:00', '--job-id', '957', '--raw', '--subdir', 'DAGS_FOLDER/2_tasks_relations.py', '--cfg-path', '/tmp/tmp7librdyb']
[2023-09-12T17:35:41.320+0000] {standard_task_runner.py:85} INFO - Job 957: Subtask say_bye
[2023-09-12T17:35:41.528+0000] {task_command.py:415} INFO - Running <TaskInstance: tasks_relations.say_bye scheduled__2023-04-27T00:00:00+00:00 [running]> on host 0ab7970e0956
[2023-09-12T17:35:41.905+0000] {taskinstance.py:1660} INFO - Exporting env vars: AIRFLOW_CTX_DAG_OWNER='***' AIRFLOW_CTX_DAG_ID='tasks_relations' AIRFLOW_CTX_TASK_ID='say_bye' AIRFLOW_CTX_EXECUTION_DATE='2023-04-27T00:00:00+00:00' AIRFLOW_CTX_TRY_NUMBER='1' AIRFLOW_CTX_DAG_RUN_ID='scheduled__2023-04-27T00:00:00+00:00'
[2023-09-12T17:35:41.910+0000] {logging_mixin.py:151} INFO - goodbye world
[2023-09-12T17:35:41.925+0000] {python.py:194} INFO - Done. Returned value was: None
[2023-09-12T17:35:41.999+0000] {taskinstance.py:1400} INFO - Marking task as SUCCESS. dag_id=tasks_relations, task_id=say_bye, execution_date=20230427T000000, start_date=20230912T173541, end_date=20230912T173541
[2023-09-12T17:35:42.087+0000] {local_task_job_runner.py:228} INFO - Task exited with return code 0
[2023-09-12T17:35:42.145+0000] {taskinstance.py:2784} INFO - 0 downstream tasks scheduled from follow-on schedule check
