[2023-09-05T15:29:42.370+0000] {taskinstance.py:1159} INFO - Dependencies all met for dep_context=non-requeueable deps ti=<TaskInstance: tasks_relations.this_way scheduled__2023-06-25T00:00:00+00:00 [queued]>
[2023-09-05T15:29:42.390+0000] {taskinstance.py:1159} INFO - Dependencies all met for dep_context=requeueable deps ti=<TaskInstance: tasks_relations.this_way scheduled__2023-06-25T00:00:00+00:00 [queued]>
[2023-09-05T15:29:42.396+0000] {taskinstance.py:1361} INFO - Starting attempt 1 of 1
[2023-09-05T15:29:42.432+0000] {taskinstance.py:1382} INFO - Executing <Task(_PythonDecoratedOperator): this_way> on 2023-06-25 00:00:00+00:00
[2023-09-05T15:29:42.454+0000] {standard_task_runner.py:57} INFO - Started process 1395 to run task
[2023-09-05T15:29:42.478+0000] {standard_task_runner.py:84} INFO - Running: ['***', 'tasks', 'run', 'tasks_relations', 'this_way', 'scheduled__2023-06-25T00:00:00+00:00', '--job-id', '625', '--raw', '--subdir', 'DAGS_FOLDER/tasks_relations.py', '--cfg-path', '/tmp/tmpi0pkhfy6']
[2023-09-05T15:29:42.521+0000] {standard_task_runner.py:85} INFO - Job 625: Subtask this_way
[2023-09-05T15:29:42.801+0000] {task_command.py:415} INFO - Running <TaskInstance: tasks_relations.this_way scheduled__2023-06-25T00:00:00+00:00 [running]> on host ca474790e981
[2023-09-05T15:29:43.386+0000] {taskinstance.py:1660} INFO - Exporting env vars: AIRFLOW_CTX_DAG_OWNER='***' AIRFLOW_CTX_DAG_ID='tasks_relations' AIRFLOW_CTX_TASK_ID='this_way' AIRFLOW_CTX_EXECUTION_DATE='2023-06-25T00:00:00+00:00' AIRFLOW_CTX_TRY_NUMBER='1' AIRFLOW_CTX_DAG_RUN_ID='scheduled__2023-06-25T00:00:00+00:00'
[2023-09-05T15:29:43.409+0000] {logging_mixin.py:151} INFO - THIS WAY!!!
[2023-09-05T15:29:43.416+0000] {python.py:194} INFO - Done. Returned value was: None
[2023-09-05T15:29:43.566+0000] {taskinstance.py:1400} INFO - Marking task as SUCCESS. dag_id=tasks_relations, task_id=this_way, execution_date=20230625T000000, start_date=20230905T152942, end_date=20230905T152943
[2023-09-05T15:29:43.951+0000] {local_task_job_runner.py:228} INFO - Task exited with return code 0
[2023-09-05T15:29:44.274+0000] {taskinstance.py:2784} INFO - 0 downstream tasks scheduled from follow-on schedule check
[2023-09-12T17:36:42.650+0000] {taskinstance.py:1159} INFO - Dependencies all met for dep_context=non-requeueable deps ti=<TaskInstance: tasks_relations.this_way scheduled__2023-06-25T00:00:00+00:00 [queued]>
[2023-09-12T17:36:42.659+0000] {taskinstance.py:1159} INFO - Dependencies all met for dep_context=requeueable deps ti=<TaskInstance: tasks_relations.this_way scheduled__2023-06-25T00:00:00+00:00 [queued]>
[2023-09-12T17:36:42.663+0000] {taskinstance.py:1361} INFO - Starting attempt 1 of 1
[2023-09-12T17:36:42.705+0000] {taskinstance.py:1382} INFO - Executing <Task(_PythonDecoratedOperator): this_way> on 2023-06-25 00:00:00+00:00
[2023-09-12T17:36:42.726+0000] {standard_task_runner.py:57} INFO - Started process 2777 to run task
[2023-09-12T17:36:42.750+0000] {standard_task_runner.py:84} INFO - Running: ['***', 'tasks', 'run', 'tasks_relations', 'this_way', 'scheduled__2023-06-25T00:00:00+00:00', '--job-id', '1308', '--raw', '--subdir', 'DAGS_FOLDER/2_tasks_relations.py', '--cfg-path', '/tmp/tmpfaqiuoha']
[2023-09-12T17:36:42.760+0000] {standard_task_runner.py:85} INFO - Job 1308: Subtask this_way
[2023-09-12T17:36:42.895+0000] {task_command.py:415} INFO - Running <TaskInstance: tasks_relations.this_way scheduled__2023-06-25T00:00:00+00:00 [running]> on host 0ab7970e0956
[2023-09-12T17:36:43.173+0000] {taskinstance.py:1660} INFO - Exporting env vars: AIRFLOW_CTX_DAG_OWNER='***' AIRFLOW_CTX_DAG_ID='tasks_relations' AIRFLOW_CTX_TASK_ID='this_way' AIRFLOW_CTX_EXECUTION_DATE='2023-06-25T00:00:00+00:00' AIRFLOW_CTX_TRY_NUMBER='1' AIRFLOW_CTX_DAG_RUN_ID='scheduled__2023-06-25T00:00:00+00:00'
[2023-09-12T17:36:43.178+0000] {logging_mixin.py:151} INFO - THIS WAY!!!
[2023-09-12T17:36:43.178+0000] {python.py:194} INFO - Done. Returned value was: None
[2023-09-12T17:36:43.198+0000] {taskinstance.py:1400} INFO - Marking task as SUCCESS. dag_id=tasks_relations, task_id=this_way, execution_date=20230625T000000, start_date=20230912T173642, end_date=20230912T173643
[2023-09-12T17:36:43.287+0000] {local_task_job_runner.py:228} INFO - Task exited with return code 0
[2023-09-12T17:36:43.328+0000] {taskinstance.py:2784} INFO - 0 downstream tasks scheduled from follow-on schedule check
