[2023-09-05T15:29:10.031+0000] {taskinstance.py:1159} INFO - Dependencies all met for dep_context=non-requeueable deps ti=<TaskInstance: tasks_relations.say_bye scheduled__2023-06-15T00:00:00+00:00 [queued]>
[2023-09-05T15:29:10.060+0000] {taskinstance.py:1159} INFO - Dependencies all met for dep_context=requeueable deps ti=<TaskInstance: tasks_relations.say_bye scheduled__2023-06-15T00:00:00+00:00 [queued]>
[2023-09-05T15:29:10.069+0000] {taskinstance.py:1361} INFO - Starting attempt 1 of 1
[2023-09-05T15:29:10.096+0000] {taskinstance.py:1382} INFO - Executing <Task(_PythonDecoratedOperator): say_bye> on 2023-06-15 00:00:00+00:00
[2023-09-05T15:29:10.118+0000] {standard_task_runner.py:57} INFO - Started process 1240 to run task
[2023-09-05T15:29:10.128+0000] {standard_task_runner.py:84} INFO - Running: ['***', 'tasks', 'run', 'tasks_relations', 'say_bye', 'scheduled__2023-06-15T00:00:00+00:00', '--job-id', '555', '--raw', '--subdir', 'DAGS_FOLDER/tasks_relations.py', '--cfg-path', '/tmp/tmpp0fd8jv2']
[2023-09-05T15:29:10.142+0000] {standard_task_runner.py:85} INFO - Job 555: Subtask say_bye
[2023-09-05T15:29:10.321+0000] {task_command.py:415} INFO - Running <TaskInstance: tasks_relations.say_bye scheduled__2023-06-15T00:00:00+00:00 [running]> on host ca474790e981
[2023-09-05T15:29:10.530+0000] {taskinstance.py:1660} INFO - Exporting env vars: AIRFLOW_CTX_DAG_OWNER='***' AIRFLOW_CTX_DAG_ID='tasks_relations' AIRFLOW_CTX_TASK_ID='say_bye' AIRFLOW_CTX_EXECUTION_DATE='2023-06-15T00:00:00+00:00' AIRFLOW_CTX_TRY_NUMBER='1' AIRFLOW_CTX_DAG_RUN_ID='scheduled__2023-06-15T00:00:00+00:00'
[2023-09-05T15:29:10.547+0000] {logging_mixin.py:151} INFO - goodbye world
[2023-09-05T15:29:10.550+0000] {python.py:194} INFO - Done. Returned value was: None
[2023-09-05T15:29:10.600+0000] {taskinstance.py:1400} INFO - Marking task as SUCCESS. dag_id=tasks_relations, task_id=say_bye, execution_date=20230615T000000, start_date=20230905T152910, end_date=20230905T152910
[2023-09-05T15:29:10.651+0000] {local_task_job_runner.py:228} INFO - Task exited with return code 0
[2023-09-05T15:29:10.720+0000] {taskinstance.py:2784} INFO - 2 downstream tasks scheduled from follow-on schedule check
[2023-09-12T17:36:34.876+0000] {taskinstance.py:1159} INFO - Dependencies all met for dep_context=non-requeueable deps ti=<TaskInstance: tasks_relations.say_bye scheduled__2023-06-15T00:00:00+00:00 [queued]>
[2023-09-12T17:36:34.893+0000] {taskinstance.py:1159} INFO - Dependencies all met for dep_context=requeueable deps ti=<TaskInstance: tasks_relations.say_bye scheduled__2023-06-15T00:00:00+00:00 [queued]>
[2023-09-12T17:36:34.900+0000] {taskinstance.py:1361} INFO - Starting attempt 1 of 1
[2023-09-12T17:36:34.924+0000] {taskinstance.py:1382} INFO - Executing <Task(_PythonDecoratedOperator): say_bye> on 2023-06-15 00:00:00+00:00
[2023-09-12T17:36:34.943+0000] {standard_task_runner.py:57} INFO - Started process 2683 to run task
[2023-09-12T17:36:34.953+0000] {standard_task_runner.py:84} INFO - Running: ['***', 'tasks', 'run', 'tasks_relations', 'say_bye', 'scheduled__2023-06-15T00:00:00+00:00', '--job-id', '1270', '--raw', '--subdir', 'DAGS_FOLDER/2_tasks_relations.py', '--cfg-path', '/tmp/tmpcy4of3dd']
[2023-09-12T17:36:34.961+0000] {standard_task_runner.py:85} INFO - Job 1270: Subtask say_bye
[2023-09-12T17:36:35.106+0000] {task_command.py:415} INFO - Running <TaskInstance: tasks_relations.say_bye scheduled__2023-06-15T00:00:00+00:00 [running]> on host 0ab7970e0956
[2023-09-12T17:36:35.299+0000] {taskinstance.py:1660} INFO - Exporting env vars: AIRFLOW_CTX_DAG_OWNER='***' AIRFLOW_CTX_DAG_ID='tasks_relations' AIRFLOW_CTX_TASK_ID='say_bye' AIRFLOW_CTX_EXECUTION_DATE='2023-06-15T00:00:00+00:00' AIRFLOW_CTX_TRY_NUMBER='1' AIRFLOW_CTX_DAG_RUN_ID='scheduled__2023-06-15T00:00:00+00:00'
[2023-09-12T17:36:35.300+0000] {logging_mixin.py:151} INFO - goodbye world
[2023-09-12T17:36:35.302+0000] {python.py:194} INFO - Done. Returned value was: None
[2023-09-12T17:36:35.329+0000] {taskinstance.py:1400} INFO - Marking task as SUCCESS. dag_id=tasks_relations, task_id=say_bye, execution_date=20230615T000000, start_date=20230912T173634, end_date=20230912T173635
[2023-09-12T17:36:35.372+0000] {local_task_job_runner.py:228} INFO - Task exited with return code 0
[2023-09-12T17:36:35.635+0000] {taskinstance.py:2784} INFO - 2 downstream tasks scheduled from follow-on schedule check
