[2023-09-05T15:25:50.291+0000] {taskinstance.py:1159} INFO - Dependencies all met for dep_context=non-requeueable deps ti=<TaskInstance: tasks_relations.say_hello scheduled__2023-03-30T00:00:00+00:00 [queued]>
[2023-09-05T15:25:50.367+0000] {taskinstance.py:1159} INFO - Dependencies all met for dep_context=requeueable deps ti=<TaskInstance: tasks_relations.say_hello scheduled__2023-03-30T00:00:00+00:00 [queued]>
[2023-09-05T15:25:50.368+0000] {taskinstance.py:1361} INFO - Starting attempt 1 of 1
[2023-09-05T15:25:50.539+0000] {taskinstance.py:1382} INFO - Executing <Task(_PythonDecoratedOperator): say_hello> on 2023-03-30 00:00:00+00:00
[2023-09-05T15:25:50.564+0000] {standard_task_runner.py:57} INFO - Started process 628 to run task
[2023-09-05T15:25:50.576+0000] {standard_task_runner.py:84} INFO - Running: ['***', 'tasks', 'run', 'tasks_relations', 'say_hello', 'scheduled__2023-03-30T00:00:00+00:00', '--job-id', '271', '--raw', '--subdir', 'DAGS_FOLDER/tasks_relations.py', '--cfg-path', '/tmp/tmpt1gp8p8v']
[2023-09-05T15:25:50.592+0000] {standard_task_runner.py:85} INFO - Job 271: Subtask say_hello
[2023-09-05T15:25:50.950+0000] {task_command.py:415} INFO - Running <TaskInstance: tasks_relations.say_hello scheduled__2023-03-30T00:00:00+00:00 [running]> on host ca474790e981
[2023-09-05T15:25:51.390+0000] {taskinstance.py:1660} INFO - Exporting env vars: AIRFLOW_CTX_DAG_OWNER='***' AIRFLOW_CTX_DAG_ID='tasks_relations' AIRFLOW_CTX_TASK_ID='say_hello' AIRFLOW_CTX_EXECUTION_DATE='2023-03-30T00:00:00+00:00' AIRFLOW_CTX_TRY_NUMBER='1' AIRFLOW_CTX_DAG_RUN_ID='scheduled__2023-03-30T00:00:00+00:00'
[2023-09-05T15:25:51.394+0000] {logging_mixin.py:151} INFO - hello ***
[2023-09-05T15:25:51.400+0000] {python.py:194} INFO - Done. Returned value was: None
[2023-09-05T15:25:51.466+0000] {taskinstance.py:1400} INFO - Marking task as SUCCESS. dag_id=tasks_relations, task_id=say_hello, execution_date=20230330T000000, start_date=20230905T152550, end_date=20230905T152551
[2023-09-05T15:25:51.628+0000] {local_task_job_runner.py:228} INFO - Task exited with return code 0
[2023-09-05T15:25:51.693+0000] {taskinstance.py:2784} INFO - 1 downstream tasks scheduled from follow-on schedule check
[2023-09-12T17:35:04.604+0000] {taskinstance.py:1159} INFO - Dependencies all met for dep_context=non-requeueable deps ti=<TaskInstance: tasks_relations.say_hello scheduled__2023-03-30T00:00:00+00:00 [queued]>
[2023-09-12T17:35:04.662+0000] {taskinstance.py:1159} INFO - Dependencies all met for dep_context=requeueable deps ti=<TaskInstance: tasks_relations.say_hello scheduled__2023-03-30T00:00:00+00:00 [queued]>
[2023-09-12T17:35:04.664+0000] {taskinstance.py:1361} INFO - Starting attempt 1 of 1
[2023-09-12T17:35:04.694+0000] {taskinstance.py:1382} INFO - Executing <Task(_PythonDecoratedOperator): say_hello> on 2023-03-30 00:00:00+00:00
[2023-09-12T17:35:04.702+0000] {standard_task_runner.py:57} INFO - Started process 1581 to run task
[2023-09-12T17:35:04.740+0000] {standard_task_runner.py:84} INFO - Running: ['***', 'tasks', 'run', 'tasks_relations', 'say_hello', 'scheduled__2023-03-30T00:00:00+00:00', '--job-id', '725', '--raw', '--subdir', 'DAGS_FOLDER/2_tasks_relations.py', '--cfg-path', '/tmp/tmpcmcwnw96']
[2023-09-12T17:35:04.762+0000] {standard_task_runner.py:85} INFO - Job 725: Subtask say_hello
[2023-09-12T17:35:04.978+0000] {task_command.py:415} INFO - Running <TaskInstance: tasks_relations.say_hello scheduled__2023-03-30T00:00:00+00:00 [running]> on host 0ab7970e0956
[2023-09-12T17:35:05.253+0000] {taskinstance.py:1660} INFO - Exporting env vars: AIRFLOW_CTX_DAG_OWNER='***' AIRFLOW_CTX_DAG_ID='tasks_relations' AIRFLOW_CTX_TASK_ID='say_hello' AIRFLOW_CTX_EXECUTION_DATE='2023-03-30T00:00:00+00:00' AIRFLOW_CTX_TRY_NUMBER='1' AIRFLOW_CTX_DAG_RUN_ID='scheduled__2023-03-30T00:00:00+00:00'
[2023-09-12T17:35:05.260+0000] {logging_mixin.py:151} INFO - hello world
[2023-09-12T17:35:05.286+0000] {python.py:194} INFO - Done. Returned value was: None
[2023-09-12T17:35:05.318+0000] {taskinstance.py:1400} INFO - Marking task as SUCCESS. dag_id=tasks_relations, task_id=say_hello, execution_date=20230330T000000, start_date=20230912T173504, end_date=20230912T173505
[2023-09-12T17:35:05.455+0000] {local_task_job_runner.py:228} INFO - Task exited with return code 0
[2023-09-12T17:35:05.603+0000] {taskinstance.py:2784} INFO - 0 downstream tasks scheduled from follow-on schedule check
