[2023-09-05T15:27:52.851+0000] {taskinstance.py:1159} INFO - Dependencies all met for dep_context=non-requeueable deps ti=<TaskInstance: tasks_relations.this_way scheduled__2023-05-16T00:00:00+00:00 [queued]>
[2023-09-05T15:27:52.944+0000] {taskinstance.py:1159} INFO - Dependencies all met for dep_context=requeueable deps ti=<TaskInstance: tasks_relations.this_way scheduled__2023-05-16T00:00:00+00:00 [queued]>
[2023-09-05T15:27:52.969+0000] {taskinstance.py:1361} INFO - Starting attempt 1 of 1
[2023-09-05T15:27:53.355+0000] {taskinstance.py:1382} INFO - Executing <Task(_PythonDecoratedOperator): this_way> on 2023-05-16 00:00:00+00:00
[2023-09-05T15:27:53.405+0000] {standard_task_runner.py:57} INFO - Started process 988 to run task
[2023-09-05T15:27:53.452+0000] {standard_task_runner.py:84} INFO - Running: ['***', 'tasks', 'run', 'tasks_relations', 'this_way', 'scheduled__2023-05-16T00:00:00+00:00', '--job-id', '433', '--raw', '--subdir', 'DAGS_FOLDER/tasks_relations.py', '--cfg-path', '/tmp/tmpvmhrd_1z']
[2023-09-05T15:27:53.468+0000] {standard_task_runner.py:85} INFO - Job 433: Subtask this_way
[2023-09-05T15:27:54.523+0000] {task_command.py:415} INFO - Running <TaskInstance: tasks_relations.this_way scheduled__2023-05-16T00:00:00+00:00 [running]> on host ca474790e981
[2023-09-05T15:27:55.099+0000] {taskinstance.py:1660} INFO - Exporting env vars: AIRFLOW_CTX_DAG_OWNER='***' AIRFLOW_CTX_DAG_ID='tasks_relations' AIRFLOW_CTX_TASK_ID='this_way' AIRFLOW_CTX_EXECUTION_DATE='2023-05-16T00:00:00+00:00' AIRFLOW_CTX_TRY_NUMBER='1' AIRFLOW_CTX_DAG_RUN_ID='scheduled__2023-05-16T00:00:00+00:00'
[2023-09-05T15:27:55.110+0000] {logging_mixin.py:151} INFO - THIS WAY!!!
[2023-09-05T15:27:55.113+0000] {python.py:194} INFO - Done. Returned value was: None
[2023-09-05T15:27:55.495+0000] {taskinstance.py:1400} INFO - Marking task as SUCCESS. dag_id=tasks_relations, task_id=this_way, execution_date=20230516T000000, start_date=20230905T152752, end_date=20230905T152755
[2023-09-05T15:27:55.779+0000] {local_task_job_runner.py:228} INFO - Task exited with return code 0
[2023-09-05T15:27:56.029+0000] {taskinstance.py:2784} INFO - 0 downstream tasks scheduled from follow-on schedule check
[2023-09-12T17:36:03.383+0000] {taskinstance.py:1159} INFO - Dependencies all met for dep_context=non-requeueable deps ti=<TaskInstance: tasks_relations.this_way scheduled__2023-05-16T00:00:00+00:00 [queued]>
[2023-09-12T17:36:03.438+0000] {taskinstance.py:1159} INFO - Dependencies all met for dep_context=requeueable deps ti=<TaskInstance: tasks_relations.this_way scheduled__2023-05-16T00:00:00+00:00 [queued]>
[2023-09-12T17:36:03.446+0000] {taskinstance.py:1361} INFO - Starting attempt 1 of 1
[2023-09-12T17:36:03.483+0000] {taskinstance.py:1382} INFO - Executing <Task(_PythonDecoratedOperator): this_way> on 2023-05-16 00:00:00+00:00
[2023-09-12T17:36:03.508+0000] {standard_task_runner.py:57} INFO - Started process 2350 to run task
[2023-09-12T17:36:03.544+0000] {standard_task_runner.py:84} INFO - Running: ['***', 'tasks', 'run', 'tasks_relations', 'this_way', 'scheduled__2023-05-16T00:00:00+00:00', '--job-id', '1109', '--raw', '--subdir', 'DAGS_FOLDER/2_tasks_relations.py', '--cfg-path', '/tmp/tmpj6l2wf13']
[2023-09-12T17:36:03.555+0000] {standard_task_runner.py:85} INFO - Job 1109: Subtask this_way
[2023-09-12T17:36:03.745+0000] {task_command.py:415} INFO - Running <TaskInstance: tasks_relations.this_way scheduled__2023-05-16T00:00:00+00:00 [running]> on host 0ab7970e0956
[2023-09-12T17:36:04.042+0000] {taskinstance.py:1660} INFO - Exporting env vars: AIRFLOW_CTX_DAG_OWNER='***' AIRFLOW_CTX_DAG_ID='tasks_relations' AIRFLOW_CTX_TASK_ID='this_way' AIRFLOW_CTX_EXECUTION_DATE='2023-05-16T00:00:00+00:00' AIRFLOW_CTX_TRY_NUMBER='1' AIRFLOW_CTX_DAG_RUN_ID='scheduled__2023-05-16T00:00:00+00:00'
[2023-09-12T17:36:04.053+0000] {logging_mixin.py:151} INFO - THIS WAY!!!
[2023-09-12T17:36:04.054+0000] {python.py:194} INFO - Done. Returned value was: None
[2023-09-12T17:36:04.086+0000] {taskinstance.py:1400} INFO - Marking task as SUCCESS. dag_id=tasks_relations, task_id=this_way, execution_date=20230516T000000, start_date=20230912T173603, end_date=20230912T173604
[2023-09-12T17:36:04.159+0000] {local_task_job_runner.py:228} INFO - Task exited with return code 0
[2023-09-12T17:36:04.185+0000] {taskinstance.py:2784} INFO - 1 downstream tasks scheduled from follow-on schedule check
