[2023-09-05T15:29:45.632+0000] {taskinstance.py:1159} INFO - Dependencies all met for dep_context=non-requeueable deps ti=<TaskInstance: tasks_relations.this_way scheduled__2023-06-30T00:00:00+00:00 [queued]>
[2023-09-05T15:29:45.729+0000] {taskinstance.py:1159} INFO - Dependencies all met for dep_context=requeueable deps ti=<TaskInstance: tasks_relations.this_way scheduled__2023-06-30T00:00:00+00:00 [queued]>
[2023-09-05T15:29:45.734+0000] {taskinstance.py:1361} INFO - Starting attempt 1 of 1
[2023-09-05T15:29:45.793+0000] {taskinstance.py:1382} INFO - Executing <Task(_PythonDecoratedOperator): this_way> on 2023-06-30 00:00:00+00:00
[2023-09-05T15:29:45.810+0000] {standard_task_runner.py:57} INFO - Started process 1410 to run task
[2023-09-05T15:29:45.838+0000] {standard_task_runner.py:84} INFO - Running: ['***', 'tasks', 'run', 'tasks_relations', 'this_way', 'scheduled__2023-06-30T00:00:00+00:00', '--job-id', '635', '--raw', '--subdir', 'DAGS_FOLDER/tasks_relations.py', '--cfg-path', '/tmp/tmpr_1ietkd']
[2023-09-05T15:29:45.840+0000] {standard_task_runner.py:85} INFO - Job 635: Subtask this_way
[2023-09-05T15:29:46.036+0000] {task_command.py:415} INFO - Running <TaskInstance: tasks_relations.this_way scheduled__2023-06-30T00:00:00+00:00 [running]> on host ca474790e981
[2023-09-05T15:29:46.299+0000] {taskinstance.py:1660} INFO - Exporting env vars: AIRFLOW_CTX_DAG_OWNER='***' AIRFLOW_CTX_DAG_ID='tasks_relations' AIRFLOW_CTX_TASK_ID='this_way' AIRFLOW_CTX_EXECUTION_DATE='2023-06-30T00:00:00+00:00' AIRFLOW_CTX_TRY_NUMBER='1' AIRFLOW_CTX_DAG_RUN_ID='scheduled__2023-06-30T00:00:00+00:00'
[2023-09-05T15:29:46.311+0000] {logging_mixin.py:151} INFO - THIS WAY!!!
[2023-09-05T15:29:46.312+0000] {python.py:194} INFO - Done. Returned value was: None
[2023-09-05T15:29:46.337+0000] {taskinstance.py:1400} INFO - Marking task as SUCCESS. dag_id=tasks_relations, task_id=this_way, execution_date=20230630T000000, start_date=20230905T152945, end_date=20230905T152946
[2023-09-05T15:29:46.406+0000] {local_task_job_runner.py:228} INFO - Task exited with return code 0
[2023-09-05T15:29:46.431+0000] {taskinstance.py:2784} INFO - 0 downstream tasks scheduled from follow-on schedule check
[2023-09-12T17:36:54.994+0000] {taskinstance.py:1159} INFO - Dependencies all met for dep_context=non-requeueable deps ti=<TaskInstance: tasks_relations.this_way scheduled__2023-06-30T00:00:00+00:00 [queued]>
[2023-09-12T17:36:55.020+0000] {taskinstance.py:1159} INFO - Dependencies all met for dep_context=requeueable deps ti=<TaskInstance: tasks_relations.this_way scheduled__2023-06-30T00:00:00+00:00 [queued]>
[2023-09-12T17:36:55.020+0000] {taskinstance.py:1361} INFO - Starting attempt 1 of 1
[2023-09-12T17:36:55.087+0000] {taskinstance.py:1382} INFO - Executing <Task(_PythonDecoratedOperator): this_way> on 2023-06-30 00:00:00+00:00
[2023-09-12T17:36:55.092+0000] {standard_task_runner.py:57} INFO - Started process 2925 to run task
[2023-09-12T17:36:55.109+0000] {standard_task_runner.py:84} INFO - Running: ['***', 'tasks', 'run', 'tasks_relations', 'this_way', 'scheduled__2023-06-30T00:00:00+00:00', '--job-id', '1385', '--raw', '--subdir', 'DAGS_FOLDER/2_tasks_relations.py', '--cfg-path', '/tmp/tmp73x5927n']
[2023-09-12T17:36:55.124+0000] {standard_task_runner.py:85} INFO - Job 1385: Subtask this_way
[2023-09-12T17:36:55.299+0000] {task_command.py:415} INFO - Running <TaskInstance: tasks_relations.this_way scheduled__2023-06-30T00:00:00+00:00 [running]> on host 0ab7970e0956
[2023-09-12T17:36:55.677+0000] {taskinstance.py:1660} INFO - Exporting env vars: AIRFLOW_CTX_DAG_OWNER='***' AIRFLOW_CTX_DAG_ID='tasks_relations' AIRFLOW_CTX_TASK_ID='this_way' AIRFLOW_CTX_EXECUTION_DATE='2023-06-30T00:00:00+00:00' AIRFLOW_CTX_TRY_NUMBER='1' AIRFLOW_CTX_DAG_RUN_ID='scheduled__2023-06-30T00:00:00+00:00'
[2023-09-12T17:36:55.679+0000] {logging_mixin.py:151} INFO - THIS WAY!!!
[2023-09-12T17:36:55.679+0000] {python.py:194} INFO - Done. Returned value was: None
[2023-09-12T17:36:55.707+0000] {taskinstance.py:1400} INFO - Marking task as SUCCESS. dag_id=tasks_relations, task_id=this_way, execution_date=20230630T000000, start_date=20230912T173654, end_date=20230912T173655
[2023-09-12T17:36:55.809+0000] {local_task_job_runner.py:228} INFO - Task exited with return code 0
[2023-09-12T17:36:55.845+0000] {taskinstance.py:2784} INFO - 0 downstream tasks scheduled from follow-on schedule check
