[2023-09-05T15:31:38.984+0000] {taskinstance.py:1159} INFO - Dependencies all met for dep_context=non-requeueable deps ti=<TaskInstance: tasks_relations.or_that_way scheduled__2023-08-31T00:00:00+00:00 [queued]>
[2023-09-05T15:31:39.054+0000] {taskinstance.py:1159} INFO - Dependencies all met for dep_context=requeueable deps ti=<TaskInstance: tasks_relations.or_that_way scheduled__2023-08-31T00:00:00+00:00 [queued]>
[2023-09-05T15:31:39.062+0000] {taskinstance.py:1361} INFO - Starting attempt 1 of 1
[2023-09-05T15:31:39.178+0000] {taskinstance.py:1382} INFO - Executing <Task(_PythonDecoratedOperator): or_that_way> on 2023-08-31 00:00:00+00:00
[2023-09-05T15:31:39.247+0000] {standard_task_runner.py:57} INFO - Started process 2070 to run task
[2023-09-05T15:31:39.258+0000] {standard_task_runner.py:84} INFO - Running: ['***', 'tasks', 'run', 'tasks_relations', 'or_that_way', 'scheduled__2023-08-31T00:00:00+00:00', '--job-id', '949', '--raw', '--subdir', 'DAGS_FOLDER/tasks_relations.py', '--cfg-path', '/tmp/tmpoq4z1gtx']
[2023-09-05T15:31:39.267+0000] {standard_task_runner.py:85} INFO - Job 949: Subtask or_that_way
[2023-09-05T15:31:39.754+0000] {task_command.py:415} INFO - Running <TaskInstance: tasks_relations.or_that_way scheduled__2023-08-31T00:00:00+00:00 [running]> on host ca474790e981
[2023-09-05T15:31:40.335+0000] {taskinstance.py:1660} INFO - Exporting env vars: AIRFLOW_CTX_DAG_OWNER='***' AIRFLOW_CTX_DAG_ID='tasks_relations' AIRFLOW_CTX_TASK_ID='or_that_way' AIRFLOW_CTX_EXECUTION_DATE='2023-08-31T00:00:00+00:00' AIRFLOW_CTX_TRY_NUMBER='1' AIRFLOW_CTX_DAG_RUN_ID='scheduled__2023-08-31T00:00:00+00:00'
[2023-09-05T15:31:40.340+0000] {logging_mixin.py:151} INFO - NO NO, THAT WAY WAY!!!
[2023-09-05T15:31:40.342+0000] {python.py:194} INFO - Done. Returned value was: None
[2023-09-05T15:31:40.474+0000] {taskinstance.py:1400} INFO - Marking task as SUCCESS. dag_id=tasks_relations, task_id=or_that_way, execution_date=20230831T000000, start_date=20230905T153138, end_date=20230905T153140
[2023-09-05T15:31:40.614+0000] {local_task_job_runner.py:228} INFO - Task exited with return code 0
[2023-09-05T15:31:40.717+0000] {taskinstance.py:2784} INFO - 0 downstream tasks scheduled from follow-on schedule check
[2023-09-12T17:37:54.466+0000] {taskinstance.py:1159} INFO - Dependencies all met for dep_context=non-requeueable deps ti=<TaskInstance: tasks_relations.or_that_way scheduled__2023-08-31T00:00:00+00:00 [queued]>
[2023-09-12T17:37:54.518+0000] {taskinstance.py:1159} INFO - Dependencies all met for dep_context=requeueable deps ti=<TaskInstance: tasks_relations.or_that_way scheduled__2023-08-31T00:00:00+00:00 [queued]>
[2023-09-12T17:37:54.519+0000] {taskinstance.py:1361} INFO - Starting attempt 1 of 1
[2023-09-12T17:37:54.713+0000] {taskinstance.py:1382} INFO - Executing <Task(_PythonDecoratedOperator): or_that_way> on 2023-08-31 00:00:00+00:00
[2023-09-12T17:37:54.762+0000] {standard_task_runner.py:57} INFO - Started process 3627 to run task
[2023-09-12T17:37:54.833+0000] {standard_task_runner.py:84} INFO - Running: ['***', 'tasks', 'run', 'tasks_relations', 'or_that_way', 'scheduled__2023-08-31T00:00:00+00:00', '--job-id', '1728', '--raw', '--subdir', 'DAGS_FOLDER/2_tasks_relations.py', '--cfg-path', '/tmp/tmp2cssc93b']
[2023-09-12T17:37:54.847+0000] {standard_task_runner.py:85} INFO - Job 1728: Subtask or_that_way
[2023-09-12T17:37:55.183+0000] {task_command.py:415} INFO - Running <TaskInstance: tasks_relations.or_that_way scheduled__2023-08-31T00:00:00+00:00 [running]> on host 0ab7970e0956
[2023-09-12T17:37:55.552+0000] {taskinstance.py:1660} INFO - Exporting env vars: AIRFLOW_CTX_DAG_OWNER='***' AIRFLOW_CTX_DAG_ID='tasks_relations' AIRFLOW_CTX_TASK_ID='or_that_way' AIRFLOW_CTX_EXECUTION_DATE='2023-08-31T00:00:00+00:00' AIRFLOW_CTX_TRY_NUMBER='1' AIRFLOW_CTX_DAG_RUN_ID='scheduled__2023-08-31T00:00:00+00:00'
[2023-09-12T17:37:55.564+0000] {logging_mixin.py:151} INFO - NO NO, THAT WAY WAY!!!
[2023-09-12T17:37:55.565+0000] {python.py:194} INFO - Done. Returned value was: None
[2023-09-12T17:37:55.581+0000] {taskinstance.py:1400} INFO - Marking task as SUCCESS. dag_id=tasks_relations, task_id=or_that_way, execution_date=20230831T000000, start_date=20230912T173754, end_date=20230912T173755
[2023-09-12T17:37:55.726+0000] {local_task_job_runner.py:228} INFO - Task exited with return code 0
[2023-09-12T17:37:55.854+0000] {taskinstance.py:2784} INFO - 0 downstream tasks scheduled from follow-on schedule check
