[2023-09-05T15:24:55.977+0000] {taskinstance.py:1159} INFO - Dependencies all met for dep_context=non-requeueable deps ti=<TaskInstance: tasks_relations.say_hello scheduled__2023-02-09T00:00:00+00:00 [queued]>
[2023-09-05T15:24:56.025+0000] {taskinstance.py:1159} INFO - Dependencies all met for dep_context=requeueable deps ti=<TaskInstance: tasks_relations.say_hello scheduled__2023-02-09T00:00:00+00:00 [queued]>
[2023-09-05T15:24:56.033+0000] {taskinstance.py:1361} INFO - Starting attempt 1 of 1
[2023-09-05T15:24:56.109+0000] {taskinstance.py:1382} INFO - Executing <Task(_PythonDecoratedOperator): say_hello> on 2023-02-09 00:00:00+00:00
[2023-09-05T15:24:56.138+0000] {standard_task_runner.py:57} INFO - Started process 333 to run task
[2023-09-05T15:24:56.168+0000] {standard_task_runner.py:84} INFO - Running: ['***', 'tasks', 'run', 'tasks_relations', 'say_hello', 'scheduled__2023-02-09T00:00:00+00:00', '--job-id', '126', '--raw', '--subdir', 'DAGS_FOLDER/tasks_relations.py', '--cfg-path', '/tmp/tmp7rqgoa75']
[2023-09-05T15:24:56.214+0000] {standard_task_runner.py:85} INFO - Job 126: Subtask say_hello
[2023-09-05T15:24:56.586+0000] {task_command.py:415} INFO - Running <TaskInstance: tasks_relations.say_hello scheduled__2023-02-09T00:00:00+00:00 [running]> on host ca474790e981
[2023-09-05T15:24:57.337+0000] {taskinstance.py:1660} INFO - Exporting env vars: AIRFLOW_CTX_DAG_OWNER='***' AIRFLOW_CTX_DAG_ID='tasks_relations' AIRFLOW_CTX_TASK_ID='say_hello' AIRFLOW_CTX_EXECUTION_DATE='2023-02-09T00:00:00+00:00' AIRFLOW_CTX_TRY_NUMBER='1' AIRFLOW_CTX_DAG_RUN_ID='scheduled__2023-02-09T00:00:00+00:00'
[2023-09-05T15:24:57.347+0000] {logging_mixin.py:151} INFO - hello ***
[2023-09-05T15:24:57.349+0000] {python.py:194} INFO - Done. Returned value was: None
[2023-09-05T15:24:57.396+0000] {taskinstance.py:1400} INFO - Marking task as SUCCESS. dag_id=tasks_relations, task_id=say_hello, execution_date=20230209T000000, start_date=20230905T152455, end_date=20230905T152457
[2023-09-05T15:24:57.775+0000] {local_task_job_runner.py:228} INFO - Task exited with return code 0
[2023-09-05T15:24:57.904+0000] {taskinstance.py:2784} INFO - 1 downstream tasks scheduled from follow-on schedule check
[2023-09-12T17:34:08.573+0000] {taskinstance.py:1159} INFO - Dependencies all met for dep_context=non-requeueable deps ti=<TaskInstance: tasks_relations.say_hello scheduled__2023-02-09T00:00:00+00:00 [queued]>
[2023-09-12T17:34:08.587+0000] {taskinstance.py:1159} INFO - Dependencies all met for dep_context=requeueable deps ti=<TaskInstance: tasks_relations.say_hello scheduled__2023-02-09T00:00:00+00:00 [queued]>
[2023-09-12T17:34:08.592+0000] {taskinstance.py:1361} INFO - Starting attempt 1 of 1
[2023-09-12T17:34:08.624+0000] {taskinstance.py:1382} INFO - Executing <Task(_PythonDecoratedOperator): say_hello> on 2023-02-09 00:00:00+00:00
[2023-09-12T17:34:08.631+0000] {standard_task_runner.py:57} INFO - Started process 779 to run task
[2023-09-12T17:34:08.647+0000] {standard_task_runner.py:84} INFO - Running: ['***', 'tasks', 'run', 'tasks_relations', 'say_hello', 'scheduled__2023-02-09T00:00:00+00:00', '--job-id', '332', '--raw', '--subdir', 'DAGS_FOLDER/2_tasks_relations.py', '--cfg-path', '/tmp/tmp76m7wezd']
[2023-09-12T17:34:08.649+0000] {standard_task_runner.py:85} INFO - Job 332: Subtask say_hello
[2023-09-12T17:34:08.782+0000] {task_command.py:415} INFO - Running <TaskInstance: tasks_relations.say_hello scheduled__2023-02-09T00:00:00+00:00 [running]> on host 0ab7970e0956
[2023-09-12T17:34:08.945+0000] {taskinstance.py:1660} INFO - Exporting env vars: AIRFLOW_CTX_DAG_OWNER='***' AIRFLOW_CTX_DAG_ID='tasks_relations' AIRFLOW_CTX_TASK_ID='say_hello' AIRFLOW_CTX_EXECUTION_DATE='2023-02-09T00:00:00+00:00' AIRFLOW_CTX_TRY_NUMBER='1' AIRFLOW_CTX_DAG_RUN_ID='scheduled__2023-02-09T00:00:00+00:00'
[2023-09-12T17:34:08.946+0000] {logging_mixin.py:151} INFO - hello world
[2023-09-12T17:34:08.946+0000] {python.py:194} INFO - Done. Returned value was: None
[2023-09-12T17:34:08.964+0000] {taskinstance.py:1400} INFO - Marking task as SUCCESS. dag_id=tasks_relations, task_id=say_hello, execution_date=20230209T000000, start_date=20230912T173408, end_date=20230912T173408
[2023-09-12T17:34:09.013+0000] {local_task_job_runner.py:228} INFO - Task exited with return code 0
[2023-09-12T17:34:09.051+0000] {taskinstance.py:2784} INFO - 1 downstream tasks scheduled from follow-on schedule check
