[2023-09-05T15:31:45.683+0000] {taskinstance.py:1159} INFO - Dependencies all met for dep_context=non-requeueable deps ti=<TaskInstance: tasks_relations.say_hello scheduled__2023-09-04T00:00:00+00:00 [queued]>
[2023-09-05T15:31:45.690+0000] {taskinstance.py:1159} INFO - Dependencies all met for dep_context=requeueable deps ti=<TaskInstance: tasks_relations.say_hello scheduled__2023-09-04T00:00:00+00:00 [queued]>
[2023-09-05T15:31:45.691+0000] {taskinstance.py:1361} INFO - Starting attempt 1 of 1
[2023-09-05T15:31:45.700+0000] {taskinstance.py:1382} INFO - Executing <Task(_PythonDecoratedOperator): say_hello> on 2023-09-04 00:00:00+00:00
[2023-09-05T15:31:45.705+0000] {standard_task_runner.py:57} INFO - Started process 2080 to run task
[2023-09-05T15:31:45.709+0000] {standard_task_runner.py:84} INFO - Running: ['***', 'tasks', 'run', 'tasks_relations', 'say_hello', 'scheduled__2023-09-04T00:00:00+00:00', '--job-id', '959', '--raw', '--subdir', 'DAGS_FOLDER/tasks_relations.py', '--cfg-path', '/tmp/tmpj0bec7im']
[2023-09-05T15:31:45.711+0000] {standard_task_runner.py:85} INFO - Job 959: Subtask say_hello
[2023-09-05T15:31:45.786+0000] {task_command.py:415} INFO - Running <TaskInstance: tasks_relations.say_hello scheduled__2023-09-04T00:00:00+00:00 [running]> on host ca474790e981
[2023-09-05T15:31:45.864+0000] {taskinstance.py:1660} INFO - Exporting env vars: AIRFLOW_CTX_DAG_OWNER='***' AIRFLOW_CTX_DAG_ID='tasks_relations' AIRFLOW_CTX_TASK_ID='say_hello' AIRFLOW_CTX_EXECUTION_DATE='2023-09-04T00:00:00+00:00' AIRFLOW_CTX_TRY_NUMBER='1' AIRFLOW_CTX_DAG_RUN_ID='scheduled__2023-09-04T00:00:00+00:00'
[2023-09-05T15:31:45.866+0000] {logging_mixin.py:151} INFO - hello world
[2023-09-05T15:31:45.867+0000] {python.py:194} INFO - Done. Returned value was: None
[2023-09-05T15:31:45.879+0000] {taskinstance.py:1400} INFO - Marking task as SUCCESS. dag_id=tasks_relations, task_id=say_hello, execution_date=20230904T000000, start_date=20230905T153145, end_date=20230905T153145
[2023-09-05T15:31:45.925+0000] {local_task_job_runner.py:228} INFO - Task exited with return code 0
[2023-09-05T15:31:45.958+0000] {taskinstance.py:2784} INFO - 1 downstream tasks scheduled from follow-on schedule check
[2023-09-12T17:37:51.148+0000] {taskinstance.py:1159} INFO - Dependencies all met for dep_context=non-requeueable deps ti=<TaskInstance: tasks_relations.say_hello scheduled__2023-09-04T00:00:00+00:00 [queued]>
[2023-09-12T17:37:51.191+0000] {taskinstance.py:1159} INFO - Dependencies all met for dep_context=requeueable deps ti=<TaskInstance: tasks_relations.say_hello scheduled__2023-09-04T00:00:00+00:00 [queued]>
[2023-09-12T17:37:51.196+0000] {taskinstance.py:1361} INFO - Starting attempt 1 of 1
[2023-09-12T17:37:51.232+0000] {taskinstance.py:1382} INFO - Executing <Task(_PythonDecoratedOperator): say_hello> on 2023-09-04 00:00:00+00:00
[2023-09-12T17:37:51.250+0000] {standard_task_runner.py:57} INFO - Started process 3582 to run task
[2023-09-12T17:37:51.278+0000] {standard_task_runner.py:84} INFO - Running: ['***', 'tasks', 'run', 'tasks_relations', 'say_hello', 'scheduled__2023-09-04T00:00:00+00:00', '--job-id', '1703', '--raw', '--subdir', 'DAGS_FOLDER/2_tasks_relations.py', '--cfg-path', '/tmp/tmp1gi3q0xa']
[2023-09-12T17:37:51.299+0000] {standard_task_runner.py:85} INFO - Job 1703: Subtask say_hello
[2023-09-12T17:37:51.533+0000] {task_command.py:415} INFO - Running <TaskInstance: tasks_relations.say_hello scheduled__2023-09-04T00:00:00+00:00 [running]> on host 0ab7970e0956
[2023-09-12T17:37:51.912+0000] {taskinstance.py:1660} INFO - Exporting env vars: AIRFLOW_CTX_DAG_OWNER='***' AIRFLOW_CTX_DAG_ID='tasks_relations' AIRFLOW_CTX_TASK_ID='say_hello' AIRFLOW_CTX_EXECUTION_DATE='2023-09-04T00:00:00+00:00' AIRFLOW_CTX_TRY_NUMBER='1' AIRFLOW_CTX_DAG_RUN_ID='scheduled__2023-09-04T00:00:00+00:00'
[2023-09-12T17:37:51.916+0000] {logging_mixin.py:151} INFO - hello world
[2023-09-12T17:37:51.920+0000] {python.py:194} INFO - Done. Returned value was: None
[2023-09-12T17:37:51.945+0000] {taskinstance.py:1400} INFO - Marking task as SUCCESS. dag_id=tasks_relations, task_id=say_hello, execution_date=20230904T000000, start_date=20230912T173751, end_date=20230912T173751
[2023-09-12T17:37:52.054+0000] {local_task_job_runner.py:228} INFO - Task exited with return code 0
[2023-09-12T17:37:52.103+0000] {taskinstance.py:2784} INFO - 1 downstream tasks scheduled from follow-on schedule check
