[2023-09-05T15:25:48.621+0000] {taskinstance.py:1159} INFO - Dependencies all met for dep_context=non-requeueable deps ti=<TaskInstance: tasks_relations.say_hello scheduled__2023-03-28T00:00:00+00:00 [queued]>
[2023-09-05T15:25:48.755+0000] {taskinstance.py:1159} INFO - Dependencies all met for dep_context=requeueable deps ti=<TaskInstance: tasks_relations.say_hello scheduled__2023-03-28T00:00:00+00:00 [queued]>
[2023-09-05T15:25:48.781+0000] {taskinstance.py:1361} INFO - Starting attempt 1 of 1
[2023-09-05T15:25:48.976+0000] {taskinstance.py:1382} INFO - Executing <Task(_PythonDecoratedOperator): say_hello> on 2023-03-28 00:00:00+00:00
[2023-09-05T15:25:49.099+0000] {standard_task_runner.py:57} INFO - Started process 622 to run task
[2023-09-05T15:25:49.165+0000] {standard_task_runner.py:84} INFO - Running: ['***', 'tasks', 'run', 'tasks_relations', 'say_hello', 'scheduled__2023-03-28T00:00:00+00:00', '--job-id', '267', '--raw', '--subdir', 'DAGS_FOLDER/tasks_relations.py', '--cfg-path', '/tmp/tmpluw_1pbj']
[2023-09-05T15:25:49.200+0000] {standard_task_runner.py:85} INFO - Job 267: Subtask say_hello
[2023-09-05T15:25:49.676+0000] {task_command.py:415} INFO - Running <TaskInstance: tasks_relations.say_hello scheduled__2023-03-28T00:00:00+00:00 [running]> on host ca474790e981
[2023-09-05T15:25:49.968+0000] {taskinstance.py:1660} INFO - Exporting env vars: AIRFLOW_CTX_DAG_OWNER='***' AIRFLOW_CTX_DAG_ID='tasks_relations' AIRFLOW_CTX_TASK_ID='say_hello' AIRFLOW_CTX_EXECUTION_DATE='2023-03-28T00:00:00+00:00' AIRFLOW_CTX_TRY_NUMBER='1' AIRFLOW_CTX_DAG_RUN_ID='scheduled__2023-03-28T00:00:00+00:00'
[2023-09-05T15:25:49.978+0000] {logging_mixin.py:151} INFO - hello ***
[2023-09-05T15:25:49.979+0000] {python.py:194} INFO - Done. Returned value was: None
[2023-09-05T15:25:50.045+0000] {taskinstance.py:1400} INFO - Marking task as SUCCESS. dag_id=tasks_relations, task_id=say_hello, execution_date=20230328T000000, start_date=20230905T152548, end_date=20230905T152550
[2023-09-05T15:25:50.263+0000] {local_task_job_runner.py:228} INFO - Task exited with return code 0
[2023-09-05T15:25:50.308+0000] {taskinstance.py:2784} INFO - 1 downstream tasks scheduled from follow-on schedule check
[2023-09-12T17:35:03.640+0000] {taskinstance.py:1159} INFO - Dependencies all met for dep_context=non-requeueable deps ti=<TaskInstance: tasks_relations.say_hello scheduled__2023-03-28T00:00:00+00:00 [queued]>
[2023-09-12T17:35:03.672+0000] {taskinstance.py:1159} INFO - Dependencies all met for dep_context=requeueable deps ti=<TaskInstance: tasks_relations.say_hello scheduled__2023-03-28T00:00:00+00:00 [queued]>
[2023-09-12T17:35:03.678+0000] {taskinstance.py:1361} INFO - Starting attempt 1 of 1
[2023-09-12T17:35:03.775+0000] {taskinstance.py:1382} INFO - Executing <Task(_PythonDecoratedOperator): say_hello> on 2023-03-28 00:00:00+00:00
[2023-09-12T17:35:03.781+0000] {standard_task_runner.py:57} INFO - Started process 1568 to run task
[2023-09-12T17:35:03.807+0000] {standard_task_runner.py:84} INFO - Running: ['***', 'tasks', 'run', 'tasks_relations', 'say_hello', 'scheduled__2023-03-28T00:00:00+00:00', '--job-id', '717', '--raw', '--subdir', 'DAGS_FOLDER/2_tasks_relations.py', '--cfg-path', '/tmp/tmpg8a8oq1t']
[2023-09-12T17:35:03.816+0000] {standard_task_runner.py:85} INFO - Job 717: Subtask say_hello
[2023-09-12T17:35:03.961+0000] {task_command.py:415} INFO - Running <TaskInstance: tasks_relations.say_hello scheduled__2023-03-28T00:00:00+00:00 [running]> on host 0ab7970e0956
[2023-09-12T17:35:04.248+0000] {taskinstance.py:1660} INFO - Exporting env vars: AIRFLOW_CTX_DAG_OWNER='***' AIRFLOW_CTX_DAG_ID='tasks_relations' AIRFLOW_CTX_TASK_ID='say_hello' AIRFLOW_CTX_EXECUTION_DATE='2023-03-28T00:00:00+00:00' AIRFLOW_CTX_TRY_NUMBER='1' AIRFLOW_CTX_DAG_RUN_ID='scheduled__2023-03-28T00:00:00+00:00'
[2023-09-12T17:35:04.249+0000] {logging_mixin.py:151} INFO - hello world
[2023-09-12T17:35:04.251+0000] {python.py:194} INFO - Done. Returned value was: None
[2023-09-12T17:35:04.283+0000] {taskinstance.py:1400} INFO - Marking task as SUCCESS. dag_id=tasks_relations, task_id=say_hello, execution_date=20230328T000000, start_date=20230912T173503, end_date=20230912T173504
[2023-09-12T17:35:04.367+0000] {local_task_job_runner.py:228} INFO - Task exited with return code 0
[2023-09-12T17:35:04.508+0000] {taskinstance.py:2784} INFO - 0 downstream tasks scheduled from follow-on schedule check
