[2023-09-05T15:25:41.497+0000] {taskinstance.py:1159} INFO - Dependencies all met for dep_context=non-requeueable deps ti=<TaskInstance: tasks_relations.say_hello scheduled__2023-03-19T00:00:00+00:00 [queued]>
[2023-09-05T15:25:41.521+0000] {taskinstance.py:1159} INFO - Dependencies all met for dep_context=requeueable deps ti=<TaskInstance: tasks_relations.say_hello scheduled__2023-03-19T00:00:00+00:00 [queued]>
[2023-09-05T15:25:41.525+0000] {taskinstance.py:1361} INFO - Starting attempt 1 of 1
[2023-09-05T15:25:41.570+0000] {taskinstance.py:1382} INFO - Executing <Task(_PythonDecoratedOperator): say_hello> on 2023-03-19 00:00:00+00:00
[2023-09-05T15:25:41.607+0000] {standard_task_runner.py:57} INFO - Started process 580 to run task
[2023-09-05T15:25:41.657+0000] {standard_task_runner.py:84} INFO - Running: ['***', 'tasks', 'run', 'tasks_relations', 'say_hello', 'scheduled__2023-03-19T00:00:00+00:00', '--job-id', '245', '--raw', '--subdir', 'DAGS_FOLDER/tasks_relations.py', '--cfg-path', '/tmp/tmpbjl2ixqt']
[2023-09-05T15:25:41.663+0000] {standard_task_runner.py:85} INFO - Job 245: Subtask say_hello
[2023-09-05T15:25:41.949+0000] {task_command.py:415} INFO - Running <TaskInstance: tasks_relations.say_hello scheduled__2023-03-19T00:00:00+00:00 [running]> on host ca474790e981
[2023-09-05T15:25:42.275+0000] {taskinstance.py:1660} INFO - Exporting env vars: AIRFLOW_CTX_DAG_OWNER='***' AIRFLOW_CTX_DAG_ID='tasks_relations' AIRFLOW_CTX_TASK_ID='say_hello' AIRFLOW_CTX_EXECUTION_DATE='2023-03-19T00:00:00+00:00' AIRFLOW_CTX_TRY_NUMBER='1' AIRFLOW_CTX_DAG_RUN_ID='scheduled__2023-03-19T00:00:00+00:00'
[2023-09-05T15:25:42.282+0000] {logging_mixin.py:151} INFO - hello ***
[2023-09-05T15:25:42.283+0000] {python.py:194} INFO - Done. Returned value was: None
[2023-09-05T15:25:42.317+0000] {taskinstance.py:1400} INFO - Marking task as SUCCESS. dag_id=tasks_relations, task_id=say_hello, execution_date=20230319T000000, start_date=20230905T152541, end_date=20230905T152542
[2023-09-05T15:25:42.398+0000] {local_task_job_runner.py:228} INFO - Task exited with return code 0
[2023-09-05T15:25:42.848+0000] {taskinstance.py:2784} INFO - 1 downstream tasks scheduled from follow-on schedule check
[2023-09-12T17:34:48.657+0000] {taskinstance.py:1159} INFO - Dependencies all met for dep_context=non-requeueable deps ti=<TaskInstance: tasks_relations.say_hello scheduled__2023-03-19T00:00:00+00:00 [queued]>
[2023-09-12T17:34:48.702+0000] {taskinstance.py:1159} INFO - Dependencies all met for dep_context=requeueable deps ti=<TaskInstance: tasks_relations.say_hello scheduled__2023-03-19T00:00:00+00:00 [queued]>
[2023-09-12T17:34:48.707+0000] {taskinstance.py:1361} INFO - Starting attempt 1 of 1
[2023-09-12T17:34:48.751+0000] {taskinstance.py:1382} INFO - Executing <Task(_PythonDecoratedOperator): say_hello> on 2023-03-19 00:00:00+00:00
[2023-09-12T17:34:48.784+0000] {standard_task_runner.py:57} INFO - Started process 1359 to run task
[2023-09-12T17:34:48.813+0000] {standard_task_runner.py:84} INFO - Running: ['***', 'tasks', 'run', 'tasks_relations', 'say_hello', 'scheduled__2023-03-19T00:00:00+00:00', '--job-id', '615', '--raw', '--subdir', 'DAGS_FOLDER/2_tasks_relations.py', '--cfg-path', '/tmp/tmp7recem3b']
[2023-09-12T17:34:48.824+0000] {standard_task_runner.py:85} INFO - Job 615: Subtask say_hello
[2023-09-12T17:34:48.995+0000] {task_command.py:415} INFO - Running <TaskInstance: tasks_relations.say_hello scheduled__2023-03-19T00:00:00+00:00 [running]> on host 0ab7970e0956
[2023-09-12T17:34:49.268+0000] {taskinstance.py:1660} INFO - Exporting env vars: AIRFLOW_CTX_DAG_OWNER='***' AIRFLOW_CTX_DAG_ID='tasks_relations' AIRFLOW_CTX_TASK_ID='say_hello' AIRFLOW_CTX_EXECUTION_DATE='2023-03-19T00:00:00+00:00' AIRFLOW_CTX_TRY_NUMBER='1' AIRFLOW_CTX_DAG_RUN_ID='scheduled__2023-03-19T00:00:00+00:00'
[2023-09-12T17:34:49.268+0000] {logging_mixin.py:151} INFO - hello world
[2023-09-12T17:34:49.268+0000] {python.py:194} INFO - Done. Returned value was: None
[2023-09-12T17:34:49.290+0000] {taskinstance.py:1400} INFO - Marking task as SUCCESS. dag_id=tasks_relations, task_id=say_hello, execution_date=20230319T000000, start_date=20230912T173448, end_date=20230912T173449
[2023-09-12T17:34:49.400+0000] {local_task_job_runner.py:228} INFO - Task exited with return code 0
[2023-09-12T17:34:49.442+0000] {taskinstance.py:2784} INFO - 0 downstream tasks scheduled from follow-on schedule check
