[2023-09-05T15:25:14.352+0000] {taskinstance.py:1159} INFO - Dependencies all met for dep_context=non-requeueable deps ti=<TaskInstance: tasks_relations.say_bye scheduled__2023-03-01T00:00:00+00:00 [queued]>
[2023-09-05T15:25:14.369+0000] {taskinstance.py:1159} INFO - Dependencies all met for dep_context=requeueable deps ti=<TaskInstance: tasks_relations.say_bye scheduled__2023-03-01T00:00:00+00:00 [queued]>
[2023-09-05T15:25:14.374+0000] {taskinstance.py:1361} INFO - Starting attempt 1 of 1
[2023-09-05T15:25:14.395+0000] {taskinstance.py:1382} INFO - Executing <Task(_PythonDecoratedOperator): say_bye> on 2023-03-01 00:00:00+00:00
[2023-09-05T15:25:14.405+0000] {standard_task_runner.py:57} INFO - Started process 447 to run task
[2023-09-05T15:25:14.420+0000] {standard_task_runner.py:84} INFO - Running: ['***', 'tasks', 'run', 'tasks_relations', 'say_bye', 'scheduled__2023-03-01T00:00:00+00:00', '--job-id', '185', '--raw', '--subdir', 'DAGS_FOLDER/tasks_relations.py', '--cfg-path', '/tmp/tmpd2_6j5iu']
[2023-09-05T15:25:14.423+0000] {standard_task_runner.py:85} INFO - Job 185: Subtask say_bye
[2023-09-05T15:25:14.578+0000] {task_command.py:415} INFO - Running <TaskInstance: tasks_relations.say_bye scheduled__2023-03-01T00:00:00+00:00 [running]> on host ca474790e981
[2023-09-05T15:25:14.749+0000] {taskinstance.py:1660} INFO - Exporting env vars: AIRFLOW_CTX_DAG_OWNER='***' AIRFLOW_CTX_DAG_ID='tasks_relations' AIRFLOW_CTX_TASK_ID='say_bye' AIRFLOW_CTX_EXECUTION_DATE='2023-03-01T00:00:00+00:00' AIRFLOW_CTX_TRY_NUMBER='1' AIRFLOW_CTX_DAG_RUN_ID='scheduled__2023-03-01T00:00:00+00:00'
[2023-09-05T15:25:14.751+0000] {logging_mixin.py:151} INFO - goodbye ***
[2023-09-05T15:25:14.752+0000] {python.py:194} INFO - Done. Returned value was: None
[2023-09-05T15:25:14.768+0000] {taskinstance.py:1400} INFO - Marking task as SUCCESS. dag_id=tasks_relations, task_id=say_bye, execution_date=20230301T000000, start_date=20230905T152514, end_date=20230905T152514
[2023-09-05T15:25:14.830+0000] {local_task_job_runner.py:228} INFO - Task exited with return code 0
[2023-09-05T15:25:14.860+0000] {taskinstance.py:2784} INFO - 0 downstream tasks scheduled from follow-on schedule check
[2023-09-12T17:34:32.962+0000] {taskinstance.py:1159} INFO - Dependencies all met for dep_context=non-requeueable deps ti=<TaskInstance: tasks_relations.say_bye scheduled__2023-03-01T00:00:00+00:00 [queued]>
[2023-09-12T17:34:32.983+0000] {taskinstance.py:1159} INFO - Dependencies all met for dep_context=requeueable deps ti=<TaskInstance: tasks_relations.say_bye scheduled__2023-03-01T00:00:00+00:00 [queued]>
[2023-09-12T17:34:33.002+0000] {taskinstance.py:1361} INFO - Starting attempt 1 of 1
[2023-09-12T17:34:33.051+0000] {taskinstance.py:1382} INFO - Executing <Task(_PythonDecoratedOperator): say_bye> on 2023-03-01 00:00:00+00:00
[2023-09-12T17:34:33.091+0000] {standard_task_runner.py:57} INFO - Started process 1130 to run task
[2023-09-12T17:34:33.103+0000] {standard_task_runner.py:84} INFO - Running: ['***', 'tasks', 'run', 'tasks_relations', 'say_bye', 'scheduled__2023-03-01T00:00:00+00:00', '--job-id', '503', '--raw', '--subdir', 'DAGS_FOLDER/2_tasks_relations.py', '--cfg-path', '/tmp/tmpp0j3c_76']
[2023-09-12T17:34:33.116+0000] {standard_task_runner.py:85} INFO - Job 503: Subtask say_bye
[2023-09-12T17:34:33.326+0000] {task_command.py:415} INFO - Running <TaskInstance: tasks_relations.say_bye scheduled__2023-03-01T00:00:00+00:00 [running]> on host 0ab7970e0956
[2023-09-12T17:34:33.643+0000] {taskinstance.py:1660} INFO - Exporting env vars: AIRFLOW_CTX_DAG_OWNER='***' AIRFLOW_CTX_DAG_ID='tasks_relations' AIRFLOW_CTX_TASK_ID='say_bye' AIRFLOW_CTX_EXECUTION_DATE='2023-03-01T00:00:00+00:00' AIRFLOW_CTX_TRY_NUMBER='1' AIRFLOW_CTX_DAG_RUN_ID='scheduled__2023-03-01T00:00:00+00:00'
[2023-09-12T17:34:33.647+0000] {logging_mixin.py:151} INFO - goodbye world
[2023-09-12T17:34:33.648+0000] {python.py:194} INFO - Done. Returned value was: None
[2023-09-12T17:34:33.664+0000] {taskinstance.py:1400} INFO - Marking task as SUCCESS. dag_id=tasks_relations, task_id=say_bye, execution_date=20230301T000000, start_date=20230912T173432, end_date=20230912T173433
[2023-09-12T17:34:33.726+0000] {local_task_job_runner.py:228} INFO - Task exited with return code 0
[2023-09-12T17:34:33.784+0000] {taskinstance.py:2784} INFO - 0 downstream tasks scheduled from follow-on schedule check
