[2023-09-05T15:31:30.374+0000] {taskinstance.py:1159} INFO - Dependencies all met for dep_context=non-requeueable deps ti=<TaskInstance: tasks_relations.or_that_way scheduled__2023-08-21T00:00:00+00:00 [queued]>
[2023-09-05T15:31:30.472+0000] {taskinstance.py:1159} INFO - Dependencies all met for dep_context=requeueable deps ti=<TaskInstance: tasks_relations.or_that_way scheduled__2023-08-21T00:00:00+00:00 [queued]>
[2023-09-05T15:31:30.481+0000] {taskinstance.py:1361} INFO - Starting attempt 1 of 1
[2023-09-05T15:31:30.598+0000] {taskinstance.py:1382} INFO - Executing <Task(_PythonDecoratedOperator): or_that_way> on 2023-08-21 00:00:00+00:00
[2023-09-05T15:31:30.730+0000] {standard_task_runner.py:57} INFO - Started process 2020 to run task
[2023-09-05T15:31:30.842+0000] {standard_task_runner.py:84} INFO - Running: ['***', 'tasks', 'run', 'tasks_relations', 'or_that_way', 'scheduled__2023-08-21T00:00:00+00:00', '--job-id', '924', '--raw', '--subdir', 'DAGS_FOLDER/tasks_relations.py', '--cfg-path', '/tmp/tmp6kg58sip']
[2023-09-05T15:31:30.882+0000] {standard_task_runner.py:85} INFO - Job 924: Subtask or_that_way
[2023-09-05T15:31:31.320+0000] {task_command.py:415} INFO - Running <TaskInstance: tasks_relations.or_that_way scheduled__2023-08-21T00:00:00+00:00 [running]> on host ca474790e981
[2023-09-05T15:31:32.057+0000] {taskinstance.py:1660} INFO - Exporting env vars: AIRFLOW_CTX_DAG_OWNER='***' AIRFLOW_CTX_DAG_ID='tasks_relations' AIRFLOW_CTX_TASK_ID='or_that_way' AIRFLOW_CTX_EXECUTION_DATE='2023-08-21T00:00:00+00:00' AIRFLOW_CTX_TRY_NUMBER='1' AIRFLOW_CTX_DAG_RUN_ID='scheduled__2023-08-21T00:00:00+00:00'
[2023-09-05T15:31:32.082+0000] {logging_mixin.py:151} INFO - NO NO, THAT WAY WAY!!!
[2023-09-05T15:31:32.097+0000] {python.py:194} INFO - Done. Returned value was: None
[2023-09-05T15:31:32.219+0000] {taskinstance.py:1400} INFO - Marking task as SUCCESS. dag_id=tasks_relations, task_id=or_that_way, execution_date=20230821T000000, start_date=20230905T153130, end_date=20230905T153132
[2023-09-05T15:31:32.448+0000] {local_task_job_runner.py:228} INFO - Task exited with return code 0
[2023-09-05T15:31:32.614+0000] {taskinstance.py:2784} INFO - 0 downstream tasks scheduled from follow-on schedule check
[2023-09-12T17:37:49.708+0000] {taskinstance.py:1159} INFO - Dependencies all met for dep_context=non-requeueable deps ti=<TaskInstance: tasks_relations.or_that_way scheduled__2023-08-21T00:00:00+00:00 [queued]>
[2023-09-12T17:37:49.754+0000] {taskinstance.py:1159} INFO - Dependencies all met for dep_context=requeueable deps ti=<TaskInstance: tasks_relations.or_that_way scheduled__2023-08-21T00:00:00+00:00 [queued]>
[2023-09-12T17:37:49.755+0000] {taskinstance.py:1361} INFO - Starting attempt 1 of 1
[2023-09-12T17:37:49.820+0000] {taskinstance.py:1382} INFO - Executing <Task(_PythonDecoratedOperator): or_that_way> on 2023-08-21 00:00:00+00:00
[2023-09-12T17:37:49.857+0000] {standard_task_runner.py:57} INFO - Started process 3565 to run task
[2023-09-12T17:37:49.879+0000] {standard_task_runner.py:84} INFO - Running: ['***', 'tasks', 'run', 'tasks_relations', 'or_that_way', 'scheduled__2023-08-21T00:00:00+00:00', '--job-id', '1696', '--raw', '--subdir', 'DAGS_FOLDER/2_tasks_relations.py', '--cfg-path', '/tmp/tmp67e6pq04']
[2023-09-12T17:37:49.895+0000] {standard_task_runner.py:85} INFO - Job 1696: Subtask or_that_way
[2023-09-12T17:37:50.036+0000] {task_command.py:415} INFO - Running <TaskInstance: tasks_relations.or_that_way scheduled__2023-08-21T00:00:00+00:00 [running]> on host 0ab7970e0956
[2023-09-12T17:37:50.449+0000] {taskinstance.py:1660} INFO - Exporting env vars: AIRFLOW_CTX_DAG_OWNER='***' AIRFLOW_CTX_DAG_ID='tasks_relations' AIRFLOW_CTX_TASK_ID='or_that_way' AIRFLOW_CTX_EXECUTION_DATE='2023-08-21T00:00:00+00:00' AIRFLOW_CTX_TRY_NUMBER='1' AIRFLOW_CTX_DAG_RUN_ID='scheduled__2023-08-21T00:00:00+00:00'
[2023-09-12T17:37:50.452+0000] {logging_mixin.py:151} INFO - NO NO, THAT WAY WAY!!!
[2023-09-12T17:37:50.456+0000] {python.py:194} INFO - Done. Returned value was: None
[2023-09-12T17:37:50.469+0000] {taskinstance.py:1400} INFO - Marking task as SUCCESS. dag_id=tasks_relations, task_id=or_that_way, execution_date=20230821T000000, start_date=20230912T173749, end_date=20230912T173750
[2023-09-12T17:37:50.538+0000] {local_task_job_runner.py:228} INFO - Task exited with return code 0
[2023-09-12T17:37:50.652+0000] {taskinstance.py:2784} INFO - 0 downstream tasks scheduled from follow-on schedule check
