[2023-09-05T15:31:39.212+0000] {taskinstance.py:1159} INFO - Dependencies all met for dep_context=non-requeueable deps ti=<TaskInstance: tasks_relations.this_way scheduled__2023-08-31T00:00:00+00:00 [queued]>
[2023-09-05T15:31:39.304+0000] {taskinstance.py:1159} INFO - Dependencies all met for dep_context=requeueable deps ti=<TaskInstance: tasks_relations.this_way scheduled__2023-08-31T00:00:00+00:00 [queued]>
[2023-09-05T15:31:39.313+0000] {taskinstance.py:1361} INFO - Starting attempt 1 of 1
[2023-09-05T15:31:39.453+0000] {taskinstance.py:1382} INFO - Executing <Task(_PythonDecoratedOperator): this_way> on 2023-08-31 00:00:00+00:00
[2023-09-05T15:31:39.499+0000] {standard_task_runner.py:57} INFO - Started process 2071 to run task
[2023-09-05T15:31:39.579+0000] {standard_task_runner.py:84} INFO - Running: ['***', 'tasks', 'run', 'tasks_relations', 'this_way', 'scheduled__2023-08-31T00:00:00+00:00', '--job-id', '952', '--raw', '--subdir', 'DAGS_FOLDER/tasks_relations.py', '--cfg-path', '/tmp/tmpdn2vn1wk']
[2023-09-05T15:31:39.594+0000] {standard_task_runner.py:85} INFO - Job 952: Subtask this_way
[2023-09-05T15:31:39.920+0000] {task_command.py:415} INFO - Running <TaskInstance: tasks_relations.this_way scheduled__2023-08-31T00:00:00+00:00 [running]> on host ca474790e981
[2023-09-05T15:31:40.456+0000] {taskinstance.py:1660} INFO - Exporting env vars: AIRFLOW_CTX_DAG_OWNER='***' AIRFLOW_CTX_DAG_ID='tasks_relations' AIRFLOW_CTX_TASK_ID='this_way' AIRFLOW_CTX_EXECUTION_DATE='2023-08-31T00:00:00+00:00' AIRFLOW_CTX_TRY_NUMBER='1' AIRFLOW_CTX_DAG_RUN_ID='scheduled__2023-08-31T00:00:00+00:00'
[2023-09-05T15:31:40.463+0000] {logging_mixin.py:151} INFO - THIS WAY!!!
[2023-09-05T15:31:40.472+0000] {python.py:194} INFO - Done. Returned value was: None
[2023-09-05T15:31:40.540+0000] {taskinstance.py:1400} INFO - Marking task as SUCCESS. dag_id=tasks_relations, task_id=this_way, execution_date=20230831T000000, start_date=20230905T153139, end_date=20230905T153140
[2023-09-05T15:31:40.842+0000] {local_task_job_runner.py:228} INFO - Task exited with return code 0
[2023-09-05T15:31:40.970+0000] {taskinstance.py:2784} INFO - 0 downstream tasks scheduled from follow-on schedule check
[2023-09-12T17:37:54.445+0000] {taskinstance.py:1159} INFO - Dependencies all met for dep_context=non-requeueable deps ti=<TaskInstance: tasks_relations.this_way scheduled__2023-08-31T00:00:00+00:00 [queued]>
[2023-09-12T17:37:54.477+0000] {taskinstance.py:1159} INFO - Dependencies all met for dep_context=requeueable deps ti=<TaskInstance: tasks_relations.this_way scheduled__2023-08-31T00:00:00+00:00 [queued]>
[2023-09-12T17:37:54.482+0000] {taskinstance.py:1361} INFO - Starting attempt 1 of 1
[2023-09-12T17:37:54.573+0000] {taskinstance.py:1382} INFO - Executing <Task(_PythonDecoratedOperator): this_way> on 2023-08-31 00:00:00+00:00
[2023-09-12T17:37:54.602+0000] {standard_task_runner.py:57} INFO - Started process 3625 to run task
[2023-09-12T17:37:54.731+0000] {standard_task_runner.py:84} INFO - Running: ['***', 'tasks', 'run', 'tasks_relations', 'this_way', 'scheduled__2023-08-31T00:00:00+00:00', '--job-id', '1729', '--raw', '--subdir', 'DAGS_FOLDER/2_tasks_relations.py', '--cfg-path', '/tmp/tmpn1i25pfk']
[2023-09-12T17:37:54.757+0000] {standard_task_runner.py:85} INFO - Job 1729: Subtask this_way
[2023-09-12T17:37:55.143+0000] {task_command.py:415} INFO - Running <TaskInstance: tasks_relations.this_way scheduled__2023-08-31T00:00:00+00:00 [running]> on host 0ab7970e0956
[2023-09-12T17:37:55.503+0000] {taskinstance.py:1660} INFO - Exporting env vars: AIRFLOW_CTX_DAG_OWNER='***' AIRFLOW_CTX_DAG_ID='tasks_relations' AIRFLOW_CTX_TASK_ID='this_way' AIRFLOW_CTX_EXECUTION_DATE='2023-08-31T00:00:00+00:00' AIRFLOW_CTX_TRY_NUMBER='1' AIRFLOW_CTX_DAG_RUN_ID='scheduled__2023-08-31T00:00:00+00:00'
[2023-09-12T17:37:55.513+0000] {logging_mixin.py:151} INFO - THIS WAY!!!
[2023-09-12T17:37:55.514+0000] {python.py:194} INFO - Done. Returned value was: None
[2023-09-12T17:37:55.541+0000] {taskinstance.py:1400} INFO - Marking task as SUCCESS. dag_id=tasks_relations, task_id=this_way, execution_date=20230831T000000, start_date=20230912T173754, end_date=20230912T173755
[2023-09-12T17:37:55.729+0000] {local_task_job_runner.py:228} INFO - Task exited with return code 0
[2023-09-12T17:37:55.834+0000] {taskinstance.py:2784} INFO - 1 downstream tasks scheduled from follow-on schedule check
