[2023-09-05T15:26:00.038+0000] {taskinstance.py:1159} INFO - Dependencies all met for dep_context=non-requeueable deps ti=<TaskInstance: tasks_relations.say_hello scheduled__2023-04-04T00:00:00+00:00 [queued]>
[2023-09-05T15:26:00.103+0000] {taskinstance.py:1159} INFO - Dependencies all met for dep_context=requeueable deps ti=<TaskInstance: tasks_relations.say_hello scheduled__2023-04-04T00:00:00+00:00 [queued]>
[2023-09-05T15:26:00.125+0000] {taskinstance.py:1361} INFO - Starting attempt 1 of 1
[2023-09-05T15:26:00.280+0000] {taskinstance.py:1382} INFO - Executing <Task(_PythonDecoratedOperator): say_hello> on 2023-04-04 00:00:00+00:00
[2023-09-05T15:26:00.335+0000] {standard_task_runner.py:57} INFO - Started process 673 to run task
[2023-09-05T15:26:00.475+0000] {standard_task_runner.py:84} INFO - Running: ['***', 'tasks', 'run', 'tasks_relations', 'say_hello', 'scheduled__2023-04-04T00:00:00+00:00', '--job-id', '295', '--raw', '--subdir', 'DAGS_FOLDER/tasks_relations.py', '--cfg-path', '/tmp/tmpgqh1kl8p']
[2023-09-05T15:26:00.490+0000] {standard_task_runner.py:85} INFO - Job 295: Subtask say_hello
[2023-09-05T15:26:01.244+0000] {task_command.py:415} INFO - Running <TaskInstance: tasks_relations.say_hello scheduled__2023-04-04T00:00:00+00:00 [running]> on host ca474790e981
[2023-09-05T15:26:01.641+0000] {taskinstance.py:1660} INFO - Exporting env vars: AIRFLOW_CTX_DAG_OWNER='***' AIRFLOW_CTX_DAG_ID='tasks_relations' AIRFLOW_CTX_TASK_ID='say_hello' AIRFLOW_CTX_EXECUTION_DATE='2023-04-04T00:00:00+00:00' AIRFLOW_CTX_TRY_NUMBER='1' AIRFLOW_CTX_DAG_RUN_ID='scheduled__2023-04-04T00:00:00+00:00'
[2023-09-05T15:26:01.670+0000] {logging_mixin.py:151} INFO - hello ***
[2023-09-05T15:26:01.672+0000] {python.py:194} INFO - Done. Returned value was: None
[2023-09-05T15:26:01.794+0000] {taskinstance.py:1400} INFO - Marking task as SUCCESS. dag_id=tasks_relations, task_id=say_hello, execution_date=20230404T000000, start_date=20230905T152600, end_date=20230905T152601
[2023-09-05T15:26:01.979+0000] {local_task_job_runner.py:228} INFO - Task exited with return code 0
[2023-09-05T15:26:02.119+0000] {taskinstance.py:2784} INFO - 1 downstream tasks scheduled from follow-on schedule check
[2023-09-12T17:35:06.725+0000] {taskinstance.py:1159} INFO - Dependencies all met for dep_context=non-requeueable deps ti=<TaskInstance: tasks_relations.say_hello scheduled__2023-04-04T00:00:00+00:00 [queued]>
[2023-09-12T17:35:06.755+0000] {taskinstance.py:1159} INFO - Dependencies all met for dep_context=requeueable deps ti=<TaskInstance: tasks_relations.say_hello scheduled__2023-04-04T00:00:00+00:00 [queued]>
[2023-09-12T17:35:06.762+0000] {taskinstance.py:1361} INFO - Starting attempt 1 of 1
[2023-09-12T17:35:06.802+0000] {taskinstance.py:1382} INFO - Executing <Task(_PythonDecoratedOperator): say_hello> on 2023-04-04 00:00:00+00:00
[2023-09-12T17:35:06.836+0000] {standard_task_runner.py:57} INFO - Started process 1608 to run task
[2023-09-12T17:35:06.873+0000] {standard_task_runner.py:84} INFO - Running: ['***', 'tasks', 'run', 'tasks_relations', 'say_hello', 'scheduled__2023-04-04T00:00:00+00:00', '--job-id', '738', '--raw', '--subdir', 'DAGS_FOLDER/2_tasks_relations.py', '--cfg-path', '/tmp/tmpte7rw3b7']
[2023-09-12T17:35:06.879+0000] {standard_task_runner.py:85} INFO - Job 738: Subtask say_hello
[2023-09-12T17:35:07.069+0000] {task_command.py:415} INFO - Running <TaskInstance: tasks_relations.say_hello scheduled__2023-04-04T00:00:00+00:00 [running]> on host 0ab7970e0956
[2023-09-12T17:35:07.394+0000] {taskinstance.py:1660} INFO - Exporting env vars: AIRFLOW_CTX_DAG_OWNER='***' AIRFLOW_CTX_DAG_ID='tasks_relations' AIRFLOW_CTX_TASK_ID='say_hello' AIRFLOW_CTX_EXECUTION_DATE='2023-04-04T00:00:00+00:00' AIRFLOW_CTX_TRY_NUMBER='1' AIRFLOW_CTX_DAG_RUN_ID='scheduled__2023-04-04T00:00:00+00:00'
[2023-09-12T17:35:07.395+0000] {logging_mixin.py:151} INFO - hello world
[2023-09-12T17:35:07.395+0000] {python.py:194} INFO - Done. Returned value was: None
[2023-09-12T17:35:07.430+0000] {taskinstance.py:1400} INFO - Marking task as SUCCESS. dag_id=tasks_relations, task_id=say_hello, execution_date=20230404T000000, start_date=20230912T173506, end_date=20230912T173507
[2023-09-12T17:35:07.518+0000] {local_task_job_runner.py:228} INFO - Task exited with return code 0
[2023-09-12T17:35:07.643+0000] {taskinstance.py:2784} INFO - 0 downstream tasks scheduled from follow-on schedule check
