[2023-09-05T15:26:22.462+0000] {taskinstance.py:1159} INFO - Dependencies all met for dep_context=non-requeueable deps ti=<TaskInstance: tasks_relations.say_hello scheduled__2023-04-18T00:00:00+00:00 [queued]>
[2023-09-05T15:26:22.515+0000] {taskinstance.py:1159} INFO - Dependencies all met for dep_context=requeueable deps ti=<TaskInstance: tasks_relations.say_hello scheduled__2023-04-18T00:00:00+00:00 [queued]>
[2023-09-05T15:26:22.519+0000] {taskinstance.py:1361} INFO - Starting attempt 1 of 1
[2023-09-05T15:26:22.663+0000] {taskinstance.py:1382} INFO - Executing <Task(_PythonDecoratedOperator): say_hello> on 2023-04-18 00:00:00+00:00
[2023-09-05T15:26:22.731+0000] {standard_task_runner.py:57} INFO - Started process 766 to run task
[2023-09-05T15:26:22.765+0000] {standard_task_runner.py:84} INFO - Running: ['***', 'tasks', 'run', 'tasks_relations', 'say_hello', 'scheduled__2023-04-18T00:00:00+00:00', '--job-id', '337', '--raw', '--subdir', 'DAGS_FOLDER/tasks_relations.py', '--cfg-path', '/tmp/tmpf6ekpdnt']
[2023-09-05T15:26:22.808+0000] {standard_task_runner.py:85} INFO - Job 337: Subtask say_hello
[2023-09-05T15:26:23.134+0000] {task_command.py:415} INFO - Running <TaskInstance: tasks_relations.say_hello scheduled__2023-04-18T00:00:00+00:00 [running]> on host ca474790e981
[2023-09-05T15:26:24.035+0000] {taskinstance.py:1660} INFO - Exporting env vars: AIRFLOW_CTX_DAG_OWNER='***' AIRFLOW_CTX_DAG_ID='tasks_relations' AIRFLOW_CTX_TASK_ID='say_hello' AIRFLOW_CTX_EXECUTION_DATE='2023-04-18T00:00:00+00:00' AIRFLOW_CTX_TRY_NUMBER='1' AIRFLOW_CTX_DAG_RUN_ID='scheduled__2023-04-18T00:00:00+00:00'
[2023-09-05T15:26:24.059+0000] {logging_mixin.py:151} INFO - hello ***
[2023-09-05T15:26:24.065+0000] {python.py:194} INFO - Done. Returned value was: None
[2023-09-05T15:26:24.160+0000] {taskinstance.py:1400} INFO - Marking task as SUCCESS. dag_id=tasks_relations, task_id=say_hello, execution_date=20230418T000000, start_date=20230905T152622, end_date=20230905T152624
[2023-09-05T15:26:24.488+0000] {local_task_job_runner.py:228} INFO - Task exited with return code 0
[2023-09-05T15:26:24.706+0000] {taskinstance.py:2784} INFO - 1 downstream tasks scheduled from follow-on schedule check
[2023-09-12T17:35:23.094+0000] {taskinstance.py:1159} INFO - Dependencies all met for dep_context=non-requeueable deps ti=<TaskInstance: tasks_relations.say_hello scheduled__2023-04-18T00:00:00+00:00 [queued]>
[2023-09-12T17:35:23.133+0000] {taskinstance.py:1159} INFO - Dependencies all met for dep_context=requeueable deps ti=<TaskInstance: tasks_relations.say_hello scheduled__2023-04-18T00:00:00+00:00 [queued]>
[2023-09-12T17:35:23.134+0000] {taskinstance.py:1361} INFO - Starting attempt 1 of 1
[2023-09-12T17:35:23.186+0000] {taskinstance.py:1382} INFO - Executing <Task(_PythonDecoratedOperator): say_hello> on 2023-04-18 00:00:00+00:00
[2023-09-12T17:35:23.202+0000] {standard_task_runner.py:57} INFO - Started process 1826 to run task
[2023-09-12T17:35:23.240+0000] {standard_task_runner.py:84} INFO - Running: ['***', 'tasks', 'run', 'tasks_relations', 'say_hello', 'scheduled__2023-04-18T00:00:00+00:00', '--job-id', '847', '--raw', '--subdir', 'DAGS_FOLDER/2_tasks_relations.py', '--cfg-path', '/tmp/tmpnv755s8x']
[2023-09-12T17:35:23.249+0000] {standard_task_runner.py:85} INFO - Job 847: Subtask say_hello
[2023-09-12T17:35:23.438+0000] {task_command.py:415} INFO - Running <TaskInstance: tasks_relations.say_hello scheduled__2023-04-18T00:00:00+00:00 [running]> on host 0ab7970e0956
[2023-09-12T17:35:23.687+0000] {taskinstance.py:1660} INFO - Exporting env vars: AIRFLOW_CTX_DAG_OWNER='***' AIRFLOW_CTX_DAG_ID='tasks_relations' AIRFLOW_CTX_TASK_ID='say_hello' AIRFLOW_CTX_EXECUTION_DATE='2023-04-18T00:00:00+00:00' AIRFLOW_CTX_TRY_NUMBER='1' AIRFLOW_CTX_DAG_RUN_ID='scheduled__2023-04-18T00:00:00+00:00'
[2023-09-12T17:35:23.690+0000] {logging_mixin.py:151} INFO - hello world
[2023-09-12T17:35:23.690+0000] {python.py:194} INFO - Done. Returned value was: None
[2023-09-12T17:35:23.731+0000] {taskinstance.py:1400} INFO - Marking task as SUCCESS. dag_id=tasks_relations, task_id=say_hello, execution_date=20230418T000000, start_date=20230912T173523, end_date=20230912T173523
[2023-09-12T17:35:23.794+0000] {local_task_job_runner.py:228} INFO - Task exited with return code 0
[2023-09-12T17:35:23.850+0000] {taskinstance.py:2784} INFO - 1 downstream tasks scheduled from follow-on schedule check
