[2023-09-05T15:30:22.436+0000] {taskinstance.py:1159} INFO - Dependencies all met for dep_context=non-requeueable deps ti=<TaskInstance: tasks_relations.say_hello scheduled__2023-07-26T00:00:00+00:00 [queued]>
[2023-09-05T15:30:22.481+0000] {taskinstance.py:1159} INFO - Dependencies all met for dep_context=requeueable deps ti=<TaskInstance: tasks_relations.say_hello scheduled__2023-07-26T00:00:00+00:00 [queued]>
[2023-09-05T15:30:22.482+0000] {taskinstance.py:1361} INFO - Starting attempt 1 of 1
[2023-09-05T15:30:22.551+0000] {taskinstance.py:1382} INFO - Executing <Task(_PythonDecoratedOperator): say_hello> on 2023-07-26 00:00:00+00:00
[2023-09-05T15:30:22.565+0000] {standard_task_runner.py:57} INFO - Started process 1635 to run task
[2023-09-05T15:30:22.717+0000] {standard_task_runner.py:84} INFO - Running: ['***', 'tasks', 'run', 'tasks_relations', 'say_hello', 'scheduled__2023-07-26T00:00:00+00:00', '--job-id', '744', '--raw', '--subdir', 'DAGS_FOLDER/tasks_relations.py', '--cfg-path', '/tmp/tmptnzljyr3']
[2023-09-05T15:30:22.774+0000] {standard_task_runner.py:85} INFO - Job 744: Subtask say_hello
[2023-09-05T15:30:23.254+0000] {task_command.py:415} INFO - Running <TaskInstance: tasks_relations.say_hello scheduled__2023-07-26T00:00:00+00:00 [running]> on host ca474790e981
[2023-09-05T15:30:24.237+0000] {taskinstance.py:1660} INFO - Exporting env vars: AIRFLOW_CTX_DAG_OWNER='***' AIRFLOW_CTX_DAG_ID='tasks_relations' AIRFLOW_CTX_TASK_ID='say_hello' AIRFLOW_CTX_EXECUTION_DATE='2023-07-26T00:00:00+00:00' AIRFLOW_CTX_TRY_NUMBER='1' AIRFLOW_CTX_DAG_RUN_ID='scheduled__2023-07-26T00:00:00+00:00'
[2023-09-05T15:30:24.243+0000] {logging_mixin.py:151} INFO - hello world
[2023-09-05T15:30:24.252+0000] {python.py:194} INFO - Done. Returned value was: None
[2023-09-05T15:30:24.351+0000] {taskinstance.py:1400} INFO - Marking task as SUCCESS. dag_id=tasks_relations, task_id=say_hello, execution_date=20230726T000000, start_date=20230905T153022, end_date=20230905T153024
[2023-09-05T15:30:24.754+0000] {local_task_job_runner.py:228} INFO - Task exited with return code 0
[2023-09-05T15:30:25.071+0000] {taskinstance.py:2784} INFO - 0 downstream tasks scheduled from follow-on schedule check
[2023-09-12T17:37:08.820+0000] {taskinstance.py:1159} INFO - Dependencies all met for dep_context=non-requeueable deps ti=<TaskInstance: tasks_relations.say_hello scheduled__2023-07-26T00:00:00+00:00 [queued]>
[2023-09-12T17:37:08.846+0000] {taskinstance.py:1159} INFO - Dependencies all met for dep_context=requeueable deps ti=<TaskInstance: tasks_relations.say_hello scheduled__2023-07-26T00:00:00+00:00 [queued]>
[2023-09-12T17:37:08.853+0000] {taskinstance.py:1361} INFO - Starting attempt 1 of 1
[2023-09-12T17:37:08.899+0000] {taskinstance.py:1382} INFO - Executing <Task(_PythonDecoratedOperator): say_hello> on 2023-07-26 00:00:00+00:00
[2023-09-12T17:37:08.934+0000] {standard_task_runner.py:57} INFO - Started process 3096 to run task
[2023-09-12T17:37:08.940+0000] {standard_task_runner.py:84} INFO - Running: ['***', 'tasks', 'run', 'tasks_relations', 'say_hello', 'scheduled__2023-07-26T00:00:00+00:00', '--job-id', '1469', '--raw', '--subdir', 'DAGS_FOLDER/2_tasks_relations.py', '--cfg-path', '/tmp/tmpkcd7g6tk']
[2023-09-12T17:37:08.960+0000] {standard_task_runner.py:85} INFO - Job 1469: Subtask say_hello
[2023-09-12T17:37:09.191+0000] {task_command.py:415} INFO - Running <TaskInstance: tasks_relations.say_hello scheduled__2023-07-26T00:00:00+00:00 [running]> on host 0ab7970e0956
[2023-09-12T17:37:09.457+0000] {taskinstance.py:1660} INFO - Exporting env vars: AIRFLOW_CTX_DAG_OWNER='***' AIRFLOW_CTX_DAG_ID='tasks_relations' AIRFLOW_CTX_TASK_ID='say_hello' AIRFLOW_CTX_EXECUTION_DATE='2023-07-26T00:00:00+00:00' AIRFLOW_CTX_TRY_NUMBER='1' AIRFLOW_CTX_DAG_RUN_ID='scheduled__2023-07-26T00:00:00+00:00'
[2023-09-12T17:37:09.458+0000] {logging_mixin.py:151} INFO - hello world
[2023-09-12T17:37:09.461+0000] {python.py:194} INFO - Done. Returned value was: None
[2023-09-12T17:37:09.478+0000] {taskinstance.py:1400} INFO - Marking task as SUCCESS. dag_id=tasks_relations, task_id=say_hello, execution_date=20230726T000000, start_date=20230912T173708, end_date=20230912T173709
[2023-09-12T17:37:09.541+0000] {local_task_job_runner.py:228} INFO - Task exited with return code 0
[2023-09-12T17:37:09.591+0000] {taskinstance.py:2784} INFO - 1 downstream tasks scheduled from follow-on schedule check
