[2023-09-05T15:31:21.237+0000] {taskinstance.py:1159} INFO - Dependencies all met for dep_context=non-requeueable deps ti=<TaskInstance: tasks_relations.say_bye scheduled__2023-08-20T00:00:00+00:00 [queued]>
[2023-09-05T15:31:21.316+0000] {taskinstance.py:1159} INFO - Dependencies all met for dep_context=requeueable deps ti=<TaskInstance: tasks_relations.say_bye scheduled__2023-08-20T00:00:00+00:00 [queued]>
[2023-09-05T15:31:21.318+0000] {taskinstance.py:1361} INFO - Starting attempt 1 of 1
[2023-09-05T15:31:21.413+0000] {taskinstance.py:1382} INFO - Executing <Task(_PythonDecoratedOperator): say_bye> on 2023-08-20 00:00:00+00:00
[2023-09-05T15:31:21.474+0000] {standard_task_runner.py:57} INFO - Started process 1968 to run task
[2023-09-05T15:31:21.556+0000] {standard_task_runner.py:84} INFO - Running: ['***', 'tasks', 'run', 'tasks_relations', 'say_bye', 'scheduled__2023-08-20T00:00:00+00:00', '--job-id', '904', '--raw', '--subdir', 'DAGS_FOLDER/tasks_relations.py', '--cfg-path', '/tmp/tmpyphwhiud']
[2023-09-05T15:31:21.562+0000] {standard_task_runner.py:85} INFO - Job 904: Subtask say_bye
[2023-09-05T15:31:21.956+0000] {task_command.py:415} INFO - Running <TaskInstance: tasks_relations.say_bye scheduled__2023-08-20T00:00:00+00:00 [running]> on host ca474790e981
[2023-09-05T15:31:22.363+0000] {taskinstance.py:1660} INFO - Exporting env vars: AIRFLOW_CTX_DAG_OWNER='***' AIRFLOW_CTX_DAG_ID='tasks_relations' AIRFLOW_CTX_TASK_ID='say_bye' AIRFLOW_CTX_EXECUTION_DATE='2023-08-20T00:00:00+00:00' AIRFLOW_CTX_TRY_NUMBER='1' AIRFLOW_CTX_DAG_RUN_ID='scheduled__2023-08-20T00:00:00+00:00'
[2023-09-05T15:31:22.367+0000] {logging_mixin.py:151} INFO - goodbye world
[2023-09-05T15:31:22.368+0000] {python.py:194} INFO - Done. Returned value was: None
[2023-09-05T15:31:22.408+0000] {taskinstance.py:1400} INFO - Marking task as SUCCESS. dag_id=tasks_relations, task_id=say_bye, execution_date=20230820T000000, start_date=20230905T153121, end_date=20230905T153122
[2023-09-05T15:31:22.524+0000] {local_task_job_runner.py:228} INFO - Task exited with return code 0
[2023-09-05T15:31:22.611+0000] {taskinstance.py:2784} INFO - 2 downstream tasks scheduled from follow-on schedule check
[2023-09-12T17:37:46.251+0000] {taskinstance.py:1159} INFO - Dependencies all met for dep_context=non-requeueable deps ti=<TaskInstance: tasks_relations.say_bye scheduled__2023-08-20T00:00:00+00:00 [queued]>
[2023-09-12T17:37:46.281+0000] {taskinstance.py:1159} INFO - Dependencies all met for dep_context=requeueable deps ti=<TaskInstance: tasks_relations.say_bye scheduled__2023-08-20T00:00:00+00:00 [queued]>
[2023-09-12T17:37:46.285+0000] {taskinstance.py:1361} INFO - Starting attempt 1 of 1
[2023-09-12T17:37:46.311+0000] {taskinstance.py:1382} INFO - Executing <Task(_PythonDecoratedOperator): say_bye> on 2023-08-20 00:00:00+00:00
[2023-09-12T17:37:46.323+0000] {standard_task_runner.py:57} INFO - Started process 3510 to run task
[2023-09-12T17:37:46.341+0000] {standard_task_runner.py:84} INFO - Running: ['***', 'tasks', 'run', 'tasks_relations', 'say_bye', 'scheduled__2023-08-20T00:00:00+00:00', '--job-id', '1673', '--raw', '--subdir', 'DAGS_FOLDER/2_tasks_relations.py', '--cfg-path', '/tmp/tmppwcjikc6']
[2023-09-12T17:37:46.347+0000] {standard_task_runner.py:85} INFO - Job 1673: Subtask say_bye
[2023-09-12T17:37:46.517+0000] {task_command.py:415} INFO - Running <TaskInstance: tasks_relations.say_bye scheduled__2023-08-20T00:00:00+00:00 [running]> on host 0ab7970e0956
[2023-09-12T17:37:46.770+0000] {taskinstance.py:1660} INFO - Exporting env vars: AIRFLOW_CTX_DAG_OWNER='***' AIRFLOW_CTX_DAG_ID='tasks_relations' AIRFLOW_CTX_TASK_ID='say_bye' AIRFLOW_CTX_EXECUTION_DATE='2023-08-20T00:00:00+00:00' AIRFLOW_CTX_TRY_NUMBER='1' AIRFLOW_CTX_DAG_RUN_ID='scheduled__2023-08-20T00:00:00+00:00'
[2023-09-12T17:37:46.771+0000] {logging_mixin.py:151} INFO - goodbye world
[2023-09-12T17:37:46.772+0000] {python.py:194} INFO - Done. Returned value was: None
[2023-09-12T17:37:46.790+0000] {taskinstance.py:1400} INFO - Marking task as SUCCESS. dag_id=tasks_relations, task_id=say_bye, execution_date=20230820T000000, start_date=20230912T173746, end_date=20230912T173746
[2023-09-12T17:37:46.845+0000] {local_task_job_runner.py:228} INFO - Task exited with return code 0
[2023-09-12T17:37:46.892+0000] {taskinstance.py:2784} INFO - 2 downstream tasks scheduled from follow-on schedule check
