[2023-09-05T15:25:53.563+0000] {taskinstance.py:1159} INFO - Dependencies all met for dep_context=non-requeueable deps ti=<TaskInstance: tasks_relations.say_bye scheduled__2023-04-01T00:00:00+00:00 [queued]>
[2023-09-05T15:25:53.590+0000] {taskinstance.py:1159} INFO - Dependencies all met for dep_context=requeueable deps ti=<TaskInstance: tasks_relations.say_bye scheduled__2023-04-01T00:00:00+00:00 [queued]>
[2023-09-05T15:25:53.601+0000] {taskinstance.py:1361} INFO - Starting attempt 1 of 1
[2023-09-05T15:25:53.631+0000] {taskinstance.py:1382} INFO - Executing <Task(_PythonDecoratedOperator): say_bye> on 2023-04-01 00:00:00+00:00
[2023-09-05T15:25:53.640+0000] {standard_task_runner.py:57} INFO - Started process 644 to run task
[2023-09-05T15:25:53.654+0000] {standard_task_runner.py:84} INFO - Running: ['***', 'tasks', 'run', 'tasks_relations', 'say_bye', 'scheduled__2023-04-01T00:00:00+00:00', '--job-id', '281', '--raw', '--subdir', 'DAGS_FOLDER/tasks_relations.py', '--cfg-path', '/tmp/tmpsufzhzq9']
[2023-09-05T15:25:53.663+0000] {standard_task_runner.py:85} INFO - Job 281: Subtask say_bye
[2023-09-05T15:25:53.806+0000] {task_command.py:415} INFO - Running <TaskInstance: tasks_relations.say_bye scheduled__2023-04-01T00:00:00+00:00 [running]> on host ca474790e981
[2023-09-05T15:25:54.018+0000] {taskinstance.py:1660} INFO - Exporting env vars: AIRFLOW_CTX_DAG_OWNER='***' AIRFLOW_CTX_DAG_ID='tasks_relations' AIRFLOW_CTX_TASK_ID='say_bye' AIRFLOW_CTX_EXECUTION_DATE='2023-04-01T00:00:00+00:00' AIRFLOW_CTX_TRY_NUMBER='1' AIRFLOW_CTX_DAG_RUN_ID='scheduled__2023-04-01T00:00:00+00:00'
[2023-09-05T15:25:54.023+0000] {logging_mixin.py:151} INFO - goodbye ***
[2023-09-05T15:25:54.029+0000] {python.py:194} INFO - Done. Returned value was: None
[2023-09-05T15:25:54.082+0000] {taskinstance.py:1400} INFO - Marking task as SUCCESS. dag_id=tasks_relations, task_id=say_bye, execution_date=20230401T000000, start_date=20230905T152553, end_date=20230905T152554
[2023-09-05T15:25:54.159+0000] {local_task_job_runner.py:228} INFO - Task exited with return code 0
[2023-09-05T15:25:54.224+0000] {taskinstance.py:2784} INFO - 0 downstream tasks scheduled from follow-on schedule check
[2023-09-12T17:35:09.095+0000] {taskinstance.py:1159} INFO - Dependencies all met for dep_context=non-requeueable deps ti=<TaskInstance: tasks_relations.say_bye scheduled__2023-04-01T00:00:00+00:00 [queued]>
[2023-09-12T17:35:09.123+0000] {taskinstance.py:1159} INFO - Dependencies all met for dep_context=requeueable deps ti=<TaskInstance: tasks_relations.say_bye scheduled__2023-04-01T00:00:00+00:00 [queued]>
[2023-09-12T17:35:09.139+0000] {taskinstance.py:1361} INFO - Starting attempt 1 of 1
[2023-09-12T17:35:09.182+0000] {taskinstance.py:1382} INFO - Executing <Task(_PythonDecoratedOperator): say_bye> on 2023-04-01 00:00:00+00:00
[2023-09-12T17:35:09.218+0000] {standard_task_runner.py:57} INFO - Started process 1641 to run task
[2023-09-12T17:35:09.293+0000] {standard_task_runner.py:84} INFO - Running: ['***', 'tasks', 'run', 'tasks_relations', 'say_bye', 'scheduled__2023-04-01T00:00:00+00:00', '--job-id', '756', '--raw', '--subdir', 'DAGS_FOLDER/2_tasks_relations.py', '--cfg-path', '/tmp/tmp2ewq05tp']
[2023-09-12T17:35:09.298+0000] {standard_task_runner.py:85} INFO - Job 756: Subtask say_bye
[2023-09-12T17:35:09.489+0000] {task_command.py:415} INFO - Running <TaskInstance: tasks_relations.say_bye scheduled__2023-04-01T00:00:00+00:00 [running]> on host 0ab7970e0956
[2023-09-12T17:35:09.702+0000] {taskinstance.py:1660} INFO - Exporting env vars: AIRFLOW_CTX_DAG_OWNER='***' AIRFLOW_CTX_DAG_ID='tasks_relations' AIRFLOW_CTX_TASK_ID='say_bye' AIRFLOW_CTX_EXECUTION_DATE='2023-04-01T00:00:00+00:00' AIRFLOW_CTX_TRY_NUMBER='1' AIRFLOW_CTX_DAG_RUN_ID='scheduled__2023-04-01T00:00:00+00:00'
[2023-09-12T17:35:09.706+0000] {logging_mixin.py:151} INFO - goodbye world
[2023-09-12T17:35:09.710+0000] {python.py:194} INFO - Done. Returned value was: None
[2023-09-12T17:35:09.730+0000] {taskinstance.py:1400} INFO - Marking task as SUCCESS. dag_id=tasks_relations, task_id=say_bye, execution_date=20230401T000000, start_date=20230912T173509, end_date=20230912T173509
[2023-09-12T17:35:09.781+0000] {local_task_job_runner.py:228} INFO - Task exited with return code 0
[2023-09-12T17:35:09.830+0000] {taskinstance.py:2784} INFO - 2 downstream tasks scheduled from follow-on schedule check
