[2023-09-05T15:31:00.598+0000] {taskinstance.py:1159} INFO - Dependencies all met for dep_context=non-requeueable deps ti=<TaskInstance: tasks_relations.this_way scheduled__2023-08-05T00:00:00+00:00 [queued]>
[2023-09-05T15:31:00.663+0000] {taskinstance.py:1159} INFO - Dependencies all met for dep_context=requeueable deps ti=<TaskInstance: tasks_relations.this_way scheduled__2023-08-05T00:00:00+00:00 [queued]>
[2023-09-05T15:31:00.670+0000] {taskinstance.py:1361} INFO - Starting attempt 1 of 1
[2023-09-05T15:31:00.802+0000] {taskinstance.py:1382} INFO - Executing <Task(_PythonDecoratedOperator): this_way> on 2023-08-05 00:00:00+00:00
[2023-09-05T15:31:00.872+0000] {standard_task_runner.py:57} INFO - Started process 1852 to run task
[2023-09-05T15:31:00.925+0000] {standard_task_runner.py:84} INFO - Running: ['***', 'tasks', 'run', 'tasks_relations', 'this_way', 'scheduled__2023-08-05T00:00:00+00:00', '--job-id', '844', '--raw', '--subdir', 'DAGS_FOLDER/tasks_relations.py', '--cfg-path', '/tmp/tmpu9otzupu']
[2023-09-05T15:31:00.948+0000] {standard_task_runner.py:85} INFO - Job 844: Subtask this_way
[2023-09-05T15:31:01.636+0000] {task_command.py:415} INFO - Running <TaskInstance: tasks_relations.this_way scheduled__2023-08-05T00:00:00+00:00 [running]> on host ca474790e981
[2023-09-05T15:31:02.091+0000] {taskinstance.py:1660} INFO - Exporting env vars: AIRFLOW_CTX_DAG_OWNER='***' AIRFLOW_CTX_DAG_ID='tasks_relations' AIRFLOW_CTX_TASK_ID='this_way' AIRFLOW_CTX_EXECUTION_DATE='2023-08-05T00:00:00+00:00' AIRFLOW_CTX_TRY_NUMBER='1' AIRFLOW_CTX_DAG_RUN_ID='scheduled__2023-08-05T00:00:00+00:00'
[2023-09-05T15:31:02.104+0000] {logging_mixin.py:151} INFO - THIS WAY!!!
[2023-09-05T15:31:02.106+0000] {python.py:194} INFO - Done. Returned value was: None
[2023-09-05T15:31:02.154+0000] {taskinstance.py:1400} INFO - Marking task as SUCCESS. dag_id=tasks_relations, task_id=this_way, execution_date=20230805T000000, start_date=20230905T153100, end_date=20230905T153102
[2023-09-05T15:31:02.405+0000] {local_task_job_runner.py:228} INFO - Task exited with return code 0
[2023-09-05T15:31:02.579+0000] {taskinstance.py:2784} INFO - 0 downstream tasks scheduled from follow-on schedule check
[2023-09-12T17:37:31.843+0000] {taskinstance.py:1159} INFO - Dependencies all met for dep_context=non-requeueable deps ti=<TaskInstance: tasks_relations.this_way scheduled__2023-08-05T00:00:00+00:00 [queued]>
[2023-09-12T17:37:31.888+0000] {taskinstance.py:1159} INFO - Dependencies all met for dep_context=requeueable deps ti=<TaskInstance: tasks_relations.this_way scheduled__2023-08-05T00:00:00+00:00 [queued]>
[2023-09-12T17:37:31.900+0000] {taskinstance.py:1361} INFO - Starting attempt 1 of 1
[2023-09-12T17:37:31.978+0000] {taskinstance.py:1382} INFO - Executing <Task(_PythonDecoratedOperator): this_way> on 2023-08-05 00:00:00+00:00
[2023-09-12T17:37:32.006+0000] {standard_task_runner.py:57} INFO - Started process 3367 to run task
[2023-09-12T17:37:32.072+0000] {standard_task_runner.py:84} INFO - Running: ['***', 'tasks', 'run', 'tasks_relations', 'this_way', 'scheduled__2023-08-05T00:00:00+00:00', '--job-id', '1604', '--raw', '--subdir', 'DAGS_FOLDER/2_tasks_relations.py', '--cfg-path', '/tmp/tmpyzhi0pwf']
[2023-09-12T17:37:32.099+0000] {standard_task_runner.py:85} INFO - Job 1604: Subtask this_way
[2023-09-12T17:37:32.389+0000] {task_command.py:415} INFO - Running <TaskInstance: tasks_relations.this_way scheduled__2023-08-05T00:00:00+00:00 [running]> on host 0ab7970e0956
[2023-09-12T17:37:32.829+0000] {taskinstance.py:1660} INFO - Exporting env vars: AIRFLOW_CTX_DAG_OWNER='***' AIRFLOW_CTX_DAG_ID='tasks_relations' AIRFLOW_CTX_TASK_ID='this_way' AIRFLOW_CTX_EXECUTION_DATE='2023-08-05T00:00:00+00:00' AIRFLOW_CTX_TRY_NUMBER='1' AIRFLOW_CTX_DAG_RUN_ID='scheduled__2023-08-05T00:00:00+00:00'
[2023-09-12T17:37:32.833+0000] {logging_mixin.py:151} INFO - THIS WAY!!!
[2023-09-12T17:37:32.836+0000] {python.py:194} INFO - Done. Returned value was: None
[2023-09-12T17:37:32.854+0000] {taskinstance.py:1400} INFO - Marking task as SUCCESS. dag_id=tasks_relations, task_id=this_way, execution_date=20230805T000000, start_date=20230912T173731, end_date=20230912T173732
[2023-09-12T17:37:32.938+0000] {local_task_job_runner.py:228} INFO - Task exited with return code 0
[2023-09-12T17:37:32.982+0000] {taskinstance.py:2784} INFO - 1 downstream tasks scheduled from follow-on schedule check
