[2023-09-05T15:30:02.440+0000] {taskinstance.py:1159} INFO - Dependencies all met for dep_context=non-requeueable deps ti=<TaskInstance: tasks_relations.say_bye scheduled__2023-07-09T00:00:00+00:00 [queued]>
[2023-09-05T15:30:02.476+0000] {taskinstance.py:1159} INFO - Dependencies all met for dep_context=requeueable deps ti=<TaskInstance: tasks_relations.say_bye scheduled__2023-07-09T00:00:00+00:00 [queued]>
[2023-09-05T15:30:02.477+0000] {taskinstance.py:1361} INFO - Starting attempt 1 of 1
[2023-09-05T15:30:02.600+0000] {taskinstance.py:1382} INFO - Executing <Task(_PythonDecoratedOperator): say_bye> on 2023-07-09 00:00:00+00:00
[2023-09-05T15:30:02.625+0000] {standard_task_runner.py:57} INFO - Started process 1506 to run task
[2023-09-05T15:30:02.683+0000] {standard_task_runner.py:84} INFO - Running: ['***', 'tasks', 'run', 'tasks_relations', 'say_bye', 'scheduled__2023-07-09T00:00:00+00:00', '--job-id', '681', '--raw', '--subdir', 'DAGS_FOLDER/tasks_relations.py', '--cfg-path', '/tmp/tmp2rypo9p8']
[2023-09-05T15:30:02.699+0000] {standard_task_runner.py:85} INFO - Job 681: Subtask say_bye
[2023-09-05T15:30:03.230+0000] {task_command.py:415} INFO - Running <TaskInstance: tasks_relations.say_bye scheduled__2023-07-09T00:00:00+00:00 [running]> on host ca474790e981
[2023-09-05T15:30:03.950+0000] {taskinstance.py:1660} INFO - Exporting env vars: AIRFLOW_CTX_DAG_OWNER='***' AIRFLOW_CTX_DAG_ID='tasks_relations' AIRFLOW_CTX_TASK_ID='say_bye' AIRFLOW_CTX_EXECUTION_DATE='2023-07-09T00:00:00+00:00' AIRFLOW_CTX_TRY_NUMBER='1' AIRFLOW_CTX_DAG_RUN_ID='scheduled__2023-07-09T00:00:00+00:00'
[2023-09-05T15:30:03.976+0000] {logging_mixin.py:151} INFO - goodbye world
[2023-09-05T15:30:03.980+0000] {python.py:194} INFO - Done. Returned value was: None
[2023-09-05T15:30:04.060+0000] {taskinstance.py:1400} INFO - Marking task as SUCCESS. dag_id=tasks_relations, task_id=say_bye, execution_date=20230709T000000, start_date=20230905T153002, end_date=20230905T153004
[2023-09-05T15:30:04.349+0000] {local_task_job_runner.py:228} INFO - Task exited with return code 0
[2023-09-05T15:30:04.552+0000] {taskinstance.py:2784} INFO - 0 downstream tasks scheduled from follow-on schedule check
[2023-09-12T17:36:55.919+0000] {taskinstance.py:1159} INFO - Dependencies all met for dep_context=non-requeueable deps ti=<TaskInstance: tasks_relations.say_bye scheduled__2023-07-09T00:00:00+00:00 [queued]>
[2023-09-12T17:36:55.948+0000] {taskinstance.py:1159} INFO - Dependencies all met for dep_context=requeueable deps ti=<TaskInstance: tasks_relations.say_bye scheduled__2023-07-09T00:00:00+00:00 [queued]>
[2023-09-12T17:36:55.951+0000] {taskinstance.py:1361} INFO - Starting attempt 1 of 1
[2023-09-12T17:36:56.003+0000] {taskinstance.py:1382} INFO - Executing <Task(_PythonDecoratedOperator): say_bye> on 2023-07-09 00:00:00+00:00
[2023-09-12T17:36:56.028+0000] {standard_task_runner.py:57} INFO - Started process 2940 to run task
[2023-09-12T17:36:56.069+0000] {standard_task_runner.py:84} INFO - Running: ['***', 'tasks', 'run', 'tasks_relations', 'say_bye', 'scheduled__2023-07-09T00:00:00+00:00', '--job-id', '1389', '--raw', '--subdir', 'DAGS_FOLDER/2_tasks_relations.py', '--cfg-path', '/tmp/tmpid_xy8mg']
[2023-09-12T17:36:56.097+0000] {standard_task_runner.py:85} INFO - Job 1389: Subtask say_bye
[2023-09-12T17:36:56.252+0000] {task_command.py:415} INFO - Running <TaskInstance: tasks_relations.say_bye scheduled__2023-07-09T00:00:00+00:00 [running]> on host 0ab7970e0956
[2023-09-12T17:36:56.477+0000] {taskinstance.py:1660} INFO - Exporting env vars: AIRFLOW_CTX_DAG_OWNER='***' AIRFLOW_CTX_DAG_ID='tasks_relations' AIRFLOW_CTX_TASK_ID='say_bye' AIRFLOW_CTX_EXECUTION_DATE='2023-07-09T00:00:00+00:00' AIRFLOW_CTX_TRY_NUMBER='1' AIRFLOW_CTX_DAG_RUN_ID='scheduled__2023-07-09T00:00:00+00:00'
[2023-09-12T17:36:56.482+0000] {logging_mixin.py:151} INFO - goodbye world
[2023-09-12T17:36:56.483+0000] {python.py:194} INFO - Done. Returned value was: None
[2023-09-12T17:36:56.521+0000] {taskinstance.py:1400} INFO - Marking task as SUCCESS. dag_id=tasks_relations, task_id=say_bye, execution_date=20230709T000000, start_date=20230912T173655, end_date=20230912T173656
[2023-09-12T17:36:56.596+0000] {local_task_job_runner.py:228} INFO - Task exited with return code 0
[2023-09-12T17:36:56.686+0000] {taskinstance.py:2784} INFO - 2 downstream tasks scheduled from follow-on schedule check
