[2023-09-05T15:27:58.697+0000] {taskinstance.py:1159} INFO - Dependencies all met for dep_context=non-requeueable deps ti=<TaskInstance: tasks_relations.or_that_way scheduled__2023-05-19T00:00:00+00:00 [queued]>
[2023-09-05T15:27:58.800+0000] {taskinstance.py:1159} INFO - Dependencies all met for dep_context=requeueable deps ti=<TaskInstance: tasks_relations.or_that_way scheduled__2023-05-19T00:00:00+00:00 [queued]>
[2023-09-05T15:27:58.823+0000] {taskinstance.py:1361} INFO - Starting attempt 1 of 1
[2023-09-05T15:27:58.962+0000] {taskinstance.py:1382} INFO - Executing <Task(_PythonDecoratedOperator): or_that_way> on 2023-05-19 00:00:00+00:00
[2023-09-05T15:27:58.986+0000] {standard_task_runner.py:57} INFO - Started process 1012 to run task
[2023-09-05T15:27:59.038+0000] {standard_task_runner.py:84} INFO - Running: ['***', 'tasks', 'run', 'tasks_relations', 'or_that_way', 'scheduled__2023-05-19T00:00:00+00:00', '--job-id', '444', '--raw', '--subdir', 'DAGS_FOLDER/tasks_relations.py', '--cfg-path', '/tmp/tmpvg3tz2x6']
[2023-09-05T15:27:59.057+0000] {standard_task_runner.py:85} INFO - Job 444: Subtask or_that_way
[2023-09-05T15:28:00.161+0000] {task_command.py:415} INFO - Running <TaskInstance: tasks_relations.or_that_way scheduled__2023-05-19T00:00:00+00:00 [running]> on host ca474790e981
[2023-09-05T15:28:00.861+0000] {taskinstance.py:1660} INFO - Exporting env vars: AIRFLOW_CTX_DAG_OWNER='***' AIRFLOW_CTX_DAG_ID='tasks_relations' AIRFLOW_CTX_TASK_ID='or_that_way' AIRFLOW_CTX_EXECUTION_DATE='2023-05-19T00:00:00+00:00' AIRFLOW_CTX_TRY_NUMBER='1' AIRFLOW_CTX_DAG_RUN_ID='scheduled__2023-05-19T00:00:00+00:00'
[2023-09-05T15:28:00.897+0000] {logging_mixin.py:151} INFO - NO NO, THAT WAY WAY!!!
[2023-09-05T15:28:00.920+0000] {python.py:194} INFO - Done. Returned value was: None
[2023-09-05T15:28:00.993+0000] {taskinstance.py:1400} INFO - Marking task as SUCCESS. dag_id=tasks_relations, task_id=or_that_way, execution_date=20230519T000000, start_date=20230905T152758, end_date=20230905T152800
[2023-09-05T15:28:01.384+0000] {local_task_job_runner.py:228} INFO - Task exited with return code 0
[2023-09-05T15:28:01.558+0000] {taskinstance.py:2784} INFO - 0 downstream tasks scheduled from follow-on schedule check
[2023-09-12T17:36:05.007+0000] {taskinstance.py:1159} INFO - Dependencies all met for dep_context=non-requeueable deps ti=<TaskInstance: tasks_relations.or_that_way scheduled__2023-05-19T00:00:00+00:00 [queued]>
[2023-09-12T17:36:05.028+0000] {taskinstance.py:1159} INFO - Dependencies all met for dep_context=requeueable deps ti=<TaskInstance: tasks_relations.or_that_way scheduled__2023-05-19T00:00:00+00:00 [queued]>
[2023-09-12T17:36:05.032+0000] {taskinstance.py:1361} INFO - Starting attempt 1 of 1
[2023-09-12T17:36:05.069+0000] {taskinstance.py:1382} INFO - Executing <Task(_PythonDecoratedOperator): or_that_way> on 2023-05-19 00:00:00+00:00
[2023-09-12T17:36:05.099+0000] {standard_task_runner.py:57} INFO - Started process 2380 to run task
[2023-09-12T17:36:05.105+0000] {standard_task_runner.py:84} INFO - Running: ['***', 'tasks', 'run', 'tasks_relations', 'or_that_way', 'scheduled__2023-05-19T00:00:00+00:00', '--job-id', '1117', '--raw', '--subdir', 'DAGS_FOLDER/2_tasks_relations.py', '--cfg-path', '/tmp/tmp4hwr8zp8']
[2023-09-12T17:36:05.117+0000] {standard_task_runner.py:85} INFO - Job 1117: Subtask or_that_way
[2023-09-12T17:36:05.254+0000] {task_command.py:415} INFO - Running <TaskInstance: tasks_relations.or_that_way scheduled__2023-05-19T00:00:00+00:00 [running]> on host 0ab7970e0956
[2023-09-12T17:36:05.517+0000] {taskinstance.py:1660} INFO - Exporting env vars: AIRFLOW_CTX_DAG_OWNER='***' AIRFLOW_CTX_DAG_ID='tasks_relations' AIRFLOW_CTX_TASK_ID='or_that_way' AIRFLOW_CTX_EXECUTION_DATE='2023-05-19T00:00:00+00:00' AIRFLOW_CTX_TRY_NUMBER='1' AIRFLOW_CTX_DAG_RUN_ID='scheduled__2023-05-19T00:00:00+00:00'
[2023-09-12T17:36:05.523+0000] {logging_mixin.py:151} INFO - NO NO, THAT WAY WAY!!!
[2023-09-12T17:36:05.525+0000] {python.py:194} INFO - Done. Returned value was: None
[2023-09-12T17:36:05.561+0000] {taskinstance.py:1400} INFO - Marking task as SUCCESS. dag_id=tasks_relations, task_id=or_that_way, execution_date=20230519T000000, start_date=20230912T173605, end_date=20230912T173605
[2023-09-12T17:36:05.676+0000] {local_task_job_runner.py:228} INFO - Task exited with return code 0
[2023-09-12T17:36:05.720+0000] {taskinstance.py:2784} INFO - 1 downstream tasks scheduled from follow-on schedule check
