[2023-09-05T15:25:51.446+0000] {taskinstance.py:1159} INFO - Dependencies all met for dep_context=non-requeueable deps ti=<TaskInstance: tasks_relations.say_bye scheduled__2023-03-25T00:00:00+00:00 [queued]>
[2023-09-05T15:25:51.473+0000] {taskinstance.py:1159} INFO - Dependencies all met for dep_context=requeueable deps ti=<TaskInstance: tasks_relations.say_bye scheduled__2023-03-25T00:00:00+00:00 [queued]>
[2023-09-05T15:25:51.483+0000] {taskinstance.py:1361} INFO - Starting attempt 1 of 1
[2023-09-05T15:25:51.556+0000] {taskinstance.py:1382} INFO - Executing <Task(_PythonDecoratedOperator): say_bye> on 2023-03-25 00:00:00+00:00
[2023-09-05T15:25:51.624+0000] {standard_task_runner.py:57} INFO - Started process 635 to run task
[2023-09-05T15:25:51.692+0000] {standard_task_runner.py:84} INFO - Running: ['***', 'tasks', 'run', 'tasks_relations', 'say_bye', 'scheduled__2023-03-25T00:00:00+00:00', '--job-id', '275', '--raw', '--subdir', 'DAGS_FOLDER/tasks_relations.py', '--cfg-path', '/tmp/tmp3mkg_ax2']
[2023-09-05T15:25:51.721+0000] {standard_task_runner.py:85} INFO - Job 275: Subtask say_bye
[2023-09-05T15:25:52.026+0000] {task_command.py:415} INFO - Running <TaskInstance: tasks_relations.say_bye scheduled__2023-03-25T00:00:00+00:00 [running]> on host ca474790e981
[2023-09-05T15:25:52.349+0000] {taskinstance.py:1660} INFO - Exporting env vars: AIRFLOW_CTX_DAG_OWNER='***' AIRFLOW_CTX_DAG_ID='tasks_relations' AIRFLOW_CTX_TASK_ID='say_bye' AIRFLOW_CTX_EXECUTION_DATE='2023-03-25T00:00:00+00:00' AIRFLOW_CTX_TRY_NUMBER='1' AIRFLOW_CTX_DAG_RUN_ID='scheduled__2023-03-25T00:00:00+00:00'
[2023-09-05T15:25:52.353+0000] {logging_mixin.py:151} INFO - goodbye ***
[2023-09-05T15:25:52.354+0000] {python.py:194} INFO - Done. Returned value was: None
[2023-09-05T15:25:52.421+0000] {taskinstance.py:1400} INFO - Marking task as SUCCESS. dag_id=tasks_relations, task_id=say_bye, execution_date=20230325T000000, start_date=20230905T152551, end_date=20230905T152552
[2023-09-05T15:25:52.607+0000] {local_task_job_runner.py:228} INFO - Task exited with return code 0
[2023-09-05T15:25:52.698+0000] {taskinstance.py:2784} INFO - 0 downstream tasks scheduled from follow-on schedule check
[2023-09-12T17:35:02.622+0000] {taskinstance.py:1159} INFO - Dependencies all met for dep_context=non-requeueable deps ti=<TaskInstance: tasks_relations.say_bye scheduled__2023-03-25T00:00:00+00:00 [queued]>
[2023-09-12T17:35:02.648+0000] {taskinstance.py:1159} INFO - Dependencies all met for dep_context=requeueable deps ti=<TaskInstance: tasks_relations.say_bye scheduled__2023-03-25T00:00:00+00:00 [queued]>
[2023-09-12T17:35:02.653+0000] {taskinstance.py:1361} INFO - Starting attempt 1 of 1
[2023-09-12T17:35:02.714+0000] {taskinstance.py:1382} INFO - Executing <Task(_PythonDecoratedOperator): say_bye> on 2023-03-25 00:00:00+00:00
[2023-09-12T17:35:02.726+0000] {standard_task_runner.py:57} INFO - Started process 1551 to run task
[2023-09-12T17:35:02.750+0000] {standard_task_runner.py:84} INFO - Running: ['***', 'tasks', 'run', 'tasks_relations', 'say_bye', 'scheduled__2023-03-25T00:00:00+00:00', '--job-id', '711', '--raw', '--subdir', 'DAGS_FOLDER/2_tasks_relations.py', '--cfg-path', '/tmp/tmpev3yvpat']
[2023-09-12T17:35:02.754+0000] {standard_task_runner.py:85} INFO - Job 711: Subtask say_bye
[2023-09-12T17:35:02.956+0000] {task_command.py:415} INFO - Running <TaskInstance: tasks_relations.say_bye scheduled__2023-03-25T00:00:00+00:00 [running]> on host 0ab7970e0956
[2023-09-12T17:35:03.223+0000] {taskinstance.py:1660} INFO - Exporting env vars: AIRFLOW_CTX_DAG_OWNER='***' AIRFLOW_CTX_DAG_ID='tasks_relations' AIRFLOW_CTX_TASK_ID='say_bye' AIRFLOW_CTX_EXECUTION_DATE='2023-03-25T00:00:00+00:00' AIRFLOW_CTX_TRY_NUMBER='1' AIRFLOW_CTX_DAG_RUN_ID='scheduled__2023-03-25T00:00:00+00:00'
[2023-09-12T17:35:03.226+0000] {logging_mixin.py:151} INFO - goodbye world
[2023-09-12T17:35:03.228+0000] {python.py:194} INFO - Done. Returned value was: None
[2023-09-12T17:35:03.251+0000] {taskinstance.py:1400} INFO - Marking task as SUCCESS. dag_id=tasks_relations, task_id=say_bye, execution_date=20230325T000000, start_date=20230912T173502, end_date=20230912T173503
[2023-09-12T17:35:03.329+0000] {local_task_job_runner.py:228} INFO - Task exited with return code 0
[2023-09-12T17:35:03.371+0000] {taskinstance.py:2784} INFO - 0 downstream tasks scheduled from follow-on schedule check
