[2023-09-05T15:25:25.947+0000] {taskinstance.py:1159} INFO - Dependencies all met for dep_context=non-requeueable deps ti=<TaskInstance: tasks_relations.say_hello scheduled__2023-03-11T00:00:00+00:00 [queued]>
[2023-09-05T15:25:26.082+0000] {taskinstance.py:1159} INFO - Dependencies all met for dep_context=requeueable deps ti=<TaskInstance: tasks_relations.say_hello scheduled__2023-03-11T00:00:00+00:00 [queued]>
[2023-09-05T15:25:26.087+0000] {taskinstance.py:1361} INFO - Starting attempt 1 of 1
[2023-09-05T15:25:26.340+0000] {taskinstance.py:1382} INFO - Executing <Task(_PythonDecoratedOperator): say_hello> on 2023-03-11 00:00:00+00:00
[2023-09-05T15:25:26.353+0000] {standard_task_runner.py:57} INFO - Started process 512 to run task
[2023-09-05T15:25:26.371+0000] {standard_task_runner.py:84} INFO - Running: ['***', 'tasks', 'run', 'tasks_relations', 'say_hello', 'scheduled__2023-03-11T00:00:00+00:00', '--job-id', '215', '--raw', '--subdir', 'DAGS_FOLDER/tasks_relations.py', '--cfg-path', '/tmp/tmpzrk38nvn']
[2023-09-05T15:25:26.383+0000] {standard_task_runner.py:85} INFO - Job 215: Subtask say_hello
[2023-09-05T15:25:26.743+0000] {task_command.py:415} INFO - Running <TaskInstance: tasks_relations.say_hello scheduled__2023-03-11T00:00:00+00:00 [running]> on host ca474790e981
[2023-09-05T15:25:27.383+0000] {taskinstance.py:1660} INFO - Exporting env vars: AIRFLOW_CTX_DAG_OWNER='***' AIRFLOW_CTX_DAG_ID='tasks_relations' AIRFLOW_CTX_TASK_ID='say_hello' AIRFLOW_CTX_EXECUTION_DATE='2023-03-11T00:00:00+00:00' AIRFLOW_CTX_TRY_NUMBER='1' AIRFLOW_CTX_DAG_RUN_ID='scheduled__2023-03-11T00:00:00+00:00'
[2023-09-05T15:25:27.402+0000] {logging_mixin.py:151} INFO - hello ***
[2023-09-05T15:25:27.412+0000] {python.py:194} INFO - Done. Returned value was: None
[2023-09-05T15:25:27.498+0000] {taskinstance.py:1400} INFO - Marking task as SUCCESS. dag_id=tasks_relations, task_id=say_hello, execution_date=20230311T000000, start_date=20230905T152525, end_date=20230905T152527
[2023-09-05T15:25:27.690+0000] {local_task_job_runner.py:228} INFO - Task exited with return code 0
[2023-09-05T15:25:27.743+0000] {taskinstance.py:2784} INFO - 1 downstream tasks scheduled from follow-on schedule check
[2023-09-12T17:34:44.402+0000] {taskinstance.py:1159} INFO - Dependencies all met for dep_context=non-requeueable deps ti=<TaskInstance: tasks_relations.say_hello scheduled__2023-03-11T00:00:00+00:00 [queued]>
[2023-09-12T17:34:44.484+0000] {taskinstance.py:1159} INFO - Dependencies all met for dep_context=requeueable deps ti=<TaskInstance: tasks_relations.say_hello scheduled__2023-03-11T00:00:00+00:00 [queued]>
[2023-09-12T17:34:44.486+0000] {taskinstance.py:1361} INFO - Starting attempt 1 of 1
[2023-09-12T17:34:44.539+0000] {taskinstance.py:1382} INFO - Executing <Task(_PythonDecoratedOperator): say_hello> on 2023-03-11 00:00:00+00:00
[2023-09-12T17:34:44.553+0000] {standard_task_runner.py:57} INFO - Started process 1289 to run task
[2023-09-12T17:34:44.602+0000] {standard_task_runner.py:84} INFO - Running: ['***', 'tasks', 'run', 'tasks_relations', 'say_hello', 'scheduled__2023-03-11T00:00:00+00:00', '--job-id', '582', '--raw', '--subdir', 'DAGS_FOLDER/2_tasks_relations.py', '--cfg-path', '/tmp/tmpfoxuh6pe']
[2023-09-12T17:34:44.620+0000] {standard_task_runner.py:85} INFO - Job 582: Subtask say_hello
[2023-09-12T17:34:44.727+0000] {task_command.py:415} INFO - Running <TaskInstance: tasks_relations.say_hello scheduled__2023-03-11T00:00:00+00:00 [running]> on host 0ab7970e0956
[2023-09-12T17:34:44.922+0000] {taskinstance.py:1660} INFO - Exporting env vars: AIRFLOW_CTX_DAG_OWNER='***' AIRFLOW_CTX_DAG_ID='tasks_relations' AIRFLOW_CTX_TASK_ID='say_hello' AIRFLOW_CTX_EXECUTION_DATE='2023-03-11T00:00:00+00:00' AIRFLOW_CTX_TRY_NUMBER='1' AIRFLOW_CTX_DAG_RUN_ID='scheduled__2023-03-11T00:00:00+00:00'
[2023-09-12T17:34:44.928+0000] {logging_mixin.py:151} INFO - hello world
[2023-09-12T17:34:44.930+0000] {python.py:194} INFO - Done. Returned value was: None
[2023-09-12T17:34:44.948+0000] {taskinstance.py:1400} INFO - Marking task as SUCCESS. dag_id=tasks_relations, task_id=say_hello, execution_date=20230311T000000, start_date=20230912T173444, end_date=20230912T173444
[2023-09-12T17:34:45.026+0000] {local_task_job_runner.py:228} INFO - Task exited with return code 0
[2023-09-12T17:34:45.078+0000] {taskinstance.py:2784} INFO - 1 downstream tasks scheduled from follow-on schedule check
