[2023-09-05T15:24:28.581+0000] {taskinstance.py:1159} INFO - Dependencies all met for dep_context=non-requeueable deps ti=<TaskInstance: tasks_relations.say_bye scheduled__2023-01-15T00:00:00+00:00 [queued]>
[2023-09-05T15:24:28.587+0000] {taskinstance.py:1159} INFO - Dependencies all met for dep_context=requeueable deps ti=<TaskInstance: tasks_relations.say_bye scheduled__2023-01-15T00:00:00+00:00 [queued]>
[2023-09-05T15:24:28.588+0000] {taskinstance.py:1361} INFO - Starting attempt 1 of 1
[2023-09-05T15:24:28.594+0000] {taskinstance.py:1382} INFO - Executing <Task(_PythonDecoratedOperator): say_bye> on 2023-01-15 00:00:00+00:00
[2023-09-05T15:24:28.599+0000] {standard_task_runner.py:57} INFO - Started process 171 to run task
[2023-09-05T15:24:28.602+0000] {standard_task_runner.py:84} INFO - Running: ['***', 'tasks', 'run', 'tasks_relations', 'say_bye', 'scheduled__2023-01-15T00:00:00+00:00', '--job-id', '53', '--raw', '--subdir', 'DAGS_FOLDER/tasks_relations.py', '--cfg-path', '/tmp/tmp97qbl31v']
[2023-09-05T15:24:28.604+0000] {standard_task_runner.py:85} INFO - Job 53: Subtask say_bye
[2023-09-05T15:24:28.647+0000] {task_command.py:415} INFO - Running <TaskInstance: tasks_relations.say_bye scheduled__2023-01-15T00:00:00+00:00 [running]> on host ca474790e981
[2023-09-05T15:24:28.704+0000] {taskinstance.py:1660} INFO - Exporting env vars: AIRFLOW_CTX_DAG_OWNER='***' AIRFLOW_CTX_DAG_ID='tasks_relations' AIRFLOW_CTX_TASK_ID='say_bye' AIRFLOW_CTX_EXECUTION_DATE='2023-01-15T00:00:00+00:00' AIRFLOW_CTX_TRY_NUMBER='1' AIRFLOW_CTX_DAG_RUN_ID='scheduled__2023-01-15T00:00:00+00:00'
[2023-09-05T15:24:28.705+0000] {logging_mixin.py:151} INFO - goodbye ***
[2023-09-05T15:24:28.706+0000] {python.py:194} INFO - Done. Returned value was: None
[2023-09-05T15:24:28.715+0000] {taskinstance.py:1400} INFO - Marking task as SUCCESS. dag_id=tasks_relations, task_id=say_bye, execution_date=20230115T000000, start_date=20230905T152428, end_date=20230905T152428
[2023-09-05T15:24:28.736+0000] {local_task_job_runner.py:228} INFO - Task exited with return code 0
[2023-09-05T15:24:28.749+0000] {taskinstance.py:2784} INFO - 0 downstream tasks scheduled from follow-on schedule check
[2023-09-12T17:33:19.586+0000] {taskinstance.py:1159} INFO - Dependencies all met for dep_context=non-requeueable deps ti=<TaskInstance: tasks_relations.say_bye scheduled__2023-01-15T00:00:00+00:00 [queued]>
[2023-09-12T17:33:19.709+0000] {taskinstance.py:1159} INFO - Dependencies all met for dep_context=requeueable deps ti=<TaskInstance: tasks_relations.say_bye scheduled__2023-01-15T00:00:00+00:00 [queued]>
[2023-09-12T17:33:19.709+0000] {taskinstance.py:1361} INFO - Starting attempt 1 of 1
[2023-09-12T17:33:19.816+0000] {taskinstance.py:1382} INFO - Executing <Task(_PythonDecoratedOperator): say_bye> on 2023-01-15 00:00:00+00:00
[2023-09-12T17:33:19.844+0000] {standard_task_runner.py:57} INFO - Started process 481 to run task
[2023-09-12T17:33:19.853+0000] {standard_task_runner.py:84} INFO - Running: ['***', 'tasks', 'run', 'tasks_relations', 'say_bye', 'scheduled__2023-01-15T00:00:00+00:00', '--job-id', '186', '--raw', '--subdir', 'DAGS_FOLDER/2_tasks_relations.py', '--cfg-path', '/tmp/tmpm7wanl1l']
[2023-09-12T17:33:19.873+0000] {standard_task_runner.py:85} INFO - Job 186: Subtask say_bye
[2023-09-12T17:33:20.253+0000] {task_command.py:415} INFO - Running <TaskInstance: tasks_relations.say_bye scheduled__2023-01-15T00:00:00+00:00 [running]> on host 0ab7970e0956
[2023-09-12T17:33:20.852+0000] {taskinstance.py:1660} INFO - Exporting env vars: AIRFLOW_CTX_DAG_OWNER='***' AIRFLOW_CTX_DAG_ID='tasks_relations' AIRFLOW_CTX_TASK_ID='say_bye' AIRFLOW_CTX_EXECUTION_DATE='2023-01-15T00:00:00+00:00' AIRFLOW_CTX_TRY_NUMBER='1' AIRFLOW_CTX_DAG_RUN_ID='scheduled__2023-01-15T00:00:00+00:00'
[2023-09-12T17:33:20.884+0000] {logging_mixin.py:151} INFO - goodbye world
[2023-09-12T17:33:20.890+0000] {python.py:194} INFO - Done. Returned value was: None
[2023-09-12T17:33:20.988+0000] {taskinstance.py:1400} INFO - Marking task as SUCCESS. dag_id=tasks_relations, task_id=say_bye, execution_date=20230115T000000, start_date=20230912T173319, end_date=20230912T173320
[2023-09-12T17:33:21.073+0000] {local_task_job_runner.py:228} INFO - Task exited with return code 0
[2023-09-12T17:33:21.127+0000] {taskinstance.py:2784} INFO - 2 downstream tasks scheduled from follow-on schedule check
