[2023-09-05T15:25:42.799+0000] {taskinstance.py:1159} INFO - Dependencies all met for dep_context=non-requeueable deps ti=<TaskInstance: tasks_relations.say_hello scheduled__2023-03-22T00:00:00+00:00 [queued]>
[2023-09-05T15:25:42.829+0000] {taskinstance.py:1159} INFO - Dependencies all met for dep_context=requeueable deps ti=<TaskInstance: tasks_relations.say_hello scheduled__2023-03-22T00:00:00+00:00 [queued]>
[2023-09-05T15:25:42.831+0000] {taskinstance.py:1361} INFO - Starting attempt 1 of 1
[2023-09-05T15:25:42.875+0000] {taskinstance.py:1382} INFO - Executing <Task(_PythonDecoratedOperator): say_hello> on 2023-03-22 00:00:00+00:00
[2023-09-05T15:25:42.881+0000] {standard_task_runner.py:57} INFO - Started process 588 to run task
[2023-09-05T15:25:42.951+0000] {standard_task_runner.py:84} INFO - Running: ['***', 'tasks', 'run', 'tasks_relations', 'say_hello', 'scheduled__2023-03-22T00:00:00+00:00', '--job-id', '250', '--raw', '--subdir', 'DAGS_FOLDER/tasks_relations.py', '--cfg-path', '/tmp/tmplku5ozzd']
[2023-09-05T15:25:42.993+0000] {standard_task_runner.py:85} INFO - Job 250: Subtask say_hello
[2023-09-05T15:25:43.467+0000] {task_command.py:415} INFO - Running <TaskInstance: tasks_relations.say_hello scheduled__2023-03-22T00:00:00+00:00 [running]> on host ca474790e981
[2023-09-05T15:25:43.837+0000] {taskinstance.py:1660} INFO - Exporting env vars: AIRFLOW_CTX_DAG_OWNER='***' AIRFLOW_CTX_DAG_ID='tasks_relations' AIRFLOW_CTX_TASK_ID='say_hello' AIRFLOW_CTX_EXECUTION_DATE='2023-03-22T00:00:00+00:00' AIRFLOW_CTX_TRY_NUMBER='1' AIRFLOW_CTX_DAG_RUN_ID='scheduled__2023-03-22T00:00:00+00:00'
[2023-09-05T15:25:43.851+0000] {logging_mixin.py:151} INFO - hello ***
[2023-09-05T15:25:43.854+0000] {python.py:194} INFO - Done. Returned value was: None
[2023-09-05T15:25:43.948+0000] {taskinstance.py:1400} INFO - Marking task as SUCCESS. dag_id=tasks_relations, task_id=say_hello, execution_date=20230322T000000, start_date=20230905T152542, end_date=20230905T152543
[2023-09-05T15:25:44.172+0000] {local_task_job_runner.py:228} INFO - Task exited with return code 0
[2023-09-05T15:25:44.397+0000] {taskinstance.py:2784} INFO - 0 downstream tasks scheduled from follow-on schedule check
[2023-09-12T17:34:54.783+0000] {taskinstance.py:1159} INFO - Dependencies all met for dep_context=non-requeueable deps ti=<TaskInstance: tasks_relations.say_hello scheduled__2023-03-22T00:00:00+00:00 [queued]>
[2023-09-12T17:34:54.822+0000] {taskinstance.py:1159} INFO - Dependencies all met for dep_context=requeueable deps ti=<TaskInstance: tasks_relations.say_hello scheduled__2023-03-22T00:00:00+00:00 [queued]>
[2023-09-12T17:34:54.827+0000] {taskinstance.py:1361} INFO - Starting attempt 1 of 1
[2023-09-12T17:34:54.861+0000] {taskinstance.py:1382} INFO - Executing <Task(_PythonDecoratedOperator): say_hello> on 2023-03-22 00:00:00+00:00
[2023-09-12T17:34:54.883+0000] {standard_task_runner.py:57} INFO - Started process 1455 to run task
[2023-09-12T17:34:54.901+0000] {standard_task_runner.py:84} INFO - Running: ['***', 'tasks', 'run', 'tasks_relations', 'say_hello', 'scheduled__2023-03-22T00:00:00+00:00', '--job-id', '662', '--raw', '--subdir', 'DAGS_FOLDER/2_tasks_relations.py', '--cfg-path', '/tmp/tmpjil9eio9']
[2023-09-12T17:34:54.922+0000] {standard_task_runner.py:85} INFO - Job 662: Subtask say_hello
[2023-09-12T17:34:55.060+0000] {task_command.py:415} INFO - Running <TaskInstance: tasks_relations.say_hello scheduled__2023-03-22T00:00:00+00:00 [running]> on host 0ab7970e0956
[2023-09-12T17:34:55.296+0000] {taskinstance.py:1660} INFO - Exporting env vars: AIRFLOW_CTX_DAG_OWNER='***' AIRFLOW_CTX_DAG_ID='tasks_relations' AIRFLOW_CTX_TASK_ID='say_hello' AIRFLOW_CTX_EXECUTION_DATE='2023-03-22T00:00:00+00:00' AIRFLOW_CTX_TRY_NUMBER='1' AIRFLOW_CTX_DAG_RUN_ID='scheduled__2023-03-22T00:00:00+00:00'
[2023-09-12T17:34:55.305+0000] {logging_mixin.py:151} INFO - hello world
[2023-09-12T17:34:55.307+0000] {python.py:194} INFO - Done. Returned value was: None
[2023-09-12T17:34:55.330+0000] {taskinstance.py:1400} INFO - Marking task as SUCCESS. dag_id=tasks_relations, task_id=say_hello, execution_date=20230322T000000, start_date=20230912T173454, end_date=20230912T173455
[2023-09-12T17:34:55.367+0000] {local_task_job_runner.py:228} INFO - Task exited with return code 0
[2023-09-12T17:34:55.396+0000] {taskinstance.py:2784} INFO - 1 downstream tasks scheduled from follow-on schedule check
