[2023-09-05T15:24:42.293+0000] {taskinstance.py:1159} INFO - Dependencies all met for dep_context=non-requeueable deps ti=<TaskInstance: tasks_relations.say_hello scheduled__2023-01-28T00:00:00+00:00 [queued]>
[2023-09-05T15:24:42.332+0000] {taskinstance.py:1159} INFO - Dependencies all met for dep_context=requeueable deps ti=<TaskInstance: tasks_relations.say_hello scheduled__2023-01-28T00:00:00+00:00 [queued]>
[2023-09-05T15:24:42.334+0000] {taskinstance.py:1361} INFO - Starting attempt 1 of 1
[2023-09-05T15:24:42.363+0000] {taskinstance.py:1382} INFO - Executing <Task(_PythonDecoratedOperator): say_hello> on 2023-01-28 00:00:00+00:00
[2023-09-05T15:24:42.410+0000] {standard_task_runner.py:57} INFO - Started process 251 to run task
[2023-09-05T15:24:42.433+0000] {standard_task_runner.py:84} INFO - Running: ['***', 'tasks', 'run', 'tasks_relations', 'say_hello', 'scheduled__2023-01-28T00:00:00+00:00', '--job-id', '91', '--raw', '--subdir', 'DAGS_FOLDER/tasks_relations.py', '--cfg-path', '/tmp/tmpnjry_45i']
[2023-09-05T15:24:42.439+0000] {standard_task_runner.py:85} INFO - Job 91: Subtask say_hello
[2023-09-05T15:24:42.636+0000] {task_command.py:415} INFO - Running <TaskInstance: tasks_relations.say_hello scheduled__2023-01-28T00:00:00+00:00 [running]> on host ca474790e981
[2023-09-05T15:24:42.949+0000] {taskinstance.py:1660} INFO - Exporting env vars: AIRFLOW_CTX_DAG_OWNER='***' AIRFLOW_CTX_DAG_ID='tasks_relations' AIRFLOW_CTX_TASK_ID='say_hello' AIRFLOW_CTX_EXECUTION_DATE='2023-01-28T00:00:00+00:00' AIRFLOW_CTX_TRY_NUMBER='1' AIRFLOW_CTX_DAG_RUN_ID='scheduled__2023-01-28T00:00:00+00:00'
[2023-09-05T15:24:42.951+0000] {logging_mixin.py:151} INFO - hello ***
[2023-09-05T15:24:42.955+0000] {python.py:194} INFO - Done. Returned value was: None
[2023-09-05T15:24:42.966+0000] {taskinstance.py:1400} INFO - Marking task as SUCCESS. dag_id=tasks_relations, task_id=say_hello, execution_date=20230128T000000, start_date=20230905T152442, end_date=20230905T152442
[2023-09-05T15:24:43.029+0000] {local_task_job_runner.py:228} INFO - Task exited with return code 0
[2023-09-05T15:24:43.086+0000] {taskinstance.py:2784} INFO - 0 downstream tasks scheduled from follow-on schedule check
[2023-09-12T17:33:30.547+0000] {taskinstance.py:1159} INFO - Dependencies all met for dep_context=non-requeueable deps ti=<TaskInstance: tasks_relations.say_hello scheduled__2023-01-28T00:00:00+00:00 [queued]>
[2023-09-12T17:33:30.859+0000] {taskinstance.py:1159} INFO - Dependencies all met for dep_context=requeueable deps ti=<TaskInstance: tasks_relations.say_hello scheduled__2023-01-28T00:00:00+00:00 [queued]>
[2023-09-12T17:33:30.866+0000] {taskinstance.py:1361} INFO - Starting attempt 1 of 1
[2023-09-12T17:33:31.037+0000] {taskinstance.py:1382} INFO - Executing <Task(_PythonDecoratedOperator): say_hello> on 2023-01-28 00:00:00+00:00
[2023-09-12T17:33:31.060+0000] {standard_task_runner.py:57} INFO - Started process 539 to run task
[2023-09-12T17:33:31.169+0000] {standard_task_runner.py:84} INFO - Running: ['***', 'tasks', 'run', 'tasks_relations', 'say_hello', 'scheduled__2023-01-28T00:00:00+00:00', '--job-id', '211', '--raw', '--subdir', 'DAGS_FOLDER/2_tasks_relations.py', '--cfg-path', '/tmp/tmp6yiqmkqi']
[2023-09-12T17:33:31.229+0000] {standard_task_runner.py:85} INFO - Job 211: Subtask say_hello
[2023-09-12T17:33:31.503+0000] {task_command.py:415} INFO - Running <TaskInstance: tasks_relations.say_hello scheduled__2023-01-28T00:00:00+00:00 [running]> on host 0ab7970e0956
[2023-09-12T17:33:32.300+0000] {taskinstance.py:1660} INFO - Exporting env vars: AIRFLOW_CTX_DAG_OWNER='***' AIRFLOW_CTX_DAG_ID='tasks_relations' AIRFLOW_CTX_TASK_ID='say_hello' AIRFLOW_CTX_EXECUTION_DATE='2023-01-28T00:00:00+00:00' AIRFLOW_CTX_TRY_NUMBER='1' AIRFLOW_CTX_DAG_RUN_ID='scheduled__2023-01-28T00:00:00+00:00'
[2023-09-12T17:33:32.307+0000] {logging_mixin.py:151} INFO - hello world
[2023-09-12T17:33:32.317+0000] {python.py:194} INFO - Done. Returned value was: None
[2023-09-12T17:33:32.369+0000] {taskinstance.py:1400} INFO - Marking task as SUCCESS. dag_id=tasks_relations, task_id=say_hello, execution_date=20230128T000000, start_date=20230912T173330, end_date=20230912T173332
[2023-09-12T17:33:32.503+0000] {local_task_job_runner.py:228} INFO - Task exited with return code 0
[2023-09-12T17:33:32.682+0000] {taskinstance.py:2784} INFO - 1 downstream tasks scheduled from follow-on schedule check
