[2023-09-05T15:24:15.818+0000] {taskinstance.py:1159} INFO - Dependencies all met for dep_context=non-requeueable deps ti=<TaskInstance: tasks_relations.say_hello scheduled__2023-01-02T00:00:00+00:00 [queued]>
[2023-09-05T15:24:15.832+0000] {taskinstance.py:1159} INFO - Dependencies all met for dep_context=requeueable deps ti=<TaskInstance: tasks_relations.say_hello scheduled__2023-01-02T00:00:00+00:00 [queued]>
[2023-09-05T15:24:15.836+0000] {taskinstance.py:1361} INFO - Starting attempt 1 of 1
[2023-09-05T15:24:15.894+0000] {taskinstance.py:1382} INFO - Executing <Task(_PythonDecoratedOperator): say_hello> on 2023-01-02 00:00:00+00:00
[2023-09-05T15:24:15.966+0000] {standard_task_runner.py:57} INFO - Started process 105 to run task
[2023-09-05T15:24:16.048+0000] {standard_task_runner.py:84} INFO - Running: ['***', 'tasks', 'run', 'tasks_relations', 'say_hello', 'scheduled__2023-01-02T00:00:00+00:00', '--job-id', '17', '--raw', '--subdir', 'DAGS_FOLDER/tasks_relations.py', '--cfg-path', '/tmp/tmpicdf_wgd']
[2023-09-05T15:24:16.059+0000] {standard_task_runner.py:85} INFO - Job 17: Subtask say_hello
[2023-09-05T15:24:16.444+0000] {task_command.py:415} INFO - Running <TaskInstance: tasks_relations.say_hello scheduled__2023-01-02T00:00:00+00:00 [running]> on host ca474790e981
[2023-09-05T15:24:17.051+0000] {taskinstance.py:1660} INFO - Exporting env vars: AIRFLOW_CTX_DAG_OWNER='***' AIRFLOW_CTX_DAG_ID='tasks_relations' AIRFLOW_CTX_TASK_ID='say_hello' AIRFLOW_CTX_EXECUTION_DATE='2023-01-02T00:00:00+00:00' AIRFLOW_CTX_TRY_NUMBER='1' AIRFLOW_CTX_DAG_RUN_ID='scheduled__2023-01-02T00:00:00+00:00'
[2023-09-05T15:24:17.096+0000] {logging_mixin.py:151} INFO - hello ***
[2023-09-05T15:24:17.102+0000] {python.py:194} INFO - Done. Returned value was: None
[2023-09-05T15:24:17.234+0000] {taskinstance.py:1400} INFO - Marking task as SUCCESS. dag_id=tasks_relations, task_id=say_hello, execution_date=20230102T000000, start_date=20230905T152415, end_date=20230905T152417
[2023-09-05T15:24:17.666+0000] {local_task_job_runner.py:228} INFO - Task exited with return code 0
[2023-09-05T15:24:18.236+0000] {taskinstance.py:2784} INFO - 1 downstream tasks scheduled from follow-on schedule check
[2023-09-12T17:32:52.589+0000] {taskinstance.py:1159} INFO - Dependencies all met for dep_context=non-requeueable deps ti=<TaskInstance: tasks_relations.say_hello scheduled__2023-01-02T00:00:00+00:00 [queued]>
[2023-09-12T17:32:52.630+0000] {taskinstance.py:1159} INFO - Dependencies all met for dep_context=requeueable deps ti=<TaskInstance: tasks_relations.say_hello scheduled__2023-01-02T00:00:00+00:00 [queued]>
[2023-09-12T17:32:52.633+0000] {taskinstance.py:1361} INFO - Starting attempt 1 of 1
[2023-09-12T17:32:52.686+0000] {taskinstance.py:1382} INFO - Executing <Task(_PythonDecoratedOperator): say_hello> on 2023-01-02 00:00:00+00:00
[2023-09-12T17:32:52.708+0000] {standard_task_runner.py:57} INFO - Started process 229 to run task
[2023-09-12T17:32:52.774+0000] {standard_task_runner.py:84} INFO - Running: ['***', 'tasks', 'run', 'tasks_relations', 'say_hello', 'scheduled__2023-01-02T00:00:00+00:00', '--job-id', '60', '--raw', '--subdir', 'DAGS_FOLDER/2_tasks_relations.py', '--cfg-path', '/tmp/tmpliyj_yio']
[2023-09-12T17:32:52.793+0000] {standard_task_runner.py:85} INFO - Job 60: Subtask say_hello
[2023-09-12T17:32:53.059+0000] {task_command.py:415} INFO - Running <TaskInstance: tasks_relations.say_hello scheduled__2023-01-02T00:00:00+00:00 [running]> on host 0ab7970e0956
[2023-09-12T17:32:53.557+0000] {taskinstance.py:1660} INFO - Exporting env vars: AIRFLOW_CTX_DAG_OWNER='***' AIRFLOW_CTX_DAG_ID='tasks_relations' AIRFLOW_CTX_TASK_ID='say_hello' AIRFLOW_CTX_EXECUTION_DATE='2023-01-02T00:00:00+00:00' AIRFLOW_CTX_TRY_NUMBER='1' AIRFLOW_CTX_DAG_RUN_ID='scheduled__2023-01-02T00:00:00+00:00'
[2023-09-12T17:32:53.560+0000] {logging_mixin.py:151} INFO - hello world
[2023-09-12T17:32:53.561+0000] {python.py:194} INFO - Done. Returned value was: None
[2023-09-12T17:32:53.585+0000] {taskinstance.py:1400} INFO - Marking task as SUCCESS. dag_id=tasks_relations, task_id=say_hello, execution_date=20230102T000000, start_date=20230912T173252, end_date=20230912T173253
[2023-09-12T17:32:53.648+0000] {local_task_job_runner.py:228} INFO - Task exited with return code 0
[2023-09-12T17:32:53.725+0000] {taskinstance.py:2784} INFO - 1 downstream tasks scheduled from follow-on schedule check
