[2023-09-05T15:24:33.204+0000] {taskinstance.py:1159} INFO - Dependencies all met for dep_context=non-requeueable deps ti=<TaskInstance: tasks_relations.say_hello scheduled__2023-01-17T00:00:00+00:00 [queued]>
[2023-09-05T15:24:33.227+0000] {taskinstance.py:1159} INFO - Dependencies all met for dep_context=requeueable deps ti=<TaskInstance: tasks_relations.say_hello scheduled__2023-01-17T00:00:00+00:00 [queued]>
[2023-09-05T15:24:33.230+0000] {taskinstance.py:1361} INFO - Starting attempt 1 of 1
[2023-09-05T15:24:33.257+0000] {taskinstance.py:1382} INFO - Executing <Task(_PythonDecoratedOperator): say_hello> on 2023-01-17 00:00:00+00:00
[2023-09-05T15:24:33.270+0000] {standard_task_runner.py:57} INFO - Started process 195 to run task
[2023-09-05T15:24:33.312+0000] {standard_task_runner.py:84} INFO - Running: ['***', 'tasks', 'run', 'tasks_relations', 'say_hello', 'scheduled__2023-01-17T00:00:00+00:00', '--job-id', '63', '--raw', '--subdir', 'DAGS_FOLDER/tasks_relations.py', '--cfg-path', '/tmp/tmprem3v1a0']
[2023-09-05T15:24:33.331+0000] {standard_task_runner.py:85} INFO - Job 63: Subtask say_hello
[2023-09-05T15:24:33.663+0000] {task_command.py:415} INFO - Running <TaskInstance: tasks_relations.say_hello scheduled__2023-01-17T00:00:00+00:00 [running]> on host ca474790e981
[2023-09-05T15:24:33.966+0000] {taskinstance.py:1660} INFO - Exporting env vars: AIRFLOW_CTX_DAG_OWNER='***' AIRFLOW_CTX_DAG_ID='tasks_relations' AIRFLOW_CTX_TASK_ID='say_hello' AIRFLOW_CTX_EXECUTION_DATE='2023-01-17T00:00:00+00:00' AIRFLOW_CTX_TRY_NUMBER='1' AIRFLOW_CTX_DAG_RUN_ID='scheduled__2023-01-17T00:00:00+00:00'
[2023-09-05T15:24:33.969+0000] {logging_mixin.py:151} INFO - hello ***
[2023-09-05T15:24:33.973+0000] {python.py:194} INFO - Done. Returned value was: None
[2023-09-05T15:24:34.125+0000] {taskinstance.py:1400} INFO - Marking task as SUCCESS. dag_id=tasks_relations, task_id=say_hello, execution_date=20230117T000000, start_date=20230905T152433, end_date=20230905T152434
[2023-09-05T15:24:34.384+0000] {local_task_job_runner.py:228} INFO - Task exited with return code 0
[2023-09-05T15:24:34.511+0000] {taskinstance.py:2784} INFO - 1 downstream tasks scheduled from follow-on schedule check
[2023-09-12T17:33:16.814+0000] {taskinstance.py:1159} INFO - Dependencies all met for dep_context=non-requeueable deps ti=<TaskInstance: tasks_relations.say_hello scheduled__2023-01-17T00:00:00+00:00 [queued]>
[2023-09-12T17:33:16.835+0000] {taskinstance.py:1159} INFO - Dependencies all met for dep_context=requeueable deps ti=<TaskInstance: tasks_relations.say_hello scheduled__2023-01-17T00:00:00+00:00 [queued]>
[2023-09-12T17:33:16.838+0000] {taskinstance.py:1361} INFO - Starting attempt 1 of 1
[2023-09-12T17:33:16.882+0000] {taskinstance.py:1382} INFO - Executing <Task(_PythonDecoratedOperator): say_hello> on 2023-01-17 00:00:00+00:00
[2023-09-12T17:33:16.918+0000] {standard_task_runner.py:57} INFO - Started process 460 to run task
[2023-09-12T17:33:16.955+0000] {standard_task_runner.py:84} INFO - Running: ['***', 'tasks', 'run', 'tasks_relations', 'say_hello', 'scheduled__2023-01-17T00:00:00+00:00', '--job-id', '177', '--raw', '--subdir', 'DAGS_FOLDER/2_tasks_relations.py', '--cfg-path', '/tmp/tmpimt0ak2b']
[2023-09-12T17:33:16.983+0000] {standard_task_runner.py:85} INFO - Job 177: Subtask say_hello
[2023-09-12T17:33:17.318+0000] {task_command.py:415} INFO - Running <TaskInstance: tasks_relations.say_hello scheduled__2023-01-17T00:00:00+00:00 [running]> on host 0ab7970e0956
[2023-09-12T17:33:17.924+0000] {taskinstance.py:1660} INFO - Exporting env vars: AIRFLOW_CTX_DAG_OWNER='***' AIRFLOW_CTX_DAG_ID='tasks_relations' AIRFLOW_CTX_TASK_ID='say_hello' AIRFLOW_CTX_EXECUTION_DATE='2023-01-17T00:00:00+00:00' AIRFLOW_CTX_TRY_NUMBER='1' AIRFLOW_CTX_DAG_RUN_ID='scheduled__2023-01-17T00:00:00+00:00'
[2023-09-12T17:33:17.937+0000] {logging_mixin.py:151} INFO - hello world
[2023-09-12T17:33:17.947+0000] {python.py:194} INFO - Done. Returned value was: None
[2023-09-12T17:33:18.002+0000] {taskinstance.py:1400} INFO - Marking task as SUCCESS. dag_id=tasks_relations, task_id=say_hello, execution_date=20230117T000000, start_date=20230912T173316, end_date=20230912T173318
[2023-09-12T17:33:18.216+0000] {local_task_job_runner.py:228} INFO - Task exited with return code 0
[2023-09-12T17:33:18.270+0000] {taskinstance.py:2784} INFO - 1 downstream tasks scheduled from follow-on schedule check
