[2023-09-05T15:29:39.783+0000] {taskinstance.py:1159} INFO - Dependencies all met for dep_context=non-requeueable deps ti=<TaskInstance: tasks_relations.or_that_way scheduled__2023-06-23T00:00:00+00:00 [queued]>
[2023-09-05T15:29:39.875+0000] {taskinstance.py:1159} INFO - Dependencies all met for dep_context=requeueable deps ti=<TaskInstance: tasks_relations.or_that_way scheduled__2023-06-23T00:00:00+00:00 [queued]>
[2023-09-05T15:29:39.878+0000] {taskinstance.py:1361} INFO - Starting attempt 1 of 1
[2023-09-05T15:29:40.035+0000] {taskinstance.py:1382} INFO - Executing <Task(_PythonDecoratedOperator): or_that_way> on 2023-06-23 00:00:00+00:00
[2023-09-05T15:29:40.083+0000] {standard_task_runner.py:57} INFO - Started process 1385 to run task
[2023-09-05T15:29:40.204+0000] {standard_task_runner.py:84} INFO - Running: ['***', 'tasks', 'run', 'tasks_relations', 'or_that_way', 'scheduled__2023-06-23T00:00:00+00:00', '--job-id', '619', '--raw', '--subdir', 'DAGS_FOLDER/tasks_relations.py', '--cfg-path', '/tmp/tmp4vduflm1']
[2023-09-05T15:29:40.269+0000] {standard_task_runner.py:85} INFO - Job 619: Subtask or_that_way
[2023-09-05T15:29:41.012+0000] {task_command.py:415} INFO - Running <TaskInstance: tasks_relations.or_that_way scheduled__2023-06-23T00:00:00+00:00 [running]> on host ca474790e981
[2023-09-05T15:29:41.813+0000] {taskinstance.py:1660} INFO - Exporting env vars: AIRFLOW_CTX_DAG_OWNER='***' AIRFLOW_CTX_DAG_ID='tasks_relations' AIRFLOW_CTX_TASK_ID='or_that_way' AIRFLOW_CTX_EXECUTION_DATE='2023-06-23T00:00:00+00:00' AIRFLOW_CTX_TRY_NUMBER='1' AIRFLOW_CTX_DAG_RUN_ID='scheduled__2023-06-23T00:00:00+00:00'
[2023-09-05T15:29:41.819+0000] {logging_mixin.py:151} INFO - NO NO, THAT WAY WAY!!!
[2023-09-05T15:29:41.829+0000] {python.py:194} INFO - Done. Returned value was: None
[2023-09-05T15:29:41.878+0000] {taskinstance.py:1400} INFO - Marking task as SUCCESS. dag_id=tasks_relations, task_id=or_that_way, execution_date=20230623T000000, start_date=20230905T152939, end_date=20230905T152941
[2023-09-05T15:29:42.183+0000] {local_task_job_runner.py:228} INFO - Task exited with return code 0
[2023-09-05T15:29:42.318+0000] {taskinstance.py:2784} INFO - 0 downstream tasks scheduled from follow-on schedule check
[2023-09-12T17:36:43.340+0000] {taskinstance.py:1159} INFO - Dependencies all met for dep_context=non-requeueable deps ti=<TaskInstance: tasks_relations.or_that_way scheduled__2023-06-23T00:00:00+00:00 [queued]>
[2023-09-12T17:36:43.378+0000] {taskinstance.py:1159} INFO - Dependencies all met for dep_context=requeueable deps ti=<TaskInstance: tasks_relations.or_that_way scheduled__2023-06-23T00:00:00+00:00 [queued]>
[2023-09-12T17:36:43.380+0000] {taskinstance.py:1361} INFO - Starting attempt 1 of 1
[2023-09-12T17:36:43.419+0000] {taskinstance.py:1382} INFO - Executing <Task(_PythonDecoratedOperator): or_that_way> on 2023-06-23 00:00:00+00:00
[2023-09-12T17:36:43.426+0000] {standard_task_runner.py:57} INFO - Started process 2790 to run task
[2023-09-12T17:36:43.463+0000] {standard_task_runner.py:84} INFO - Running: ['***', 'tasks', 'run', 'tasks_relations', 'or_that_way', 'scheduled__2023-06-23T00:00:00+00:00', '--job-id', '1321', '--raw', '--subdir', 'DAGS_FOLDER/2_tasks_relations.py', '--cfg-path', '/tmp/tmpi235eww_']
[2023-09-12T17:36:43.479+0000] {standard_task_runner.py:85} INFO - Job 1321: Subtask or_that_way
[2023-09-12T17:36:43.630+0000] {task_command.py:415} INFO - Running <TaskInstance: tasks_relations.or_that_way scheduled__2023-06-23T00:00:00+00:00 [running]> on host 0ab7970e0956
[2023-09-12T17:36:43.841+0000] {taskinstance.py:1660} INFO - Exporting env vars: AIRFLOW_CTX_DAG_OWNER='***' AIRFLOW_CTX_DAG_ID='tasks_relations' AIRFLOW_CTX_TASK_ID='or_that_way' AIRFLOW_CTX_EXECUTION_DATE='2023-06-23T00:00:00+00:00' AIRFLOW_CTX_TRY_NUMBER='1' AIRFLOW_CTX_DAG_RUN_ID='scheduled__2023-06-23T00:00:00+00:00'
[2023-09-12T17:36:43.844+0000] {logging_mixin.py:151} INFO - NO NO, THAT WAY WAY!!!
[2023-09-12T17:36:43.857+0000] {python.py:194} INFO - Done. Returned value was: None
[2023-09-12T17:36:43.886+0000] {taskinstance.py:1400} INFO - Marking task as SUCCESS. dag_id=tasks_relations, task_id=or_that_way, execution_date=20230623T000000, start_date=20230912T173643, end_date=20230912T173643
[2023-09-12T17:36:43.997+0000] {local_task_job_runner.py:228} INFO - Task exited with return code 0
[2023-09-12T17:36:44.026+0000] {taskinstance.py:2784} INFO - 1 downstream tasks scheduled from follow-on schedule check
