[2023-09-05T15:28:09.580+0000] {taskinstance.py:1159} INFO - Dependencies all met for dep_context=non-requeueable deps ti=<TaskInstance: tasks_relations.or_that_way scheduled__2023-05-29T00:00:00+00:00 [queued]>
[2023-09-05T15:28:09.659+0000] {taskinstance.py:1159} INFO - Dependencies all met for dep_context=requeueable deps ti=<TaskInstance: tasks_relations.or_that_way scheduled__2023-05-29T00:00:00+00:00 [queued]>
[2023-09-05T15:28:09.691+0000] {taskinstance.py:1361} INFO - Starting attempt 1 of 1
[2023-09-05T15:28:09.835+0000] {taskinstance.py:1382} INFO - Executing <Task(_PythonDecoratedOperator): or_that_way> on 2023-05-29 00:00:00+00:00
[2023-09-05T15:28:09.892+0000] {standard_task_runner.py:57} INFO - Started process 1059 to run task
[2023-09-05T15:28:10.111+0000] {standard_task_runner.py:84} INFO - Running: ['***', 'tasks', 'run', 'tasks_relations', 'or_that_way', 'scheduled__2023-05-29T00:00:00+00:00', '--job-id', '468', '--raw', '--subdir', 'DAGS_FOLDER/tasks_relations.py', '--cfg-path', '/tmp/tmp_2e07em3']
[2023-09-05T15:28:10.246+0000] {standard_task_runner.py:85} INFO - Job 468: Subtask or_that_way
[2023-09-05T15:28:10.672+0000] {task_command.py:415} INFO - Running <TaskInstance: tasks_relations.or_that_way scheduled__2023-05-29T00:00:00+00:00 [running]> on host ca474790e981
[2023-09-05T15:28:10.957+0000] {taskinstance.py:1660} INFO - Exporting env vars: AIRFLOW_CTX_DAG_OWNER='***' AIRFLOW_CTX_DAG_ID='tasks_relations' AIRFLOW_CTX_TASK_ID='or_that_way' AIRFLOW_CTX_EXECUTION_DATE='2023-05-29T00:00:00+00:00' AIRFLOW_CTX_TRY_NUMBER='1' AIRFLOW_CTX_DAG_RUN_ID='scheduled__2023-05-29T00:00:00+00:00'
[2023-09-05T15:28:10.964+0000] {logging_mixin.py:151} INFO - NO NO, THAT WAY WAY!!!
[2023-09-05T15:28:10.965+0000] {python.py:194} INFO - Done. Returned value was: None
[2023-09-05T15:28:11.002+0000] {taskinstance.py:1400} INFO - Marking task as SUCCESS. dag_id=tasks_relations, task_id=or_that_way, execution_date=20230529T000000, start_date=20230905T152809, end_date=20230905T152810
[2023-09-05T15:28:11.188+0000] {local_task_job_runner.py:228} INFO - Task exited with return code 0
[2023-09-05T15:28:11.220+0000] {taskinstance.py:2784} INFO - 0 downstream tasks scheduled from follow-on schedule check
[2023-09-12T17:36:17.604+0000] {taskinstance.py:1159} INFO - Dependencies all met for dep_context=non-requeueable deps ti=<TaskInstance: tasks_relations.or_that_way scheduled__2023-05-29T00:00:00+00:00 [queued]>
[2023-09-12T17:36:17.680+0000] {taskinstance.py:1159} INFO - Dependencies all met for dep_context=requeueable deps ti=<TaskInstance: tasks_relations.or_that_way scheduled__2023-05-29T00:00:00+00:00 [queued]>
[2023-09-12T17:36:17.687+0000] {taskinstance.py:1361} INFO - Starting attempt 1 of 1
[2023-09-12T17:36:17.745+0000] {taskinstance.py:1382} INFO - Executing <Task(_PythonDecoratedOperator): or_that_way> on 2023-05-29 00:00:00+00:00
[2023-09-12T17:36:17.777+0000] {standard_task_runner.py:57} INFO - Started process 2534 to run task
[2023-09-12T17:36:17.813+0000] {standard_task_runner.py:84} INFO - Running: ['***', 'tasks', 'run', 'tasks_relations', 'or_that_way', 'scheduled__2023-05-29T00:00:00+00:00', '--job-id', '1193', '--raw', '--subdir', 'DAGS_FOLDER/2_tasks_relations.py', '--cfg-path', '/tmp/tmp_1c98v0w']
[2023-09-12T17:36:17.824+0000] {standard_task_runner.py:85} INFO - Job 1193: Subtask or_that_way
[2023-09-12T17:36:17.975+0000] {task_command.py:415} INFO - Running <TaskInstance: tasks_relations.or_that_way scheduled__2023-05-29T00:00:00+00:00 [running]> on host 0ab7970e0956
[2023-09-12T17:36:18.235+0000] {taskinstance.py:1660} INFO - Exporting env vars: AIRFLOW_CTX_DAG_OWNER='***' AIRFLOW_CTX_DAG_ID='tasks_relations' AIRFLOW_CTX_TASK_ID='or_that_way' AIRFLOW_CTX_EXECUTION_DATE='2023-05-29T00:00:00+00:00' AIRFLOW_CTX_TRY_NUMBER='1' AIRFLOW_CTX_DAG_RUN_ID='scheduled__2023-05-29T00:00:00+00:00'
[2023-09-12T17:36:18.237+0000] {logging_mixin.py:151} INFO - NO NO, THAT WAY WAY!!!
[2023-09-12T17:36:18.240+0000] {python.py:194} INFO - Done. Returned value was: None
[2023-09-12T17:36:18.260+0000] {taskinstance.py:1400} INFO - Marking task as SUCCESS. dag_id=tasks_relations, task_id=or_that_way, execution_date=20230529T000000, start_date=20230912T173617, end_date=20230912T173618
[2023-09-12T17:36:18.338+0000] {local_task_job_runner.py:228} INFO - Task exited with return code 0
[2023-09-12T17:36:18.469+0000] {taskinstance.py:2784} INFO - 1 downstream tasks scheduled from follow-on schedule check
