[2023-09-05T15:30:32.206+0000] {taskinstance.py:1159} INFO - Dependencies all met for dep_context=non-requeueable deps ti=<TaskInstance: tasks_relations.say_bye scheduled__2023-07-29T00:00:00+00:00 [queued]>
[2023-09-05T15:30:32.258+0000] {taskinstance.py:1159} INFO - Dependencies all met for dep_context=requeueable deps ti=<TaskInstance: tasks_relations.say_bye scheduled__2023-07-29T00:00:00+00:00 [queued]>
[2023-09-05T15:30:32.262+0000] {taskinstance.py:1361} INFO - Starting attempt 1 of 1
[2023-09-05T15:30:32.322+0000] {taskinstance.py:1382} INFO - Executing <Task(_PythonDecoratedOperator): say_bye> on 2023-07-29 00:00:00+00:00
[2023-09-05T15:30:32.344+0000] {standard_task_runner.py:57} INFO - Started process 1692 to run task
[2023-09-05T15:30:32.373+0000] {standard_task_runner.py:84} INFO - Running: ['***', 'tasks', 'run', 'tasks_relations', 'say_bye', 'scheduled__2023-07-29T00:00:00+00:00', '--job-id', '766', '--raw', '--subdir', 'DAGS_FOLDER/tasks_relations.py', '--cfg-path', '/tmp/tmpk14kkjn2']
[2023-09-05T15:30:32.386+0000] {standard_task_runner.py:85} INFO - Job 766: Subtask say_bye
[2023-09-05T15:30:32.679+0000] {task_command.py:415} INFO - Running <TaskInstance: tasks_relations.say_bye scheduled__2023-07-29T00:00:00+00:00 [running]> on host ca474790e981
[2023-09-05T15:30:33.117+0000] {taskinstance.py:1660} INFO - Exporting env vars: AIRFLOW_CTX_DAG_OWNER='***' AIRFLOW_CTX_DAG_ID='tasks_relations' AIRFLOW_CTX_TASK_ID='say_bye' AIRFLOW_CTX_EXECUTION_DATE='2023-07-29T00:00:00+00:00' AIRFLOW_CTX_TRY_NUMBER='1' AIRFLOW_CTX_DAG_RUN_ID='scheduled__2023-07-29T00:00:00+00:00'
[2023-09-05T15:30:33.124+0000] {logging_mixin.py:151} INFO - goodbye world
[2023-09-05T15:30:33.130+0000] {python.py:194} INFO - Done. Returned value was: None
[2023-09-05T15:30:33.196+0000] {taskinstance.py:1400} INFO - Marking task as SUCCESS. dag_id=tasks_relations, task_id=say_bye, execution_date=20230729T000000, start_date=20230905T153032, end_date=20230905T153033
[2023-09-05T15:30:33.388+0000] {local_task_job_runner.py:228} INFO - Task exited with return code 0
[2023-09-05T15:30:33.512+0000] {taskinstance.py:2784} INFO - 2 downstream tasks scheduled from follow-on schedule check
[2023-09-12T17:37:13.220+0000] {taskinstance.py:1159} INFO - Dependencies all met for dep_context=non-requeueable deps ti=<TaskInstance: tasks_relations.say_bye scheduled__2023-07-29T00:00:00+00:00 [queued]>
[2023-09-12T17:37:13.249+0000] {taskinstance.py:1159} INFO - Dependencies all met for dep_context=requeueable deps ti=<TaskInstance: tasks_relations.say_bye scheduled__2023-07-29T00:00:00+00:00 [queued]>
[2023-09-12T17:37:13.258+0000] {taskinstance.py:1361} INFO - Starting attempt 1 of 1
[2023-09-12T17:37:13.281+0000] {taskinstance.py:1382} INFO - Executing <Task(_PythonDecoratedOperator): say_bye> on 2023-07-29 00:00:00+00:00
[2023-09-12T17:37:13.288+0000] {standard_task_runner.py:57} INFO - Started process 3156 to run task
[2023-09-12T17:37:13.311+0000] {standard_task_runner.py:84} INFO - Running: ['***', 'tasks', 'run', 'tasks_relations', 'say_bye', 'scheduled__2023-07-29T00:00:00+00:00', '--job-id', '1498', '--raw', '--subdir', 'DAGS_FOLDER/2_tasks_relations.py', '--cfg-path', '/tmp/tmpk_dnx30_']
[2023-09-12T17:37:13.320+0000] {standard_task_runner.py:85} INFO - Job 1498: Subtask say_bye
[2023-09-12T17:37:13.542+0000] {task_command.py:415} INFO - Running <TaskInstance: tasks_relations.say_bye scheduled__2023-07-29T00:00:00+00:00 [running]> on host 0ab7970e0956
[2023-09-12T17:37:13.829+0000] {taskinstance.py:1660} INFO - Exporting env vars: AIRFLOW_CTX_DAG_OWNER='***' AIRFLOW_CTX_DAG_ID='tasks_relations' AIRFLOW_CTX_TASK_ID='say_bye' AIRFLOW_CTX_EXECUTION_DATE='2023-07-29T00:00:00+00:00' AIRFLOW_CTX_TRY_NUMBER='1' AIRFLOW_CTX_DAG_RUN_ID='scheduled__2023-07-29T00:00:00+00:00'
[2023-09-12T17:37:13.830+0000] {logging_mixin.py:151} INFO - goodbye world
[2023-09-12T17:37:13.830+0000] {python.py:194} INFO - Done. Returned value was: None
[2023-09-12T17:37:13.849+0000] {taskinstance.py:1400} INFO - Marking task as SUCCESS. dag_id=tasks_relations, task_id=say_bye, execution_date=20230729T000000, start_date=20230912T173713, end_date=20230912T173713
[2023-09-12T17:37:13.930+0000] {local_task_job_runner.py:228} INFO - Task exited with return code 0
[2023-09-12T17:37:13.978+0000] {taskinstance.py:2784} INFO - 2 downstream tasks scheduled from follow-on schedule check
