[2023-09-05T15:25:11.891+0000] {taskinstance.py:1159} INFO - Dependencies all met for dep_context=non-requeueable deps ti=<TaskInstance: tasks_relations.say_bye scheduled__2023-02-18T00:00:00+00:00 [queued]>
[2023-09-05T15:25:11.935+0000] {taskinstance.py:1159} INFO - Dependencies all met for dep_context=requeueable deps ti=<TaskInstance: tasks_relations.say_bye scheduled__2023-02-18T00:00:00+00:00 [queued]>
[2023-09-05T15:25:11.936+0000] {taskinstance.py:1361} INFO - Starting attempt 1 of 1
[2023-09-05T15:25:11.998+0000] {taskinstance.py:1382} INFO - Executing <Task(_PythonDecoratedOperator): say_bye> on 2023-02-18 00:00:00+00:00
[2023-09-05T15:25:12.032+0000] {standard_task_runner.py:57} INFO - Started process 432 to run task
[2023-09-05T15:25:12.044+0000] {standard_task_runner.py:84} INFO - Running: ['***', 'tasks', 'run', 'tasks_relations', 'say_bye', 'scheduled__2023-02-18T00:00:00+00:00', '--job-id', '176', '--raw', '--subdir', 'DAGS_FOLDER/tasks_relations.py', '--cfg-path', '/tmp/tmp0oujje4h']
[2023-09-05T15:25:12.052+0000] {standard_task_runner.py:85} INFO - Job 176: Subtask say_bye
[2023-09-05T15:25:12.265+0000] {task_command.py:415} INFO - Running <TaskInstance: tasks_relations.say_bye scheduled__2023-02-18T00:00:00+00:00 [running]> on host ca474790e981
[2023-09-05T15:25:12.558+0000] {taskinstance.py:1660} INFO - Exporting env vars: AIRFLOW_CTX_DAG_OWNER='***' AIRFLOW_CTX_DAG_ID='tasks_relations' AIRFLOW_CTX_TASK_ID='say_bye' AIRFLOW_CTX_EXECUTION_DATE='2023-02-18T00:00:00+00:00' AIRFLOW_CTX_TRY_NUMBER='1' AIRFLOW_CTX_DAG_RUN_ID='scheduled__2023-02-18T00:00:00+00:00'
[2023-09-05T15:25:12.559+0000] {logging_mixin.py:151} INFO - goodbye ***
[2023-09-05T15:25:12.560+0000] {python.py:194} INFO - Done. Returned value was: None
[2023-09-05T15:25:12.578+0000] {taskinstance.py:1400} INFO - Marking task as SUCCESS. dag_id=tasks_relations, task_id=say_bye, execution_date=20230218T000000, start_date=20230905T152511, end_date=20230905T152512
[2023-09-05T15:25:12.653+0000] {local_task_job_runner.py:228} INFO - Task exited with return code 0
[2023-09-05T15:25:12.727+0000] {taskinstance.py:2784} INFO - 0 downstream tasks scheduled from follow-on schedule check
[2023-09-12T17:34:23.624+0000] {taskinstance.py:1159} INFO - Dependencies all met for dep_context=non-requeueable deps ti=<TaskInstance: tasks_relations.say_bye scheduled__2023-02-18T00:00:00+00:00 [queued]>
[2023-09-12T17:34:23.632+0000] {taskinstance.py:1159} INFO - Dependencies all met for dep_context=requeueable deps ti=<TaskInstance: tasks_relations.say_bye scheduled__2023-02-18T00:00:00+00:00 [queued]>
[2023-09-12T17:34:23.632+0000] {taskinstance.py:1361} INFO - Starting attempt 1 of 1
[2023-09-12T17:34:23.640+0000] {taskinstance.py:1382} INFO - Executing <Task(_PythonDecoratedOperator): say_bye> on 2023-02-18 00:00:00+00:00
[2023-09-12T17:34:23.647+0000] {standard_task_runner.py:57} INFO - Started process 988 to run task
[2023-09-12T17:34:23.653+0000] {standard_task_runner.py:84} INFO - Running: ['***', 'tasks', 'run', 'tasks_relations', 'say_bye', 'scheduled__2023-02-18T00:00:00+00:00', '--job-id', '436', '--raw', '--subdir', 'DAGS_FOLDER/2_tasks_relations.py', '--cfg-path', '/tmp/tmp5qy2wcy7']
[2023-09-12T17:34:23.656+0000] {standard_task_runner.py:85} INFO - Job 436: Subtask say_bye
[2023-09-12T17:34:23.732+0000] {task_command.py:415} INFO - Running <TaskInstance: tasks_relations.say_bye scheduled__2023-02-18T00:00:00+00:00 [running]> on host 0ab7970e0956
[2023-09-12T17:34:23.865+0000] {taskinstance.py:1660} INFO - Exporting env vars: AIRFLOW_CTX_DAG_OWNER='***' AIRFLOW_CTX_DAG_ID='tasks_relations' AIRFLOW_CTX_TASK_ID='say_bye' AIRFLOW_CTX_EXECUTION_DATE='2023-02-18T00:00:00+00:00' AIRFLOW_CTX_TRY_NUMBER='1' AIRFLOW_CTX_DAG_RUN_ID='scheduled__2023-02-18T00:00:00+00:00'
[2023-09-12T17:34:23.871+0000] {logging_mixin.py:151} INFO - goodbye world
[2023-09-12T17:34:23.871+0000] {python.py:194} INFO - Done. Returned value was: None
[2023-09-12T17:34:23.879+0000] {taskinstance.py:1400} INFO - Marking task as SUCCESS. dag_id=tasks_relations, task_id=say_bye, execution_date=20230218T000000, start_date=20230912T173423, end_date=20230912T173423
[2023-09-12T17:34:23.948+0000] {local_task_job_runner.py:228} INFO - Task exited with return code 0
[2023-09-12T17:34:23.977+0000] {taskinstance.py:2784} INFO - 2 downstream tasks scheduled from follow-on schedule check
