[2023-09-05T15:24:19.509+0000] {taskinstance.py:1159} INFO - Dependencies all met for dep_context=non-requeueable deps ti=<TaskInstance: tasks_relations.say_hello scheduled__2023-01-05T00:00:00+00:00 [queued]>
[2023-09-05T15:24:19.555+0000] {taskinstance.py:1159} INFO - Dependencies all met for dep_context=requeueable deps ti=<TaskInstance: tasks_relations.say_hello scheduled__2023-01-05T00:00:00+00:00 [queued]>
[2023-09-05T15:24:19.559+0000] {taskinstance.py:1361} INFO - Starting attempt 1 of 1
[2023-09-05T15:24:19.613+0000] {taskinstance.py:1382} INFO - Executing <Task(_PythonDecoratedOperator): say_hello> on 2023-01-05 00:00:00+00:00
[2023-09-05T15:24:19.689+0000] {standard_task_runner.py:57} INFO - Started process 125 to run task
[2023-09-05T15:24:19.772+0000] {standard_task_runner.py:84} INFO - Running: ['***', 'tasks', 'run', 'tasks_relations', 'say_hello', 'scheduled__2023-01-05T00:00:00+00:00', '--job-id', '25', '--raw', '--subdir', 'DAGS_FOLDER/tasks_relations.py', '--cfg-path', '/tmp/tmpirj3rp77']
[2023-09-05T15:24:19.791+0000] {standard_task_runner.py:85} INFO - Job 25: Subtask say_hello
[2023-09-05T15:24:20.111+0000] {task_command.py:415} INFO - Running <TaskInstance: tasks_relations.say_hello scheduled__2023-01-05T00:00:00+00:00 [running]> on host ca474790e981
[2023-09-05T15:24:20.578+0000] {taskinstance.py:1660} INFO - Exporting env vars: AIRFLOW_CTX_DAG_OWNER='***' AIRFLOW_CTX_DAG_ID='tasks_relations' AIRFLOW_CTX_TASK_ID='say_hello' AIRFLOW_CTX_EXECUTION_DATE='2023-01-05T00:00:00+00:00' AIRFLOW_CTX_TRY_NUMBER='1' AIRFLOW_CTX_DAG_RUN_ID='scheduled__2023-01-05T00:00:00+00:00'
[2023-09-05T15:24:20.583+0000] {logging_mixin.py:151} INFO - hello ***
[2023-09-05T15:24:20.590+0000] {python.py:194} INFO - Done. Returned value was: None
[2023-09-05T15:24:20.657+0000] {taskinstance.py:1400} INFO - Marking task as SUCCESS. dag_id=tasks_relations, task_id=say_hello, execution_date=20230105T000000, start_date=20230905T152419, end_date=20230905T152420
[2023-09-05T15:24:20.829+0000] {local_task_job_runner.py:228} INFO - Task exited with return code 0
[2023-09-05T15:24:20.960+0000] {taskinstance.py:2784} INFO - 0 downstream tasks scheduled from follow-on schedule check
[2023-09-12T17:32:54.057+0000] {taskinstance.py:1159} INFO - Dependencies all met for dep_context=non-requeueable deps ti=<TaskInstance: tasks_relations.say_hello scheduled__2023-01-05T00:00:00+00:00 [queued]>
[2023-09-12T17:32:54.112+0000] {taskinstance.py:1159} INFO - Dependencies all met for dep_context=requeueable deps ti=<TaskInstance: tasks_relations.say_hello scheduled__2023-01-05T00:00:00+00:00 [queued]>
[2023-09-12T17:32:54.117+0000] {taskinstance.py:1361} INFO - Starting attempt 1 of 1
[2023-09-12T17:32:54.168+0000] {taskinstance.py:1382} INFO - Executing <Task(_PythonDecoratedOperator): say_hello> on 2023-01-05 00:00:00+00:00
[2023-09-12T17:32:54.202+0000] {standard_task_runner.py:57} INFO - Started process 243 to run task
[2023-09-12T17:32:54.287+0000] {standard_task_runner.py:84} INFO - Running: ['***', 'tasks', 'run', 'tasks_relations', 'say_hello', 'scheduled__2023-01-05T00:00:00+00:00', '--job-id', '69', '--raw', '--subdir', 'DAGS_FOLDER/2_tasks_relations.py', '--cfg-path', '/tmp/tmpn7wlma5m']
[2023-09-12T17:32:54.293+0000] {standard_task_runner.py:85} INFO - Job 69: Subtask say_hello
[2023-09-12T17:32:54.838+0000] {task_command.py:415} INFO - Running <TaskInstance: tasks_relations.say_hello scheduled__2023-01-05T00:00:00+00:00 [running]> on host 0ab7970e0956
[2023-09-12T17:32:55.207+0000] {taskinstance.py:1660} INFO - Exporting env vars: AIRFLOW_CTX_DAG_OWNER='***' AIRFLOW_CTX_DAG_ID='tasks_relations' AIRFLOW_CTX_TASK_ID='say_hello' AIRFLOW_CTX_EXECUTION_DATE='2023-01-05T00:00:00+00:00' AIRFLOW_CTX_TRY_NUMBER='1' AIRFLOW_CTX_DAG_RUN_ID='scheduled__2023-01-05T00:00:00+00:00'
[2023-09-12T17:32:55.210+0000] {logging_mixin.py:151} INFO - hello world
[2023-09-12T17:32:55.211+0000] {python.py:194} INFO - Done. Returned value was: None
[2023-09-12T17:32:55.246+0000] {taskinstance.py:1400} INFO - Marking task as SUCCESS. dag_id=tasks_relations, task_id=say_hello, execution_date=20230105T000000, start_date=20230912T173254, end_date=20230912T173255
[2023-09-12T17:32:55.364+0000] {local_task_job_runner.py:228} INFO - Task exited with return code 0
[2023-09-12T17:32:55.451+0000] {taskinstance.py:2784} INFO - 1 downstream tasks scheduled from follow-on schedule check
