[2023-09-05T15:31:10.393+0000] {taskinstance.py:1159} INFO - Dependencies all met for dep_context=non-requeueable deps ti=<TaskInstance: tasks_relations.this_way scheduled__2023-08-18T00:00:00+00:00 [queued]>
[2023-09-05T15:31:10.423+0000] {taskinstance.py:1159} INFO - Dependencies all met for dep_context=requeueable deps ti=<TaskInstance: tasks_relations.this_way scheduled__2023-08-18T00:00:00+00:00 [queued]>
[2023-09-05T15:31:10.429+0000] {taskinstance.py:1361} INFO - Starting attempt 1 of 1
[2023-09-05T15:31:10.464+0000] {taskinstance.py:1382} INFO - Executing <Task(_PythonDecoratedOperator): this_way> on 2023-08-18 00:00:00+00:00
[2023-09-05T15:31:10.479+0000] {standard_task_runner.py:57} INFO - Started process 1908 to run task
[2023-09-05T15:31:10.486+0000] {standard_task_runner.py:84} INFO - Running: ['***', 'tasks', 'run', 'tasks_relations', 'this_way', 'scheduled__2023-08-18T00:00:00+00:00', '--job-id', '877', '--raw', '--subdir', 'DAGS_FOLDER/tasks_relations.py', '--cfg-path', '/tmp/tmphqvluz1m']
[2023-09-05T15:31:10.490+0000] {standard_task_runner.py:85} INFO - Job 877: Subtask this_way
[2023-09-05T15:31:10.645+0000] {task_command.py:415} INFO - Running <TaskInstance: tasks_relations.this_way scheduled__2023-08-18T00:00:00+00:00 [running]> on host ca474790e981
[2023-09-05T15:31:10.905+0000] {taskinstance.py:1660} INFO - Exporting env vars: AIRFLOW_CTX_DAG_OWNER='***' AIRFLOW_CTX_DAG_ID='tasks_relations' AIRFLOW_CTX_TASK_ID='this_way' AIRFLOW_CTX_EXECUTION_DATE='2023-08-18T00:00:00+00:00' AIRFLOW_CTX_TRY_NUMBER='1' AIRFLOW_CTX_DAG_RUN_ID='scheduled__2023-08-18T00:00:00+00:00'
[2023-09-05T15:31:10.912+0000] {logging_mixin.py:151} INFO - THIS WAY!!!
[2023-09-05T15:31:10.917+0000] {python.py:194} INFO - Done. Returned value was: None
[2023-09-05T15:31:10.946+0000] {taskinstance.py:1400} INFO - Marking task as SUCCESS. dag_id=tasks_relations, task_id=this_way, execution_date=20230818T000000, start_date=20230905T153110, end_date=20230905T153110
[2023-09-05T15:31:10.990+0000] {local_task_job_runner.py:228} INFO - Task exited with return code 0
[2023-09-05T15:31:11.013+0000] {taskinstance.py:2784} INFO - 0 downstream tasks scheduled from follow-on schedule check
[2023-09-12T17:37:40.073+0000] {taskinstance.py:1159} INFO - Dependencies all met for dep_context=non-requeueable deps ti=<TaskInstance: tasks_relations.this_way scheduled__2023-08-18T00:00:00+00:00 [queued]>
[2023-09-12T17:37:40.078+0000] {taskinstance.py:1159} INFO - Dependencies all met for dep_context=requeueable deps ti=<TaskInstance: tasks_relations.this_way scheduled__2023-08-18T00:00:00+00:00 [queued]>
[2023-09-12T17:37:40.083+0000] {taskinstance.py:1361} INFO - Starting attempt 1 of 1
[2023-09-12T17:37:40.119+0000] {taskinstance.py:1382} INFO - Executing <Task(_PythonDecoratedOperator): this_way> on 2023-08-18 00:00:00+00:00
[2023-09-12T17:37:40.126+0000] {standard_task_runner.py:57} INFO - Started process 3458 to run task
[2023-09-12T17:37:40.136+0000] {standard_task_runner.py:84} INFO - Running: ['***', 'tasks', 'run', 'tasks_relations', 'this_way', 'scheduled__2023-08-18T00:00:00+00:00', '--job-id', '1652', '--raw', '--subdir', 'DAGS_FOLDER/2_tasks_relations.py', '--cfg-path', '/tmp/tmpys5ckx7i']
[2023-09-12T17:37:40.138+0000] {standard_task_runner.py:85} INFO - Job 1652: Subtask this_way
[2023-09-12T17:37:40.245+0000] {task_command.py:415} INFO - Running <TaskInstance: tasks_relations.this_way scheduled__2023-08-18T00:00:00+00:00 [running]> on host 0ab7970e0956
[2023-09-12T17:37:40.392+0000] {taskinstance.py:1660} INFO - Exporting env vars: AIRFLOW_CTX_DAG_OWNER='***' AIRFLOW_CTX_DAG_ID='tasks_relations' AIRFLOW_CTX_TASK_ID='this_way' AIRFLOW_CTX_EXECUTION_DATE='2023-08-18T00:00:00+00:00' AIRFLOW_CTX_TRY_NUMBER='1' AIRFLOW_CTX_DAG_RUN_ID='scheduled__2023-08-18T00:00:00+00:00'
[2023-09-12T17:37:40.396+0000] {logging_mixin.py:151} INFO - THIS WAY!!!
[2023-09-12T17:37:40.398+0000] {python.py:194} INFO - Done. Returned value was: None
[2023-09-12T17:37:40.409+0000] {taskinstance.py:1400} INFO - Marking task as SUCCESS. dag_id=tasks_relations, task_id=this_way, execution_date=20230818T000000, start_date=20230912T173740, end_date=20230912T173740
[2023-09-12T17:37:40.439+0000] {local_task_job_runner.py:228} INFO - Task exited with return code 0
[2023-09-12T17:37:40.452+0000] {taskinstance.py:2784} INFO - 0 downstream tasks scheduled from follow-on schedule check
