[2023-09-05T15:28:37.922+0000] {taskinstance.py:1159} INFO - Dependencies all met for dep_context=non-requeueable deps ti=<TaskInstance: tasks_relations.say_bye scheduled__2023-06-03T00:00:00+00:00 [queued]>
[2023-09-05T15:28:38.103+0000] {taskinstance.py:1159} INFO - Dependencies all met for dep_context=requeueable deps ti=<TaskInstance: tasks_relations.say_bye scheduled__2023-06-03T00:00:00+00:00 [queued]>
[2023-09-05T15:28:38.120+0000] {taskinstance.py:1361} INFO - Starting attempt 1 of 1
[2023-09-05T15:28:38.712+0000] {taskinstance.py:1382} INFO - Executing <Task(_PythonDecoratedOperator): say_bye> on 2023-06-03 00:00:00+00:00
[2023-09-05T15:28:38.886+0000] {standard_task_runner.py:57} INFO - Started process 1130 to run task
[2023-09-05T15:28:39.016+0000] {standard_task_runner.py:84} INFO - Running: ['***', 'tasks', 'run', 'tasks_relations', 'say_bye', 'scheduled__2023-06-03T00:00:00+00:00', '--job-id', '499', '--raw', '--subdir', 'DAGS_FOLDER/tasks_relations.py', '--cfg-path', '/tmp/tmp1vjj3xii']
[2023-09-05T15:28:39.240+0000] {standard_task_runner.py:85} INFO - Job 499: Subtask say_bye
[2023-09-05T15:28:43.322+0000] {task_command.py:415} INFO - Running <TaskInstance: tasks_relations.say_bye scheduled__2023-06-03T00:00:00+00:00 [running]> on host ca474790e981
[2023-09-05T15:28:45.318+0000] {taskinstance.py:1660} INFO - Exporting env vars: AIRFLOW_CTX_DAG_OWNER='***' AIRFLOW_CTX_DAG_ID='tasks_relations' AIRFLOW_CTX_TASK_ID='say_bye' AIRFLOW_CTX_EXECUTION_DATE='2023-06-03T00:00:00+00:00' AIRFLOW_CTX_TRY_NUMBER='1' AIRFLOW_CTX_DAG_RUN_ID='scheduled__2023-06-03T00:00:00+00:00'
[2023-09-05T15:28:45.465+0000] {logging_mixin.py:151} INFO - goodbye world
[2023-09-05T15:28:45.505+0000] {python.py:194} INFO - Done. Returned value was: None
[2023-09-05T15:28:45.663+0000] {taskinstance.py:1400} INFO - Marking task as SUCCESS. dag_id=tasks_relations, task_id=say_bye, execution_date=20230603T000000, start_date=20230905T152837, end_date=20230905T152845
[2023-09-05T15:28:46.565+0000] {local_task_job_runner.py:228} INFO - Task exited with return code 0
[2023-09-05T15:28:46.769+0000] {taskinstance.py:2784} INFO - 0 downstream tasks scheduled from follow-on schedule check
[2023-09-12T17:36:16.978+0000] {taskinstance.py:1159} INFO - Dependencies all met for dep_context=non-requeueable deps ti=<TaskInstance: tasks_relations.say_bye scheduled__2023-06-03T00:00:00+00:00 [queued]>
[2023-09-12T17:36:17.022+0000] {taskinstance.py:1159} INFO - Dependencies all met for dep_context=requeueable deps ti=<TaskInstance: tasks_relations.say_bye scheduled__2023-06-03T00:00:00+00:00 [queued]>
[2023-09-12T17:36:17.027+0000] {taskinstance.py:1361} INFO - Starting attempt 1 of 1
[2023-09-12T17:36:17.071+0000] {taskinstance.py:1382} INFO - Executing <Task(_PythonDecoratedOperator): say_bye> on 2023-06-03 00:00:00+00:00
[2023-09-12T17:36:17.090+0000] {standard_task_runner.py:57} INFO - Started process 2523 to run task
[2023-09-12T17:36:17.091+0000] {standard_task_runner.py:84} INFO - Running: ['***', 'tasks', 'run', 'tasks_relations', 'say_bye', 'scheduled__2023-06-03T00:00:00+00:00', '--job-id', '1188', '--raw', '--subdir', 'DAGS_FOLDER/2_tasks_relations.py', '--cfg-path', '/tmp/tmp7r8vyqzd']
[2023-09-12T17:36:17.109+0000] {standard_task_runner.py:85} INFO - Job 1188: Subtask say_bye
[2023-09-12T17:36:17.270+0000] {task_command.py:415} INFO - Running <TaskInstance: tasks_relations.say_bye scheduled__2023-06-03T00:00:00+00:00 [running]> on host 0ab7970e0956
[2023-09-12T17:36:17.535+0000] {taskinstance.py:1660} INFO - Exporting env vars: AIRFLOW_CTX_DAG_OWNER='***' AIRFLOW_CTX_DAG_ID='tasks_relations' AIRFLOW_CTX_TASK_ID='say_bye' AIRFLOW_CTX_EXECUTION_DATE='2023-06-03T00:00:00+00:00' AIRFLOW_CTX_TRY_NUMBER='1' AIRFLOW_CTX_DAG_RUN_ID='scheduled__2023-06-03T00:00:00+00:00'
[2023-09-12T17:36:17.546+0000] {logging_mixin.py:151} INFO - goodbye world
[2023-09-12T17:36:17.549+0000] {python.py:194} INFO - Done. Returned value was: None
[2023-09-12T17:36:17.577+0000] {taskinstance.py:1400} INFO - Marking task as SUCCESS. dag_id=tasks_relations, task_id=say_bye, execution_date=20230603T000000, start_date=20230912T173616, end_date=20230912T173617
[2023-09-12T17:36:17.655+0000] {local_task_job_runner.py:228} INFO - Task exited with return code 0
[2023-09-12T17:36:17.719+0000] {taskinstance.py:2784} INFO - 2 downstream tasks scheduled from follow-on schedule check
