[2023-09-05T15:25:21.120+0000] {taskinstance.py:1159} INFO - Dependencies all met for dep_context=non-requeueable deps ti=<TaskInstance: tasks_relations.say_hello scheduled__2023-03-02T00:00:00+00:00 [queued]>
[2023-09-05T15:25:21.168+0000] {taskinstance.py:1159} INFO - Dependencies all met for dep_context=requeueable deps ti=<TaskInstance: tasks_relations.say_hello scheduled__2023-03-02T00:00:00+00:00 [queued]>
[2023-09-05T15:25:21.176+0000] {taskinstance.py:1361} INFO - Starting attempt 1 of 1
[2023-09-05T15:25:21.235+0000] {taskinstance.py:1382} INFO - Executing <Task(_PythonDecoratedOperator): say_hello> on 2023-03-02 00:00:00+00:00
[2023-09-05T15:25:21.262+0000] {standard_task_runner.py:57} INFO - Started process 478 to run task
[2023-09-05T15:25:21.299+0000] {standard_task_runner.py:84} INFO - Running: ['***', 'tasks', 'run', 'tasks_relations', 'say_hello', 'scheduled__2023-03-02T00:00:00+00:00', '--job-id', '198', '--raw', '--subdir', 'DAGS_FOLDER/tasks_relations.py', '--cfg-path', '/tmp/tmp7z0hu05a']
[2023-09-05T15:25:21.326+0000] {standard_task_runner.py:85} INFO - Job 198: Subtask say_hello
[2023-09-05T15:25:21.559+0000] {task_command.py:415} INFO - Running <TaskInstance: tasks_relations.say_hello scheduled__2023-03-02T00:00:00+00:00 [running]> on host ca474790e981
[2023-09-05T15:25:22.023+0000] {taskinstance.py:1660} INFO - Exporting env vars: AIRFLOW_CTX_DAG_OWNER='***' AIRFLOW_CTX_DAG_ID='tasks_relations' AIRFLOW_CTX_TASK_ID='say_hello' AIRFLOW_CTX_EXECUTION_DATE='2023-03-02T00:00:00+00:00' AIRFLOW_CTX_TRY_NUMBER='1' AIRFLOW_CTX_DAG_RUN_ID='scheduled__2023-03-02T00:00:00+00:00'
[2023-09-05T15:25:22.028+0000] {logging_mixin.py:151} INFO - hello ***
[2023-09-05T15:25:22.035+0000] {python.py:194} INFO - Done. Returned value was: None
[2023-09-05T15:25:22.107+0000] {taskinstance.py:1400} INFO - Marking task as SUCCESS. dag_id=tasks_relations, task_id=say_hello, execution_date=20230302T000000, start_date=20230905T152521, end_date=20230905T152522
[2023-09-05T15:25:22.205+0000] {local_task_job_runner.py:228} INFO - Task exited with return code 0
[2023-09-05T15:25:22.298+0000] {taskinstance.py:2784} INFO - 1 downstream tasks scheduled from follow-on schedule check
[2023-09-12T17:34:31.025+0000] {taskinstance.py:1159} INFO - Dependencies all met for dep_context=non-requeueable deps ti=<TaskInstance: tasks_relations.say_hello scheduled__2023-03-02T00:00:00+00:00 [queued]>
[2023-09-12T17:34:31.049+0000] {taskinstance.py:1159} INFO - Dependencies all met for dep_context=requeueable deps ti=<TaskInstance: tasks_relations.say_hello scheduled__2023-03-02T00:00:00+00:00 [queued]>
[2023-09-12T17:34:31.053+0000] {taskinstance.py:1361} INFO - Starting attempt 1 of 1
[2023-09-12T17:34:31.221+0000] {taskinstance.py:1382} INFO - Executing <Task(_PythonDecoratedOperator): say_hello> on 2023-03-02 00:00:00+00:00
[2023-09-12T17:34:31.229+0000] {standard_task_runner.py:57} INFO - Started process 1102 to run task
[2023-09-12T17:34:31.281+0000] {standard_task_runner.py:84} INFO - Running: ['***', 'tasks', 'run', 'tasks_relations', 'say_hello', 'scheduled__2023-03-02T00:00:00+00:00', '--job-id', '489', '--raw', '--subdir', 'DAGS_FOLDER/2_tasks_relations.py', '--cfg-path', '/tmp/tmpxkp79ril']
[2023-09-12T17:34:31.294+0000] {standard_task_runner.py:85} INFO - Job 489: Subtask say_hello
[2023-09-12T17:34:31.491+0000] {task_command.py:415} INFO - Running <TaskInstance: tasks_relations.say_hello scheduled__2023-03-02T00:00:00+00:00 [running]> on host 0ab7970e0956
[2023-09-12T17:34:31.849+0000] {taskinstance.py:1660} INFO - Exporting env vars: AIRFLOW_CTX_DAG_OWNER='***' AIRFLOW_CTX_DAG_ID='tasks_relations' AIRFLOW_CTX_TASK_ID='say_hello' AIRFLOW_CTX_EXECUTION_DATE='2023-03-02T00:00:00+00:00' AIRFLOW_CTX_TRY_NUMBER='1' AIRFLOW_CTX_DAG_RUN_ID='scheduled__2023-03-02T00:00:00+00:00'
[2023-09-12T17:34:31.865+0000] {logging_mixin.py:151} INFO - hello world
[2023-09-12T17:34:31.869+0000] {python.py:194} INFO - Done. Returned value was: None
[2023-09-12T17:34:31.904+0000] {taskinstance.py:1400} INFO - Marking task as SUCCESS. dag_id=tasks_relations, task_id=say_hello, execution_date=20230302T000000, start_date=20230912T173431, end_date=20230912T173431
[2023-09-12T17:34:31.967+0000] {local_task_job_runner.py:228} INFO - Task exited with return code 0
[2023-09-12T17:34:32.000+0000] {taskinstance.py:2784} INFO - 1 downstream tasks scheduled from follow-on schedule check
