[2023-09-05T15:29:25.935+0000] {taskinstance.py:1159} INFO - Dependencies all met for dep_context=non-requeueable deps ti=<TaskInstance: tasks_relations.say_hello scheduled__2023-06-26T00:00:00+00:00 [queued]>
[2023-09-05T15:29:25.968+0000] {taskinstance.py:1159} INFO - Dependencies all met for dep_context=requeueable deps ti=<TaskInstance: tasks_relations.say_hello scheduled__2023-06-26T00:00:00+00:00 [queued]>
[2023-09-05T15:29:25.971+0000] {taskinstance.py:1361} INFO - Starting attempt 1 of 1
[2023-09-05T15:29:26.091+0000] {taskinstance.py:1382} INFO - Executing <Task(_PythonDecoratedOperator): say_hello> on 2023-06-26 00:00:00+00:00
[2023-09-05T15:29:26.104+0000] {standard_task_runner.py:57} INFO - Started process 1321 to run task
[2023-09-05T15:29:26.141+0000] {standard_task_runner.py:84} INFO - Running: ['***', 'tasks', 'run', 'tasks_relations', 'say_hello', 'scheduled__2023-06-26T00:00:00+00:00', '--job-id', '588', '--raw', '--subdir', 'DAGS_FOLDER/tasks_relations.py', '--cfg-path', '/tmp/tmpxa9qss55']
[2023-09-05T15:29:26.149+0000] {standard_task_runner.py:85} INFO - Job 588: Subtask say_hello
[2023-09-05T15:29:26.787+0000] {task_command.py:415} INFO - Running <TaskInstance: tasks_relations.say_hello scheduled__2023-06-26T00:00:00+00:00 [running]> on host ca474790e981
[2023-09-05T15:29:27.404+0000] {taskinstance.py:1660} INFO - Exporting env vars: AIRFLOW_CTX_DAG_OWNER='***' AIRFLOW_CTX_DAG_ID='tasks_relations' AIRFLOW_CTX_TASK_ID='say_hello' AIRFLOW_CTX_EXECUTION_DATE='2023-06-26T00:00:00+00:00' AIRFLOW_CTX_TRY_NUMBER='1' AIRFLOW_CTX_DAG_RUN_ID='scheduled__2023-06-26T00:00:00+00:00'
[2023-09-05T15:29:27.410+0000] {logging_mixin.py:151} INFO - hello world
[2023-09-05T15:29:27.426+0000] {python.py:194} INFO - Done. Returned value was: None
[2023-09-05T15:29:27.469+0000] {taskinstance.py:1400} INFO - Marking task as SUCCESS. dag_id=tasks_relations, task_id=say_hello, execution_date=20230626T000000, start_date=20230905T152925, end_date=20230905T152927
[2023-09-05T15:29:27.697+0000] {local_task_job_runner.py:228} INFO - Task exited with return code 0
[2023-09-05T15:29:27.858+0000] {taskinstance.py:2784} INFO - 0 downstream tasks scheduled from follow-on schedule check
[2023-09-12T17:36:38.013+0000] {taskinstance.py:1159} INFO - Dependencies all met for dep_context=non-requeueable deps ti=<TaskInstance: tasks_relations.say_hello scheduled__2023-06-26T00:00:00+00:00 [queued]>
[2023-09-12T17:36:38.058+0000] {taskinstance.py:1159} INFO - Dependencies all met for dep_context=requeueable deps ti=<TaskInstance: tasks_relations.say_hello scheduled__2023-06-26T00:00:00+00:00 [queued]>
[2023-09-12T17:36:38.063+0000] {taskinstance.py:1361} INFO - Starting attempt 1 of 1
[2023-09-12T17:36:38.101+0000] {taskinstance.py:1382} INFO - Executing <Task(_PythonDecoratedOperator): say_hello> on 2023-06-26 00:00:00+00:00
[2023-09-12T17:36:38.120+0000] {standard_task_runner.py:57} INFO - Started process 2714 to run task
[2023-09-12T17:36:38.136+0000] {standard_task_runner.py:84} INFO - Running: ['***', 'tasks', 'run', 'tasks_relations', 'say_hello', 'scheduled__2023-06-26T00:00:00+00:00', '--job-id', '1286', '--raw', '--subdir', 'DAGS_FOLDER/2_tasks_relations.py', '--cfg-path', '/tmp/tmpvmy9eruo']
[2023-09-12T17:36:38.167+0000] {standard_task_runner.py:85} INFO - Job 1286: Subtask say_hello
[2023-09-12T17:36:38.333+0000] {task_command.py:415} INFO - Running <TaskInstance: tasks_relations.say_hello scheduled__2023-06-26T00:00:00+00:00 [running]> on host 0ab7970e0956
[2023-09-12T17:36:38.501+0000] {taskinstance.py:1660} INFO - Exporting env vars: AIRFLOW_CTX_DAG_OWNER='***' AIRFLOW_CTX_DAG_ID='tasks_relations' AIRFLOW_CTX_TASK_ID='say_hello' AIRFLOW_CTX_EXECUTION_DATE='2023-06-26T00:00:00+00:00' AIRFLOW_CTX_TRY_NUMBER='1' AIRFLOW_CTX_DAG_RUN_ID='scheduled__2023-06-26T00:00:00+00:00'
[2023-09-12T17:36:38.504+0000] {logging_mixin.py:151} INFO - hello world
[2023-09-12T17:36:38.506+0000] {python.py:194} INFO - Done. Returned value was: None
[2023-09-12T17:36:38.519+0000] {taskinstance.py:1400} INFO - Marking task as SUCCESS. dag_id=tasks_relations, task_id=say_hello, execution_date=20230626T000000, start_date=20230912T173638, end_date=20230912T173638
[2023-09-12T17:36:38.565+0000] {local_task_job_runner.py:228} INFO - Task exited with return code 0
[2023-09-12T17:36:38.599+0000] {taskinstance.py:2784} INFO - 1 downstream tasks scheduled from follow-on schedule check
