[2023-09-05T15:26:36.645+0000] {taskinstance.py:1159} INFO - Dependencies all met for dep_context=non-requeueable deps ti=<TaskInstance: tasks_relations.say_hello scheduled__2023-05-02T00:00:00+00:00 [queued]>
[2023-09-05T15:26:36.679+0000] {taskinstance.py:1159} INFO - Dependencies all met for dep_context=requeueable deps ti=<TaskInstance: tasks_relations.say_hello scheduled__2023-05-02T00:00:00+00:00 [queued]>
[2023-09-05T15:26:36.699+0000] {taskinstance.py:1361} INFO - Starting attempt 1 of 1
[2023-09-05T15:26:36.757+0000] {taskinstance.py:1382} INFO - Executing <Task(_PythonDecoratedOperator): say_hello> on 2023-05-02 00:00:00+00:00
[2023-09-05T15:26:36.767+0000] {standard_task_runner.py:57} INFO - Started process 829 to run task
[2023-09-05T15:26:36.794+0000] {standard_task_runner.py:84} INFO - Running: ['***', 'tasks', 'run', 'tasks_relations', 'say_hello', 'scheduled__2023-05-02T00:00:00+00:00', '--job-id', '368', '--raw', '--subdir', 'DAGS_FOLDER/tasks_relations.py', '--cfg-path', '/tmp/tmp_6dsk5br']
[2023-09-05T15:26:36.816+0000] {standard_task_runner.py:85} INFO - Job 368: Subtask say_hello
[2023-09-05T15:26:37.070+0000] {task_command.py:415} INFO - Running <TaskInstance: tasks_relations.say_hello scheduled__2023-05-02T00:00:00+00:00 [running]> on host ca474790e981
[2023-09-05T15:26:37.329+0000] {taskinstance.py:1660} INFO - Exporting env vars: AIRFLOW_CTX_DAG_OWNER='***' AIRFLOW_CTX_DAG_ID='tasks_relations' AIRFLOW_CTX_TASK_ID='say_hello' AIRFLOW_CTX_EXECUTION_DATE='2023-05-02T00:00:00+00:00' AIRFLOW_CTX_TRY_NUMBER='1' AIRFLOW_CTX_DAG_RUN_ID='scheduled__2023-05-02T00:00:00+00:00'
[2023-09-05T15:26:37.335+0000] {logging_mixin.py:151} INFO - hello ***
[2023-09-05T15:26:37.339+0000] {python.py:194} INFO - Done. Returned value was: None
[2023-09-05T15:26:37.428+0000] {taskinstance.py:1400} INFO - Marking task as SUCCESS. dag_id=tasks_relations, task_id=say_hello, execution_date=20230502T000000, start_date=20230905T152636, end_date=20230905T152637
[2023-09-05T15:26:37.483+0000] {local_task_job_runner.py:228} INFO - Task exited with return code 0
[2023-09-05T15:26:37.524+0000] {taskinstance.py:2784} INFO - 1 downstream tasks scheduled from follow-on schedule check
[2023-09-12T17:35:41.881+0000] {taskinstance.py:1159} INFO - Dependencies all met for dep_context=non-requeueable deps ti=<TaskInstance: tasks_relations.say_hello scheduled__2023-05-02T00:00:00+00:00 [queued]>
[2023-09-12T17:35:41.984+0000] {taskinstance.py:1159} INFO - Dependencies all met for dep_context=requeueable deps ti=<TaskInstance: tasks_relations.say_hello scheduled__2023-05-02T00:00:00+00:00 [queued]>
[2023-09-12T17:35:41.990+0000] {taskinstance.py:1361} INFO - Starting attempt 1 of 1
[2023-09-12T17:35:42.128+0000] {taskinstance.py:1382} INFO - Executing <Task(_PythonDecoratedOperator): say_hello> on 2023-05-02 00:00:00+00:00
[2023-09-12T17:35:42.132+0000] {standard_task_runner.py:57} INFO - Started process 2063 to run task
[2023-09-12T17:35:42.160+0000] {standard_task_runner.py:84} INFO - Running: ['***', 'tasks', 'run', 'tasks_relations', 'say_hello', 'scheduled__2023-05-02T00:00:00+00:00', '--job-id', '962', '--raw', '--subdir', 'DAGS_FOLDER/2_tasks_relations.py', '--cfg-path', '/tmp/tmp9ul_2y6r']
[2023-09-12T17:35:42.191+0000] {standard_task_runner.py:85} INFO - Job 962: Subtask say_hello
[2023-09-12T17:35:42.403+0000] {task_command.py:415} INFO - Running <TaskInstance: tasks_relations.say_hello scheduled__2023-05-02T00:00:00+00:00 [running]> on host 0ab7970e0956
[2023-09-12T17:35:42.698+0000] {taskinstance.py:1660} INFO - Exporting env vars: AIRFLOW_CTX_DAG_OWNER='***' AIRFLOW_CTX_DAG_ID='tasks_relations' AIRFLOW_CTX_TASK_ID='say_hello' AIRFLOW_CTX_EXECUTION_DATE='2023-05-02T00:00:00+00:00' AIRFLOW_CTX_TRY_NUMBER='1' AIRFLOW_CTX_DAG_RUN_ID='scheduled__2023-05-02T00:00:00+00:00'
[2023-09-12T17:35:42.699+0000] {logging_mixin.py:151} INFO - hello world
[2023-09-12T17:35:42.708+0000] {python.py:194} INFO - Done. Returned value was: None
[2023-09-12T17:35:42.743+0000] {taskinstance.py:1400} INFO - Marking task as SUCCESS. dag_id=tasks_relations, task_id=say_hello, execution_date=20230502T000000, start_date=20230912T173541, end_date=20230912T173542
[2023-09-12T17:35:42.845+0000] {local_task_job_runner.py:228} INFO - Task exited with return code 0
[2023-09-12T17:35:42.884+0000] {taskinstance.py:2784} INFO - 1 downstream tasks scheduled from follow-on schedule check
