[2023-09-05T15:31:10.272+0000] {taskinstance.py:1159} INFO - Dependencies all met for dep_context=non-requeueable deps ti=<TaskInstance: tasks_relations.this_way scheduled__2023-08-17T00:00:00+00:00 [queued]>
[2023-09-05T15:31:10.298+0000] {taskinstance.py:1159} INFO - Dependencies all met for dep_context=requeueable deps ti=<TaskInstance: tasks_relations.this_way scheduled__2023-08-17T00:00:00+00:00 [queued]>
[2023-09-05T15:31:10.312+0000] {taskinstance.py:1361} INFO - Starting attempt 1 of 1
[2023-09-05T15:31:10.339+0000] {taskinstance.py:1382} INFO - Executing <Task(_PythonDecoratedOperator): this_way> on 2023-08-17 00:00:00+00:00
[2023-09-05T15:31:10.359+0000] {standard_task_runner.py:57} INFO - Started process 1906 to run task
[2023-09-05T15:31:10.377+0000] {standard_task_runner.py:84} INFO - Running: ['***', 'tasks', 'run', 'tasks_relations', 'this_way', 'scheduled__2023-08-17T00:00:00+00:00', '--job-id', '875', '--raw', '--subdir', 'DAGS_FOLDER/tasks_relations.py', '--cfg-path', '/tmp/tmpk5nz9f2l']
[2023-09-05T15:31:10.383+0000] {standard_task_runner.py:85} INFO - Job 875: Subtask this_way
[2023-09-05T15:31:10.514+0000] {task_command.py:415} INFO - Running <TaskInstance: tasks_relations.this_way scheduled__2023-08-17T00:00:00+00:00 [running]> on host ca474790e981
[2023-09-05T15:31:10.654+0000] {taskinstance.py:1660} INFO - Exporting env vars: AIRFLOW_CTX_DAG_OWNER='***' AIRFLOW_CTX_DAG_ID='tasks_relations' AIRFLOW_CTX_TASK_ID='this_way' AIRFLOW_CTX_EXECUTION_DATE='2023-08-17T00:00:00+00:00' AIRFLOW_CTX_TRY_NUMBER='1' AIRFLOW_CTX_DAG_RUN_ID='scheduled__2023-08-17T00:00:00+00:00'
[2023-09-05T15:31:10.657+0000] {logging_mixin.py:151} INFO - THIS WAY!!!
[2023-09-05T15:31:10.658+0000] {python.py:194} INFO - Done. Returned value was: None
[2023-09-05T15:31:10.689+0000] {taskinstance.py:1400} INFO - Marking task as SUCCESS. dag_id=tasks_relations, task_id=this_way, execution_date=20230817T000000, start_date=20230905T153110, end_date=20230905T153110
[2023-09-05T15:31:10.747+0000] {local_task_job_runner.py:228} INFO - Task exited with return code 0
[2023-09-05T15:31:10.795+0000] {taskinstance.py:2784} INFO - 0 downstream tasks scheduled from follow-on schedule check
[2023-09-12T17:37:39.955+0000] {taskinstance.py:1159} INFO - Dependencies all met for dep_context=non-requeueable deps ti=<TaskInstance: tasks_relations.this_way scheduled__2023-08-17T00:00:00+00:00 [queued]>
[2023-09-12T17:37:39.968+0000] {taskinstance.py:1159} INFO - Dependencies all met for dep_context=requeueable deps ti=<TaskInstance: tasks_relations.this_way scheduled__2023-08-17T00:00:00+00:00 [queued]>
[2023-09-12T17:37:39.968+0000] {taskinstance.py:1361} INFO - Starting attempt 1 of 1
[2023-09-12T17:37:39.998+0000] {taskinstance.py:1382} INFO - Executing <Task(_PythonDecoratedOperator): this_way> on 2023-08-17 00:00:00+00:00
[2023-09-12T17:37:40.008+0000] {standard_task_runner.py:57} INFO - Started process 3451 to run task
[2023-09-12T17:37:40.020+0000] {standard_task_runner.py:84} INFO - Running: ['***', 'tasks', 'run', 'tasks_relations', 'this_way', 'scheduled__2023-08-17T00:00:00+00:00', '--job-id', '1644', '--raw', '--subdir', 'DAGS_FOLDER/2_tasks_relations.py', '--cfg-path', '/tmp/tmpwmjlrlkl']
[2023-09-12T17:37:40.024+0000] {standard_task_runner.py:85} INFO - Job 1644: Subtask this_way
[2023-09-12T17:37:40.112+0000] {task_command.py:415} INFO - Running <TaskInstance: tasks_relations.this_way scheduled__2023-08-17T00:00:00+00:00 [running]> on host 0ab7970e0956
[2023-09-12T17:37:40.256+0000] {taskinstance.py:1660} INFO - Exporting env vars: AIRFLOW_CTX_DAG_OWNER='***' AIRFLOW_CTX_DAG_ID='tasks_relations' AIRFLOW_CTX_TASK_ID='this_way' AIRFLOW_CTX_EXECUTION_DATE='2023-08-17T00:00:00+00:00' AIRFLOW_CTX_TRY_NUMBER='1' AIRFLOW_CTX_DAG_RUN_ID='scheduled__2023-08-17T00:00:00+00:00'
[2023-09-12T17:37:40.265+0000] {logging_mixin.py:151} INFO - THIS WAY!!!
[2023-09-12T17:37:40.268+0000] {python.py:194} INFO - Done. Returned value was: None
[2023-09-12T17:37:40.282+0000] {taskinstance.py:1400} INFO - Marking task as SUCCESS. dag_id=tasks_relations, task_id=this_way, execution_date=20230817T000000, start_date=20230912T173739, end_date=20230912T173740
[2023-09-12T17:37:40.313+0000] {local_task_job_runner.py:228} INFO - Task exited with return code 0
[2023-09-12T17:37:40.340+0000] {taskinstance.py:2784} INFO - 0 downstream tasks scheduled from follow-on schedule check
