[2023-09-05T15:24:53.481+0000] {taskinstance.py:1159} INFO - Dependencies all met for dep_context=non-requeueable deps ti=<TaskInstance: tasks_relations.say_hello scheduled__2023-02-05T00:00:00+00:00 [queued]>
[2023-09-05T15:24:53.571+0000] {taskinstance.py:1159} INFO - Dependencies all met for dep_context=requeueable deps ti=<TaskInstance: tasks_relations.say_hello scheduled__2023-02-05T00:00:00+00:00 [queued]>
[2023-09-05T15:24:53.577+0000] {taskinstance.py:1361} INFO - Starting attempt 1 of 1
[2023-09-05T15:24:53.609+0000] {taskinstance.py:1382} INFO - Executing <Task(_PythonDecoratedOperator): say_hello> on 2023-02-05 00:00:00+00:00
[2023-09-05T15:24:53.632+0000] {standard_task_runner.py:57} INFO - Started process 316 to run task
[2023-09-05T15:24:53.659+0000] {standard_task_runner.py:84} INFO - Running: ['***', 'tasks', 'run', 'tasks_relations', 'say_hello', 'scheduled__2023-02-05T00:00:00+00:00', '--job-id', '117', '--raw', '--subdir', 'DAGS_FOLDER/tasks_relations.py', '--cfg-path', '/tmp/tmp9goait93']
[2023-09-05T15:24:53.661+0000] {standard_task_runner.py:85} INFO - Job 117: Subtask say_hello
[2023-09-05T15:24:54.034+0000] {task_command.py:415} INFO - Running <TaskInstance: tasks_relations.say_hello scheduled__2023-02-05T00:00:00+00:00 [running]> on host ca474790e981
[2023-09-05T15:24:54.476+0000] {taskinstance.py:1660} INFO - Exporting env vars: AIRFLOW_CTX_DAG_OWNER='***' AIRFLOW_CTX_DAG_ID='tasks_relations' AIRFLOW_CTX_TASK_ID='say_hello' AIRFLOW_CTX_EXECUTION_DATE='2023-02-05T00:00:00+00:00' AIRFLOW_CTX_TRY_NUMBER='1' AIRFLOW_CTX_DAG_RUN_ID='scheduled__2023-02-05T00:00:00+00:00'
[2023-09-05T15:24:54.544+0000] {logging_mixin.py:151} INFO - hello ***
[2023-09-05T15:24:54.548+0000] {python.py:194} INFO - Done. Returned value was: None
[2023-09-05T15:24:54.638+0000] {taskinstance.py:1400} INFO - Marking task as SUCCESS. dag_id=tasks_relations, task_id=say_hello, execution_date=20230205T000000, start_date=20230905T152453, end_date=20230905T152454
[2023-09-05T15:24:54.850+0000] {local_task_job_runner.py:228} INFO - Task exited with return code 0
[2023-09-05T15:24:55.135+0000] {taskinstance.py:2784} INFO - 1 downstream tasks scheduled from follow-on schedule check
[2023-09-12T17:34:06.820+0000] {taskinstance.py:1159} INFO - Dependencies all met for dep_context=non-requeueable deps ti=<TaskInstance: tasks_relations.say_hello scheduled__2023-02-05T00:00:00+00:00 [queued]>
[2023-09-12T17:34:06.880+0000] {taskinstance.py:1159} INFO - Dependencies all met for dep_context=requeueable deps ti=<TaskInstance: tasks_relations.say_hello scheduled__2023-02-05T00:00:00+00:00 [queued]>
[2023-09-12T17:34:06.884+0000] {taskinstance.py:1361} INFO - Starting attempt 1 of 1
[2023-09-12T17:34:06.960+0000] {taskinstance.py:1382} INFO - Executing <Task(_PythonDecoratedOperator): say_hello> on 2023-02-05 00:00:00+00:00
[2023-09-12T17:34:06.972+0000] {standard_task_runner.py:57} INFO - Started process 758 to run task
[2023-09-12T17:34:07.008+0000] {standard_task_runner.py:84} INFO - Running: ['***', 'tasks', 'run', 'tasks_relations', 'say_hello', 'scheduled__2023-02-05T00:00:00+00:00', '--job-id', '321', '--raw', '--subdir', 'DAGS_FOLDER/2_tasks_relations.py', '--cfg-path', '/tmp/tmp2fxzuehc']
[2023-09-12T17:34:07.019+0000] {standard_task_runner.py:85} INFO - Job 321: Subtask say_hello
[2023-09-12T17:34:07.152+0000] {task_command.py:415} INFO - Running <TaskInstance: tasks_relations.say_hello scheduled__2023-02-05T00:00:00+00:00 [running]> on host 0ab7970e0956
[2023-09-12T17:34:07.365+0000] {taskinstance.py:1660} INFO - Exporting env vars: AIRFLOW_CTX_DAG_OWNER='***' AIRFLOW_CTX_DAG_ID='tasks_relations' AIRFLOW_CTX_TASK_ID='say_hello' AIRFLOW_CTX_EXECUTION_DATE='2023-02-05T00:00:00+00:00' AIRFLOW_CTX_TRY_NUMBER='1' AIRFLOW_CTX_DAG_RUN_ID='scheduled__2023-02-05T00:00:00+00:00'
[2023-09-12T17:34:07.366+0000] {logging_mixin.py:151} INFO - hello world
[2023-09-12T17:34:07.370+0000] {python.py:194} INFO - Done. Returned value was: None
[2023-09-12T17:34:07.414+0000] {taskinstance.py:1400} INFO - Marking task as SUCCESS. dag_id=tasks_relations, task_id=say_hello, execution_date=20230205T000000, start_date=20230912T173406, end_date=20230912T173407
[2023-09-12T17:34:07.538+0000] {local_task_job_runner.py:228} INFO - Task exited with return code 0
[2023-09-12T17:34:07.639+0000] {taskinstance.py:2784} INFO - 1 downstream tasks scheduled from follow-on schedule check
