[2023-09-05T15:26:04.992+0000] {taskinstance.py:1159} INFO - Dependencies all met for dep_context=non-requeueable deps ti=<TaskInstance: tasks_relations.say_hello scheduled__2023-04-10T00:00:00+00:00 [queued]>
[2023-09-05T15:26:05.057+0000] {taskinstance.py:1159} INFO - Dependencies all met for dep_context=requeueable deps ti=<TaskInstance: tasks_relations.say_hello scheduled__2023-04-10T00:00:00+00:00 [queued]>
[2023-09-05T15:26:05.060+0000] {taskinstance.py:1361} INFO - Starting attempt 1 of 1
[2023-09-05T15:26:05.225+0000] {taskinstance.py:1382} INFO - Executing <Task(_PythonDecoratedOperator): say_hello> on 2023-04-10 00:00:00+00:00
[2023-09-05T15:26:05.273+0000] {standard_task_runner.py:57} INFO - Started process 708 to run task
[2023-09-05T15:26:05.291+0000] {standard_task_runner.py:84} INFO - Running: ['***', 'tasks', 'run', 'tasks_relations', 'say_hello', 'scheduled__2023-04-10T00:00:00+00:00', '--job-id', '306', '--raw', '--subdir', 'DAGS_FOLDER/tasks_relations.py', '--cfg-path', '/tmp/tmp01r8m0nr']
[2023-09-05T15:26:05.327+0000] {standard_task_runner.py:85} INFO - Job 306: Subtask say_hello
[2023-09-05T15:26:05.657+0000] {task_command.py:415} INFO - Running <TaskInstance: tasks_relations.say_hello scheduled__2023-04-10T00:00:00+00:00 [running]> on host ca474790e981
[2023-09-05T15:26:06.086+0000] {taskinstance.py:1660} INFO - Exporting env vars: AIRFLOW_CTX_DAG_OWNER='***' AIRFLOW_CTX_DAG_ID='tasks_relations' AIRFLOW_CTX_TASK_ID='say_hello' AIRFLOW_CTX_EXECUTION_DATE='2023-04-10T00:00:00+00:00' AIRFLOW_CTX_TRY_NUMBER='1' AIRFLOW_CTX_DAG_RUN_ID='scheduled__2023-04-10T00:00:00+00:00'
[2023-09-05T15:26:06.096+0000] {logging_mixin.py:151} INFO - hello ***
[2023-09-05T15:26:06.099+0000] {python.py:194} INFO - Done. Returned value was: None
[2023-09-05T15:26:06.147+0000] {taskinstance.py:1400} INFO - Marking task as SUCCESS. dag_id=tasks_relations, task_id=say_hello, execution_date=20230410T000000, start_date=20230905T152605, end_date=20230905T152606
[2023-09-05T15:26:06.274+0000] {local_task_job_runner.py:228} INFO - Task exited with return code 0
[2023-09-05T15:26:06.592+0000] {taskinstance.py:2784} INFO - 0 downstream tasks scheduled from follow-on schedule check
[2023-09-12T17:35:19.032+0000] {taskinstance.py:1159} INFO - Dependencies all met for dep_context=non-requeueable deps ti=<TaskInstance: tasks_relations.say_hello scheduled__2023-04-10T00:00:00+00:00 [queued]>
[2023-09-12T17:35:19.044+0000] {taskinstance.py:1159} INFO - Dependencies all met for dep_context=requeueable deps ti=<TaskInstance: tasks_relations.say_hello scheduled__2023-04-10T00:00:00+00:00 [queued]>
[2023-09-12T17:35:19.045+0000] {taskinstance.py:1361} INFO - Starting attempt 1 of 1
[2023-09-12T17:35:19.076+0000] {taskinstance.py:1382} INFO - Executing <Task(_PythonDecoratedOperator): say_hello> on 2023-04-10 00:00:00+00:00
[2023-09-12T17:35:19.082+0000] {standard_task_runner.py:57} INFO - Started process 1766 to run task
[2023-09-12T17:35:19.094+0000] {standard_task_runner.py:84} INFO - Running: ['***', 'tasks', 'run', 'tasks_relations', 'say_hello', 'scheduled__2023-04-10T00:00:00+00:00', '--job-id', '819', '--raw', '--subdir', 'DAGS_FOLDER/2_tasks_relations.py', '--cfg-path', '/tmp/tmpkqfd43mw']
[2023-09-12T17:35:19.107+0000] {standard_task_runner.py:85} INFO - Job 819: Subtask say_hello
[2023-09-12T17:35:19.260+0000] {task_command.py:415} INFO - Running <TaskInstance: tasks_relations.say_hello scheduled__2023-04-10T00:00:00+00:00 [running]> on host 0ab7970e0956
[2023-09-12T17:35:19.440+0000] {taskinstance.py:1660} INFO - Exporting env vars: AIRFLOW_CTX_DAG_OWNER='***' AIRFLOW_CTX_DAG_ID='tasks_relations' AIRFLOW_CTX_TASK_ID='say_hello' AIRFLOW_CTX_EXECUTION_DATE='2023-04-10T00:00:00+00:00' AIRFLOW_CTX_TRY_NUMBER='1' AIRFLOW_CTX_DAG_RUN_ID='scheduled__2023-04-10T00:00:00+00:00'
[2023-09-12T17:35:19.441+0000] {logging_mixin.py:151} INFO - hello world
[2023-09-12T17:35:19.441+0000] {python.py:194} INFO - Done. Returned value was: None
[2023-09-12T17:35:19.460+0000] {taskinstance.py:1400} INFO - Marking task as SUCCESS. dag_id=tasks_relations, task_id=say_hello, execution_date=20230410T000000, start_date=20230912T173519, end_date=20230912T173519
[2023-09-12T17:35:19.512+0000] {local_task_job_runner.py:228} INFO - Task exited with return code 0
[2023-09-12T17:35:19.553+0000] {taskinstance.py:2784} INFO - 1 downstream tasks scheduled from follow-on schedule check
