[2023-09-05T15:24:43.978+0000] {taskinstance.py:1159} INFO - Dependencies all met for dep_context=non-requeueable deps ti=<TaskInstance: tasks_relations.say_bye scheduled__2023-01-31T00:00:00+00:00 [queued]>
[2023-09-05T15:24:43.992+0000] {taskinstance.py:1159} INFO - Dependencies all met for dep_context=requeueable deps ti=<TaskInstance: tasks_relations.say_bye scheduled__2023-01-31T00:00:00+00:00 [queued]>
[2023-09-05T15:24:43.995+0000] {taskinstance.py:1361} INFO - Starting attempt 1 of 1
[2023-09-05T15:24:44.014+0000] {taskinstance.py:1382} INFO - Executing <Task(_PythonDecoratedOperator): say_bye> on 2023-01-31 00:00:00+00:00
[2023-09-05T15:24:44.021+0000] {standard_task_runner.py:57} INFO - Started process 267 to run task
[2023-09-05T15:24:44.031+0000] {standard_task_runner.py:84} INFO - Running: ['***', 'tasks', 'run', 'tasks_relations', 'say_bye', 'scheduled__2023-01-31T00:00:00+00:00', '--job-id', '101', '--raw', '--subdir', 'DAGS_FOLDER/tasks_relations.py', '--cfg-path', '/tmp/tmpxe6wh6a6']
[2023-09-05T15:24:44.034+0000] {standard_task_runner.py:85} INFO - Job 101: Subtask say_bye
[2023-09-05T15:24:44.134+0000] {task_command.py:415} INFO - Running <TaskInstance: tasks_relations.say_bye scheduled__2023-01-31T00:00:00+00:00 [running]> on host ca474790e981
[2023-09-05T15:24:44.248+0000] {taskinstance.py:1660} INFO - Exporting env vars: AIRFLOW_CTX_DAG_OWNER='***' AIRFLOW_CTX_DAG_ID='tasks_relations' AIRFLOW_CTX_TASK_ID='say_bye' AIRFLOW_CTX_EXECUTION_DATE='2023-01-31T00:00:00+00:00' AIRFLOW_CTX_TRY_NUMBER='1' AIRFLOW_CTX_DAG_RUN_ID='scheduled__2023-01-31T00:00:00+00:00'
[2023-09-05T15:24:44.250+0000] {logging_mixin.py:151} INFO - goodbye ***
[2023-09-05T15:24:44.250+0000] {python.py:194} INFO - Done. Returned value was: None
[2023-09-05T15:24:44.263+0000] {taskinstance.py:1400} INFO - Marking task as SUCCESS. dag_id=tasks_relations, task_id=say_bye, execution_date=20230131T000000, start_date=20230905T152443, end_date=20230905T152444
[2023-09-05T15:24:44.295+0000] {local_task_job_runner.py:228} INFO - Task exited with return code 0
[2023-09-05T15:24:44.310+0000] {taskinstance.py:2784} INFO - 0 downstream tasks scheduled from follow-on schedule check
[2023-09-12T17:34:02.147+0000] {taskinstance.py:1159} INFO - Dependencies all met for dep_context=non-requeueable deps ti=<TaskInstance: tasks_relations.say_bye scheduled__2023-01-31T00:00:00+00:00 [queued]>
[2023-09-12T17:34:02.256+0000] {taskinstance.py:1159} INFO - Dependencies all met for dep_context=requeueable deps ti=<TaskInstance: tasks_relations.say_bye scheduled__2023-01-31T00:00:00+00:00 [queued]>
[2023-09-12T17:34:02.258+0000] {taskinstance.py:1361} INFO - Starting attempt 1 of 1
[2023-09-12T17:34:02.296+0000] {taskinstance.py:1382} INFO - Executing <Task(_PythonDecoratedOperator): say_bye> on 2023-01-31 00:00:00+00:00
[2023-09-12T17:34:02.317+0000] {standard_task_runner.py:57} INFO - Started process 710 to run task
[2023-09-12T17:34:02.374+0000] {standard_task_runner.py:84} INFO - Running: ['***', 'tasks', 'run', 'tasks_relations', 'say_bye', 'scheduled__2023-01-31T00:00:00+00:00', '--job-id', '299', '--raw', '--subdir', 'DAGS_FOLDER/2_tasks_relations.py', '--cfg-path', '/tmp/tmpadxwxzv5']
[2023-09-12T17:34:02.378+0000] {standard_task_runner.py:85} INFO - Job 299: Subtask say_bye
[2023-09-12T17:34:02.642+0000] {task_command.py:415} INFO - Running <TaskInstance: tasks_relations.say_bye scheduled__2023-01-31T00:00:00+00:00 [running]> on host 0ab7970e0956
[2023-09-12T17:34:02.897+0000] {taskinstance.py:1660} INFO - Exporting env vars: AIRFLOW_CTX_DAG_OWNER='***' AIRFLOW_CTX_DAG_ID='tasks_relations' AIRFLOW_CTX_TASK_ID='say_bye' AIRFLOW_CTX_EXECUTION_DATE='2023-01-31T00:00:00+00:00' AIRFLOW_CTX_TRY_NUMBER='1' AIRFLOW_CTX_DAG_RUN_ID='scheduled__2023-01-31T00:00:00+00:00'
[2023-09-12T17:34:02.900+0000] {logging_mixin.py:151} INFO - goodbye world
[2023-09-12T17:34:02.902+0000] {python.py:194} INFO - Done. Returned value was: None
[2023-09-12T17:34:02.937+0000] {taskinstance.py:1400} INFO - Marking task as SUCCESS. dag_id=tasks_relations, task_id=say_bye, execution_date=20230131T000000, start_date=20230912T173402, end_date=20230912T173402
[2023-09-12T17:34:02.998+0000] {local_task_job_runner.py:228} INFO - Task exited with return code 0
[2023-09-12T17:34:03.073+0000] {taskinstance.py:2784} INFO - 0 downstream tasks scheduled from follow-on schedule check
