[2023-09-05T15:24:38.406+0000] {taskinstance.py:1159} INFO - Dependencies all met for dep_context=non-requeueable deps ti=<TaskInstance: tasks_relations.say_hello scheduled__2023-01-24T00:00:00+00:00 [queued]>
[2023-09-05T15:24:38.719+0000] {taskinstance.py:1159} INFO - Dependencies all met for dep_context=requeueable deps ti=<TaskInstance: tasks_relations.say_hello scheduled__2023-01-24T00:00:00+00:00 [queued]>
[2023-09-05T15:24:38.726+0000] {taskinstance.py:1361} INFO - Starting attempt 1 of 1
[2023-09-05T15:24:39.025+0000] {taskinstance.py:1382} INFO - Executing <Task(_PythonDecoratedOperator): say_hello> on 2023-01-24 00:00:00+00:00
[2023-09-05T15:24:39.081+0000] {standard_task_runner.py:57} INFO - Started process 234 to run task
[2023-09-05T15:24:39.145+0000] {standard_task_runner.py:84} INFO - Running: ['***', 'tasks', 'run', 'tasks_relations', 'say_hello', 'scheduled__2023-01-24T00:00:00+00:00', '--job-id', '79', '--raw', '--subdir', 'DAGS_FOLDER/tasks_relations.py', '--cfg-path', '/tmp/tmpnuf3bt7h']
[2023-09-05T15:24:39.176+0000] {standard_task_runner.py:85} INFO - Job 79: Subtask say_hello
[2023-09-05T15:24:39.836+0000] {task_command.py:415} INFO - Running <TaskInstance: tasks_relations.say_hello scheduled__2023-01-24T00:00:00+00:00 [running]> on host ca474790e981
[2023-09-05T15:24:40.416+0000] {taskinstance.py:1660} INFO - Exporting env vars: AIRFLOW_CTX_DAG_OWNER='***' AIRFLOW_CTX_DAG_ID='tasks_relations' AIRFLOW_CTX_TASK_ID='say_hello' AIRFLOW_CTX_EXECUTION_DATE='2023-01-24T00:00:00+00:00' AIRFLOW_CTX_TRY_NUMBER='1' AIRFLOW_CTX_DAG_RUN_ID='scheduled__2023-01-24T00:00:00+00:00'
[2023-09-05T15:24:40.426+0000] {logging_mixin.py:151} INFO - hello ***
[2023-09-05T15:24:40.434+0000] {python.py:194} INFO - Done. Returned value was: None
[2023-09-05T15:24:40.496+0000] {taskinstance.py:1400} INFO - Marking task as SUCCESS. dag_id=tasks_relations, task_id=say_hello, execution_date=20230124T000000, start_date=20230905T152438, end_date=20230905T152440
[2023-09-05T15:24:40.731+0000] {local_task_job_runner.py:228} INFO - Task exited with return code 0
[2023-09-05T15:24:40.858+0000] {taskinstance.py:2784} INFO - 0 downstream tasks scheduled from follow-on schedule check
[2023-09-12T17:33:25.202+0000] {taskinstance.py:1159} INFO - Dependencies all met for dep_context=non-requeueable deps ti=<TaskInstance: tasks_relations.say_hello scheduled__2023-01-24T00:00:00+00:00 [queued]>
[2023-09-12T17:33:25.270+0000] {taskinstance.py:1159} INFO - Dependencies all met for dep_context=requeueable deps ti=<TaskInstance: tasks_relations.say_hello scheduled__2023-01-24T00:00:00+00:00 [queued]>
[2023-09-12T17:33:25.286+0000] {taskinstance.py:1361} INFO - Starting attempt 1 of 1
[2023-09-12T17:33:26.485+0000] {taskinstance.py:1382} INFO - Executing <Task(_PythonDecoratedOperator): say_hello> on 2023-01-24 00:00:00+00:00
[2023-09-12T17:33:26.601+0000] {standard_task_runner.py:57} INFO - Started process 516 to run task
[2023-09-12T17:33:26.725+0000] {standard_task_runner.py:84} INFO - Running: ['***', 'tasks', 'run', 'tasks_relations', 'say_hello', 'scheduled__2023-01-24T00:00:00+00:00', '--job-id', '206', '--raw', '--subdir', 'DAGS_FOLDER/2_tasks_relations.py', '--cfg-path', '/tmp/tmp5xd4jqh2']
[2023-09-12T17:33:26.748+0000] {standard_task_runner.py:85} INFO - Job 206: Subtask say_hello
[2023-09-12T17:33:27.562+0000] {task_command.py:415} INFO - Running <TaskInstance: tasks_relations.say_hello scheduled__2023-01-24T00:00:00+00:00 [running]> on host 0ab7970e0956
[2023-09-12T17:33:28.174+0000] {taskinstance.py:1660} INFO - Exporting env vars: AIRFLOW_CTX_DAG_OWNER='***' AIRFLOW_CTX_DAG_ID='tasks_relations' AIRFLOW_CTX_TASK_ID='say_hello' AIRFLOW_CTX_EXECUTION_DATE='2023-01-24T00:00:00+00:00' AIRFLOW_CTX_TRY_NUMBER='1' AIRFLOW_CTX_DAG_RUN_ID='scheduled__2023-01-24T00:00:00+00:00'
[2023-09-12T17:33:28.184+0000] {logging_mixin.py:151} INFO - hello world
[2023-09-12T17:33:28.192+0000] {python.py:194} INFO - Done. Returned value was: None
[2023-09-12T17:33:28.356+0000] {taskinstance.py:1400} INFO - Marking task as SUCCESS. dag_id=tasks_relations, task_id=say_hello, execution_date=20230124T000000, start_date=20230912T173325, end_date=20230912T173328
[2023-09-12T17:33:28.449+0000] {local_task_job_runner.py:228} INFO - Task exited with return code 0
[2023-09-12T17:33:28.685+0000] {taskinstance.py:2784} INFO - 1 downstream tasks scheduled from follow-on schedule check
