[2023-09-05T15:27:42.962+0000] {taskinstance.py:1159} INFO - Dependencies all met for dep_context=non-requeueable deps ti=<TaskInstance: tasks_relations.say_bye scheduled__2023-05-18T00:00:00+00:00 [queued]>
[2023-09-05T15:27:43.005+0000] {taskinstance.py:1159} INFO - Dependencies all met for dep_context=requeueable deps ti=<TaskInstance: tasks_relations.say_bye scheduled__2023-05-18T00:00:00+00:00 [queued]>
[2023-09-05T15:27:43.011+0000] {taskinstance.py:1361} INFO - Starting attempt 1 of 1
[2023-09-05T15:27:43.178+0000] {taskinstance.py:1382} INFO - Executing <Task(_PythonDecoratedOperator): say_bye> on 2023-05-18 00:00:00+00:00
[2023-09-05T15:27:43.245+0000] {standard_task_runner.py:57} INFO - Started process 959 to run task
[2023-09-05T15:27:43.313+0000] {standard_task_runner.py:84} INFO - Running: ['***', 'tasks', 'run', 'tasks_relations', 'say_bye', 'scheduled__2023-05-18T00:00:00+00:00', '--job-id', '417', '--raw', '--subdir', 'DAGS_FOLDER/tasks_relations.py', '--cfg-path', '/tmp/tmpsbnstbik']
[2023-09-05T15:27:43.341+0000] {standard_task_runner.py:85} INFO - Job 417: Subtask say_bye
[2023-09-05T15:27:44.097+0000] {task_command.py:415} INFO - Running <TaskInstance: tasks_relations.say_bye scheduled__2023-05-18T00:00:00+00:00 [running]> on host ca474790e981
[2023-09-05T15:27:45.541+0000] {taskinstance.py:1660} INFO - Exporting env vars: AIRFLOW_CTX_DAG_OWNER='***' AIRFLOW_CTX_DAG_ID='tasks_relations' AIRFLOW_CTX_TASK_ID='say_bye' AIRFLOW_CTX_EXECUTION_DATE='2023-05-18T00:00:00+00:00' AIRFLOW_CTX_TRY_NUMBER='1' AIRFLOW_CTX_DAG_RUN_ID='scheduled__2023-05-18T00:00:00+00:00'
[2023-09-05T15:27:45.607+0000] {logging_mixin.py:151} INFO - goodbye world
[2023-09-05T15:27:45.622+0000] {python.py:194} INFO - Done. Returned value was: None
[2023-09-05T15:27:45.798+0000] {taskinstance.py:1400} INFO - Marking task as SUCCESS. dag_id=tasks_relations, task_id=say_bye, execution_date=20230518T000000, start_date=20230905T152742, end_date=20230905T152745
[2023-09-05T15:27:46.183+0000] {local_task_job_runner.py:228} INFO - Task exited with return code 0
[2023-09-05T15:27:46.744+0000] {taskinstance.py:2784} INFO - 2 downstream tasks scheduled from follow-on schedule check
[2023-09-12T17:36:01.048+0000] {taskinstance.py:1159} INFO - Dependencies all met for dep_context=non-requeueable deps ti=<TaskInstance: tasks_relations.say_bye scheduled__2023-05-18T00:00:00+00:00 [queued]>
[2023-09-12T17:36:01.063+0000] {taskinstance.py:1159} INFO - Dependencies all met for dep_context=requeueable deps ti=<TaskInstance: tasks_relations.say_bye scheduled__2023-05-18T00:00:00+00:00 [queued]>
[2023-09-12T17:36:01.064+0000] {taskinstance.py:1361} INFO - Starting attempt 1 of 1
[2023-09-12T17:36:01.088+0000] {taskinstance.py:1382} INFO - Executing <Task(_PythonDecoratedOperator): say_bye> on 2023-05-18 00:00:00+00:00
[2023-09-12T17:36:01.094+0000] {standard_task_runner.py:57} INFO - Started process 2314 to run task
[2023-09-12T17:36:01.099+0000] {standard_task_runner.py:84} INFO - Running: ['***', 'tasks', 'run', 'tasks_relations', 'say_bye', 'scheduled__2023-05-18T00:00:00+00:00', '--job-id', '1090', '--raw', '--subdir', 'DAGS_FOLDER/2_tasks_relations.py', '--cfg-path', '/tmp/tmptbo3i8ez']
[2023-09-12T17:36:01.106+0000] {standard_task_runner.py:85} INFO - Job 1090: Subtask say_bye
[2023-09-12T17:36:01.192+0000] {task_command.py:415} INFO - Running <TaskInstance: tasks_relations.say_bye scheduled__2023-05-18T00:00:00+00:00 [running]> on host 0ab7970e0956
[2023-09-12T17:36:01.288+0000] {taskinstance.py:1660} INFO - Exporting env vars: AIRFLOW_CTX_DAG_OWNER='***' AIRFLOW_CTX_DAG_ID='tasks_relations' AIRFLOW_CTX_TASK_ID='say_bye' AIRFLOW_CTX_EXECUTION_DATE='2023-05-18T00:00:00+00:00' AIRFLOW_CTX_TRY_NUMBER='1' AIRFLOW_CTX_DAG_RUN_ID='scheduled__2023-05-18T00:00:00+00:00'
[2023-09-12T17:36:01.293+0000] {logging_mixin.py:151} INFO - goodbye world
[2023-09-12T17:36:01.293+0000] {python.py:194} INFO - Done. Returned value was: None
[2023-09-12T17:36:01.312+0000] {taskinstance.py:1400} INFO - Marking task as SUCCESS. dag_id=tasks_relations, task_id=say_bye, execution_date=20230518T000000, start_date=20230912T173601, end_date=20230912T173601
[2023-09-12T17:36:01.356+0000] {local_task_job_runner.py:228} INFO - Task exited with return code 0
[2023-09-12T17:36:01.398+0000] {taskinstance.py:2784} INFO - 2 downstream tasks scheduled from follow-on schedule check
