[2023-09-05T15:25:12.492+0000] {taskinstance.py:1159} INFO - Dependencies all met for dep_context=non-requeueable deps ti=<TaskInstance: tasks_relations.say_bye scheduled__2023-02-22T00:00:00+00:00 [queued]>
[2023-09-05T15:25:12.514+0000] {taskinstance.py:1159} INFO - Dependencies all met for dep_context=requeueable deps ti=<TaskInstance: tasks_relations.say_bye scheduled__2023-02-22T00:00:00+00:00 [queued]>
[2023-09-05T15:25:12.517+0000] {taskinstance.py:1361} INFO - Starting attempt 1 of 1
[2023-09-05T15:25:12.543+0000] {taskinstance.py:1382} INFO - Executing <Task(_PythonDecoratedOperator): say_bye> on 2023-02-22 00:00:00+00:00
[2023-09-05T15:25:12.549+0000] {standard_task_runner.py:57} INFO - Started process 434 to run task
[2023-09-05T15:25:12.560+0000] {standard_task_runner.py:84} INFO - Running: ['***', 'tasks', 'run', 'tasks_relations', 'say_bye', 'scheduled__2023-02-22T00:00:00+00:00', '--job-id', '177', '--raw', '--subdir', 'DAGS_FOLDER/tasks_relations.py', '--cfg-path', '/tmp/tmpecahep6l']
[2023-09-05T15:25:12.570+0000] {standard_task_runner.py:85} INFO - Job 177: Subtask say_bye
[2023-09-05T15:25:12.804+0000] {task_command.py:415} INFO - Running <TaskInstance: tasks_relations.say_bye scheduled__2023-02-22T00:00:00+00:00 [running]> on host ca474790e981
[2023-09-05T15:25:13.122+0000] {taskinstance.py:1660} INFO - Exporting env vars: AIRFLOW_CTX_DAG_OWNER='***' AIRFLOW_CTX_DAG_ID='tasks_relations' AIRFLOW_CTX_TASK_ID='say_bye' AIRFLOW_CTX_EXECUTION_DATE='2023-02-22T00:00:00+00:00' AIRFLOW_CTX_TRY_NUMBER='1' AIRFLOW_CTX_DAG_RUN_ID='scheduled__2023-02-22T00:00:00+00:00'
[2023-09-05T15:25:13.124+0000] {logging_mixin.py:151} INFO - goodbye ***
[2023-09-05T15:25:13.125+0000] {python.py:194} INFO - Done. Returned value was: None
[2023-09-05T15:25:13.154+0000] {taskinstance.py:1400} INFO - Marking task as SUCCESS. dag_id=tasks_relations, task_id=say_bye, execution_date=20230222T000000, start_date=20230905T152512, end_date=20230905T152513
[2023-09-05T15:25:13.222+0000] {local_task_job_runner.py:228} INFO - Task exited with return code 0
[2023-09-05T15:25:13.245+0000] {taskinstance.py:2784} INFO - 0 downstream tasks scheduled from follow-on schedule check
[2023-09-12T17:34:29.172+0000] {taskinstance.py:1159} INFO - Dependencies all met for dep_context=non-requeueable deps ti=<TaskInstance: tasks_relations.say_bye scheduled__2023-02-22T00:00:00+00:00 [queued]>
[2023-09-12T17:34:29.224+0000] {taskinstance.py:1159} INFO - Dependencies all met for dep_context=requeueable deps ti=<TaskInstance: tasks_relations.say_bye scheduled__2023-02-22T00:00:00+00:00 [queued]>
[2023-09-12T17:34:29.230+0000] {taskinstance.py:1361} INFO - Starting attempt 1 of 1
[2023-09-12T17:34:29.263+0000] {taskinstance.py:1382} INFO - Executing <Task(_PythonDecoratedOperator): say_bye> on 2023-02-22 00:00:00+00:00
[2023-09-12T17:34:29.271+0000] {standard_task_runner.py:57} INFO - Started process 1074 to run task
[2023-09-12T17:34:29.289+0000] {standard_task_runner.py:84} INFO - Running: ['***', 'tasks', 'run', 'tasks_relations', 'say_bye', 'scheduled__2023-02-22T00:00:00+00:00', '--job-id', '478', '--raw', '--subdir', 'DAGS_FOLDER/2_tasks_relations.py', '--cfg-path', '/tmp/tmph0iswnyt']
[2023-09-12T17:34:29.292+0000] {standard_task_runner.py:85} INFO - Job 478: Subtask say_bye
[2023-09-12T17:34:29.479+0000] {task_command.py:415} INFO - Running <TaskInstance: tasks_relations.say_bye scheduled__2023-02-22T00:00:00+00:00 [running]> on host 0ab7970e0956
[2023-09-12T17:34:29.756+0000] {taskinstance.py:1660} INFO - Exporting env vars: AIRFLOW_CTX_DAG_OWNER='***' AIRFLOW_CTX_DAG_ID='tasks_relations' AIRFLOW_CTX_TASK_ID='say_bye' AIRFLOW_CTX_EXECUTION_DATE='2023-02-22T00:00:00+00:00' AIRFLOW_CTX_TRY_NUMBER='1' AIRFLOW_CTX_DAG_RUN_ID='scheduled__2023-02-22T00:00:00+00:00'
[2023-09-12T17:34:29.760+0000] {logging_mixin.py:151} INFO - goodbye world
[2023-09-12T17:34:29.763+0000] {python.py:194} INFO - Done. Returned value was: None
[2023-09-12T17:34:29.784+0000] {taskinstance.py:1400} INFO - Marking task as SUCCESS. dag_id=tasks_relations, task_id=say_bye, execution_date=20230222T000000, start_date=20230912T173429, end_date=20230912T173429
[2023-09-12T17:34:29.887+0000] {local_task_job_runner.py:228} INFO - Task exited with return code 0
[2023-09-12T17:34:29.936+0000] {taskinstance.py:2784} INFO - 2 downstream tasks scheduled from follow-on schedule check
