[2023-09-05T15:28:08.729+0000] {taskinstance.py:1159} INFO - Dependencies all met for dep_context=non-requeueable deps ti=<TaskInstance: tasks_relations.or_that_way scheduled__2023-05-28T00:00:00+00:00 [queued]>
[2023-09-05T15:28:08.837+0000] {taskinstance.py:1159} INFO - Dependencies all met for dep_context=requeueable deps ti=<TaskInstance: tasks_relations.or_that_way scheduled__2023-05-28T00:00:00+00:00 [queued]>
[2023-09-05T15:28:08.842+0000] {taskinstance.py:1361} INFO - Starting attempt 1 of 1
[2023-09-05T15:28:08.960+0000] {taskinstance.py:1382} INFO - Executing <Task(_PythonDecoratedOperator): or_that_way> on 2023-05-28 00:00:00+00:00
[2023-09-05T15:28:08.995+0000] {standard_task_runner.py:57} INFO - Started process 1056 to run task
[2023-09-05T15:28:09.033+0000] {standard_task_runner.py:84} INFO - Running: ['***', 'tasks', 'run', 'tasks_relations', 'or_that_way', 'scheduled__2023-05-28T00:00:00+00:00', '--job-id', '464', '--raw', '--subdir', 'DAGS_FOLDER/tasks_relations.py', '--cfg-path', '/tmp/tmpz5z377u_']
[2023-09-05T15:28:09.075+0000] {standard_task_runner.py:85} INFO - Job 464: Subtask or_that_way
[2023-09-05T15:28:09.607+0000] {task_command.py:415} INFO - Running <TaskInstance: tasks_relations.or_that_way scheduled__2023-05-28T00:00:00+00:00 [running]> on host ca474790e981
[2023-09-05T15:28:10.197+0000] {taskinstance.py:1660} INFO - Exporting env vars: AIRFLOW_CTX_DAG_OWNER='***' AIRFLOW_CTX_DAG_ID='tasks_relations' AIRFLOW_CTX_TASK_ID='or_that_way' AIRFLOW_CTX_EXECUTION_DATE='2023-05-28T00:00:00+00:00' AIRFLOW_CTX_TRY_NUMBER='1' AIRFLOW_CTX_DAG_RUN_ID='scheduled__2023-05-28T00:00:00+00:00'
[2023-09-05T15:28:10.214+0000] {logging_mixin.py:151} INFO - NO NO, THAT WAY WAY!!!
[2023-09-05T15:28:10.247+0000] {python.py:194} INFO - Done. Returned value was: None
[2023-09-05T15:28:10.302+0000] {taskinstance.py:1400} INFO - Marking task as SUCCESS. dag_id=tasks_relations, task_id=or_that_way, execution_date=20230528T000000, start_date=20230905T152808, end_date=20230905T152810
[2023-09-05T15:28:10.527+0000] {local_task_job_runner.py:228} INFO - Task exited with return code 0
[2023-09-05T15:28:10.739+0000] {taskinstance.py:2784} INFO - 0 downstream tasks scheduled from follow-on schedule check
[2023-09-12T17:36:17.158+0000] {taskinstance.py:1159} INFO - Dependencies all met for dep_context=non-requeueable deps ti=<TaskInstance: tasks_relations.or_that_way scheduled__2023-05-28T00:00:00+00:00 [queued]>
[2023-09-12T17:36:17.188+0000] {taskinstance.py:1159} INFO - Dependencies all met for dep_context=requeueable deps ti=<TaskInstance: tasks_relations.or_that_way scheduled__2023-05-28T00:00:00+00:00 [queued]>
[2023-09-12T17:36:17.195+0000] {taskinstance.py:1361} INFO - Starting attempt 1 of 1
[2023-09-12T17:36:17.246+0000] {taskinstance.py:1382} INFO - Executing <Task(_PythonDecoratedOperator): or_that_way> on 2023-05-28 00:00:00+00:00
[2023-09-12T17:36:17.256+0000] {standard_task_runner.py:57} INFO - Started process 2524 to run task
[2023-09-12T17:36:17.269+0000] {standard_task_runner.py:84} INFO - Running: ['***', 'tasks', 'run', 'tasks_relations', 'or_that_way', 'scheduled__2023-05-28T00:00:00+00:00', '--job-id', '1190', '--raw', '--subdir', 'DAGS_FOLDER/2_tasks_relations.py', '--cfg-path', '/tmp/tmpskq8_j5h']
[2023-09-12T17:36:17.286+0000] {standard_task_runner.py:85} INFO - Job 1190: Subtask or_that_way
[2023-09-12T17:36:17.446+0000] {task_command.py:415} INFO - Running <TaskInstance: tasks_relations.or_that_way scheduled__2023-05-28T00:00:00+00:00 [running]> on host 0ab7970e0956
[2023-09-12T17:36:17.697+0000] {taskinstance.py:1660} INFO - Exporting env vars: AIRFLOW_CTX_DAG_OWNER='***' AIRFLOW_CTX_DAG_ID='tasks_relations' AIRFLOW_CTX_TASK_ID='or_that_way' AIRFLOW_CTX_EXECUTION_DATE='2023-05-28T00:00:00+00:00' AIRFLOW_CTX_TRY_NUMBER='1' AIRFLOW_CTX_DAG_RUN_ID='scheduled__2023-05-28T00:00:00+00:00'
[2023-09-12T17:36:17.705+0000] {logging_mixin.py:151} INFO - NO NO, THAT WAY WAY!!!
[2023-09-12T17:36:17.705+0000] {python.py:194} INFO - Done. Returned value was: None
[2023-09-12T17:36:17.729+0000] {taskinstance.py:1400} INFO - Marking task as SUCCESS. dag_id=tasks_relations, task_id=or_that_way, execution_date=20230528T000000, start_date=20230912T173617, end_date=20230912T173617
[2023-09-12T17:36:17.818+0000] {local_task_job_runner.py:228} INFO - Task exited with return code 0
[2023-09-12T17:36:17.856+0000] {taskinstance.py:2784} INFO - 1 downstream tasks scheduled from follow-on schedule check
