[2023-09-05T15:28:38.488+0000] {taskinstance.py:1159} INFO - Dependencies all met for dep_context=non-requeueable deps ti=<TaskInstance: tasks_relations.say_bye scheduled__2023-06-04T00:00:00+00:00 [queued]>
[2023-09-05T15:28:38.572+0000] {taskinstance.py:1159} INFO - Dependencies all met for dep_context=requeueable deps ti=<TaskInstance: tasks_relations.say_bye scheduled__2023-06-04T00:00:00+00:00 [queued]>
[2023-09-05T15:28:38.635+0000] {taskinstance.py:1361} INFO - Starting attempt 1 of 1
[2023-09-05T15:28:38.790+0000] {taskinstance.py:1382} INFO - Executing <Task(_PythonDecoratedOperator): say_bye> on 2023-06-04 00:00:00+00:00
[2023-09-05T15:28:38.870+0000] {standard_task_runner.py:57} INFO - Started process 1132 to run task
[2023-09-05T15:28:39.098+0000] {standard_task_runner.py:84} INFO - Running: ['***', 'tasks', 'run', 'tasks_relations', 'say_bye', 'scheduled__2023-06-04T00:00:00+00:00', '--job-id', '501', '--raw', '--subdir', 'DAGS_FOLDER/tasks_relations.py', '--cfg-path', '/tmp/tmpcwi0m8ji']
[2023-09-05T15:28:39.238+0000] {standard_task_runner.py:85} INFO - Job 501: Subtask say_bye
[2023-09-05T15:28:43.101+0000] {task_command.py:415} INFO - Running <TaskInstance: tasks_relations.say_bye scheduled__2023-06-04T00:00:00+00:00 [running]> on host ca474790e981
[2023-09-05T15:28:45.312+0000] {taskinstance.py:1660} INFO - Exporting env vars: AIRFLOW_CTX_DAG_OWNER='***' AIRFLOW_CTX_DAG_ID='tasks_relations' AIRFLOW_CTX_TASK_ID='say_bye' AIRFLOW_CTX_EXECUTION_DATE='2023-06-04T00:00:00+00:00' AIRFLOW_CTX_TRY_NUMBER='1' AIRFLOW_CTX_DAG_RUN_ID='scheduled__2023-06-04T00:00:00+00:00'
[2023-09-05T15:28:45.328+0000] {logging_mixin.py:151} INFO - goodbye world
[2023-09-05T15:28:45.432+0000] {python.py:194} INFO - Done. Returned value was: None
[2023-09-05T15:28:45.645+0000] {taskinstance.py:1400} INFO - Marking task as SUCCESS. dag_id=tasks_relations, task_id=say_bye, execution_date=20230604T000000, start_date=20230905T152838, end_date=20230905T152845
[2023-09-05T15:28:46.020+0000] {local_task_job_runner.py:228} INFO - Task exited with return code 0
[2023-09-05T15:28:47.126+0000] {taskinstance.py:2784} INFO - 0 downstream tasks scheduled from follow-on schedule check
[2023-09-12T17:36:16.514+0000] {taskinstance.py:1159} INFO - Dependencies all met for dep_context=non-requeueable deps ti=<TaskInstance: tasks_relations.say_bye scheduled__2023-06-04T00:00:00+00:00 [queued]>
[2023-09-12T17:36:16.549+0000] {taskinstance.py:1159} INFO - Dependencies all met for dep_context=requeueable deps ti=<TaskInstance: tasks_relations.say_bye scheduled__2023-06-04T00:00:00+00:00 [queued]>
[2023-09-12T17:36:16.556+0000] {taskinstance.py:1361} INFO - Starting attempt 1 of 1
[2023-09-12T17:36:16.613+0000] {taskinstance.py:1382} INFO - Executing <Task(_PythonDecoratedOperator): say_bye> on 2023-06-04 00:00:00+00:00
[2023-09-12T17:36:16.635+0000] {standard_task_runner.py:57} INFO - Started process 2518 to run task
[2023-09-12T17:36:16.655+0000] {standard_task_runner.py:84} INFO - Running: ['***', 'tasks', 'run', 'tasks_relations', 'say_bye', 'scheduled__2023-06-04T00:00:00+00:00', '--job-id', '1184', '--raw', '--subdir', 'DAGS_FOLDER/2_tasks_relations.py', '--cfg-path', '/tmp/tmpi39sv3ul']
[2023-09-12T17:36:16.691+0000] {standard_task_runner.py:85} INFO - Job 1184: Subtask say_bye
[2023-09-12T17:36:16.912+0000] {task_command.py:415} INFO - Running <TaskInstance: tasks_relations.say_bye scheduled__2023-06-04T00:00:00+00:00 [running]> on host 0ab7970e0956
[2023-09-12T17:36:17.173+0000] {taskinstance.py:1660} INFO - Exporting env vars: AIRFLOW_CTX_DAG_OWNER='***' AIRFLOW_CTX_DAG_ID='tasks_relations' AIRFLOW_CTX_TASK_ID='say_bye' AIRFLOW_CTX_EXECUTION_DATE='2023-06-04T00:00:00+00:00' AIRFLOW_CTX_TRY_NUMBER='1' AIRFLOW_CTX_DAG_RUN_ID='scheduled__2023-06-04T00:00:00+00:00'
[2023-09-12T17:36:17.176+0000] {logging_mixin.py:151} INFO - goodbye world
[2023-09-12T17:36:17.179+0000] {python.py:194} INFO - Done. Returned value was: None
[2023-09-12T17:36:17.205+0000] {taskinstance.py:1400} INFO - Marking task as SUCCESS. dag_id=tasks_relations, task_id=say_bye, execution_date=20230604T000000, start_date=20230912T173616, end_date=20230912T173617
[2023-09-12T17:36:17.248+0000] {local_task_job_runner.py:228} INFO - Task exited with return code 0
[2023-09-12T17:36:17.284+0000] {taskinstance.py:2784} INFO - 2 downstream tasks scheduled from follow-on schedule check
