[2023-09-05T15:29:28.336+0000] {taskinstance.py:1159} INFO - Dependencies all met for dep_context=non-requeueable deps ti=<TaskInstance: tasks_relations.this_way scheduled__2023-06-16T00:00:00+00:00 [queued]>
[2023-09-05T15:29:28.396+0000] {taskinstance.py:1159} INFO - Dependencies all met for dep_context=requeueable deps ti=<TaskInstance: tasks_relations.this_way scheduled__2023-06-16T00:00:00+00:00 [queued]>
[2023-09-05T15:29:28.411+0000] {taskinstance.py:1361} INFO - Starting attempt 1 of 1
[2023-09-05T15:29:28.500+0000] {taskinstance.py:1382} INFO - Executing <Task(_PythonDecoratedOperator): this_way> on 2023-06-16 00:00:00+00:00
[2023-09-05T15:29:28.516+0000] {standard_task_runner.py:57} INFO - Started process 1336 to run task
[2023-09-05T15:29:28.555+0000] {standard_task_runner.py:84} INFO - Running: ['***', 'tasks', 'run', 'tasks_relations', 'this_way', 'scheduled__2023-06-16T00:00:00+00:00', '--job-id', '594', '--raw', '--subdir', 'DAGS_FOLDER/tasks_relations.py', '--cfg-path', '/tmp/tmph_h5u1_y']
[2023-09-05T15:29:28.585+0000] {standard_task_runner.py:85} INFO - Job 594: Subtask this_way
[2023-09-05T15:29:28.918+0000] {task_command.py:415} INFO - Running <TaskInstance: tasks_relations.this_way scheduled__2023-06-16T00:00:00+00:00 [running]> on host ca474790e981
[2023-09-05T15:29:29.852+0000] {taskinstance.py:1660} INFO - Exporting env vars: AIRFLOW_CTX_DAG_OWNER='***' AIRFLOW_CTX_DAG_ID='tasks_relations' AIRFLOW_CTX_TASK_ID='this_way' AIRFLOW_CTX_EXECUTION_DATE='2023-06-16T00:00:00+00:00' AIRFLOW_CTX_TRY_NUMBER='1' AIRFLOW_CTX_DAG_RUN_ID='scheduled__2023-06-16T00:00:00+00:00'
[2023-09-05T15:29:29.873+0000] {logging_mixin.py:151} INFO - THIS WAY!!!
[2023-09-05T15:29:29.885+0000] {python.py:194} INFO - Done. Returned value was: None
[2023-09-05T15:29:30.462+0000] {taskinstance.py:1400} INFO - Marking task as SUCCESS. dag_id=tasks_relations, task_id=this_way, execution_date=20230616T000000, start_date=20230905T152928, end_date=20230905T152930
[2023-09-05T15:29:31.894+0000] {local_task_job_runner.py:228} INFO - Task exited with return code 0
[2023-09-05T15:29:32.367+0000] {taskinstance.py:2784} INFO - 0 downstream tasks scheduled from follow-on schedule check
[2023-09-12T17:36:40.394+0000] {taskinstance.py:1159} INFO - Dependencies all met for dep_context=non-requeueable deps ti=<TaskInstance: tasks_relations.this_way scheduled__2023-06-16T00:00:00+00:00 [queued]>
[2023-09-12T17:36:40.422+0000] {taskinstance.py:1159} INFO - Dependencies all met for dep_context=requeueable deps ti=<TaskInstance: tasks_relations.this_way scheduled__2023-06-16T00:00:00+00:00 [queued]>
[2023-09-12T17:36:40.428+0000] {taskinstance.py:1361} INFO - Starting attempt 1 of 1
[2023-09-12T17:36:40.467+0000] {taskinstance.py:1382} INFO - Executing <Task(_PythonDecoratedOperator): this_way> on 2023-06-16 00:00:00+00:00
[2023-09-12T17:36:40.512+0000] {standard_task_runner.py:57} INFO - Started process 2752 to run task
[2023-09-12T17:36:40.523+0000] {standard_task_runner.py:84} INFO - Running: ['***', 'tasks', 'run', 'tasks_relations', 'this_way', 'scheduled__2023-06-16T00:00:00+00:00', '--job-id', '1300', '--raw', '--subdir', 'DAGS_FOLDER/2_tasks_relations.py', '--cfg-path', '/tmp/tmpm618w8m8']
[2023-09-12T17:36:40.536+0000] {standard_task_runner.py:85} INFO - Job 1300: Subtask this_way
[2023-09-12T17:36:40.806+0000] {task_command.py:415} INFO - Running <TaskInstance: tasks_relations.this_way scheduled__2023-06-16T00:00:00+00:00 [running]> on host 0ab7970e0956
[2023-09-12T17:36:41.236+0000] {taskinstance.py:1660} INFO - Exporting env vars: AIRFLOW_CTX_DAG_OWNER='***' AIRFLOW_CTX_DAG_ID='tasks_relations' AIRFLOW_CTX_TASK_ID='this_way' AIRFLOW_CTX_EXECUTION_DATE='2023-06-16T00:00:00+00:00' AIRFLOW_CTX_TRY_NUMBER='1' AIRFLOW_CTX_DAG_RUN_ID='scheduled__2023-06-16T00:00:00+00:00'
[2023-09-12T17:36:41.242+0000] {logging_mixin.py:151} INFO - THIS WAY!!!
[2023-09-12T17:36:41.245+0000] {python.py:194} INFO - Done. Returned value was: None
[2023-09-12T17:36:41.273+0000] {taskinstance.py:1400} INFO - Marking task as SUCCESS. dag_id=tasks_relations, task_id=this_way, execution_date=20230616T000000, start_date=20230912T173640, end_date=20230912T173641
[2023-09-12T17:36:41.372+0000] {local_task_job_runner.py:228} INFO - Task exited with return code 0
[2023-09-12T17:36:41.455+0000] {taskinstance.py:2784} INFO - 0 downstream tasks scheduled from follow-on schedule check
