[2023-09-05T15:28:35.822+0000] {taskinstance.py:1159} INFO - Dependencies all met for dep_context=non-requeueable deps ti=<TaskInstance: tasks_relations.say_hello scheduled__2023-06-06T00:00:00+00:00 [queued]>
[2023-09-05T15:28:35.934+0000] {taskinstance.py:1159} INFO - Dependencies all met for dep_context=requeueable deps ti=<TaskInstance: tasks_relations.say_hello scheduled__2023-06-06T00:00:00+00:00 [queued]>
[2023-09-05T15:28:35.964+0000] {taskinstance.py:1361} INFO - Starting attempt 1 of 1
[2023-09-05T15:28:36.190+0000] {taskinstance.py:1382} INFO - Executing <Task(_PythonDecoratedOperator): say_hello> on 2023-06-06 00:00:00+00:00
[2023-09-05T15:28:36.233+0000] {standard_task_runner.py:57} INFO - Started process 1128 to run task
[2023-09-05T15:28:36.294+0000] {standard_task_runner.py:84} INFO - Running: ['***', 'tasks', 'run', 'tasks_relations', 'say_hello', 'scheduled__2023-06-06T00:00:00+00:00', '--job-id', '498', '--raw', '--subdir', 'DAGS_FOLDER/tasks_relations.py', '--cfg-path', '/tmp/tmpmn4pi1by']
[2023-09-05T15:28:36.310+0000] {standard_task_runner.py:85} INFO - Job 498: Subtask say_hello
[2023-09-05T15:28:37.997+0000] {task_command.py:415} INFO - Running <TaskInstance: tasks_relations.say_hello scheduled__2023-06-06T00:00:00+00:00 [running]> on host ca474790e981
[2023-09-05T15:28:39.565+0000] {taskinstance.py:1660} INFO - Exporting env vars: AIRFLOW_CTX_DAG_OWNER='***' AIRFLOW_CTX_DAG_ID='tasks_relations' AIRFLOW_CTX_TASK_ID='say_hello' AIRFLOW_CTX_EXECUTION_DATE='2023-06-06T00:00:00+00:00' AIRFLOW_CTX_TRY_NUMBER='1' AIRFLOW_CTX_DAG_RUN_ID='scheduled__2023-06-06T00:00:00+00:00'
[2023-09-05T15:28:39.751+0000] {logging_mixin.py:151} INFO - hello world
[2023-09-05T15:28:40.135+0000] {python.py:194} INFO - Done. Returned value was: None
[2023-09-05T15:28:41.385+0000] {taskinstance.py:1400} INFO - Marking task as SUCCESS. dag_id=tasks_relations, task_id=say_hello, execution_date=20230606T000000, start_date=20230905T152835, end_date=20230905T152841
[2023-09-05T15:28:43.688+0000] {local_task_job_runner.py:228} INFO - Task exited with return code 0
[2023-09-05T15:28:44.602+0000] {taskinstance.py:2784} INFO - 1 downstream tasks scheduled from follow-on schedule check
[2023-09-12T17:36:15.365+0000] {taskinstance.py:1159} INFO - Dependencies all met for dep_context=non-requeueable deps ti=<TaskInstance: tasks_relations.say_hello scheduled__2023-06-06T00:00:00+00:00 [queued]>
[2023-09-12T17:36:15.398+0000] {taskinstance.py:1159} INFO - Dependencies all met for dep_context=requeueable deps ti=<TaskInstance: tasks_relations.say_hello scheduled__2023-06-06T00:00:00+00:00 [queued]>
[2023-09-12T17:36:15.400+0000] {taskinstance.py:1361} INFO - Starting attempt 1 of 1
[2023-09-12T17:36:15.471+0000] {taskinstance.py:1382} INFO - Executing <Task(_PythonDecoratedOperator): say_hello> on 2023-06-06 00:00:00+00:00
[2023-09-12T17:36:15.491+0000] {standard_task_runner.py:57} INFO - Started process 2501 to run task
[2023-09-12T17:36:15.572+0000] {standard_task_runner.py:84} INFO - Running: ['***', 'tasks', 'run', 'tasks_relations', 'say_hello', 'scheduled__2023-06-06T00:00:00+00:00', '--job-id', '1176', '--raw', '--subdir', 'DAGS_FOLDER/2_tasks_relations.py', '--cfg-path', '/tmp/tmpge4ws7fm']
[2023-09-12T17:36:15.603+0000] {standard_task_runner.py:85} INFO - Job 1176: Subtask say_hello
[2023-09-12T17:36:15.795+0000] {task_command.py:415} INFO - Running <TaskInstance: tasks_relations.say_hello scheduled__2023-06-06T00:00:00+00:00 [running]> on host 0ab7970e0956
[2023-09-12T17:36:16.097+0000] {taskinstance.py:1660} INFO - Exporting env vars: AIRFLOW_CTX_DAG_OWNER='***' AIRFLOW_CTX_DAG_ID='tasks_relations' AIRFLOW_CTX_TASK_ID='say_hello' AIRFLOW_CTX_EXECUTION_DATE='2023-06-06T00:00:00+00:00' AIRFLOW_CTX_TRY_NUMBER='1' AIRFLOW_CTX_DAG_RUN_ID='scheduled__2023-06-06T00:00:00+00:00'
[2023-09-12T17:36:16.100+0000] {logging_mixin.py:151} INFO - hello world
[2023-09-12T17:36:16.100+0000] {python.py:194} INFO - Done. Returned value was: None
[2023-09-12T17:36:16.117+0000] {taskinstance.py:1400} INFO - Marking task as SUCCESS. dag_id=tasks_relations, task_id=say_hello, execution_date=20230606T000000, start_date=20230912T173615, end_date=20230912T173616
[2023-09-12T17:36:16.222+0000] {local_task_job_runner.py:228} INFO - Task exited with return code 0
[2023-09-12T17:36:16.313+0000] {taskinstance.py:2784} INFO - 1 downstream tasks scheduled from follow-on schedule check
