[2023-09-05T15:31:08.653+0000] {taskinstance.py:1159} INFO - Dependencies all met for dep_context=non-requeueable deps ti=<TaskInstance: tasks_relations.this_way scheduled__2023-08-15T00:00:00+00:00 [queued]>
[2023-09-05T15:31:08.712+0000] {taskinstance.py:1159} INFO - Dependencies all met for dep_context=requeueable deps ti=<TaskInstance: tasks_relations.this_way scheduled__2023-08-15T00:00:00+00:00 [queued]>
[2023-09-05T15:31:08.713+0000] {taskinstance.py:1361} INFO - Starting attempt 1 of 1
[2023-09-05T15:31:08.812+0000] {taskinstance.py:1382} INFO - Executing <Task(_PythonDecoratedOperator): this_way> on 2023-08-15 00:00:00+00:00
[2023-09-05T15:31:08.823+0000] {standard_task_runner.py:57} INFO - Started process 1899 to run task
[2023-09-05T15:31:08.857+0000] {standard_task_runner.py:84} INFO - Running: ['***', 'tasks', 'run', 'tasks_relations', 'this_way', 'scheduled__2023-08-15T00:00:00+00:00', '--job-id', '869', '--raw', '--subdir', 'DAGS_FOLDER/tasks_relations.py', '--cfg-path', '/tmp/tmp07f3otd7']
[2023-09-05T15:31:08.889+0000] {standard_task_runner.py:85} INFO - Job 869: Subtask this_way
[2023-09-05T15:31:09.175+0000] {task_command.py:415} INFO - Running <TaskInstance: tasks_relations.this_way scheduled__2023-08-15T00:00:00+00:00 [running]> on host ca474790e981
[2023-09-05T15:31:09.537+0000] {taskinstance.py:1660} INFO - Exporting env vars: AIRFLOW_CTX_DAG_OWNER='***' AIRFLOW_CTX_DAG_ID='tasks_relations' AIRFLOW_CTX_TASK_ID='this_way' AIRFLOW_CTX_EXECUTION_DATE='2023-08-15T00:00:00+00:00' AIRFLOW_CTX_TRY_NUMBER='1' AIRFLOW_CTX_DAG_RUN_ID='scheduled__2023-08-15T00:00:00+00:00'
[2023-09-05T15:31:09.540+0000] {logging_mixin.py:151} INFO - THIS WAY!!!
[2023-09-05T15:31:09.541+0000] {python.py:194} INFO - Done. Returned value was: None
[2023-09-05T15:31:09.626+0000] {taskinstance.py:1400} INFO - Marking task as SUCCESS. dag_id=tasks_relations, task_id=this_way, execution_date=20230815T000000, start_date=20230905T153108, end_date=20230905T153109
[2023-09-05T15:31:09.698+0000] {local_task_job_runner.py:228} INFO - Task exited with return code 0
[2023-09-05T15:31:09.906+0000] {taskinstance.py:2784} INFO - 0 downstream tasks scheduled from follow-on schedule check
[2023-09-12T17:37:39.046+0000] {taskinstance.py:1159} INFO - Dependencies all met for dep_context=non-requeueable deps ti=<TaskInstance: tasks_relations.this_way scheduled__2023-08-15T00:00:00+00:00 [queued]>
[2023-09-12T17:37:39.058+0000] {taskinstance.py:1159} INFO - Dependencies all met for dep_context=requeueable deps ti=<TaskInstance: tasks_relations.this_way scheduled__2023-08-15T00:00:00+00:00 [queued]>
[2023-09-12T17:37:39.058+0000] {taskinstance.py:1361} INFO - Starting attempt 1 of 1
[2023-09-12T17:37:39.071+0000] {taskinstance.py:1382} INFO - Executing <Task(_PythonDecoratedOperator): this_way> on 2023-08-15 00:00:00+00:00
[2023-09-12T17:37:39.076+0000] {standard_task_runner.py:57} INFO - Started process 3439 to run task
[2023-09-12T17:37:39.083+0000] {standard_task_runner.py:84} INFO - Running: ['***', 'tasks', 'run', 'tasks_relations', 'this_way', 'scheduled__2023-08-15T00:00:00+00:00', '--job-id', '1643', '--raw', '--subdir', 'DAGS_FOLDER/2_tasks_relations.py', '--cfg-path', '/tmp/tmppzoqocl9']
[2023-09-12T17:37:39.084+0000] {standard_task_runner.py:85} INFO - Job 1643: Subtask this_way
[2023-09-12T17:37:39.163+0000] {task_command.py:415} INFO - Running <TaskInstance: tasks_relations.this_way scheduled__2023-08-15T00:00:00+00:00 [running]> on host 0ab7970e0956
[2023-09-12T17:37:39.269+0000] {taskinstance.py:1660} INFO - Exporting env vars: AIRFLOW_CTX_DAG_OWNER='***' AIRFLOW_CTX_DAG_ID='tasks_relations' AIRFLOW_CTX_TASK_ID='this_way' AIRFLOW_CTX_EXECUTION_DATE='2023-08-15T00:00:00+00:00' AIRFLOW_CTX_TRY_NUMBER='1' AIRFLOW_CTX_DAG_RUN_ID='scheduled__2023-08-15T00:00:00+00:00'
[2023-09-12T17:37:39.271+0000] {logging_mixin.py:151} INFO - THIS WAY!!!
[2023-09-12T17:37:39.272+0000] {python.py:194} INFO - Done. Returned value was: None
[2023-09-12T17:37:39.282+0000] {taskinstance.py:1400} INFO - Marking task as SUCCESS. dag_id=tasks_relations, task_id=this_way, execution_date=20230815T000000, start_date=20230912T173739, end_date=20230912T173739
[2023-09-12T17:37:39.300+0000] {local_task_job_runner.py:228} INFO - Task exited with return code 0
[2023-09-12T17:37:39.318+0000] {taskinstance.py:2784} INFO - 1 downstream tasks scheduled from follow-on schedule check
