[2023-09-05T15:29:55.802+0000] {taskinstance.py:1159} INFO - Dependencies all met for dep_context=non-requeueable deps ti=<TaskInstance: tasks_relations.say_bye scheduled__2023-07-02T00:00:00+00:00 [queued]>
[2023-09-05T15:29:55.864+0000] {taskinstance.py:1159} INFO - Dependencies all met for dep_context=requeueable deps ti=<TaskInstance: tasks_relations.say_bye scheduled__2023-07-02T00:00:00+00:00 [queued]>
[2023-09-05T15:29:55.867+0000] {taskinstance.py:1361} INFO - Starting attempt 1 of 1
[2023-09-05T15:29:55.996+0000] {taskinstance.py:1382} INFO - Executing <Task(_PythonDecoratedOperator): say_bye> on 2023-07-02 00:00:00+00:00
[2023-09-05T15:29:56.061+0000] {standard_task_runner.py:57} INFO - Started process 1465 to run task
[2023-09-05T15:29:56.098+0000] {standard_task_runner.py:84} INFO - Running: ['***', 'tasks', 'run', 'tasks_relations', 'say_bye', 'scheduled__2023-07-02T00:00:00+00:00', '--job-id', '659', '--raw', '--subdir', 'DAGS_FOLDER/tasks_relations.py', '--cfg-path', '/tmp/tmposrr9n46']
[2023-09-05T15:29:56.110+0000] {standard_task_runner.py:85} INFO - Job 659: Subtask say_bye
[2023-09-05T15:29:56.582+0000] {task_command.py:415} INFO - Running <TaskInstance: tasks_relations.say_bye scheduled__2023-07-02T00:00:00+00:00 [running]> on host ca474790e981
[2023-09-05T15:29:57.352+0000] {taskinstance.py:1660} INFO - Exporting env vars: AIRFLOW_CTX_DAG_OWNER='***' AIRFLOW_CTX_DAG_ID='tasks_relations' AIRFLOW_CTX_TASK_ID='say_bye' AIRFLOW_CTX_EXECUTION_DATE='2023-07-02T00:00:00+00:00' AIRFLOW_CTX_TRY_NUMBER='1' AIRFLOW_CTX_DAG_RUN_ID='scheduled__2023-07-02T00:00:00+00:00'
[2023-09-05T15:29:57.358+0000] {logging_mixin.py:151} INFO - goodbye world
[2023-09-05T15:29:57.360+0000] {python.py:194} INFO - Done. Returned value was: None
[2023-09-05T15:29:57.398+0000] {taskinstance.py:1400} INFO - Marking task as SUCCESS. dag_id=tasks_relations, task_id=say_bye, execution_date=20230702T000000, start_date=20230905T152955, end_date=20230905T152957
[2023-09-05T15:29:57.759+0000] {local_task_job_runner.py:228} INFO - Task exited with return code 0
[2023-09-05T15:29:57.998+0000] {taskinstance.py:2784} INFO - 0 downstream tasks scheduled from follow-on schedule check
[2023-09-12T17:36:52.052+0000] {taskinstance.py:1159} INFO - Dependencies all met for dep_context=non-requeueable deps ti=<TaskInstance: tasks_relations.say_bye scheduled__2023-07-02T00:00:00+00:00 [queued]>
[2023-09-12T17:36:52.083+0000] {taskinstance.py:1159} INFO - Dependencies all met for dep_context=requeueable deps ti=<TaskInstance: tasks_relations.say_bye scheduled__2023-07-02T00:00:00+00:00 [queued]>
[2023-09-12T17:36:52.085+0000] {taskinstance.py:1361} INFO - Starting attempt 1 of 1
[2023-09-12T17:36:52.141+0000] {taskinstance.py:1382} INFO - Executing <Task(_PythonDecoratedOperator): say_bye> on 2023-07-02 00:00:00+00:00
[2023-09-12T17:36:52.162+0000] {standard_task_runner.py:57} INFO - Started process 2887 to run task
[2023-09-12T17:36:52.180+0000] {standard_task_runner.py:84} INFO - Running: ['***', 'tasks', 'run', 'tasks_relations', 'say_bye', 'scheduled__2023-07-02T00:00:00+00:00', '--job-id', '1366', '--raw', '--subdir', 'DAGS_FOLDER/2_tasks_relations.py', '--cfg-path', '/tmp/tmpu5ef8j03']
[2023-09-12T17:36:52.201+0000] {standard_task_runner.py:85} INFO - Job 1366: Subtask say_bye
[2023-09-12T17:36:52.437+0000] {task_command.py:415} INFO - Running <TaskInstance: tasks_relations.say_bye scheduled__2023-07-02T00:00:00+00:00 [running]> on host 0ab7970e0956
[2023-09-12T17:36:52.779+0000] {taskinstance.py:1660} INFO - Exporting env vars: AIRFLOW_CTX_DAG_OWNER='***' AIRFLOW_CTX_DAG_ID='tasks_relations' AIRFLOW_CTX_TASK_ID='say_bye' AIRFLOW_CTX_EXECUTION_DATE='2023-07-02T00:00:00+00:00' AIRFLOW_CTX_TRY_NUMBER='1' AIRFLOW_CTX_DAG_RUN_ID='scheduled__2023-07-02T00:00:00+00:00'
[2023-09-12T17:36:52.781+0000] {logging_mixin.py:151} INFO - goodbye world
[2023-09-12T17:36:52.782+0000] {python.py:194} INFO - Done. Returned value was: None
[2023-09-12T17:36:52.799+0000] {taskinstance.py:1400} INFO - Marking task as SUCCESS. dag_id=tasks_relations, task_id=say_bye, execution_date=20230702T000000, start_date=20230912T173652, end_date=20230912T173652
[2023-09-12T17:36:52.885+0000] {local_task_job_runner.py:228} INFO - Task exited with return code 0
[2023-09-12T17:36:52.997+0000] {taskinstance.py:2784} INFO - 0 downstream tasks scheduled from follow-on schedule check
