[2023-09-05T15:27:59.323+0000] {taskinstance.py:1159} INFO - Dependencies all met for dep_context=non-requeueable deps ti=<TaskInstance: tasks_relations.or_that_way scheduled__2023-05-20T00:00:00+00:00 [queued]>
[2023-09-05T15:27:59.462+0000] {taskinstance.py:1159} INFO - Dependencies all met for dep_context=requeueable deps ti=<TaskInstance: tasks_relations.or_that_way scheduled__2023-05-20T00:00:00+00:00 [queued]>
[2023-09-05T15:27:59.483+0000] {taskinstance.py:1361} INFO - Starting attempt 1 of 1
[2023-09-05T15:27:59.673+0000] {taskinstance.py:1382} INFO - Executing <Task(_PythonDecoratedOperator): or_that_way> on 2023-05-20 00:00:00+00:00
[2023-09-05T15:27:59.878+0000] {standard_task_runner.py:84} INFO - Running: ['***', 'tasks', 'run', 'tasks_relations', 'or_that_way', 'scheduled__2023-05-20T00:00:00+00:00', '--job-id', '445', '--raw', '--subdir', 'DAGS_FOLDER/tasks_relations.py', '--cfg-path', '/tmp/tmp2hp1330t']
[2023-09-05T15:27:59.903+0000] {standard_task_runner.py:85} INFO - Job 445: Subtask or_that_way
[2023-09-05T15:27:59.729+0000] {standard_task_runner.py:57} INFO - Started process 1015 to run task
[2023-09-05T15:28:00.957+0000] {task_command.py:415} INFO - Running <TaskInstance: tasks_relations.or_that_way scheduled__2023-05-20T00:00:00+00:00 [running]> on host ca474790e981
[2023-09-05T15:28:02.030+0000] {taskinstance.py:1660} INFO - Exporting env vars: AIRFLOW_CTX_DAG_OWNER='***' AIRFLOW_CTX_DAG_ID='tasks_relations' AIRFLOW_CTX_TASK_ID='or_that_way' AIRFLOW_CTX_EXECUTION_DATE='2023-05-20T00:00:00+00:00' AIRFLOW_CTX_TRY_NUMBER='1' AIRFLOW_CTX_DAG_RUN_ID='scheduled__2023-05-20T00:00:00+00:00'
[2023-09-05T15:28:02.057+0000] {logging_mixin.py:151} INFO - NO NO, THAT WAY WAY!!!
[2023-09-05T15:28:02.115+0000] {python.py:194} INFO - Done. Returned value was: None
[2023-09-05T15:28:02.279+0000] {taskinstance.py:1400} INFO - Marking task as SUCCESS. dag_id=tasks_relations, task_id=or_that_way, execution_date=20230520T000000, start_date=20230905T152759, end_date=20230905T152802
[2023-09-05T15:28:02.703+0000] {local_task_job_runner.py:228} INFO - Task exited with return code 0
[2023-09-05T15:28:02.943+0000] {taskinstance.py:2784} INFO - 0 downstream tasks scheduled from follow-on schedule check
[2023-09-12T17:36:05.927+0000] {taskinstance.py:1159} INFO - Dependencies all met for dep_context=non-requeueable deps ti=<TaskInstance: tasks_relations.or_that_way scheduled__2023-05-20T00:00:00+00:00 [queued]>
[2023-09-12T17:36:05.950+0000] {taskinstance.py:1159} INFO - Dependencies all met for dep_context=requeueable deps ti=<TaskInstance: tasks_relations.or_that_way scheduled__2023-05-20T00:00:00+00:00 [queued]>
[2023-09-12T17:36:05.952+0000] {taskinstance.py:1361} INFO - Starting attempt 1 of 1
[2023-09-12T17:36:05.977+0000] {taskinstance.py:1382} INFO - Executing <Task(_PythonDecoratedOperator): or_that_way> on 2023-05-20 00:00:00+00:00
[2023-09-12T17:36:05.991+0000] {standard_task_runner.py:57} INFO - Started process 2396 to run task
[2023-09-12T17:36:06.034+0000] {standard_task_runner.py:84} INFO - Running: ['***', 'tasks', 'run', 'tasks_relations', 'or_that_way', 'scheduled__2023-05-20T00:00:00+00:00', '--job-id', '1126', '--raw', '--subdir', 'DAGS_FOLDER/2_tasks_relations.py', '--cfg-path', '/tmp/tmphnxgd9e1']
[2023-09-12T17:36:06.037+0000] {standard_task_runner.py:85} INFO - Job 1126: Subtask or_that_way
[2023-09-12T17:36:06.212+0000] {task_command.py:415} INFO - Running <TaskInstance: tasks_relations.or_that_way scheduled__2023-05-20T00:00:00+00:00 [running]> on host 0ab7970e0956
[2023-09-12T17:36:06.423+0000] {taskinstance.py:1660} INFO - Exporting env vars: AIRFLOW_CTX_DAG_OWNER='***' AIRFLOW_CTX_DAG_ID='tasks_relations' AIRFLOW_CTX_TASK_ID='or_that_way' AIRFLOW_CTX_EXECUTION_DATE='2023-05-20T00:00:00+00:00' AIRFLOW_CTX_TRY_NUMBER='1' AIRFLOW_CTX_DAG_RUN_ID='scheduled__2023-05-20T00:00:00+00:00'
[2023-09-12T17:36:06.428+0000] {logging_mixin.py:151} INFO - NO NO, THAT WAY WAY!!!
[2023-09-12T17:36:06.436+0000] {python.py:194} INFO - Done. Returned value was: None
[2023-09-12T17:36:06.455+0000] {taskinstance.py:1400} INFO - Marking task as SUCCESS. dag_id=tasks_relations, task_id=or_that_way, execution_date=20230520T000000, start_date=20230912T173605, end_date=20230912T173606
[2023-09-12T17:36:06.536+0000] {local_task_job_runner.py:228} INFO - Task exited with return code 0
[2023-09-12T17:36:06.557+0000] {taskinstance.py:2784} INFO - 0 downstream tasks scheduled from follow-on schedule check
