[2023-09-05T15:30:47.010+0000] {taskinstance.py:1159} INFO - Dependencies all met for dep_context=non-requeueable deps ti=<TaskInstance: tasks_relations.say_hello scheduled__2023-08-04T00:00:00+00:00 [queued]>
[2023-09-05T15:30:47.041+0000] {taskinstance.py:1159} INFO - Dependencies all met for dep_context=requeueable deps ti=<TaskInstance: tasks_relations.say_hello scheduled__2023-08-04T00:00:00+00:00 [queued]>
[2023-09-05T15:30:47.066+0000] {taskinstance.py:1361} INFO - Starting attempt 1 of 1
[2023-09-05T15:30:47.095+0000] {taskinstance.py:1382} INFO - Executing <Task(_PythonDecoratedOperator): say_hello> on 2023-08-04 00:00:00+00:00
[2023-09-05T15:30:47.128+0000] {standard_task_runner.py:57} INFO - Started process 1776 to run task
[2023-09-05T15:30:47.187+0000] {standard_task_runner.py:84} INFO - Running: ['***', 'tasks', 'run', 'tasks_relations', 'say_hello', 'scheduled__2023-08-04T00:00:00+00:00', '--job-id', '807', '--raw', '--subdir', 'DAGS_FOLDER/tasks_relations.py', '--cfg-path', '/tmp/tmpwh0jdzag']
[2023-09-05T15:30:47.203+0000] {standard_task_runner.py:85} INFO - Job 807: Subtask say_hello
[2023-09-05T15:30:47.503+0000] {task_command.py:415} INFO - Running <TaskInstance: tasks_relations.say_hello scheduled__2023-08-04T00:00:00+00:00 [running]> on host ca474790e981
[2023-09-05T15:30:48.291+0000] {taskinstance.py:1660} INFO - Exporting env vars: AIRFLOW_CTX_DAG_OWNER='***' AIRFLOW_CTX_DAG_ID='tasks_relations' AIRFLOW_CTX_TASK_ID='say_hello' AIRFLOW_CTX_EXECUTION_DATE='2023-08-04T00:00:00+00:00' AIRFLOW_CTX_TRY_NUMBER='1' AIRFLOW_CTX_DAG_RUN_ID='scheduled__2023-08-04T00:00:00+00:00'
[2023-09-05T15:30:48.312+0000] {logging_mixin.py:151} INFO - hello world
[2023-09-05T15:30:48.317+0000] {python.py:194} INFO - Done. Returned value was: None
[2023-09-05T15:30:48.374+0000] {taskinstance.py:1400} INFO - Marking task as SUCCESS. dag_id=tasks_relations, task_id=say_hello, execution_date=20230804T000000, start_date=20230905T153047, end_date=20230905T153048
[2023-09-05T15:30:48.695+0000] {local_task_job_runner.py:228} INFO - Task exited with return code 0
[2023-09-05T15:30:48.895+0000] {taskinstance.py:2784} INFO - 1 downstream tasks scheduled from follow-on schedule check
[2023-09-12T17:37:25.499+0000] {taskinstance.py:1159} INFO - Dependencies all met for dep_context=non-requeueable deps ti=<TaskInstance: tasks_relations.say_hello scheduled__2023-08-04T00:00:00+00:00 [queued]>
[2023-09-12T17:37:25.540+0000] {taskinstance.py:1159} INFO - Dependencies all met for dep_context=requeueable deps ti=<TaskInstance: tasks_relations.say_hello scheduled__2023-08-04T00:00:00+00:00 [queued]>
[2023-09-12T17:37:25.545+0000] {taskinstance.py:1361} INFO - Starting attempt 1 of 1
[2023-09-12T17:37:25.618+0000] {taskinstance.py:1382} INFO - Executing <Task(_PythonDecoratedOperator): say_hello> on 2023-08-04 00:00:00+00:00
[2023-09-12T17:37:25.643+0000] {standard_task_runner.py:57} INFO - Started process 3281 to run task
[2023-09-12T17:37:25.649+0000] {standard_task_runner.py:84} INFO - Running: ['***', 'tasks', 'run', 'tasks_relations', 'say_hello', 'scheduled__2023-08-04T00:00:00+00:00', '--job-id', '1563', '--raw', '--subdir', 'DAGS_FOLDER/2_tasks_relations.py', '--cfg-path', '/tmp/tmpbzrzk1ny']
[2023-09-12T17:37:25.675+0000] {standard_task_runner.py:85} INFO - Job 1563: Subtask say_hello
[2023-09-12T17:37:25.896+0000] {task_command.py:415} INFO - Running <TaskInstance: tasks_relations.say_hello scheduled__2023-08-04T00:00:00+00:00 [running]> on host 0ab7970e0956
[2023-09-12T17:37:26.186+0000] {taskinstance.py:1660} INFO - Exporting env vars: AIRFLOW_CTX_DAG_OWNER='***' AIRFLOW_CTX_DAG_ID='tasks_relations' AIRFLOW_CTX_TASK_ID='say_hello' AIRFLOW_CTX_EXECUTION_DATE='2023-08-04T00:00:00+00:00' AIRFLOW_CTX_TRY_NUMBER='1' AIRFLOW_CTX_DAG_RUN_ID='scheduled__2023-08-04T00:00:00+00:00'
[2023-09-12T17:37:26.188+0000] {logging_mixin.py:151} INFO - hello world
[2023-09-12T17:37:26.189+0000] {python.py:194} INFO - Done. Returned value was: None
[2023-09-12T17:37:26.216+0000] {taskinstance.py:1400} INFO - Marking task as SUCCESS. dag_id=tasks_relations, task_id=say_hello, execution_date=20230804T000000, start_date=20230912T173725, end_date=20230912T173726
[2023-09-12T17:37:26.265+0000] {local_task_job_runner.py:228} INFO - Task exited with return code 0
[2023-09-12T17:37:26.333+0000] {taskinstance.py:2784} INFO - 1 downstream tasks scheduled from follow-on schedule check
