[2023-09-05T15:29:26.729+0000] {taskinstance.py:1159} INFO - Dependencies all met for dep_context=non-requeueable deps ti=<TaskInstance: tasks_relations.or_that_way scheduled__2023-06-16T00:00:00+00:00 [queued]>
[2023-09-05T15:29:26.810+0000] {taskinstance.py:1159} INFO - Dependencies all met for dep_context=requeueable deps ti=<TaskInstance: tasks_relations.or_that_way scheduled__2023-06-16T00:00:00+00:00 [queued]>
[2023-09-05T15:29:26.831+0000] {taskinstance.py:1361} INFO - Starting attempt 1 of 1
[2023-09-05T15:29:26.942+0000] {taskinstance.py:1382} INFO - Executing <Task(_PythonDecoratedOperator): or_that_way> on 2023-06-16 00:00:00+00:00
[2023-09-05T15:29:26.979+0000] {standard_task_runner.py:57} INFO - Started process 1325 to run task
[2023-09-05T15:29:27.107+0000] {standard_task_runner.py:84} INFO - Running: ['***', 'tasks', 'run', 'tasks_relations', 'or_that_way', 'scheduled__2023-06-16T00:00:00+00:00', '--job-id', '590', '--raw', '--subdir', 'DAGS_FOLDER/tasks_relations.py', '--cfg-path', '/tmp/tmp2l5u8k99']
[2023-09-05T15:29:27.123+0000] {standard_task_runner.py:85} INFO - Job 590: Subtask or_that_way
[2023-09-05T15:29:27.502+0000] {task_command.py:415} INFO - Running <TaskInstance: tasks_relations.or_that_way scheduled__2023-06-16T00:00:00+00:00 [running]> on host ca474790e981
[2023-09-05T15:29:27.981+0000] {taskinstance.py:1660} INFO - Exporting env vars: AIRFLOW_CTX_DAG_OWNER='***' AIRFLOW_CTX_DAG_ID='tasks_relations' AIRFLOW_CTX_TASK_ID='or_that_way' AIRFLOW_CTX_EXECUTION_DATE='2023-06-16T00:00:00+00:00' AIRFLOW_CTX_TRY_NUMBER='1' AIRFLOW_CTX_DAG_RUN_ID='scheduled__2023-06-16T00:00:00+00:00'
[2023-09-05T15:29:28.021+0000] {logging_mixin.py:151} INFO - NO NO, THAT WAY WAY!!!
[2023-09-05T15:29:28.027+0000] {python.py:194} INFO - Done. Returned value was: None
[2023-09-05T15:29:28.054+0000] {taskinstance.py:1400} INFO - Marking task as SUCCESS. dag_id=tasks_relations, task_id=or_that_way, execution_date=20230616T000000, start_date=20230905T152926, end_date=20230905T152928
[2023-09-05T15:29:28.362+0000] {local_task_job_runner.py:228} INFO - Task exited with return code 0
[2023-09-05T15:29:28.426+0000] {taskinstance.py:2784} INFO - 0 downstream tasks scheduled from follow-on schedule check
[2023-09-12T17:36:40.466+0000] {taskinstance.py:1159} INFO - Dependencies all met for dep_context=non-requeueable deps ti=<TaskInstance: tasks_relations.or_that_way scheduled__2023-06-16T00:00:00+00:00 [queued]>
[2023-09-12T17:36:40.521+0000] {taskinstance.py:1159} INFO - Dependencies all met for dep_context=requeueable deps ti=<TaskInstance: tasks_relations.or_that_way scheduled__2023-06-16T00:00:00+00:00 [queued]>
[2023-09-12T17:36:40.525+0000] {taskinstance.py:1361} INFO - Starting attempt 1 of 1
[2023-09-12T17:36:40.570+0000] {taskinstance.py:1382} INFO - Executing <Task(_PythonDecoratedOperator): or_that_way> on 2023-06-16 00:00:00+00:00
[2023-09-12T17:36:40.580+0000] {standard_task_runner.py:57} INFO - Started process 2758 to run task
[2023-09-12T17:36:40.613+0000] {standard_task_runner.py:84} INFO - Running: ['***', 'tasks', 'run', 'tasks_relations', 'or_that_way', 'scheduled__2023-06-16T00:00:00+00:00', '--job-id', '1301', '--raw', '--subdir', 'DAGS_FOLDER/2_tasks_relations.py', '--cfg-path', '/tmp/tmpkks80ay7']
[2023-09-12T17:36:40.629+0000] {standard_task_runner.py:85} INFO - Job 1301: Subtask or_that_way
[2023-09-12T17:36:41.027+0000] {task_command.py:415} INFO - Running <TaskInstance: tasks_relations.or_that_way scheduled__2023-06-16T00:00:00+00:00 [running]> on host 0ab7970e0956
[2023-09-12T17:36:41.372+0000] {taskinstance.py:1660} INFO - Exporting env vars: AIRFLOW_CTX_DAG_OWNER='***' AIRFLOW_CTX_DAG_ID='tasks_relations' AIRFLOW_CTX_TASK_ID='or_that_way' AIRFLOW_CTX_EXECUTION_DATE='2023-06-16T00:00:00+00:00' AIRFLOW_CTX_TRY_NUMBER='1' AIRFLOW_CTX_DAG_RUN_ID='scheduled__2023-06-16T00:00:00+00:00'
[2023-09-12T17:36:41.393+0000] {logging_mixin.py:151} INFO - NO NO, THAT WAY WAY!!!
[2023-09-12T17:36:41.395+0000] {python.py:194} INFO - Done. Returned value was: None
[2023-09-12T17:36:41.446+0000] {taskinstance.py:1400} INFO - Marking task as SUCCESS. dag_id=tasks_relations, task_id=or_that_way, execution_date=20230616T000000, start_date=20230912T173640, end_date=20230912T173641
[2023-09-12T17:36:41.620+0000] {local_task_job_runner.py:228} INFO - Task exited with return code 0
[2023-09-12T17:36:41.686+0000] {taskinstance.py:2784} INFO - 1 downstream tasks scheduled from follow-on schedule check
