[2023-09-05T15:30:53.888+0000] {taskinstance.py:1159} INFO - Dependencies all met for dep_context=non-requeueable deps ti=<TaskInstance: tasks_relations.say_hello scheduled__2023-08-13T00:00:00+00:00 [queued]>
[2023-09-05T15:30:53.913+0000] {taskinstance.py:1159} INFO - Dependencies all met for dep_context=requeueable deps ti=<TaskInstance: tasks_relations.say_hello scheduled__2023-08-13T00:00:00+00:00 [queued]>
[2023-09-05T15:30:53.915+0000] {taskinstance.py:1361} INFO - Starting attempt 1 of 1
[2023-09-05T15:30:54.013+0000] {taskinstance.py:1382} INFO - Executing <Task(_PythonDecoratedOperator): say_hello> on 2023-08-13 00:00:00+00:00
[2023-09-05T15:30:54.048+0000] {standard_task_runner.py:57} INFO - Started process 1811 to run task
[2023-09-05T15:30:54.163+0000] {standard_task_runner.py:84} INFO - Running: ['***', 'tasks', 'run', 'tasks_relations', 'say_hello', 'scheduled__2023-08-13T00:00:00+00:00', '--job-id', '825', '--raw', '--subdir', 'DAGS_FOLDER/tasks_relations.py', '--cfg-path', '/tmp/tmpc_5_6kg4']
[2023-09-05T15:30:54.240+0000] {standard_task_runner.py:85} INFO - Job 825: Subtask say_hello
[2023-09-05T15:30:54.943+0000] {task_command.py:415} INFO - Running <TaskInstance: tasks_relations.say_hello scheduled__2023-08-13T00:00:00+00:00 [running]> on host ca474790e981
[2023-09-05T15:30:56.113+0000] {taskinstance.py:1660} INFO - Exporting env vars: AIRFLOW_CTX_DAG_OWNER='***' AIRFLOW_CTX_DAG_ID='tasks_relations' AIRFLOW_CTX_TASK_ID='say_hello' AIRFLOW_CTX_EXECUTION_DATE='2023-08-13T00:00:00+00:00' AIRFLOW_CTX_TRY_NUMBER='1' AIRFLOW_CTX_DAG_RUN_ID='scheduled__2023-08-13T00:00:00+00:00'
[2023-09-05T15:30:56.132+0000] {logging_mixin.py:151} INFO - hello world
[2023-09-05T15:30:56.145+0000] {python.py:194} INFO - Done. Returned value was: None
[2023-09-05T15:30:56.221+0000] {taskinstance.py:1400} INFO - Marking task as SUCCESS. dag_id=tasks_relations, task_id=say_hello, execution_date=20230813T000000, start_date=20230905T153053, end_date=20230905T153056
[2023-09-05T15:30:56.621+0000] {local_task_job_runner.py:228} INFO - Task exited with return code 0
[2023-09-05T15:30:56.918+0000] {taskinstance.py:2784} INFO - 1 downstream tasks scheduled from follow-on schedule check
[2023-09-12T17:37:29.213+0000] {taskinstance.py:1159} INFO - Dependencies all met for dep_context=non-requeueable deps ti=<TaskInstance: tasks_relations.say_hello scheduled__2023-08-13T00:00:00+00:00 [queued]>
[2023-09-12T17:37:29.242+0000] {taskinstance.py:1159} INFO - Dependencies all met for dep_context=requeueable deps ti=<TaskInstance: tasks_relations.say_hello scheduled__2023-08-13T00:00:00+00:00 [queued]>
[2023-09-12T17:37:29.243+0000] {taskinstance.py:1361} INFO - Starting attempt 1 of 1
[2023-09-12T17:37:29.272+0000] {taskinstance.py:1382} INFO - Executing <Task(_PythonDecoratedOperator): say_hello> on 2023-08-13 00:00:00+00:00
[2023-09-12T17:37:29.297+0000] {standard_task_runner.py:84} INFO - Running: ['***', 'tasks', 'run', 'tasks_relations', 'say_hello', 'scheduled__2023-08-13T00:00:00+00:00', '--job-id', '1582', '--raw', '--subdir', 'DAGS_FOLDER/2_tasks_relations.py', '--cfg-path', '/tmp/tmp0ki4yyy7']
[2023-09-12T17:37:29.307+0000] {standard_task_runner.py:85} INFO - Job 1582: Subtask say_hello
[2023-09-12T17:37:29.310+0000] {standard_task_runner.py:57} INFO - Started process 3328 to run task
[2023-09-12T17:37:29.493+0000] {task_command.py:415} INFO - Running <TaskInstance: tasks_relations.say_hello scheduled__2023-08-13T00:00:00+00:00 [running]> on host 0ab7970e0956
[2023-09-12T17:37:29.684+0000] {taskinstance.py:1660} INFO - Exporting env vars: AIRFLOW_CTX_DAG_OWNER='***' AIRFLOW_CTX_DAG_ID='tasks_relations' AIRFLOW_CTX_TASK_ID='say_hello' AIRFLOW_CTX_EXECUTION_DATE='2023-08-13T00:00:00+00:00' AIRFLOW_CTX_TRY_NUMBER='1' AIRFLOW_CTX_DAG_RUN_ID='scheduled__2023-08-13T00:00:00+00:00'
[2023-09-12T17:37:29.685+0000] {logging_mixin.py:151} INFO - hello world
[2023-09-12T17:37:29.686+0000] {python.py:194} INFO - Done. Returned value was: None
[2023-09-12T17:37:29.699+0000] {taskinstance.py:1400} INFO - Marking task as SUCCESS. dag_id=tasks_relations, task_id=say_hello, execution_date=20230813T000000, start_date=20230912T173729, end_date=20230912T173729
[2023-09-12T17:37:29.785+0000] {local_task_job_runner.py:228} INFO - Task exited with return code 0
[2023-09-12T17:37:29.829+0000] {taskinstance.py:2784} INFO - 1 downstream tasks scheduled from follow-on schedule check
