[2023-09-05T15:28:57.596+0000] {taskinstance.py:1159} INFO - Dependencies all met for dep_context=non-requeueable deps ti=<TaskInstance: tasks_relations.say_bye scheduled__2023-06-10T00:00:00+00:00 [queued]>
[2023-09-05T15:28:58.035+0000] {taskinstance.py:1159} INFO - Dependencies all met for dep_context=requeueable deps ti=<TaskInstance: tasks_relations.say_bye scheduled__2023-06-10T00:00:00+00:00 [queued]>
[2023-09-05T15:28:58.048+0000] {taskinstance.py:1361} INFO - Starting attempt 1 of 1
[2023-09-05T15:28:58.184+0000] {taskinstance.py:1382} INFO - Executing <Task(_PythonDecoratedOperator): say_bye> on 2023-06-10 00:00:00+00:00
[2023-09-05T15:28:58.217+0000] {standard_task_runner.py:57} INFO - Started process 1189 to run task
[2023-09-05T15:28:58.335+0000] {standard_task_runner.py:84} INFO - Running: ['***', 'tasks', 'run', 'tasks_relations', 'say_bye', 'scheduled__2023-06-10T00:00:00+00:00', '--job-id', '525', '--raw', '--subdir', 'DAGS_FOLDER/tasks_relations.py', '--cfg-path', '/tmp/tmpka2g6r5p']
[2023-09-05T15:28:58.355+0000] {standard_task_runner.py:85} INFO - Job 525: Subtask say_bye
[2023-09-05T15:28:58.680+0000] {task_command.py:415} INFO - Running <TaskInstance: tasks_relations.say_bye scheduled__2023-06-10T00:00:00+00:00 [running]> on host ca474790e981
[2023-09-05T15:28:59.534+0000] {taskinstance.py:1660} INFO - Exporting env vars: AIRFLOW_CTX_DAG_OWNER='***' AIRFLOW_CTX_DAG_ID='tasks_relations' AIRFLOW_CTX_TASK_ID='say_bye' AIRFLOW_CTX_EXECUTION_DATE='2023-06-10T00:00:00+00:00' AIRFLOW_CTX_TRY_NUMBER='1' AIRFLOW_CTX_DAG_RUN_ID='scheduled__2023-06-10T00:00:00+00:00'
[2023-09-05T15:28:59.555+0000] {logging_mixin.py:151} INFO - goodbye world
[2023-09-05T15:28:59.561+0000] {python.py:194} INFO - Done. Returned value was: None
[2023-09-05T15:28:59.707+0000] {taskinstance.py:1400} INFO - Marking task as SUCCESS. dag_id=tasks_relations, task_id=say_bye, execution_date=20230610T000000, start_date=20230905T152857, end_date=20230905T152859
[2023-09-05T15:28:59.959+0000] {local_task_job_runner.py:228} INFO - Task exited with return code 0
[2023-09-05T15:29:00.094+0000] {taskinstance.py:2784} INFO - 2 downstream tasks scheduled from follow-on schedule check
[2023-09-12T17:36:19.987+0000] {taskinstance.py:1159} INFO - Dependencies all met for dep_context=non-requeueable deps ti=<TaskInstance: tasks_relations.say_bye scheduled__2023-06-10T00:00:00+00:00 [queued]>
[2023-09-12T17:36:20.005+0000] {taskinstance.py:1159} INFO - Dependencies all met for dep_context=requeueable deps ti=<TaskInstance: tasks_relations.say_bye scheduled__2023-06-10T00:00:00+00:00 [queued]>
[2023-09-12T17:36:20.006+0000] {taskinstance.py:1361} INFO - Starting attempt 1 of 1
[2023-09-12T17:36:20.024+0000] {taskinstance.py:1382} INFO - Executing <Task(_PythonDecoratedOperator): say_bye> on 2023-06-10 00:00:00+00:00
[2023-09-12T17:36:20.029+0000] {standard_task_runner.py:57} INFO - Started process 2564 to run task
[2023-09-12T17:36:20.035+0000] {standard_task_runner.py:84} INFO - Running: ['***', 'tasks', 'run', 'tasks_relations', 'say_bye', 'scheduled__2023-06-10T00:00:00+00:00', '--job-id', '1213', '--raw', '--subdir', 'DAGS_FOLDER/2_tasks_relations.py', '--cfg-path', '/tmp/tmpwz_40vdd']
[2023-09-12T17:36:20.036+0000] {standard_task_runner.py:85} INFO - Job 1213: Subtask say_bye
[2023-09-12T17:36:20.115+0000] {task_command.py:415} INFO - Running <TaskInstance: tasks_relations.say_bye scheduled__2023-06-10T00:00:00+00:00 [running]> on host 0ab7970e0956
[2023-09-12T17:36:20.176+0000] {taskinstance.py:1660} INFO - Exporting env vars: AIRFLOW_CTX_DAG_OWNER='***' AIRFLOW_CTX_DAG_ID='tasks_relations' AIRFLOW_CTX_TASK_ID='say_bye' AIRFLOW_CTX_EXECUTION_DATE='2023-06-10T00:00:00+00:00' AIRFLOW_CTX_TRY_NUMBER='1' AIRFLOW_CTX_DAG_RUN_ID='scheduled__2023-06-10T00:00:00+00:00'
[2023-09-12T17:36:20.177+0000] {logging_mixin.py:151} INFO - goodbye world
[2023-09-12T17:36:20.177+0000] {python.py:194} INFO - Done. Returned value was: None
[2023-09-12T17:36:20.184+0000] {taskinstance.py:1400} INFO - Marking task as SUCCESS. dag_id=tasks_relations, task_id=say_bye, execution_date=20230610T000000, start_date=20230912T173619, end_date=20230912T173620
[2023-09-12T17:36:20.210+0000] {local_task_job_runner.py:228} INFO - Task exited with return code 0
[2023-09-12T17:36:20.227+0000] {taskinstance.py:2784} INFO - 2 downstream tasks scheduled from follow-on schedule check
