[2023-09-05T15:31:06.439+0000] {taskinstance.py:1159} INFO - Dependencies all met for dep_context=non-requeueable deps ti=<TaskInstance: tasks_relations.or_that_way scheduled__2023-08-12T00:00:00+00:00 [queued]>
[2023-09-05T15:31:06.504+0000] {taskinstance.py:1159} INFO - Dependencies all met for dep_context=requeueable deps ti=<TaskInstance: tasks_relations.or_that_way scheduled__2023-08-12T00:00:00+00:00 [queued]>
[2023-09-05T15:31:06.505+0000] {taskinstance.py:1361} INFO - Starting attempt 1 of 1
[2023-09-05T15:31:06.580+0000] {taskinstance.py:1382} INFO - Executing <Task(_PythonDecoratedOperator): or_that_way> on 2023-08-12 00:00:00+00:00
[2023-09-05T15:31:06.636+0000] {standard_task_runner.py:57} INFO - Started process 1886 to run task
[2023-09-05T15:31:06.636+0000] {standard_task_runner.py:84} INFO - Running: ['***', 'tasks', 'run', 'tasks_relations', 'or_that_way', 'scheduled__2023-08-12T00:00:00+00:00', '--job-id', '862', '--raw', '--subdir', 'DAGS_FOLDER/tasks_relations.py', '--cfg-path', '/tmp/tmp2sslk99q']
[2023-09-05T15:31:06.652+0000] {standard_task_runner.py:85} INFO - Job 862: Subtask or_that_way
[2023-09-05T15:31:06.810+0000] {task_command.py:415} INFO - Running <TaskInstance: tasks_relations.or_that_way scheduled__2023-08-12T00:00:00+00:00 [running]> on host ca474790e981
[2023-09-05T15:31:07.105+0000] {taskinstance.py:1660} INFO - Exporting env vars: AIRFLOW_CTX_DAG_OWNER='***' AIRFLOW_CTX_DAG_ID='tasks_relations' AIRFLOW_CTX_TASK_ID='or_that_way' AIRFLOW_CTX_EXECUTION_DATE='2023-08-12T00:00:00+00:00' AIRFLOW_CTX_TRY_NUMBER='1' AIRFLOW_CTX_DAG_RUN_ID='scheduled__2023-08-12T00:00:00+00:00'
[2023-09-05T15:31:07.109+0000] {logging_mixin.py:151} INFO - NO NO, THAT WAY WAY!!!
[2023-09-05T15:31:07.110+0000] {python.py:194} INFO - Done. Returned value was: None
[2023-09-05T15:31:07.166+0000] {taskinstance.py:1400} INFO - Marking task as SUCCESS. dag_id=tasks_relations, task_id=or_that_way, execution_date=20230812T000000, start_date=20230905T153106, end_date=20230905T153107
[2023-09-05T15:31:07.329+0000] {local_task_job_runner.py:228} INFO - Task exited with return code 0
[2023-09-05T15:31:07.373+0000] {taskinstance.py:2784} INFO - 0 downstream tasks scheduled from follow-on schedule check
[2023-09-12T17:37:34.709+0000] {taskinstance.py:1159} INFO - Dependencies all met for dep_context=non-requeueable deps ti=<TaskInstance: tasks_relations.or_that_way scheduled__2023-08-12T00:00:00+00:00 [queued]>
[2023-09-12T17:37:34.722+0000] {taskinstance.py:1159} INFO - Dependencies all met for dep_context=requeueable deps ti=<TaskInstance: tasks_relations.or_that_way scheduled__2023-08-12T00:00:00+00:00 [queued]>
[2023-09-12T17:37:34.724+0000] {taskinstance.py:1361} INFO - Starting attempt 1 of 1
[2023-09-12T17:37:34.745+0000] {taskinstance.py:1382} INFO - Executing <Task(_PythonDecoratedOperator): or_that_way> on 2023-08-12 00:00:00+00:00
[2023-09-12T17:37:34.762+0000] {standard_task_runner.py:57} INFO - Started process 3398 to run task
[2023-09-12T17:37:34.801+0000] {standard_task_runner.py:84} INFO - Running: ['***', 'tasks', 'run', 'tasks_relations', 'or_that_way', 'scheduled__2023-08-12T00:00:00+00:00', '--job-id', '1619', '--raw', '--subdir', 'DAGS_FOLDER/2_tasks_relations.py', '--cfg-path', '/tmp/tmph3rv6oam']
[2023-09-12T17:37:34.807+0000] {standard_task_runner.py:85} INFO - Job 1619: Subtask or_that_way
[2023-09-12T17:37:35.011+0000] {task_command.py:415} INFO - Running <TaskInstance: tasks_relations.or_that_way scheduled__2023-08-12T00:00:00+00:00 [running]> on host 0ab7970e0956
[2023-09-12T17:37:35.145+0000] {taskinstance.py:1660} INFO - Exporting env vars: AIRFLOW_CTX_DAG_OWNER='***' AIRFLOW_CTX_DAG_ID='tasks_relations' AIRFLOW_CTX_TASK_ID='or_that_way' AIRFLOW_CTX_EXECUTION_DATE='2023-08-12T00:00:00+00:00' AIRFLOW_CTX_TRY_NUMBER='1' AIRFLOW_CTX_DAG_RUN_ID='scheduled__2023-08-12T00:00:00+00:00'
[2023-09-12T17:37:35.146+0000] {logging_mixin.py:151} INFO - NO NO, THAT WAY WAY!!!
[2023-09-12T17:37:35.147+0000] {python.py:194} INFO - Done. Returned value was: None
[2023-09-12T17:37:35.157+0000] {taskinstance.py:1400} INFO - Marking task as SUCCESS. dag_id=tasks_relations, task_id=or_that_way, execution_date=20230812T000000, start_date=20230912T173734, end_date=20230912T173735
[2023-09-12T17:37:35.208+0000] {local_task_job_runner.py:228} INFO - Task exited with return code 0
[2023-09-12T17:37:35.232+0000] {taskinstance.py:2784} INFO - 1 downstream tasks scheduled from follow-on schedule check
