[2023-09-05T15:31:10.176+0000] {taskinstance.py:1159} INFO - Dependencies all met for dep_context=non-requeueable deps ti=<TaskInstance: tasks_relations.or_that_way scheduled__2023-08-18T00:00:00+00:00 [queued]>
[2023-09-05T15:31:10.186+0000] {taskinstance.py:1159} INFO - Dependencies all met for dep_context=requeueable deps ti=<TaskInstance: tasks_relations.or_that_way scheduled__2023-08-18T00:00:00+00:00 [queued]>
[2023-09-05T15:31:10.188+0000] {taskinstance.py:1361} INFO - Starting attempt 1 of 1
[2023-09-05T15:31:10.216+0000] {taskinstance.py:1382} INFO - Executing <Task(_PythonDecoratedOperator): or_that_way> on 2023-08-18 00:00:00+00:00
[2023-09-05T15:31:10.239+0000] {standard_task_runner.py:57} INFO - Started process 1903 to run task
[2023-09-05T15:31:10.254+0000] {standard_task_runner.py:84} INFO - Running: ['***', 'tasks', 'run', 'tasks_relations', 'or_that_way', 'scheduled__2023-08-18T00:00:00+00:00', '--job-id', '872', '--raw', '--subdir', 'DAGS_FOLDER/tasks_relations.py', '--cfg-path', '/tmp/tmpnvec9hob']
[2023-09-05T15:31:10.259+0000] {standard_task_runner.py:85} INFO - Job 872: Subtask or_that_way
[2023-09-05T15:31:10.428+0000] {task_command.py:415} INFO - Running <TaskInstance: tasks_relations.or_that_way scheduled__2023-08-18T00:00:00+00:00 [running]> on host ca474790e981
[2023-09-05T15:31:10.640+0000] {taskinstance.py:1660} INFO - Exporting env vars: AIRFLOW_CTX_DAG_OWNER='***' AIRFLOW_CTX_DAG_ID='tasks_relations' AIRFLOW_CTX_TASK_ID='or_that_way' AIRFLOW_CTX_EXECUTION_DATE='2023-08-18T00:00:00+00:00' AIRFLOW_CTX_TRY_NUMBER='1' AIRFLOW_CTX_DAG_RUN_ID='scheduled__2023-08-18T00:00:00+00:00'
[2023-09-05T15:31:10.646+0000] {logging_mixin.py:151} INFO - NO NO, THAT WAY WAY!!!
[2023-09-05T15:31:10.652+0000] {python.py:194} INFO - Done. Returned value was: None
[2023-09-05T15:31:10.677+0000] {taskinstance.py:1400} INFO - Marking task as SUCCESS. dag_id=tasks_relations, task_id=or_that_way, execution_date=20230818T000000, start_date=20230905T153110, end_date=20230905T153110
[2023-09-05T15:31:10.757+0000] {local_task_job_runner.py:228} INFO - Task exited with return code 0
[2023-09-05T15:31:10.818+0000] {taskinstance.py:2784} INFO - 0 downstream tasks scheduled from follow-on schedule check
[2023-09-12T17:37:40.073+0000] {taskinstance.py:1159} INFO - Dependencies all met for dep_context=non-requeueable deps ti=<TaskInstance: tasks_relations.or_that_way scheduled__2023-08-18T00:00:00+00:00 [queued]>
[2023-09-12T17:37:40.085+0000] {taskinstance.py:1159} INFO - Dependencies all met for dep_context=requeueable deps ti=<TaskInstance: tasks_relations.or_that_way scheduled__2023-08-18T00:00:00+00:00 [queued]>
[2023-09-12T17:37:40.087+0000] {taskinstance.py:1361} INFO - Starting attempt 1 of 1
[2023-09-12T17:37:40.103+0000] {taskinstance.py:1382} INFO - Executing <Task(_PythonDecoratedOperator): or_that_way> on 2023-08-18 00:00:00+00:00
[2023-09-12T17:37:40.109+0000] {standard_task_runner.py:57} INFO - Started process 3456 to run task
[2023-09-12T17:37:40.119+0000] {standard_task_runner.py:84} INFO - Running: ['***', 'tasks', 'run', 'tasks_relations', 'or_that_way', 'scheduled__2023-08-18T00:00:00+00:00', '--job-id', '1648', '--raw', '--subdir', 'DAGS_FOLDER/2_tasks_relations.py', '--cfg-path', '/tmp/tmptfjdqrhu']
[2023-09-12T17:37:40.130+0000] {standard_task_runner.py:85} INFO - Job 1648: Subtask or_that_way
[2023-09-12T17:37:40.222+0000] {task_command.py:415} INFO - Running <TaskInstance: tasks_relations.or_that_way scheduled__2023-08-18T00:00:00+00:00 [running]> on host 0ab7970e0956
[2023-09-12T17:37:40.361+0000] {taskinstance.py:1660} INFO - Exporting env vars: AIRFLOW_CTX_DAG_OWNER='***' AIRFLOW_CTX_DAG_ID='tasks_relations' AIRFLOW_CTX_TASK_ID='or_that_way' AIRFLOW_CTX_EXECUTION_DATE='2023-08-18T00:00:00+00:00' AIRFLOW_CTX_TRY_NUMBER='1' AIRFLOW_CTX_DAG_RUN_ID='scheduled__2023-08-18T00:00:00+00:00'
[2023-09-12T17:37:40.365+0000] {logging_mixin.py:151} INFO - NO NO, THAT WAY WAY!!!
[2023-09-12T17:37:40.365+0000] {python.py:194} INFO - Done. Returned value was: None
[2023-09-12T17:37:40.378+0000] {taskinstance.py:1400} INFO - Marking task as SUCCESS. dag_id=tasks_relations, task_id=or_that_way, execution_date=20230818T000000, start_date=20230912T173740, end_date=20230912T173740
[2023-09-12T17:37:40.421+0000] {local_task_job_runner.py:228} INFO - Task exited with return code 0
[2023-09-12T17:37:40.444+0000] {taskinstance.py:2784} INFO - 1 downstream tasks scheduled from follow-on schedule check
