[2023-09-05T15:30:36.901+0000] {taskinstance.py:1159} INFO - Dependencies all met for dep_context=non-requeueable deps ti=<TaskInstance: tasks_relations.or_that_way scheduled__2023-07-27T00:00:00+00:00 [queued]>
[2023-09-05T15:30:36.948+0000] {taskinstance.py:1159} INFO - Dependencies all met for dep_context=requeueable deps ti=<TaskInstance: tasks_relations.or_that_way scheduled__2023-07-27T00:00:00+00:00 [queued]>
[2023-09-05T15:30:36.949+0000] {taskinstance.py:1361} INFO - Starting attempt 1 of 1
[2023-09-05T15:30:37.002+0000] {taskinstance.py:1382} INFO - Executing <Task(_PythonDecoratedOperator): or_that_way> on 2023-07-27 00:00:00+00:00
[2023-09-05T15:30:37.018+0000] {standard_task_runner.py:57} INFO - Started process 1724 to run task
[2023-09-05T15:30:37.069+0000] {standard_task_runner.py:84} INFO - Running: ['***', 'tasks', 'run', 'tasks_relations', 'or_that_way', 'scheduled__2023-07-27T00:00:00+00:00', '--job-id', '782', '--raw', '--subdir', 'DAGS_FOLDER/tasks_relations.py', '--cfg-path', '/tmp/tmpl6ih564k']
[2023-09-05T15:30:37.082+0000] {standard_task_runner.py:85} INFO - Job 782: Subtask or_that_way
[2023-09-05T15:30:37.399+0000] {task_command.py:415} INFO - Running <TaskInstance: tasks_relations.or_that_way scheduled__2023-07-27T00:00:00+00:00 [running]> on host ca474790e981
[2023-09-05T15:30:38.007+0000] {taskinstance.py:1660} INFO - Exporting env vars: AIRFLOW_CTX_DAG_OWNER='***' AIRFLOW_CTX_DAG_ID='tasks_relations' AIRFLOW_CTX_TASK_ID='or_that_way' AIRFLOW_CTX_EXECUTION_DATE='2023-07-27T00:00:00+00:00' AIRFLOW_CTX_TRY_NUMBER='1' AIRFLOW_CTX_DAG_RUN_ID='scheduled__2023-07-27T00:00:00+00:00'
[2023-09-05T15:30:38.014+0000] {logging_mixin.py:151} INFO - NO NO, THAT WAY WAY!!!
[2023-09-05T15:30:38.016+0000] {python.py:194} INFO - Done. Returned value was: None
[2023-09-05T15:30:38.078+0000] {taskinstance.py:1400} INFO - Marking task as SUCCESS. dag_id=tasks_relations, task_id=or_that_way, execution_date=20230727T000000, start_date=20230905T153036, end_date=20230905T153038
[2023-09-05T15:30:38.198+0000] {local_task_job_runner.py:228} INFO - Task exited with return code 0
[2023-09-05T15:30:38.371+0000] {taskinstance.py:2784} INFO - 0 downstream tasks scheduled from follow-on schedule check
[2023-09-12T17:37:13.440+0000] {taskinstance.py:1159} INFO - Dependencies all met for dep_context=non-requeueable deps ti=<TaskInstance: tasks_relations.or_that_way scheduled__2023-07-27T00:00:00+00:00 [queued]>
[2023-09-12T17:37:13.467+0000] {taskinstance.py:1159} INFO - Dependencies all met for dep_context=requeueable deps ti=<TaskInstance: tasks_relations.or_that_way scheduled__2023-07-27T00:00:00+00:00 [queued]>
[2023-09-12T17:37:13.474+0000] {taskinstance.py:1361} INFO - Starting attempt 1 of 1
[2023-09-12T17:37:13.497+0000] {taskinstance.py:1382} INFO - Executing <Task(_PythonDecoratedOperator): or_that_way> on 2023-07-27 00:00:00+00:00
[2023-09-12T17:37:13.521+0000] {standard_task_runner.py:57} INFO - Started process 3160 to run task
[2023-09-12T17:37:13.559+0000] {standard_task_runner.py:84} INFO - Running: ['***', 'tasks', 'run', 'tasks_relations', 'or_that_way', 'scheduled__2023-07-27T00:00:00+00:00', '--job-id', '1502', '--raw', '--subdir', 'DAGS_FOLDER/2_tasks_relations.py', '--cfg-path', '/tmp/tmphu_9vxv2']
[2023-09-12T17:37:13.566+0000] {standard_task_runner.py:85} INFO - Job 1502: Subtask or_that_way
[2023-09-12T17:37:13.729+0000] {task_command.py:415} INFO - Running <TaskInstance: tasks_relations.or_that_way scheduled__2023-07-27T00:00:00+00:00 [running]> on host 0ab7970e0956
[2023-09-12T17:37:13.958+0000] {taskinstance.py:1660} INFO - Exporting env vars: AIRFLOW_CTX_DAG_OWNER='***' AIRFLOW_CTX_DAG_ID='tasks_relations' AIRFLOW_CTX_TASK_ID='or_that_way' AIRFLOW_CTX_EXECUTION_DATE='2023-07-27T00:00:00+00:00' AIRFLOW_CTX_TRY_NUMBER='1' AIRFLOW_CTX_DAG_RUN_ID='scheduled__2023-07-27T00:00:00+00:00'
[2023-09-12T17:37:13.962+0000] {logging_mixin.py:151} INFO - NO NO, THAT WAY WAY!!!
[2023-09-12T17:37:13.963+0000] {python.py:194} INFO - Done. Returned value was: None
[2023-09-12T17:37:13.984+0000] {taskinstance.py:1400} INFO - Marking task as SUCCESS. dag_id=tasks_relations, task_id=or_that_way, execution_date=20230727T000000, start_date=20230912T173713, end_date=20230912T173713
[2023-09-12T17:37:14.062+0000] {local_task_job_runner.py:228} INFO - Task exited with return code 0
[2023-09-12T17:37:14.105+0000] {taskinstance.py:2784} INFO - 1 downstream tasks scheduled from follow-on schedule check
