[2023-09-05T15:31:33.837+0000] {taskinstance.py:1159} INFO - Dependencies all met for dep_context=non-requeueable deps ti=<TaskInstance: tasks_relations.this_way scheduled__2023-08-23T00:00:00+00:00 [queued]>
[2023-09-05T15:31:33.912+0000] {taskinstance.py:1159} INFO - Dependencies all met for dep_context=requeueable deps ti=<TaskInstance: tasks_relations.this_way scheduled__2023-08-23T00:00:00+00:00 [queued]>
[2023-09-05T15:31:33.914+0000] {taskinstance.py:1361} INFO - Starting attempt 1 of 1
[2023-09-05T15:31:34.017+0000] {taskinstance.py:1382} INFO - Executing <Task(_PythonDecoratedOperator): this_way> on 2023-08-23 00:00:00+00:00
[2023-09-05T15:31:34.056+0000] {standard_task_runner.py:57} INFO - Started process 2040 to run task
[2023-09-05T15:31:34.117+0000] {standard_task_runner.py:84} INFO - Running: ['***', 'tasks', 'run', 'tasks_relations', 'this_way', 'scheduled__2023-08-23T00:00:00+00:00', '--job-id', '933', '--raw', '--subdir', 'DAGS_FOLDER/tasks_relations.py', '--cfg-path', '/tmp/tmpyocyewar']
[2023-09-05T15:31:34.128+0000] {standard_task_runner.py:85} INFO - Job 933: Subtask this_way
[2023-09-05T15:31:34.656+0000] {task_command.py:415} INFO - Running <TaskInstance: tasks_relations.this_way scheduled__2023-08-23T00:00:00+00:00 [running]> on host ca474790e981
[2023-09-05T15:31:35.124+0000] {taskinstance.py:1660} INFO - Exporting env vars: AIRFLOW_CTX_DAG_OWNER='***' AIRFLOW_CTX_DAG_ID='tasks_relations' AIRFLOW_CTX_TASK_ID='this_way' AIRFLOW_CTX_EXECUTION_DATE='2023-08-23T00:00:00+00:00' AIRFLOW_CTX_TRY_NUMBER='1' AIRFLOW_CTX_DAG_RUN_ID='scheduled__2023-08-23T00:00:00+00:00'
[2023-09-05T15:31:35.134+0000] {logging_mixin.py:151} INFO - THIS WAY!!!
[2023-09-05T15:31:35.144+0000] {python.py:194} INFO - Done. Returned value was: None
[2023-09-05T15:31:35.255+0000] {taskinstance.py:1400} INFO - Marking task as SUCCESS. dag_id=tasks_relations, task_id=this_way, execution_date=20230823T000000, start_date=20230905T153133, end_date=20230905T153135
[2023-09-05T15:31:35.481+0000] {local_task_job_runner.py:228} INFO - Task exited with return code 0
[2023-09-05T15:31:35.610+0000] {taskinstance.py:2784} INFO - 0 downstream tasks scheduled from follow-on schedule check
[2023-09-12T17:37:51.207+0000] {taskinstance.py:1159} INFO - Dependencies all met for dep_context=non-requeueable deps ti=<TaskInstance: tasks_relations.this_way scheduled__2023-08-23T00:00:00+00:00 [queued]>
[2023-09-12T17:37:51.245+0000] {taskinstance.py:1159} INFO - Dependencies all met for dep_context=requeueable deps ti=<TaskInstance: tasks_relations.this_way scheduled__2023-08-23T00:00:00+00:00 [queued]>
[2023-09-12T17:37:51.245+0000] {taskinstance.py:1361} INFO - Starting attempt 1 of 1
[2023-09-12T17:37:51.287+0000] {taskinstance.py:1382} INFO - Executing <Task(_PythonDecoratedOperator): this_way> on 2023-08-23 00:00:00+00:00
[2023-09-12T17:37:51.296+0000] {standard_task_runner.py:57} INFO - Started process 3583 to run task
[2023-09-12T17:37:51.333+0000] {standard_task_runner.py:84} INFO - Running: ['***', 'tasks', 'run', 'tasks_relations', 'this_way', 'scheduled__2023-08-23T00:00:00+00:00', '--job-id', '1704', '--raw', '--subdir', 'DAGS_FOLDER/2_tasks_relations.py', '--cfg-path', '/tmp/tmpgrbyiskp']
[2023-09-12T17:37:51.344+0000] {standard_task_runner.py:85} INFO - Job 1704: Subtask this_way
[2023-09-12T17:37:51.554+0000] {task_command.py:415} INFO - Running <TaskInstance: tasks_relations.this_way scheduled__2023-08-23T00:00:00+00:00 [running]> on host 0ab7970e0956
[2023-09-12T17:37:51.886+0000] {taskinstance.py:1660} INFO - Exporting env vars: AIRFLOW_CTX_DAG_OWNER='***' AIRFLOW_CTX_DAG_ID='tasks_relations' AIRFLOW_CTX_TASK_ID='this_way' AIRFLOW_CTX_EXECUTION_DATE='2023-08-23T00:00:00+00:00' AIRFLOW_CTX_TRY_NUMBER='1' AIRFLOW_CTX_DAG_RUN_ID='scheduled__2023-08-23T00:00:00+00:00'
[2023-09-12T17:37:51.891+0000] {logging_mixin.py:151} INFO - THIS WAY!!!
[2023-09-12T17:37:51.895+0000] {python.py:194} INFO - Done. Returned value was: None
[2023-09-12T17:37:51.967+0000] {taskinstance.py:1400} INFO - Marking task as SUCCESS. dag_id=tasks_relations, task_id=this_way, execution_date=20230823T000000, start_date=20230912T173751, end_date=20230912T173751
[2023-09-12T17:37:52.038+0000] {local_task_job_runner.py:228} INFO - Task exited with return code 0
[2023-09-12T17:37:52.071+0000] {taskinstance.py:2784} INFO - 0 downstream tasks scheduled from follow-on schedule check
