[2023-09-05T15:25:46.836+0000] {taskinstance.py:1159} INFO - Dependencies all met for dep_context=non-requeueable deps ti=<TaskInstance: tasks_relations.say_hello scheduled__2023-03-26T00:00:00+00:00 [queued]>
[2023-09-05T15:25:46.882+0000] {taskinstance.py:1159} INFO - Dependencies all met for dep_context=requeueable deps ti=<TaskInstance: tasks_relations.say_hello scheduled__2023-03-26T00:00:00+00:00 [queued]>
[2023-09-05T15:25:46.884+0000] {taskinstance.py:1361} INFO - Starting attempt 1 of 1
[2023-09-05T15:25:47.002+0000] {taskinstance.py:1382} INFO - Executing <Task(_PythonDecoratedOperator): say_hello> on 2023-03-26 00:00:00+00:00
[2023-09-05T15:25:47.077+0000] {standard_task_runner.py:57} INFO - Started process 616 to run task
[2023-09-05T15:25:47.142+0000] {standard_task_runner.py:84} INFO - Running: ['***', 'tasks', 'run', 'tasks_relations', 'say_hello', 'scheduled__2023-03-26T00:00:00+00:00', '--job-id', '264', '--raw', '--subdir', 'DAGS_FOLDER/tasks_relations.py', '--cfg-path', '/tmp/tmpk0ow7jj7']
[2023-09-05T15:25:47.148+0000] {standard_task_runner.py:85} INFO - Job 264: Subtask say_hello
[2023-09-05T15:25:47.743+0000] {task_command.py:415} INFO - Running <TaskInstance: tasks_relations.say_hello scheduled__2023-03-26T00:00:00+00:00 [running]> on host ca474790e981
[2023-09-05T15:25:48.763+0000] {taskinstance.py:1660} INFO - Exporting env vars: AIRFLOW_CTX_DAG_OWNER='***' AIRFLOW_CTX_DAG_ID='tasks_relations' AIRFLOW_CTX_TASK_ID='say_hello' AIRFLOW_CTX_EXECUTION_DATE='2023-03-26T00:00:00+00:00' AIRFLOW_CTX_TRY_NUMBER='1' AIRFLOW_CTX_DAG_RUN_ID='scheduled__2023-03-26T00:00:00+00:00'
[2023-09-05T15:25:48.787+0000] {logging_mixin.py:151} INFO - hello ***
[2023-09-05T15:25:48.790+0000] {python.py:194} INFO - Done. Returned value was: None
[2023-09-05T15:25:48.936+0000] {taskinstance.py:1400} INFO - Marking task as SUCCESS. dag_id=tasks_relations, task_id=say_hello, execution_date=20230326T000000, start_date=20230905T152546, end_date=20230905T152548
[2023-09-05T15:25:49.227+0000] {local_task_job_runner.py:228} INFO - Task exited with return code 0
[2023-09-05T15:25:49.395+0000] {taskinstance.py:2784} INFO - 0 downstream tasks scheduled from follow-on schedule check
[2023-09-12T17:35:00.831+0000] {taskinstance.py:1159} INFO - Dependencies all met for dep_context=non-requeueable deps ti=<TaskInstance: tasks_relations.say_hello scheduled__2023-03-26T00:00:00+00:00 [queued]>
[2023-09-12T17:35:00.838+0000] {taskinstance.py:1159} INFO - Dependencies all met for dep_context=requeueable deps ti=<TaskInstance: tasks_relations.say_hello scheduled__2023-03-26T00:00:00+00:00 [queued]>
[2023-09-12T17:35:00.840+0000] {taskinstance.py:1361} INFO - Starting attempt 1 of 1
[2023-09-12T17:35:00.870+0000] {taskinstance.py:1382} INFO - Executing <Task(_PythonDecoratedOperator): say_hello> on 2023-03-26 00:00:00+00:00
[2023-09-12T17:35:00.884+0000] {standard_task_runner.py:57} INFO - Started process 1519 to run task
[2023-09-12T17:35:00.894+0000] {standard_task_runner.py:84} INFO - Running: ['***', 'tasks', 'run', 'tasks_relations', 'say_hello', 'scheduled__2023-03-26T00:00:00+00:00', '--job-id', '697', '--raw', '--subdir', 'DAGS_FOLDER/2_tasks_relations.py', '--cfg-path', '/tmp/tmpl4lsgz9n']
[2023-09-12T17:35:00.898+0000] {standard_task_runner.py:85} INFO - Job 697: Subtask say_hello
[2023-09-12T17:35:00.990+0000] {task_command.py:415} INFO - Running <TaskInstance: tasks_relations.say_hello scheduled__2023-03-26T00:00:00+00:00 [running]> on host 0ab7970e0956
[2023-09-12T17:35:01.165+0000] {taskinstance.py:1660} INFO - Exporting env vars: AIRFLOW_CTX_DAG_OWNER='***' AIRFLOW_CTX_DAG_ID='tasks_relations' AIRFLOW_CTX_TASK_ID='say_hello' AIRFLOW_CTX_EXECUTION_DATE='2023-03-26T00:00:00+00:00' AIRFLOW_CTX_TRY_NUMBER='1' AIRFLOW_CTX_DAG_RUN_ID='scheduled__2023-03-26T00:00:00+00:00'
[2023-09-12T17:35:01.166+0000] {logging_mixin.py:151} INFO - hello world
[2023-09-12T17:35:01.166+0000] {python.py:194} INFO - Done. Returned value was: None
[2023-09-12T17:35:01.175+0000] {taskinstance.py:1400} INFO - Marking task as SUCCESS. dag_id=tasks_relations, task_id=say_hello, execution_date=20230326T000000, start_date=20230912T173500, end_date=20230912T173501
[2023-09-12T17:35:01.225+0000] {local_task_job_runner.py:228} INFO - Task exited with return code 0
[2023-09-12T17:35:01.284+0000] {taskinstance.py:2784} INFO - 1 downstream tasks scheduled from follow-on schedule check
