[2023-09-05T15:24:34.468+0000] {taskinstance.py:1159} INFO - Dependencies all met for dep_context=non-requeueable deps ti=<TaskInstance: tasks_relations.say_hello scheduled__2023-01-19T00:00:00+00:00 [queued]>
[2023-09-05T15:24:34.513+0000] {taskinstance.py:1159} INFO - Dependencies all met for dep_context=requeueable deps ti=<TaskInstance: tasks_relations.say_hello scheduled__2023-01-19T00:00:00+00:00 [queued]>
[2023-09-05T15:24:34.530+0000] {taskinstance.py:1361} INFO - Starting attempt 1 of 1
[2023-09-05T15:24:34.594+0000] {taskinstance.py:1382} INFO - Executing <Task(_PythonDecoratedOperator): say_hello> on 2023-01-19 00:00:00+00:00
[2023-09-05T15:24:34.616+0000] {standard_task_runner.py:57} INFO - Started process 205 to run task
[2023-09-05T15:24:34.675+0000] {standard_task_runner.py:84} INFO - Running: ['***', 'tasks', 'run', 'tasks_relations', 'say_hello', 'scheduled__2023-01-19T00:00:00+00:00', '--job-id', '66', '--raw', '--subdir', 'DAGS_FOLDER/tasks_relations.py', '--cfg-path', '/tmp/tmpt10prh_b']
[2023-09-05T15:24:34.681+0000] {standard_task_runner.py:85} INFO - Job 66: Subtask say_hello
[2023-09-05T15:24:34.947+0000] {task_command.py:415} INFO - Running <TaskInstance: tasks_relations.say_hello scheduled__2023-01-19T00:00:00+00:00 [running]> on host ca474790e981
[2023-09-05T15:24:35.429+0000] {taskinstance.py:1660} INFO - Exporting env vars: AIRFLOW_CTX_DAG_OWNER='***' AIRFLOW_CTX_DAG_ID='tasks_relations' AIRFLOW_CTX_TASK_ID='say_hello' AIRFLOW_CTX_EXECUTION_DATE='2023-01-19T00:00:00+00:00' AIRFLOW_CTX_TRY_NUMBER='1' AIRFLOW_CTX_DAG_RUN_ID='scheduled__2023-01-19T00:00:00+00:00'
[2023-09-05T15:24:35.431+0000] {logging_mixin.py:151} INFO - hello ***
[2023-09-05T15:24:35.432+0000] {python.py:194} INFO - Done. Returned value was: None
[2023-09-05T15:24:35.506+0000] {taskinstance.py:1400} INFO - Marking task as SUCCESS. dag_id=tasks_relations, task_id=say_hello, execution_date=20230119T000000, start_date=20230905T152434, end_date=20230905T152435
[2023-09-05T15:24:35.628+0000] {local_task_job_runner.py:228} INFO - Task exited with return code 0
[2023-09-05T15:24:35.701+0000] {taskinstance.py:2784} INFO - 1 downstream tasks scheduled from follow-on schedule check
[2023-09-12T17:33:18.435+0000] {taskinstance.py:1159} INFO - Dependencies all met for dep_context=non-requeueable deps ti=<TaskInstance: tasks_relations.say_hello scheduled__2023-01-19T00:00:00+00:00 [queued]>
[2023-09-12T17:33:18.486+0000] {taskinstance.py:1159} INFO - Dependencies all met for dep_context=requeueable deps ti=<TaskInstance: tasks_relations.say_hello scheduled__2023-01-19T00:00:00+00:00 [queued]>
[2023-09-12T17:33:18.496+0000] {taskinstance.py:1361} INFO - Starting attempt 1 of 1
[2023-09-12T17:33:18.610+0000] {taskinstance.py:1382} INFO - Executing <Task(_PythonDecoratedOperator): say_hello> on 2023-01-19 00:00:00+00:00
[2023-09-12T17:33:18.636+0000] {standard_task_runner.py:57} INFO - Started process 473 to run task
[2023-09-12T17:33:18.700+0000] {standard_task_runner.py:84} INFO - Running: ['***', 'tasks', 'run', 'tasks_relations', 'say_hello', 'scheduled__2023-01-19T00:00:00+00:00', '--job-id', '183', '--raw', '--subdir', 'DAGS_FOLDER/2_tasks_relations.py', '--cfg-path', '/tmp/tmpo41mj7r9']
[2023-09-12T17:33:18.737+0000] {standard_task_runner.py:85} INFO - Job 183: Subtask say_hello
[2023-09-12T17:33:19.174+0000] {task_command.py:415} INFO - Running <TaskInstance: tasks_relations.say_hello scheduled__2023-01-19T00:00:00+00:00 [running]> on host 0ab7970e0956
[2023-09-12T17:33:19.878+0000] {taskinstance.py:1660} INFO - Exporting env vars: AIRFLOW_CTX_DAG_OWNER='***' AIRFLOW_CTX_DAG_ID='tasks_relations' AIRFLOW_CTX_TASK_ID='say_hello' AIRFLOW_CTX_EXECUTION_DATE='2023-01-19T00:00:00+00:00' AIRFLOW_CTX_TRY_NUMBER='1' AIRFLOW_CTX_DAG_RUN_ID='scheduled__2023-01-19T00:00:00+00:00'
[2023-09-12T17:33:19.901+0000] {logging_mixin.py:151} INFO - hello world
[2023-09-12T17:33:19.902+0000] {python.py:194} INFO - Done. Returned value was: None
[2023-09-12T17:33:19.955+0000] {taskinstance.py:1400} INFO - Marking task as SUCCESS. dag_id=tasks_relations, task_id=say_hello, execution_date=20230119T000000, start_date=20230912T173318, end_date=20230912T173319
[2023-09-12T17:33:20.261+0000] {local_task_job_runner.py:228} INFO - Task exited with return code 0
[2023-09-12T17:33:20.349+0000] {taskinstance.py:2784} INFO - 1 downstream tasks scheduled from follow-on schedule check
