[2023-09-05T15:29:07.583+0000] {taskinstance.py:1159} INFO - Dependencies all met for dep_context=non-requeueable deps ti=<TaskInstance: tasks_relations.this_way scheduled__2023-06-13T00:00:00+00:00 [queued]>
[2023-09-05T15:29:07.723+0000] {taskinstance.py:1159} INFO - Dependencies all met for dep_context=requeueable deps ti=<TaskInstance: tasks_relations.this_way scheduled__2023-06-13T00:00:00+00:00 [queued]>
[2023-09-05T15:29:07.732+0000] {taskinstance.py:1361} INFO - Starting attempt 1 of 1
[2023-09-05T15:29:07.841+0000] {taskinstance.py:1382} INFO - Executing <Task(_PythonDecoratedOperator): this_way> on 2023-06-13 00:00:00+00:00
[2023-09-05T15:29:07.877+0000] {standard_task_runner.py:57} INFO - Started process 1233 to run task
[2023-09-05T15:29:07.938+0000] {standard_task_runner.py:84} INFO - Running: ['***', 'tasks', 'run', 'tasks_relations', 'this_way', 'scheduled__2023-06-13T00:00:00+00:00', '--job-id', '550', '--raw', '--subdir', 'DAGS_FOLDER/tasks_relations.py', '--cfg-path', '/tmp/tmpl28jjc23']
[2023-09-05T15:29:07.945+0000] {standard_task_runner.py:85} INFO - Job 550: Subtask this_way
[2023-09-05T15:29:08.634+0000] {task_command.py:415} INFO - Running <TaskInstance: tasks_relations.this_way scheduled__2023-06-13T00:00:00+00:00 [running]> on host ca474790e981
[2023-09-05T15:29:09.012+0000] {taskinstance.py:1660} INFO - Exporting env vars: AIRFLOW_CTX_DAG_OWNER='***' AIRFLOW_CTX_DAG_ID='tasks_relations' AIRFLOW_CTX_TASK_ID='this_way' AIRFLOW_CTX_EXECUTION_DATE='2023-06-13T00:00:00+00:00' AIRFLOW_CTX_TRY_NUMBER='1' AIRFLOW_CTX_DAG_RUN_ID='scheduled__2023-06-13T00:00:00+00:00'
[2023-09-05T15:29:09.044+0000] {logging_mixin.py:151} INFO - THIS WAY!!!
[2023-09-05T15:29:09.057+0000] {python.py:194} INFO - Done. Returned value was: None
[2023-09-05T15:29:09.120+0000] {taskinstance.py:1400} INFO - Marking task as SUCCESS. dag_id=tasks_relations, task_id=this_way, execution_date=20230613T000000, start_date=20230905T152907, end_date=20230905T152909
[2023-09-05T15:29:09.317+0000] {local_task_job_runner.py:228} INFO - Task exited with return code 0
[2023-09-05T15:29:09.396+0000] {taskinstance.py:2784} INFO - 0 downstream tasks scheduled from follow-on schedule check
[2023-09-12T17:36:37.548+0000] {taskinstance.py:1159} INFO - Dependencies all met for dep_context=non-requeueable deps ti=<TaskInstance: tasks_relations.this_way scheduled__2023-06-13T00:00:00+00:00 [queued]>
[2023-09-12T17:36:37.630+0000] {taskinstance.py:1159} INFO - Dependencies all met for dep_context=requeueable deps ti=<TaskInstance: tasks_relations.this_way scheduled__2023-06-13T00:00:00+00:00 [queued]>
[2023-09-12T17:36:37.656+0000] {taskinstance.py:1361} INFO - Starting attempt 1 of 1
[2023-09-12T17:36:37.817+0000] {taskinstance.py:1382} INFO - Executing <Task(_PythonDecoratedOperator): this_way> on 2023-06-13 00:00:00+00:00
[2023-09-12T17:36:37.837+0000] {standard_task_runner.py:57} INFO - Started process 2713 to run task
[2023-09-12T17:36:37.933+0000] {standard_task_runner.py:84} INFO - Running: ['***', 'tasks', 'run', 'tasks_relations', 'this_way', 'scheduled__2023-06-13T00:00:00+00:00', '--job-id', '1285', '--raw', '--subdir', 'DAGS_FOLDER/2_tasks_relations.py', '--cfg-path', '/tmp/tmp759m5ub7']
[2023-09-12T17:36:37.951+0000] {standard_task_runner.py:85} INFO - Job 1285: Subtask this_way
[2023-09-12T17:36:38.176+0000] {task_command.py:415} INFO - Running <TaskInstance: tasks_relations.this_way scheduled__2023-06-13T00:00:00+00:00 [running]> on host 0ab7970e0956
[2023-09-12T17:36:38.405+0000] {taskinstance.py:1660} INFO - Exporting env vars: AIRFLOW_CTX_DAG_OWNER='***' AIRFLOW_CTX_DAG_ID='tasks_relations' AIRFLOW_CTX_TASK_ID='this_way' AIRFLOW_CTX_EXECUTION_DATE='2023-06-13T00:00:00+00:00' AIRFLOW_CTX_TRY_NUMBER='1' AIRFLOW_CTX_DAG_RUN_ID='scheduled__2023-06-13T00:00:00+00:00'
[2023-09-12T17:36:38.409+0000] {logging_mixin.py:151} INFO - THIS WAY!!!
[2023-09-12T17:36:38.412+0000] {python.py:194} INFO - Done. Returned value was: None
[2023-09-12T17:36:38.434+0000] {taskinstance.py:1400} INFO - Marking task as SUCCESS. dag_id=tasks_relations, task_id=this_way, execution_date=20230613T000000, start_date=20230912T173637, end_date=20230912T173638
[2023-09-12T17:36:38.479+0000] {local_task_job_runner.py:228} INFO - Task exited with return code 0
[2023-09-12T17:36:38.507+0000] {taskinstance.py:2784} INFO - 1 downstream tasks scheduled from follow-on schedule check
