[2023-09-05T15:29:39.055+0000] {taskinstance.py:1159} INFO - Dependencies all met for dep_context=non-requeueable deps ti=<TaskInstance: tasks_relations.say_bye scheduled__2023-06-30T00:00:00+00:00 [queued]>
[2023-09-05T15:29:39.262+0000] {taskinstance.py:1159} INFO - Dependencies all met for dep_context=requeueable deps ti=<TaskInstance: tasks_relations.say_bye scheduled__2023-06-30T00:00:00+00:00 [queued]>
[2023-09-05T15:29:39.272+0000] {taskinstance.py:1361} INFO - Starting attempt 1 of 1
[2023-09-05T15:29:39.334+0000] {taskinstance.py:1382} INFO - Executing <Task(_PythonDecoratedOperator): say_bye> on 2023-06-30 00:00:00+00:00
[2023-09-05T15:29:39.394+0000] {standard_task_runner.py:57} INFO - Started process 1383 to run task
[2023-09-05T15:29:39.524+0000] {standard_task_runner.py:84} INFO - Running: ['***', 'tasks', 'run', 'tasks_relations', 'say_bye', 'scheduled__2023-06-30T00:00:00+00:00', '--job-id', '618', '--raw', '--subdir', 'DAGS_FOLDER/tasks_relations.py', '--cfg-path', '/tmp/tmpjlm4g3au']
[2023-09-05T15:29:39.535+0000] {standard_task_runner.py:85} INFO - Job 618: Subtask say_bye
[2023-09-05T15:29:40.031+0000] {task_command.py:415} INFO - Running <TaskInstance: tasks_relations.say_bye scheduled__2023-06-30T00:00:00+00:00 [running]> on host ca474790e981
[2023-09-05T15:29:41.204+0000] {taskinstance.py:1660} INFO - Exporting env vars: AIRFLOW_CTX_DAG_OWNER='***' AIRFLOW_CTX_DAG_ID='tasks_relations' AIRFLOW_CTX_TASK_ID='say_bye' AIRFLOW_CTX_EXECUTION_DATE='2023-06-30T00:00:00+00:00' AIRFLOW_CTX_TRY_NUMBER='1' AIRFLOW_CTX_DAG_RUN_ID='scheduled__2023-06-30T00:00:00+00:00'
[2023-09-05T15:29:41.245+0000] {logging_mixin.py:151} INFO - goodbye world
[2023-09-05T15:29:41.262+0000] {python.py:194} INFO - Done. Returned value was: None
[2023-09-05T15:29:41.414+0000] {taskinstance.py:1400} INFO - Marking task as SUCCESS. dag_id=tasks_relations, task_id=say_bye, execution_date=20230630T000000, start_date=20230905T152939, end_date=20230905T152941
[2023-09-05T15:29:41.773+0000] {local_task_job_runner.py:228} INFO - Task exited with return code 0
[2023-09-05T15:29:42.085+0000] {taskinstance.py:2784} INFO - 0 downstream tasks scheduled from follow-on schedule check
[2023-09-12T17:36:51.089+0000] {taskinstance.py:1159} INFO - Dependencies all met for dep_context=non-requeueable deps ti=<TaskInstance: tasks_relations.say_bye scheduled__2023-06-30T00:00:00+00:00 [queued]>
[2023-09-12T17:36:51.129+0000] {taskinstance.py:1159} INFO - Dependencies all met for dep_context=requeueable deps ti=<TaskInstance: tasks_relations.say_bye scheduled__2023-06-30T00:00:00+00:00 [queued]>
[2023-09-12T17:36:51.134+0000] {taskinstance.py:1361} INFO - Starting attempt 1 of 1
[2023-09-12T17:36:51.173+0000] {taskinstance.py:1382} INFO - Executing <Task(_PythonDecoratedOperator): say_bye> on 2023-06-30 00:00:00+00:00
[2023-09-12T17:36:51.188+0000] {standard_task_runner.py:57} INFO - Started process 2873 to run task
[2023-09-12T17:36:51.205+0000] {standard_task_runner.py:84} INFO - Running: ['***', 'tasks', 'run', 'tasks_relations', 'say_bye', 'scheduled__2023-06-30T00:00:00+00:00', '--job-id', '1358', '--raw', '--subdir', 'DAGS_FOLDER/2_tasks_relations.py', '--cfg-path', '/tmp/tmp5kmgru6c']
[2023-09-12T17:36:51.215+0000] {standard_task_runner.py:85} INFO - Job 1358: Subtask say_bye
[2023-09-12T17:36:51.406+0000] {task_command.py:415} INFO - Running <TaskInstance: tasks_relations.say_bye scheduled__2023-06-30T00:00:00+00:00 [running]> on host 0ab7970e0956
[2023-09-12T17:36:51.712+0000] {taskinstance.py:1660} INFO - Exporting env vars: AIRFLOW_CTX_DAG_OWNER='***' AIRFLOW_CTX_DAG_ID='tasks_relations' AIRFLOW_CTX_TASK_ID='say_bye' AIRFLOW_CTX_EXECUTION_DATE='2023-06-30T00:00:00+00:00' AIRFLOW_CTX_TRY_NUMBER='1' AIRFLOW_CTX_DAG_RUN_ID='scheduled__2023-06-30T00:00:00+00:00'
[2023-09-12T17:36:51.715+0000] {logging_mixin.py:151} INFO - goodbye world
[2023-09-12T17:36:51.716+0000] {python.py:194} INFO - Done. Returned value was: None
[2023-09-12T17:36:51.737+0000] {taskinstance.py:1400} INFO - Marking task as SUCCESS. dag_id=tasks_relations, task_id=say_bye, execution_date=20230630T000000, start_date=20230912T173651, end_date=20230912T173651
[2023-09-12T17:36:51.828+0000] {local_task_job_runner.py:228} INFO - Task exited with return code 0
[2023-09-12T17:36:51.890+0000] {taskinstance.py:2784} INFO - 2 downstream tasks scheduled from follow-on schedule check
