[2023-09-05T15:29:05.680+0000] {taskinstance.py:1159} INFO - Dependencies all met for dep_context=non-requeueable deps ti=<TaskInstance: tasks_relations.say_hello scheduled__2023-06-15T00:00:00+00:00 [queued]>
[2023-09-05T15:29:05.707+0000] {taskinstance.py:1159} INFO - Dependencies all met for dep_context=requeueable deps ti=<TaskInstance: tasks_relations.say_hello scheduled__2023-06-15T00:00:00+00:00 [queued]>
[2023-09-05T15:29:05.729+0000] {taskinstance.py:1361} INFO - Starting attempt 1 of 1
[2023-09-05T15:29:05.748+0000] {taskinstance.py:1382} INFO - Executing <Task(_PythonDecoratedOperator): say_hello> on 2023-06-15 00:00:00+00:00
[2023-09-05T15:29:05.760+0000] {standard_task_runner.py:57} INFO - Started process 1226 to run task
[2023-09-05T15:29:05.772+0000] {standard_task_runner.py:84} INFO - Running: ['***', 'tasks', 'run', 'tasks_relations', 'say_hello', 'scheduled__2023-06-15T00:00:00+00:00', '--job-id', '543', '--raw', '--subdir', 'DAGS_FOLDER/tasks_relations.py', '--cfg-path', '/tmp/tmpv4zb_uf0']
[2023-09-05T15:29:05.800+0000] {standard_task_runner.py:85} INFO - Job 543: Subtask say_hello
[2023-09-05T15:29:06.315+0000] {task_command.py:415} INFO - Running <TaskInstance: tasks_relations.say_hello scheduled__2023-06-15T00:00:00+00:00 [running]> on host ca474790e981
[2023-09-05T15:29:06.948+0000] {taskinstance.py:1660} INFO - Exporting env vars: AIRFLOW_CTX_DAG_OWNER='***' AIRFLOW_CTX_DAG_ID='tasks_relations' AIRFLOW_CTX_TASK_ID='say_hello' AIRFLOW_CTX_EXECUTION_DATE='2023-06-15T00:00:00+00:00' AIRFLOW_CTX_TRY_NUMBER='1' AIRFLOW_CTX_DAG_RUN_ID='scheduled__2023-06-15T00:00:00+00:00'
[2023-09-05T15:29:06.965+0000] {logging_mixin.py:151} INFO - hello world
[2023-09-05T15:29:06.976+0000] {python.py:194} INFO - Done. Returned value was: None
[2023-09-05T15:29:07.068+0000] {taskinstance.py:1400} INFO - Marking task as SUCCESS. dag_id=tasks_relations, task_id=say_hello, execution_date=20230615T000000, start_date=20230905T152905, end_date=20230905T152907
[2023-09-05T15:29:07.256+0000] {local_task_job_runner.py:228} INFO - Task exited with return code 0
[2023-09-05T15:29:07.386+0000] {taskinstance.py:2784} INFO - 1 downstream tasks scheduled from follow-on schedule check
[2023-09-12T17:36:32.017+0000] {taskinstance.py:1159} INFO - Dependencies all met for dep_context=non-requeueable deps ti=<TaskInstance: tasks_relations.say_hello scheduled__2023-06-15T00:00:00+00:00 [queued]>
[2023-09-12T17:36:32.041+0000] {taskinstance.py:1159} INFO - Dependencies all met for dep_context=requeueable deps ti=<TaskInstance: tasks_relations.say_hello scheduled__2023-06-15T00:00:00+00:00 [queued]>
[2023-09-12T17:36:32.043+0000] {taskinstance.py:1361} INFO - Starting attempt 1 of 1
[2023-09-12T17:36:32.157+0000] {taskinstance.py:1382} INFO - Executing <Task(_PythonDecoratedOperator): say_hello> on 2023-06-15 00:00:00+00:00
[2023-09-12T17:36:32.180+0000] {standard_task_runner.py:57} INFO - Started process 2652 to run task
[2023-09-12T17:36:32.200+0000] {standard_task_runner.py:84} INFO - Running: ['***', 'tasks', 'run', 'tasks_relations', 'say_hello', 'scheduled__2023-06-15T00:00:00+00:00', '--job-id', '1255', '--raw', '--subdir', 'DAGS_FOLDER/2_tasks_relations.py', '--cfg-path', '/tmp/tmpcdaa83vy']
[2023-09-12T17:36:32.221+0000] {standard_task_runner.py:85} INFO - Job 1255: Subtask say_hello
[2023-09-12T17:36:32.403+0000] {task_command.py:415} INFO - Running <TaskInstance: tasks_relations.say_hello scheduled__2023-06-15T00:00:00+00:00 [running]> on host 0ab7970e0956
[2023-09-12T17:36:32.668+0000] {taskinstance.py:1660} INFO - Exporting env vars: AIRFLOW_CTX_DAG_OWNER='***' AIRFLOW_CTX_DAG_ID='tasks_relations' AIRFLOW_CTX_TASK_ID='say_hello' AIRFLOW_CTX_EXECUTION_DATE='2023-06-15T00:00:00+00:00' AIRFLOW_CTX_TRY_NUMBER='1' AIRFLOW_CTX_DAG_RUN_ID='scheduled__2023-06-15T00:00:00+00:00'
[2023-09-12T17:36:32.670+0000] {logging_mixin.py:151} INFO - hello world
[2023-09-12T17:36:32.670+0000] {python.py:194} INFO - Done. Returned value was: None
[2023-09-12T17:36:32.684+0000] {taskinstance.py:1400} INFO - Marking task as SUCCESS. dag_id=tasks_relations, task_id=say_hello, execution_date=20230615T000000, start_date=20230912T173632, end_date=20230912T173632
[2023-09-12T17:36:32.753+0000] {local_task_job_runner.py:228} INFO - Task exited with return code 0
[2023-09-12T17:36:32.908+0000] {taskinstance.py:2784} INFO - 1 downstream tasks scheduled from follow-on schedule check
