[2023-09-05T15:24:35.688+0000] {taskinstance.py:1159} INFO - Dependencies all met for dep_context=non-requeueable deps ti=<TaskInstance: tasks_relations.say_hello scheduled__2023-01-21T00:00:00+00:00 [queued]>
[2023-09-05T15:24:35.753+0000] {taskinstance.py:1159} INFO - Dependencies all met for dep_context=requeueable deps ti=<TaskInstance: tasks_relations.say_hello scheduled__2023-01-21T00:00:00+00:00 [queued]>
[2023-09-05T15:24:35.757+0000] {taskinstance.py:1361} INFO - Starting attempt 1 of 1
[2023-09-05T15:24:35.843+0000] {taskinstance.py:1382} INFO - Executing <Task(_PythonDecoratedOperator): say_hello> on 2023-01-21 00:00:00+00:00
[2023-09-05T15:24:35.867+0000] {standard_task_runner.py:57} INFO - Started process 217 to run task
[2023-09-05T15:24:35.932+0000] {standard_task_runner.py:84} INFO - Running: ['***', 'tasks', 'run', 'tasks_relations', 'say_hello', 'scheduled__2023-01-21T00:00:00+00:00', '--job-id', '73', '--raw', '--subdir', 'DAGS_FOLDER/tasks_relations.py', '--cfg-path', '/tmp/tmpoqp7d7xh']
[2023-09-05T15:24:35.945+0000] {standard_task_runner.py:85} INFO - Job 73: Subtask say_hello
[2023-09-05T15:24:36.143+0000] {task_command.py:415} INFO - Running <TaskInstance: tasks_relations.say_hello scheduled__2023-01-21T00:00:00+00:00 [running]> on host ca474790e981
[2023-09-05T15:24:36.644+0000] {taskinstance.py:1660} INFO - Exporting env vars: AIRFLOW_CTX_DAG_OWNER='***' AIRFLOW_CTX_DAG_ID='tasks_relations' AIRFLOW_CTX_TASK_ID='say_hello' AIRFLOW_CTX_EXECUTION_DATE='2023-01-21T00:00:00+00:00' AIRFLOW_CTX_TRY_NUMBER='1' AIRFLOW_CTX_DAG_RUN_ID='scheduled__2023-01-21T00:00:00+00:00'
[2023-09-05T15:24:36.664+0000] {logging_mixin.py:151} INFO - hello ***
[2023-09-05T15:24:36.672+0000] {python.py:194} INFO - Done. Returned value was: None
[2023-09-05T15:24:36.712+0000] {taskinstance.py:1400} INFO - Marking task as SUCCESS. dag_id=tasks_relations, task_id=say_hello, execution_date=20230121T000000, start_date=20230905T152435, end_date=20230905T152436
[2023-09-05T15:24:36.958+0000] {local_task_job_runner.py:228} INFO - Task exited with return code 0
[2023-09-05T15:24:36.992+0000] {taskinstance.py:2784} INFO - 1 downstream tasks scheduled from follow-on schedule check
[2023-09-12T17:33:20.914+0000] {taskinstance.py:1159} INFO - Dependencies all met for dep_context=non-requeueable deps ti=<TaskInstance: tasks_relations.say_hello scheduled__2023-01-21T00:00:00+00:00 [queued]>
[2023-09-12T17:33:20.979+0000] {taskinstance.py:1159} INFO - Dependencies all met for dep_context=requeueable deps ti=<TaskInstance: tasks_relations.say_hello scheduled__2023-01-21T00:00:00+00:00 [queued]>
[2023-09-12T17:33:20.981+0000] {taskinstance.py:1361} INFO - Starting attempt 1 of 1
[2023-09-12T17:33:21.177+0000] {taskinstance.py:1382} INFO - Executing <Task(_PythonDecoratedOperator): say_hello> on 2023-01-21 00:00:00+00:00
[2023-09-12T17:33:21.190+0000] {standard_task_runner.py:57} INFO - Started process 492 to run task
[2023-09-12T17:33:21.267+0000] {standard_task_runner.py:84} INFO - Running: ['***', 'tasks', 'run', 'tasks_relations', 'say_hello', 'scheduled__2023-01-21T00:00:00+00:00', '--job-id', '192', '--raw', '--subdir', 'DAGS_FOLDER/2_tasks_relations.py', '--cfg-path', '/tmp/tmpb84r1qdt']
[2023-09-12T17:33:21.279+0000] {standard_task_runner.py:85} INFO - Job 192: Subtask say_hello
[2023-09-12T17:33:21.579+0000] {task_command.py:415} INFO - Running <TaskInstance: tasks_relations.say_hello scheduled__2023-01-21T00:00:00+00:00 [running]> on host 0ab7970e0956
[2023-09-12T17:33:22.804+0000] {taskinstance.py:1660} INFO - Exporting env vars: AIRFLOW_CTX_DAG_OWNER='***' AIRFLOW_CTX_DAG_ID='tasks_relations' AIRFLOW_CTX_TASK_ID='say_hello' AIRFLOW_CTX_EXECUTION_DATE='2023-01-21T00:00:00+00:00' AIRFLOW_CTX_TRY_NUMBER='1' AIRFLOW_CTX_DAG_RUN_ID='scheduled__2023-01-21T00:00:00+00:00'
[2023-09-12T17:33:22.827+0000] {logging_mixin.py:151} INFO - hello world
[2023-09-12T17:33:22.847+0000] {python.py:194} INFO - Done. Returned value was: None
[2023-09-12T17:33:22.990+0000] {taskinstance.py:1400} INFO - Marking task as SUCCESS. dag_id=tasks_relations, task_id=say_hello, execution_date=20230121T000000, start_date=20230912T173320, end_date=20230912T173322
[2023-09-12T17:33:23.194+0000] {local_task_job_runner.py:228} INFO - Task exited with return code 0
[2023-09-12T17:33:23.551+0000] {taskinstance.py:2784} INFO - 1 downstream tasks scheduled from follow-on schedule check
