[2023-09-05T15:25:14.380+0000] {taskinstance.py:1159} INFO - Dependencies all met for dep_context=non-requeueable deps ti=<TaskInstance: tasks_relations.say_bye scheduled__2023-02-26T00:00:00+00:00 [queued]>
[2023-09-05T15:25:14.399+0000] {taskinstance.py:1159} INFO - Dependencies all met for dep_context=requeueable deps ti=<TaskInstance: tasks_relations.say_bye scheduled__2023-02-26T00:00:00+00:00 [queued]>
[2023-09-05T15:25:14.401+0000] {taskinstance.py:1361} INFO - Starting attempt 1 of 1
[2023-09-05T15:25:14.433+0000] {taskinstance.py:1382} INFO - Executing <Task(_PythonDecoratedOperator): say_bye> on 2023-02-26 00:00:00+00:00
[2023-09-05T15:25:14.447+0000] {standard_task_runner.py:57} INFO - Started process 449 to run task
[2023-09-05T15:25:14.474+0000] {standard_task_runner.py:84} INFO - Running: ['***', 'tasks', 'run', 'tasks_relations', 'say_bye', 'scheduled__2023-02-26T00:00:00+00:00', '--job-id', '187', '--raw', '--subdir', 'DAGS_FOLDER/tasks_relations.py', '--cfg-path', '/tmp/tmped_9w1hs']
[2023-09-05T15:25:14.479+0000] {standard_task_runner.py:85} INFO - Job 187: Subtask say_bye
[2023-09-05T15:25:14.628+0000] {task_command.py:415} INFO - Running <TaskInstance: tasks_relations.say_bye scheduled__2023-02-26T00:00:00+00:00 [running]> on host ca474790e981
[2023-09-05T15:25:14.800+0000] {taskinstance.py:1660} INFO - Exporting env vars: AIRFLOW_CTX_DAG_OWNER='***' AIRFLOW_CTX_DAG_ID='tasks_relations' AIRFLOW_CTX_TASK_ID='say_bye' AIRFLOW_CTX_EXECUTION_DATE='2023-02-26T00:00:00+00:00' AIRFLOW_CTX_TRY_NUMBER='1' AIRFLOW_CTX_DAG_RUN_ID='scheduled__2023-02-26T00:00:00+00:00'
[2023-09-05T15:25:14.805+0000] {logging_mixin.py:151} INFO - goodbye ***
[2023-09-05T15:25:14.806+0000] {python.py:194} INFO - Done. Returned value was: None
[2023-09-05T15:25:14.825+0000] {taskinstance.py:1400} INFO - Marking task as SUCCESS. dag_id=tasks_relations, task_id=say_bye, execution_date=20230226T000000, start_date=20230905T152514, end_date=20230905T152514
[2023-09-05T15:25:14.882+0000] {local_task_job_runner.py:228} INFO - Task exited with return code 0
[2023-09-05T15:25:14.918+0000] {taskinstance.py:2784} INFO - 0 downstream tasks scheduled from follow-on schedule check
[2023-09-12T17:34:31.837+0000] {taskinstance.py:1159} INFO - Dependencies all met for dep_context=non-requeueable deps ti=<TaskInstance: tasks_relations.say_bye scheduled__2023-02-26T00:00:00+00:00 [queued]>
[2023-09-12T17:34:31.884+0000] {taskinstance.py:1159} INFO - Dependencies all met for dep_context=requeueable deps ti=<TaskInstance: tasks_relations.say_bye scheduled__2023-02-26T00:00:00+00:00 [queued]>
[2023-09-12T17:34:31.889+0000] {taskinstance.py:1361} INFO - Starting attempt 1 of 1
[2023-09-12T17:34:31.954+0000] {taskinstance.py:1382} INFO - Executing <Task(_PythonDecoratedOperator): say_bye> on 2023-02-26 00:00:00+00:00
[2023-09-12T17:34:31.972+0000] {standard_task_runner.py:57} INFO - Started process 1114 to run task
[2023-09-12T17:34:32.004+0000] {standard_task_runner.py:84} INFO - Running: ['***', 'tasks', 'run', 'tasks_relations', 'say_bye', 'scheduled__2023-02-26T00:00:00+00:00', '--job-id', '496', '--raw', '--subdir', 'DAGS_FOLDER/2_tasks_relations.py', '--cfg-path', '/tmp/tmpmm09cphx']
[2023-09-12T17:34:32.033+0000] {standard_task_runner.py:85} INFO - Job 496: Subtask say_bye
[2023-09-12T17:34:32.189+0000] {task_command.py:415} INFO - Running <TaskInstance: tasks_relations.say_bye scheduled__2023-02-26T00:00:00+00:00 [running]> on host 0ab7970e0956
[2023-09-12T17:34:32.452+0000] {taskinstance.py:1660} INFO - Exporting env vars: AIRFLOW_CTX_DAG_OWNER='***' AIRFLOW_CTX_DAG_ID='tasks_relations' AIRFLOW_CTX_TASK_ID='say_bye' AIRFLOW_CTX_EXECUTION_DATE='2023-02-26T00:00:00+00:00' AIRFLOW_CTX_TRY_NUMBER='1' AIRFLOW_CTX_DAG_RUN_ID='scheduled__2023-02-26T00:00:00+00:00'
[2023-09-12T17:34:32.453+0000] {logging_mixin.py:151} INFO - goodbye world
[2023-09-12T17:34:32.456+0000] {python.py:194} INFO - Done. Returned value was: None
[2023-09-12T17:34:32.469+0000] {taskinstance.py:1400} INFO - Marking task as SUCCESS. dag_id=tasks_relations, task_id=say_bye, execution_date=20230226T000000, start_date=20230912T173431, end_date=20230912T173432
[2023-09-12T17:34:32.552+0000] {local_task_job_runner.py:228} INFO - Task exited with return code 0
[2023-09-12T17:34:32.645+0000] {taskinstance.py:2784} INFO - 0 downstream tasks scheduled from follow-on schedule check
