[2023-09-05T15:30:55.457+0000] {taskinstance.py:1159} INFO - Dependencies all met for dep_context=non-requeueable deps ti=<TaskInstance: tasks_relations.say_hello scheduled__2023-08-15T00:00:00+00:00 [queued]>
[2023-09-05T15:30:55.510+0000] {taskinstance.py:1159} INFO - Dependencies all met for dep_context=requeueable deps ti=<TaskInstance: tasks_relations.say_hello scheduled__2023-08-15T00:00:00+00:00 [queued]>
[2023-09-05T15:30:55.512+0000] {taskinstance.py:1361} INFO - Starting attempt 1 of 1
[2023-09-05T15:30:55.619+0000] {taskinstance.py:1382} INFO - Executing <Task(_PythonDecoratedOperator): say_hello> on 2023-08-15 00:00:00+00:00
[2023-09-05T15:30:55.689+0000] {standard_task_runner.py:57} INFO - Started process 1822 to run task
[2023-09-05T15:30:55.765+0000] {standard_task_runner.py:84} INFO - Running: ['***', 'tasks', 'run', 'tasks_relations', 'say_hello', 'scheduled__2023-08-15T00:00:00+00:00', '--job-id', '829', '--raw', '--subdir', 'DAGS_FOLDER/tasks_relations.py', '--cfg-path', '/tmp/tmpk6h8h1cn']
[2023-09-05T15:30:55.794+0000] {standard_task_runner.py:85} INFO - Job 829: Subtask say_hello
[2023-09-05T15:30:56.370+0000] {task_command.py:415} INFO - Running <TaskInstance: tasks_relations.say_hello scheduled__2023-08-15T00:00:00+00:00 [running]> on host ca474790e981
[2023-09-05T15:30:57.243+0000] {taskinstance.py:1660} INFO - Exporting env vars: AIRFLOW_CTX_DAG_OWNER='***' AIRFLOW_CTX_DAG_ID='tasks_relations' AIRFLOW_CTX_TASK_ID='say_hello' AIRFLOW_CTX_EXECUTION_DATE='2023-08-15T00:00:00+00:00' AIRFLOW_CTX_TRY_NUMBER='1' AIRFLOW_CTX_DAG_RUN_ID='scheduled__2023-08-15T00:00:00+00:00'
[2023-09-05T15:30:57.247+0000] {logging_mixin.py:151} INFO - hello world
[2023-09-05T15:30:57.249+0000] {python.py:194} INFO - Done. Returned value was: None
[2023-09-05T15:30:57.283+0000] {taskinstance.py:1400} INFO - Marking task as SUCCESS. dag_id=tasks_relations, task_id=say_hello, execution_date=20230815T000000, start_date=20230905T153055, end_date=20230905T153057
[2023-09-05T15:30:57.651+0000] {local_task_job_runner.py:228} INFO - Task exited with return code 0
[2023-09-05T15:30:57.875+0000] {taskinstance.py:2784} INFO - 0 downstream tasks scheduled from follow-on schedule check
[2023-09-12T17:37:33.993+0000] {taskinstance.py:1159} INFO - Dependencies all met for dep_context=non-requeueable deps ti=<TaskInstance: tasks_relations.say_hello scheduled__2023-08-15T00:00:00+00:00 [queued]>
[2023-09-12T17:37:34.027+0000] {taskinstance.py:1159} INFO - Dependencies all met for dep_context=requeueable deps ti=<TaskInstance: tasks_relations.say_hello scheduled__2023-08-15T00:00:00+00:00 [queued]>
[2023-09-12T17:37:34.029+0000] {taskinstance.py:1361} INFO - Starting attempt 1 of 1
[2023-09-12T17:37:34.183+0000] {taskinstance.py:1382} INFO - Executing <Task(_PythonDecoratedOperator): say_hello> on 2023-08-15 00:00:00+00:00
[2023-09-12T17:37:34.194+0000] {standard_task_runner.py:57} INFO - Started process 3393 to run task
[2023-09-12T17:37:34.250+0000] {standard_task_runner.py:84} INFO - Running: ['***', 'tasks', 'run', 'tasks_relations', 'say_hello', 'scheduled__2023-08-15T00:00:00+00:00', '--job-id', '1613', '--raw', '--subdir', 'DAGS_FOLDER/2_tasks_relations.py', '--cfg-path', '/tmp/tmp_t7d73ll']
[2023-09-12T17:37:34.259+0000] {standard_task_runner.py:85} INFO - Job 1613: Subtask say_hello
[2023-09-12T17:37:34.505+0000] {task_command.py:415} INFO - Running <TaskInstance: tasks_relations.say_hello scheduled__2023-08-15T00:00:00+00:00 [running]> on host 0ab7970e0956
[2023-09-12T17:37:34.835+0000] {taskinstance.py:1660} INFO - Exporting env vars: AIRFLOW_CTX_DAG_OWNER='***' AIRFLOW_CTX_DAG_ID='tasks_relations' AIRFLOW_CTX_TASK_ID='say_hello' AIRFLOW_CTX_EXECUTION_DATE='2023-08-15T00:00:00+00:00' AIRFLOW_CTX_TRY_NUMBER='1' AIRFLOW_CTX_DAG_RUN_ID='scheduled__2023-08-15T00:00:00+00:00'
[2023-09-12T17:37:34.837+0000] {logging_mixin.py:151} INFO - hello world
[2023-09-12T17:37:34.837+0000] {python.py:194} INFO - Done. Returned value was: None
[2023-09-12T17:37:34.853+0000] {taskinstance.py:1400} INFO - Marking task as SUCCESS. dag_id=tasks_relations, task_id=say_hello, execution_date=20230815T000000, start_date=20230912T173733, end_date=20230912T173734
[2023-09-12T17:37:34.924+0000] {local_task_job_runner.py:228} INFO - Task exited with return code 0
[2023-09-12T17:37:34.967+0000] {taskinstance.py:2784} INFO - 1 downstream tasks scheduled from follow-on schedule check
