[2023-09-05T15:31:06.123+0000] {taskinstance.py:1159} INFO - Dependencies all met for dep_context=non-requeueable deps ti=<TaskInstance: tasks_relations.or_that_way scheduled__2023-08-08T00:00:00+00:00 [queued]>
[2023-09-05T15:31:06.170+0000] {taskinstance.py:1159} INFO - Dependencies all met for dep_context=requeueable deps ti=<TaskInstance: tasks_relations.or_that_way scheduled__2023-08-08T00:00:00+00:00 [queued]>
[2023-09-05T15:31:06.171+0000] {taskinstance.py:1361} INFO - Starting attempt 1 of 1
[2023-09-05T15:31:06.302+0000] {taskinstance.py:1382} INFO - Executing <Task(_PythonDecoratedOperator): or_that_way> on 2023-08-08 00:00:00+00:00
[2023-09-05T15:31:06.317+0000] {standard_task_runner.py:57} INFO - Started process 1883 to run task
[2023-09-05T15:31:06.325+0000] {standard_task_runner.py:84} INFO - Running: ['***', 'tasks', 'run', 'tasks_relations', 'or_that_way', 'scheduled__2023-08-08T00:00:00+00:00', '--job-id', '859', '--raw', '--subdir', 'DAGS_FOLDER/tasks_relations.py', '--cfg-path', '/tmp/tmpi7o4cifb']
[2023-09-05T15:31:06.327+0000] {standard_task_runner.py:85} INFO - Job 859: Subtask or_that_way
[2023-09-05T15:31:06.687+0000] {task_command.py:415} INFO - Running <TaskInstance: tasks_relations.or_that_way scheduled__2023-08-08T00:00:00+00:00 [running]> on host ca474790e981
[2023-09-05T15:31:07.227+0000] {taskinstance.py:1660} INFO - Exporting env vars: AIRFLOW_CTX_DAG_OWNER='***' AIRFLOW_CTX_DAG_ID='tasks_relations' AIRFLOW_CTX_TASK_ID='or_that_way' AIRFLOW_CTX_EXECUTION_DATE='2023-08-08T00:00:00+00:00' AIRFLOW_CTX_TRY_NUMBER='1' AIRFLOW_CTX_DAG_RUN_ID='scheduled__2023-08-08T00:00:00+00:00'
[2023-09-05T15:31:07.239+0000] {logging_mixin.py:151} INFO - NO NO, THAT WAY WAY!!!
[2023-09-05T15:31:07.240+0000] {python.py:194} INFO - Done. Returned value was: None
[2023-09-05T15:31:07.277+0000] {taskinstance.py:1400} INFO - Marking task as SUCCESS. dag_id=tasks_relations, task_id=or_that_way, execution_date=20230808T000000, start_date=20230905T153106, end_date=20230905T153107
[2023-09-05T15:31:07.358+0000] {local_task_job_runner.py:228} INFO - Task exited with return code 0
[2023-09-05T15:31:07.397+0000] {taskinstance.py:2784} INFO - 0 downstream tasks scheduled from follow-on schedule check
[2023-09-12T17:37:31.702+0000] {taskinstance.py:1159} INFO - Dependencies all met for dep_context=non-requeueable deps ti=<TaskInstance: tasks_relations.or_that_way scheduled__2023-08-08T00:00:00+00:00 [queued]>
[2023-09-12T17:37:31.760+0000] {taskinstance.py:1159} INFO - Dependencies all met for dep_context=requeueable deps ti=<TaskInstance: tasks_relations.or_that_way scheduled__2023-08-08T00:00:00+00:00 [queued]>
[2023-09-12T17:37:31.762+0000] {taskinstance.py:1361} INFO - Starting attempt 1 of 1
[2023-09-12T17:37:31.800+0000] {taskinstance.py:1382} INFO - Executing <Task(_PythonDecoratedOperator): or_that_way> on 2023-08-08 00:00:00+00:00
[2023-09-12T17:37:31.813+0000] {standard_task_runner.py:57} INFO - Started process 3361 to run task
[2023-09-12T17:37:31.852+0000] {standard_task_runner.py:84} INFO - Running: ['***', 'tasks', 'run', 'tasks_relations', 'or_that_way', 'scheduled__2023-08-08T00:00:00+00:00', '--job-id', '1601', '--raw', '--subdir', 'DAGS_FOLDER/2_tasks_relations.py', '--cfg-path', '/tmp/tmps38y8xx_']
[2023-09-12T17:37:31.866+0000] {standard_task_runner.py:85} INFO - Job 1601: Subtask or_that_way
[2023-09-12T17:37:32.224+0000] {task_command.py:415} INFO - Running <TaskInstance: tasks_relations.or_that_way scheduled__2023-08-08T00:00:00+00:00 [running]> on host 0ab7970e0956
[2023-09-12T17:37:32.643+0000] {taskinstance.py:1660} INFO - Exporting env vars: AIRFLOW_CTX_DAG_OWNER='***' AIRFLOW_CTX_DAG_ID='tasks_relations' AIRFLOW_CTX_TASK_ID='or_that_way' AIRFLOW_CTX_EXECUTION_DATE='2023-08-08T00:00:00+00:00' AIRFLOW_CTX_TRY_NUMBER='1' AIRFLOW_CTX_DAG_RUN_ID='scheduled__2023-08-08T00:00:00+00:00'
[2023-09-12T17:37:32.646+0000] {logging_mixin.py:151} INFO - NO NO, THAT WAY WAY!!!
[2023-09-12T17:37:32.652+0000] {python.py:194} INFO - Done. Returned value was: None
[2023-09-12T17:37:32.705+0000] {taskinstance.py:1400} INFO - Marking task as SUCCESS. dag_id=tasks_relations, task_id=or_that_way, execution_date=20230808T000000, start_date=20230912T173731, end_date=20230912T173732
[2023-09-12T17:37:32.830+0000] {local_task_job_runner.py:228} INFO - Task exited with return code 0
[2023-09-12T17:37:32.902+0000] {taskinstance.py:2784} INFO - 1 downstream tasks scheduled from follow-on schedule check
