[2023-09-05T15:29:24.849+0000] {taskinstance.py:1159} INFO - Dependencies all met for dep_context=non-requeueable deps ti=<TaskInstance: tasks_relations.say_bye scheduled__2023-06-19T00:00:00+00:00 [queued]>
[2023-09-05T15:29:24.977+0000] {taskinstance.py:1159} INFO - Dependencies all met for dep_context=requeueable deps ti=<TaskInstance: tasks_relations.say_bye scheduled__2023-06-19T00:00:00+00:00 [queued]>
[2023-09-05T15:29:24.998+0000] {taskinstance.py:1361} INFO - Starting attempt 1 of 1
[2023-09-05T15:29:25.142+0000] {taskinstance.py:1382} INFO - Executing <Task(_PythonDecoratedOperator): say_bye> on 2023-06-19 00:00:00+00:00
[2023-09-05T15:29:25.171+0000] {standard_task_runner.py:57} INFO - Started process 1313 to run task
[2023-09-05T15:29:25.215+0000] {standard_task_runner.py:84} INFO - Running: ['***', 'tasks', 'run', 'tasks_relations', 'say_bye', 'scheduled__2023-06-19T00:00:00+00:00', '--job-id', '584', '--raw', '--subdir', 'DAGS_FOLDER/tasks_relations.py', '--cfg-path', '/tmp/tmpqgb4gxuk']
[2023-09-05T15:29:25.237+0000] {standard_task_runner.py:85} INFO - Job 584: Subtask say_bye
[2023-09-05T15:29:25.507+0000] {task_command.py:415} INFO - Running <TaskInstance: tasks_relations.say_bye scheduled__2023-06-19T00:00:00+00:00 [running]> on host ca474790e981
[2023-09-05T15:29:26.287+0000] {taskinstance.py:1660} INFO - Exporting env vars: AIRFLOW_CTX_DAG_OWNER='***' AIRFLOW_CTX_DAG_ID='tasks_relations' AIRFLOW_CTX_TASK_ID='say_bye' AIRFLOW_CTX_EXECUTION_DATE='2023-06-19T00:00:00+00:00' AIRFLOW_CTX_TRY_NUMBER='1' AIRFLOW_CTX_DAG_RUN_ID='scheduled__2023-06-19T00:00:00+00:00'
[2023-09-05T15:29:26.289+0000] {logging_mixin.py:151} INFO - goodbye world
[2023-09-05T15:29:26.300+0000] {python.py:194} INFO - Done. Returned value was: None
[2023-09-05T15:29:26.350+0000] {taskinstance.py:1400} INFO - Marking task as SUCCESS. dag_id=tasks_relations, task_id=say_bye, execution_date=20230619T000000, start_date=20230905T152924, end_date=20230905T152926
[2023-09-05T15:29:26.564+0000] {local_task_job_runner.py:228} INFO - Task exited with return code 0
[2023-09-05T15:29:26.705+0000] {taskinstance.py:2784} INFO - 2 downstream tasks scheduled from follow-on schedule check
[2023-09-12T17:36:37.068+0000] {taskinstance.py:1159} INFO - Dependencies all met for dep_context=non-requeueable deps ti=<TaskInstance: tasks_relations.say_bye scheduled__2023-06-19T00:00:00+00:00 [queued]>
[2023-09-12T17:36:37.260+0000] {taskinstance.py:1159} INFO - Dependencies all met for dep_context=requeueable deps ti=<TaskInstance: tasks_relations.say_bye scheduled__2023-06-19T00:00:00+00:00 [queued]>
[2023-09-12T17:36:37.269+0000] {taskinstance.py:1361} INFO - Starting attempt 1 of 1
[2023-09-12T17:36:37.515+0000] {taskinstance.py:1382} INFO - Executing <Task(_PythonDecoratedOperator): say_bye> on 2023-06-19 00:00:00+00:00
[2023-09-12T17:36:37.536+0000] {standard_task_runner.py:57} INFO - Started process 2712 to run task
[2023-09-12T17:36:37.570+0000] {standard_task_runner.py:84} INFO - Running: ['***', 'tasks', 'run', 'tasks_relations', 'say_bye', 'scheduled__2023-06-19T00:00:00+00:00', '--job-id', '1282', '--raw', '--subdir', 'DAGS_FOLDER/2_tasks_relations.py', '--cfg-path', '/tmp/tmpd73vnys_']
[2023-09-12T17:36:37.688+0000] {standard_task_runner.py:85} INFO - Job 1282: Subtask say_bye
[2023-09-12T17:36:38.069+0000] {task_command.py:415} INFO - Running <TaskInstance: tasks_relations.say_bye scheduled__2023-06-19T00:00:00+00:00 [running]> on host 0ab7970e0956
[2023-09-12T17:36:38.335+0000] {taskinstance.py:1660} INFO - Exporting env vars: AIRFLOW_CTX_DAG_OWNER='***' AIRFLOW_CTX_DAG_ID='tasks_relations' AIRFLOW_CTX_TASK_ID='say_bye' AIRFLOW_CTX_EXECUTION_DATE='2023-06-19T00:00:00+00:00' AIRFLOW_CTX_TRY_NUMBER='1' AIRFLOW_CTX_DAG_RUN_ID='scheduled__2023-06-19T00:00:00+00:00'
[2023-09-12T17:36:38.337+0000] {logging_mixin.py:151} INFO - goodbye world
[2023-09-12T17:36:38.337+0000] {python.py:194} INFO - Done. Returned value was: None
[2023-09-12T17:36:38.362+0000] {taskinstance.py:1400} INFO - Marking task as SUCCESS. dag_id=tasks_relations, task_id=say_bye, execution_date=20230619T000000, start_date=20230912T173637, end_date=20230912T173638
[2023-09-12T17:36:38.434+0000] {local_task_job_runner.py:228} INFO - Task exited with return code 0
[2023-09-12T17:36:38.480+0000] {taskinstance.py:2784} INFO - 2 downstream tasks scheduled from follow-on schedule check
