[2023-09-05T15:31:26.555+0000] {taskinstance.py:1159} INFO - Dependencies all met for dep_context=non-requeueable deps ti=<TaskInstance: tasks_relations.say_hello scheduled__2023-09-01T00:00:00+00:00 [queued]>
[2023-09-05T15:31:26.616+0000] {taskinstance.py:1159} INFO - Dependencies all met for dep_context=requeueable deps ti=<TaskInstance: tasks_relations.say_hello scheduled__2023-09-01T00:00:00+00:00 [queued]>
[2023-09-05T15:31:26.622+0000] {taskinstance.py:1361} INFO - Starting attempt 1 of 1
[2023-09-05T15:31:26.727+0000] {taskinstance.py:1382} INFO - Executing <Task(_PythonDecoratedOperator): say_hello> on 2023-09-01 00:00:00+00:00
[2023-09-05T15:31:26.772+0000] {standard_task_runner.py:57} INFO - Started process 2002 to run task
[2023-09-05T15:31:26.840+0000] {standard_task_runner.py:84} INFO - Running: ['***', 'tasks', 'run', 'tasks_relations', 'say_hello', 'scheduled__2023-09-01T00:00:00+00:00', '--job-id', '914', '--raw', '--subdir', 'DAGS_FOLDER/tasks_relations.py', '--cfg-path', '/tmp/tmp3ll9ke2l']
[2023-09-05T15:31:26.855+0000] {standard_task_runner.py:85} INFO - Job 914: Subtask say_hello
[2023-09-05T15:31:27.526+0000] {task_command.py:415} INFO - Running <TaskInstance: tasks_relations.say_hello scheduled__2023-09-01T00:00:00+00:00 [running]> on host ca474790e981
[2023-09-05T15:31:27.946+0000] {taskinstance.py:1660} INFO - Exporting env vars: AIRFLOW_CTX_DAG_OWNER='***' AIRFLOW_CTX_DAG_ID='tasks_relations' AIRFLOW_CTX_TASK_ID='say_hello' AIRFLOW_CTX_EXECUTION_DATE='2023-09-01T00:00:00+00:00' AIRFLOW_CTX_TRY_NUMBER='1' AIRFLOW_CTX_DAG_RUN_ID='scheduled__2023-09-01T00:00:00+00:00'
[2023-09-05T15:31:27.955+0000] {logging_mixin.py:151} INFO - hello world
[2023-09-05T15:31:27.958+0000] {python.py:194} INFO - Done. Returned value was: None
[2023-09-05T15:31:28.069+0000] {taskinstance.py:1400} INFO - Marking task as SUCCESS. dag_id=tasks_relations, task_id=say_hello, execution_date=20230901T000000, start_date=20230905T153126, end_date=20230905T153128
[2023-09-05T15:31:28.519+0000] {local_task_job_runner.py:228} INFO - Task exited with return code 0
[2023-09-05T15:31:28.877+0000] {taskinstance.py:2784} INFO - 0 downstream tasks scheduled from follow-on schedule check
[2023-09-12T17:37:49.339+0000] {taskinstance.py:1159} INFO - Dependencies all met for dep_context=non-requeueable deps ti=<TaskInstance: tasks_relations.say_hello scheduled__2023-09-01T00:00:00+00:00 [queued]>
[2023-09-12T17:37:49.379+0000] {taskinstance.py:1159} INFO - Dependencies all met for dep_context=requeueable deps ti=<TaskInstance: tasks_relations.say_hello scheduled__2023-09-01T00:00:00+00:00 [queued]>
[2023-09-12T17:37:49.380+0000] {taskinstance.py:1361} INFO - Starting attempt 1 of 1
[2023-09-12T17:37:49.441+0000] {taskinstance.py:1382} INFO - Executing <Task(_PythonDecoratedOperator): say_hello> on 2023-09-01 00:00:00+00:00
[2023-09-12T17:37:49.464+0000] {standard_task_runner.py:57} INFO - Started process 3559 to run task
[2023-09-12T17:37:49.497+0000] {standard_task_runner.py:84} INFO - Running: ['***', 'tasks', 'run', 'tasks_relations', 'say_hello', 'scheduled__2023-09-01T00:00:00+00:00', '--job-id', '1694', '--raw', '--subdir', 'DAGS_FOLDER/2_tasks_relations.py', '--cfg-path', '/tmp/tmp61jnfye_']
[2023-09-12T17:37:49.505+0000] {standard_task_runner.py:85} INFO - Job 1694: Subtask say_hello
[2023-09-12T17:37:49.726+0000] {task_command.py:415} INFO - Running <TaskInstance: tasks_relations.say_hello scheduled__2023-09-01T00:00:00+00:00 [running]> on host 0ab7970e0956
[2023-09-12T17:37:50.187+0000] {taskinstance.py:1660} INFO - Exporting env vars: AIRFLOW_CTX_DAG_OWNER='***' AIRFLOW_CTX_DAG_ID='tasks_relations' AIRFLOW_CTX_TASK_ID='say_hello' AIRFLOW_CTX_EXECUTION_DATE='2023-09-01T00:00:00+00:00' AIRFLOW_CTX_TRY_NUMBER='1' AIRFLOW_CTX_DAG_RUN_ID='scheduled__2023-09-01T00:00:00+00:00'
[2023-09-12T17:37:50.191+0000] {logging_mixin.py:151} INFO - hello world
[2023-09-12T17:37:50.194+0000] {python.py:194} INFO - Done. Returned value was: None
[2023-09-12T17:37:50.240+0000] {taskinstance.py:1400} INFO - Marking task as SUCCESS. dag_id=tasks_relations, task_id=say_hello, execution_date=20230901T000000, start_date=20230912T173749, end_date=20230912T173750
[2023-09-12T17:37:50.346+0000] {local_task_job_runner.py:228} INFO - Task exited with return code 0
[2023-09-12T17:37:50.485+0000] {taskinstance.py:2784} INFO - 1 downstream tasks scheduled from follow-on schedule check
