[2023-09-05T15:30:26.477+0000] {taskinstance.py:1159} INFO - Dependencies all met for dep_context=non-requeueable deps ti=<TaskInstance: tasks_relations.say_hello scheduled__2023-07-30T00:00:00+00:00 [queued]>
[2023-09-05T15:30:26.524+0000] {taskinstance.py:1159} INFO - Dependencies all met for dep_context=requeueable deps ti=<TaskInstance: tasks_relations.say_hello scheduled__2023-07-30T00:00:00+00:00 [queued]>
[2023-09-05T15:30:26.528+0000] {taskinstance.py:1361} INFO - Starting attempt 1 of 1
[2023-09-05T15:30:26.596+0000] {taskinstance.py:1382} INFO - Executing <Task(_PythonDecoratedOperator): say_hello> on 2023-07-30 00:00:00+00:00
[2023-09-05T15:30:26.612+0000] {standard_task_runner.py:57} INFO - Started process 1661 to run task
[2023-09-05T15:30:26.690+0000] {standard_task_runner.py:84} INFO - Running: ['***', 'tasks', 'run', 'tasks_relations', 'say_hello', 'scheduled__2023-07-30T00:00:00+00:00', '--job-id', '752', '--raw', '--subdir', 'DAGS_FOLDER/tasks_relations.py', '--cfg-path', '/tmp/tmpopegyrth']
[2023-09-05T15:30:26.697+0000] {standard_task_runner.py:85} INFO - Job 752: Subtask say_hello
[2023-09-05T15:30:27.049+0000] {task_command.py:415} INFO - Running <TaskInstance: tasks_relations.say_hello scheduled__2023-07-30T00:00:00+00:00 [running]> on host ca474790e981
[2023-09-05T15:30:27.448+0000] {taskinstance.py:1660} INFO - Exporting env vars: AIRFLOW_CTX_DAG_OWNER='***' AIRFLOW_CTX_DAG_ID='tasks_relations' AIRFLOW_CTX_TASK_ID='say_hello' AIRFLOW_CTX_EXECUTION_DATE='2023-07-30T00:00:00+00:00' AIRFLOW_CTX_TRY_NUMBER='1' AIRFLOW_CTX_DAG_RUN_ID='scheduled__2023-07-30T00:00:00+00:00'
[2023-09-05T15:30:27.455+0000] {logging_mixin.py:151} INFO - hello world
[2023-09-05T15:30:27.459+0000] {python.py:194} INFO - Done. Returned value was: None
[2023-09-05T15:30:27.547+0000] {taskinstance.py:1400} INFO - Marking task as SUCCESS. dag_id=tasks_relations, task_id=say_hello, execution_date=20230730T000000, start_date=20230905T153026, end_date=20230905T153027
[2023-09-05T15:30:27.741+0000] {local_task_job_runner.py:228} INFO - Task exited with return code 0
[2023-09-05T15:30:27.948+0000] {taskinstance.py:2784} INFO - 1 downstream tasks scheduled from follow-on schedule check
[2023-09-12T17:37:20.736+0000] {taskinstance.py:1159} INFO - Dependencies all met for dep_context=non-requeueable deps ti=<TaskInstance: tasks_relations.say_hello scheduled__2023-07-30T00:00:00+00:00 [queued]>
[2023-09-12T17:37:20.746+0000] {taskinstance.py:1159} INFO - Dependencies all met for dep_context=requeueable deps ti=<TaskInstance: tasks_relations.say_hello scheduled__2023-07-30T00:00:00+00:00 [queued]>
[2023-09-12T17:37:20.746+0000] {taskinstance.py:1361} INFO - Starting attempt 1 of 1
[2023-09-12T17:37:20.759+0000] {taskinstance.py:1382} INFO - Executing <Task(_PythonDecoratedOperator): say_hello> on 2023-07-30 00:00:00+00:00
[2023-09-12T17:37:20.764+0000] {standard_task_runner.py:57} INFO - Started process 3233 to run task
[2023-09-12T17:37:20.770+0000] {standard_task_runner.py:84} INFO - Running: ['***', 'tasks', 'run', 'tasks_relations', 'say_hello', 'scheduled__2023-07-30T00:00:00+00:00', '--job-id', '1540', '--raw', '--subdir', 'DAGS_FOLDER/2_tasks_relations.py', '--cfg-path', '/tmp/tmpt4qwjarv']
[2023-09-12T17:37:20.772+0000] {standard_task_runner.py:85} INFO - Job 1540: Subtask say_hello
[2023-09-12T17:37:20.834+0000] {task_command.py:415} INFO - Running <TaskInstance: tasks_relations.say_hello scheduled__2023-07-30T00:00:00+00:00 [running]> on host 0ab7970e0956
[2023-09-12T17:37:20.927+0000] {taskinstance.py:1660} INFO - Exporting env vars: AIRFLOW_CTX_DAG_OWNER='***' AIRFLOW_CTX_DAG_ID='tasks_relations' AIRFLOW_CTX_TASK_ID='say_hello' AIRFLOW_CTX_EXECUTION_DATE='2023-07-30T00:00:00+00:00' AIRFLOW_CTX_TRY_NUMBER='1' AIRFLOW_CTX_DAG_RUN_ID='scheduled__2023-07-30T00:00:00+00:00'
[2023-09-12T17:37:20.932+0000] {logging_mixin.py:151} INFO - hello world
[2023-09-12T17:37:20.932+0000] {python.py:194} INFO - Done. Returned value was: None
[2023-09-12T17:37:20.943+0000] {taskinstance.py:1400} INFO - Marking task as SUCCESS. dag_id=tasks_relations, task_id=say_hello, execution_date=20230730T000000, start_date=20230912T173720, end_date=20230912T173720
[2023-09-12T17:37:20.979+0000] {local_task_job_runner.py:228} INFO - Task exited with return code 0
[2023-09-12T17:37:21.012+0000] {taskinstance.py:2784} INFO - 1 downstream tasks scheduled from follow-on schedule check
