[2023-09-05T15:31:06.907+0000] {taskinstance.py:1159} INFO - Dependencies all met for dep_context=non-requeueable deps ti=<TaskInstance: tasks_relations.or_that_way scheduled__2023-08-10T00:00:00+00:00 [queued]>
[2023-09-05T15:31:06.991+0000] {taskinstance.py:1159} INFO - Dependencies all met for dep_context=requeueable deps ti=<TaskInstance: tasks_relations.or_that_way scheduled__2023-08-10T00:00:00+00:00 [queued]>
[2023-09-05T15:31:06.999+0000] {taskinstance.py:1361} INFO - Starting attempt 1 of 1
[2023-09-05T15:31:07.065+0000] {taskinstance.py:1382} INFO - Executing <Task(_PythonDecoratedOperator): or_that_way> on 2023-08-10 00:00:00+00:00
[2023-09-05T15:31:07.096+0000] {standard_task_runner.py:57} INFO - Started process 1889 to run task
[2023-09-05T15:31:07.129+0000] {standard_task_runner.py:84} INFO - Running: ['***', 'tasks', 'run', 'tasks_relations', 'or_that_way', 'scheduled__2023-08-10T00:00:00+00:00', '--job-id', '864', '--raw', '--subdir', 'DAGS_FOLDER/tasks_relations.py', '--cfg-path', '/tmp/tmp2krimjz2']
[2023-09-05T15:31:07.159+0000] {standard_task_runner.py:85} INFO - Job 864: Subtask or_that_way
[2023-09-05T15:31:07.548+0000] {task_command.py:415} INFO - Running <TaskInstance: tasks_relations.or_that_way scheduled__2023-08-10T00:00:00+00:00 [running]> on host ca474790e981
[2023-09-05T15:31:08.004+0000] {taskinstance.py:1660} INFO - Exporting env vars: AIRFLOW_CTX_DAG_OWNER='***' AIRFLOW_CTX_DAG_ID='tasks_relations' AIRFLOW_CTX_TASK_ID='or_that_way' AIRFLOW_CTX_EXECUTION_DATE='2023-08-10T00:00:00+00:00' AIRFLOW_CTX_TRY_NUMBER='1' AIRFLOW_CTX_DAG_RUN_ID='scheduled__2023-08-10T00:00:00+00:00'
[2023-09-05T15:31:08.010+0000] {logging_mixin.py:151} INFO - NO NO, THAT WAY WAY!!!
[2023-09-05T15:31:08.016+0000] {python.py:194} INFO - Done. Returned value was: None
[2023-09-05T15:31:08.109+0000] {taskinstance.py:1400} INFO - Marking task as SUCCESS. dag_id=tasks_relations, task_id=or_that_way, execution_date=20230810T000000, start_date=20230905T153106, end_date=20230905T153108
[2023-09-05T15:31:08.353+0000] {local_task_job_runner.py:228} INFO - Task exited with return code 0
[2023-09-05T15:31:08.485+0000] {taskinstance.py:2784} INFO - 0 downstream tasks scheduled from follow-on schedule check
[2023-09-12T17:37:31.585+0000] {taskinstance.py:1159} INFO - Dependencies all met for dep_context=non-requeueable deps ti=<TaskInstance: tasks_relations.or_that_way scheduled__2023-08-10T00:00:00+00:00 [queued]>
[2023-09-12T17:37:31.616+0000] {taskinstance.py:1159} INFO - Dependencies all met for dep_context=requeueable deps ti=<TaskInstance: tasks_relations.or_that_way scheduled__2023-08-10T00:00:00+00:00 [queued]>
[2023-09-12T17:37:31.632+0000] {taskinstance.py:1361} INFO - Starting attempt 1 of 1
[2023-09-12T17:37:31.687+0000] {taskinstance.py:1382} INFO - Executing <Task(_PythonDecoratedOperator): or_that_way> on 2023-08-10 00:00:00+00:00
[2023-09-12T17:37:31.706+0000] {standard_task_runner.py:57} INFO - Started process 3357 to run task
[2023-09-12T17:37:31.715+0000] {standard_task_runner.py:84} INFO - Running: ['***', 'tasks', 'run', 'tasks_relations', 'or_that_way', 'scheduled__2023-08-10T00:00:00+00:00', '--job-id', '1595', '--raw', '--subdir', 'DAGS_FOLDER/2_tasks_relations.py', '--cfg-path', '/tmp/tmpwv3nesis']
[2023-09-12T17:37:31.730+0000] {standard_task_runner.py:85} INFO - Job 1595: Subtask or_that_way
[2023-09-12T17:37:31.913+0000] {task_command.py:415} INFO - Running <TaskInstance: tasks_relations.or_that_way scheduled__2023-08-10T00:00:00+00:00 [running]> on host 0ab7970e0956
[2023-09-12T17:37:32.311+0000] {taskinstance.py:1660} INFO - Exporting env vars: AIRFLOW_CTX_DAG_OWNER='***' AIRFLOW_CTX_DAG_ID='tasks_relations' AIRFLOW_CTX_TASK_ID='or_that_way' AIRFLOW_CTX_EXECUTION_DATE='2023-08-10T00:00:00+00:00' AIRFLOW_CTX_TRY_NUMBER='1' AIRFLOW_CTX_DAG_RUN_ID='scheduled__2023-08-10T00:00:00+00:00'
[2023-09-12T17:37:32.314+0000] {logging_mixin.py:151} INFO - NO NO, THAT WAY WAY!!!
[2023-09-12T17:37:32.318+0000] {python.py:194} INFO - Done. Returned value was: None
[2023-09-12T17:37:32.350+0000] {taskinstance.py:1400} INFO - Marking task as SUCCESS. dag_id=tasks_relations, task_id=or_that_way, execution_date=20230810T000000, start_date=20230912T173731, end_date=20230912T173732
[2023-09-12T17:37:32.434+0000] {local_task_job_runner.py:228} INFO - Task exited with return code 0
[2023-09-12T17:37:32.497+0000] {taskinstance.py:2784} INFO - 0 downstream tasks scheduled from follow-on schedule check
