[2023-09-05T15:26:49.378+0000] {taskinstance.py:1159} INFO - Dependencies all met for dep_context=non-requeueable deps ti=<TaskInstance: tasks_relations.say_hello scheduled__2023-05-05T00:00:00+00:00 [queued]>
[2023-09-05T15:26:49.579+0000] {taskinstance.py:1159} INFO - Dependencies all met for dep_context=requeueable deps ti=<TaskInstance: tasks_relations.say_hello scheduled__2023-05-05T00:00:00+00:00 [queued]>
[2023-09-05T15:26:49.591+0000] {taskinstance.py:1361} INFO - Starting attempt 1 of 1
[2023-09-05T15:26:49.870+0000] {taskinstance.py:1382} INFO - Executing <Task(_PythonDecoratedOperator): say_hello> on 2023-05-05 00:00:00+00:00
[2023-09-05T15:26:49.882+0000] {standard_task_runner.py:57} INFO - Started process 876 to run task
[2023-09-05T15:26:49.914+0000] {standard_task_runner.py:84} INFO - Running: ['***', 'tasks', 'run', 'tasks_relations', 'say_hello', 'scheduled__2023-05-05T00:00:00+00:00', '--job-id', '386', '--raw', '--subdir', 'DAGS_FOLDER/tasks_relations.py', '--cfg-path', '/tmp/tmp9ek0u1u1']
[2023-09-05T15:26:49.919+0000] {standard_task_runner.py:85} INFO - Job 386: Subtask say_hello
[2023-09-05T15:26:50.473+0000] {task_command.py:415} INFO - Running <TaskInstance: tasks_relations.say_hello scheduled__2023-05-05T00:00:00+00:00 [running]> on host ca474790e981
[2023-09-05T15:26:50.884+0000] {taskinstance.py:1660} INFO - Exporting env vars: AIRFLOW_CTX_DAG_OWNER='***' AIRFLOW_CTX_DAG_ID='tasks_relations' AIRFLOW_CTX_TASK_ID='say_hello' AIRFLOW_CTX_EXECUTION_DATE='2023-05-05T00:00:00+00:00' AIRFLOW_CTX_TRY_NUMBER='1' AIRFLOW_CTX_DAG_RUN_ID='scheduled__2023-05-05T00:00:00+00:00'
[2023-09-05T15:26:50.903+0000] {logging_mixin.py:151} INFO - hello ***
[2023-09-05T15:26:50.909+0000] {python.py:194} INFO - Done. Returned value was: None
[2023-09-05T15:26:51.016+0000] {taskinstance.py:1400} INFO - Marking task as SUCCESS. dag_id=tasks_relations, task_id=say_hello, execution_date=20230505T000000, start_date=20230905T152649, end_date=20230905T152651
[2023-09-05T15:26:51.254+0000] {local_task_job_runner.py:228} INFO - Task exited with return code 0
[2023-09-05T15:26:51.384+0000] {taskinstance.py:2784} INFO - 1 downstream tasks scheduled from follow-on schedule check
[2023-09-12T17:35:43.030+0000] {taskinstance.py:1159} INFO - Dependencies all met for dep_context=non-requeueable deps ti=<TaskInstance: tasks_relations.say_hello scheduled__2023-05-05T00:00:00+00:00 [queued]>
[2023-09-12T17:35:43.057+0000] {taskinstance.py:1159} INFO - Dependencies all met for dep_context=requeueable deps ti=<TaskInstance: tasks_relations.say_hello scheduled__2023-05-05T00:00:00+00:00 [queued]>
[2023-09-12T17:35:43.060+0000] {taskinstance.py:1361} INFO - Starting attempt 1 of 1
[2023-09-12T17:35:43.186+0000] {taskinstance.py:1382} INFO - Executing <Task(_PythonDecoratedOperator): say_hello> on 2023-05-05 00:00:00+00:00
[2023-09-12T17:35:43.194+0000] {standard_task_runner.py:57} INFO - Started process 2078 to run task
[2023-09-12T17:35:43.232+0000] {standard_task_runner.py:84} INFO - Running: ['***', 'tasks', 'run', 'tasks_relations', 'say_hello', 'scheduled__2023-05-05T00:00:00+00:00', '--job-id', '970', '--raw', '--subdir', 'DAGS_FOLDER/2_tasks_relations.py', '--cfg-path', '/tmp/tmpuevmlnt1']
[2023-09-12T17:35:43.261+0000] {standard_task_runner.py:85} INFO - Job 970: Subtask say_hello
[2023-09-12T17:35:43.436+0000] {task_command.py:415} INFO - Running <TaskInstance: tasks_relations.say_hello scheduled__2023-05-05T00:00:00+00:00 [running]> on host 0ab7970e0956
[2023-09-12T17:35:43.686+0000] {taskinstance.py:1660} INFO - Exporting env vars: AIRFLOW_CTX_DAG_OWNER='***' AIRFLOW_CTX_DAG_ID='tasks_relations' AIRFLOW_CTX_TASK_ID='say_hello' AIRFLOW_CTX_EXECUTION_DATE='2023-05-05T00:00:00+00:00' AIRFLOW_CTX_TRY_NUMBER='1' AIRFLOW_CTX_DAG_RUN_ID='scheduled__2023-05-05T00:00:00+00:00'
[2023-09-12T17:35:43.689+0000] {logging_mixin.py:151} INFO - hello world
[2023-09-12T17:35:43.689+0000] {python.py:194} INFO - Done. Returned value was: None
[2023-09-12T17:35:43.701+0000] {taskinstance.py:1400} INFO - Marking task as SUCCESS. dag_id=tasks_relations, task_id=say_hello, execution_date=20230505T000000, start_date=20230912T173543, end_date=20230912T173543
[2023-09-12T17:35:43.783+0000] {local_task_job_runner.py:228} INFO - Task exited with return code 0
[2023-09-12T17:35:43.819+0000] {taskinstance.py:2784} INFO - 1 downstream tasks scheduled from follow-on schedule check
