[2023-09-08T18:38:17.706+0000] {processor.py:157} INFO - Started process (PID=31) to work on /opt/airflow/dags/my_first_dag.py
[2023-09-08T18:38:17.713+0000] {processor.py:829} INFO - Processing file /opt/airflow/dags/my_first_dag.py for tasks to queue
[2023-09-08T18:38:17.729+0000] {logging_mixin.py:151} INFO - [2023-09-08T18:38:17.728+0000] {dagbag.py:539} INFO - Filling up the DagBag from /opt/airflow/dags/my_first_dag.py
[2023-09-08T18:38:17.741+0000] {processor.py:839} INFO - DAG(s) dict_keys(['my_first_dag']) retrieved from /opt/airflow/dags/my_first_dag.py
[2023-09-08T18:38:18.026+0000] {logging_mixin.py:151} INFO - [2023-09-08T18:38:18.026+0000] {manager.py:501} INFO - Created Permission View: can edit on DAG:my_first_dag
[2023-09-08T18:38:18.037+0000] {logging_mixin.py:151} INFO - [2023-09-08T18:38:18.036+0000] {manager.py:501} INFO - Created Permission View: can delete on DAG:my_first_dag
[2023-09-08T18:38:18.048+0000] {logging_mixin.py:151} INFO - [2023-09-08T18:38:18.048+0000] {manager.py:501} INFO - Created Permission View: can read on DAG:my_first_dag
[2023-09-08T18:38:18.066+0000] {logging_mixin.py:151} INFO - [2023-09-08T18:38:18.066+0000] {dag.py:2907} INFO - Sync 1 DAGs
[2023-09-08T18:38:18.075+0000] {logging_mixin.py:151} INFO - [2023-09-08T18:38:18.075+0000] {dag.py:2929} INFO - Creating ORM DAG for my_first_dag
[2023-09-08T18:38:18.082+0000] {logging_mixin.py:151} INFO - [2023-09-08T18:38:18.082+0000] {dag.py:3677} INFO - Setting next_dagrun for my_first_dag to 2023-01-01T00:00:00+00:00, run_after=2023-01-02T00:00:00+00:00
[2023-09-08T18:38:18.095+0000] {processor.py:179} INFO - Processing /opt/airflow/dags/my_first_dag.py took 0.394 seconds
[2023-09-08T18:38:48.441+0000] {processor.py:157} INFO - Started process (PID=40) to work on /opt/airflow/dags/my_first_dag.py
[2023-09-08T18:38:48.443+0000] {processor.py:829} INFO - Processing file /opt/airflow/dags/my_first_dag.py for tasks to queue
[2023-09-08T18:38:48.446+0000] {logging_mixin.py:151} INFO - [2023-09-08T18:38:48.446+0000] {dagbag.py:539} INFO - Filling up the DagBag from /opt/airflow/dags/my_first_dag.py
[2023-09-08T18:38:48.458+0000] {processor.py:839} INFO - DAG(s) dict_keys(['my_first_dag']) retrieved from /opt/airflow/dags/my_first_dag.py
[2023-09-08T18:38:48.589+0000] {logging_mixin.py:151} INFO - [2023-09-08T18:38:48.589+0000] {dag.py:2907} INFO - Sync 1 DAGs
[2023-09-08T18:38:48.600+0000] {logging_mixin.py:151} INFO - [2023-09-08T18:38:48.600+0000] {dag.py:3677} INFO - Setting next_dagrun for my_first_dag to 2023-01-01T00:00:00+00:00, run_after=2023-01-02T00:00:00+00:00
[2023-09-08T18:38:48.610+0000] {processor.py:179} INFO - Processing /opt/airflow/dags/my_first_dag.py took 0.174 seconds
[2023-09-08T18:39:18.863+0000] {processor.py:157} INFO - Started process (PID=49) to work on /opt/airflow/dags/my_first_dag.py
[2023-09-08T18:39:18.866+0000] {processor.py:829} INFO - Processing file /opt/airflow/dags/my_first_dag.py for tasks to queue
[2023-09-08T18:39:18.880+0000] {logging_mixin.py:151} INFO - [2023-09-08T18:39:18.880+0000] {dagbag.py:539} INFO - Filling up the DagBag from /opt/airflow/dags/my_first_dag.py
[2023-09-08T18:39:19.071+0000] {processor.py:839} INFO - DAG(s) dict_keys(['my_first_dag']) retrieved from /opt/airflow/dags/my_first_dag.py
[2023-09-08T18:39:19.096+0000] {logging_mixin.py:151} INFO - [2023-09-08T18:39:19.096+0000] {dag.py:2907} INFO - Sync 1 DAGs
[2023-09-08T18:39:19.120+0000] {logging_mixin.py:151} INFO - [2023-09-08T18:39:19.120+0000] {dag.py:3677} INFO - Setting next_dagrun for my_first_dag to 2023-01-01T00:00:00+00:00, run_after=2023-01-02T00:00:00+00:00
[2023-09-08T18:39:19.136+0000] {processor.py:179} INFO - Processing /opt/airflow/dags/my_first_dag.py took 0.279 seconds
[2023-09-08T18:39:49.385+0000] {processor.py:157} INFO - Started process (PID=59) to work on /opt/airflow/dags/my_first_dag.py
[2023-09-08T18:39:49.386+0000] {processor.py:829} INFO - Processing file /opt/airflow/dags/my_first_dag.py for tasks to queue
[2023-09-08T18:39:49.389+0000] {logging_mixin.py:151} INFO - [2023-09-08T18:39:49.388+0000] {dagbag.py:539} INFO - Filling up the DagBag from /opt/airflow/dags/my_first_dag.py
[2023-09-08T18:39:49.400+0000] {processor.py:839} INFO - DAG(s) dict_keys(['my_first_dag']) retrieved from /opt/airflow/dags/my_first_dag.py
[2023-09-08T18:39:49.426+0000] {logging_mixin.py:151} INFO - [2023-09-08T18:39:49.426+0000] {dag.py:2907} INFO - Sync 1 DAGs
[2023-09-08T18:39:49.441+0000] {logging_mixin.py:151} INFO - [2023-09-08T18:39:49.441+0000] {dag.py:3677} INFO - Setting next_dagrun for my_first_dag to 2023-01-01T00:00:00+00:00, run_after=2023-01-02T00:00:00+00:00
[2023-09-08T18:39:49.453+0000] {processor.py:179} INFO - Processing /opt/airflow/dags/my_first_dag.py took 0.073 seconds
[2023-09-08T18:40:19.762+0000] {processor.py:157} INFO - Started process (PID=68) to work on /opt/airflow/dags/my_first_dag.py
[2023-09-08T18:40:19.764+0000] {processor.py:829} INFO - Processing file /opt/airflow/dags/my_first_dag.py for tasks to queue
[2023-09-08T18:40:19.768+0000] {logging_mixin.py:151} INFO - [2023-09-08T18:40:19.767+0000] {dagbag.py:539} INFO - Filling up the DagBag from /opt/airflow/dags/my_first_dag.py
[2023-09-08T18:40:19.780+0000] {processor.py:839} INFO - DAG(s) dict_keys(['my_first_dag']) retrieved from /opt/airflow/dags/my_first_dag.py
[2023-09-08T18:40:19.806+0000] {logging_mixin.py:151} INFO - [2023-09-08T18:40:19.806+0000] {dag.py:2907} INFO - Sync 1 DAGs
[2023-09-08T18:40:19.822+0000] {logging_mixin.py:151} INFO - [2023-09-08T18:40:19.822+0000] {dag.py:3677} INFO - Setting next_dagrun for my_first_dag to 2023-01-01T00:00:00+00:00, run_after=2023-01-02T00:00:00+00:00
[2023-09-08T18:40:19.837+0000] {processor.py:179} INFO - Processing /opt/airflow/dags/my_first_dag.py took 0.079 seconds
[2023-09-08T18:40:50.148+0000] {processor.py:157} INFO - Started process (PID=77) to work on /opt/airflow/dags/my_first_dag.py
[2023-09-08T18:40:50.149+0000] {processor.py:829} INFO - Processing file /opt/airflow/dags/my_first_dag.py for tasks to queue
[2023-09-08T18:40:50.153+0000] {logging_mixin.py:151} INFO - [2023-09-08T18:40:50.152+0000] {dagbag.py:539} INFO - Filling up the DagBag from /opt/airflow/dags/my_first_dag.py
[2023-09-08T18:40:50.162+0000] {processor.py:839} INFO - DAG(s) dict_keys(['my_first_dag']) retrieved from /opt/airflow/dags/my_first_dag.py
[2023-09-08T18:40:50.190+0000] {logging_mixin.py:151} INFO - [2023-09-08T18:40:50.190+0000] {dag.py:2907} INFO - Sync 1 DAGs
[2023-09-08T18:40:50.206+0000] {logging_mixin.py:151} INFO - [2023-09-08T18:40:50.206+0000] {dag.py:3677} INFO - Setting next_dagrun for my_first_dag to 2023-01-01T00:00:00+00:00, run_after=2023-01-02T00:00:00+00:00
[2023-09-08T18:40:50.217+0000] {processor.py:179} INFO - Processing /opt/airflow/dags/my_first_dag.py took 0.073 seconds
[2023-09-08T18:41:20.603+0000] {processor.py:157} INFO - Started process (PID=86) to work on /opt/airflow/dags/my_first_dag.py
[2023-09-08T18:41:20.606+0000] {processor.py:829} INFO - Processing file /opt/airflow/dags/my_first_dag.py for tasks to queue
[2023-09-08T18:41:20.611+0000] {logging_mixin.py:151} INFO - [2023-09-08T18:41:20.610+0000] {dagbag.py:539} INFO - Filling up the DagBag from /opt/airflow/dags/my_first_dag.py
[2023-09-08T18:41:20.627+0000] {processor.py:839} INFO - DAG(s) dict_keys(['my_first_dag']) retrieved from /opt/airflow/dags/my_first_dag.py
[2023-09-08T18:41:20.657+0000] {logging_mixin.py:151} INFO - [2023-09-08T18:41:20.657+0000] {dag.py:2907} INFO - Sync 1 DAGs
[2023-09-08T18:41:20.673+0000] {logging_mixin.py:151} INFO - [2023-09-08T18:41:20.673+0000] {dag.py:3677} INFO - Setting next_dagrun for my_first_dag to 2023-01-01T00:00:00+00:00, run_after=2023-01-02T00:00:00+00:00
[2023-09-08T18:41:20.686+0000] {processor.py:179} INFO - Processing /opt/airflow/dags/my_first_dag.py took 0.090 seconds
[2023-09-08T18:41:51.082+0000] {processor.py:157} INFO - Started process (PID=95) to work on /opt/airflow/dags/my_first_dag.py
[2023-09-08T18:41:51.084+0000] {processor.py:829} INFO - Processing file /opt/airflow/dags/my_first_dag.py for tasks to queue
[2023-09-08T18:41:51.089+0000] {logging_mixin.py:151} INFO - [2023-09-08T18:41:51.088+0000] {dagbag.py:539} INFO - Filling up the DagBag from /opt/airflow/dags/my_first_dag.py
[2023-09-08T18:41:51.107+0000] {processor.py:839} INFO - DAG(s) dict_keys(['my_first_dag']) retrieved from /opt/airflow/dags/my_first_dag.py
[2023-09-08T18:41:51.135+0000] {logging_mixin.py:151} INFO - [2023-09-08T18:41:51.135+0000] {dag.py:2907} INFO - Sync 1 DAGs
[2023-09-08T18:41:51.148+0000] {logging_mixin.py:151} INFO - [2023-09-08T18:41:51.148+0000] {dag.py:3677} INFO - Setting next_dagrun for my_first_dag to 2023-01-01T00:00:00+00:00, run_after=2023-01-02T00:00:00+00:00
[2023-09-08T18:41:51.159+0000] {processor.py:179} INFO - Processing /opt/airflow/dags/my_first_dag.py took 0.084 seconds
[2023-09-08T18:42:21.647+0000] {processor.py:157} INFO - Started process (PID=104) to work on /opt/airflow/dags/my_first_dag.py
[2023-09-08T18:42:21.649+0000] {processor.py:829} INFO - Processing file /opt/airflow/dags/my_first_dag.py for tasks to queue
[2023-09-08T18:42:21.654+0000] {logging_mixin.py:151} INFO - [2023-09-08T18:42:21.653+0000] {dagbag.py:539} INFO - Filling up the DagBag from /opt/airflow/dags/my_first_dag.py
[2023-09-08T18:42:21.669+0000] {processor.py:839} INFO - DAG(s) dict_keys(['my_first_dag']) retrieved from /opt/airflow/dags/my_first_dag.py
[2023-09-08T18:42:21.694+0000] {logging_mixin.py:151} INFO - [2023-09-08T18:42:21.694+0000] {dag.py:2907} INFO - Sync 1 DAGs
[2023-09-08T18:42:21.709+0000] {logging_mixin.py:151} INFO - [2023-09-08T18:42:21.709+0000] {dag.py:3677} INFO - Setting next_dagrun for my_first_dag to 2023-01-01T00:00:00+00:00, run_after=2023-01-02T00:00:00+00:00
[2023-09-08T18:42:21.721+0000] {processor.py:179} INFO - Processing /opt/airflow/dags/my_first_dag.py took 0.080 seconds
[2023-09-08T18:42:52.153+0000] {processor.py:157} INFO - Started process (PID=113) to work on /opt/airflow/dags/my_first_dag.py
[2023-09-08T18:42:52.155+0000] {processor.py:829} INFO - Processing file /opt/airflow/dags/my_first_dag.py for tasks to queue
[2023-09-08T18:42:52.161+0000] {logging_mixin.py:151} INFO - [2023-09-08T18:42:52.160+0000] {dagbag.py:539} INFO - Filling up the DagBag from /opt/airflow/dags/my_first_dag.py
[2023-09-08T18:42:52.178+0000] {processor.py:839} INFO - DAG(s) dict_keys(['my_first_dag']) retrieved from /opt/airflow/dags/my_first_dag.py
[2023-09-08T18:42:52.204+0000] {logging_mixin.py:151} INFO - [2023-09-08T18:42:52.204+0000] {dag.py:2907} INFO - Sync 1 DAGs
[2023-09-08T18:42:52.218+0000] {logging_mixin.py:151} INFO - [2023-09-08T18:42:52.218+0000] {dag.py:3677} INFO - Setting next_dagrun for my_first_dag to 2023-01-01T00:00:00+00:00, run_after=2023-01-02T00:00:00+00:00
[2023-09-08T18:42:52.230+0000] {processor.py:179} INFO - Processing /opt/airflow/dags/my_first_dag.py took 0.083 seconds
[2023-09-08T18:43:22.672+0000] {processor.py:157} INFO - Started process (PID=122) to work on /opt/airflow/dags/my_first_dag.py
[2023-09-08T18:43:22.675+0000] {processor.py:829} INFO - Processing file /opt/airflow/dags/my_first_dag.py for tasks to queue
[2023-09-08T18:43:22.680+0000] {logging_mixin.py:151} INFO - [2023-09-08T18:43:22.680+0000] {dagbag.py:539} INFO - Filling up the DagBag from /opt/airflow/dags/my_first_dag.py
[2023-09-08T18:43:22.693+0000] {processor.py:839} INFO - DAG(s) dict_keys(['my_first_dag']) retrieved from /opt/airflow/dags/my_first_dag.py
[2023-09-08T18:43:22.725+0000] {logging_mixin.py:151} INFO - [2023-09-08T18:43:22.725+0000] {dag.py:2907} INFO - Sync 1 DAGs
[2023-09-08T18:43:22.744+0000] {logging_mixin.py:151} INFO - [2023-09-08T18:43:22.744+0000] {dag.py:3677} INFO - Setting next_dagrun for my_first_dag to 2023-01-01T00:00:00+00:00, run_after=2023-01-02T00:00:00+00:00
[2023-09-08T18:43:22.757+0000] {processor.py:179} INFO - Processing /opt/airflow/dags/my_first_dag.py took 0.088 seconds
[2023-09-08T18:43:53.127+0000] {processor.py:157} INFO - Started process (PID=131) to work on /opt/airflow/dags/my_first_dag.py
[2023-09-08T18:43:53.128+0000] {processor.py:829} INFO - Processing file /opt/airflow/dags/my_first_dag.py for tasks to queue
[2023-09-08T18:43:53.130+0000] {logging_mixin.py:151} INFO - [2023-09-08T18:43:53.130+0000] {dagbag.py:539} INFO - Filling up the DagBag from /opt/airflow/dags/my_first_dag.py
[2023-09-08T18:43:53.140+0000] {processor.py:839} INFO - DAG(s) dict_keys(['my_first_dag']) retrieved from /opt/airflow/dags/my_first_dag.py
[2023-09-08T18:43:53.161+0000] {logging_mixin.py:151} INFO - [2023-09-08T18:43:53.161+0000] {dag.py:2907} INFO - Sync 1 DAGs
[2023-09-08T18:43:53.175+0000] {logging_mixin.py:151} INFO - [2023-09-08T18:43:53.175+0000] {dag.py:3677} INFO - Setting next_dagrun for my_first_dag to 2023-01-01T00:00:00+00:00, run_after=2023-01-02T00:00:00+00:00
[2023-09-08T18:43:53.187+0000] {processor.py:179} INFO - Processing /opt/airflow/dags/my_first_dag.py took 0.063 seconds
[2023-09-08T18:44:23.560+0000] {processor.py:157} INFO - Started process (PID=139) to work on /opt/airflow/dags/my_first_dag.py
[2023-09-08T18:44:23.561+0000] {processor.py:829} INFO - Processing file /opt/airflow/dags/my_first_dag.py for tasks to queue
[2023-09-08T18:44:23.565+0000] {logging_mixin.py:151} INFO - [2023-09-08T18:44:23.564+0000] {dagbag.py:539} INFO - Filling up the DagBag from /opt/airflow/dags/my_first_dag.py
[2023-09-08T18:44:23.576+0000] {processor.py:839} INFO - DAG(s) dict_keys(['my_first_dag']) retrieved from /opt/airflow/dags/my_first_dag.py
[2023-09-08T18:44:23.601+0000] {logging_mixin.py:151} INFO - [2023-09-08T18:44:23.601+0000] {dag.py:2907} INFO - Sync 1 DAGs
[2023-09-08T18:44:23.616+0000] {logging_mixin.py:151} INFO - [2023-09-08T18:44:23.615+0000] {dag.py:3677} INFO - Setting next_dagrun for my_first_dag to 2023-01-01T00:00:00+00:00, run_after=2023-01-02T00:00:00+00:00
[2023-09-08T18:44:23.626+0000] {processor.py:179} INFO - Processing /opt/airflow/dags/my_first_dag.py took 0.072 seconds
[2023-09-08T18:44:54.036+0000] {processor.py:157} INFO - Started process (PID=148) to work on /opt/airflow/dags/my_first_dag.py
[2023-09-08T18:44:54.039+0000] {processor.py:829} INFO - Processing file /opt/airflow/dags/my_first_dag.py for tasks to queue
[2023-09-08T18:44:54.044+0000] {logging_mixin.py:151} INFO - [2023-09-08T18:44:54.043+0000] {dagbag.py:539} INFO - Filling up the DagBag from /opt/airflow/dags/my_first_dag.py
[2023-09-08T18:44:54.058+0000] {processor.py:839} INFO - DAG(s) dict_keys(['my_first_dag']) retrieved from /opt/airflow/dags/my_first_dag.py
[2023-09-08T18:44:54.083+0000] {logging_mixin.py:151} INFO - [2023-09-08T18:44:54.083+0000] {dag.py:2907} INFO - Sync 1 DAGs
[2023-09-08T18:44:54.098+0000] {logging_mixin.py:151} INFO - [2023-09-08T18:44:54.097+0000] {dag.py:3677} INFO - Setting next_dagrun for my_first_dag to 2023-01-01T00:00:00+00:00, run_after=2023-01-02T00:00:00+00:00
[2023-09-08T18:44:54.108+0000] {processor.py:179} INFO - Processing /opt/airflow/dags/my_first_dag.py took 0.078 seconds
[2023-09-08T18:45:24.455+0000] {processor.py:157} INFO - Started process (PID=157) to work on /opt/airflow/dags/my_first_dag.py
[2023-09-08T18:45:24.456+0000] {processor.py:829} INFO - Processing file /opt/airflow/dags/my_first_dag.py for tasks to queue
[2023-09-08T18:45:24.460+0000] {logging_mixin.py:151} INFO - [2023-09-08T18:45:24.459+0000] {dagbag.py:539} INFO - Filling up the DagBag from /opt/airflow/dags/my_first_dag.py
[2023-09-08T18:45:24.472+0000] {processor.py:839} INFO - DAG(s) dict_keys(['my_first_dag']) retrieved from /opt/airflow/dags/my_first_dag.py
[2023-09-08T18:45:24.502+0000] {logging_mixin.py:151} INFO - [2023-09-08T18:45:24.502+0000] {dag.py:2907} INFO - Sync 1 DAGs
[2023-09-08T18:45:24.518+0000] {logging_mixin.py:151} INFO - [2023-09-08T18:45:24.518+0000] {dag.py:3677} INFO - Setting next_dagrun for my_first_dag to 2023-01-01T00:00:00+00:00, run_after=2023-01-02T00:00:00+00:00
[2023-09-08T18:45:24.529+0000] {processor.py:179} INFO - Processing /opt/airflow/dags/my_first_dag.py took 0.079 seconds
[2023-09-08T18:45:54.910+0000] {processor.py:157} INFO - Started process (PID=165) to work on /opt/airflow/dags/my_first_dag.py
[2023-09-08T18:45:54.912+0000] {processor.py:829} INFO - Processing file /opt/airflow/dags/my_first_dag.py for tasks to queue
[2023-09-08T18:45:54.919+0000] {logging_mixin.py:151} INFO - [2023-09-08T18:45:54.918+0000] {dagbag.py:539} INFO - Filling up the DagBag from /opt/airflow/dags/my_first_dag.py
[2023-09-08T18:45:54.937+0000] {processor.py:839} INFO - DAG(s) dict_keys(['my_first_dag']) retrieved from /opt/airflow/dags/my_first_dag.py
[2023-09-08T18:45:54.969+0000] {logging_mixin.py:151} INFO - [2023-09-08T18:45:54.969+0000] {dag.py:2907} INFO - Sync 1 DAGs
[2023-09-08T18:45:54.984+0000] {logging_mixin.py:151} INFO - [2023-09-08T18:45:54.984+0000] {dag.py:3677} INFO - Setting next_dagrun for my_first_dag to 2023-01-01T00:00:00+00:00, run_after=2023-01-02T00:00:00+00:00
[2023-09-08T18:45:54.996+0000] {processor.py:179} INFO - Processing /opt/airflow/dags/my_first_dag.py took 0.094 seconds
[2023-09-08T18:46:25.484+0000] {processor.py:157} INFO - Started process (PID=175) to work on /opt/airflow/dags/my_first_dag.py
[2023-09-08T18:46:25.486+0000] {processor.py:829} INFO - Processing file /opt/airflow/dags/my_first_dag.py for tasks to queue
[2023-09-08T18:46:25.492+0000] {logging_mixin.py:151} INFO - [2023-09-08T18:46:25.491+0000] {dagbag.py:539} INFO - Filling up the DagBag from /opt/airflow/dags/my_first_dag.py
[2023-09-08T18:46:25.509+0000] {processor.py:839} INFO - DAG(s) dict_keys(['my_first_dag']) retrieved from /opt/airflow/dags/my_first_dag.py
[2023-09-08T18:46:25.536+0000] {logging_mixin.py:151} INFO - [2023-09-08T18:46:25.536+0000] {dag.py:2907} INFO - Sync 1 DAGs
[2023-09-08T18:46:25.550+0000] {logging_mixin.py:151} INFO - [2023-09-08T18:46:25.550+0000] {dag.py:3677} INFO - Setting next_dagrun for my_first_dag to 2023-01-01T00:00:00+00:00, run_after=2023-01-02T00:00:00+00:00
[2023-09-08T18:46:25.561+0000] {processor.py:179} INFO - Processing /opt/airflow/dags/my_first_dag.py took 0.084 seconds
[2023-09-08T18:46:55.971+0000] {processor.py:157} INFO - Started process (PID=184) to work on /opt/airflow/dags/my_first_dag.py
[2023-09-08T18:46:55.972+0000] {processor.py:829} INFO - Processing file /opt/airflow/dags/my_first_dag.py for tasks to queue
[2023-09-08T18:46:55.976+0000] {logging_mixin.py:151} INFO - [2023-09-08T18:46:55.975+0000] {dagbag.py:539} INFO - Filling up the DagBag from /opt/airflow/dags/my_first_dag.py
[2023-09-08T18:46:55.986+0000] {processor.py:839} INFO - DAG(s) dict_keys(['my_first_dag']) retrieved from /opt/airflow/dags/my_first_dag.py
[2023-09-08T18:46:56.009+0000] {logging_mixin.py:151} INFO - [2023-09-08T18:46:56.009+0000] {dag.py:2907} INFO - Sync 1 DAGs
[2023-09-08T18:46:56.022+0000] {logging_mixin.py:151} INFO - [2023-09-08T18:46:56.022+0000] {dag.py:3677} INFO - Setting next_dagrun for my_first_dag to 2023-01-01T00:00:00+00:00, run_after=2023-01-02T00:00:00+00:00
[2023-09-08T18:46:56.033+0000] {processor.py:179} INFO - Processing /opt/airflow/dags/my_first_dag.py took 0.067 seconds
[2023-09-08T18:47:26.417+0000] {processor.py:157} INFO - Started process (PID=193) to work on /opt/airflow/dags/my_first_dag.py
[2023-09-08T18:47:26.419+0000] {processor.py:829} INFO - Processing file /opt/airflow/dags/my_first_dag.py for tasks to queue
[2023-09-08T18:47:26.425+0000] {logging_mixin.py:151} INFO - [2023-09-08T18:47:26.424+0000] {dagbag.py:539} INFO - Filling up the DagBag from /opt/airflow/dags/my_first_dag.py
[2023-09-08T18:47:26.436+0000] {processor.py:839} INFO - DAG(s) dict_keys(['my_first_dag']) retrieved from /opt/airflow/dags/my_first_dag.py
[2023-09-08T18:47:26.461+0000] {logging_mixin.py:151} INFO - [2023-09-08T18:47:26.460+0000] {dag.py:2907} INFO - Sync 1 DAGs
[2023-09-08T18:47:26.473+0000] {logging_mixin.py:151} INFO - [2023-09-08T18:47:26.473+0000] {dag.py:3677} INFO - Setting next_dagrun for my_first_dag to 2023-01-01T00:00:00+00:00, run_after=2023-01-02T00:00:00+00:00
[2023-09-08T18:47:26.482+0000] {processor.py:179} INFO - Processing /opt/airflow/dags/my_first_dag.py took 0.070 seconds
[2023-09-08T18:47:56.942+0000] {processor.py:157} INFO - Started process (PID=202) to work on /opt/airflow/dags/my_first_dag.py
[2023-09-08T18:47:56.945+0000] {processor.py:829} INFO - Processing file /opt/airflow/dags/my_first_dag.py for tasks to queue
[2023-09-08T18:47:56.951+0000] {logging_mixin.py:151} INFO - [2023-09-08T18:47:56.950+0000] {dagbag.py:539} INFO - Filling up the DagBag from /opt/airflow/dags/my_first_dag.py
[2023-09-08T18:47:56.968+0000] {processor.py:839} INFO - DAG(s) dict_keys(['my_first_dag']) retrieved from /opt/airflow/dags/my_first_dag.py
[2023-09-08T18:47:56.993+0000] {logging_mixin.py:151} INFO - [2023-09-08T18:47:56.992+0000] {dag.py:2907} INFO - Sync 1 DAGs
[2023-09-08T18:47:57.006+0000] {logging_mixin.py:151} INFO - [2023-09-08T18:47:57.006+0000] {dag.py:3677} INFO - Setting next_dagrun for my_first_dag to 2023-01-01T00:00:00+00:00, run_after=2023-01-02T00:00:00+00:00
[2023-09-08T18:47:57.016+0000] {processor.py:179} INFO - Processing /opt/airflow/dags/my_first_dag.py took 0.081 seconds
[2023-09-08T18:48:27.528+0000] {processor.py:157} INFO - Started process (PID=211) to work on /opt/airflow/dags/my_first_dag.py
[2023-09-08T18:48:27.531+0000] {processor.py:829} INFO - Processing file /opt/airflow/dags/my_first_dag.py for tasks to queue
[2023-09-08T18:48:27.536+0000] {logging_mixin.py:151} INFO - [2023-09-08T18:48:27.535+0000] {dagbag.py:539} INFO - Filling up the DagBag from /opt/airflow/dags/my_first_dag.py
[2023-09-08T18:48:27.552+0000] {processor.py:839} INFO - DAG(s) dict_keys(['my_first_dag']) retrieved from /opt/airflow/dags/my_first_dag.py
[2023-09-08T18:48:27.576+0000] {logging_mixin.py:151} INFO - [2023-09-08T18:48:27.576+0000] {dag.py:2907} INFO - Sync 1 DAGs
[2023-09-08T18:48:27.589+0000] {logging_mixin.py:151} INFO - [2023-09-08T18:48:27.589+0000] {dag.py:3677} INFO - Setting next_dagrun for my_first_dag to 2023-01-01T00:00:00+00:00, run_after=2023-01-02T00:00:00+00:00
[2023-09-08T18:48:27.599+0000] {processor.py:179} INFO - Processing /opt/airflow/dags/my_first_dag.py took 0.078 seconds
[2023-09-08T18:48:58.002+0000] {processor.py:157} INFO - Started process (PID=220) to work on /opt/airflow/dags/my_first_dag.py
[2023-09-08T18:48:58.004+0000] {processor.py:829} INFO - Processing file /opt/airflow/dags/my_first_dag.py for tasks to queue
[2023-09-08T18:48:58.010+0000] {logging_mixin.py:151} INFO - [2023-09-08T18:48:58.009+0000] {dagbag.py:539} INFO - Filling up the DagBag from /opt/airflow/dags/my_first_dag.py
[2023-09-08T18:48:58.023+0000] {processor.py:839} INFO - DAG(s) dict_keys(['my_first_dag']) retrieved from /opt/airflow/dags/my_first_dag.py
[2023-09-08T18:48:58.050+0000] {logging_mixin.py:151} INFO - [2023-09-08T18:48:58.050+0000] {dag.py:2907} INFO - Sync 1 DAGs
[2023-09-08T18:48:58.065+0000] {logging_mixin.py:151} INFO - [2023-09-08T18:48:58.065+0000] {dag.py:3677} INFO - Setting next_dagrun for my_first_dag to 2023-01-01T00:00:00+00:00, run_after=2023-01-02T00:00:00+00:00
[2023-09-08T18:48:58.076+0000] {processor.py:179} INFO - Processing /opt/airflow/dags/my_first_dag.py took 0.080 seconds
[2023-09-08T18:49:28.517+0000] {processor.py:157} INFO - Started process (PID=229) to work on /opt/airflow/dags/my_first_dag.py
[2023-09-08T18:49:28.519+0000] {processor.py:829} INFO - Processing file /opt/airflow/dags/my_first_dag.py for tasks to queue
[2023-09-08T18:49:28.523+0000] {logging_mixin.py:151} INFO - [2023-09-08T18:49:28.523+0000] {dagbag.py:539} INFO - Filling up the DagBag from /opt/airflow/dags/my_first_dag.py
[2023-09-08T18:49:28.533+0000] {processor.py:839} INFO - DAG(s) dict_keys(['my_first_dag']) retrieved from /opt/airflow/dags/my_first_dag.py
[2023-09-08T18:49:28.558+0000] {logging_mixin.py:151} INFO - [2023-09-08T18:49:28.558+0000] {dag.py:2907} INFO - Sync 1 DAGs
[2023-09-08T18:49:28.572+0000] {logging_mixin.py:151} INFO - [2023-09-08T18:49:28.572+0000] {dag.py:3677} INFO - Setting next_dagrun for my_first_dag to 2023-01-01T00:00:00+00:00, run_after=2023-01-02T00:00:00+00:00
[2023-09-08T18:49:28.582+0000] {processor.py:179} INFO - Processing /opt/airflow/dags/my_first_dag.py took 0.069 seconds
[2023-09-08T18:49:59.012+0000] {processor.py:157} INFO - Started process (PID=238) to work on /opt/airflow/dags/my_first_dag.py
[2023-09-08T18:49:59.014+0000] {processor.py:829} INFO - Processing file /opt/airflow/dags/my_first_dag.py for tasks to queue
[2023-09-08T18:49:59.022+0000] {logging_mixin.py:151} INFO - [2023-09-08T18:49:59.020+0000] {dagbag.py:539} INFO - Filling up the DagBag from /opt/airflow/dags/my_first_dag.py
[2023-09-08T18:49:59.039+0000] {processor.py:839} INFO - DAG(s) dict_keys(['my_first_dag']) retrieved from /opt/airflow/dags/my_first_dag.py
[2023-09-08T18:49:59.064+0000] {logging_mixin.py:151} INFO - [2023-09-08T18:49:59.064+0000] {dag.py:2907} INFO - Sync 1 DAGs
[2023-09-08T18:49:59.079+0000] {logging_mixin.py:151} INFO - [2023-09-08T18:49:59.079+0000] {dag.py:3677} INFO - Setting next_dagrun for my_first_dag to 2023-01-01T00:00:00+00:00, run_after=2023-01-02T00:00:00+00:00
[2023-09-08T18:49:59.090+0000] {processor.py:179} INFO - Processing /opt/airflow/dags/my_first_dag.py took 0.087 seconds
[2023-09-08T18:50:29.513+0000] {processor.py:157} INFO - Started process (PID=246) to work on /opt/airflow/dags/my_first_dag.py
[2023-09-08T18:50:29.516+0000] {processor.py:829} INFO - Processing file /opt/airflow/dags/my_first_dag.py for tasks to queue
[2023-09-08T18:50:29.522+0000] {logging_mixin.py:151} INFO - [2023-09-08T18:50:29.521+0000] {dagbag.py:539} INFO - Filling up the DagBag from /opt/airflow/dags/my_first_dag.py
[2023-09-08T18:50:29.536+0000] {processor.py:839} INFO - DAG(s) dict_keys(['my_first_dag']) retrieved from /opt/airflow/dags/my_first_dag.py
[2023-09-08T18:50:29.561+0000] {logging_mixin.py:151} INFO - [2023-09-08T18:50:29.561+0000] {dag.py:2907} INFO - Sync 1 DAGs
[2023-09-08T18:50:29.576+0000] {logging_mixin.py:151} INFO - [2023-09-08T18:50:29.575+0000] {dag.py:3677} INFO - Setting next_dagrun for my_first_dag to 2023-01-01T00:00:00+00:00, run_after=2023-01-02T00:00:00+00:00
[2023-09-08T18:50:29.585+0000] {processor.py:179} INFO - Processing /opt/airflow/dags/my_first_dag.py took 0.079 seconds
[2023-09-08T18:50:59.938+0000] {processor.py:157} INFO - Started process (PID=255) to work on /opt/airflow/dags/my_first_dag.py
[2023-09-08T18:50:59.940+0000] {processor.py:829} INFO - Processing file /opt/airflow/dags/my_first_dag.py for tasks to queue
[2023-09-08T18:50:59.945+0000] {logging_mixin.py:151} INFO - [2023-09-08T18:50:59.945+0000] {dagbag.py:539} INFO - Filling up the DagBag from /opt/airflow/dags/my_first_dag.py
[2023-09-08T18:50:59.960+0000] {processor.py:839} INFO - DAG(s) dict_keys(['my_first_dag']) retrieved from /opt/airflow/dags/my_first_dag.py
[2023-09-08T18:50:59.983+0000] {logging_mixin.py:151} INFO - [2023-09-08T18:50:59.983+0000] {dag.py:2907} INFO - Sync 1 DAGs
[2023-09-08T18:50:59.997+0000] {logging_mixin.py:151} INFO - [2023-09-08T18:50:59.996+0000] {dag.py:3677} INFO - Setting next_dagrun for my_first_dag to 2023-01-01T00:00:00+00:00, run_after=2023-01-02T00:00:00+00:00
[2023-09-08T18:51:00.009+0000] {processor.py:179} INFO - Processing /opt/airflow/dags/my_first_dag.py took 0.078 seconds
[2023-09-08T18:51:30.400+0000] {processor.py:157} INFO - Started process (PID=264) to work on /opt/airflow/dags/my_first_dag.py
[2023-09-08T18:51:30.402+0000] {processor.py:829} INFO - Processing file /opt/airflow/dags/my_first_dag.py for tasks to queue
[2023-09-08T18:51:30.408+0000] {logging_mixin.py:151} INFO - [2023-09-08T18:51:30.407+0000] {dagbag.py:539} INFO - Filling up the DagBag from /opt/airflow/dags/my_first_dag.py
[2023-09-08T18:51:30.422+0000] {processor.py:839} INFO - DAG(s) dict_keys(['my_first_dag']) retrieved from /opt/airflow/dags/my_first_dag.py
[2023-09-08T18:51:30.452+0000] {logging_mixin.py:151} INFO - [2023-09-08T18:51:30.452+0000] {dag.py:2907} INFO - Sync 1 DAGs
[2023-09-08T18:51:30.465+0000] {logging_mixin.py:151} INFO - [2023-09-08T18:51:30.465+0000] {dag.py:3677} INFO - Setting next_dagrun for my_first_dag to 2023-01-01T00:00:00+00:00, run_after=2023-01-02T00:00:00+00:00
[2023-09-08T18:51:30.476+0000] {processor.py:179} INFO - Processing /opt/airflow/dags/my_first_dag.py took 0.081 seconds
[2023-09-08T18:52:00.884+0000] {processor.py:157} INFO - Started process (PID=273) to work on /opt/airflow/dags/my_first_dag.py
[2023-09-08T18:52:00.886+0000] {processor.py:829} INFO - Processing file /opt/airflow/dags/my_first_dag.py for tasks to queue
[2023-09-08T18:52:00.890+0000] {logging_mixin.py:151} INFO - [2023-09-08T18:52:00.889+0000] {dagbag.py:539} INFO - Filling up the DagBag from /opt/airflow/dags/my_first_dag.py
[2023-09-08T18:52:00.902+0000] {processor.py:839} INFO - DAG(s) dict_keys(['my_first_dag']) retrieved from /opt/airflow/dags/my_first_dag.py
[2023-09-08T18:52:00.929+0000] {logging_mixin.py:151} INFO - [2023-09-08T18:52:00.929+0000] {dag.py:2907} INFO - Sync 1 DAGs
[2023-09-08T18:52:00.943+0000] {logging_mixin.py:151} INFO - [2023-09-08T18:52:00.943+0000] {dag.py:3677} INFO - Setting next_dagrun for my_first_dag to 2023-01-01T00:00:00+00:00, run_after=2023-01-02T00:00:00+00:00
[2023-09-08T18:52:00.954+0000] {processor.py:179} INFO - Processing /opt/airflow/dags/my_first_dag.py took 0.076 seconds
[2023-09-08T18:52:31.376+0000] {processor.py:157} INFO - Started process (PID=282) to work on /opt/airflow/dags/my_first_dag.py
[2023-09-08T18:52:31.377+0000] {processor.py:829} INFO - Processing file /opt/airflow/dags/my_first_dag.py for tasks to queue
[2023-09-08T18:52:31.381+0000] {logging_mixin.py:151} INFO - [2023-09-08T18:52:31.381+0000] {dagbag.py:539} INFO - Filling up the DagBag from /opt/airflow/dags/my_first_dag.py
[2023-09-08T18:52:31.395+0000] {processor.py:839} INFO - DAG(s) dict_keys(['my_first_dag']) retrieved from /opt/airflow/dags/my_first_dag.py
[2023-09-08T18:52:31.425+0000] {logging_mixin.py:151} INFO - [2023-09-08T18:52:31.425+0000] {dag.py:2907} INFO - Sync 1 DAGs
[2023-09-08T18:52:31.442+0000] {logging_mixin.py:151} INFO - [2023-09-08T18:52:31.442+0000] {dag.py:3677} INFO - Setting next_dagrun for my_first_dag to 2023-01-01T00:00:00+00:00, run_after=2023-01-02T00:00:00+00:00
[2023-09-08T18:52:31.453+0000] {processor.py:179} INFO - Processing /opt/airflow/dags/my_first_dag.py took 0.082 seconds
[2023-09-08T18:53:01.846+0000] {processor.py:157} INFO - Started process (PID=291) to work on /opt/airflow/dags/my_first_dag.py
[2023-09-08T18:53:01.847+0000] {processor.py:829} INFO - Processing file /opt/airflow/dags/my_first_dag.py for tasks to queue
[2023-09-08T18:53:01.850+0000] {logging_mixin.py:151} INFO - [2023-09-08T18:53:01.849+0000] {dagbag.py:539} INFO - Filling up the DagBag from /opt/airflow/dags/my_first_dag.py
[2023-09-08T18:53:01.859+0000] {processor.py:839} INFO - DAG(s) dict_keys(['my_first_dag']) retrieved from /opt/airflow/dags/my_first_dag.py
[2023-09-08T18:53:01.882+0000] {logging_mixin.py:151} INFO - [2023-09-08T18:53:01.882+0000] {dag.py:2907} INFO - Sync 1 DAGs
[2023-09-08T18:53:01.896+0000] {logging_mixin.py:151} INFO - [2023-09-08T18:53:01.896+0000] {dag.py:3677} INFO - Setting next_dagrun for my_first_dag to 2023-01-01T00:00:00+00:00, run_after=2023-01-02T00:00:00+00:00
[2023-09-08T18:53:01.909+0000] {processor.py:179} INFO - Processing /opt/airflow/dags/my_first_dag.py took 0.067 seconds
[2023-09-08T18:53:32.381+0000] {processor.py:157} INFO - Started process (PID=300) to work on /opt/airflow/dags/my_first_dag.py
[2023-09-08T18:53:32.383+0000] {processor.py:829} INFO - Processing file /opt/airflow/dags/my_first_dag.py for tasks to queue
[2023-09-08T18:53:32.387+0000] {logging_mixin.py:151} INFO - [2023-09-08T18:53:32.386+0000] {dagbag.py:539} INFO - Filling up the DagBag from /opt/airflow/dags/my_first_dag.py
[2023-09-08T18:53:32.398+0000] {processor.py:839} INFO - DAG(s) dict_keys(['my_first_dag']) retrieved from /opt/airflow/dags/my_first_dag.py
[2023-09-08T18:53:32.422+0000] {logging_mixin.py:151} INFO - [2023-09-08T18:53:32.422+0000] {dag.py:2907} INFO - Sync 1 DAGs
[2023-09-08T18:53:32.435+0000] {logging_mixin.py:151} INFO - [2023-09-08T18:53:32.435+0000] {dag.py:3677} INFO - Setting next_dagrun for my_first_dag to 2023-01-01T00:00:00+00:00, run_after=2023-01-02T00:00:00+00:00
[2023-09-08T18:53:32.445+0000] {processor.py:179} INFO - Processing /opt/airflow/dags/my_first_dag.py took 0.067 seconds
[2023-09-08T18:54:02.847+0000] {processor.py:157} INFO - Started process (PID=309) to work on /opt/airflow/dags/my_first_dag.py
[2023-09-08T18:54:02.851+0000] {processor.py:829} INFO - Processing file /opt/airflow/dags/my_first_dag.py for tasks to queue
[2023-09-08T18:54:02.856+0000] {logging_mixin.py:151} INFO - [2023-09-08T18:54:02.856+0000] {dagbag.py:539} INFO - Filling up the DagBag from /opt/airflow/dags/my_first_dag.py
[2023-09-08T18:54:02.869+0000] {processor.py:839} INFO - DAG(s) dict_keys(['my_first_dag']) retrieved from /opt/airflow/dags/my_first_dag.py
[2023-09-08T18:54:02.894+0000] {logging_mixin.py:151} INFO - [2023-09-08T18:54:02.894+0000] {dag.py:2907} INFO - Sync 1 DAGs
[2023-09-08T18:54:02.909+0000] {logging_mixin.py:151} INFO - [2023-09-08T18:54:02.909+0000] {dag.py:3677} INFO - Setting next_dagrun for my_first_dag to 2023-01-01T00:00:00+00:00, run_after=2023-01-02T00:00:00+00:00
[2023-09-08T18:54:02.920+0000] {processor.py:179} INFO - Processing /opt/airflow/dags/my_first_dag.py took 0.081 seconds
[2023-09-08T18:54:33.343+0000] {processor.py:157} INFO - Started process (PID=317) to work on /opt/airflow/dags/my_first_dag.py
[2023-09-08T18:54:33.344+0000] {processor.py:829} INFO - Processing file /opt/airflow/dags/my_first_dag.py for tasks to queue
[2023-09-08T18:54:33.348+0000] {logging_mixin.py:151} INFO - [2023-09-08T18:54:33.347+0000] {dagbag.py:539} INFO - Filling up the DagBag from /opt/airflow/dags/my_first_dag.py
[2023-09-08T18:54:33.360+0000] {processor.py:839} INFO - DAG(s) dict_keys(['my_first_dag']) retrieved from /opt/airflow/dags/my_first_dag.py
[2023-09-08T18:54:33.387+0000] {logging_mixin.py:151} INFO - [2023-09-08T18:54:33.387+0000] {dag.py:2907} INFO - Sync 1 DAGs
[2023-09-08T18:54:33.401+0000] {logging_mixin.py:151} INFO - [2023-09-08T18:54:33.401+0000] {dag.py:3677} INFO - Setting next_dagrun for my_first_dag to 2023-01-01T00:00:00+00:00, run_after=2023-01-02T00:00:00+00:00
[2023-09-08T18:54:33.412+0000] {processor.py:179} INFO - Processing /opt/airflow/dags/my_first_dag.py took 0.074 seconds
[2023-09-08T18:55:03.803+0000] {processor.py:157} INFO - Started process (PID=326) to work on /opt/airflow/dags/my_first_dag.py
[2023-09-08T18:55:03.804+0000] {processor.py:829} INFO - Processing file /opt/airflow/dags/my_first_dag.py for tasks to queue
[2023-09-08T18:55:03.808+0000] {logging_mixin.py:151} INFO - [2023-09-08T18:55:03.808+0000] {dagbag.py:539} INFO - Filling up the DagBag from /opt/airflow/dags/my_first_dag.py
[2023-09-08T18:55:03.819+0000] {processor.py:839} INFO - DAG(s) dict_keys(['my_first_dag']) retrieved from /opt/airflow/dags/my_first_dag.py
[2023-09-08T18:55:03.847+0000] {logging_mixin.py:151} INFO - [2023-09-08T18:55:03.847+0000] {dag.py:2907} INFO - Sync 1 DAGs
[2023-09-08T18:55:03.864+0000] {logging_mixin.py:151} INFO - [2023-09-08T18:55:03.864+0000] {dag.py:3677} INFO - Setting next_dagrun for my_first_dag to 2023-01-01T00:00:00+00:00, run_after=2023-01-02T00:00:00+00:00
[2023-09-08T18:55:03.875+0000] {processor.py:179} INFO - Processing /opt/airflow/dags/my_first_dag.py took 0.076 seconds
[2023-09-08T18:55:34.241+0000] {processor.py:157} INFO - Started process (PID=336) to work on /opt/airflow/dags/my_first_dag.py
[2023-09-08T18:55:34.244+0000] {processor.py:829} INFO - Processing file /opt/airflow/dags/my_first_dag.py for tasks to queue
[2023-09-08T18:55:34.249+0000] {logging_mixin.py:151} INFO - [2023-09-08T18:55:34.248+0000] {dagbag.py:539} INFO - Filling up the DagBag from /opt/airflow/dags/my_first_dag.py
[2023-09-08T18:55:34.260+0000] {processor.py:839} INFO - DAG(s) dict_keys(['my_first_dag']) retrieved from /opt/airflow/dags/my_first_dag.py
[2023-09-08T18:55:34.286+0000] {logging_mixin.py:151} INFO - [2023-09-08T18:55:34.286+0000] {dag.py:2907} INFO - Sync 1 DAGs
[2023-09-08T18:55:34.300+0000] {logging_mixin.py:151} INFO - [2023-09-08T18:55:34.300+0000] {dag.py:3677} INFO - Setting next_dagrun for my_first_dag to 2023-01-01T00:00:00+00:00, run_after=2023-01-02T00:00:00+00:00
[2023-09-08T18:55:34.310+0000] {processor.py:179} INFO - Processing /opt/airflow/dags/my_first_dag.py took 0.074 seconds
[2023-09-08T18:56:04.639+0000] {processor.py:157} INFO - Started process (PID=345) to work on /opt/airflow/dags/my_first_dag.py
[2023-09-08T18:56:04.642+0000] {processor.py:829} INFO - Processing file /opt/airflow/dags/my_first_dag.py for tasks to queue
[2023-09-08T18:56:04.646+0000] {logging_mixin.py:151} INFO - [2023-09-08T18:56:04.645+0000] {dagbag.py:539} INFO - Filling up the DagBag from /opt/airflow/dags/my_first_dag.py
[2023-09-08T18:56:04.659+0000] {processor.py:839} INFO - DAG(s) dict_keys(['my_first_dag']) retrieved from /opt/airflow/dags/my_first_dag.py
[2023-09-08T18:56:04.682+0000] {logging_mixin.py:151} INFO - [2023-09-08T18:56:04.682+0000] {dag.py:2907} INFO - Sync 1 DAGs
[2023-09-08T18:56:04.696+0000] {logging_mixin.py:151} INFO - [2023-09-08T18:56:04.696+0000] {dag.py:3677} INFO - Setting next_dagrun for my_first_dag to 2023-01-01T00:00:00+00:00, run_after=2023-01-02T00:00:00+00:00
[2023-09-08T18:56:04.707+0000] {processor.py:179} INFO - Processing /opt/airflow/dags/my_first_dag.py took 0.075 seconds
[2023-09-08T18:56:35.169+0000] {processor.py:157} INFO - Started process (PID=354) to work on /opt/airflow/dags/my_first_dag.py
[2023-09-08T18:56:35.171+0000] {processor.py:829} INFO - Processing file /opt/airflow/dags/my_first_dag.py for tasks to queue
[2023-09-08T18:56:35.175+0000] {logging_mixin.py:151} INFO - [2023-09-08T18:56:35.174+0000] {dagbag.py:539} INFO - Filling up the DagBag from /opt/airflow/dags/my_first_dag.py
[2023-09-08T18:56:35.191+0000] {processor.py:839} INFO - DAG(s) dict_keys(['my_first_dag']) retrieved from /opt/airflow/dags/my_first_dag.py
[2023-09-08T18:56:35.222+0000] {logging_mixin.py:151} INFO - [2023-09-08T18:56:35.222+0000] {dag.py:2907} INFO - Sync 1 DAGs
[2023-09-08T18:56:35.234+0000] {logging_mixin.py:151} INFO - [2023-09-08T18:56:35.234+0000] {dag.py:3677} INFO - Setting next_dagrun for my_first_dag to 2023-01-01T00:00:00+00:00, run_after=2023-01-02T00:00:00+00:00
[2023-09-08T18:56:35.243+0000] {processor.py:179} INFO - Processing /opt/airflow/dags/my_first_dag.py took 0.081 seconds
[2023-09-08T18:57:05.649+0000] {processor.py:157} INFO - Started process (PID=362) to work on /opt/airflow/dags/my_first_dag.py
[2023-09-08T18:57:05.652+0000] {processor.py:829} INFO - Processing file /opt/airflow/dags/my_first_dag.py for tasks to queue
[2023-09-08T18:57:05.656+0000] {logging_mixin.py:151} INFO - [2023-09-08T18:57:05.656+0000] {dagbag.py:539} INFO - Filling up the DagBag from /opt/airflow/dags/my_first_dag.py
[2023-09-08T18:57:05.674+0000] {processor.py:839} INFO - DAG(s) dict_keys(['my_first_dag']) retrieved from /opt/airflow/dags/my_first_dag.py
[2023-09-08T18:57:05.702+0000] {logging_mixin.py:151} INFO - [2023-09-08T18:57:05.701+0000] {dag.py:2907} INFO - Sync 1 DAGs
[2023-09-08T18:57:05.714+0000] {logging_mixin.py:151} INFO - [2023-09-08T18:57:05.714+0000] {dag.py:3677} INFO - Setting next_dagrun for my_first_dag to 2023-01-01T00:00:00+00:00, run_after=2023-01-02T00:00:00+00:00
[2023-09-08T18:57:05.726+0000] {processor.py:179} INFO - Processing /opt/airflow/dags/my_first_dag.py took 0.083 seconds
[2023-09-08T18:57:36.153+0000] {processor.py:157} INFO - Started process (PID=371) to work on /opt/airflow/dags/my_first_dag.py
[2023-09-08T18:57:36.155+0000] {processor.py:829} INFO - Processing file /opt/airflow/dags/my_first_dag.py for tasks to queue
[2023-09-08T18:57:36.159+0000] {logging_mixin.py:151} INFO - [2023-09-08T18:57:36.159+0000] {dagbag.py:539} INFO - Filling up the DagBag from /opt/airflow/dags/my_first_dag.py
[2023-09-08T18:57:36.174+0000] {processor.py:839} INFO - DAG(s) dict_keys(['my_first_dag']) retrieved from /opt/airflow/dags/my_first_dag.py
[2023-09-08T18:57:36.196+0000] {logging_mixin.py:151} INFO - [2023-09-08T18:57:36.196+0000] {dag.py:2907} INFO - Sync 1 DAGs
[2023-09-08T18:57:36.209+0000] {logging_mixin.py:151} INFO - [2023-09-08T18:57:36.209+0000] {dag.py:3677} INFO - Setting next_dagrun for my_first_dag to 2023-01-01T00:00:00+00:00, run_after=2023-01-02T00:00:00+00:00
[2023-09-08T18:57:36.219+0000] {processor.py:179} INFO - Processing /opt/airflow/dags/my_first_dag.py took 0.072 seconds
[2023-09-08T18:58:06.648+0000] {processor.py:157} INFO - Started process (PID=381) to work on /opt/airflow/dags/my_first_dag.py
[2023-09-08T18:58:06.651+0000] {processor.py:829} INFO - Processing file /opt/airflow/dags/my_first_dag.py for tasks to queue
[2023-09-08T18:58:06.654+0000] {logging_mixin.py:151} INFO - [2023-09-08T18:58:06.654+0000] {dagbag.py:539} INFO - Filling up the DagBag from /opt/airflow/dags/my_first_dag.py
[2023-09-08T18:58:06.669+0000] {processor.py:839} INFO - DAG(s) dict_keys(['my_first_dag']) retrieved from /opt/airflow/dags/my_first_dag.py
[2023-09-08T18:58:06.695+0000] {logging_mixin.py:151} INFO - [2023-09-08T18:58:06.695+0000] {dag.py:2907} INFO - Sync 1 DAGs
[2023-09-08T18:58:06.708+0000] {logging_mixin.py:151} INFO - [2023-09-08T18:58:06.708+0000] {dag.py:3677} INFO - Setting next_dagrun for my_first_dag to 2023-01-01T00:00:00+00:00, run_after=2023-01-02T00:00:00+00:00
[2023-09-08T18:58:06.718+0000] {processor.py:179} INFO - Processing /opt/airflow/dags/my_first_dag.py took 0.075 seconds
[2023-09-08T18:58:37.203+0000] {processor.py:157} INFO - Started process (PID=391) to work on /opt/airflow/dags/my_first_dag.py
[2023-09-08T18:58:37.206+0000] {processor.py:829} INFO - Processing file /opt/airflow/dags/my_first_dag.py for tasks to queue
[2023-09-08T18:58:37.211+0000] {logging_mixin.py:151} INFO - [2023-09-08T18:58:37.211+0000] {dagbag.py:539} INFO - Filling up the DagBag from /opt/airflow/dags/my_first_dag.py
[2023-09-08T18:58:37.226+0000] {processor.py:839} INFO - DAG(s) dict_keys(['my_first_dag']) retrieved from /opt/airflow/dags/my_first_dag.py
[2023-09-08T18:58:37.257+0000] {logging_mixin.py:151} INFO - [2023-09-08T18:58:37.257+0000] {dag.py:2907} INFO - Sync 1 DAGs
[2023-09-08T18:58:37.269+0000] {logging_mixin.py:151} INFO - [2023-09-08T18:58:37.269+0000] {dag.py:3677} INFO - Setting next_dagrun for my_first_dag to 2023-01-01T00:00:00+00:00, run_after=2023-01-02T00:00:00+00:00
[2023-09-08T18:58:37.279+0000] {processor.py:179} INFO - Processing /opt/airflow/dags/my_first_dag.py took 0.082 seconds
[2023-09-08T19:00:49.668+0000] {processor.py:157} INFO - Started process (PID=401) to work on /opt/airflow/dags/my_first_dag.py
[2023-09-08T19:00:49.671+0000] {processor.py:829} INFO - Processing file /opt/airflow/dags/my_first_dag.py for tasks to queue
[2023-09-08T19:00:49.681+0000] {logging_mixin.py:151} INFO - [2023-09-08T19:00:49.680+0000] {dagbag.py:539} INFO - Filling up the DagBag from /opt/airflow/dags/my_first_dag.py
[2023-09-08T19:00:49.802+0000] {processor.py:839} INFO - DAG(s) dict_keys(['my_first_dag']) retrieved from /opt/airflow/dags/my_first_dag.py
[2023-09-08T19:00:49.934+0000] {logging_mixin.py:151} INFO - [2023-09-08T19:00:49.933+0000] {dag.py:2907} INFO - Sync 1 DAGs
[2023-09-08T19:00:49.997+0000] {logging_mixin.py:151} INFO - [2023-09-08T19:00:49.992+0000] {dag.py:3677} INFO - Setting next_dagrun for my_first_dag to 2023-01-01T00:00:00+00:00, run_after=2023-01-02T00:00:00+00:00
[2023-09-08T19:00:50.095+0000] {processor.py:179} INFO - Processing /opt/airflow/dags/my_first_dag.py took 0.433 seconds
[2023-09-08T19:01:20.625+0000] {processor.py:157} INFO - Started process (PID=411) to work on /opt/airflow/dags/my_first_dag.py
[2023-09-08T19:01:20.629+0000] {processor.py:829} INFO - Processing file /opt/airflow/dags/my_first_dag.py for tasks to queue
[2023-09-08T19:01:20.639+0000] {logging_mixin.py:151} INFO - [2023-09-08T19:01:20.638+0000] {dagbag.py:539} INFO - Filling up the DagBag from /opt/airflow/dags/my_first_dag.py
[2023-09-08T19:01:20.667+0000] {processor.py:839} INFO - DAG(s) dict_keys(['my_first_dag']) retrieved from /opt/airflow/dags/my_first_dag.py
[2023-09-08T19:01:20.701+0000] {logging_mixin.py:151} INFO - [2023-09-08T19:01:20.700+0000] {dag.py:2907} INFO - Sync 1 DAGs
[2023-09-08T19:01:20.718+0000] {logging_mixin.py:151} INFO - [2023-09-08T19:01:20.718+0000] {dag.py:3677} INFO - Setting next_dagrun for my_first_dag to 2023-01-01T00:00:00+00:00, run_after=2023-01-02T00:00:00+00:00
[2023-09-08T19:01:20.730+0000] {processor.py:179} INFO - Processing /opt/airflow/dags/my_first_dag.py took 0.117 seconds
[2023-09-08T19:01:51.001+0000] {processor.py:157} INFO - Started process (PID=420) to work on /opt/airflow/dags/my_first_dag.py
[2023-09-08T19:01:51.003+0000] {processor.py:829} INFO - Processing file /opt/airflow/dags/my_first_dag.py for tasks to queue
[2023-09-08T19:01:51.006+0000] {logging_mixin.py:151} INFO - [2023-09-08T19:01:51.005+0000] {dagbag.py:539} INFO - Filling up the DagBag from /opt/airflow/dags/my_first_dag.py
[2023-09-08T19:01:51.017+0000] {processor.py:839} INFO - DAG(s) dict_keys(['my_first_dag']) retrieved from /opt/airflow/dags/my_first_dag.py
[2023-09-08T19:01:51.043+0000] {logging_mixin.py:151} INFO - [2023-09-08T19:01:51.043+0000] {dag.py:2907} INFO - Sync 1 DAGs
[2023-09-08T19:01:51.057+0000] {logging_mixin.py:151} INFO - [2023-09-08T19:01:51.057+0000] {dag.py:3677} INFO - Setting next_dagrun for my_first_dag to 2023-01-01T00:00:00+00:00, run_after=2023-01-02T00:00:00+00:00
[2023-09-08T19:01:51.068+0000] {processor.py:179} INFO - Processing /opt/airflow/dags/my_first_dag.py took 0.071 seconds
