[2023-09-05T15:28:35.559+0000] {taskinstance.py:1159} INFO - Dependencies all met for dep_context=non-requeueable deps ti=<TaskInstance: tasks_relations.say_bye scheduled__2023-06-01T00:00:00+00:00 [queued]>
[2023-09-05T15:28:35.739+0000] {taskinstance.py:1159} INFO - Dependencies all met for dep_context=requeueable deps ti=<TaskInstance: tasks_relations.say_bye scheduled__2023-06-01T00:00:00+00:00 [queued]>
[2023-09-05T15:28:35.749+0000] {taskinstance.py:1361} INFO - Starting attempt 1 of 1
[2023-09-05T15:28:35.906+0000] {taskinstance.py:1382} INFO - Executing <Task(_PythonDecoratedOperator): say_bye> on 2023-06-01 00:00:00+00:00
[2023-09-05T15:28:35.933+0000] {standard_task_runner.py:57} INFO - Started process 1126 to run task
[2023-09-05T15:28:35.971+0000] {standard_task_runner.py:84} INFO - Running: ['***', 'tasks', 'run', 'tasks_relations', 'say_bye', 'scheduled__2023-06-01T00:00:00+00:00', '--job-id', '497', '--raw', '--subdir', 'DAGS_FOLDER/tasks_relations.py', '--cfg-path', '/tmp/tmp1tmtgx4z']
[2023-09-05T15:28:36.102+0000] {standard_task_runner.py:85} INFO - Job 497: Subtask say_bye
[2023-09-05T15:28:36.920+0000] {task_command.py:415} INFO - Running <TaskInstance: tasks_relations.say_bye scheduled__2023-06-01T00:00:00+00:00 [running]> on host ca474790e981
[2023-09-05T15:28:39.039+0000] {taskinstance.py:1660} INFO - Exporting env vars: AIRFLOW_CTX_DAG_OWNER='***' AIRFLOW_CTX_DAG_ID='tasks_relations' AIRFLOW_CTX_TASK_ID='say_bye' AIRFLOW_CTX_EXECUTION_DATE='2023-06-01T00:00:00+00:00' AIRFLOW_CTX_TRY_NUMBER='1' AIRFLOW_CTX_DAG_RUN_ID='scheduled__2023-06-01T00:00:00+00:00'
[2023-09-05T15:28:39.129+0000] {logging_mixin.py:151} INFO - goodbye world
[2023-09-05T15:28:39.132+0000] {python.py:194} INFO - Done. Returned value was: None
[2023-09-05T15:28:39.244+0000] {taskinstance.py:1400} INFO - Marking task as SUCCESS. dag_id=tasks_relations, task_id=say_bye, execution_date=20230601T000000, start_date=20230905T152835, end_date=20230905T152839
[2023-09-05T15:28:43.025+0000] {local_task_job_runner.py:228} INFO - Task exited with return code 0
[2023-09-05T15:28:43.920+0000] {taskinstance.py:2784} INFO - 0 downstream tasks scheduled from follow-on schedule check
[2023-09-12T17:36:15.297+0000] {taskinstance.py:1159} INFO - Dependencies all met for dep_context=non-requeueable deps ti=<TaskInstance: tasks_relations.say_bye scheduled__2023-06-01T00:00:00+00:00 [queued]>
[2023-09-12T17:36:15.332+0000] {taskinstance.py:1159} INFO - Dependencies all met for dep_context=requeueable deps ti=<TaskInstance: tasks_relations.say_bye scheduled__2023-06-01T00:00:00+00:00 [queued]>
[2023-09-12T17:36:15.335+0000] {taskinstance.py:1361} INFO - Starting attempt 1 of 1
[2023-09-12T17:36:15.385+0000] {taskinstance.py:1382} INFO - Executing <Task(_PythonDecoratedOperator): say_bye> on 2023-06-01 00:00:00+00:00
[2023-09-12T17:36:15.401+0000] {standard_task_runner.py:57} INFO - Started process 2498 to run task
[2023-09-12T17:36:15.408+0000] {standard_task_runner.py:84} INFO - Running: ['***', 'tasks', 'run', 'tasks_relations', 'say_bye', 'scheduled__2023-06-01T00:00:00+00:00', '--job-id', '1175', '--raw', '--subdir', 'DAGS_FOLDER/2_tasks_relations.py', '--cfg-path', '/tmp/tmpzl8us2n_']
[2023-09-12T17:36:15.418+0000] {standard_task_runner.py:85} INFO - Job 1175: Subtask say_bye
[2023-09-12T17:36:15.618+0000] {task_command.py:415} INFO - Running <TaskInstance: tasks_relations.say_bye scheduled__2023-06-01T00:00:00+00:00 [running]> on host 0ab7970e0956
[2023-09-12T17:36:16.027+0000] {taskinstance.py:1660} INFO - Exporting env vars: AIRFLOW_CTX_DAG_OWNER='***' AIRFLOW_CTX_DAG_ID='tasks_relations' AIRFLOW_CTX_TASK_ID='say_bye' AIRFLOW_CTX_EXECUTION_DATE='2023-06-01T00:00:00+00:00' AIRFLOW_CTX_TRY_NUMBER='1' AIRFLOW_CTX_DAG_RUN_ID='scheduled__2023-06-01T00:00:00+00:00'
[2023-09-12T17:36:16.031+0000] {logging_mixin.py:151} INFO - goodbye world
[2023-09-12T17:36:16.032+0000] {python.py:194} INFO - Done. Returned value was: None
[2023-09-12T17:36:16.049+0000] {taskinstance.py:1400} INFO - Marking task as SUCCESS. dag_id=tasks_relations, task_id=say_bye, execution_date=20230601T000000, start_date=20230912T173615, end_date=20230912T173616
[2023-09-12T17:36:16.250+0000] {local_task_job_runner.py:228} INFO - Task exited with return code 0
[2023-09-12T17:36:16.312+0000] {taskinstance.py:2784} INFO - 2 downstream tasks scheduled from follow-on schedule check
