[2023-09-05T15:31:40.655+0000] {taskinstance.py:1159} INFO - Dependencies all met for dep_context=non-requeueable deps ti=<TaskInstance: tasks_relations.this_way scheduled__2023-09-02T00:00:00+00:00 [queued]>
[2023-09-05T15:31:40.702+0000] {taskinstance.py:1159} INFO - Dependencies all met for dep_context=requeueable deps ti=<TaskInstance: tasks_relations.this_way scheduled__2023-09-02T00:00:00+00:00 [queued]>
[2023-09-05T15:31:40.708+0000] {taskinstance.py:1361} INFO - Starting attempt 1 of 1
[2023-09-05T15:31:40.791+0000] {taskinstance.py:1382} INFO - Executing <Task(_PythonDecoratedOperator): this_way> on 2023-09-02 00:00:00+00:00
[2023-09-05T15:31:40.808+0000] {standard_task_runner.py:57} INFO - Started process 2073 to run task
[2023-09-05T15:31:40.848+0000] {standard_task_runner.py:84} INFO - Running: ['***', 'tasks', 'run', 'tasks_relations', 'this_way', 'scheduled__2023-09-02T00:00:00+00:00', '--job-id', '954', '--raw', '--subdir', 'DAGS_FOLDER/tasks_relations.py', '--cfg-path', '/tmp/tmpcmtqi6lg']
[2023-09-05T15:31:40.854+0000] {standard_task_runner.py:85} INFO - Job 954: Subtask this_way
[2023-09-05T15:31:41.060+0000] {task_command.py:415} INFO - Running <TaskInstance: tasks_relations.this_way scheduled__2023-09-02T00:00:00+00:00 [running]> on host ca474790e981
[2023-09-05T15:31:41.269+0000] {taskinstance.py:1660} INFO - Exporting env vars: AIRFLOW_CTX_DAG_OWNER='***' AIRFLOW_CTX_DAG_ID='tasks_relations' AIRFLOW_CTX_TASK_ID='this_way' AIRFLOW_CTX_EXECUTION_DATE='2023-09-02T00:00:00+00:00' AIRFLOW_CTX_TRY_NUMBER='1' AIRFLOW_CTX_DAG_RUN_ID='scheduled__2023-09-02T00:00:00+00:00'
[2023-09-05T15:31:41.275+0000] {logging_mixin.py:151} INFO - THIS WAY!!!
[2023-09-05T15:31:41.277+0000] {python.py:194} INFO - Done. Returned value was: None
[2023-09-05T15:31:41.299+0000] {taskinstance.py:1400} INFO - Marking task as SUCCESS. dag_id=tasks_relations, task_id=this_way, execution_date=20230902T000000, start_date=20230905T153140, end_date=20230905T153141
[2023-09-05T15:31:41.336+0000] {local_task_job_runner.py:228} INFO - Task exited with return code 0
[2023-09-05T15:31:41.365+0000] {taskinstance.py:2784} INFO - 0 downstream tasks scheduled from follow-on schedule check
[2023-09-12T17:37:54.416+0000] {taskinstance.py:1159} INFO - Dependencies all met for dep_context=non-requeueable deps ti=<TaskInstance: tasks_relations.this_way scheduled__2023-09-02T00:00:00+00:00 [queued]>
[2023-09-12T17:37:54.458+0000] {taskinstance.py:1159} INFO - Dependencies all met for dep_context=requeueable deps ti=<TaskInstance: tasks_relations.this_way scheduled__2023-09-02T00:00:00+00:00 [queued]>
[2023-09-12T17:37:54.462+0000] {taskinstance.py:1361} INFO - Starting attempt 1 of 1
[2023-09-12T17:37:54.514+0000] {taskinstance.py:1382} INFO - Executing <Task(_PythonDecoratedOperator): this_way> on 2023-09-02 00:00:00+00:00
[2023-09-12T17:37:54.548+0000] {standard_task_runner.py:57} INFO - Started process 3624 to run task
[2023-09-12T17:37:54.571+0000] {standard_task_runner.py:84} INFO - Running: ['***', 'tasks', 'run', 'tasks_relations', 'this_way', 'scheduled__2023-09-02T00:00:00+00:00', '--job-id', '1722', '--raw', '--subdir', 'DAGS_FOLDER/2_tasks_relations.py', '--cfg-path', '/tmp/tmp9teoq3cr']
[2023-09-12T17:37:54.584+0000] {standard_task_runner.py:85} INFO - Job 1722: Subtask this_way
[2023-09-12T17:37:55.011+0000] {task_command.py:415} INFO - Running <TaskInstance: tasks_relations.this_way scheduled__2023-09-02T00:00:00+00:00 [running]> on host 0ab7970e0956
[2023-09-12T17:37:55.306+0000] {taskinstance.py:1660} INFO - Exporting env vars: AIRFLOW_CTX_DAG_OWNER='***' AIRFLOW_CTX_DAG_ID='tasks_relations' AIRFLOW_CTX_TASK_ID='this_way' AIRFLOW_CTX_EXECUTION_DATE='2023-09-02T00:00:00+00:00' AIRFLOW_CTX_TRY_NUMBER='1' AIRFLOW_CTX_DAG_RUN_ID='scheduled__2023-09-02T00:00:00+00:00'
[2023-09-12T17:37:55.316+0000] {logging_mixin.py:151} INFO - THIS WAY!!!
[2023-09-12T17:37:55.322+0000] {python.py:194} INFO - Done. Returned value was: None
[2023-09-12T17:37:55.392+0000] {taskinstance.py:1400} INFO - Marking task as SUCCESS. dag_id=tasks_relations, task_id=this_way, execution_date=20230902T000000, start_date=20230912T173754, end_date=20230912T173755
[2023-09-12T17:37:55.460+0000] {local_task_job_runner.py:228} INFO - Task exited with return code 0
[2023-09-12T17:37:55.501+0000] {taskinstance.py:2784} INFO - 0 downstream tasks scheduled from follow-on schedule check
