[2023-09-05T15:26:33.745+0000] {taskinstance.py:1159} INFO - Dependencies all met for dep_context=non-requeueable deps ti=<TaskInstance: tasks_relations.say_hello scheduled__2023-04-27T00:00:00+00:00 [queued]>
[2023-09-05T15:26:33.757+0000] {taskinstance.py:1159} INFO - Dependencies all met for dep_context=requeueable deps ti=<TaskInstance: tasks_relations.say_hello scheduled__2023-04-27T00:00:00+00:00 [queued]>
[2023-09-05T15:26:33.759+0000] {taskinstance.py:1361} INFO - Starting attempt 1 of 1
[2023-09-05T15:26:33.799+0000] {taskinstance.py:1382} INFO - Executing <Task(_PythonDecoratedOperator): say_hello> on 2023-04-27 00:00:00+00:00
[2023-09-05T15:26:33.840+0000] {standard_task_runner.py:57} INFO - Started process 813 to run task
[2023-09-05T15:26:33.864+0000] {standard_task_runner.py:84} INFO - Running: ['***', 'tasks', 'run', 'tasks_relations', 'say_hello', 'scheduled__2023-04-27T00:00:00+00:00', '--job-id', '359', '--raw', '--subdir', 'DAGS_FOLDER/tasks_relations.py', '--cfg-path', '/tmp/tmplqpkewul']
[2023-09-05T15:26:33.877+0000] {standard_task_runner.py:85} INFO - Job 359: Subtask say_hello
[2023-09-05T15:26:34.150+0000] {task_command.py:415} INFO - Running <TaskInstance: tasks_relations.say_hello scheduled__2023-04-27T00:00:00+00:00 [running]> on host ca474790e981
[2023-09-05T15:26:34.485+0000] {taskinstance.py:1660} INFO - Exporting env vars: AIRFLOW_CTX_DAG_OWNER='***' AIRFLOW_CTX_DAG_ID='tasks_relations' AIRFLOW_CTX_TASK_ID='say_hello' AIRFLOW_CTX_EXECUTION_DATE='2023-04-27T00:00:00+00:00' AIRFLOW_CTX_TRY_NUMBER='1' AIRFLOW_CTX_DAG_RUN_ID='scheduled__2023-04-27T00:00:00+00:00'
[2023-09-05T15:26:34.489+0000] {logging_mixin.py:151} INFO - hello ***
[2023-09-05T15:26:34.491+0000] {python.py:194} INFO - Done. Returned value was: None
[2023-09-05T15:26:34.517+0000] {taskinstance.py:1400} INFO - Marking task as SUCCESS. dag_id=tasks_relations, task_id=say_hello, execution_date=20230427T000000, start_date=20230905T152633, end_date=20230905T152634
[2023-09-05T15:26:34.560+0000] {local_task_job_runner.py:228} INFO - Task exited with return code 0
[2023-09-05T15:26:34.631+0000] {taskinstance.py:2784} INFO - 1 downstream tasks scheduled from follow-on schedule check
[2023-09-12T17:35:39.185+0000] {taskinstance.py:1159} INFO - Dependencies all met for dep_context=non-requeueable deps ti=<TaskInstance: tasks_relations.say_hello scheduled__2023-04-27T00:00:00+00:00 [queued]>
[2023-09-12T17:35:39.211+0000] {taskinstance.py:1159} INFO - Dependencies all met for dep_context=requeueable deps ti=<TaskInstance: tasks_relations.say_hello scheduled__2023-04-27T00:00:00+00:00 [queued]>
[2023-09-12T17:35:39.218+0000] {taskinstance.py:1361} INFO - Starting attempt 1 of 1
[2023-09-12T17:35:39.289+0000] {taskinstance.py:1382} INFO - Executing <Task(_PythonDecoratedOperator): say_hello> on 2023-04-27 00:00:00+00:00
[2023-09-12T17:35:39.295+0000] {standard_task_runner.py:57} INFO - Started process 2022 to run task
[2023-09-12T17:35:39.321+0000] {standard_task_runner.py:84} INFO - Running: ['***', 'tasks', 'run', 'tasks_relations', 'say_hello', 'scheduled__2023-04-27T00:00:00+00:00', '--job-id', '943', '--raw', '--subdir', 'DAGS_FOLDER/2_tasks_relations.py', '--cfg-path', '/tmp/tmp4km80eqb']
[2023-09-12T17:35:39.333+0000] {standard_task_runner.py:85} INFO - Job 943: Subtask say_hello
[2023-09-12T17:35:39.436+0000] {task_command.py:415} INFO - Running <TaskInstance: tasks_relations.say_hello scheduled__2023-04-27T00:00:00+00:00 [running]> on host 0ab7970e0956
[2023-09-12T17:35:39.601+0000] {taskinstance.py:1660} INFO - Exporting env vars: AIRFLOW_CTX_DAG_OWNER='***' AIRFLOW_CTX_DAG_ID='tasks_relations' AIRFLOW_CTX_TASK_ID='say_hello' AIRFLOW_CTX_EXECUTION_DATE='2023-04-27T00:00:00+00:00' AIRFLOW_CTX_TRY_NUMBER='1' AIRFLOW_CTX_DAG_RUN_ID='scheduled__2023-04-27T00:00:00+00:00'
[2023-09-12T17:35:39.604+0000] {logging_mixin.py:151} INFO - hello world
[2023-09-12T17:35:39.609+0000] {python.py:194} INFO - Done. Returned value was: None
[2023-09-12T17:35:39.656+0000] {taskinstance.py:1400} INFO - Marking task as SUCCESS. dag_id=tasks_relations, task_id=say_hello, execution_date=20230427T000000, start_date=20230912T173539, end_date=20230912T173539
[2023-09-12T17:35:39.716+0000] {local_task_job_runner.py:228} INFO - Task exited with return code 0
[2023-09-12T17:35:39.763+0000] {taskinstance.py:2784} INFO - 1 downstream tasks scheduled from follow-on schedule check
