[2023-09-05T15:30:52.684+0000] {taskinstance.py:1159} INFO - Dependencies all met for dep_context=non-requeueable deps ti=<TaskInstance: tasks_relations.say_hello scheduled__2023-08-10T00:00:00+00:00 [queued]>
[2023-09-05T15:30:52.790+0000] {taskinstance.py:1159} INFO - Dependencies all met for dep_context=requeueable deps ti=<TaskInstance: tasks_relations.say_hello scheduled__2023-08-10T00:00:00+00:00 [queued]>
[2023-09-05T15:30:52.797+0000] {taskinstance.py:1361} INFO - Starting attempt 1 of 1
[2023-09-05T15:30:52.892+0000] {taskinstance.py:1382} INFO - Executing <Task(_PythonDecoratedOperator): say_hello> on 2023-08-10 00:00:00+00:00
[2023-09-05T15:30:52.910+0000] {standard_task_runner.py:57} INFO - Started process 1809 to run task
[2023-09-05T15:30:52.920+0000] {standard_task_runner.py:84} INFO - Running: ['***', 'tasks', 'run', 'tasks_relations', 'say_hello', 'scheduled__2023-08-10T00:00:00+00:00', '--job-id', '823', '--raw', '--subdir', 'DAGS_FOLDER/tasks_relations.py', '--cfg-path', '/tmp/tmp16238e5f']
[2023-09-05T15:30:52.923+0000] {standard_task_runner.py:85} INFO - Job 823: Subtask say_hello
[2023-09-05T15:30:53.378+0000] {task_command.py:415} INFO - Running <TaskInstance: tasks_relations.say_hello scheduled__2023-08-10T00:00:00+00:00 [running]> on host ca474790e981
[2023-09-05T15:30:53.878+0000] {taskinstance.py:1660} INFO - Exporting env vars: AIRFLOW_CTX_DAG_OWNER='***' AIRFLOW_CTX_DAG_ID='tasks_relations' AIRFLOW_CTX_TASK_ID='say_hello' AIRFLOW_CTX_EXECUTION_DATE='2023-08-10T00:00:00+00:00' AIRFLOW_CTX_TRY_NUMBER='1' AIRFLOW_CTX_DAG_RUN_ID='scheduled__2023-08-10T00:00:00+00:00'
[2023-09-05T15:30:53.881+0000] {logging_mixin.py:151} INFO - hello world
[2023-09-05T15:30:53.883+0000] {python.py:194} INFO - Done. Returned value was: None
[2023-09-05T15:30:53.931+0000] {taskinstance.py:1400} INFO - Marking task as SUCCESS. dag_id=tasks_relations, task_id=say_hello, execution_date=20230810T000000, start_date=20230905T153052, end_date=20230905T153053
[2023-09-05T15:30:54.161+0000] {local_task_job_runner.py:228} INFO - Task exited with return code 0
[2023-09-05T15:30:54.701+0000] {taskinstance.py:2784} INFO - 1 downstream tasks scheduled from follow-on schedule check
[2023-09-12T17:37:28.188+0000] {taskinstance.py:1159} INFO - Dependencies all met for dep_context=non-requeueable deps ti=<TaskInstance: tasks_relations.say_hello scheduled__2023-08-10T00:00:00+00:00 [queued]>
[2023-09-12T17:37:28.197+0000] {taskinstance.py:1159} INFO - Dependencies all met for dep_context=requeueable deps ti=<TaskInstance: tasks_relations.say_hello scheduled__2023-08-10T00:00:00+00:00 [queued]>
[2023-09-12T17:37:28.197+0000] {taskinstance.py:1361} INFO - Starting attempt 1 of 1
[2023-09-12T17:37:28.224+0000] {taskinstance.py:1382} INFO - Executing <Task(_PythonDecoratedOperator): say_hello> on 2023-08-10 00:00:00+00:00
[2023-09-12T17:37:28.230+0000] {standard_task_runner.py:57} INFO - Started process 3312 to run task
[2023-09-12T17:37:28.236+0000] {standard_task_runner.py:84} INFO - Running: ['***', 'tasks', 'run', 'tasks_relations', 'say_hello', 'scheduled__2023-08-10T00:00:00+00:00', '--job-id', '1578', '--raw', '--subdir', 'DAGS_FOLDER/2_tasks_relations.py', '--cfg-path', '/tmp/tmp9_yan6j9']
[2023-09-12T17:37:28.239+0000] {standard_task_runner.py:85} INFO - Job 1578: Subtask say_hello
[2023-09-12T17:37:28.362+0000] {task_command.py:415} INFO - Running <TaskInstance: tasks_relations.say_hello scheduled__2023-08-10T00:00:00+00:00 [running]> on host 0ab7970e0956
[2023-09-12T17:37:28.467+0000] {taskinstance.py:1660} INFO - Exporting env vars: AIRFLOW_CTX_DAG_OWNER='***' AIRFLOW_CTX_DAG_ID='tasks_relations' AIRFLOW_CTX_TASK_ID='say_hello' AIRFLOW_CTX_EXECUTION_DATE='2023-08-10T00:00:00+00:00' AIRFLOW_CTX_TRY_NUMBER='1' AIRFLOW_CTX_DAG_RUN_ID='scheduled__2023-08-10T00:00:00+00:00'
[2023-09-12T17:37:28.468+0000] {logging_mixin.py:151} INFO - hello world
[2023-09-12T17:37:28.470+0000] {python.py:194} INFO - Done. Returned value was: None
[2023-09-12T17:37:28.486+0000] {taskinstance.py:1400} INFO - Marking task as SUCCESS. dag_id=tasks_relations, task_id=say_hello, execution_date=20230810T000000, start_date=20230912T173728, end_date=20230912T173728
[2023-09-12T17:37:28.573+0000] {local_task_job_runner.py:228} INFO - Task exited with return code 0
[2023-09-12T17:37:28.626+0000] {taskinstance.py:2784} INFO - 1 downstream tasks scheduled from follow-on schedule check
