[2023-09-05T15:24:59.459+0000] {taskinstance.py:1159} INFO - Dependencies all met for dep_context=non-requeueable deps ti=<TaskInstance: tasks_relations.say_hello scheduled__2023-02-14T00:00:00+00:00 [queued]>
[2023-09-05T15:24:59.485+0000] {taskinstance.py:1159} INFO - Dependencies all met for dep_context=requeueable deps ti=<TaskInstance: tasks_relations.say_hello scheduled__2023-02-14T00:00:00+00:00 [queued]>
[2023-09-05T15:24:59.486+0000] {taskinstance.py:1361} INFO - Starting attempt 1 of 1
[2023-09-05T15:24:59.524+0000] {taskinstance.py:1382} INFO - Executing <Task(_PythonDecoratedOperator): say_hello> on 2023-02-14 00:00:00+00:00
[2023-09-05T15:24:59.553+0000] {standard_task_runner.py:57} INFO - Started process 351 to run task
[2023-09-05T15:24:59.580+0000] {standard_task_runner.py:84} INFO - Running: ['***', 'tasks', 'run', 'tasks_relations', 'say_hello', 'scheduled__2023-02-14T00:00:00+00:00', '--job-id', '135', '--raw', '--subdir', 'DAGS_FOLDER/tasks_relations.py', '--cfg-path', '/tmp/tmphfe73se1']
[2023-09-05T15:24:59.599+0000] {standard_task_runner.py:85} INFO - Job 135: Subtask say_hello
[2023-09-05T15:24:59.758+0000] {task_command.py:415} INFO - Running <TaskInstance: tasks_relations.say_hello scheduled__2023-02-14T00:00:00+00:00 [running]> on host ca474790e981
[2023-09-05T15:25:00.012+0000] {taskinstance.py:1660} INFO - Exporting env vars: AIRFLOW_CTX_DAG_OWNER='***' AIRFLOW_CTX_DAG_ID='tasks_relations' AIRFLOW_CTX_TASK_ID='say_hello' AIRFLOW_CTX_EXECUTION_DATE='2023-02-14T00:00:00+00:00' AIRFLOW_CTX_TRY_NUMBER='1' AIRFLOW_CTX_DAG_RUN_ID='scheduled__2023-02-14T00:00:00+00:00'
[2023-09-05T15:25:00.018+0000] {logging_mixin.py:151} INFO - hello ***
[2023-09-05T15:25:00.023+0000] {python.py:194} INFO - Done. Returned value was: None
[2023-09-05T15:25:00.056+0000] {taskinstance.py:1400} INFO - Marking task as SUCCESS. dag_id=tasks_relations, task_id=say_hello, execution_date=20230214T000000, start_date=20230905T152459, end_date=20230905T152500
[2023-09-05T15:25:00.159+0000] {local_task_job_runner.py:228} INFO - Task exited with return code 0
[2023-09-05T15:25:00.199+0000] {taskinstance.py:2784} INFO - 1 downstream tasks scheduled from follow-on schedule check
[2023-09-12T17:34:10.739+0000] {taskinstance.py:1159} INFO - Dependencies all met for dep_context=non-requeueable deps ti=<TaskInstance: tasks_relations.say_hello scheduled__2023-02-14T00:00:00+00:00 [queued]>
[2023-09-12T17:34:10.769+0000] {taskinstance.py:1159} INFO - Dependencies all met for dep_context=requeueable deps ti=<TaskInstance: tasks_relations.say_hello scheduled__2023-02-14T00:00:00+00:00 [queued]>
[2023-09-12T17:34:10.771+0000] {taskinstance.py:1361} INFO - Starting attempt 1 of 1
[2023-09-12T17:34:10.818+0000] {taskinstance.py:1382} INFO - Executing <Task(_PythonDecoratedOperator): say_hello> on 2023-02-14 00:00:00+00:00
[2023-09-12T17:34:10.841+0000] {standard_task_runner.py:57} INFO - Started process 821 to run task
[2023-09-12T17:34:10.873+0000] {standard_task_runner.py:84} INFO - Running: ['***', 'tasks', 'run', 'tasks_relations', 'say_hello', 'scheduled__2023-02-14T00:00:00+00:00', '--job-id', '350', '--raw', '--subdir', 'DAGS_FOLDER/2_tasks_relations.py', '--cfg-path', '/tmp/tmpdzn2vtqz']
[2023-09-12T17:34:10.886+0000] {standard_task_runner.py:85} INFO - Job 350: Subtask say_hello
[2023-09-12T17:34:11.112+0000] {task_command.py:415} INFO - Running <TaskInstance: tasks_relations.say_hello scheduled__2023-02-14T00:00:00+00:00 [running]> on host 0ab7970e0956
[2023-09-12T17:34:11.547+0000] {taskinstance.py:1660} INFO - Exporting env vars: AIRFLOW_CTX_DAG_OWNER='***' AIRFLOW_CTX_DAG_ID='tasks_relations' AIRFLOW_CTX_TASK_ID='say_hello' AIRFLOW_CTX_EXECUTION_DATE='2023-02-14T00:00:00+00:00' AIRFLOW_CTX_TRY_NUMBER='1' AIRFLOW_CTX_DAG_RUN_ID='scheduled__2023-02-14T00:00:00+00:00'
[2023-09-12T17:34:11.552+0000] {logging_mixin.py:151} INFO - hello world
[2023-09-12T17:34:11.559+0000] {python.py:194} INFO - Done. Returned value was: None
[2023-09-12T17:34:11.585+0000] {taskinstance.py:1400} INFO - Marking task as SUCCESS. dag_id=tasks_relations, task_id=say_hello, execution_date=20230214T000000, start_date=20230912T173410, end_date=20230912T173411
[2023-09-12T17:34:11.693+0000] {local_task_job_runner.py:228} INFO - Task exited with return code 0
[2023-09-12T17:34:11.794+0000] {taskinstance.py:2784} INFO - 0 downstream tasks scheduled from follow-on schedule check
