[2023-09-05T15:30:49.563+0000] {taskinstance.py:1159} INFO - Dependencies all met for dep_context=non-requeueable deps ti=<TaskInstance: tasks_relations.say_hello scheduled__2023-08-09T00:00:00+00:00 [queued]>
[2023-09-05T15:30:49.656+0000] {taskinstance.py:1159} INFO - Dependencies all met for dep_context=requeueable deps ti=<TaskInstance: tasks_relations.say_hello scheduled__2023-08-09T00:00:00+00:00 [queued]>
[2023-09-05T15:30:49.662+0000] {taskinstance.py:1361} INFO - Starting attempt 1 of 1
[2023-09-05T15:30:49.834+0000] {taskinstance.py:1382} INFO - Executing <Task(_PythonDecoratedOperator): say_hello> on 2023-08-09 00:00:00+00:00
[2023-09-05T15:30:49.854+0000] {standard_task_runner.py:57} INFO - Started process 1791 to run task
[2023-09-05T15:30:49.884+0000] {standard_task_runner.py:84} INFO - Running: ['***', 'tasks', 'run', 'tasks_relations', 'say_hello', 'scheduled__2023-08-09T00:00:00+00:00', '--job-id', '814', '--raw', '--subdir', 'DAGS_FOLDER/tasks_relations.py', '--cfg-path', '/tmp/tmpnuhzhaan']
[2023-09-05T15:30:49.910+0000] {standard_task_runner.py:85} INFO - Job 814: Subtask say_hello
[2023-09-05T15:30:50.652+0000] {task_command.py:415} INFO - Running <TaskInstance: tasks_relations.say_hello scheduled__2023-08-09T00:00:00+00:00 [running]> on host ca474790e981
[2023-09-05T15:30:51.539+0000] {taskinstance.py:1660} INFO - Exporting env vars: AIRFLOW_CTX_DAG_OWNER='***' AIRFLOW_CTX_DAG_ID='tasks_relations' AIRFLOW_CTX_TASK_ID='say_hello' AIRFLOW_CTX_EXECUTION_DATE='2023-08-09T00:00:00+00:00' AIRFLOW_CTX_TRY_NUMBER='1' AIRFLOW_CTX_DAG_RUN_ID='scheduled__2023-08-09T00:00:00+00:00'
[2023-09-05T15:30:51.542+0000] {logging_mixin.py:151} INFO - hello world
[2023-09-05T15:30:51.542+0000] {python.py:194} INFO - Done. Returned value was: None
[2023-09-05T15:30:51.566+0000] {taskinstance.py:1400} INFO - Marking task as SUCCESS. dag_id=tasks_relations, task_id=say_hello, execution_date=20230809T000000, start_date=20230905T153049, end_date=20230905T153051
[2023-09-05T15:30:51.794+0000] {local_task_job_runner.py:228} INFO - Task exited with return code 0
[2023-09-05T15:30:51.890+0000] {taskinstance.py:2784} INFO - 1 downstream tasks scheduled from follow-on schedule check
[2023-09-12T17:37:27.760+0000] {taskinstance.py:1159} INFO - Dependencies all met for dep_context=non-requeueable deps ti=<TaskInstance: tasks_relations.say_hello scheduled__2023-08-09T00:00:00+00:00 [queued]>
[2023-09-12T17:37:27.797+0000] {taskinstance.py:1159} INFO - Dependencies all met for dep_context=requeueable deps ti=<TaskInstance: tasks_relations.say_hello scheduled__2023-08-09T00:00:00+00:00 [queued]>
[2023-09-12T17:37:27.798+0000] {taskinstance.py:1361} INFO - Starting attempt 1 of 1
[2023-09-12T17:37:27.855+0000] {taskinstance.py:1382} INFO - Executing <Task(_PythonDecoratedOperator): say_hello> on 2023-08-09 00:00:00+00:00
[2023-09-12T17:37:27.874+0000] {standard_task_runner.py:57} INFO - Started process 3308 to run task
[2023-09-12T17:37:27.900+0000] {standard_task_runner.py:84} INFO - Running: ['***', 'tasks', 'run', 'tasks_relations', 'say_hello', 'scheduled__2023-08-09T00:00:00+00:00', '--job-id', '1573', '--raw', '--subdir', 'DAGS_FOLDER/2_tasks_relations.py', '--cfg-path', '/tmp/tmp593mowch']
[2023-09-12T17:37:27.908+0000] {standard_task_runner.py:85} INFO - Job 1573: Subtask say_hello
[2023-09-12T17:37:28.096+0000] {task_command.py:415} INFO - Running <TaskInstance: tasks_relations.say_hello scheduled__2023-08-09T00:00:00+00:00 [running]> on host 0ab7970e0956
[2023-09-12T17:37:28.250+0000] {taskinstance.py:1660} INFO - Exporting env vars: AIRFLOW_CTX_DAG_OWNER='***' AIRFLOW_CTX_DAG_ID='tasks_relations' AIRFLOW_CTX_TASK_ID='say_hello' AIRFLOW_CTX_EXECUTION_DATE='2023-08-09T00:00:00+00:00' AIRFLOW_CTX_TRY_NUMBER='1' AIRFLOW_CTX_DAG_RUN_ID='scheduled__2023-08-09T00:00:00+00:00'
[2023-09-12T17:37:28.255+0000] {logging_mixin.py:151} INFO - hello world
[2023-09-12T17:37:28.255+0000] {python.py:194} INFO - Done. Returned value was: None
[2023-09-12T17:37:28.271+0000] {taskinstance.py:1400} INFO - Marking task as SUCCESS. dag_id=tasks_relations, task_id=say_hello, execution_date=20230809T000000, start_date=20230912T173727, end_date=20230912T173728
[2023-09-12T17:37:28.320+0000] {local_task_job_runner.py:228} INFO - Task exited with return code 0
[2023-09-12T17:37:28.432+0000] {taskinstance.py:2784} INFO - 0 downstream tasks scheduled from follow-on schedule check
