[2023-09-05T15:25:32.737+0000] {taskinstance.py:1159} INFO - Dependencies all met for dep_context=non-requeueable deps ti=<TaskInstance: tasks_relations.say_bye scheduled__2023-03-17T00:00:00+00:00 [queued]>
[2023-09-05T15:25:32.778+0000] {taskinstance.py:1159} INFO - Dependencies all met for dep_context=requeueable deps ti=<TaskInstance: tasks_relations.say_bye scheduled__2023-03-17T00:00:00+00:00 [queued]>
[2023-09-05T15:25:32.783+0000] {taskinstance.py:1361} INFO - Starting attempt 1 of 1
[2023-09-05T15:25:32.842+0000] {taskinstance.py:1382} INFO - Executing <Task(_PythonDecoratedOperator): say_bye> on 2023-03-17 00:00:00+00:00
[2023-09-05T15:25:32.873+0000] {standard_task_runner.py:57} INFO - Started process 551 to run task
[2023-09-05T15:25:32.886+0000] {standard_task_runner.py:84} INFO - Running: ['***', 'tasks', 'run', 'tasks_relations', 'say_bye', 'scheduled__2023-03-17T00:00:00+00:00', '--job-id', '236', '--raw', '--subdir', 'DAGS_FOLDER/tasks_relations.py', '--cfg-path', '/tmp/tmpd9m5no1s']
[2023-09-05T15:25:32.900+0000] {standard_task_runner.py:85} INFO - Job 236: Subtask say_bye
[2023-09-05T15:25:33.035+0000] {task_command.py:415} INFO - Running <TaskInstance: tasks_relations.say_bye scheduled__2023-03-17T00:00:00+00:00 [running]> on host ca474790e981
[2023-09-05T15:25:33.203+0000] {taskinstance.py:1660} INFO - Exporting env vars: AIRFLOW_CTX_DAG_OWNER='***' AIRFLOW_CTX_DAG_ID='tasks_relations' AIRFLOW_CTX_TASK_ID='say_bye' AIRFLOW_CTX_EXECUTION_DATE='2023-03-17T00:00:00+00:00' AIRFLOW_CTX_TRY_NUMBER='1' AIRFLOW_CTX_DAG_RUN_ID='scheduled__2023-03-17T00:00:00+00:00'
[2023-09-05T15:25:33.209+0000] {logging_mixin.py:151} INFO - goodbye ***
[2023-09-05T15:25:33.210+0000] {python.py:194} INFO - Done. Returned value was: None
[2023-09-05T15:25:33.232+0000] {taskinstance.py:1400} INFO - Marking task as SUCCESS. dag_id=tasks_relations, task_id=say_bye, execution_date=20230317T000000, start_date=20230905T152532, end_date=20230905T152533
[2023-09-05T15:25:33.268+0000] {local_task_job_runner.py:228} INFO - Task exited with return code 0
[2023-09-05T15:25:33.293+0000] {taskinstance.py:2784} INFO - 0 downstream tasks scheduled from follow-on schedule check
[2023-09-12T17:34:50.020+0000] {taskinstance.py:1159} INFO - Dependencies all met for dep_context=non-requeueable deps ti=<TaskInstance: tasks_relations.say_bye scheduled__2023-03-17T00:00:00+00:00 [queued]>
[2023-09-12T17:34:50.071+0000] {taskinstance.py:1159} INFO - Dependencies all met for dep_context=requeueable deps ti=<TaskInstance: tasks_relations.say_bye scheduled__2023-03-17T00:00:00+00:00 [queued]>
[2023-09-12T17:34:50.074+0000] {taskinstance.py:1361} INFO - Starting attempt 1 of 1
[2023-09-12T17:34:50.136+0000] {taskinstance.py:1382} INFO - Executing <Task(_PythonDecoratedOperator): say_bye> on 2023-03-17 00:00:00+00:00
[2023-09-12T17:34:50.145+0000] {standard_task_runner.py:57} INFO - Started process 1380 to run task
[2023-09-12T17:34:50.152+0000] {standard_task_runner.py:84} INFO - Running: ['***', 'tasks', 'run', 'tasks_relations', 'say_bye', 'scheduled__2023-03-17T00:00:00+00:00', '--job-id', '624', '--raw', '--subdir', 'DAGS_FOLDER/2_tasks_relations.py', '--cfg-path', '/tmp/tmp9jhl41mh']
[2023-09-12T17:34:50.162+0000] {standard_task_runner.py:85} INFO - Job 624: Subtask say_bye
[2023-09-12T17:34:50.323+0000] {task_command.py:415} INFO - Running <TaskInstance: tasks_relations.say_bye scheduled__2023-03-17T00:00:00+00:00 [running]> on host 0ab7970e0956
[2023-09-12T17:34:50.603+0000] {taskinstance.py:1660} INFO - Exporting env vars: AIRFLOW_CTX_DAG_OWNER='***' AIRFLOW_CTX_DAG_ID='tasks_relations' AIRFLOW_CTX_TASK_ID='say_bye' AIRFLOW_CTX_EXECUTION_DATE='2023-03-17T00:00:00+00:00' AIRFLOW_CTX_TRY_NUMBER='1' AIRFLOW_CTX_DAG_RUN_ID='scheduled__2023-03-17T00:00:00+00:00'
[2023-09-12T17:34:50.608+0000] {logging_mixin.py:151} INFO - goodbye world
[2023-09-12T17:34:50.608+0000] {python.py:194} INFO - Done. Returned value was: None
[2023-09-12T17:34:50.656+0000] {taskinstance.py:1400} INFO - Marking task as SUCCESS. dag_id=tasks_relations, task_id=say_bye, execution_date=20230317T000000, start_date=20230912T173450, end_date=20230912T173450
[2023-09-12T17:34:50.790+0000] {local_task_job_runner.py:228} INFO - Task exited with return code 0
[2023-09-12T17:34:50.835+0000] {taskinstance.py:2784} INFO - 2 downstream tasks scheduled from follow-on schedule check
