[2023-09-05T15:25:48.071+0000] {taskinstance.py:1159} INFO - Dependencies all met for dep_context=non-requeueable deps ti=<TaskInstance: tasks_relations.say_hello scheduled__2023-03-27T00:00:00+00:00 [queued]>
[2023-09-05T15:25:48.112+0000] {taskinstance.py:1159} INFO - Dependencies all met for dep_context=requeueable deps ti=<TaskInstance: tasks_relations.say_hello scheduled__2023-03-27T00:00:00+00:00 [queued]>
[2023-09-05T15:25:48.116+0000] {taskinstance.py:1361} INFO - Starting attempt 1 of 1
[2023-09-05T15:25:48.218+0000] {taskinstance.py:1382} INFO - Executing <Task(_PythonDecoratedOperator): say_hello> on 2023-03-27 00:00:00+00:00
[2023-09-05T15:25:48.302+0000] {standard_task_runner.py:57} INFO - Started process 618 to run task
[2023-09-05T15:25:48.401+0000] {standard_task_runner.py:84} INFO - Running: ['***', 'tasks', 'run', 'tasks_relations', 'say_hello', 'scheduled__2023-03-27T00:00:00+00:00', '--job-id', '266', '--raw', '--subdir', 'DAGS_FOLDER/tasks_relations.py', '--cfg-path', '/tmp/tmput36bjnu']
[2023-09-05T15:25:48.438+0000] {standard_task_runner.py:85} INFO - Job 266: Subtask say_hello
[2023-09-05T15:25:48.935+0000] {task_command.py:415} INFO - Running <TaskInstance: tasks_relations.say_hello scheduled__2023-03-27T00:00:00+00:00 [running]> on host ca474790e981
[2023-09-05T15:25:49.662+0000] {taskinstance.py:1660} INFO - Exporting env vars: AIRFLOW_CTX_DAG_OWNER='***' AIRFLOW_CTX_DAG_ID='tasks_relations' AIRFLOW_CTX_TASK_ID='say_hello' AIRFLOW_CTX_EXECUTION_DATE='2023-03-27T00:00:00+00:00' AIRFLOW_CTX_TRY_NUMBER='1' AIRFLOW_CTX_DAG_RUN_ID='scheduled__2023-03-27T00:00:00+00:00'
[2023-09-05T15:25:49.668+0000] {logging_mixin.py:151} INFO - hello ***
[2023-09-05T15:25:49.669+0000] {python.py:194} INFO - Done. Returned value was: None
[2023-09-05T15:25:49.692+0000] {taskinstance.py:1400} INFO - Marking task as SUCCESS. dag_id=tasks_relations, task_id=say_hello, execution_date=20230327T000000, start_date=20230905T152548, end_date=20230905T152549
[2023-09-05T15:25:49.869+0000] {local_task_job_runner.py:228} INFO - Task exited with return code 0
[2023-09-05T15:25:50.044+0000] {taskinstance.py:2784} INFO - 1 downstream tasks scheduled from follow-on schedule check
[2023-09-12T17:35:00.785+0000] {taskinstance.py:1159} INFO - Dependencies all met for dep_context=non-requeueable deps ti=<TaskInstance: tasks_relations.say_hello scheduled__2023-03-27T00:00:00+00:00 [queued]>
[2023-09-12T17:35:00.805+0000] {taskinstance.py:1159} INFO - Dependencies all met for dep_context=requeueable deps ti=<TaskInstance: tasks_relations.say_hello scheduled__2023-03-27T00:00:00+00:00 [queued]>
[2023-09-12T17:35:00.806+0000] {taskinstance.py:1361} INFO - Starting attempt 1 of 1
[2023-09-12T17:35:00.854+0000] {taskinstance.py:1382} INFO - Executing <Task(_PythonDecoratedOperator): say_hello> on 2023-03-27 00:00:00+00:00
[2023-09-12T17:35:00.861+0000] {standard_task_runner.py:57} INFO - Started process 1517 to run task
[2023-09-12T17:35:00.867+0000] {standard_task_runner.py:84} INFO - Running: ['***', 'tasks', 'run', 'tasks_relations', 'say_hello', 'scheduled__2023-03-27T00:00:00+00:00', '--job-id', '695', '--raw', '--subdir', 'DAGS_FOLDER/2_tasks_relations.py', '--cfg-path', '/tmp/tmpi009i4zi']
[2023-09-12T17:35:00.872+0000] {standard_task_runner.py:85} INFO - Job 695: Subtask say_hello
[2023-09-12T17:35:00.957+0000] {task_command.py:415} INFO - Running <TaskInstance: tasks_relations.say_hello scheduled__2023-03-27T00:00:00+00:00 [running]> on host 0ab7970e0956
[2023-09-12T17:35:01.057+0000] {taskinstance.py:1660} INFO - Exporting env vars: AIRFLOW_CTX_DAG_OWNER='***' AIRFLOW_CTX_DAG_ID='tasks_relations' AIRFLOW_CTX_TASK_ID='say_hello' AIRFLOW_CTX_EXECUTION_DATE='2023-03-27T00:00:00+00:00' AIRFLOW_CTX_TRY_NUMBER='1' AIRFLOW_CTX_DAG_RUN_ID='scheduled__2023-03-27T00:00:00+00:00'
[2023-09-12T17:35:01.062+0000] {logging_mixin.py:151} INFO - hello world
[2023-09-12T17:35:01.063+0000] {python.py:194} INFO - Done. Returned value was: None
[2023-09-12T17:35:01.076+0000] {taskinstance.py:1400} INFO - Marking task as SUCCESS. dag_id=tasks_relations, task_id=say_hello, execution_date=20230327T000000, start_date=20230912T173500, end_date=20230912T173501
[2023-09-12T17:35:01.127+0000] {local_task_job_runner.py:228} INFO - Task exited with return code 0
[2023-09-12T17:35:01.191+0000] {taskinstance.py:2784} INFO - 1 downstream tasks scheduled from follow-on schedule check
