[2023-09-05T15:29:25.400+0000] {taskinstance.py:1159} INFO - Dependencies all met for dep_context=non-requeueable deps ti=<TaskInstance: tasks_relations.say_hello scheduled__2023-06-25T00:00:00+00:00 [queued]>
[2023-09-05T15:29:25.460+0000] {taskinstance.py:1159} INFO - Dependencies all met for dep_context=requeueable deps ti=<TaskInstance: tasks_relations.say_hello scheduled__2023-06-25T00:00:00+00:00 [queued]>
[2023-09-05T15:29:25.485+0000] {taskinstance.py:1361} INFO - Starting attempt 1 of 1
[2023-09-05T15:29:25.655+0000] {taskinstance.py:1382} INFO - Executing <Task(_PythonDecoratedOperator): say_hello> on 2023-06-25 00:00:00+00:00
[2023-09-05T15:29:25.667+0000] {standard_task_runner.py:57} INFO - Started process 1319 to run task
[2023-09-05T15:29:25.679+0000] {standard_task_runner.py:84} INFO - Running: ['***', 'tasks', 'run', 'tasks_relations', 'say_hello', 'scheduled__2023-06-25T00:00:00+00:00', '--job-id', '587', '--raw', '--subdir', 'DAGS_FOLDER/tasks_relations.py', '--cfg-path', '/tmp/tmp19da7azt']
[2023-09-05T15:29:25.697+0000] {standard_task_runner.py:85} INFO - Job 587: Subtask say_hello
[2023-09-05T15:29:26.352+0000] {task_command.py:415} INFO - Running <TaskInstance: tasks_relations.say_hello scheduled__2023-06-25T00:00:00+00:00 [running]> on host ca474790e981
[2023-09-05T15:29:26.992+0000] {taskinstance.py:1660} INFO - Exporting env vars: AIRFLOW_CTX_DAG_OWNER='***' AIRFLOW_CTX_DAG_ID='tasks_relations' AIRFLOW_CTX_TASK_ID='say_hello' AIRFLOW_CTX_EXECUTION_DATE='2023-06-25T00:00:00+00:00' AIRFLOW_CTX_TRY_NUMBER='1' AIRFLOW_CTX_DAG_RUN_ID='scheduled__2023-06-25T00:00:00+00:00'
[2023-09-05T15:29:26.997+0000] {logging_mixin.py:151} INFO - hello world
[2023-09-05T15:29:27.006+0000] {python.py:194} INFO - Done. Returned value was: None
[2023-09-05T15:29:27.168+0000] {taskinstance.py:1400} INFO - Marking task as SUCCESS. dag_id=tasks_relations, task_id=say_hello, execution_date=20230625T000000, start_date=20230905T152925, end_date=20230905T152927
[2023-09-05T15:29:27.316+0000] {local_task_job_runner.py:228} INFO - Task exited with return code 0
[2023-09-05T15:29:27.445+0000] {taskinstance.py:2784} INFO - 1 downstream tasks scheduled from follow-on schedule check
[2023-09-12T17:36:36.837+0000] {taskinstance.py:1159} INFO - Dependencies all met for dep_context=non-requeueable deps ti=<TaskInstance: tasks_relations.say_hello scheduled__2023-06-25T00:00:00+00:00 [queued]>
[2023-09-12T17:36:36.895+0000] {taskinstance.py:1159} INFO - Dependencies all met for dep_context=requeueable deps ti=<TaskInstance: tasks_relations.say_hello scheduled__2023-06-25T00:00:00+00:00 [queued]>
[2023-09-12T17:36:36.899+0000] {taskinstance.py:1361} INFO - Starting attempt 1 of 1
[2023-09-12T17:36:37.000+0000] {taskinstance.py:1382} INFO - Executing <Task(_PythonDecoratedOperator): say_hello> on 2023-06-25 00:00:00+00:00
[2023-09-12T17:36:37.054+0000] {standard_task_runner.py:57} INFO - Started process 2705 to run task
[2023-09-12T17:36:37.082+0000] {standard_task_runner.py:84} INFO - Running: ['***', 'tasks', 'run', 'tasks_relations', 'say_hello', 'scheduled__2023-06-25T00:00:00+00:00', '--job-id', '1278', '--raw', '--subdir', 'DAGS_FOLDER/2_tasks_relations.py', '--cfg-path', '/tmp/tmpaxfb3s1z']
[2023-09-12T17:36:37.145+0000] {standard_task_runner.py:85} INFO - Job 1278: Subtask say_hello
[2023-09-12T17:36:37.435+0000] {task_command.py:415} INFO - Running <TaskInstance: tasks_relations.say_hello scheduled__2023-06-25T00:00:00+00:00 [running]> on host 0ab7970e0956
[2023-09-12T17:36:37.849+0000] {taskinstance.py:1660} INFO - Exporting env vars: AIRFLOW_CTX_DAG_OWNER='***' AIRFLOW_CTX_DAG_ID='tasks_relations' AIRFLOW_CTX_TASK_ID='say_hello' AIRFLOW_CTX_EXECUTION_DATE='2023-06-25T00:00:00+00:00' AIRFLOW_CTX_TRY_NUMBER='1' AIRFLOW_CTX_DAG_RUN_ID='scheduled__2023-06-25T00:00:00+00:00'
[2023-09-12T17:36:37.857+0000] {logging_mixin.py:151} INFO - hello world
[2023-09-12T17:36:37.858+0000] {python.py:194} INFO - Done. Returned value was: None
[2023-09-12T17:36:37.913+0000] {taskinstance.py:1400} INFO - Marking task as SUCCESS. dag_id=tasks_relations, task_id=say_hello, execution_date=20230625T000000, start_date=20230912T173636, end_date=20230912T173637
[2023-09-12T17:36:38.017+0000] {local_task_job_runner.py:228} INFO - Task exited with return code 0
[2023-09-12T17:36:38.087+0000] {taskinstance.py:2784} INFO - 1 downstream tasks scheduled from follow-on schedule check
