[2023-09-05T15:31:01.354+0000] {taskinstance.py:1159} INFO - Dependencies all met for dep_context=non-requeueable deps ti=<TaskInstance: tasks_relations.say_bye scheduled__2023-08-14T00:00:00+00:00 [queued]>
[2023-09-05T15:31:01.415+0000] {taskinstance.py:1159} INFO - Dependencies all met for dep_context=requeueable deps ti=<TaskInstance: tasks_relations.say_bye scheduled__2023-08-14T00:00:00+00:00 [queued]>
[2023-09-05T15:31:01.430+0000] {taskinstance.py:1361} INFO - Starting attempt 1 of 1
[2023-09-05T15:31:01.524+0000] {taskinstance.py:1382} INFO - Executing <Task(_PythonDecoratedOperator): say_bye> on 2023-08-14 00:00:00+00:00
[2023-09-05T15:31:01.572+0000] {standard_task_runner.py:57} INFO - Started process 1855 to run task
[2023-09-05T15:31:01.638+0000] {standard_task_runner.py:84} INFO - Running: ['***', 'tasks', 'run', 'tasks_relations', 'say_bye', 'scheduled__2023-08-14T00:00:00+00:00', '--job-id', '846', '--raw', '--subdir', 'DAGS_FOLDER/tasks_relations.py', '--cfg-path', '/tmp/tmpmbess4fh']
[2023-09-05T15:31:01.681+0000] {standard_task_runner.py:85} INFO - Job 846: Subtask say_bye
[2023-09-05T15:31:01.964+0000] {task_command.py:415} INFO - Running <TaskInstance: tasks_relations.say_bye scheduled__2023-08-14T00:00:00+00:00 [running]> on host ca474790e981
[2023-09-05T15:31:02.489+0000] {taskinstance.py:1660} INFO - Exporting env vars: AIRFLOW_CTX_DAG_OWNER='***' AIRFLOW_CTX_DAG_ID='tasks_relations' AIRFLOW_CTX_TASK_ID='say_bye' AIRFLOW_CTX_EXECUTION_DATE='2023-08-14T00:00:00+00:00' AIRFLOW_CTX_TRY_NUMBER='1' AIRFLOW_CTX_DAG_RUN_ID='scheduled__2023-08-14T00:00:00+00:00'
[2023-09-05T15:31:02.567+0000] {logging_mixin.py:151} INFO - goodbye world
[2023-09-05T15:31:02.587+0000] {python.py:194} INFO - Done. Returned value was: None
[2023-09-05T15:31:02.652+0000] {taskinstance.py:1400} INFO - Marking task as SUCCESS. dag_id=tasks_relations, task_id=say_bye, execution_date=20230814T000000, start_date=20230905T153101, end_date=20230905T153102
[2023-09-05T15:31:02.838+0000] {local_task_job_runner.py:228} INFO - Task exited with return code 0
[2023-09-05T15:31:03.138+0000] {taskinstance.py:2784} INFO - 0 downstream tasks scheduled from follow-on schedule check
[2023-09-12T17:37:31.655+0000] {taskinstance.py:1159} INFO - Dependencies all met for dep_context=non-requeueable deps ti=<TaskInstance: tasks_relations.say_bye scheduled__2023-08-14T00:00:00+00:00 [queued]>
[2023-09-12T17:37:31.691+0000] {taskinstance.py:1159} INFO - Dependencies all met for dep_context=requeueable deps ti=<TaskInstance: tasks_relations.say_bye scheduled__2023-08-14T00:00:00+00:00 [queued]>
[2023-09-12T17:37:31.706+0000] {taskinstance.py:1361} INFO - Starting attempt 1 of 1
[2023-09-12T17:37:31.738+0000] {taskinstance.py:1382} INFO - Executing <Task(_PythonDecoratedOperator): say_bye> on 2023-08-14 00:00:00+00:00
[2023-09-12T17:37:31.758+0000] {standard_task_runner.py:57} INFO - Started process 3358 to run task
[2023-09-12T17:37:31.792+0000] {standard_task_runner.py:84} INFO - Running: ['***', 'tasks', 'run', 'tasks_relations', 'say_bye', 'scheduled__2023-08-14T00:00:00+00:00', '--job-id', '1598', '--raw', '--subdir', 'DAGS_FOLDER/2_tasks_relations.py', '--cfg-path', '/tmp/tmpyon_h6um']
[2023-09-12T17:37:31.804+0000] {standard_task_runner.py:85} INFO - Job 1598: Subtask say_bye
[2023-09-12T17:37:32.056+0000] {task_command.py:415} INFO - Running <TaskInstance: tasks_relations.say_bye scheduled__2023-08-14T00:00:00+00:00 [running]> on host 0ab7970e0956
[2023-09-12T17:37:32.421+0000] {taskinstance.py:1660} INFO - Exporting env vars: AIRFLOW_CTX_DAG_OWNER='***' AIRFLOW_CTX_DAG_ID='tasks_relations' AIRFLOW_CTX_TASK_ID='say_bye' AIRFLOW_CTX_EXECUTION_DATE='2023-08-14T00:00:00+00:00' AIRFLOW_CTX_TRY_NUMBER='1' AIRFLOW_CTX_DAG_RUN_ID='scheduled__2023-08-14T00:00:00+00:00'
[2023-09-12T17:37:32.428+0000] {logging_mixin.py:151} INFO - goodbye world
[2023-09-12T17:37:32.429+0000] {python.py:194} INFO - Done. Returned value was: None
[2023-09-12T17:37:32.478+0000] {taskinstance.py:1400} INFO - Marking task as SUCCESS. dag_id=tasks_relations, task_id=say_bye, execution_date=20230814T000000, start_date=20230912T173731, end_date=20230912T173732
[2023-09-12T17:37:32.546+0000] {local_task_job_runner.py:228} INFO - Task exited with return code 0
[2023-09-12T17:37:32.693+0000] {taskinstance.py:2784} INFO - 2 downstream tasks scheduled from follow-on schedule check
