[2023-09-05T15:29:01.513+0000] {taskinstance.py:1159} INFO - Dependencies all met for dep_context=non-requeueable deps ti=<TaskInstance: tasks_relations.this_way scheduled__2023-06-06T00:00:00+00:00 [queued]>
[2023-09-05T15:29:01.630+0000] {taskinstance.py:1159} INFO - Dependencies all met for dep_context=requeueable deps ti=<TaskInstance: tasks_relations.this_way scheduled__2023-06-06T00:00:00+00:00 [queued]>
[2023-09-05T15:29:01.640+0000] {taskinstance.py:1361} INFO - Starting attempt 1 of 1
[2023-09-05T15:29:01.926+0000] {taskinstance.py:1382} INFO - Executing <Task(_PythonDecoratedOperator): this_way> on 2023-06-06 00:00:00+00:00
[2023-09-05T15:29:01.945+0000] {standard_task_runner.py:57} INFO - Started process 1206 to run task
[2023-09-05T15:29:02.022+0000] {standard_task_runner.py:84} INFO - Running: ['***', 'tasks', 'run', 'tasks_relations', 'this_way', 'scheduled__2023-06-06T00:00:00+00:00', '--job-id', '535', '--raw', '--subdir', 'DAGS_FOLDER/tasks_relations.py', '--cfg-path', '/tmp/tmp3edjjmim']
[2023-09-05T15:29:02.047+0000] {standard_task_runner.py:85} INFO - Job 535: Subtask this_way
[2023-09-05T15:29:02.818+0000] {task_command.py:415} INFO - Running <TaskInstance: tasks_relations.this_way scheduled__2023-06-06T00:00:00+00:00 [running]> on host ca474790e981
[2023-09-05T15:29:03.897+0000] {taskinstance.py:1660} INFO - Exporting env vars: AIRFLOW_CTX_DAG_OWNER='***' AIRFLOW_CTX_DAG_ID='tasks_relations' AIRFLOW_CTX_TASK_ID='this_way' AIRFLOW_CTX_EXECUTION_DATE='2023-06-06T00:00:00+00:00' AIRFLOW_CTX_TRY_NUMBER='1' AIRFLOW_CTX_DAG_RUN_ID='scheduled__2023-06-06T00:00:00+00:00'
[2023-09-05T15:29:03.913+0000] {logging_mixin.py:151} INFO - THIS WAY!!!
[2023-09-05T15:29:03.915+0000] {python.py:194} INFO - Done. Returned value was: None
[2023-09-05T15:29:03.982+0000] {taskinstance.py:1400} INFO - Marking task as SUCCESS. dag_id=tasks_relations, task_id=this_way, execution_date=20230606T000000, start_date=20230905T152901, end_date=20230905T152903
[2023-09-05T15:29:04.134+0000] {local_task_job_runner.py:228} INFO - Task exited with return code 0
[2023-09-05T15:29:04.294+0000] {taskinstance.py:2784} INFO - 0 downstream tasks scheduled from follow-on schedule check
[2023-09-12T17:36:21.440+0000] {taskinstance.py:1159} INFO - Dependencies all met for dep_context=non-requeueable deps ti=<TaskInstance: tasks_relations.this_way scheduled__2023-06-06T00:00:00+00:00 [queued]>
[2023-09-12T17:36:21.515+0000] {taskinstance.py:1159} INFO - Dependencies all met for dep_context=requeueable deps ti=<TaskInstance: tasks_relations.this_way scheduled__2023-06-06T00:00:00+00:00 [queued]>
[2023-09-12T17:36:21.518+0000] {taskinstance.py:1361} INFO - Starting attempt 1 of 1
[2023-09-12T17:36:21.630+0000] {taskinstance.py:1382} INFO - Executing <Task(_PythonDecoratedOperator): this_way> on 2023-06-06 00:00:00+00:00
[2023-09-12T17:36:21.650+0000] {standard_task_runner.py:57} INFO - Started process 2589 to run task
[2023-09-12T17:36:21.701+0000] {standard_task_runner.py:84} INFO - Running: ['***', 'tasks', 'run', 'tasks_relations', 'this_way', 'scheduled__2023-06-06T00:00:00+00:00', '--job-id', '1222', '--raw', '--subdir', 'DAGS_FOLDER/2_tasks_relations.py', '--cfg-path', '/tmp/tmptd2yghwo']
[2023-09-12T17:36:21.717+0000] {standard_task_runner.py:85} INFO - Job 1222: Subtask this_way
[2023-09-12T17:36:21.957+0000] {task_command.py:415} INFO - Running <TaskInstance: tasks_relations.this_way scheduled__2023-06-06T00:00:00+00:00 [running]> on host 0ab7970e0956
[2023-09-12T17:36:22.263+0000] {taskinstance.py:1660} INFO - Exporting env vars: AIRFLOW_CTX_DAG_OWNER='***' AIRFLOW_CTX_DAG_ID='tasks_relations' AIRFLOW_CTX_TASK_ID='this_way' AIRFLOW_CTX_EXECUTION_DATE='2023-06-06T00:00:00+00:00' AIRFLOW_CTX_TRY_NUMBER='1' AIRFLOW_CTX_DAG_RUN_ID='scheduled__2023-06-06T00:00:00+00:00'
[2023-09-12T17:36:22.268+0000] {logging_mixin.py:151} INFO - THIS WAY!!!
[2023-09-12T17:36:22.269+0000] {python.py:194} INFO - Done. Returned value was: None
[2023-09-12T17:36:22.316+0000] {taskinstance.py:1400} INFO - Marking task as SUCCESS. dag_id=tasks_relations, task_id=this_way, execution_date=20230606T000000, start_date=20230912T173621, end_date=20230912T173622
[2023-09-12T17:36:22.360+0000] {local_task_job_runner.py:228} INFO - Task exited with return code 0
[2023-09-12T17:36:22.433+0000] {taskinstance.py:2784} INFO - 1 downstream tasks scheduled from follow-on schedule check
