[2023-09-05T15:25:46.591+0000] {taskinstance.py:1159} INFO - Dependencies all met for dep_context=non-requeueable deps ti=<TaskInstance: tasks_relations.say_bye scheduled__2023-03-19T00:00:00+00:00 [queued]>
[2023-09-05T15:25:46.666+0000] {taskinstance.py:1159} INFO - Dependencies all met for dep_context=requeueable deps ti=<TaskInstance: tasks_relations.say_bye scheduled__2023-03-19T00:00:00+00:00 [queued]>
[2023-09-05T15:25:46.667+0000] {taskinstance.py:1361} INFO - Starting attempt 1 of 1
[2023-09-05T15:25:46.740+0000] {taskinstance.py:1382} INFO - Executing <Task(_PythonDecoratedOperator): say_bye> on 2023-03-19 00:00:00+00:00
[2023-09-05T15:25:46.766+0000] {standard_task_runner.py:57} INFO - Started process 612 to run task
[2023-09-05T15:25:46.827+0000] {standard_task_runner.py:84} INFO - Running: ['***', 'tasks', 'run', 'tasks_relations', 'say_bye', 'scheduled__2023-03-19T00:00:00+00:00', '--job-id', '262', '--raw', '--subdir', 'DAGS_FOLDER/tasks_relations.py', '--cfg-path', '/tmp/tmp7nanb81z']
[2023-09-05T15:25:46.837+0000] {standard_task_runner.py:85} INFO - Job 262: Subtask say_bye
[2023-09-05T15:25:47.409+0000] {task_command.py:415} INFO - Running <TaskInstance: tasks_relations.say_bye scheduled__2023-03-19T00:00:00+00:00 [running]> on host ca474790e981
[2023-09-05T15:25:47.760+0000] {taskinstance.py:1660} INFO - Exporting env vars: AIRFLOW_CTX_DAG_OWNER='***' AIRFLOW_CTX_DAG_ID='tasks_relations' AIRFLOW_CTX_TASK_ID='say_bye' AIRFLOW_CTX_EXECUTION_DATE='2023-03-19T00:00:00+00:00' AIRFLOW_CTX_TRY_NUMBER='1' AIRFLOW_CTX_DAG_RUN_ID='scheduled__2023-03-19T00:00:00+00:00'
[2023-09-05T15:25:47.805+0000] {logging_mixin.py:151} INFO - goodbye ***
[2023-09-05T15:25:47.810+0000] {python.py:194} INFO - Done. Returned value was: None
[2023-09-05T15:25:47.952+0000] {taskinstance.py:1400} INFO - Marking task as SUCCESS. dag_id=tasks_relations, task_id=say_bye, execution_date=20230319T000000, start_date=20230905T152546, end_date=20230905T152547
[2023-09-05T15:25:48.278+0000] {local_task_job_runner.py:228} INFO - Task exited with return code 0
[2023-09-05T15:25:48.494+0000] {taskinstance.py:2784} INFO - 0 downstream tasks scheduled from follow-on schedule check
[2023-09-12T17:34:50.811+0000] {taskinstance.py:1159} INFO - Dependencies all met for dep_context=non-requeueable deps ti=<TaskInstance: tasks_relations.say_bye scheduled__2023-03-19T00:00:00+00:00 [queued]>
[2023-09-12T17:34:50.848+0000] {taskinstance.py:1159} INFO - Dependencies all met for dep_context=requeueable deps ti=<TaskInstance: tasks_relations.say_bye scheduled__2023-03-19T00:00:00+00:00 [queued]>
[2023-09-12T17:34:50.856+0000] {taskinstance.py:1361} INFO - Starting attempt 1 of 1
[2023-09-12T17:34:50.889+0000] {taskinstance.py:1382} INFO - Executing <Task(_PythonDecoratedOperator): say_bye> on 2023-03-19 00:00:00+00:00
[2023-09-12T17:34:50.929+0000] {standard_task_runner.py:57} INFO - Started process 1391 to run task
[2023-09-12T17:34:50.948+0000] {standard_task_runner.py:84} INFO - Running: ['***', 'tasks', 'run', 'tasks_relations', 'say_bye', 'scheduled__2023-03-19T00:00:00+00:00', '--job-id', '630', '--raw', '--subdir', 'DAGS_FOLDER/2_tasks_relations.py', '--cfg-path', '/tmp/tmp1dmbh_9o']
[2023-09-12T17:34:50.950+0000] {standard_task_runner.py:85} INFO - Job 630: Subtask say_bye
[2023-09-12T17:34:51.064+0000] {task_command.py:415} INFO - Running <TaskInstance: tasks_relations.say_bye scheduled__2023-03-19T00:00:00+00:00 [running]> on host 0ab7970e0956
[2023-09-12T17:34:51.415+0000] {taskinstance.py:1660} INFO - Exporting env vars: AIRFLOW_CTX_DAG_OWNER='***' AIRFLOW_CTX_DAG_ID='tasks_relations' AIRFLOW_CTX_TASK_ID='say_bye' AIRFLOW_CTX_EXECUTION_DATE='2023-03-19T00:00:00+00:00' AIRFLOW_CTX_TRY_NUMBER='1' AIRFLOW_CTX_DAG_RUN_ID='scheduled__2023-03-19T00:00:00+00:00'
[2023-09-12T17:34:51.420+0000] {logging_mixin.py:151} INFO - goodbye world
[2023-09-12T17:34:51.420+0000] {python.py:194} INFO - Done. Returned value was: None
[2023-09-12T17:34:51.479+0000] {taskinstance.py:1400} INFO - Marking task as SUCCESS. dag_id=tasks_relations, task_id=say_bye, execution_date=20230319T000000, start_date=20230912T173450, end_date=20230912T173451
[2023-09-12T17:34:51.513+0000] {local_task_job_runner.py:228} INFO - Task exited with return code 0
[2023-09-12T17:34:51.576+0000] {taskinstance.py:2784} INFO - 2 downstream tasks scheduled from follow-on schedule check
