[2023-09-05T15:30:21.279+0000] {taskinstance.py:1159} INFO - Dependencies all met for dep_context=non-requeueable deps ti=<TaskInstance: tasks_relations.say_hello scheduled__2023-07-25T00:00:00+00:00 [queued]>
[2023-09-05T15:30:21.349+0000] {taskinstance.py:1159} INFO - Dependencies all met for dep_context=requeueable deps ti=<TaskInstance: tasks_relations.say_hello scheduled__2023-07-25T00:00:00+00:00 [queued]>
[2023-09-05T15:30:21.351+0000] {taskinstance.py:1361} INFO - Starting attempt 1 of 1
[2023-09-05T15:30:21.476+0000] {taskinstance.py:1382} INFO - Executing <Task(_PythonDecoratedOperator): say_hello> on 2023-07-25 00:00:00+00:00
[2023-09-05T15:30:21.524+0000] {standard_task_runner.py:57} INFO - Started process 1633 to run task
[2023-09-05T15:30:21.644+0000] {standard_task_runner.py:84} INFO - Running: ['***', 'tasks', 'run', 'tasks_relations', 'say_hello', 'scheduled__2023-07-25T00:00:00+00:00', '--job-id', '738', '--raw', '--subdir', 'DAGS_FOLDER/tasks_relations.py', '--cfg-path', '/tmp/tmp_tou3f61']
[2023-09-05T15:30:21.745+0000] {standard_task_runner.py:85} INFO - Job 738: Subtask say_hello
[2023-09-05T15:30:22.087+0000] {task_command.py:415} INFO - Running <TaskInstance: tasks_relations.say_hello scheduled__2023-07-25T00:00:00+00:00 [running]> on host ca474790e981
[2023-09-05T15:30:22.943+0000] {taskinstance.py:1660} INFO - Exporting env vars: AIRFLOW_CTX_DAG_OWNER='***' AIRFLOW_CTX_DAG_ID='tasks_relations' AIRFLOW_CTX_TASK_ID='say_hello' AIRFLOW_CTX_EXECUTION_DATE='2023-07-25T00:00:00+00:00' AIRFLOW_CTX_TRY_NUMBER='1' AIRFLOW_CTX_DAG_RUN_ID='scheduled__2023-07-25T00:00:00+00:00'
[2023-09-05T15:30:22.948+0000] {logging_mixin.py:151} INFO - hello world
[2023-09-05T15:30:22.963+0000] {python.py:194} INFO - Done. Returned value was: None
[2023-09-05T15:30:23.091+0000] {taskinstance.py:1400} INFO - Marking task as SUCCESS. dag_id=tasks_relations, task_id=say_hello, execution_date=20230725T000000, start_date=20230905T153021, end_date=20230905T153023
[2023-09-05T15:30:23.397+0000] {local_task_job_runner.py:228} INFO - Task exited with return code 0
[2023-09-05T15:30:23.695+0000] {taskinstance.py:2784} INFO - 1 downstream tasks scheduled from follow-on schedule check
[2023-09-12T17:37:08.743+0000] {taskinstance.py:1159} INFO - Dependencies all met for dep_context=non-requeueable deps ti=<TaskInstance: tasks_relations.say_hello scheduled__2023-07-25T00:00:00+00:00 [queued]>
[2023-09-12T17:37:08.779+0000] {taskinstance.py:1159} INFO - Dependencies all met for dep_context=requeueable deps ti=<TaskInstance: tasks_relations.say_hello scheduled__2023-07-25T00:00:00+00:00 [queued]>
[2023-09-12T17:37:08.780+0000] {taskinstance.py:1361} INFO - Starting attempt 1 of 1
[2023-09-12T17:37:08.831+0000] {taskinstance.py:1382} INFO - Executing <Task(_PythonDecoratedOperator): say_hello> on 2023-07-25 00:00:00+00:00
[2023-09-12T17:37:08.844+0000] {standard_task_runner.py:57} INFO - Started process 3092 to run task
[2023-09-12T17:37:08.881+0000] {standard_task_runner.py:84} INFO - Running: ['***', 'tasks', 'run', 'tasks_relations', 'say_hello', 'scheduled__2023-07-25T00:00:00+00:00', '--job-id', '1466', '--raw', '--subdir', 'DAGS_FOLDER/2_tasks_relations.py', '--cfg-path', '/tmp/tmpj852oo5h']
[2023-09-12T17:37:08.897+0000] {standard_task_runner.py:85} INFO - Job 1466: Subtask say_hello
[2023-09-12T17:37:09.079+0000] {task_command.py:415} INFO - Running <TaskInstance: tasks_relations.say_hello scheduled__2023-07-25T00:00:00+00:00 [running]> on host 0ab7970e0956
[2023-09-12T17:37:09.392+0000] {taskinstance.py:1660} INFO - Exporting env vars: AIRFLOW_CTX_DAG_OWNER='***' AIRFLOW_CTX_DAG_ID='tasks_relations' AIRFLOW_CTX_TASK_ID='say_hello' AIRFLOW_CTX_EXECUTION_DATE='2023-07-25T00:00:00+00:00' AIRFLOW_CTX_TRY_NUMBER='1' AIRFLOW_CTX_DAG_RUN_ID='scheduled__2023-07-25T00:00:00+00:00'
[2023-09-12T17:37:09.394+0000] {logging_mixin.py:151} INFO - hello world
[2023-09-12T17:37:09.394+0000] {python.py:194} INFO - Done. Returned value was: None
[2023-09-12T17:37:09.421+0000] {taskinstance.py:1400} INFO - Marking task as SUCCESS. dag_id=tasks_relations, task_id=say_hello, execution_date=20230725T000000, start_date=20230912T173708, end_date=20230912T173709
[2023-09-12T17:37:09.489+0000] {local_task_job_runner.py:228} INFO - Task exited with return code 0
[2023-09-12T17:37:09.550+0000] {taskinstance.py:2784} INFO - 1 downstream tasks scheduled from follow-on schedule check
