[2023-09-05T15:31:26.735+0000] {taskinstance.py:1159} INFO - Dependencies all met for dep_context=non-requeueable deps ti=<TaskInstance: tasks_relations.this_way scheduled__2023-08-19T00:00:00+00:00 [queued]>
[2023-09-05T15:31:26.779+0000] {taskinstance.py:1159} INFO - Dependencies all met for dep_context=requeueable deps ti=<TaskInstance: tasks_relations.this_way scheduled__2023-08-19T00:00:00+00:00 [queued]>
[2023-09-05T15:31:26.781+0000] {taskinstance.py:1361} INFO - Starting attempt 1 of 1
[2023-09-05T15:31:26.902+0000] {taskinstance.py:1382} INFO - Executing <Task(_PythonDecoratedOperator): this_way> on 2023-08-19 00:00:00+00:00
[2023-09-05T15:31:26.921+0000] {standard_task_runner.py:57} INFO - Started process 2006 to run task
[2023-09-05T15:31:27.026+0000] {standard_task_runner.py:84} INFO - Running: ['***', 'tasks', 'run', 'tasks_relations', 'this_way', 'scheduled__2023-08-19T00:00:00+00:00', '--job-id', '917', '--raw', '--subdir', 'DAGS_FOLDER/tasks_relations.py', '--cfg-path', '/tmp/tmpi17w23mk']
[2023-09-05T15:31:27.060+0000] {standard_task_runner.py:85} INFO - Job 917: Subtask this_way
[2023-09-05T15:31:27.948+0000] {task_command.py:415} INFO - Running <TaskInstance: tasks_relations.this_way scheduled__2023-08-19T00:00:00+00:00 [running]> on host ca474790e981
[2023-09-05T15:31:28.533+0000] {taskinstance.py:1660} INFO - Exporting env vars: AIRFLOW_CTX_DAG_OWNER='***' AIRFLOW_CTX_DAG_ID='tasks_relations' AIRFLOW_CTX_TASK_ID='this_way' AIRFLOW_CTX_EXECUTION_DATE='2023-08-19T00:00:00+00:00' AIRFLOW_CTX_TRY_NUMBER='1' AIRFLOW_CTX_DAG_RUN_ID='scheduled__2023-08-19T00:00:00+00:00'
[2023-09-05T15:31:28.564+0000] {logging_mixin.py:151} INFO - THIS WAY!!!
[2023-09-05T15:31:28.566+0000] {python.py:194} INFO - Done. Returned value was: None
[2023-09-05T15:31:28.712+0000] {taskinstance.py:1400} INFO - Marking task as SUCCESS. dag_id=tasks_relations, task_id=this_way, execution_date=20230819T000000, start_date=20230905T153126, end_date=20230905T153128
[2023-09-05T15:31:29.046+0000] {local_task_job_runner.py:228} INFO - Task exited with return code 0
[2023-09-05T15:31:29.275+0000] {taskinstance.py:2784} INFO - 0 downstream tasks scheduled from follow-on schedule check
[2023-09-12T17:37:40.035+0000] {taskinstance.py:1159} INFO - Dependencies all met for dep_context=non-requeueable deps ti=<TaskInstance: tasks_relations.this_way scheduled__2023-08-19T00:00:00+00:00 [queued]>
[2023-09-12T17:37:40.048+0000] {taskinstance.py:1159} INFO - Dependencies all met for dep_context=requeueable deps ti=<TaskInstance: tasks_relations.this_way scheduled__2023-08-19T00:00:00+00:00 [queued]>
[2023-09-12T17:37:40.049+0000] {taskinstance.py:1361} INFO - Starting attempt 1 of 1
[2023-09-12T17:37:40.073+0000] {taskinstance.py:1382} INFO - Executing <Task(_PythonDecoratedOperator): this_way> on 2023-08-19 00:00:00+00:00
[2023-09-12T17:37:40.087+0000] {standard_task_runner.py:57} INFO - Started process 3453 to run task
[2023-09-12T17:37:40.093+0000] {standard_task_runner.py:84} INFO - Running: ['***', 'tasks', 'run', 'tasks_relations', 'this_way', 'scheduled__2023-08-19T00:00:00+00:00', '--job-id', '1649', '--raw', '--subdir', 'DAGS_FOLDER/2_tasks_relations.py', '--cfg-path', '/tmp/tmp41pww8lg']
[2023-09-12T17:37:40.095+0000] {standard_task_runner.py:85} INFO - Job 1649: Subtask this_way
[2023-09-12T17:37:40.177+0000] {task_command.py:415} INFO - Running <TaskInstance: tasks_relations.this_way scheduled__2023-08-19T00:00:00+00:00 [running]> on host 0ab7970e0956
[2023-09-12T17:37:40.331+0000] {taskinstance.py:1660} INFO - Exporting env vars: AIRFLOW_CTX_DAG_OWNER='***' AIRFLOW_CTX_DAG_ID='tasks_relations' AIRFLOW_CTX_TASK_ID='this_way' AIRFLOW_CTX_EXECUTION_DATE='2023-08-19T00:00:00+00:00' AIRFLOW_CTX_TRY_NUMBER='1' AIRFLOW_CTX_DAG_RUN_ID='scheduled__2023-08-19T00:00:00+00:00'
[2023-09-12T17:37:40.335+0000] {logging_mixin.py:151} INFO - THIS WAY!!!
[2023-09-12T17:37:40.336+0000] {python.py:194} INFO - Done. Returned value was: None
[2023-09-12T17:37:40.346+0000] {taskinstance.py:1400} INFO - Marking task as SUCCESS. dag_id=tasks_relations, task_id=this_way, execution_date=20230819T000000, start_date=20230912T173740, end_date=20230912T173740
[2023-09-12T17:37:40.386+0000] {local_task_job_runner.py:228} INFO - Task exited with return code 0
[2023-09-12T17:37:40.412+0000] {taskinstance.py:2784} INFO - 1 downstream tasks scheduled from follow-on schedule check
