[2023-09-05T15:25:26.798+0000] {taskinstance.py:1159} INFO - Dependencies all met for dep_context=non-requeueable deps ti=<TaskInstance: tasks_relations.say_bye scheduled__2023-03-05T00:00:00+00:00 [queued]>
[2023-09-05T15:25:26.851+0000] {taskinstance.py:1159} INFO - Dependencies all met for dep_context=requeueable deps ti=<TaskInstance: tasks_relations.say_bye scheduled__2023-03-05T00:00:00+00:00 [queued]>
[2023-09-05T15:25:26.871+0000] {taskinstance.py:1361} INFO - Starting attempt 1 of 1
[2023-09-05T15:25:27.025+0000] {taskinstance.py:1382} INFO - Executing <Task(_PythonDecoratedOperator): say_bye> on 2023-03-05 00:00:00+00:00
[2023-09-05T15:25:27.111+0000] {standard_task_runner.py:57} INFO - Started process 518 to run task
[2023-09-05T15:25:27.133+0000] {standard_task_runner.py:84} INFO - Running: ['***', 'tasks', 'run', 'tasks_relations', 'say_bye', 'scheduled__2023-03-05T00:00:00+00:00', '--job-id', '219', '--raw', '--subdir', 'DAGS_FOLDER/tasks_relations.py', '--cfg-path', '/tmp/tmp0_m2ahwc']
[2023-09-05T15:25:27.153+0000] {standard_task_runner.py:85} INFO - Job 219: Subtask say_bye
[2023-09-05T15:25:27.391+0000] {task_command.py:415} INFO - Running <TaskInstance: tasks_relations.say_bye scheduled__2023-03-05T00:00:00+00:00 [running]> on host ca474790e981
[2023-09-05T15:25:27.874+0000] {taskinstance.py:1660} INFO - Exporting env vars: AIRFLOW_CTX_DAG_OWNER='***' AIRFLOW_CTX_DAG_ID='tasks_relations' AIRFLOW_CTX_TASK_ID='say_bye' AIRFLOW_CTX_EXECUTION_DATE='2023-03-05T00:00:00+00:00' AIRFLOW_CTX_TRY_NUMBER='1' AIRFLOW_CTX_DAG_RUN_ID='scheduled__2023-03-05T00:00:00+00:00'
[2023-09-05T15:25:27.878+0000] {logging_mixin.py:151} INFO - goodbye ***
[2023-09-05T15:25:27.881+0000] {python.py:194} INFO - Done. Returned value was: None
[2023-09-05T15:25:27.903+0000] {taskinstance.py:1400} INFO - Marking task as SUCCESS. dag_id=tasks_relations, task_id=say_bye, execution_date=20230305T000000, start_date=20230905T152526, end_date=20230905T152527
[2023-09-05T15:25:28.024+0000] {local_task_job_runner.py:228} INFO - Task exited with return code 0
[2023-09-05T15:25:28.117+0000] {taskinstance.py:2784} INFO - 0 downstream tasks scheduled from follow-on schedule check
[2023-09-12T17:34:34.891+0000] {taskinstance.py:1159} INFO - Dependencies all met for dep_context=non-requeueable deps ti=<TaskInstance: tasks_relations.say_bye scheduled__2023-03-05T00:00:00+00:00 [queued]>
[2023-09-12T17:34:34.897+0000] {taskinstance.py:1159} INFO - Dependencies all met for dep_context=requeueable deps ti=<TaskInstance: tasks_relations.say_bye scheduled__2023-03-05T00:00:00+00:00 [queued]>
[2023-09-12T17:34:34.897+0000] {taskinstance.py:1361} INFO - Starting attempt 1 of 1
[2023-09-12T17:34:34.977+0000] {taskinstance.py:1382} INFO - Executing <Task(_PythonDecoratedOperator): say_bye> on 2023-03-05 00:00:00+00:00
[2023-09-12T17:34:34.982+0000] {standard_task_runner.py:57} INFO - Started process 1154 to run task
[2023-09-12T17:34:35.031+0000] {standard_task_runner.py:84} INFO - Running: ['***', 'tasks', 'run', 'tasks_relations', 'say_bye', 'scheduled__2023-03-05T00:00:00+00:00', '--job-id', '517', '--raw', '--subdir', 'DAGS_FOLDER/2_tasks_relations.py', '--cfg-path', '/tmp/tmp352hpp0g']
[2023-09-12T17:34:35.040+0000] {standard_task_runner.py:85} INFO - Job 517: Subtask say_bye
[2023-09-12T17:34:35.228+0000] {task_command.py:415} INFO - Running <TaskInstance: tasks_relations.say_bye scheduled__2023-03-05T00:00:00+00:00 [running]> on host 0ab7970e0956
[2023-09-12T17:34:35.408+0000] {taskinstance.py:1660} INFO - Exporting env vars: AIRFLOW_CTX_DAG_OWNER='***' AIRFLOW_CTX_DAG_ID='tasks_relations' AIRFLOW_CTX_TASK_ID='say_bye' AIRFLOW_CTX_EXECUTION_DATE='2023-03-05T00:00:00+00:00' AIRFLOW_CTX_TRY_NUMBER='1' AIRFLOW_CTX_DAG_RUN_ID='scheduled__2023-03-05T00:00:00+00:00'
[2023-09-12T17:34:35.409+0000] {logging_mixin.py:151} INFO - goodbye world
[2023-09-12T17:34:35.409+0000] {python.py:194} INFO - Done. Returned value was: None
[2023-09-12T17:34:35.425+0000] {taskinstance.py:1400} INFO - Marking task as SUCCESS. dag_id=tasks_relations, task_id=say_bye, execution_date=20230305T000000, start_date=20230912T173434, end_date=20230912T173435
[2023-09-12T17:34:35.525+0000] {local_task_job_runner.py:228} INFO - Task exited with return code 0
[2023-09-12T17:34:35.599+0000] {taskinstance.py:2784} INFO - 2 downstream tasks scheduled from follow-on schedule check
