[2023-09-05T15:31:18.591+0000] {taskinstance.py:1159} INFO - Dependencies all met for dep_context=non-requeueable deps ti=<TaskInstance: tasks_relations.say_hello scheduled__2023-08-23T00:00:00+00:00 [queued]>
[2023-09-05T15:31:18.635+0000] {taskinstance.py:1159} INFO - Dependencies all met for dep_context=requeueable deps ti=<TaskInstance: tasks_relations.say_hello scheduled__2023-08-23T00:00:00+00:00 [queued]>
[2023-09-05T15:31:18.637+0000] {taskinstance.py:1361} INFO - Starting attempt 1 of 1
[2023-09-05T15:31:18.671+0000] {taskinstance.py:1382} INFO - Executing <Task(_PythonDecoratedOperator): say_hello> on 2023-08-23 00:00:00+00:00
[2023-09-05T15:31:18.700+0000] {standard_task_runner.py:57} INFO - Started process 1950 to run task
[2023-09-05T15:31:18.758+0000] {standard_task_runner.py:84} INFO - Running: ['***', 'tasks', 'run', 'tasks_relations', 'say_hello', 'scheduled__2023-08-23T00:00:00+00:00', '--job-id', '892', '--raw', '--subdir', 'DAGS_FOLDER/tasks_relations.py', '--cfg-path', '/tmp/tmp1kmd0_tr']
[2023-09-05T15:31:18.776+0000] {standard_task_runner.py:85} INFO - Job 892: Subtask say_hello
[2023-09-05T15:31:19.216+0000] {task_command.py:415} INFO - Running <TaskInstance: tasks_relations.say_hello scheduled__2023-08-23T00:00:00+00:00 [running]> on host ca474790e981
[2023-09-05T15:31:19.880+0000] {taskinstance.py:1660} INFO - Exporting env vars: AIRFLOW_CTX_DAG_OWNER='***' AIRFLOW_CTX_DAG_ID='tasks_relations' AIRFLOW_CTX_TASK_ID='say_hello' AIRFLOW_CTX_EXECUTION_DATE='2023-08-23T00:00:00+00:00' AIRFLOW_CTX_TRY_NUMBER='1' AIRFLOW_CTX_DAG_RUN_ID='scheduled__2023-08-23T00:00:00+00:00'
[2023-09-05T15:31:19.906+0000] {logging_mixin.py:151} INFO - hello world
[2023-09-05T15:31:19.908+0000] {python.py:194} INFO - Done. Returned value was: None
[2023-09-05T15:31:19.989+0000] {taskinstance.py:1400} INFO - Marking task as SUCCESS. dag_id=tasks_relations, task_id=say_hello, execution_date=20230823T000000, start_date=20230905T153118, end_date=20230905T153119
[2023-09-05T15:31:20.187+0000] {local_task_job_runner.py:228} INFO - Task exited with return code 0
[2023-09-05T15:31:20.347+0000] {taskinstance.py:2784} INFO - 1 downstream tasks scheduled from follow-on schedule check
[2023-09-12T17:37:45.321+0000] {taskinstance.py:1159} INFO - Dependencies all met for dep_context=non-requeueable deps ti=<TaskInstance: tasks_relations.say_hello scheduled__2023-08-23T00:00:00+00:00 [queued]>
[2023-09-12T17:37:45.342+0000] {taskinstance.py:1159} INFO - Dependencies all met for dep_context=requeueable deps ti=<TaskInstance: tasks_relations.say_hello scheduled__2023-08-23T00:00:00+00:00 [queued]>
[2023-09-12T17:37:45.344+0000] {taskinstance.py:1361} INFO - Starting attempt 1 of 1
[2023-09-12T17:37:45.369+0000] {taskinstance.py:1382} INFO - Executing <Task(_PythonDecoratedOperator): say_hello> on 2023-08-23 00:00:00+00:00
[2023-09-12T17:37:45.377+0000] {standard_task_runner.py:57} INFO - Started process 3497 to run task
[2023-09-12T17:37:45.416+0000] {standard_task_runner.py:84} INFO - Running: ['***', 'tasks', 'run', 'tasks_relations', 'say_hello', 'scheduled__2023-08-23T00:00:00+00:00', '--job-id', '1668', '--raw', '--subdir', 'DAGS_FOLDER/2_tasks_relations.py', '--cfg-path', '/tmp/tmpgb7i2xx_']
[2023-09-12T17:37:45.422+0000] {standard_task_runner.py:85} INFO - Job 1668: Subtask say_hello
[2023-09-12T17:37:45.532+0000] {task_command.py:415} INFO - Running <TaskInstance: tasks_relations.say_hello scheduled__2023-08-23T00:00:00+00:00 [running]> on host 0ab7970e0956
[2023-09-12T17:37:45.803+0000] {taskinstance.py:1660} INFO - Exporting env vars: AIRFLOW_CTX_DAG_OWNER='***' AIRFLOW_CTX_DAG_ID='tasks_relations' AIRFLOW_CTX_TASK_ID='say_hello' AIRFLOW_CTX_EXECUTION_DATE='2023-08-23T00:00:00+00:00' AIRFLOW_CTX_TRY_NUMBER='1' AIRFLOW_CTX_DAG_RUN_ID='scheduled__2023-08-23T00:00:00+00:00'
[2023-09-12T17:37:45.804+0000] {logging_mixin.py:151} INFO - hello world
[2023-09-12T17:37:45.804+0000] {python.py:194} INFO - Done. Returned value was: None
[2023-09-12T17:37:45.823+0000] {taskinstance.py:1400} INFO - Marking task as SUCCESS. dag_id=tasks_relations, task_id=say_hello, execution_date=20230823T000000, start_date=20230912T173745, end_date=20230912T173745
[2023-09-12T17:37:45.897+0000] {local_task_job_runner.py:228} INFO - Task exited with return code 0
[2023-09-12T17:37:45.976+0000] {taskinstance.py:2784} INFO - 0 downstream tasks scheduled from follow-on schedule check
