[2023-09-05T15:28:20.534+0000] {taskinstance.py:1159} INFO - Dependencies all met for dep_context=non-requeueable deps ti=<TaskInstance: tasks_relations.say_hello scheduled__2023-05-30T00:00:00+00:00 [queued]>
[2023-09-05T15:28:20.629+0000] {taskinstance.py:1159} INFO - Dependencies all met for dep_context=requeueable deps ti=<TaskInstance: tasks_relations.say_hello scheduled__2023-05-30T00:00:00+00:00 [queued]>
[2023-09-05T15:28:20.682+0000] {taskinstance.py:1361} INFO - Starting attempt 1 of 1
[2023-09-05T15:28:20.822+0000] {taskinstance.py:1382} INFO - Executing <Task(_PythonDecoratedOperator): say_hello> on 2023-05-30 00:00:00+00:00
[2023-09-05T15:28:20.960+0000] {standard_task_runner.py:57} INFO - Started process 1081 to run task
[2023-09-05T15:28:20.975+0000] {standard_task_runner.py:84} INFO - Running: ['***', 'tasks', 'run', 'tasks_relations', 'say_hello', 'scheduled__2023-05-30T00:00:00+00:00', '--job-id', '478', '--raw', '--subdir', 'DAGS_FOLDER/tasks_relations.py', '--cfg-path', '/tmp/tmpwtuof9yk']
[2023-09-05T15:28:21.029+0000] {standard_task_runner.py:85} INFO - Job 478: Subtask say_hello
[2023-09-05T15:28:21.542+0000] {task_command.py:415} INFO - Running <TaskInstance: tasks_relations.say_hello scheduled__2023-05-30T00:00:00+00:00 [running]> on host ca474790e981
[2023-09-05T15:28:22.014+0000] {taskinstance.py:1660} INFO - Exporting env vars: AIRFLOW_CTX_DAG_OWNER='***' AIRFLOW_CTX_DAG_ID='tasks_relations' AIRFLOW_CTX_TASK_ID='say_hello' AIRFLOW_CTX_EXECUTION_DATE='2023-05-30T00:00:00+00:00' AIRFLOW_CTX_TRY_NUMBER='1' AIRFLOW_CTX_DAG_RUN_ID='scheduled__2023-05-30T00:00:00+00:00'
[2023-09-05T15:28:22.104+0000] {logging_mixin.py:151} INFO - hello world
[2023-09-05T15:28:22.108+0000] {python.py:194} INFO - Done. Returned value was: None
[2023-09-05T15:28:22.262+0000] {taskinstance.py:1400} INFO - Marking task as SUCCESS. dag_id=tasks_relations, task_id=say_hello, execution_date=20230530T000000, start_date=20230905T152820, end_date=20230905T152822
[2023-09-05T15:28:22.869+0000] {local_task_job_runner.py:228} INFO - Task exited with return code 0
[2023-09-05T15:28:23.141+0000] {taskinstance.py:2784} INFO - 1 downstream tasks scheduled from follow-on schedule check
[2023-09-12T17:36:12.680+0000] {taskinstance.py:1159} INFO - Dependencies all met for dep_context=non-requeueable deps ti=<TaskInstance: tasks_relations.say_hello scheduled__2023-05-30T00:00:00+00:00 [queued]>
[2023-09-12T17:36:12.710+0000] {taskinstance.py:1159} INFO - Dependencies all met for dep_context=requeueable deps ti=<TaskInstance: tasks_relations.say_hello scheduled__2023-05-30T00:00:00+00:00 [queued]>
[2023-09-12T17:36:12.717+0000] {taskinstance.py:1361} INFO - Starting attempt 1 of 1
[2023-09-12T17:36:12.751+0000] {taskinstance.py:1382} INFO - Executing <Task(_PythonDecoratedOperator): say_hello> on 2023-05-30 00:00:00+00:00
[2023-09-12T17:36:12.765+0000] {standard_task_runner.py:57} INFO - Started process 2461 to run task
[2023-09-12T17:36:12.785+0000] {standard_task_runner.py:84} INFO - Running: ['***', 'tasks', 'run', 'tasks_relations', 'say_hello', 'scheduled__2023-05-30T00:00:00+00:00', '--job-id', '1159', '--raw', '--subdir', 'DAGS_FOLDER/2_tasks_relations.py', '--cfg-path', '/tmp/tmp8ssago1r']
[2023-09-12T17:36:12.790+0000] {standard_task_runner.py:85} INFO - Job 1159: Subtask say_hello
[2023-09-12T17:36:12.925+0000] {task_command.py:415} INFO - Running <TaskInstance: tasks_relations.say_hello scheduled__2023-05-30T00:00:00+00:00 [running]> on host 0ab7970e0956
[2023-09-12T17:36:13.129+0000] {taskinstance.py:1660} INFO - Exporting env vars: AIRFLOW_CTX_DAG_OWNER='***' AIRFLOW_CTX_DAG_ID='tasks_relations' AIRFLOW_CTX_TASK_ID='say_hello' AIRFLOW_CTX_EXECUTION_DATE='2023-05-30T00:00:00+00:00' AIRFLOW_CTX_TRY_NUMBER='1' AIRFLOW_CTX_DAG_RUN_ID='scheduled__2023-05-30T00:00:00+00:00'
[2023-09-12T17:36:13.132+0000] {logging_mixin.py:151} INFO - hello world
[2023-09-12T17:36:13.133+0000] {python.py:194} INFO - Done. Returned value was: None
[2023-09-12T17:36:13.154+0000] {taskinstance.py:1400} INFO - Marking task as SUCCESS. dag_id=tasks_relations, task_id=say_hello, execution_date=20230530T000000, start_date=20230912T173612, end_date=20230912T173613
[2023-09-12T17:36:13.248+0000] {local_task_job_runner.py:228} INFO - Task exited with return code 0
[2023-09-12T17:36:13.302+0000] {taskinstance.py:2784} INFO - 1 downstream tasks scheduled from follow-on schedule check
