[2023-09-05T15:31:31.263+0000] {taskinstance.py:1159} INFO - Dependencies all met for dep_context=non-requeueable deps ti=<TaskInstance: tasks_relations.say_bye scheduled__2023-08-30T00:00:00+00:00 [queued]>
[2023-09-05T15:31:31.312+0000] {taskinstance.py:1159} INFO - Dependencies all met for dep_context=requeueable deps ti=<TaskInstance: tasks_relations.say_bye scheduled__2023-08-30T00:00:00+00:00 [queued]>
[2023-09-05T15:31:31.321+0000] {taskinstance.py:1361} INFO - Starting attempt 1 of 1
[2023-09-05T15:31:31.635+0000] {taskinstance.py:1382} INFO - Executing <Task(_PythonDecoratedOperator): say_bye> on 2023-08-30 00:00:00+00:00
[2023-09-05T15:31:31.673+0000] {standard_task_runner.py:57} INFO - Started process 2027 to run task
[2023-09-05T15:31:31.743+0000] {standard_task_runner.py:84} INFO - Running: ['***', 'tasks', 'run', 'tasks_relations', 'say_bye', 'scheduled__2023-08-30T00:00:00+00:00', '--job-id', '928', '--raw', '--subdir', 'DAGS_FOLDER/tasks_relations.py', '--cfg-path', '/tmp/tmpzaezyssq']
[2023-09-05T15:31:31.772+0000] {standard_task_runner.py:85} INFO - Job 928: Subtask say_bye
[2023-09-05T15:31:32.351+0000] {task_command.py:415} INFO - Running <TaskInstance: tasks_relations.say_bye scheduled__2023-08-30T00:00:00+00:00 [running]> on host ca474790e981
[2023-09-05T15:31:32.970+0000] {taskinstance.py:1660} INFO - Exporting env vars: AIRFLOW_CTX_DAG_OWNER='***' AIRFLOW_CTX_DAG_ID='tasks_relations' AIRFLOW_CTX_TASK_ID='say_bye' AIRFLOW_CTX_EXECUTION_DATE='2023-08-30T00:00:00+00:00' AIRFLOW_CTX_TRY_NUMBER='1' AIRFLOW_CTX_DAG_RUN_ID='scheduled__2023-08-30T00:00:00+00:00'
[2023-09-05T15:31:32.979+0000] {logging_mixin.py:151} INFO - goodbye world
[2023-09-05T15:31:32.984+0000] {python.py:194} INFO - Done. Returned value was: None
[2023-09-05T15:31:33.122+0000] {taskinstance.py:1400} INFO - Marking task as SUCCESS. dag_id=tasks_relations, task_id=say_bye, execution_date=20230830T000000, start_date=20230905T153131, end_date=20230905T153133
[2023-09-05T15:31:33.353+0000] {local_task_job_runner.py:228} INFO - Task exited with return code 0
[2023-09-05T15:31:33.562+0000] {taskinstance.py:2784} INFO - 2 downstream tasks scheduled from follow-on schedule check
[2023-09-12T17:37:51.896+0000] {taskinstance.py:1159} INFO - Dependencies all met for dep_context=non-requeueable deps ti=<TaskInstance: tasks_relations.say_bye scheduled__2023-08-30T00:00:00+00:00 [queued]>
[2023-09-12T17:37:51.928+0000] {taskinstance.py:1159} INFO - Dependencies all met for dep_context=requeueable deps ti=<TaskInstance: tasks_relations.say_bye scheduled__2023-08-30T00:00:00+00:00 [queued]>
[2023-09-12T17:37:51.936+0000] {taskinstance.py:1361} INFO - Starting attempt 1 of 1
[2023-09-12T17:37:51.986+0000] {taskinstance.py:1382} INFO - Executing <Task(_PythonDecoratedOperator): say_bye> on 2023-08-30 00:00:00+00:00
[2023-09-12T17:37:52.003+0000] {standard_task_runner.py:57} INFO - Started process 3589 to run task
[2023-09-12T17:37:52.037+0000] {standard_task_runner.py:84} INFO - Running: ['***', 'tasks', 'run', 'tasks_relations', 'say_bye', 'scheduled__2023-08-30T00:00:00+00:00', '--job-id', '1709', '--raw', '--subdir', 'DAGS_FOLDER/2_tasks_relations.py', '--cfg-path', '/tmp/tmpqi1cfz34']
[2023-09-12T17:37:52.047+0000] {standard_task_runner.py:85} INFO - Job 1709: Subtask say_bye
[2023-09-12T17:37:52.249+0000] {task_command.py:415} INFO - Running <TaskInstance: tasks_relations.say_bye scheduled__2023-08-30T00:00:00+00:00 [running]> on host 0ab7970e0956
[2023-09-12T17:37:52.511+0000] {taskinstance.py:1660} INFO - Exporting env vars: AIRFLOW_CTX_DAG_OWNER='***' AIRFLOW_CTX_DAG_ID='tasks_relations' AIRFLOW_CTX_TASK_ID='say_bye' AIRFLOW_CTX_EXECUTION_DATE='2023-08-30T00:00:00+00:00' AIRFLOW_CTX_TRY_NUMBER='1' AIRFLOW_CTX_DAG_RUN_ID='scheduled__2023-08-30T00:00:00+00:00'
[2023-09-12T17:37:52.515+0000] {logging_mixin.py:151} INFO - goodbye world
[2023-09-12T17:37:52.515+0000] {python.py:194} INFO - Done. Returned value was: None
[2023-09-12T17:37:52.536+0000] {taskinstance.py:1400} INFO - Marking task as SUCCESS. dag_id=tasks_relations, task_id=say_bye, execution_date=20230830T000000, start_date=20230912T173751, end_date=20230912T173752
[2023-09-12T17:37:52.599+0000] {local_task_job_runner.py:228} INFO - Task exited with return code 0
[2023-09-12T17:37:52.655+0000] {taskinstance.py:2784} INFO - 2 downstream tasks scheduled from follow-on schedule check
