[2023-09-05T15:30:56.604+0000] {taskinstance.py:1159} INFO - Dependencies all met for dep_context=non-requeueable deps ti=<TaskInstance: tasks_relations.say_bye scheduled__2023-08-07T00:00:00+00:00 [queued]>
[2023-09-05T15:30:56.680+0000] {taskinstance.py:1159} INFO - Dependencies all met for dep_context=requeueable deps ti=<TaskInstance: tasks_relations.say_bye scheduled__2023-08-07T00:00:00+00:00 [queued]>
[2023-09-05T15:30:56.691+0000] {taskinstance.py:1361} INFO - Starting attempt 1 of 1
[2023-09-05T15:30:56.832+0000] {taskinstance.py:1382} INFO - Executing <Task(_PythonDecoratedOperator): say_bye> on 2023-08-07 00:00:00+00:00
[2023-09-05T15:30:56.882+0000] {standard_task_runner.py:57} INFO - Started process 1824 to run task
[2023-09-05T15:30:56.967+0000] {standard_task_runner.py:84} INFO - Running: ['***', 'tasks', 'run', 'tasks_relations', 'say_bye', 'scheduled__2023-08-07T00:00:00+00:00', '--job-id', '831', '--raw', '--subdir', 'DAGS_FOLDER/tasks_relations.py', '--cfg-path', '/tmp/tmpufey4heu']
[2023-09-05T15:30:56.970+0000] {standard_task_runner.py:85} INFO - Job 831: Subtask say_bye
[2023-09-05T15:30:57.517+0000] {task_command.py:415} INFO - Running <TaskInstance: tasks_relations.say_bye scheduled__2023-08-07T00:00:00+00:00 [running]> on host ca474790e981
[2023-09-05T15:30:58.146+0000] {taskinstance.py:1660} INFO - Exporting env vars: AIRFLOW_CTX_DAG_OWNER='***' AIRFLOW_CTX_DAG_ID='tasks_relations' AIRFLOW_CTX_TASK_ID='say_bye' AIRFLOW_CTX_EXECUTION_DATE='2023-08-07T00:00:00+00:00' AIRFLOW_CTX_TRY_NUMBER='1' AIRFLOW_CTX_DAG_RUN_ID='scheduled__2023-08-07T00:00:00+00:00'
[2023-09-05T15:30:58.154+0000] {logging_mixin.py:151} INFO - goodbye world
[2023-09-05T15:30:58.174+0000] {python.py:194} INFO - Done. Returned value was: None
[2023-09-05T15:30:58.266+0000] {taskinstance.py:1400} INFO - Marking task as SUCCESS. dag_id=tasks_relations, task_id=say_bye, execution_date=20230807T000000, start_date=20230905T153056, end_date=20230905T153058
[2023-09-05T15:30:58.479+0000] {local_task_job_runner.py:228} INFO - Task exited with return code 0
[2023-09-05T15:30:58.569+0000] {taskinstance.py:2784} INFO - 0 downstream tasks scheduled from follow-on schedule check
[2023-09-12T17:37:29.486+0000] {taskinstance.py:1159} INFO - Dependencies all met for dep_context=non-requeueable deps ti=<TaskInstance: tasks_relations.say_bye scheduled__2023-08-07T00:00:00+00:00 [queued]>
[2023-09-12T17:37:29.514+0000] {taskinstance.py:1159} INFO - Dependencies all met for dep_context=requeueable deps ti=<TaskInstance: tasks_relations.say_bye scheduled__2023-08-07T00:00:00+00:00 [queued]>
[2023-09-12T17:37:29.516+0000] {taskinstance.py:1361} INFO - Starting attempt 1 of 1
[2023-09-12T17:37:29.555+0000] {taskinstance.py:1382} INFO - Executing <Task(_PythonDecoratedOperator): say_bye> on 2023-08-07 00:00:00+00:00
[2023-09-12T17:37:29.575+0000] {standard_task_runner.py:57} INFO - Started process 3333 to run task
[2023-09-12T17:37:29.596+0000] {standard_task_runner.py:84} INFO - Running: ['***', 'tasks', 'run', 'tasks_relations', 'say_bye', 'scheduled__2023-08-07T00:00:00+00:00', '--job-id', '1587', '--raw', '--subdir', 'DAGS_FOLDER/2_tasks_relations.py', '--cfg-path', '/tmp/tmpwxiorpwt']
[2023-09-12T17:37:29.615+0000] {standard_task_runner.py:85} INFO - Job 1587: Subtask say_bye
[2023-09-12T17:37:29.790+0000] {task_command.py:415} INFO - Running <TaskInstance: tasks_relations.say_bye scheduled__2023-08-07T00:00:00+00:00 [running]> on host 0ab7970e0956
[2023-09-12T17:37:29.958+0000] {taskinstance.py:1660} INFO - Exporting env vars: AIRFLOW_CTX_DAG_OWNER='***' AIRFLOW_CTX_DAG_ID='tasks_relations' AIRFLOW_CTX_TASK_ID='say_bye' AIRFLOW_CTX_EXECUTION_DATE='2023-08-07T00:00:00+00:00' AIRFLOW_CTX_TRY_NUMBER='1' AIRFLOW_CTX_DAG_RUN_ID='scheduled__2023-08-07T00:00:00+00:00'
[2023-09-12T17:37:29.959+0000] {logging_mixin.py:151} INFO - goodbye world
[2023-09-12T17:37:29.960+0000] {python.py:194} INFO - Done. Returned value was: None
[2023-09-12T17:37:29.974+0000] {taskinstance.py:1400} INFO - Marking task as SUCCESS. dag_id=tasks_relations, task_id=say_bye, execution_date=20230807T000000, start_date=20230912T173729, end_date=20230912T173729
[2023-09-12T17:37:30.014+0000] {local_task_job_runner.py:228} INFO - Task exited with return code 0
[2023-09-12T17:37:30.036+0000] {taskinstance.py:2784} INFO - 2 downstream tasks scheduled from follow-on schedule check
