[2023-09-05T15:25:41.718+0000] {taskinstance.py:1159} INFO - Dependencies all met for dep_context=non-requeueable deps ti=<TaskInstance: tasks_relations.say_hello scheduled__2023-03-20T00:00:00+00:00 [queued]>
[2023-09-05T15:25:41.790+0000] {taskinstance.py:1159} INFO - Dependencies all met for dep_context=requeueable deps ti=<TaskInstance: tasks_relations.say_hello scheduled__2023-03-20T00:00:00+00:00 [queued]>
[2023-09-05T15:25:41.809+0000] {taskinstance.py:1361} INFO - Starting attempt 1 of 1
[2023-09-05T15:25:41.912+0000] {taskinstance.py:1382} INFO - Executing <Task(_PythonDecoratedOperator): say_hello> on 2023-03-20 00:00:00+00:00
[2023-09-05T15:25:41.952+0000] {standard_task_runner.py:57} INFO - Started process 582 to run task
[2023-09-05T15:25:42.032+0000] {standard_task_runner.py:84} INFO - Running: ['***', 'tasks', 'run', 'tasks_relations', 'say_hello', 'scheduled__2023-03-20T00:00:00+00:00', '--job-id', '247', '--raw', '--subdir', 'DAGS_FOLDER/tasks_relations.py', '--cfg-path', '/tmp/tmpnq5tgtlo']
[2023-09-05T15:25:42.053+0000] {standard_task_runner.py:85} INFO - Job 247: Subtask say_hello
[2023-09-05T15:25:42.290+0000] {task_command.py:415} INFO - Running <TaskInstance: tasks_relations.say_hello scheduled__2023-03-20T00:00:00+00:00 [running]> on host ca474790e981
[2023-09-05T15:25:42.725+0000] {taskinstance.py:1660} INFO - Exporting env vars: AIRFLOW_CTX_DAG_OWNER='***' AIRFLOW_CTX_DAG_ID='tasks_relations' AIRFLOW_CTX_TASK_ID='say_hello' AIRFLOW_CTX_EXECUTION_DATE='2023-03-20T00:00:00+00:00' AIRFLOW_CTX_TRY_NUMBER='1' AIRFLOW_CTX_DAG_RUN_ID='scheduled__2023-03-20T00:00:00+00:00'
[2023-09-05T15:25:42.731+0000] {logging_mixin.py:151} INFO - hello ***
[2023-09-05T15:25:42.737+0000] {python.py:194} INFO - Done. Returned value was: None
[2023-09-05T15:25:42.821+0000] {taskinstance.py:1400} INFO - Marking task as SUCCESS. dag_id=tasks_relations, task_id=say_hello, execution_date=20230320T000000, start_date=20230905T152541, end_date=20230905T152542
[2023-09-05T15:25:42.933+0000] {local_task_job_runner.py:228} INFO - Task exited with return code 0
[2023-09-05T15:25:43.159+0000] {taskinstance.py:2784} INFO - 1 downstream tasks scheduled from follow-on schedule check
[2023-09-12T17:34:48.867+0000] {taskinstance.py:1159} INFO - Dependencies all met for dep_context=non-requeueable deps ti=<TaskInstance: tasks_relations.say_hello scheduled__2023-03-20T00:00:00+00:00 [queued]>
[2023-09-12T17:34:48.921+0000] {taskinstance.py:1159} INFO - Dependencies all met for dep_context=requeueable deps ti=<TaskInstance: tasks_relations.say_hello scheduled__2023-03-20T00:00:00+00:00 [queued]>
[2023-09-12T17:34:48.933+0000] {taskinstance.py:1361} INFO - Starting attempt 1 of 1
[2023-09-12T17:34:48.991+0000] {taskinstance.py:1382} INFO - Executing <Task(_PythonDecoratedOperator): say_hello> on 2023-03-20 00:00:00+00:00
[2023-09-12T17:34:49.020+0000] {standard_task_runner.py:57} INFO - Started process 1362 to run task
[2023-09-12T17:34:49.052+0000] {standard_task_runner.py:84} INFO - Running: ['***', 'tasks', 'run', 'tasks_relations', 'say_hello', 'scheduled__2023-03-20T00:00:00+00:00', '--job-id', '616', '--raw', '--subdir', 'DAGS_FOLDER/2_tasks_relations.py', '--cfg-path', '/tmp/tmpv8sss046']
[2023-09-12T17:34:49.059+0000] {standard_task_runner.py:85} INFO - Job 616: Subtask say_hello
[2023-09-12T17:34:49.215+0000] {task_command.py:415} INFO - Running <TaskInstance: tasks_relations.say_hello scheduled__2023-03-20T00:00:00+00:00 [running]> on host 0ab7970e0956
[2023-09-12T17:34:49.423+0000] {taskinstance.py:1660} INFO - Exporting env vars: AIRFLOW_CTX_DAG_OWNER='***' AIRFLOW_CTX_DAG_ID='tasks_relations' AIRFLOW_CTX_TASK_ID='say_hello' AIRFLOW_CTX_EXECUTION_DATE='2023-03-20T00:00:00+00:00' AIRFLOW_CTX_TRY_NUMBER='1' AIRFLOW_CTX_DAG_RUN_ID='scheduled__2023-03-20T00:00:00+00:00'
[2023-09-12T17:34:49.426+0000] {logging_mixin.py:151} INFO - hello world
[2023-09-12T17:34:49.430+0000] {python.py:194} INFO - Done. Returned value was: None
[2023-09-12T17:34:49.459+0000] {taskinstance.py:1400} INFO - Marking task as SUCCESS. dag_id=tasks_relations, task_id=say_hello, execution_date=20230320T000000, start_date=20230912T173448, end_date=20230912T173449
[2023-09-12T17:34:49.541+0000] {local_task_job_runner.py:228} INFO - Task exited with return code 0
[2023-09-12T17:34:49.577+0000] {taskinstance.py:2784} INFO - 1 downstream tasks scheduled from follow-on schedule check
