[2023-09-05T15:30:55.989+0000] {taskinstance.py:1159} INFO - Dependencies all met for dep_context=non-requeueable deps ti=<TaskInstance: tasks_relations.say_hello scheduled__2023-08-14T00:00:00+00:00 [queued]>
[2023-09-05T15:30:56.085+0000] {taskinstance.py:1159} INFO - Dependencies all met for dep_context=requeueable deps ti=<TaskInstance: tasks_relations.say_hello scheduled__2023-08-14T00:00:00+00:00 [queued]>
[2023-09-05T15:30:56.087+0000] {taskinstance.py:1361} INFO - Starting attempt 1 of 1
[2023-09-05T15:30:56.217+0000] {taskinstance.py:1382} INFO - Executing <Task(_PythonDecoratedOperator): say_hello> on 2023-08-14 00:00:00+00:00
[2023-09-05T15:30:56.275+0000] {standard_task_runner.py:57} INFO - Started process 1823 to run task
[2023-09-05T15:30:56.339+0000] {standard_task_runner.py:84} INFO - Running: ['***', 'tasks', 'run', 'tasks_relations', 'say_hello', 'scheduled__2023-08-14T00:00:00+00:00', '--job-id', '830', '--raw', '--subdir', 'DAGS_FOLDER/tasks_relations.py', '--cfg-path', '/tmp/tmpg3nkm5ya']
[2023-09-05T15:30:56.378+0000] {standard_task_runner.py:85} INFO - Job 830: Subtask say_hello
[2023-09-05T15:30:57.206+0000] {task_command.py:415} INFO - Running <TaskInstance: tasks_relations.say_hello scheduled__2023-08-14T00:00:00+00:00 [running]> on host ca474790e981
[2023-09-05T15:30:57.837+0000] {taskinstance.py:1660} INFO - Exporting env vars: AIRFLOW_CTX_DAG_OWNER='***' AIRFLOW_CTX_DAG_ID='tasks_relations' AIRFLOW_CTX_TASK_ID='say_hello' AIRFLOW_CTX_EXECUTION_DATE='2023-08-14T00:00:00+00:00' AIRFLOW_CTX_TRY_NUMBER='1' AIRFLOW_CTX_DAG_RUN_ID='scheduled__2023-08-14T00:00:00+00:00'
[2023-09-05T15:30:57.842+0000] {logging_mixin.py:151} INFO - hello world
[2023-09-05T15:30:57.855+0000] {python.py:194} INFO - Done. Returned value was: None
[2023-09-05T15:30:57.932+0000] {taskinstance.py:1400} INFO - Marking task as SUCCESS. dag_id=tasks_relations, task_id=say_hello, execution_date=20230814T000000, start_date=20230905T153056, end_date=20230905T153057
[2023-09-05T15:30:58.152+0000] {local_task_job_runner.py:228} INFO - Task exited with return code 0
[2023-09-05T15:30:58.282+0000] {taskinstance.py:2784} INFO - 0 downstream tasks scheduled from follow-on schedule check
[2023-09-12T17:37:29.909+0000] {taskinstance.py:1159} INFO - Dependencies all met for dep_context=non-requeueable deps ti=<TaskInstance: tasks_relations.say_hello scheduled__2023-08-14T00:00:00+00:00 [queued]>
[2023-09-12T17:37:29.915+0000] {taskinstance.py:1159} INFO - Dependencies all met for dep_context=requeueable deps ti=<TaskInstance: tasks_relations.say_hello scheduled__2023-08-14T00:00:00+00:00 [queued]>
[2023-09-12T17:37:29.919+0000] {taskinstance.py:1361} INFO - Starting attempt 1 of 1
[2023-09-12T17:37:29.934+0000] {taskinstance.py:1382} INFO - Executing <Task(_PythonDecoratedOperator): say_hello> on 2023-08-14 00:00:00+00:00
[2023-09-12T17:37:29.945+0000] {standard_task_runner.py:57} INFO - Started process 3336 to run task
[2023-09-12T17:37:29.956+0000] {standard_task_runner.py:84} INFO - Running: ['***', 'tasks', 'run', 'tasks_relations', 'say_hello', 'scheduled__2023-08-14T00:00:00+00:00', '--job-id', '1591', '--raw', '--subdir', 'DAGS_FOLDER/2_tasks_relations.py', '--cfg-path', '/tmp/tmpemzw689w']
[2023-09-12T17:37:29.961+0000] {standard_task_runner.py:85} INFO - Job 1591: Subtask say_hello
[2023-09-12T17:37:30.014+0000] {task_command.py:415} INFO - Running <TaskInstance: tasks_relations.say_hello scheduled__2023-08-14T00:00:00+00:00 [running]> on host 0ab7970e0956
[2023-09-12T17:37:30.082+0000] {taskinstance.py:1660} INFO - Exporting env vars: AIRFLOW_CTX_DAG_OWNER='***' AIRFLOW_CTX_DAG_ID='tasks_relations' AIRFLOW_CTX_TASK_ID='say_hello' AIRFLOW_CTX_EXECUTION_DATE='2023-08-14T00:00:00+00:00' AIRFLOW_CTX_TRY_NUMBER='1' AIRFLOW_CTX_DAG_RUN_ID='scheduled__2023-08-14T00:00:00+00:00'
[2023-09-12T17:37:30.085+0000] {logging_mixin.py:151} INFO - hello world
[2023-09-12T17:37:30.086+0000] {python.py:194} INFO - Done. Returned value was: None
[2023-09-12T17:37:30.093+0000] {taskinstance.py:1400} INFO - Marking task as SUCCESS. dag_id=tasks_relations, task_id=say_hello, execution_date=20230814T000000, start_date=20230912T173729, end_date=20230912T173730
[2023-09-12T17:37:30.127+0000] {local_task_job_runner.py:228} INFO - Task exited with return code 0
[2023-09-12T17:37:30.155+0000] {taskinstance.py:2784} INFO - 1 downstream tasks scheduled from follow-on schedule check
