[2023-09-05T15:29:07.439+0000] {taskinstance.py:1159} INFO - Dependencies all met for dep_context=non-requeueable deps ti=<TaskInstance: tasks_relations.this_way scheduled__2023-06-11T00:00:00+00:00 [queued]>
[2023-09-05T15:29:07.456+0000] {taskinstance.py:1159} INFO - Dependencies all met for dep_context=requeueable deps ti=<TaskInstance: tasks_relations.this_way scheduled__2023-06-11T00:00:00+00:00 [queued]>
[2023-09-05T15:29:07.477+0000] {taskinstance.py:1361} INFO - Starting attempt 1 of 1
[2023-09-05T15:29:07.520+0000] {taskinstance.py:1382} INFO - Executing <Task(_PythonDecoratedOperator): this_way> on 2023-06-11 00:00:00+00:00
[2023-09-05T15:29:07.659+0000] {standard_task_runner.py:57} INFO - Started process 1231 to run task
[2023-09-05T15:29:07.759+0000] {standard_task_runner.py:84} INFO - Running: ['***', 'tasks', 'run', 'tasks_relations', 'this_way', 'scheduled__2023-06-11T00:00:00+00:00', '--job-id', '548', '--raw', '--subdir', 'DAGS_FOLDER/tasks_relations.py', '--cfg-path', '/tmp/tmp_kptj36_']
[2023-09-05T15:29:07.817+0000] {standard_task_runner.py:85} INFO - Job 548: Subtask this_way
[2023-09-05T15:29:08.363+0000] {task_command.py:415} INFO - Running <TaskInstance: tasks_relations.this_way scheduled__2023-06-11T00:00:00+00:00 [running]> on host ca474790e981
[2023-09-05T15:29:09.143+0000] {taskinstance.py:1660} INFO - Exporting env vars: AIRFLOW_CTX_DAG_OWNER='***' AIRFLOW_CTX_DAG_ID='tasks_relations' AIRFLOW_CTX_TASK_ID='this_way' AIRFLOW_CTX_EXECUTION_DATE='2023-06-11T00:00:00+00:00' AIRFLOW_CTX_TRY_NUMBER='1' AIRFLOW_CTX_DAG_RUN_ID='scheduled__2023-06-11T00:00:00+00:00'
[2023-09-05T15:29:09.146+0000] {logging_mixin.py:151} INFO - THIS WAY!!!
[2023-09-05T15:29:09.151+0000] {python.py:194} INFO - Done. Returned value was: None
[2023-09-05T15:29:09.210+0000] {taskinstance.py:1400} INFO - Marking task as SUCCESS. dag_id=tasks_relations, task_id=this_way, execution_date=20230611T000000, start_date=20230905T152907, end_date=20230905T152909
[2023-09-05T15:29:09.360+0000] {local_task_job_runner.py:228} INFO - Task exited with return code 0
[2023-09-05T15:29:09.405+0000] {taskinstance.py:2784} INFO - 0 downstream tasks scheduled from follow-on schedule check
[2023-09-12T17:36:21.420+0000] {taskinstance.py:1159} INFO - Dependencies all met for dep_context=non-requeueable deps ti=<TaskInstance: tasks_relations.this_way scheduled__2023-06-11T00:00:00+00:00 [queued]>
[2023-09-12T17:36:21.457+0000] {taskinstance.py:1159} INFO - Dependencies all met for dep_context=requeueable deps ti=<TaskInstance: tasks_relations.this_way scheduled__2023-06-11T00:00:00+00:00 [queued]>
[2023-09-12T17:36:21.475+0000] {taskinstance.py:1361} INFO - Starting attempt 1 of 1
[2023-09-12T17:36:21.528+0000] {taskinstance.py:1382} INFO - Executing <Task(_PythonDecoratedOperator): this_way> on 2023-06-11 00:00:00+00:00
[2023-09-12T17:36:21.602+0000] {standard_task_runner.py:57} INFO - Started process 2586 to run task
[2023-09-12T17:36:21.647+0000] {standard_task_runner.py:84} INFO - Running: ['***', 'tasks', 'run', 'tasks_relations', 'this_way', 'scheduled__2023-06-11T00:00:00+00:00', '--job-id', '1218', '--raw', '--subdir', 'DAGS_FOLDER/2_tasks_relations.py', '--cfg-path', '/tmp/tmps3u7hctp']
[2023-09-12T17:36:21.662+0000] {standard_task_runner.py:85} INFO - Job 1218: Subtask this_way
[2023-09-12T17:36:21.907+0000] {task_command.py:415} INFO - Running <TaskInstance: tasks_relations.this_way scheduled__2023-06-11T00:00:00+00:00 [running]> on host 0ab7970e0956
[2023-09-12T17:36:22.256+0000] {taskinstance.py:1660} INFO - Exporting env vars: AIRFLOW_CTX_DAG_OWNER='***' AIRFLOW_CTX_DAG_ID='tasks_relations' AIRFLOW_CTX_TASK_ID='this_way' AIRFLOW_CTX_EXECUTION_DATE='2023-06-11T00:00:00+00:00' AIRFLOW_CTX_TRY_NUMBER='1' AIRFLOW_CTX_DAG_RUN_ID='scheduled__2023-06-11T00:00:00+00:00'
[2023-09-12T17:36:22.257+0000] {logging_mixin.py:151} INFO - THIS WAY!!!
[2023-09-12T17:36:22.257+0000] {python.py:194} INFO - Done. Returned value was: None
[2023-09-12T17:36:22.274+0000] {taskinstance.py:1400} INFO - Marking task as SUCCESS. dag_id=tasks_relations, task_id=this_way, execution_date=20230611T000000, start_date=20230912T173621, end_date=20230912T173622
[2023-09-12T17:36:22.373+0000] {local_task_job_runner.py:228} INFO - Task exited with return code 0
[2023-09-12T17:36:22.430+0000] {taskinstance.py:2784} INFO - 0 downstream tasks scheduled from follow-on schedule check
