[2023-09-05T15:30:01.354+0000] {taskinstance.py:1159} INFO - Dependencies all met for dep_context=non-requeueable deps ti=<TaskInstance: tasks_relations.say_hello scheduled__2023-07-14T00:00:00+00:00 [queued]>
[2023-09-05T15:30:01.428+0000] {taskinstance.py:1159} INFO - Dependencies all met for dep_context=requeueable deps ti=<TaskInstance: tasks_relations.say_hello scheduled__2023-07-14T00:00:00+00:00 [queued]>
[2023-09-05T15:30:01.433+0000] {taskinstance.py:1361} INFO - Starting attempt 1 of 1
[2023-09-05T15:30:01.550+0000] {taskinstance.py:1382} INFO - Executing <Task(_PythonDecoratedOperator): say_hello> on 2023-07-14 00:00:00+00:00
[2023-09-05T15:30:01.581+0000] {standard_task_runner.py:57} INFO - Started process 1496 to run task
[2023-09-05T15:30:01.621+0000] {standard_task_runner.py:84} INFO - Running: ['***', 'tasks', 'run', 'tasks_relations', 'say_hello', 'scheduled__2023-07-14T00:00:00+00:00', '--job-id', '675', '--raw', '--subdir', 'DAGS_FOLDER/tasks_relations.py', '--cfg-path', '/tmp/tmpg5yqkl2p']
[2023-09-05T15:30:01.626+0000] {standard_task_runner.py:85} INFO - Job 675: Subtask say_hello
[2023-09-05T15:30:02.026+0000] {task_command.py:415} INFO - Running <TaskInstance: tasks_relations.say_hello scheduled__2023-07-14T00:00:00+00:00 [running]> on host ca474790e981
[2023-09-05T15:30:02.450+0000] {taskinstance.py:1660} INFO - Exporting env vars: AIRFLOW_CTX_DAG_OWNER='***' AIRFLOW_CTX_DAG_ID='tasks_relations' AIRFLOW_CTX_TASK_ID='say_hello' AIRFLOW_CTX_EXECUTION_DATE='2023-07-14T00:00:00+00:00' AIRFLOW_CTX_TRY_NUMBER='1' AIRFLOW_CTX_DAG_RUN_ID='scheduled__2023-07-14T00:00:00+00:00'
[2023-09-05T15:30:02.452+0000] {logging_mixin.py:151} INFO - hello world
[2023-09-05T15:30:02.453+0000] {python.py:194} INFO - Done. Returned value was: None
[2023-09-05T15:30:02.491+0000] {taskinstance.py:1400} INFO - Marking task as SUCCESS. dag_id=tasks_relations, task_id=say_hello, execution_date=20230714T000000, start_date=20230905T153001, end_date=20230905T153002
[2023-09-05T15:30:02.660+0000] {local_task_job_runner.py:228} INFO - Task exited with return code 0
[2023-09-05T15:30:02.742+0000] {taskinstance.py:2784} INFO - 1 downstream tasks scheduled from follow-on schedule check
[2023-09-12T17:37:03.624+0000] {taskinstance.py:1159} INFO - Dependencies all met for dep_context=non-requeueable deps ti=<TaskInstance: tasks_relations.say_hello scheduled__2023-07-14T00:00:00+00:00 [queued]>
[2023-09-12T17:37:03.630+0000] {taskinstance.py:1159} INFO - Dependencies all met for dep_context=requeueable deps ti=<TaskInstance: tasks_relations.say_hello scheduled__2023-07-14T00:00:00+00:00 [queued]>
[2023-09-12T17:37:03.631+0000] {taskinstance.py:1361} INFO - Starting attempt 1 of 1
[2023-09-12T17:37:03.645+0000] {taskinstance.py:1382} INFO - Executing <Task(_PythonDecoratedOperator): say_hello> on 2023-07-14 00:00:00+00:00
[2023-09-12T17:37:03.649+0000] {standard_task_runner.py:57} INFO - Started process 3022 to run task
[2023-09-12T17:37:03.655+0000] {standard_task_runner.py:84} INFO - Running: ['***', 'tasks', 'run', 'tasks_relations', 'say_hello', 'scheduled__2023-07-14T00:00:00+00:00', '--job-id', '1437', '--raw', '--subdir', 'DAGS_FOLDER/2_tasks_relations.py', '--cfg-path', '/tmp/tmpfrr9wnn2']
[2023-09-12T17:37:03.657+0000] {standard_task_runner.py:85} INFO - Job 1437: Subtask say_hello
[2023-09-12T17:37:03.752+0000] {task_command.py:415} INFO - Running <TaskInstance: tasks_relations.say_hello scheduled__2023-07-14T00:00:00+00:00 [running]> on host 0ab7970e0956
[2023-09-12T17:37:03.859+0000] {taskinstance.py:1660} INFO - Exporting env vars: AIRFLOW_CTX_DAG_OWNER='***' AIRFLOW_CTX_DAG_ID='tasks_relations' AIRFLOW_CTX_TASK_ID='say_hello' AIRFLOW_CTX_EXECUTION_DATE='2023-07-14T00:00:00+00:00' AIRFLOW_CTX_TRY_NUMBER='1' AIRFLOW_CTX_DAG_RUN_ID='scheduled__2023-07-14T00:00:00+00:00'
[2023-09-12T17:37:03.863+0000] {logging_mixin.py:151} INFO - hello world
[2023-09-12T17:37:03.864+0000] {python.py:194} INFO - Done. Returned value was: None
[2023-09-12T17:37:03.889+0000] {taskinstance.py:1400} INFO - Marking task as SUCCESS. dag_id=tasks_relations, task_id=say_hello, execution_date=20230714T000000, start_date=20230912T173703, end_date=20230912T173703
[2023-09-12T17:37:03.953+0000] {local_task_job_runner.py:228} INFO - Task exited with return code 0
[2023-09-12T17:37:03.978+0000] {taskinstance.py:2784} INFO - 0 downstream tasks scheduled from follow-on schedule check
