[2023-09-05T15:31:16.902+0000] {taskinstance.py:1159} INFO - Dependencies all met for dep_context=non-requeueable deps ti=<TaskInstance: tasks_relations.say_hello scheduled__2023-08-21T00:00:00+00:00 [queued]>
[2023-09-05T15:31:16.950+0000] {taskinstance.py:1159} INFO - Dependencies all met for dep_context=requeueable deps ti=<TaskInstance: tasks_relations.say_hello scheduled__2023-08-21T00:00:00+00:00 [queued]>
[2023-09-05T15:31:16.952+0000] {taskinstance.py:1361} INFO - Starting attempt 1 of 1
[2023-09-05T15:31:17.150+0000] {taskinstance.py:1382} INFO - Executing <Task(_PythonDecoratedOperator): say_hello> on 2023-08-21 00:00:00+00:00
[2023-09-05T15:31:17.162+0000] {standard_task_runner.py:57} INFO - Started process 1939 to run task
[2023-09-05T15:31:17.256+0000] {standard_task_runner.py:84} INFO - Running: ['***', 'tasks', 'run', 'tasks_relations', 'say_hello', 'scheduled__2023-08-21T00:00:00+00:00', '--job-id', '889', '--raw', '--subdir', 'DAGS_FOLDER/tasks_relations.py', '--cfg-path', '/tmp/tmp0p9hl2to']
[2023-09-05T15:31:17.264+0000] {standard_task_runner.py:85} INFO - Job 889: Subtask say_hello
[2023-09-05T15:31:17.795+0000] {task_command.py:415} INFO - Running <TaskInstance: tasks_relations.say_hello scheduled__2023-08-21T00:00:00+00:00 [running]> on host ca474790e981
[2023-09-05T15:31:18.175+0000] {taskinstance.py:1660} INFO - Exporting env vars: AIRFLOW_CTX_DAG_OWNER='***' AIRFLOW_CTX_DAG_ID='tasks_relations' AIRFLOW_CTX_TASK_ID='say_hello' AIRFLOW_CTX_EXECUTION_DATE='2023-08-21T00:00:00+00:00' AIRFLOW_CTX_TRY_NUMBER='1' AIRFLOW_CTX_DAG_RUN_ID='scheduled__2023-08-21T00:00:00+00:00'
[2023-09-05T15:31:18.178+0000] {logging_mixin.py:151} INFO - hello world
[2023-09-05T15:31:18.179+0000] {python.py:194} INFO - Done. Returned value was: None
[2023-09-05T15:31:18.242+0000] {taskinstance.py:1400} INFO - Marking task as SUCCESS. dag_id=tasks_relations, task_id=say_hello, execution_date=20230821T000000, start_date=20230905T153116, end_date=20230905T153118
[2023-09-05T15:31:18.324+0000] {local_task_job_runner.py:228} INFO - Task exited with return code 0
[2023-09-05T15:31:18.448+0000] {taskinstance.py:2784} INFO - 1 downstream tasks scheduled from follow-on schedule check
[2023-09-12T17:37:45.140+0000] {taskinstance.py:1159} INFO - Dependencies all met for dep_context=non-requeueable deps ti=<TaskInstance: tasks_relations.say_hello scheduled__2023-08-21T00:00:00+00:00 [queued]>
[2023-09-12T17:37:45.156+0000] {taskinstance.py:1159} INFO - Dependencies all met for dep_context=requeueable deps ti=<TaskInstance: tasks_relations.say_hello scheduled__2023-08-21T00:00:00+00:00 [queued]>
[2023-09-12T17:37:45.159+0000] {taskinstance.py:1361} INFO - Starting attempt 1 of 1
[2023-09-12T17:37:45.224+0000] {taskinstance.py:1382} INFO - Executing <Task(_PythonDecoratedOperator): say_hello> on 2023-08-21 00:00:00+00:00
[2023-09-12T17:37:45.235+0000] {standard_task_runner.py:57} INFO - Started process 3493 to run task
[2023-09-12T17:37:45.263+0000] {standard_task_runner.py:84} INFO - Running: ['***', 'tasks', 'run', 'tasks_relations', 'say_hello', 'scheduled__2023-08-21T00:00:00+00:00', '--job-id', '1667', '--raw', '--subdir', 'DAGS_FOLDER/2_tasks_relations.py', '--cfg-path', '/tmp/tmpwqqd4bby']
[2023-09-12T17:37:45.277+0000] {standard_task_runner.py:85} INFO - Job 1667: Subtask say_hello
[2023-09-12T17:37:45.449+0000] {task_command.py:415} INFO - Running <TaskInstance: tasks_relations.say_hello scheduled__2023-08-21T00:00:00+00:00 [running]> on host 0ab7970e0956
[2023-09-12T17:37:45.655+0000] {taskinstance.py:1660} INFO - Exporting env vars: AIRFLOW_CTX_DAG_OWNER='***' AIRFLOW_CTX_DAG_ID='tasks_relations' AIRFLOW_CTX_TASK_ID='say_hello' AIRFLOW_CTX_EXECUTION_DATE='2023-08-21T00:00:00+00:00' AIRFLOW_CTX_TRY_NUMBER='1' AIRFLOW_CTX_DAG_RUN_ID='scheduled__2023-08-21T00:00:00+00:00'
[2023-09-12T17:37:45.658+0000] {logging_mixin.py:151} INFO - hello world
[2023-09-12T17:37:45.659+0000] {python.py:194} INFO - Done. Returned value was: None
[2023-09-12T17:37:45.709+0000] {taskinstance.py:1400} INFO - Marking task as SUCCESS. dag_id=tasks_relations, task_id=say_hello, execution_date=20230821T000000, start_date=20230912T173745, end_date=20230912T173745
[2023-09-12T17:37:45.793+0000] {local_task_job_runner.py:228} INFO - Task exited with return code 0
[2023-09-12T17:37:45.840+0000] {taskinstance.py:2784} INFO - 1 downstream tasks scheduled from follow-on schedule check
